<?xml version="1.0" encoding="UTF-8"?>
<testsuite xmlns:xsi="http://www.w3.org/2001/XMLSchema-instance" xsi:noNamespaceSchemaLocation="https://maven.apache.org/surefire/maven-surefire-plugin/xsd/surefire-test-report-3.0.xsd" version="3.0" name="API.APITest" time="20.116" tests="7" errors="1" skipped="0" failures="1">
  <properties>
    <property name="java.specification.version" value="21"/>
    <property name="webdriver.chrome.driver" value="/Users/ghghost/.cache/selenium/chromedriver/mac-arm64/120.0.6099.109/chromedriver"/>
    <property name="sun.jnu.encoding" value="UTF-8"/>
    <property name="java.class.path" value="/Users/ghghost/IdeaProjects/citysoft_terminal_selenium/target/test-classes:/Users/ghghost/IdeaProjects/citysoft_terminal_selenium/target/classes:/Users/ghghost/.m2/repository/org/junit/jupiter/junit-jupiter/5.6.2/junit-jupiter-5.6.2.jar:/Users/ghghost/.m2/repository/org/junit/jupiter/junit-jupiter-api/5.6.2/junit-jupiter-api-5.6.2.jar:/Users/ghghost/.m2/repository/org/opentest4j/opentest4j/1.2.0/opentest4j-1.2.0.jar:/Users/ghghost/.m2/repository/org/junit/jupiter/junit-jupiter-params/5.6.2/junit-jupiter-params-5.6.2.jar:/Users/ghghost/.m2/repository/org/junit/jupiter/junit-jupiter-engine/5.6.2/junit-jupiter-engine-5.6.2.jar:/Users/ghghost/.m2/repository/joda-time/joda-time/2.12.5/joda-time-2.12.5.jar:/Users/ghghost/.m2/repository/org/seleniumhq/selenium/selenium-java/3.141.59/selenium-java-3.141.59.jar:/Users/ghghost/.m2/repository/org/seleniumhq/selenium/selenium-api/3.141.59/selenium-api-3.141.59.jar:/Users/ghghost/.m2/repository/org/seleniumhq/selenium/selenium-chrome-driver/3.141.59/selenium-chrome-driver-3.141.59.jar:/Users/ghghost/.m2/repository/org/seleniumhq/selenium/selenium-edge-driver/3.141.59/selenium-edge-driver-3.141.59.jar:/Users/ghghost/.m2/repository/org/seleniumhq/selenium/selenium-firefox-driver/3.141.59/selenium-firefox-driver-3.141.59.jar:/Users/ghghost/.m2/repository/org/seleniumhq/selenium/selenium-ie-driver/3.141.59/selenium-ie-driver-3.141.59.jar:/Users/ghghost/.m2/repository/org/seleniumhq/selenium/selenium-remote-driver/3.141.59/selenium-remote-driver-3.141.59.jar:/Users/ghghost/.m2/repository/org/seleniumhq/selenium/selenium-safari-driver/3.141.59/selenium-safari-driver-3.141.59.jar:/Users/ghghost/.m2/repository/org/seleniumhq/selenium/selenium-support/3.141.59/selenium-support-3.141.59.jar:/Users/ghghost/.m2/repository/net/bytebuddy/byte-buddy/1.8.15/byte-buddy-1.8.15.jar:/Users/ghghost/.m2/repository/org/apache/commons/commons-exec/1.3/commons-exec-1.3.jar:/Users/ghghost/.m2/repository/com/google/guava/guava/25.0-jre/guava-25.0-jre.jar:/Users/ghghost/.m2/repository/org/checkerframework/checker-compat-qual/2.0.0/checker-compat-qual-2.0.0.jar:/Users/ghghost/.m2/repository/com/google/errorprone/error_prone_annotations/2.1.3/error_prone_annotations-2.1.3.jar:/Users/ghghost/.m2/repository/com/google/j2objc/j2objc-annotations/1.1/j2objc-annotations-1.1.jar:/Users/ghghost/.m2/repository/org/codehaus/mojo/animal-sniffer-annotations/1.14/animal-sniffer-annotations-1.14.jar:/Users/ghghost/.m2/repository/com/squareup/okhttp3/okhttp/3.11.0/okhttp-3.11.0.jar:/Users/ghghost/.m2/repository/com/squareup/okio/okio/1.14.0/okio-1.14.0.jar:/Users/ghghost/.m2/repository/org/apache/logging/log4j/log4j-core/2.18.0/log4j-core-2.18.0.jar:/Users/ghghost/.m2/repository/org/apache/logging/log4j/log4j-api/2.18.0/log4j-api-2.18.0.jar:/Users/ghghost/.m2/repository/org/apache/logging/log4j/log4j-slf4j-impl/2.18.0/log4j-slf4j-impl-2.18.0.jar:/Users/ghghost/.m2/repository/org/slf4j/slf4j-api/1.7.25/slf4j-api-1.7.25.jar:/Users/ghghost/.m2/repository/io/github/bonigarcia/webdrivermanager/5.5.3/webdrivermanager-5.5.3.jar:/Users/ghghost/.m2/repository/com/google/code/gson/gson/2.10.1/gson-2.10.1.jar:/Users/ghghost/.m2/repository/com/github/docker-java/docker-java/3.3.3/docker-java-3.3.3.jar:/Users/ghghost/.m2/repository/com/github/docker-java/docker-java-core/3.3.3/docker-java-core-3.3.3.jar:/Users/ghghost/.m2/repository/com/github/docker-java/docker-java-api/3.3.3/docker-java-api-3.3.3.jar:/Users/ghghost/.m2/repository/com/fasterxml/jackson/core/jackson-annotations/2.10.3/jackson-annotations-2.10.3.jar:/Users/ghghost/.m2/repository/org/apache/commons/commons-compress/1.21/commons-compress-1.21.jar:/Users/ghghost/.m2/repository/com/fasterxml/jackson/core/jackson-databind/2.10.3/jackson-databind-2.10.3.jar:/Users/ghghost/.m2/repository/com/fasterxml/jackson/core/jackson-core/2.10.3/jackson-core-2.10.3.jar:/Users/ghghost/.m2/repository/org/bouncycastle/bcpkix-jdk18on/1.75/bcpkix-jdk18on-1.75.jar:/Users/ghghost/.m2/repository/org/bouncycastle/bcprov-jdk18on/1.75/bcprov-jdk18on-1.75.jar:/Users/ghghost/.m2/repository/org/bouncycastle/bcutil-jdk18on/1.75/bcutil-jdk18on-1.75.jar:/Users/ghghost/.m2/repository/org/slf4j/jcl-over-slf4j/1.7.30/jcl-over-slf4j-1.7.30.jar:/Users/ghghost/.m2/repository/com/github/docker-java/docker-java-transport-httpclient5/3.3.3/docker-java-transport-httpclient5-3.3.3.jar:/Users/ghghost/.m2/repository/com/github/docker-java/docker-java-transport/3.3.3/docker-java-transport-3.3.3.jar:/Users/ghghost/.m2/repository/net/java/dev/jna/jna/5.12.1/jna-5.12.1.jar:/Users/ghghost/.m2/repository/org/brotli/dec/0.1.2/dec-0.1.2.jar:/Users/ghghost/.m2/repository/org/apache/commons/commons-lang3/3.13.0/commons-lang3-3.13.0.jar:/Users/ghghost/.m2/repository/org/apache/httpcomponents/client5/httpclient5/5.2.1/httpclient5-5.2.1.jar:/Users/ghghost/.m2/repository/org/apache/httpcomponents/core5/httpcore5/5.2/httpcore5-5.2.jar:/Users/ghghost/.m2/repository/org/apache/httpcomponents/core5/httpcore5-h2/5.2/httpcore5-h2-5.2.jar:/Users/ghghost/.m2/repository/org/junit/vintage/junit-vintage-engine/5.7.2/junit-vintage-engine-5.7.2.jar:/Users/ghghost/.m2/repository/org/apiguardian/apiguardian-api/1.1.0/apiguardian-api-1.1.0.jar:/Users/ghghost/.m2/repository/org/junit/platform/junit-platform-engine/1.7.2/junit-platform-engine-1.7.2.jar:/Users/ghghost/.m2/repository/junit/junit/4.13/junit-4.13.jar:/Users/ghghost/.m2/repository/org/hamcrest/hamcrest-core/1.3/hamcrest-core-1.3.jar:/Users/ghghost/.m2/repository/io/qameta/allure/allure-junit5/2.17.0/allure-junit5-2.17.0.jar:/Users/ghghost/.m2/repository/io/qameta/allure/allure-junit-platform/2.17.0/allure-junit-platform-2.17.0.jar:/Users/ghghost/.m2/repository/io/qameta/allure/allure-test-filter/2.17.0/allure-test-filter-2.17.0.jar:/Users/ghghost/.m2/repository/org/junit/platform/junit-platform-launcher/1.8.2/junit-platform-launcher-1.8.2.jar:/Users/ghghost/.m2/repository/io/qameta/allure/allure-java-commons/2.17.0/allure-java-commons-2.17.0.jar:/Users/ghghost/.m2/repository/io/qameta/allure/allure-model/2.17.0/allure-model-2.17.0.jar:/Users/ghghost/.m2/repository/io/qameta/allure/allure-rest-assured/2.17.0/allure-rest-assured-2.17.0.jar:/Users/ghghost/.m2/repository/io/qameta/allure/allure-attachments/2.17.0/allure-attachments-2.17.0.jar:/Users/ghghost/.m2/repository/org/freemarker/freemarker/2.3.31/freemarker-2.3.31.jar:/Users/ghghost/.m2/repository/io/rest-assured/rest-assured/5.1.0/rest-assured-5.1.0.jar:/Users/ghghost/.m2/repository/org/apache/groovy/groovy/4.0.1/groovy-4.0.1.jar:/Users/ghghost/.m2/repository/org/apache/groovy/groovy-xml/4.0.1/groovy-xml-4.0.1.jar:/Users/ghghost/.m2/repository/org/apache/httpcomponents/httpclient/4.5.13/httpclient-4.5.13.jar:/Users/ghghost/.m2/repository/org/apache/httpcomponents/httpcore/4.4.13/httpcore-4.4.13.jar:/Users/ghghost/.m2/repository/commons-logging/commons-logging/1.2/commons-logging-1.2.jar:/Users/ghghost/.m2/repository/commons-codec/commons-codec/1.11/commons-codec-1.11.jar:/Users/ghghost/.m2/repository/org/apache/httpcomponents/httpmime/4.5.13/httpmime-4.5.13.jar:/Users/ghghost/.m2/repository/org/ccil/cowan/tagsoup/tagsoup/1.2.1/tagsoup-1.2.1.jar:/Users/ghghost/.m2/repository/io/rest-assured/json-path/5.1.0/json-path-5.1.0.jar:/Users/ghghost/.m2/repository/org/apache/groovy/groovy-json/4.0.1/groovy-json-4.0.1.jar:/Users/ghghost/.m2/repository/io/rest-assured/rest-assured-common/5.1.0/rest-assured-common-5.1.0.jar:/Users/ghghost/.m2/repository/io/rest-assured/xml-path/5.1.0/xml-path-5.1.0.jar:/Users/ghghost/.m2/repository/org/apache/maven/maven-plugin-api/3.6.3/maven-plugin-api-3.6.3.jar:/Users/ghghost/.m2/repository/org/apache/maven/maven-model/3.6.3/maven-model-3.6.3.jar:/Users/ghghost/.m2/repository/org/apache/maven/maven-artifact/3.6.3/maven-artifact-3.6.3.jar:/Users/ghghost/.m2/repository/org/eclipse/sisu/org.eclipse.sisu.plexus/0.3.4/org.eclipse.sisu.plexus-0.3.4.jar:/Users/ghghost/.m2/repository/javax/enterprise/cdi-api/1.0/cdi-api-1.0.jar:/Users/ghghost/.m2/repository/javax/annotation/jsr250-api/1.0/jsr250-api-1.0.jar:/Users/ghghost/.m2/repository/javax/inject/javax.inject/1/javax.inject-1.jar:/Users/ghghost/.m2/repository/org/eclipse/sisu/org.eclipse.sisu.inject/0.3.4/org.eclipse.sisu.inject-0.3.4.jar:/Users/ghghost/.m2/repository/org/codehaus/plexus/plexus-component-annotations/1.5.5/plexus-component-annotations-1.5.5.jar:/Users/ghghost/.m2/repository/org/codehaus/plexus/plexus-utils/3.2.1/plexus-utils-3.2.1.jar:/Users/ghghost/.m2/repository/org/codehaus/plexus/plexus-classworlds/2.6.0/plexus-classworlds-2.6.0.jar:/Users/ghghost/.m2/repository/org/json/json/20220924/json-20220924.jar:/Users/ghghost/.m2/repository/org/junit/platform/junit-platform-commons/1.8.0-M1/junit-platform-commons-1.8.0-M1.jar:/Users/ghghost/.m2/repository/org/slf4j/slf4j-simple/1.7.30/slf4j-simple-1.7.30.jar:/Users/ghghost/.m2/repository/org/postgresql/postgresql/42.2.18/postgresql-42.2.18.jar:/Users/ghghost/.m2/repository/org/checkerframework/checker-qual/3.5.0/checker-qual-3.5.0.jar:/Users/ghghost/.m2/repository/com/github/javafaker/javafaker/0.15/javafaker-0.15.jar:/Users/ghghost/.m2/repository/org/yaml/snakeyaml/1.20/snakeyaml-1.20-android.jar:/Users/ghghost/.m2/repository/com/github/mifmif/generex/1.0.2/generex-1.0.2.jar:/Users/ghghost/.m2/repository/dk/brics/automaton/automaton/1.11-8/automaton-1.11-8.jar:/Users/ghghost/.m2/repository/commons-io/commons-io/2.6/commons-io-2.6.jar:/Users/ghghost/.m2/repository/org/testng/testng/7.5/testng-7.5.jar:/Users/ghghost/.m2/repository/com/google/code/findbugs/jsr305/3.0.1/jsr305-3.0.1.jar:/Users/ghghost/.m2/repository/com/beust/jcommander/1.78/jcommander-1.78.jar:/Users/ghghost/.m2/repository/org/webjars/jquery/3.5.1/jquery-3.5.1.jar:/Users/ghghost/.m2/repository/org/assertj/assertj-core/3.19.0/assertj-core-3.19.0.jar:/Users/ghghost/.m2/repository/xerces/xercesImpl/2.8.1/xercesImpl-2.8.1.jar:/Users/ghghost/.m2/repository/xml-apis/xml-apis/1.3.03/xml-apis-1.3.03.jar:/Users/ghghost/.m2/repository/org/hamcrest/hamcrest/2.2/hamcrest-2.2.jar:/Users/ghghost/.m2/repository/org/seleniumhq/selenium/selenium-devtools/4.0.0-rc-1/selenium-devtools-4.0.0-rc-1.jar:/Users/ghghost/.m2/repository/com/google/auto/service/auto-service-annotations/1.0/auto-service-annotations-1.0.jar:/Users/ghghost/.m2/repository/com/google/auto/service/auto-service/1.0/auto-service-1.0.jar:/Users/ghghost/.m2/repository/com/google/auto/auto-common/1.0/auto-common-1.0.jar:/Users/ghghost/.m2/repository/org/seleniumhq/selenium/selenium-json/4.0.0-rc-1/selenium-json-4.0.0-rc-1.jar:/Users/ghghost/.m2/repository/org/projectlombok/lombok/1.18.30/lombok-1.18.30.jar:/Users/ghghost/.m2/repository/org/awaitility/awaitility/4.2.0/awaitility-4.2.0.jar:/Users/ghghost/.m2/repository/com/codeborne/selenide/7.0.2/selenide-7.0.2.jar:/Users/ghghost/.m2/repository/com/codeborne/selenide-core/7.0.2/selenide-core-7.0.2.jar:/Users/ghghost/.m2/repository/org/seleniumhq/selenium/selenium-opera-driver/4.4.0/selenium-opera-driver-4.4.0.jar:/Users/ghghost/.m2/repository/ru/qatools/commons/properties/2.0.RC6/properties-2.0.RC6.jar:/Users/ghghost/.m2/repository/ru/yandex/qatools/allure/allure-junit-adaptor/1.5.2/allure-junit-adaptor-1.5.2.jar:/Users/ghghost/.m2/repository/ru/yandex/qatools/allure/allure-java-aspects/1.5.2/allure-java-aspects-1.5.2.jar:/Users/ghghost/.m2/repository/ru/yandex/qatools/allure/allure-java-adaptor-api/1.5.2/allure-java-adaptor-api-1.5.2.jar:/Users/ghghost/.m2/repository/ru/yandex/qatools/allure/allure-java-annotations/1.5.2/allure-java-annotations-1.5.2.jar:/Users/ghghost/.m2/repository/ru/yandex/qatools/allure/allure-model/1.5.2/allure-model-1.5.2.jar:/Users/ghghost/.m2/repository/org/jvnet/jaxb2_commons/jaxb2-basics-runtime/0.9.3/jaxb2-basics-runtime-0.9.3.jar:/Users/ghghost/.m2/repository/org/apache/tika/tika-core/1.7/tika-core-1.7.jar:/Users/ghghost/.m2/repository/org/aspectj/aspectjrt/1.8.3/aspectjrt-1.8.3.jar:"/>
    <property name="java.vm.vendor" value="Homebrew"/>
    <property name="sun.arch.data.model" value="64"/>
    <property name="java.vendor.url" value="https://github.com/Homebrew/homebrew-core/issues"/>
    <property name="user.timezone" value="Europe/Moscow"/>
    <property name="os.name" value="Mac OS X"/>
    <property name="java.vm.specification.version" value="21"/>
    <property name="sun.java.launcher" value="SUN_STANDARD"/>
    <property name="user.country" value="BR"/>
    <property name="sun.boot.library.path" value="/opt/homebrew/Cellar/openjdk/21/libexec/openjdk.jdk/Contents/Home/lib"/>
    <property name="sun.java.command" value="/Users/ghghost/IdeaProjects/citysoft_terminal_selenium/target/surefire/surefirebooter2785691986039153566.jar /Users/ghghost/IdeaProjects/citysoft_terminal_selenium/target/surefire 2023-12-25T19-48-28_549-jvmRun1 surefire12304013557259905328tmp surefire_018351745172992396475tmp"/>
    <property name="http.nonProxyHosts" value="local|*.local|169.254/16|*.169.254/16"/>
    <property name="jdk.debug" value="release"/>
    <property name="surefire.test.class.path" value="/Users/ghghost/IdeaProjects/citysoft_terminal_selenium/target/test-classes:/Users/ghghost/IdeaProjects/citysoft_terminal_selenium/target/classes:/Users/ghghost/.m2/repository/org/junit/jupiter/junit-jupiter/5.6.2/junit-jupiter-5.6.2.jar:/Users/ghghost/.m2/repository/org/junit/jupiter/junit-jupiter-api/5.6.2/junit-jupiter-api-5.6.2.jar:/Users/ghghost/.m2/repository/org/opentest4j/opentest4j/1.2.0/opentest4j-1.2.0.jar:/Users/ghghost/.m2/repository/org/junit/jupiter/junit-jupiter-params/5.6.2/junit-jupiter-params-5.6.2.jar:/Users/ghghost/.m2/repository/org/junit/jupiter/junit-jupiter-engine/5.6.2/junit-jupiter-engine-5.6.2.jar:/Users/ghghost/.m2/repository/joda-time/joda-time/2.12.5/joda-time-2.12.5.jar:/Users/ghghost/.m2/repository/org/seleniumhq/selenium/selenium-java/3.141.59/selenium-java-3.141.59.jar:/Users/ghghost/.m2/repository/org/seleniumhq/selenium/selenium-api/3.141.59/selenium-api-3.141.59.jar:/Users/ghghost/.m2/repository/org/seleniumhq/selenium/selenium-chrome-driver/3.141.59/selenium-chrome-driver-3.141.59.jar:/Users/ghghost/.m2/repository/org/seleniumhq/selenium/selenium-edge-driver/3.141.59/selenium-edge-driver-3.141.59.jar:/Users/ghghost/.m2/repository/org/seleniumhq/selenium/selenium-firefox-driver/3.141.59/selenium-firefox-driver-3.141.59.jar:/Users/ghghost/.m2/repository/org/seleniumhq/selenium/selenium-ie-driver/3.141.59/selenium-ie-driver-3.141.59.jar:/Users/ghghost/.m2/repository/org/seleniumhq/selenium/selenium-remote-driver/3.141.59/selenium-remote-driver-3.141.59.jar:/Users/ghghost/.m2/repository/org/seleniumhq/selenium/selenium-safari-driver/3.141.59/selenium-safari-driver-3.141.59.jar:/Users/ghghost/.m2/repository/org/seleniumhq/selenium/selenium-support/3.141.59/selenium-support-3.141.59.jar:/Users/ghghost/.m2/repository/net/bytebuddy/byte-buddy/1.8.15/byte-buddy-1.8.15.jar:/Users/ghghost/.m2/repository/org/apache/commons/commons-exec/1.3/commons-exec-1.3.jar:/Users/ghghost/.m2/repository/com/google/guava/guava/25.0-jre/guava-25.0-jre.jar:/Users/ghghost/.m2/repository/org/checkerframework/checker-compat-qual/2.0.0/checker-compat-qual-2.0.0.jar:/Users/ghghost/.m2/repository/com/google/errorprone/error_prone_annotations/2.1.3/error_prone_annotations-2.1.3.jar:/Users/ghghost/.m2/repository/com/google/j2objc/j2objc-annotations/1.1/j2objc-annotations-1.1.jar:/Users/ghghost/.m2/repository/org/codehaus/mojo/animal-sniffer-annotations/1.14/animal-sniffer-annotations-1.14.jar:/Users/ghghost/.m2/repository/com/squareup/okhttp3/okhttp/3.11.0/okhttp-3.11.0.jar:/Users/ghghost/.m2/repository/com/squareup/okio/okio/1.14.0/okio-1.14.0.jar:/Users/ghghost/.m2/repository/org/apache/logging/log4j/log4j-core/2.18.0/log4j-core-2.18.0.jar:/Users/ghghost/.m2/repository/org/apache/logging/log4j/log4j-api/2.18.0/log4j-api-2.18.0.jar:/Users/ghghost/.m2/repository/org/apache/logging/log4j/log4j-slf4j-impl/2.18.0/log4j-slf4j-impl-2.18.0.jar:/Users/ghghost/.m2/repository/org/slf4j/slf4j-api/1.7.25/slf4j-api-1.7.25.jar:/Users/ghghost/.m2/repository/io/github/bonigarcia/webdrivermanager/5.5.3/webdrivermanager-5.5.3.jar:/Users/ghghost/.m2/repository/com/google/code/gson/gson/2.10.1/gson-2.10.1.jar:/Users/ghghost/.m2/repository/com/github/docker-java/docker-java/3.3.3/docker-java-3.3.3.jar:/Users/ghghost/.m2/repository/com/github/docker-java/docker-java-core/3.3.3/docker-java-core-3.3.3.jar:/Users/ghghost/.m2/repository/com/github/docker-java/docker-java-api/3.3.3/docker-java-api-3.3.3.jar:/Users/ghghost/.m2/repository/com/fasterxml/jackson/core/jackson-annotations/2.10.3/jackson-annotations-2.10.3.jar:/Users/ghghost/.m2/repository/org/apache/commons/commons-compress/1.21/commons-compress-1.21.jar:/Users/ghghost/.m2/repository/com/fasterxml/jackson/core/jackson-databind/2.10.3/jackson-databind-2.10.3.jar:/Users/ghghost/.m2/repository/com/fasterxml/jackson/core/jackson-core/2.10.3/jackson-core-2.10.3.jar:/Users/ghghost/.m2/repository/org/bouncycastle/bcpkix-jdk18on/1.75/bcpkix-jdk18on-1.75.jar:/Users/ghghost/.m2/repository/org/bouncycastle/bcprov-jdk18on/1.75/bcprov-jdk18on-1.75.jar:/Users/ghghost/.m2/repository/org/bouncycastle/bcutil-jdk18on/1.75/bcutil-jdk18on-1.75.jar:/Users/ghghost/.m2/repository/org/slf4j/jcl-over-slf4j/1.7.30/jcl-over-slf4j-1.7.30.jar:/Users/ghghost/.m2/repository/com/github/docker-java/docker-java-transport-httpclient5/3.3.3/docker-java-transport-httpclient5-3.3.3.jar:/Users/ghghost/.m2/repository/com/github/docker-java/docker-java-transport/3.3.3/docker-java-transport-3.3.3.jar:/Users/ghghost/.m2/repository/net/java/dev/jna/jna/5.12.1/jna-5.12.1.jar:/Users/ghghost/.m2/repository/org/brotli/dec/0.1.2/dec-0.1.2.jar:/Users/ghghost/.m2/repository/org/apache/commons/commons-lang3/3.13.0/commons-lang3-3.13.0.jar:/Users/ghghost/.m2/repository/org/apache/httpcomponents/client5/httpclient5/5.2.1/httpclient5-5.2.1.jar:/Users/ghghost/.m2/repository/org/apache/httpcomponents/core5/httpcore5/5.2/httpcore5-5.2.jar:/Users/ghghost/.m2/repository/org/apache/httpcomponents/core5/httpcore5-h2/5.2/httpcore5-h2-5.2.jar:/Users/ghghost/.m2/repository/org/junit/vintage/junit-vintage-engine/5.7.2/junit-vintage-engine-5.7.2.jar:/Users/ghghost/.m2/repository/org/apiguardian/apiguardian-api/1.1.0/apiguardian-api-1.1.0.jar:/Users/ghghost/.m2/repository/org/junit/platform/junit-platform-engine/1.7.2/junit-platform-engine-1.7.2.jar:/Users/ghghost/.m2/repository/junit/junit/4.13/junit-4.13.jar:/Users/ghghost/.m2/repository/org/hamcrest/hamcrest-core/1.3/hamcrest-core-1.3.jar:/Users/ghghost/.m2/repository/io/qameta/allure/allure-junit5/2.17.0/allure-junit5-2.17.0.jar:/Users/ghghost/.m2/repository/io/qameta/allure/allure-junit-platform/2.17.0/allure-junit-platform-2.17.0.jar:/Users/ghghost/.m2/repository/io/qameta/allure/allure-test-filter/2.17.0/allure-test-filter-2.17.0.jar:/Users/ghghost/.m2/repository/org/junit/platform/junit-platform-launcher/1.8.2/junit-platform-launcher-1.8.2.jar:/Users/ghghost/.m2/repository/io/qameta/allure/allure-java-commons/2.17.0/allure-java-commons-2.17.0.jar:/Users/ghghost/.m2/repository/io/qameta/allure/allure-model/2.17.0/allure-model-2.17.0.jar:/Users/ghghost/.m2/repository/io/qameta/allure/allure-rest-assured/2.17.0/allure-rest-assured-2.17.0.jar:/Users/ghghost/.m2/repository/io/qameta/allure/allure-attachments/2.17.0/allure-attachments-2.17.0.jar:/Users/ghghost/.m2/repository/org/freemarker/freemarker/2.3.31/freemarker-2.3.31.jar:/Users/ghghost/.m2/repository/io/rest-assured/rest-assured/5.1.0/rest-assured-5.1.0.jar:/Users/ghghost/.m2/repository/org/apache/groovy/groovy/4.0.1/groovy-4.0.1.jar:/Users/ghghost/.m2/repository/org/apache/groovy/groovy-xml/4.0.1/groovy-xml-4.0.1.jar:/Users/ghghost/.m2/repository/org/apache/httpcomponents/httpclient/4.5.13/httpclient-4.5.13.jar:/Users/ghghost/.m2/repository/org/apache/httpcomponents/httpcore/4.4.13/httpcore-4.4.13.jar:/Users/ghghost/.m2/repository/commons-logging/commons-logging/1.2/commons-logging-1.2.jar:/Users/ghghost/.m2/repository/commons-codec/commons-codec/1.11/commons-codec-1.11.jar:/Users/ghghost/.m2/repository/org/apache/httpcomponents/httpmime/4.5.13/httpmime-4.5.13.jar:/Users/ghghost/.m2/repository/org/ccil/cowan/tagsoup/tagsoup/1.2.1/tagsoup-1.2.1.jar:/Users/ghghost/.m2/repository/io/rest-assured/json-path/5.1.0/json-path-5.1.0.jar:/Users/ghghost/.m2/repository/org/apache/groovy/groovy-json/4.0.1/groovy-json-4.0.1.jar:/Users/ghghost/.m2/repository/io/rest-assured/rest-assured-common/5.1.0/rest-assured-common-5.1.0.jar:/Users/ghghost/.m2/repository/io/rest-assured/xml-path/5.1.0/xml-path-5.1.0.jar:/Users/ghghost/.m2/repository/org/apache/maven/maven-plugin-api/3.6.3/maven-plugin-api-3.6.3.jar:/Users/ghghost/.m2/repository/org/apache/maven/maven-model/3.6.3/maven-model-3.6.3.jar:/Users/ghghost/.m2/repository/org/apache/maven/maven-artifact/3.6.3/maven-artifact-3.6.3.jar:/Users/ghghost/.m2/repository/org/eclipse/sisu/org.eclipse.sisu.plexus/0.3.4/org.eclipse.sisu.plexus-0.3.4.jar:/Users/ghghost/.m2/repository/javax/enterprise/cdi-api/1.0/cdi-api-1.0.jar:/Users/ghghost/.m2/repository/javax/annotation/jsr250-api/1.0/jsr250-api-1.0.jar:/Users/ghghost/.m2/repository/javax/inject/javax.inject/1/javax.inject-1.jar:/Users/ghghost/.m2/repository/org/eclipse/sisu/org.eclipse.sisu.inject/0.3.4/org.eclipse.sisu.inject-0.3.4.jar:/Users/ghghost/.m2/repository/org/codehaus/plexus/plexus-component-annotations/1.5.5/plexus-component-annotations-1.5.5.jar:/Users/ghghost/.m2/repository/org/codehaus/plexus/plexus-utils/3.2.1/plexus-utils-3.2.1.jar:/Users/ghghost/.m2/repository/org/codehaus/plexus/plexus-classworlds/2.6.0/plexus-classworlds-2.6.0.jar:/Users/ghghost/.m2/repository/org/json/json/20220924/json-20220924.jar:/Users/ghghost/.m2/repository/org/junit/platform/junit-platform-commons/1.8.0-M1/junit-platform-commons-1.8.0-M1.jar:/Users/ghghost/.m2/repository/org/slf4j/slf4j-simple/1.7.30/slf4j-simple-1.7.30.jar:/Users/ghghost/.m2/repository/org/postgresql/postgresql/42.2.18/postgresql-42.2.18.jar:/Users/ghghost/.m2/repository/org/checkerframework/checker-qual/3.5.0/checker-qual-3.5.0.jar:/Users/ghghost/.m2/repository/com/github/javafaker/javafaker/0.15/javafaker-0.15.jar:/Users/ghghost/.m2/repository/org/yaml/snakeyaml/1.20/snakeyaml-1.20-android.jar:/Users/ghghost/.m2/repository/com/github/mifmif/generex/1.0.2/generex-1.0.2.jar:/Users/ghghost/.m2/repository/dk/brics/automaton/automaton/1.11-8/automaton-1.11-8.jar:/Users/ghghost/.m2/repository/commons-io/commons-io/2.6/commons-io-2.6.jar:/Users/ghghost/.m2/repository/org/testng/testng/7.5/testng-7.5.jar:/Users/ghghost/.m2/repository/com/google/code/findbugs/jsr305/3.0.1/jsr305-3.0.1.jar:/Users/ghghost/.m2/repository/com/beust/jcommander/1.78/jcommander-1.78.jar:/Users/ghghost/.m2/repository/org/webjars/jquery/3.5.1/jquery-3.5.1.jar:/Users/ghghost/.m2/repository/org/assertj/assertj-core/3.19.0/assertj-core-3.19.0.jar:/Users/ghghost/.m2/repository/xerces/xercesImpl/2.8.1/xercesImpl-2.8.1.jar:/Users/ghghost/.m2/repository/xml-apis/xml-apis/1.3.03/xml-apis-1.3.03.jar:/Users/ghghost/.m2/repository/org/hamcrest/hamcrest/2.2/hamcrest-2.2.jar:/Users/ghghost/.m2/repository/org/seleniumhq/selenium/selenium-devtools/4.0.0-rc-1/selenium-devtools-4.0.0-rc-1.jar:/Users/ghghost/.m2/repository/com/google/auto/service/auto-service-annotations/1.0/auto-service-annotations-1.0.jar:/Users/ghghost/.m2/repository/com/google/auto/service/auto-service/1.0/auto-service-1.0.jar:/Users/ghghost/.m2/repository/com/google/auto/auto-common/1.0/auto-common-1.0.jar:/Users/ghghost/.m2/repository/org/seleniumhq/selenium/selenium-json/4.0.0-rc-1/selenium-json-4.0.0-rc-1.jar:/Users/ghghost/.m2/repository/org/projectlombok/lombok/1.18.30/lombok-1.18.30.jar:/Users/ghghost/.m2/repository/org/awaitility/awaitility/4.2.0/awaitility-4.2.0.jar:/Users/ghghost/.m2/repository/com/codeborne/selenide/7.0.2/selenide-7.0.2.jar:/Users/ghghost/.m2/repository/com/codeborne/selenide-core/7.0.2/selenide-core-7.0.2.jar:/Users/ghghost/.m2/repository/org/seleniumhq/selenium/selenium-opera-driver/4.4.0/selenium-opera-driver-4.4.0.jar:/Users/ghghost/.m2/repository/ru/qatools/commons/properties/2.0.RC6/properties-2.0.RC6.jar:/Users/ghghost/.m2/repository/ru/yandex/qatools/allure/allure-junit-adaptor/1.5.2/allure-junit-adaptor-1.5.2.jar:/Users/ghghost/.m2/repository/ru/yandex/qatools/allure/allure-java-aspects/1.5.2/allure-java-aspects-1.5.2.jar:/Users/ghghost/.m2/repository/ru/yandex/qatools/allure/allure-java-adaptor-api/1.5.2/allure-java-adaptor-api-1.5.2.jar:/Users/ghghost/.m2/repository/ru/yandex/qatools/allure/allure-java-annotations/1.5.2/allure-java-annotations-1.5.2.jar:/Users/ghghost/.m2/repository/ru/yandex/qatools/allure/allure-model/1.5.2/allure-model-1.5.2.jar:/Users/ghghost/.m2/repository/org/jvnet/jaxb2_commons/jaxb2-basics-runtime/0.9.3/jaxb2-basics-runtime-0.9.3.jar:/Users/ghghost/.m2/repository/org/apache/tika/tika-core/1.7/tika-core-1.7.jar:/Users/ghghost/.m2/repository/org/aspectj/aspectjrt/1.8.3/aspectjrt-1.8.3.jar:"/>
    <property name="sun.cpu.endian" value="little"/>
    <property name="user.home" value="/Users/ghghost"/>
    <property name="user.language" value="ru"/>
    <property name="java.specification.vendor" value="Oracle Corporation"/>
    <property name="java.version.date" value="2023-09-19"/>
    <property name="java.home" value="/opt/homebrew/Cellar/openjdk/21/libexec/openjdk.jdk/Contents/Home"/>
    <property name="file.separator" value="/"/>
    <property name="basedir" value="/Users/ghghost/IdeaProjects/citysoft_terminal_selenium"/>
    <property name="java.vm.compressedOopsMode" value="Zero based"/>
    <property name="line.separator" value="&#10;"/>
    <property name="java.vm.specification.vendor" value="Oracle Corporation"/>
    <property name="java.specification.name" value="Java Platform API Specification"/>
    <property name="apple.awt.application.name" value="ForkedBooter"/>
    <property name="surefire.real.class.path" value="/Users/ghghost/IdeaProjects/citysoft_terminal_selenium/target/surefire/surefirebooter2785691986039153566.jar"/>
    <property name="sun.management.compiler" value="HotSpot 64-Bit Tiered Compilers"/>
    <property name="ftp.nonProxyHosts" value="local|*.local|169.254/16|*.169.254/16"/>
    <property name="java.runtime.version" value="21"/>
    <property name="user.name" value="ghghost"/>
    <property name="stdout.encoding" value="UTF-8"/>
    <property name="path.separator" value=":"/>
    <property name="os.version" value="12.5.1"/>
    <property name="java.runtime.name" value="OpenJDK Runtime Environment"/>
    <property name="file.encoding" value="UTF-8"/>
    <property name="browser" value="Chrome,Firefox"/>
    <property name="java.vm.name" value="OpenJDK 64-Bit Server VM"/>
    <property name="java.vendor.version" value="Homebrew"/>
    <property name="localRepository" value="/Users/ghghost/.m2/repository"/>
    <property name="java.vendor.url.bug" value="https://github.com/Homebrew/homebrew-core/issues"/>
    <property name="java.io.tmpdir" value="/var/folders/8y/k_db0glj2fbbsqh4yh2s4h_c0000gn/T/"/>
    <property name="java.version" value="21"/>
    <property name="user.dir" value="/Users/ghghost/IdeaProjects/citysoft_terminal_selenium"/>
    <property name="os.arch" value="aarch64"/>
    <property name="webdriver.gecko.driver" value="/Users/ghghost/.cache/selenium/geckodriver/mac-arm64/0.33.0/geckodriver"/>
    <property name="java.vm.specification.name" value="Java Virtual Machine Specification"/>
    <property name="native.encoding" value="UTF-8"/>
    <property name="java.library.path" value="/Users/ghghost/Library/Java/Extensions:/Library/Java/Extensions:/Network/Library/Java/Extensions:/System/Library/Java/Extensions:/usr/lib/java:."/>
    <property name="java.vm.info" value="mixed mode, sharing"/>
    <property name="stderr.encoding" value="UTF-8"/>
    <property name="java.vendor" value="Homebrew"/>
    <property name="java.vm.version" value="21"/>
    <property name="sun.io.unicode.encoding" value="UnicodeBig"/>
    <property name="socksNonProxyHosts" value="local|*.local|169.254/16|*.169.254/16"/>
    <property name="java.class.version" value="65.0"/>
  </properties>
  <testcase name="postAllLastMonth" classname="API.APITest" time="3.344">
    <system-out><![CDATA[Request method:	POST
Request URI:	https://devcs.avtodoria.ru/terminal/api/rest/preprocessing/video/all
Proxy:			<none>
Request params:	<none>
Query params:	<none>
Form params:	<none>
Path params:	<none>
Headers:		Accept=*/*
				Content-Type=application/json
Cookies:		<none>
Multiparts:		<none>
Body:
{
    "contractIds": [
        
    ],
    "dateFrom": "2023-11-25T00:00:00.000+03:00",
    "dateTo": "2023-12-25T19:48:30.596+03:00",
    "deviceIds": [
        
    ],
    "operatorId": null,
    "pageNumber": 0,
    "pageSize": 10,
    "processingStatuses": [
        
    ],
    "sessionId": null,
    "sortOrder": "DESC"
}
HTTP/1.1 200 
Server: nginx
Date: Mon, 25 Dec 2023 17:13:30 GMT
Content-Type: application/json
Transfer-Encoding: chunked
Connection: keep-alive
Vary: Origin
Vary: Access-Control-Request-Method
Vary: Access-Control-Request-Headers
Strict-Transport-Security: max-age=15768000; includeSubDomains; preload;
X-Content-Type-Options: nosniff
X-Frame-Options: SAMEORIGIN
X-XSS-Protection: 1; mode=block
X-Robots-Tag: none
X-Download-Options: noopen
X-Permitted-Cross-Domain-Policies: none
Content-Encoding: gzip

[
    {
        "uuid": "dca08ba4-4cd9-452d-b970-0d34e7dd37cc",
        "videoId": "1703518222663",
        "filePath": "/vs_data/citysoft-dev/video/2023/12/25/5b8b176f019ea18e/1703517330494/1703518222663/1703518222663.mp4",
        "sessionId": "1703517330494",
        "deviceId": "5b8b176f019ea18e",
        "descriptions": {
            "onDevice": "VladTest",
            "onServer": "VladTest"
        },
        "numbers": {
            "onDevice": "VladTest",
            "onServer": "VladTest"
        },
        "processingStatus": "CORRUPTED",
        "operatorId": 1,
        "creationDate": "2023-12-25T15:30:22.663Z",
        "processedDate": "2023-12-25T17:00:55.032Z",
        "homographyId": null,
        "mergedPartsCount": 298,
        "fps": 0,
        "size": 22083271,
        "resolution": null,
        "errorReason": null,
        "errorModule": null,
        "errorMessage": null,
        "geoJSON": {
            "type": "FeatureCollection",
            "features": [
                {
                    "type": "Feature",
                    "geometry": {
                        "type": "Point",
                        "coordinates": [
                            49.2460768,
                            55.7937654
                        ]
                    },
                    "properties": {
                        "createdDate": 1703518222663,
                        "bearing": 8.009675979614258,
                        "velocity": 1.5237579345703125
                    }
                },
                {
                    "type": "Feature",
                    "geometry": {
                        "type": "Point",
                        "coordinates": [
                            49.2460875,
                            55.7937664
                        ]
                    },
                    "properties": {
                        "createdDate": 1703518227687,
                        "bearing": 15.544713973999023,
                        "velocity": 0.6066791415214539
                    }
                },
                {
                    "type": "Feature",
                    "geometry": {
                        "type": "Point",
                        "coordinates": [
                            49.2460922,
                            55.7937681
                        ]
                    },
                    "properties": {
                        "createdDate": 1703518232678,
                        "bearing": 21.54412841796875,
                        "velocity": 0.2695994973182678
                    }
                },
                {
                    "type": "Feature",
                    "geometry": {
                        "type": "Point",
                        "coordinates": [
                            49.2460932,
                            55.7937536
                        ]
                    },
                    "properties": {
                        "createdDate": 1703518237663,
                        "bearing": 0.0,
                        "velocity": 0.07170948386192322
                    }
                },
                {
                    "type": "Feature",
                    "geometry": {
                        "type": "Point",
                        "coordinates": [
                            49.2460913,
                            55.793747
                        ]
                    },
                    "properties": {
                        "createdDate": 1703518242669,
                        "bearing": 173.68568420410156,
                        "velocity": 0.10246352851390839
                    }
                },
                {
                    "type": "Feature",
                    "geometry": {
                        "type": "Point",
                        "coordinates": [
                            49.2461008,
                            55.7937586
                        ]
                    },
                    "properties": {
                        "createdDate": 1703518247660,
                        "bearing": 35.372684478759766,
                        "velocity": 0.12293567508459091
                    }
                },
                {
                    "type": "Feature",
                    "geometry": {
                        "type": "Point",
                        "coordinates": [
                            49.2460336,
                            55.7937341
                        ]
                    },
                    "properties": {
                        "createdDate": 1703518252666,
                        "bearing": 240.21194458007812,
                        "velocity": 0.4297782778739929
                    }
                },
                {
                    "type": "Feature",
                    "geometry": {
                        "type": "Point",
                        "coordinates": [
                            49.2464806,
                            55.7939017
                        ]
                    },
                    "properties": {
                        "createdDate": 1703518257673,
                        "bearing": 56.264549255371094,
                        "velocity": 5.6056623458862305
                    }
                },
                {
                    "type": "Feature",
                    "geometry": {
                        "type": "Point",
                        "coordinates": [
                            49.2460679,
                            55.7938278
                        ]
                    },
                    "properties": {
                        "createdDate": 1703518262663,
                        "bearing": 256.1566467285156,
                        "velocity": 3.540994167327881
                    }
                },
                {
                    "type": "Feature",
                    "geometry": {
                        "type": "Point",
                        "coordinates": [
                            49.2460679,
                            55.7937912
                        ]
                    },
                    "properties": {
                        "createdDate": 1703518264661,
                        "bearing": 209.87806701660156,
                        "velocity": 2.5167667865753174
                    }
                },
                {
                    "type": "Feature",
                    "geometry": {
                        "type": "Point",
                        "coordinates": [
                            49.2460772,
                            55.7937803
                        ]
                    },
                    "properties": {
                        "createdDate": 1703518265669,
                        "bearing": 193.1800079345703,
                        "velocity": 1.5955955982208252
                    }
                },
                {
                    "type": "Feature",
                    "geometry": {
                        "type": "Point",
                        "coordinates": [
                            49.2460654,
                            55.7937937
                        ]
                    },
                    "properties": {
                        "createdDate": 1703518266660,
                        "bearing": 260.1146545410156,
                        "velocity": 0.4951695203781128
                    }
                },
                {
                    "type": "Feature",
                    "geometry": {
                        "type": "Point",
                        "coordinates": [
                            49.2460486,
                            55.7937985
                        ]
                    },
                    "properties": {
                        "createdDate": 1703518270681,
                        "bearing": 283.0601501464844,
                        "velocity": 0.28936687111854553
                    }
                },
                {
                    "type": "Feature",
                    "geometry": {
                        "type": "Point",
                        "coordinates": [
                            49.2460501,
                            55.793798
                        ]
                    },
                    "properties": {
                        "createdDate": 1703518272676,
                        "bearing": 281.5151062011719,
                        "velocity": 0.20205867290496826
                    }
                },
                {
                    "type": "Feature",
                    "geometry": {
                        "type": "Point",
                        "coordinates": [
                            49.2460432,
                            55.793799
                        ]
                    },
                    "properties": {
                        "createdDate": 1703518273665,
                        "bearing": 282.2598876953125,
                        "velocity": 0.2208535224199295
                    }
                },
                {
                    "type": "Feature",
                    "geometry": {
                        "type": "Point",
                        "coordinates": [
                            49.2460406,
                            55.7937987
                        ]
                    },
                    "properties": {
                        "createdDate": 1703518275665,
                        "bearing": 278.04669189453125,
                        "velocity": 0.18087756633758545
                    }
                },
                {
                    "type": "Feature",
                    "geometry": {
                        "type": "Point",
                        "coordinates": [
                            49.2460347,
                            55.793803
                        ]
                    },
                    "properties": {
                        "createdDate": 1703518277682,
                        "bearing": 299.45562744140625,
                        "velocity": 0.21085943281650543
                    }
                },
                {
                    "type": "Feature",
                    "geometry": {
                        "type": "Point",
                        "coordinates": [
                            49.2460295,
                            55.7938069
                        ]
                    },
                    "properties": {
                        "createdDate": 1703518280672,
                        "bearing": 309.9014892578125,
                        "velocity": 0.18645605444908142
                    }
                },
                {
                    "type": "Feature",
                    "geometry": {
                        "type": "Point",
                        "coordinates": [
                            49.2460275,
                            55.7938117
                        ]
                    },
                    "properties": {
                        "createdDate": 1703518282673,
                        "bearing": 324.7928771972656,
                        "velocity": 0.21133072674274445
                    }
                },
                {
                    "type": "Feature",
                    "geometry": {
                        "type": "Point",
                        "coordinates": [
                            49.2460258,
                            55.7938127
                        ]
                    },
                    "properties": {
                        "createdDate": 1703518283678,
                        "bearing": 323.49981689453125,
                        "velocity": 0.1903470903635025
                    }
                },
                {
                    "type": "Feature",
                    "geometry": {
                        "type": "Point",
                        "coordinates": [
                            49.2460262,
                            55.7938111
                        ]
                    },
                    "properties": {
                        "createdDate": 1703518285677,
                        "bearing": 314.2458801269531,
                        "velocity": 0.10195310413837433
                    }
                },
                {
                    "type": "Feature",
                    "geometry": {
                        "type": "Point",
                        "coordinates": [
                            49.2460281,
                            55.7938081
                        ]
                    },
                    "properties": {
                        "createdDate": 1703518286685,
                        "bearing": 0.0,
                        "velocity": 0.03356069326400757
                    }
                },
                {
                    "type": "Feature",
                    "geometry": {
                        "type": "Point",
                        "coordinates": [
                            49.2460304,
                            55.7938045
                        ]
                    },
                    "properties": {
                        "createdDate": 1703518288687,
                        "bearing": 0.0,
                        "velocity": 0.0912705808877945
                    }
                },
                {
                    "type": "Feature",
                    "geometry": {
                        "type": "Point",
                        "coordinates": [
                            49.2460331,
                            55.7938006
                        ]
                    },
                    "properties": {
                        "createdDate": 1703518289694,
                        "bearing": 165.53887939453125,
                        "velocity": 0.16118863224983215
                    }
                },
                {
                    "type": "Feature",
                    "geometry": {
                        "type": "Point",
                        "coordinates": [
                            49.2460349,
                            55.7937984
                        ]
                    },
                    "properties": {
                        "createdDate": 1703518290702,
                        "bearing": 162.0603485107422,
                        "velocity": 0.17739157378673553
                    }
                },
                {
                    "type": "Feature",
                    "geometry": {
                        "type": "Point",
                        "coordinates": [
                            49.2460381,
                            55.7937974
                        ]
                    },
                    "properties": {
                        "createdDate": 1703518291691,
                        "bearing": 150.97213745117188,
                        "velocity": 0.15770423412322998
                    }
                },
                {
                    "type": "Feature",
                    "geometry": {
                        "type": "Point",
                        "coordinates": [
                            49.2460419,
                            55.7937958
                        ]
                    },
                    "properties": {
                        "createdDate": 1703518293691,
                        "bearing": 143.049072265625,
                        "velocity": 0.18006712198257446
                    }
                },
                {
                    "type": "Feature",
                    "geometry": {
                        "type": "Point",
                        "coordinates": [
                            49.2460464,
                            55.7937934
                        ]
                    },
                    "properties": {
                        "createdDate": 1703518294699,
                        "bearing": 139.4827423095703,
                        "velocity": 0.21977566182613373
                    }
                },
                {
                    "type": "Feature",
                    "geometry": {
                        "type": "Point",
                        "coordinates": [
                            49.2460502,
                            55.7937902
                        ]
                    },
                    "properties": {
                        "createdDate": 1703518295708,
                        "bearing": 141.6785888671875,
                        "velocity": 0.2655404210090637
                    }
                },
                {
                    "type": "Feature",
                    "geometry": {
                        "type": "Point",
                        "coordinates": [
                            49.2460544,
                            55.7937926
                        ]
                    },
                    "properties": {
                        "createdDate": 1703518297707,
                        "bearing": 114.18772888183594,
                        "velocity": 0.1583123803138733
                    }
                },
                {
                    "type": "Feature",
                    "geometry": {
                        "type": "Point",
                        "coordinates": [
                            49.2460553,
                            55.793799
                        ]
                    },
                    "properties": {
                        "createdDate": 1703518298697,
                        "bearing": 53.754817962646484,
                        "velocity": 0.1521141231060028
                    }
                },
                {
                    "type": "Feature",
                    "geometry": {
                        "type": "Point",
                        "coordinates": [
                            49.2460531,
                            55.7938037
                        ]
                    },
                    "properties": {
                        "createdDate": 1703518299706,
                        "bearing": 19.6738224029541,
                        "velocity": 0.18594565987586975
                    }
                },
                {
                    "type": "Feature",
                    "geometry": {
                        "type": "Point",
                        "coordinates": [
                            49.2460474,
                            55.7938083
                        ]
                    },
                    "properties": {
                        "createdDate": 1703518300714,
                        "bearing": 351.8588562011719,
                        "velocity": 0.24971002340316772
                    }
                },
                {
                    "type": "Feature",
                    "geometry": {
                        "type": "Point",
                        "coordinates": [
                            49.2460304,
                            55.7938197
                        ]
                    },
                    "properties": {
                        "createdDate": 1703518305720,
                        "bearing": 328.3346252441406,
                        "velocity": 0.29923221468925476
                    }
                },
                {
                    "type": "Feature",
                    "geometry": {
                        "type": "Point",
                        "coordinates": [
                            49.2460261,
                            55.7938232
                        ]
                    },
                    "properties": {
                        "createdDate": 1703518308711,
                        "bearing": 327.37994384765625,
                        "velocity": 0.23365946114063263
                    }
                },
                {
                    "type": "Feature",
                    "geometry": {
                        "type": "Point",
                        "coordinates": [
                            49.2460258,
                            55.7938232
                        ]
                    },
                    "properties": {
                        "createdDate": 1703518309719,
                        "bearing": 326.2429504394531,
                        "velocity": 0.2042107880115509
                    }
                },
                {
                    "type": "Feature",
                    "geometry": {
                        "type": "Point",
                        "coordinates": [
                            49.2460243,
                            55.7938234
                        ]
                    },
                    "properties": {
                        "createdDate": 1703518310728,
                        "bearing": 322.43829345703125,
                        "velocity": 0.1708776354789734
                    }
                },
                {
                    "type": "Feature",
                    "geometry": {
                        "type": "Point",
                        "coordinates": [
                            49.2460234,
                            55.7938242
                        ]
                    },
                    "properties": {
                        "createdDate": 1703518311738,
                        "bearing": 322.9154052734375,
                        "velocity": 0.15259453654289246
                    }
                },
                {
                    "type": "Feature",
                    "geometry": {
                        "type": "Point",
                        "coordinates": [
                            49.2460234,
                            55.793826
                        ]
                    },
                    "properties": {
                        "createdDate": 1703518312744,
                        "bearing": 333.6366271972656,
                        "velocity": 0.15300072729587555
                    }
                },
                {
                    "type": "Feature",
                    "geometry": {
                        "type": "Point",
                        "coordinates": [
                            49.2460243,
                            55.7938281
                        ]
                    },
                    "properties": {
                        "createdDate": 1703518313744,
                        "bearing": 345.9977722167969,
                        "velocity": 0.17905095219612122
                    }
                },
                {
                    "type": "Feature",
                    "geometry": {
                        "type": "Point",
                        "coordinates": [
                            49.2460261,
                            55.793832
                        ]
                    },
                    "properties": {
                        "createdDate": 1703518314746,
                        "bearing": 358.2995300292969,
                        "velocity": 0.23341451585292816
                    }
                },
                {
                    "type": "Feature",
                    "geometry": {
                        "type": "Point",
                        "coordinates": [
                            49.2460292,
                            55.7938368
                        ]
                    },
                    "properties": {
                        "createdDate": 1703518315738,
                        "bearing": 7.509226322174072,
                        "velocity": 0.27838966250419617
                    }
                },
                {
                    "type": "Feature",
                    "geometry": {
                        "type": "Point",
                        "coordinates": [
                            49.246046,
                            55.7938403
                        ]
                    },
                    "properties": {
                        "createdDate": 1703518316743,
                        "bearing": 39.4787712097168,
                        "velocity": 0.36156854033470154
                    }
                },
                {
                    "type": "Feature",
                    "geometry": {
                        "type": "Point",
                        "coordinates": [
                            49.2460576,
                            55.7938394
                        ]
                    },
                    "properties": {
                        "createdDate": 1703518320744,
                        "bearing": 62.01357650756836,
                        "velocity": 0.23846958577632904
                    }
                },
                {
                    "type": "Feature",
                    "geometry": {
                        "type": "Point",
                        "coordinates": [
                            49.2460656,
                            55.7938351
                        ]
                    },
                    "properties": {
                        "createdDate": 1703518325766,
                        "bearing": 87.30220794677734,
                        "velocity": 0.15456067025661469
                    }
                },
                {
                    "type": "Feature",
                    "geometry": {
                        "type": "Point",
                        "coordinates": [
                            49.2460635,
                            55.7938313
                        ]
                    },
                    "properties": {
                        "createdDate": 1703518332773,
                        "bearing": 0.0,
                        "velocity": 0.060148436576128006
                    }
                },
                {
                    "type": "Feature",
                    "geometry": {
                        "type": "Point",
                        "coordinates": [
                            49.2460608,
                            55.7938278
                        ]
                    },
                    "properties": {
                        "createdDate": 1703518335780,
                        "bearing": 203.39634704589844,
                        "velocity": 0.1265150010585785
                    }
                },
                {
                    "type": "Feature",
                    "geometry": {
                        "type": "Point",
                        "coordinates": [
                            49.2460478,
                            55.7938278
                        ]
                    },
                    "properties": {
                        "createdDate": 1703518340787,
                        "bearing": 266.05950927734375,
                        "velocity": 0.15156441926956177
                    }
                },
                {
                    "type": "Feature",
                    "geometry": {
                        "type": "Point",
                        "coordinates": [
                            49.2460506,
                            55.7938293
                        ]
                    },
                    "properties": {
                        "createdDate": 1703518345792,
                        "bearing": 0.0,
                        "velocity": 0.03644691780209541
                    }
                },
                {
                    "type": "Feature",
                    "geometry": {
                        "type": "Point",
                        "coordinates": [
                            49.2460457,
                            55.7938268
                        ]
                    },
                    "properties": {
                        "createdDate": 1703518350797,
                        "bearing": 0.0,
                        "velocity": 0.07342123985290527
                    }
                },
                {
                    "type": "Feature",
                    "geometry": {
                        "type": "Point",
                        "coordinates": [
                            49.2460444,
                            55.7938263
                        ]
                    },
                    "properties": {
                        "createdDate": 1703518355804,
                        "bearing": 0.0,
                        "velocity": 0.02419358678162098
                    }
                },
                {
                    "type": "Feature",
                    "geometry": {
                        "type": "Point",
                        "coordinates": [
                            49.246051,
                            55.7938268
                        ]
                    },
                    "properties": {
                        "createdDate": 1703518360810,
                        "bearing": 0.0,
                        "velocity": 0.07553211599588394
                    }
                },
                {
                    "type": "Feature",
                    "geometry": {
                        "type": "Point",
                        "coordinates": [
                            49.2460863,
                            55.7938292
                        ]
                    },
                    "properties": {
                        "createdDate": 1703518365804,
                        "bearing": 82.86801147460938,
                        "velocity": 0.40884512662887573
                    }
                },
                {
                    "type": "Feature",
                    "geometry": {
                        "type": "Point",
                        "coordinates": [
                            49.2460791,
                            55.7938283
                        ]
                    },
                    "properties": {
                        "createdDate": 1703518370811,
                        "bearing": 0.0,
                        "velocity": 0.05529734864830971
                    }
                },
                {
                    "type": "Feature",
                    "geometry": {
                        "type": "Point",
                        "coordinates": [
                            49.2460452,
                            55.7938259
                        ]
                    },
                    "properties": {
                        "createdDate": 1703518375829,
                        "bearing": 262.8329772949219,
                        "velocity": 0.3906266391277313
                    }
                },
                {
                    "type": "Feature",
                    "geometry": {
                        "type": "Point",
                        "coordinates": [
                            49.2460723,
                            55.7938316
                        ]
                    },
                    "properties": {
                        "createdDate": 1703518380839,
                        "bearing": 68.50923156738281,
                        "velocity": 0.3085423409938812
                    }
                },
                {
                    "type": "Feature",
                    "geometry": {
                        "type": "Point",
                        "coordinates": [
                            49.2460473,
                            55.7938248
                        ]
                    },
                    "properties": {
                        "createdDate": 1703518385842,
                        "bearing": 244.01516723632812,
                        "velocity": 0.2939596176147461
                    }
                },
                {
                    "type": "Feature",
                    "geometry": {
                        "type": "Point",
                        "coordinates": [
                            49.246073,
                            55.7938331
                        ]
                    },
                    "properties": {
                        "createdDate": 1703518392848,
                        "bearing": 59.84147644042969,
                        "velocity": 0.2437974363565445
                    }
                },
                {
                    "type": "Feature",
                    "geometry": {
                        "type": "Point",
                        "coordinates": [
                            49.2460696,
                            55.7938325
                        ]
                    },
                    "properties": {
                        "createdDate": 1703518395856,
                        "bearing": 0.0,
                        "velocity": 0.03832840546965599
                    }
                },
                {
                    "type": "Feature",
                    "geometry": {
                        "type": "Point",
                        "coordinates": [
                            49.2460443,
                            55.7938257
                        ]
                    },
                    "properties": {
                        "createdDate": 1703518400862,
                        "bearing": 244.4982452392578,
                        "velocity": 0.3193436563014984
                    }
                },
                {
                    "type": "Feature",
                    "geometry": {
                        "type": "Point",
                        "coordinates": [
                            49.2460592,
                            55.7938331
                        ]
                    },
                    "properties": {
                        "createdDate": 1703518405868,
                        "bearing": 46.019744873046875,
                        "velocity": 0.20069894194602966
                    }
                },
                {
                    "type": "Feature",
                    "geometry": {
                        "type": "Point",
                        "coordinates": [
                            49.2460455,
                            55.7938292
                        ]
                    },
                    "properties": {
                        "createdDate": 1703518410878,
                        "bearing": 244.29251098632812,
                        "velocity": 0.16431376338005066
                    }
                },
                {
                    "type": "Feature",
                    "geometry": {
                        "type": "Point",
                        "coordinates": [
                            49.2460552,
                            55.7938357
                        ]
                    },
                    "properties": {
                        "createdDate": 1703518415900,
                        "bearing": 38.002811431884766,
                        "velocity": 0.1631731390953064
                    }
                },
                {
                    "type": "Feature",
                    "geometry": {
                        "type": "Point",
                        "coordinates": [
                            49.2460498,
                            55.7938318
                        ]
                    },
                    "properties": {
                        "createdDate": 1703518420906,
                        "bearing": 0.0,
                        "velocity": 0.0891440138220787
                    }
                },
                {
                    "type": "Feature",
                    "geometry": {
                        "type": "Point",
                        "coordinates": [
                            49.2460561,
                            55.7938295
                        ]
                    },
                    "properties": {
                        "createdDate": 1703518425916,
                        "bearing": 0.0,
                        "velocity": 0.08648109436035156
                    }
                },
                {
                    "type": "Feature",
                    "geometry": {
                        "type": "Point",
                        "coordinates": [
                            49.2460517,
                            55.7938295
                        ]
                    },
                    "properties": {
                        "createdDate": 1703518430919,
                        "bearing": 0.0,
                        "velocity": 0.045632679015398026
                    }
                },
                {
                    "type": "Feature",
                    "geometry": {
                        "type": "Point",
                        "coordinates": [
                            49.2460481,
                            55.7938283
                        ]
                    },
                    "properties": {
                        "createdDate": 1703518435929,
                        "bearing": 0.0,
                        "velocity": 0.05100123956799507
                    }
                },
                {
                    "type": "Feature",
                    "geometry": {
                        "type": "Point",
                        "coordinates": [
                            49.246054,
                            55.7938325
                        ]
                    },
                    "properties": {
                        "createdDate": 1703518440931,
                        "bearing": 37.49431228637695,
                        "velocity": 0.10654355585575104
                    }
                },
                {
                    "type": "Feature",
                    "geometry": {
                        "type": "Point",
                        "coordinates": [
                            49.2460485,
                            55.7938285
                        ]
                    },
                    "properties": {
                        "createdDate": 1703518446947,
                        "bearing": 0.0,
                        "velocity": 0.09466544538736343
                    }
                },
                {
                    "type": "Feature",
                    "geometry": {
                        "type": "Point",
                        "coordinates": [
                            49.2460564,
                            55.7938267
                        ]
                    },
                    "properties": {
                        "createdDate": 1703518452962,
                        "bearing": 0.0,
                        "velocity": 0.0735321193933487
                    }
                },
                {
                    "type": "Feature",
                    "geometry": {
                        "type": "Point",
                        "coordinates": [
                            49.2460376,
                            55.7938212
                        ]
                    },
                    "properties": {
                        "createdDate": 1703518455952,
                        "bearing": 241.5950469970703,
                        "velocity": 0.37108153104782104
                    }
                },
                {
                    "type": "Feature",
                    "geometry": {
                        "type": "Point",
                        "coordinates": [
                            49.24604,
                            55.7938252
                        ]
                    },
                    "properties": {
                        "createdDate": 1703518460960,
                        "bearing": 0.0,
                        "velocity": 0.05922190099954605
                    }
                },
                {
                    "type": "Feature",
                    "geometry": {
                        "type": "Point",
                        "coordinates": [
                            49.2460644,
                            55.7938326
                        ]
                    },
                    "properties": {
                        "createdDate": 1703518465968,
                        "bearing": 60.66328048706055,
                        "velocity": 0.32235783338546753
                    }
                },
                {
                    "type": "Feature",
                    "geometry": {
                        "type": "Point",
                        "coordinates": [
                            49.2460557,
                            55.7938284
                        ]
                    },
                    "properties": {
                        "createdDate": 1703518471979,
                        "bearing": 226.3665771484375,
                        "velocity": 0.10509244352579117
                    }
                },
                {
                    "type": "Feature",
                    "geometry": {
                        "type": "Point",
                        "coordinates": [
                            49.2460482,
                            55.7938271
                        ]
                    },
                    "properties": {
                        "createdDate": 1703518475979,
                        "bearing": 0.0,
                        "velocity": 0.09767426550388336
                    }
                },
                {
                    "type": "Feature",
                    "geometry": {
                        "type": "Point",
                        "coordinates": [
                            49.2460469,
                            55.7938306
                        ]
                    },
                    "properties": {
                        "createdDate": 1703518481001,
                        "bearing": 0.0,
                        "velocity": 0.07118984311819077
                    }
                },
                {
                    "type": "Feature",
                    "geometry": {
                        "type": "Point",
                        "coordinates": [
                            49.2460478,
                            55.7938284
                        ]
                    },
                    "properties": {
                        "createdDate": 1703518485997,
                        "bearing": 0.0,
                        "velocity": 0.04147369787096977
                    }
                },
                {
                    "type": "Feature",
                    "geometry": {
                        "type": "Point",
                        "coordinates": [
                            49.2460439,
                            55.7938302
                        ]
                    },
                    "properties": {
                        "createdDate": 1703518491017,
                        "bearing": 0.0,
                        "velocity": 0.056224457919597626
                    }
                },
                {
                    "type": "Feature",
                    "geometry": {
                        "type": "Point",
                        "coordinates": [
                            49.2460489,
                            55.7938345
                        ]
                    },
                    "properties": {
                        "createdDate": 1703518496020,
                        "bearing": 30.406734466552734,
                        "velocity": 0.10556800663471222
                    }
                },
                {
                    "type": "Feature",
                    "geometry": {
                        "type": "Point",
                        "coordinates": [
                            49.2460509,
                            55.7938327
                        ]
                    },
                    "properties": {
                        "createdDate": 1703518501028,
                        "bearing": 0.0,
                        "velocity": 0.04114397615194321
                    }
                },
                {
                    "type": "Feature",
                    "geometry": {
                        "type": "Point",
                        "coordinates": [
                            49.2460481,
                            55.793835
                        ]
                    },
                    "properties": {
                        "createdDate": 1703518507042,
                        "bearing": 0.0,
                        "velocity": 0.054364658892154694
                    }
                },
                {
                    "type": "Feature",
                    "geometry": {
                        "type": "Point",
                        "coordinates": [
                            49.246047,
                            55.7938271
                        ]
                    },
                    "properties": {
                        "createdDate": 1703518513056,
                        "bearing": 185.437744140625,
                        "velocity": 0.12034191191196442
                    }
                },
                {
                    "type": "Feature",
                    "geometry": {
                        "type": "Point",
                        "coordinates": [
                            49.2460473,
                            55.7938256
                        ]
                    },
                    "properties": {
                        "createdDate": 1703518516047,
                        "bearing": 0.0,
                        "velocity": 0.06246359646320343
                    }
                }
            ]
        }
    },
    {
        "uuid": "1a9b3e44-8d4d-4992-9593-4fe1b1a3e081",
        "videoId": "1703517918355",
        "filePath": "/vs_data/citysoft-dev/video/2023/12/25/5b8b176f019ea18e/1703517330494/1703517918355/1703517918355.mp4",
        "sessionId": "1703517330494",
        "deviceId": "5b8b176f019ea18e",
        "descriptions": {
            "onDevice": "VladTest",
            "onServer": "VladTest"
        },
        "numbers": {
            "onDevice": "VladTest",
            "onServer": "VladTest"
        },
        "processingStatus": "CORRUPTED",
        "operatorId": 1,
        "creationDate": "2023-12-25T15:25:18.355Z",
        "processedDate": "2023-12-25T16:20:10.664Z",
        "homographyId": null,
        "mergedPartsCount": 304,
        "fps": 0,
        "size": 42698367,
        "resolution": null,
        "errorReason": null,
        "errorModule": null,
        "errorMessage": null,
        "geoJSON": {
            "type": "FeatureCollection",
            "features": [
                {
                    "type": "Feature",
                    "geometry": {
                        "type": "Point",
                        "coordinates": [
                            49.2495055,
                            55.7910845
                        ]
                    },
                    "properties": {
                        "createdDate": 1703517918355,
                        "bearing": 329.8983154296875,
                        "velocity": 6.874040603637695
                    }
                },
                {
                    "type": "Feature",
                    "geometry": {
                        "type": "Point",
                        "coordinates": [
                            49.2494537,
                            55.7911392
                        ]
                    },
                    "properties": {
                        "createdDate": 1703517919346,
                        "bearing": 328.27764892578125,
                        "velocity": 6.218581676483154
                    }
                },
                {
                    "type": "Feature",
                    "geometry": {
                        "type": "Point",
                        "coordinates": [
                            49.2494039,
                            55.791183
                        ]
                    },
                    "properties": {
                        "createdDate": 1703517920355,
                        "bearing": 325.37646484375,
                        "velocity": 5.5836076736450195
                    }
                },
                {
                    "type": "Feature",
                    "geometry": {
                        "type": "Point",
                        "coordinates": [
                            49.2493638,
                            55.7912285
                        ]
                    },
                    "properties": {
                        "createdDate": 1703517921362,
                        "bearing": 330.5852355957031,
                        "velocity": 5.69921875
                    }
                },
                {
                    "type": "Feature",
                    "geometry": {
                        "type": "Point",
                        "coordinates": [
                            49.2493254,
                            55.791278
                        ]
                    },
                    "properties": {
                        "createdDate": 1703517922354,
                        "bearing": 329.21453857421875,
                        "velocity": 5.716132640838623
                    }
                },
                {
                    "type": "Feature",
                    "geometry": {
                        "type": "Point",
                        "coordinates": [
                            49.2492806,
                            55.7913206
                        ]
                    },
                    "properties": {
                        "createdDate": 1703517923362,
                        "bearing": 325.3934326171875,
                        "velocity": 5.710542678833008
                    }
                },
                {
                    "type": "Feature",
                    "geometry": {
                        "type": "Point",
                        "coordinates": [
                            49.2492305,
                            55.7913628
                        ]
                    },
                    "properties": {
                        "createdDate": 1703517924355,
                        "bearing": 325.2698974609375,
                        "velocity": 5.726926803588867
                    }
                },
                {
                    "type": "Feature",
                    "geometry": {
                        "type": "Point",
                        "coordinates": [
                            49.2491822,
                            55.7914029
                        ]
                    },
                    "properties": {
                        "createdDate": 1703517925360,
                        "bearing": 325.2523193359375,
                        "velocity": 5.521074295043945
                    }
                },
                {
                    "type": "Feature",
                    "geometry": {
                        "type": "Point",
                        "coordinates": [
                            49.249135,
                            55.7914404
                        ]
                    },
                    "properties": {
                        "createdDate": 1703517926370,
                        "bearing": 324.3489074707031,
                        "velocity": 5.345754623413086
                    }
                },
                {
                    "type": "Feature",
                    "geometry": {
                        "type": "Point",
                        "coordinates": [
                            49.2490961,
                            55.7914752
                        ]
                    },
                    "properties": {
                        "createdDate": 1703517927364,
                        "bearing": 325.44964599609375,
                        "velocity": 4.899221420288086
                    }
                },
                {
                    "type": "Feature",
                    "geometry": {
                        "type": "Point",
                        "coordinates": [
                            49.2490639,
                            55.7915116
                        ]
                    },
                    "properties": {
                        "createdDate": 1703517928368,
                        "bearing": 325.6664733886719,
                        "velocity": 4.651284694671631
                    }
                },
                {
                    "type": "Feature",
                    "geometry": {
                        "type": "Point",
                        "coordinates": [
                            49.2490418,
                            55.7915428
                        ]
                    },
                    "properties": {
                        "createdDate": 1703517929365,
                        "bearing": 327.53955078125,
                        "velocity": 3.949481725692749
                    }
                },
                {
                    "type": "Feature",
                    "geometry": {
                        "type": "Point",
                        "coordinates": [
                            49.249031,
                            55.7915672
                        ]
                    },
                    "properties": {
                        "createdDate": 1703517930369,
                        "bearing": 326.823974609375,
                        "velocity": 2.3659720420837402
                    }
                },
                {
                    "type": "Feature",
                    "geometry": {
                        "type": "Point",
                        "coordinates": [
                            49.2490305,
                            55.7915841
                        ]
                    },
                    "properties": {
                        "createdDate": 1703517931360,
                        "bearing": 330.4071044921875,
                        "velocity": 1.935361623764038
                    }
                },
                {
                    "type": "Feature",
                    "geometry": {
                        "type": "Point",
                        "coordinates": [
                            49.2490241,
                            55.7916035
                        ]
                    },
                    "properties": {
                        "createdDate": 1703517932368,
                        "bearing": 328.978515625,
                        "velocity": 2.6199862957000732
                    }
                },
                {
                    "type": "Feature",
                    "geometry": {
                        "type": "Point",
                        "coordinates": [
                            49.2490101,
                            55.791634
                        ]
                    },
                    "properties": {
                        "createdDate": 1703517933376,
                        "bearing": 336.6162414550781,
                        "velocity": 2.941232442855835
                    }
                },
                {
                    "type": "Feature",
                    "geometry": {
                        "type": "Point",
                        "coordinates": [
                            49.248995,
                            55.7916641
                        ]
                    },
                    "properties": {
                        "createdDate": 1703517934367,
                        "bearing": 334.2757873535156,
                        "velocity": 2.699836254119873
                    }
                },
                {
                    "type": "Feature",
                    "geometry": {
                        "type": "Point",
                        "coordinates": [
                            49.2489777,
                            55.7916839
                        ]
                    },
                    "properties": {
                        "createdDate": 1703517935375,
                        "bearing": 324.3741455078125,
                        "velocity": 2.0107603073120117
                    }
                },
                {
                    "type": "Feature",
                    "geometry": {
                        "type": "Point",
                        "coordinates": [
                            49.2489598,
                            55.7916972
                        ]
                    },
                    "properties": {
                        "createdDate": 1703517936382,
                        "bearing": 323.3171081542969,
                        "velocity": 1.3625177145004272
                    }
                },
                {
                    "type": "Feature",
                    "geometry": {
                        "type": "Point",
                        "coordinates": [
                            49.2489419,
                            55.7917115
                        ]
                    },
                    "properties": {
                        "createdDate": 1703517937372,
                        "bearing": 319.1644287109375,
                        "velocity": 2.117475986480713
                    }
                },
                {
                    "type": "Feature",
                    "geometry": {
                        "type": "Point",
                        "coordinates": [
                            49.2489127,
                            55.7917324
                        ]
                    },
                    "properties": {
                        "createdDate": 1703517938382,
                        "bearing": 318.04095458984375,
                        "velocity": 3.011770486831665
                    }
                },
                {
                    "type": "Feature",
                    "geometry": {
                        "type": "Point",
                        "coordinates": [
                            49.2488777,
                            55.7917496
                        ]
                    },
                    "properties": {
                        "createdDate": 1703517939388,
                        "bearing": 314.31640625,
                        "velocity": 3.3157143592834473
                    }
                },
                {
                    "type": "Feature",
                    "geometry": {
                        "type": "Point",
                        "coordinates": [
                            49.2488376,
                            55.7917716
                        ]
                    },
                    "properties": {
                        "createdDate": 1703517940381,
                        "bearing": 324.19610595703125,
                        "velocity": 4.427911281585693
                    }
                },
                {
                    "type": "Feature",
                    "geometry": {
                        "type": "Point",
                        "coordinates": [
                            49.2487903,
                            55.7918061
                        ]
                    },
                    "properties": {
                        "createdDate": 1703517941389,
                        "bearing": 322.99993896484375,
                        "velocity": 5.22259521484375
                    }
                },
                {
                    "type": "Feature",
                    "geometry": {
                        "type": "Point",
                        "coordinates": [
                            49.248739,
                            55.7918458
                        ]
                    },
                    "properties": {
                        "createdDate": 1703517942382,
                        "bearing": 324.7375183105469,
                        "velocity": 5.584164619445801
                    }
                },
                {
                    "type": "Feature",
                    "geometry": {
                        "type": "Point",
                        "coordinates": [
                            49.2486842,
                            55.7918904
                        ]
                    },
                    "properties": {
                        "createdDate": 1703517943389,
                        "bearing": 323.11944580078125,
                        "velocity": 6.323318958282471
                    }
                },
                {
                    "type": "Feature",
                    "geometry": {
                        "type": "Point",
                        "coordinates": [
                            49.2486272,
                            55.7919187
                        ]
                    },
                    "properties": {
                        "createdDate": 1703517944398,
                        "bearing": 324.61572265625,
                        "velocity": 6.0540337562561035
                    }
                },
                {
                    "type": "Feature",
                    "geometry": {
                        "type": "Point",
                        "coordinates": [
                            49.2485894,
                            55.7919601
                        ]
                    },
                    "properties": {
                        "createdDate": 1703517945389,
                        "bearing": 333.4649658203125,
                        "velocity": 5.704037666320801
                    }
                },
                {
                    "type": "Feature",
                    "geometry": {
                        "type": "Point",
                        "coordinates": [
                            49.2485628,
                            55.7920125
                        ]
                    },
                    "properties": {
                        "createdDate": 1703517946398,
                        "bearing": 336.6781921386719,
                        "velocity": 6.049870491027832
                    }
                },
                {
                    "type": "Feature",
                    "geometry": {
                        "type": "Point",
                        "coordinates": [
                            49.2485438,
                            55.7920607
                        ]
                    },
                    "properties": {
                        "createdDate": 1703517947403,
                        "bearing": 338.8460693359375,
                        "velocity": 5.928400039672852
                    }
                },
                {
                    "type": "Feature",
                    "geometry": {
                        "type": "Point",
                        "coordinates": [
                            49.2485026,
                            55.7921063
                        ]
                    },
                    "properties": {
                        "createdDate": 1703517948399,
                        "bearing": 333.6404113769531,
                        "velocity": 5.899876117706299
                    }
                },
                {
                    "type": "Feature",
                    "geometry": {
                        "type": "Point",
                        "coordinates": [
                            49.2484541,
                            55.792151
                        ]
                    },
                    "properties": {
                        "createdDate": 1703517949402,
                        "bearing": 329.5148620605469,
                        "velocity": 5.869614124298096
                    }
                },
                {
                    "type": "Feature",
                    "geometry": {
                        "type": "Point",
                        "coordinates": [
                            49.2483995,
                            55.7922029
                        ]
                    },
                    "properties": {
                        "createdDate": 1703517950410,
                        "bearing": 331.6188049316406,
                        "velocity": 6.719793319702148
                    }
                },
                {
                    "type": "Feature",
                    "geometry": {
                        "type": "Point",
                        "coordinates": [
                            49.2483509,
                            55.792254
                        ]
                    },
                    "properties": {
                        "createdDate": 1703517951404,
                        "bearing": 332.8812255859375,
                        "velocity": 6.39484167098999
                    }
                },
                {
                    "type": "Feature",
                    "geometry": {
                        "type": "Point",
                        "coordinates": [
                            49.2483034,
                            55.7923088
                        ]
                    },
                    "properties": {
                        "createdDate": 1703517952410,
                        "bearing": 332.98162841796875,
                        "velocity": 6.563343048095703
                    }
                },
                {
                    "type": "Feature",
                    "geometry": {
                        "type": "Point",
                        "coordinates": [
                            49.2482575,
                            55.7923664
                        ]
                    },
                    "properties": {
                        "createdDate": 1703517953407,
                        "bearing": 333.9261169433594,
                        "velocity": 6.6710076332092285
                    }
                },
                {
                    "type": "Feature",
                    "geometry": {
                        "type": "Point",
                        "coordinates": [
                            49.2482114,
                            55.7924295
                        ]
                    },
                    "properties": {
                        "createdDate": 1703517954409,
                        "bearing": 333.98809814453125,
                        "velocity": 7.1308112144470215
                    }
                },
                {
                    "type": "Feature",
                    "geometry": {
                        "type": "Point",
                        "coordinates": [
                            49.2481661,
                            55.7924915
                        ]
                    },
                    "properties": {
                        "createdDate": 1703517955405,
                        "bearing": 332.3321228027344,
                        "velocity": 6.789205551147461
                    }
                },
                {
                    "type": "Feature",
                    "geometry": {
                        "type": "Point",
                        "coordinates": [
                            49.2481187,
                            55.7925511
                        ]
                    },
                    "properties": {
                        "createdDate": 1703517956414,
                        "bearing": 332.99639892578125,
                        "velocity": 6.725211143493652
                    }
                },
                {
                    "type": "Feature",
                    "geometry": {
                        "type": "Point",
                        "coordinates": [
                            49.2480652,
                            55.7926097
                        ]
                    },
                    "properties": {
                        "createdDate": 1703517957416,
                        "bearing": 331.171142578125,
                        "velocity": 7.027792930603027
                    }
                },
                {
                    "type": "Feature",
                    "geometry": {
                        "type": "Point",
                        "coordinates": [
                            49.2480032,
                            55.7926661
                        ]
                    },
                    "properties": {
                        "createdDate": 1703517958407,
                        "bearing": 327.5030212402344,
                        "velocity": 6.9487690925598145
                    }
                },
                {
                    "type": "Feature",
                    "geometry": {
                        "type": "Point",
                        "coordinates": [
                            49.2479459,
                            55.7927352
                        ]
                    },
                    "properties": {
                        "createdDate": 1703517959417,
                        "bearing": 330.7748107910156,
                        "velocity": 7.190607070922852
                    }
                },
                {
                    "type": "Feature",
                    "geometry": {
                        "type": "Point",
                        "coordinates": [
                            49.2478802,
                            55.792801
                        ]
                    },
                    "properties": {
                        "createdDate": 1703517960406,
                        "bearing": 323.88323974609375,
                        "velocity": 7.595381259918213
                    }
                },
                {
                    "type": "Feature",
                    "geometry": {
                        "type": "Point",
                        "coordinates": [
                            49.2478123,
                            55.7928683
                        ]
                    },
                    "properties": {
                        "createdDate": 1703517961415,
                        "bearing": 328.55145263671875,
                        "velocity": 7.378050804138184
                    }
                },
                {
                    "type": "Feature",
                    "geometry": {
                        "type": "Point",
                        "coordinates": [
                            49.2477493,
                            55.7929247
                        ]
                    },
                    "properties": {
                        "createdDate": 1703517962423,
                        "bearing": 329.96844482421875,
                        "velocity": 6.3651251792907715
                    }
                },
                {
                    "type": "Feature",
                    "geometry": {
                        "type": "Point",
                        "coordinates": [
                            49.2476916,
                            55.7929725
                        ]
                    },
                    "properties": {
                        "createdDate": 1703517963417,
                        "bearing": 334.55657958984375,
                        "velocity": 5.966530799865723
                    }
                },
                {
                    "type": "Feature",
                    "geometry": {
                        "type": "Point",
                        "coordinates": [
                            49.2476467,
                            55.7930189
                        ]
                    },
                    "properties": {
                        "createdDate": 1703517964423,
                        "bearing": 333.2610168457031,
                        "velocity": 5.252971649169922
                    }
                },
                {
                    "type": "Feature",
                    "geometry": {
                        "type": "Point",
                        "coordinates": [
                            49.247605,
                            55.793065
                        ]
                    },
                    "properties": {
                        "createdDate": 1703517965430,
                        "bearing": 333.0495300292969,
                        "velocity": 5.14705228805542
                    }
                },
                {
                    "type": "Feature",
                    "geometry": {
                        "type": "Point",
                        "coordinates": [
                            49.2475694,
                            55.7931099
                        ]
                    },
                    "properties": {
                        "createdDate": 1703517966421,
                        "bearing": 334.9698791503906,
                        "velocity": 4.611275672912598
                    }
                },
                {
                    "type": "Feature",
                    "geometry": {
                        "type": "Point",
                        "coordinates": [
                            49.2475406,
                            55.7931503
                        ]
                    },
                    "properties": {
                        "createdDate": 1703517967431,
                        "bearing": 332.3537292480469,
                        "velocity": 4.459042549133301
                    }
                },
                {
                    "type": "Feature",
                    "geometry": {
                        "type": "Point",
                        "coordinates": [
                            49.247514,
                            55.7931923
                        ]
                    },
                    "properties": {
                        "createdDate": 1703517968421,
                        "bearing": 333.9819030761719,
                        "velocity": 4.243897438049316
                    }
                },
                {
                    "type": "Feature",
                    "geometry": {
                        "type": "Point",
                        "coordinates": [
                            49.247487,
                            55.7932265
                        ]
                    },
                    "properties": {
                        "createdDate": 1703517969429,
                        "bearing": 329.8822021484375,
                        "velocity": 3.524209976196289
                    }
                },
                {
                    "type": "Feature",
                    "geometry": {
                        "type": "Point",
                        "coordinates": [
                            49.2474679,
                            55.7932605
                        ]
                    },
                    "properties": {
                        "createdDate": 1703517970437,
                        "bearing": 332.8803405761719,
                        "velocity": 3.440375566482544
                    }
                },
                {
                    "type": "Feature",
                    "geometry": {
                        "type": "Point",
                        "coordinates": [
                            49.2474489,
                            55.7932942
                        ]
                    },
                    "properties": {
                        "createdDate": 1703517971428,
                        "bearing": 330.5431213378906,
                        "velocity": 3.4285659790039062
                    }
                },
                {
                    "type": "Feature",
                    "geometry": {
                        "type": "Point",
                        "coordinates": [
                            49.2474302,
                            55.7933224
                        ]
                    },
                    "properties": {
                        "createdDate": 1703517972437,
                        "bearing": 332.97955322265625,
                        "velocity": 3.013176202774048
                    }
                },
                {
                    "type": "Feature",
                    "geometry": {
                        "type": "Point",
                        "coordinates": [
                            49.2474215,
                            55.7933453
                        ]
                    },
                    "properties": {
                        "createdDate": 1703517973426,
                        "bearing": 336.8982849121094,
                        "velocity": 2.4880759716033936
                    }
                },
                {
                    "type": "Feature",
                    "geometry": {
                        "type": "Point",
                        "coordinates": [
                            49.2474157,
                            55.7933724
                        ]
                    },
                    "properties": {
                        "createdDate": 1703517974439,
                        "bearing": 333.72576904296875,
                        "velocity": 2.5196614265441895
                    }
                },
                {
                    "type": "Feature",
                    "geometry": {
                        "type": "Point",
                        "coordinates": [
                            49.2474077,
                            55.7933965
                        ]
                    },
                    "properties": {
                        "createdDate": 1703517975444,
                        "bearing": 334.4924621582031,
                        "velocity": 2.051234722137451
                    }
                },
                {
                    "type": "Feature",
                    "geometry": {
                        "type": "Point",
                        "coordinates": [
                            49.2473993,
                            55.793418
                        ]
                    },
                    "properties": {
                        "createdDate": 1703517976441,
                        "bearing": 338.8549499511719,
                        "velocity": 1.8789511919021606
                    }
                },
                {
                    "type": "Feature",
                    "geometry": {
                        "type": "Point",
                        "coordinates": [
                            49.2473875,
                            55.7934306
                        ]
                    },
                    "properties": {
                        "createdDate": 1703517977444,
                        "bearing": 356.0165710449219,
                        "velocity": 0.24206215143203735
                    }
                },
                {
                    "type": "Feature",
                    "geometry": {
                        "type": "Point",
                        "coordinates": [
                            49.2473811,
                            55.7934307
                        ]
                    },
                    "properties": {
                        "createdDate": 1703517978451,
                        "bearing": 0.0,
                        "velocity": 0.03959339112043381
                    }
                },
                {
                    "type": "Feature",
                    "geometry": {
                        "type": "Point",
                        "coordinates": [
                            49.2473781,
                            55.7934315
                        ]
                    },
                    "properties": {
                        "createdDate": 1703517979446,
                        "bearing": 0.0,
                        "velocity": 0.005424243398010731
                    }
                },
                {
                    "type": "Feature",
                    "geometry": {
                        "type": "Point",
                        "coordinates": [
                            49.2473771,
                            55.7934317
                        ]
                    },
                    "properties": {
                        "createdDate": 1703517980451,
                        "bearing": 0.0,
                        "velocity": 5.795664619654417E-4
                    }
                },
                {
                    "type": "Feature",
                    "geometry": {
                        "type": "Point",
                        "coordinates": [
                            49.2473768,
                            55.7934317
                        ]
                    },
                    "properties": {
                        "createdDate": 1703517981458,
                        "bearing": 0.0,
                        "velocity": 6.568300887010992E-5
                    }
                },
                {
                    "type": "Feature",
                    "geometry": {
                        "type": "Point",
                        "coordinates": [
                            49.2473767,
                            55.7934317
                        ]
                    },
                    "properties": {
                        "createdDate": 1703517982450,
                        "bearing": 0.0,
                        "velocity": 6.856776508357143E-6
                    }
                },
                {
                    "type": "Feature",
                    "geometry": {
                        "type": "Point",
                        "coordinates": [
                            49.2473468,
                            55.7934347
                        ]
                    },
                    "properties": {
                        "createdDate": 1703517994479,
                        "bearing": 262.6614685058594,
                        "velocity": 0.3270682394504547
                    }
                },
                {
                    "type": "Feature",
                    "geometry": {
                        "type": "Point",
                        "coordinates": [
                            49.2473162,
                            55.7934363
                        ]
                    },
                    "properties": {
                        "createdDate": 1703517995474,
                        "bearing": 267.7400207519531,
                        "velocity": 0.7350159883499146
                    }
                },
                {
                    "type": "Feature",
                    "geometry": {
                        "type": "Point",
                        "coordinates": [
                            49.2472814,
                            55.7934346
                        ]
                    },
                    "properties": {
                        "createdDate": 1703517996477,
                        "bearing": 254.9658660888672,
                        "velocity": 1.2093547582626343
                    }
                },
                {
                    "type": "Feature",
                    "geometry": {
                        "type": "Point",
                        "coordinates": [
                            49.2472406,
                            55.7934243
                        ]
                    },
                    "properties": {
                        "createdDate": 1703517997470,
                        "bearing": 240.02877807617188,
                        "velocity": 1.7746386528015137
                    }
                },
                {
                    "type": "Feature",
                    "geometry": {
                        "type": "Point",
                        "coordinates": [
                            49.2471887,
                            55.7934068
                        ]
                    },
                    "properties": {
                        "createdDate": 1703517998478,
                        "bearing": 236.4480438232422,
                        "velocity": 2.5383522510528564
                    }
                },
                {
                    "type": "Feature",
                    "geometry": {
                        "type": "Point",
                        "coordinates": [
                            49.2471236,
                            55.7933855
                        ]
                    },
                    "properties": {
                        "createdDate": 1703517999470,
                        "bearing": 235.8783721923828,
                        "velocity": 3.3439579010009766
                    }
                },
                {
                    "type": "Feature",
                    "geometry": {
                        "type": "Point",
                        "coordinates": [
                            49.2470511,
                            55.7933622
                        ]
                    },
                    "properties": {
                        "createdDate": 1703518000477,
                        "bearing": 235.58364868164062,
                        "velocity": 3.9734156131744385
                    }
                },
                {
                    "type": "Feature",
                    "geometry": {
                        "type": "Point",
                        "coordinates": [
                            49.2469742,
                            55.7933376
                        ]
                    },
                    "properties": {
                        "createdDate": 1703518001484,
                        "bearing": 236.02586364746094,
                        "velocity": 4.39971923828125
                    }
                },
                {
                    "type": "Feature",
                    "geometry": {
                        "type": "Point",
                        "coordinates": [
                            49.2468944,
                            55.7933104
                        ]
                    },
                    "properties": {
                        "createdDate": 1703518002480,
                        "bearing": 236.12564086914062,
                        "velocity": 4.804082870483398
                    }
                },
                {
                    "type": "Feature",
                    "geometry": {
                        "type": "Point",
                        "coordinates": [
                            49.2468125,
                            55.7932834
                        ]
                    },
                    "properties": {
                        "createdDate": 1703518003472,
                        "bearing": 236.875244140625,
                        "velocity": 5.135968208312988
                    }
                },
                {
                    "type": "Feature",
                    "geometry": {
                        "type": "Point",
                        "coordinates": [
                            49.2467205,
                            55.7932561
                        ]
                    },
                    "properties": {
                        "createdDate": 1703518004491,
                        "bearing": 238.2773895263672,
                        "velocity": 5.453858852386475
                    }
                },
                {
                    "type": "Feature",
                    "geometry": {
                        "type": "Point",
                        "coordinates": [
                            49.2466259,
                            55.7932328
                        ]
                    },
                    "properties": {
                        "createdDate": 1703518005500,
                        "bearing": 241.544677734375,
                        "velocity": 5.639899253845215
                    }
                },
                {
                    "type": "Feature",
                    "geometry": {
                        "type": "Point",
                        "coordinates": [
                            49.2465252,
                            55.7932105
                        ]
                    },
                    "properties": {
                        "createdDate": 1703518006492,
                        "bearing": 243.6067352294922,
                        "velocity": 5.805354595184326
                    }
                },
                {
                    "type": "Feature",
                    "geometry": {
                        "type": "Point",
                        "coordinates": [
                            49.2464239,
                            55.7931936
                        ]
                    },
                    "properties": {
                        "createdDate": 1703518007499,
                        "bearing": 246.3289794921875,
                        "velocity": 5.898522853851318
                    }
                },
                {
                    "type": "Feature",
                    "geometry": {
                        "type": "Point",
                        "coordinates": [
                            49.2463251,
                            55.793176
                        ]
                    },
                    "properties": {
                        "createdDate": 1703518008496,
                        "bearing": 248.4237823486328,
                        "velocity": 5.9513044357299805
                    }
                },
                {
                    "type": "Feature",
                    "geometry": {
                        "type": "Point",
                        "coordinates": [
                            49.2462379,
                            55.7931532
                        ]
                    },
                    "properties": {
                        "createdDate": 1703518009498,
                        "bearing": 246.4234619140625,
                        "velocity": 5.934239864349365
                    }
                },
                {
                    "type": "Feature",
                    "geometry": {
                        "type": "Point",
                        "coordinates": [
                            49.2461502,
                            55.7931307
                        ]
                    },
                    "properties": {
                        "createdDate": 1703518010505,
                        "bearing": 245.6729736328125,
                        "velocity": 5.939643859863281
                    }
                },
                {
                    "type": "Feature",
                    "geometry": {
                        "type": "Point",
                        "coordinates": [
                            49.2460654,
                            55.7931109
                        ]
                    },
                    "properties": {
                        "createdDate": 1703518011498,
                        "bearing": 247.1015625,
                        "velocity": 5.814320087432861
                    }
                },
                {
                    "type": "Feature",
                    "geometry": {
                        "type": "Point",
                        "coordinates": [
                            49.2459935,
                            55.7930991
                        ]
                    },
                    "properties": {
                        "createdDate": 1703518012506,
                        "bearing": 249.59156799316406,
                        "velocity": 5.4376420974731445
                    }
                },
                {
                    "type": "Feature",
                    "geometry": {
                        "type": "Point",
                        "coordinates": [
                            49.2459295,
                            55.7930955
                        ]
                    },
                    "properties": {
                        "createdDate": 1703518013498,
                        "bearing": 252.22808837890625,
                        "velocity": 5.102055549621582
                    }
                },
                {
                    "type": "Feature",
                    "geometry": {
                        "type": "Point",
                        "coordinates": [
                            49.2458679,
                            55.7930948
                        ]
                    },
                    "properties": {
                        "createdDate": 1703518014507,
                        "bearing": 256.0904541015625,
                        "velocity": 4.738828182220459
                    }
                },
                {
                    "type": "Feature",
                    "geometry": {
                        "type": "Point",
                        "coordinates": [
                            49.2458117,
                            55.7930847
                        ]
                    },
                    "properties": {
                        "createdDate": 1703518015513,
                        "bearing": 254.7883758544922,
                        "velocity": 4.421695709228516
                    }
                },
                {
                    "type": "Feature",
                    "geometry": {
                        "type": "Point",
                        "coordinates": [
                            49.2457475,
                            55.7930757
                        ]
                    },
                    "properties": {
                        "createdDate": 1703518016506,
                        "bearing": 254.57492065429688,
                        "velocity": 4.116838455200195
                    }
                },
                {
                    "type": "Feature",
                    "geometry": {
                        "type": "Point",
                        "coordinates": [
                            49.2456773,
                            55.7930664
                        ]
                    },
                    "properties": {
                        "createdDate": 1703518017512,
                        "bearing": 252.28089904785156,
                        "velocity": 4.165397644042969
                    }
                },
                {
                    "type": "Feature",
                    "geometry": {
                        "type": "Point",
                        "coordinates": [
                            49.2455997,
                            55.7930504
                        ]
                    },
                    "properties": {
                        "createdDate": 1703518018519,
                        "bearing": 248.54644775390625,
                        "velocity": 4.3529372215271
                    }
                },
                {
                    "type": "Feature",
                    "geometry": {
                        "type": "Point",
                        "coordinates": [
                            49.2455268,
                            55.793035
                        ]
                    },
                    "properties": {
                        "createdDate": 1703518019512,
                        "bearing": 248.8524169921875,
                        "velocity": 4.2198567390441895
                    }
                },
                {
                    "type": "Feature",
                    "geometry": {
                        "type": "Point",
                        "coordinates": [
                            49.2454632,
                            55.7930232
                        ]
                    },
                    "properties": {
                        "createdDate": 1703518020518,
                        "bearing": 251.12013244628906,
                        "velocity": 3.9961657524108887
                    }
                },
                {
                    "type": "Feature",
                    "geometry": {
                        "type": "Point",
                        "coordinates": [
                            49.2454031,
                            55.7930084
                        ]
                    },
                    "properties": {
                        "createdDate": 1703518021514,
                        "bearing": 248.00991821289062,
                        "velocity": 3.9391050338745117
                    }
                },
                {
                    "type": "Feature",
                    "geometry": {
                        "type": "Point",
                        "coordinates": [
                            49.245353,
                            55.7929914
                        ]
                    },
                    "properties": {
                        "createdDate": 1703518022518,
                        "bearing": 244.468505859375,
                        "velocity": 3.684730052947998
                    }
                },
                {
                    "type": "Feature",
                    "geometry": {
                        "type": "Point",
                        "coordinates": [
                            49.2453152,
                            55.7929759
                        ]
                    },
                    "properties": {
                        "createdDate": 1703518023526,
                        "bearing": 244.22518920898438,
                        "velocity": 3.251598834991455
                    }
                },
                {
                    "type": "Feature",
                    "geometry": {
                        "type": "Point",
                        "coordinates": [
                            49.2452896,
                            55.792968
                        ]
                    },
                    "properties": {
                        "createdDate": 1703518024521,
                        "bearing": 246.6251678466797,
                        "velocity": 1.7457481622695923
                    }
                },
                {
                    "type": "Feature",
                    "geometry": {
                        "type": "Point",
                        "coordinates": [
                            49.2452733,
                            55.7929664
                        ]
                    },
                    "properties": {
                        "createdDate": 1703518025526,
                        "bearing": 246.3193359375,
                        "velocity": 1.441938042640686
                    }
                },
                {
                    "type": "Feature",
                    "geometry": {
                        "type": "Point",
                        "coordinates": [
                            49.2452457,
                            55.7929704
                        ]
                    },
                    "properties": {
                        "createdDate": 1703518026518,
                        "bearing": 316.9669189453125,
                        "velocity": 2.1154844760894775
                    }
                },
                {
                    "type": "Feature",
                    "geometry": {
                        "type": "Point",
                        "coordinates": [
                            49.2452324,
                            55.7929897
                        ]
                    },
                    "properties": {
                        "createdDate": 1703518027527,
                        "bearing": 323.4759521484375,
                        "velocity": 2.855924606323242
                    }
                },
                {
                    "type": "Feature",
                    "geometry": {
                        "type": "Point",
                        "coordinates": [
                            49.2452165,
                            55.7930116
                        ]
                    },
                    "properties": {
                        "createdDate": 1703518028535,
                        "bearing": 327.51220703125,
                        "velocity": 4.005667209625244
                    }
                },
                {
                    "type": "Feature",
                    "geometry": {
                        "type": "Point",
                        "coordinates": [
                            49.2451839,
                            55.7930467
                        ]
                    },
                    "properties": {
                        "createdDate": 1703518029531,
                        "bearing": 326.98681640625,
                        "velocity": 4.827807903289795
                    }
                },
                {
                    "type": "Feature",
                    "geometry": {
                        "type": "Point",
                        "coordinates": [
                            49.2451361,
                            55.7930748
                        ]
                    },
                    "properties": {
                        "createdDate": 1703518030532,
                        "bearing": 329.2798767089844,
                        "velocity": 5.0002546310424805
                    }
                },
                {
                    "type": "Feature",
                    "geometry": {
                        "type": "Point",
                        "coordinates": [
                            49.2450951,
                            55.7931087
                        ]
                    },
                    "properties": {
                        "createdDate": 1703518031542,
                        "bearing": 328.93243408203125,
                        "velocity": 5.2284417152404785
                    }
                },
                {
                    "type": "Feature",
                    "geometry": {
                        "type": "Point",
                        "coordinates": [
                            49.2450354,
                            55.7931342
                        ]
                    },
                    "properties": {
                        "createdDate": 1703518032533,
                        "bearing": 328.692138671875,
                        "velocity": 4.919325351715088
                    }
                },
                {
                    "type": "Feature",
                    "geometry": {
                        "type": "Point",
                        "coordinates": [
                            49.2449642,
                            55.7931501
                        ]
                    },
                    "properties": {
                        "createdDate": 1703518033541,
                        "bearing": 319.8188781738281,
                        "velocity": 4.362066745758057
                    }
                },
                {
                    "type": "Feature",
                    "geometry": {
                        "type": "Point",
                        "coordinates": [
                            49.2449215,
                            55.7931692
                        ]
                    },
                    "properties": {
                        "createdDate": 1703518034534,
                        "bearing": 324.93634033203125,
                        "velocity": 3.4886679649353027
                    }
                },
                {
                    "type": "Feature",
                    "geometry": {
                        "type": "Point",
                        "coordinates": [
                            49.2448878,
                            55.7931877
                        ]
                    },
                    "properties": {
                        "createdDate": 1703518035541,
                        "bearing": 328.4163513183594,
                        "velocity": 2.8409125804901123
                    }
                },
                {
                    "type": "Feature",
                    "geometry": {
                        "type": "Point",
                        "coordinates": [
                            49.2448635,
                            55.7932039
                        ]
                    },
                    "properties": {
                        "createdDate": 1703518036535,
                        "bearing": 327.1281433105469,
                        "velocity": 2.5412631034851074
                    }
                },
                {
                    "type": "Feature",
                    "geometry": {
                        "type": "Point",
                        "coordinates": [
                            49.2448525,
                            55.7932208
                        ]
                    },
                    "properties": {
                        "createdDate": 1703518037541,
                        "bearing": 336.3914489746094,
                        "velocity": 1.9357558488845825
                    }
                },
                {
                    "type": "Feature",
                    "geometry": {
                        "type": "Point",
                        "coordinates": [
                            49.2448471,
                            55.7932319
                        ]
                    },
                    "properties": {
                        "createdDate": 1703518038547,
                        "bearing": 345.32623291015625,
                        "velocity": 1.5770647525787354
                    }
                },
                {
                    "type": "Feature",
                    "geometry": {
                        "type": "Point",
                        "coordinates": [
                            49.2448438,
                            55.7932441
                        ]
                    },
                    "properties": {
                        "createdDate": 1703518039544,
                        "bearing": 0.9952270984649658,
                        "velocity": 1.694801688194275
                    }
                },
                {
                    "type": "Feature",
                    "geometry": {
                        "type": "Point",
                        "coordinates": [
                            49.2448471,
                            55.793251
                        ]
                    },
                    "properties": {
                        "createdDate": 1703518040548,
                        "bearing": 0.002062218263745308,
                        "velocity": 0.15827523171901703
                    }
                },
                {
                    "type": "Feature",
                    "geometry": {
                        "type": "Point",
                        "coordinates": [
                            49.244857,
                            55.793253
                        ]
                    },
                    "properties": {
                        "createdDate": 1703518041554,
                        "bearing": 0.0,
                        "velocity": 0.022310076281428337
                    }
                },
                {
                    "type": "Feature",
                    "geometry": {
                        "type": "Point",
                        "coordinates": [
                            49.2448692,
                            55.7932568
                        ]
                    },
                    "properties": {
                        "createdDate": 1703518042550,
                        "bearing": 0.0,
                        "velocity": 0.00612488342449069
                    }
                },
                {
                    "type": "Feature",
                    "geometry": {
                        "type": "Point",
                        "coordinates": [
                            49.2448731,
                            55.7932579
                        ]
                    },
                    "properties": {
                        "createdDate": 1703518043554,
                        "bearing": 0.0,
                        "velocity": 0.0015759060624986887
                    }
                },
                {
                    "type": "Feature",
                    "geometry": {
                        "type": "Point",
                        "coordinates": [
                            49.2448744,
                            55.7932582
                        ]
                    },
                    "properties": {
                        "createdDate": 1703518044562,
                        "bearing": 0.0,
                        "velocity": 4.625558212865144E-4
                    }
                },
                {
                    "type": "Feature",
                    "geometry": {
                        "type": "Point",
                        "coordinates": [
                            49.2448748,
                            55.7932583
                        ]
                    },
                    "properties": {
                        "createdDate": 1703518045553,
                        "bearing": 0.0,
                        "velocity": 1.3532687444239855E-4
                    }
                },
                {
                    "type": "Feature",
                    "geometry": {
                        "type": "Point",
                        "coordinates": [
                            49.2448749,
                            55.7932583
                        ]
                    },
                    "properties": {
                        "createdDate": 1703518046561,
                        "bearing": 0.0,
                        "velocity": 8.376593177672476E-5
                    }
                },
                {
                    "type": "Feature",
                    "geometry": {
                        "type": "Point",
                        "coordinates": [
                            49.244875,
                            55.7932583
                        ]
                    },
                    "properties": {
                        "createdDate": 1703518047553,
                        "bearing": 0.0,
                        "velocity": 1.4562179785571061E-5
                    }
                },
                {
                    "type": "Feature",
                    "geometry": {
                        "type": "Point",
                        "coordinates": [
                            49.2449609,
                            55.793302
                        ]
                    },
                    "properties": {
                        "createdDate": 1703518052563,
                        "bearing": 1.2971501350402832,
                        "velocity": 0.22669751942157745
                    }
                },
                {
                    "type": "Feature",
                    "geometry": {
                        "type": "Point",
                        "coordinates": [
                            49.2450078,
                            55.793324
                        ]
                    },
                    "properties": {
                        "createdDate": 1703518053567,
                        "bearing": 52.09567642211914,
                        "velocity": 1.614786148071289
                    }
                },
                {
                    "type": "Feature",
                    "geometry": {
                        "type": "Point",
                        "coordinates": [
                            49.2450321,
                            55.7933356
                        ]
                    },
                    "properties": {
                        "createdDate": 1703518054575,
                        "bearing": 63.188720703125,
                        "velocity": 1.822792649269104
                    }
                },
                {
                    "type": "Feature",
                    "geometry": {
                        "type": "Point",
                        "coordinates": [
                            49.2450316,
                            55.7933384
                        ]
                    },
                    "properties": {
                        "createdDate": 1703518055568,
                        "bearing": 68.59578704833984,
                        "velocity": 1.5997802019119263
                    }
                },
                {
                    "type": "Feature",
                    "geometry": {
                        "type": "Point",
                        "coordinates": [
                            49.2450498,
                            55.7933407
                        ]
                    },
                    "properties": {
                        "createdDate": 1703518056575,
                        "bearing": 71.0280532836914,
                        "velocity": 1.4254882335662842
                    }
                },
                {
                    "type": "Feature",
                    "geometry": {
                        "type": "Point",
                        "coordinates": [
                            49.2450817,
                            55.7933449
                        ]
                    },
                    "properties": {
                        "createdDate": 1703518057565,
                        "bearing": 73.74857330322266,
                        "velocity": 1.5960636138916016
                    }
                },
                {
                    "type": "Feature",
                    "geometry": {
                        "type": "Point",
                        "coordinates": [
                            49.2451364,
                            55.7933358
                        ]
                    },
                    "properties": {
                        "createdDate": 1703518058575,
                        "bearing": 90.92522430419922,
                        "velocity": 2.153087615966797
                    }
                },
                {
                    "type": "Feature",
                    "geometry": {
                        "type": "Point",
                        "coordinates": [
                            49.2451962,
                            55.7933173
                        ]
                    },
                    "properties": {
                        "createdDate": 1703518059581,
                        "bearing": 103.64340209960938,
                        "velocity": 2.6923727989196777
                    }
                },
                {
                    "type": "Feature",
                    "geometry": {
                        "type": "Point",
                        "coordinates": [
                            49.2452408,
                            55.7933079
                        ]
                    },
                    "properties": {
                        "createdDate": 1703518060588,
                        "bearing": 104.87612915039062,
                        "velocity": 2.6727187633514404
                    }
                },
                {
                    "type": "Feature",
                    "geometry": {
                        "type": "Point",
                        "coordinates": [
                            49.245281,
                            55.7933018
                        ]
                    },
                    "properties": {
                        "createdDate": 1703518061584,
                        "bearing": 103.88860321044922,
                        "velocity": 2.606109619140625
                    }
                },
                {
                    "type": "Feature",
                    "geometry": {
                        "type": "Point",
                        "coordinates": [
                            49.2453204,
                            55.793299
                        ]
                    },
                    "properties": {
                        "createdDate": 1703518062587,
                        "bearing": 101.693115234375,
                        "velocity": 2.5299596786499023
                    }
                },
                {
                    "type": "Feature",
                    "geometry": {
                        "type": "Point",
                        "coordinates": [
                            49.2453586,
                            55.7932996
                        ]
                    },
                    "properties": {
                        "createdDate": 1703518063581,
                        "bearing": 97.8066635131836,
                        "velocity": 2.47611141204834
                    }
                },
                {
                    "type": "Feature",
                    "geometry": {
                        "type": "Point",
                        "coordinates": [
                            49.2453994,
                            55.7932989
                        ]
                    },
                    "properties": {
                        "createdDate": 1703518064587,
                        "bearing": 96.94542694091797,
                        "velocity": 2.502143383026123
                    }
                },
                {
                    "type": "Feature",
                    "geometry": {
                        "type": "Point",
                        "coordinates": [
                            49.2454326,
                            55.7933055
                        ]
                    },
                    "properties": {
                        "createdDate": 1703518065579,
                        "bearing": 90.30657196044922,
                        "velocity": 2.332136869430542
                    }
                },
                {
                    "type": "Feature",
                    "geometry": {
                        "type": "Point",
                        "coordinates": [
                            49.2458602,
                            55.7933046
                        ]
                    },
                    "properties": {
                        "createdDate": 1703518081606,
                        "bearing": 90.21634674072266,
                        "velocity": 2.0556418895721436
                    }
                },
                {
                    "type": "Feature",
                    "geometry": {
                        "type": "Point",
                        "coordinates": [
                            49.2459582,
                            55.7933047
                        ]
                    },
                    "properties": {
                        "createdDate": 1703518086612,
                        "bearing": 90.13416290283203,
                        "velocity": 1.80905282497406
                    }
                },
                {
                    "type": "Feature",
                    "geometry": {
                        "type": "Point",
                        "coordinates": [
                            49.2429275,
                            55.7886688
                        ]
                    },
                    "properties": {
                        "createdDate": 1703518146640,
                        "bearing": 0.0,
                        "velocity": 0.0
                    }
                },
                {
                    "type": "Feature",
                    "geometry": {
                        "type": "Point",
                        "coordinates": [
                            49.24566,
                            55.7936783
                        ]
                    },
                    "properties": {
                        "createdDate": 1703518160651,
                        "bearing": 359.0,
                        "velocity": 2.5036089420318604
                    }
                },
                {
                    "type": "Feature",
                    "geometry": {
                        "type": "Point",
                        "coordinates": [
                            49.245597,
                            55.793652
                        ]
                    },
                    "properties": {
                        "createdDate": 1703518161659,
                        "bearing": 348.17449951171875,
                        "velocity": 1.5397840738296509
                    }
                },
                {
                    "type": "Feature",
                    "geometry": {
                        "type": "Point",
                        "coordinates": [
                            49.2456357,
                            55.7936694
                        ]
                    },
                    "properties": {
                        "createdDate": 1703518162650,
                        "bearing": 0.7249393463134766,
                        "velocity": 1.0456470251083374
                    }
                },
                {
                    "type": "Feature",
                    "geometry": {
                        "type": "Point",
                        "coordinates": [
                            49.2456496,
                            55.7936325
                        ]
                    },
                    "properties": {
                        "createdDate": 1703518163641,
                        "bearing": 176.3511505126953,
                        "velocity": 0.2913624942302704
                    }
                },
                {
                    "type": "Feature",
                    "geometry": {
                        "type": "Point",
                        "coordinates": [
                            49.245659,
                            55.7936065
                        ]
                    },
                    "properties": {
                        "createdDate": 1703518164650,
                        "bearing": 178.45201110839844,
                        "velocity": 0.6679039001464844
                    }
                },
                {
                    "type": "Feature",
                    "geometry": {
                        "type": "Point",
                        "coordinates": [
                            49.2456635,
                            55.7935956
                        ]
                    },
                    "properties": {
                        "createdDate": 1703518165658,
                        "bearing": 178.86688232421875,
                        "velocity": 0.5556783676147461
                    }
                },
                {
                    "type": "Feature",
                    "geometry": {
                        "type": "Point",
                        "coordinates": [
                            49.2456939,
                            55.7935792
                        ]
                    },
                    "properties": {
                        "createdDate": 1703518166651,
                        "bearing": 158.6641845703125,
                        "velocity": 0.2014549970626831
                    }
                },
                {
                    "type": "Feature",
                    "geometry": {
                        "type": "Point",
                        "coordinates": [
                            49.2457196,
                            55.793562
                        ]
                    },
                    "properties": {
                        "createdDate": 1703518167639,
                        "bearing": 126.31336212158203,
                        "velocity": 0.15332365036010742
                    }
                },
                {
                    "type": "Feature",
                    "geometry": {
                        "type": "Point",
                        "coordinates": [
                            49.2457337,
                            55.7935441
                        ]
                    },
                    "properties": {
                        "createdDate": 1703518168648,
                        "bearing": 138.25286865234375,
                        "velocity": 0.19166092574596405
                    }
                },
                {
                    "type": "Feature",
                    "geometry": {
                        "type": "Point",
                        "coordinates": [
                            49.2457434,
                            55.7935352
                        ]
                    },
                    "properties": {
                        "createdDate": 1703518169656,
                        "bearing": 137.46002197265625,
                        "velocity": 0.1912742257118225
                    }
                },
                {
                    "type": "Feature",
                    "geometry": {
                        "type": "Point",
                        "coordinates": [
                            49.2457525,
                            55.7935405
                        ]
                    },
                    "properties": {
                        "createdDate": 1703518170648,
                        "bearing": 125.82249450683594,
                        "velocity": 0.16052350401878357
                    }
                },
                {
                    "type": "Feature",
                    "geometry": {
                        "type": "Point",
                        "coordinates": [
                            49.2457571,
                            55.7935432
                        ]
                    },
                    "properties": {
                        "createdDate": 1703518171656,
                        "bearing": 118.86246490478516,
                        "velocity": 0.14588360488414764
                    }
                },
                {
                    "type": "Feature",
                    "geometry": {
                        "type": "Point",
                        "coordinates": [
                            49.2457595,
                            55.7935447
                        ]
                    },
                    "properties": {
                        "createdDate": 1703518172647,
                        "bearing": 114.39286804199219,
                        "velocity": 0.1353367120027542
                    }
                },
                {
                    "type": "Feature",
                    "geometry": {
                        "type": "Point",
                        "coordinates": [
                            49.2457607,
                            55.7935455
                        ]
                    },
                    "properties": {
                        "createdDate": 1703518173655,
                        "bearing": 111.36917877197266,
                        "velocity": 0.12628965079784393
                    }
                },
                {
                    "type": "Feature",
                    "geometry": {
                        "type": "Point",
                        "coordinates": [
                            49.2457613,
                            55.7935459
                        ]
                    },
                    "properties": {
                        "createdDate": 1703518174646,
                        "bearing": 109.47593688964844,
                        "velocity": 0.11906559765338898
                    }
                },
                {
                    "type": "Feature",
                    "geometry": {
                        "type": "Point",
                        "coordinates": [
                            49.2457615,
                            55.7935461
                        ]
                    },
                    "properties": {
                        "createdDate": 1703518175639,
                        "bearing": 108.01264190673828,
                        "velocity": 0.11209287494421005
                    }
                },
                {
                    "type": "Feature",
                    "geometry": {
                        "type": "Point",
                        "coordinates": [
                            49.2457602,
                            55.7935461
                        ]
                    },
                    "properties": {
                        "createdDate": 1703518177656,
                        "bearing": 0.0,
                        "velocity": 0.04374280199408531
                    }
                },
                {
                    "type": "Feature",
                    "geometry": {
                        "type": "Point",
                        "coordinates": [
                            49.2457616,
                            55.7935462
                        ]
                    },
                    "properties": {
                        "createdDate": 1703518178644,
                        "bearing": 0.0,
                        "velocity": 0.04103901982307434
                    }
                },
                {
                    "type": "Feature",
                    "geometry": {
                        "type": "Point",
                        "coordinates": [
                            49.2457619,
                            55.7935463
                        ]
                    },
                    "properties": {
                        "createdDate": 1703518179653,
                        "bearing": 0.0,
                        "velocity": 0.02825416810810566
                    }
                },
                {
                    "type": "Feature",
                    "geometry": {
                        "type": "Point",
                        "coordinates": [
                            49.2457622,
                            55.7935462
                        ]
                    },
                    "properties": {
                        "createdDate": 1703518181651,
                        "bearing": 0.0,
                        "velocity": 0.012155669741332531
                    }
                },
                {
                    "type": "Feature",
                    "geometry": {
                        "type": "Point",
                        "coordinates": [
                            49.2457615,
                            55.7935465
                        ]
                    },
                    "properties": {
                        "createdDate": 1703518182660,
                        "bearing": 0.0,
                        "velocity": 0.0046530431136488914
                    }
                },
                {
                    "type": "Feature",
                    "geometry": {
                        "type": "Point",
                        "coordinates": [
                            49.2457668,
                            55.7935502
                        ]
                    },
                    "properties": {
                        "createdDate": 1703518183651,
                        "bearing": 0.0,
                        "velocity": 0.0056390948593616486
                    }
                },
                {
                    "type": "Feature",
                    "geometry": {
                        "type": "Point",
                        "coordinates": [
                            49.2457689,
                            55.7935521
                        ]
                    },
                    "properties": {
                        "createdDate": 1703518184659,
                        "bearing": 0.0,
                        "velocity": 0.0065559642389416695
                    }
                },
                {
                    "type": "Feature",
                    "geometry": {
                        "type": "Point",
                        "coordinates": [
                            49.2457726,
                            55.7935528
                        ]
                    },
                    "properties": {
                        "createdDate": 1703518185649,
                        "bearing": 0.0,
                        "velocity": 0.06899859756231308
                    }
                },
                {
                    "type": "Feature",
                    "geometry": {
                        "type": "Point",
                        "coordinates": [
                            49.2457746,
                            55.7935511
                        ]
                    },
                    "properties": {
                        "createdDate": 1703518186658,
                        "bearing": 0.0,
                        "velocity": 0.04815506935119629
                    }
                },
                {
                    "type": "Feature",
                    "geometry": {
                        "type": "Point",
                        "coordinates": [
                            49.245778,
                            55.7935451
                        ]
                    },
                    "properties": {
                        "createdDate": 1703518187666,
                        "bearing": 0.0,
                        "velocity": 0.08210247755050659
                    }
                },
                {
                    "type": "Feature",
                    "geometry": {
                        "type": "Point",
                        "coordinates": [
                            49.2457933,
                            55.793547
                        ]
                    },
                    "properties": {
                        "createdDate": 1703518188657,
                        "bearing": 135.88323974609375,
                        "velocity": 0.1470041126012802
                    }
                },
                {
                    "type": "Feature",
                    "geometry": {
                        "type": "Point",
                        "coordinates": [
                            49.2458053,
                            55.7935426
                        ]
                    },
                    "properties": {
                        "createdDate": 1703518189665,
                        "bearing": 129.43649291992188,
                        "velocity": 0.2398906648159027
                    }
                },
                {
                    "type": "Feature",
                    "geometry": {
                        "type": "Point",
                        "coordinates": [
                            49.2458119,
                            55.7935341
                        ]
                    },
                    "properties": {
                        "createdDate": 1703518190659,
                        "bearing": 141.78408813476562,
                        "velocity": 0.29876407980918884
                    }
                },
                {
                    "type": "Feature",
                    "geometry": {
                        "type": "Point",
                        "coordinates": [
                            49.2458137,
                            55.7935239
                        ]
                    },
                    "properties": {
                        "createdDate": 1703518191666,
                        "bearing": 152.64366149902344,
                        "velocity": 0.3197486996650696
                    }
                },
                {
                    "type": "Feature",
                    "geometry": {
                        "type": "Point",
                        "coordinates": [
                            49.2458133,
                            55.7935081
                        ]
                    },
                    "properties": {
                        "createdDate": 1703518192673,
                        "bearing": 157.85861206054688,
                        "velocity": 0.4042096436023712
                    }
                },
                {
                    "type": "Feature",
                    "geometry": {
                        "type": "Point",
                        "coordinates": [
                            49.245817,
                            55.7934929
                        ]
                    },
                    "properties": {
                        "createdDate": 1703518193666,
                        "bearing": 152.86553955078125,
                        "velocity": 0.49314019083976746
                    }
                },
                {
                    "type": "Feature",
                    "geometry": {
                        "type": "Point",
                        "coordinates": [
                            49.2458224,
                            55.793486
                        ]
                    },
                    "properties": {
                        "createdDate": 1703518194672,
                        "bearing": 145.6671142578125,
                        "velocity": 0.48191162943840027
                    }
                },
                {
                    "type": "Feature",
                    "geometry": {
                        "type": "Point",
                        "coordinates": [
                            49.2458323,
                            55.7934218
                        ]
                    },
                    "properties": {
                        "createdDate": 1703518195681,
                        "bearing": 152.1212158203125,
                        "velocity": 0.6525318622589111
                    }
                },
                {
                    "type": "Feature",
                    "geometry": {
                        "type": "Point",
                        "coordinates": [
                            49.2458398,
                            55.7933958
                        ]
                    },
                    "properties": {
                        "createdDate": 1703518196672,
                        "bearing": 150.65081787109375,
                        "velocity": 0.7186979055404663
                    }
                },
                {
                    "type": "Feature",
                    "geometry": {
                        "type": "Point",
                        "coordinates": [
                            49.2458538,
                            55.7933593
                        ]
                    },
                    "properties": {
                        "createdDate": 1703518197679,
                        "bearing": 147.53839111328125,
                        "velocity": 0.8240274786949158
                    }
                },
                {
                    "type": "Feature",
                    "geometry": {
                        "type": "Point",
                        "coordinates": [
                            49.2458624,
                            55.7933432
                        ]
                    },
                    "properties": {
                        "createdDate": 1703518198670,
                        "bearing": 148.0771942138672,
                        "velocity": 0.839634120464325
                    }
                },
                {
                    "type": "Feature",
                    "geometry": {
                        "type": "Point",
                        "coordinates": [
                            49.2458711,
                            55.7933293
                        ]
                    },
                    "properties": {
                        "createdDate": 1703518199662,
                        "bearing": 148.4801788330078,
                        "velocity": 0.8523028492927551
                    }
                },
                {
                    "type": "Feature",
                    "geometry": {
                        "type": "Point",
                        "coordinates": [
                            49.2458922,
                            55.7933034
                        ]
                    },
                    "properties": {
                        "createdDate": 1703518202669,
                        "bearing": 148.9111785888672,
                        "velocity": 0.8621636629104614
                    }
                },
                {
                    "type": "Feature",
                    "geometry": {
                        "type": "Point",
                        "coordinates": [
                            49.245953,
                            55.7933489
                        ]
                    },
                    "properties": {
                        "createdDate": 1703518207661,
                        "bearing": 138.3579864501953,
                        "velocity": 0.7207552790641785
                    }
                },
                {
                    "type": "Feature",
                    "geometry": {
                        "type": "Point",
                        "coordinates": [
                            49.2460465,
                            55.7936089
                        ]
                    },
                    "properties": {
                        "createdDate": 1703518212664,
                        "bearing": 14.761248588562012,
                        "velocity": 3.5778775215148926
                    }
                },
                {
                    "type": "Feature",
                    "geometry": {
                        "type": "Point",
                        "coordinates": [
                            49.2460753,
                            55.7937368
                        ]
                    },
                    "properties": {
                        "createdDate": 1703518217673,
                        "bearing": 10.319397926330566,
                        "velocity": 3.1441454887390137
                    }
                }
            ]
        }
    },
    {
        "uuid": "5bc6fe3b-bf5f-4e10-9d58-33e3b7207190",
        "videoId": "1703517617877",
        "filePath": "/vs_data/citysoft-dev/video/2023/12/25/5b8b176f019ea18e/1703517330494/1703517617877/1703517617877.mp4",
        "sessionId": "1703517330494",
        "deviceId": "5b8b176f019ea18e",
        "descriptions": {
            "onDevice": "VladTest",
            "onServer": "VladTest"
        },
        "numbers": {
            "onDevice": "VladTest",
            "onServer": "VladTest"
        },
        "processingStatus": "CORRUPTED",
        "operatorId": 1,
        "creationDate": "2023-12-25T15:20:17.877Z",
        "processedDate": "2023-12-25T17:01:23.263Z",
        "homographyId": null,
        "mergedPartsCount": 300,
        "fps": 0,
        "size": 4527671,
        "resolution": null,
        "errorReason": null,
        "errorModule": null,
        "errorMessage": null,
        "geoJSON": {
            "type": "FeatureCollection",
            "features": [
                {
                    "type": "Feature",
                    "geometry": {
                        "type": "Point",
                        "coordinates": [
                            49.2541769,
                            55.7872202
                        ]
                    },
                    "properties": {
                        "createdDate": 1703517617877,
                        "bearing": 0.0,
                        "velocity": 6.37525285128504E-4
                    }
                },
                {
                    "type": "Feature",
                    "geometry": {
                        "type": "Point",
                        "coordinates": [
                            49.2541768,
                            55.7872201
                        ]
                    },
                    "properties": {
                        "createdDate": 1703517618869,
                        "bearing": 0.0,
                        "velocity": 7.440475201292429E-6
                    }
                },
                {
                    "type": "Feature",
                    "geometry": {
                        "type": "Point",
                        "coordinates": [
                            49.2541767,
                            55.78722
                        ]
                    },
                    "properties": {
                        "createdDate": 1703517619875,
                        "bearing": 0.0,
                        "velocity": 9.297486030845903E-6
                    }
                },
                {
                    "type": "Feature",
                    "geometry": {
                        "type": "Point",
                        "coordinates": [
                            49.2541978,
                            55.7872202
                        ]
                    },
                    "properties": {
                        "createdDate": 1703517634894,
                        "bearing": 160.1677703857422,
                        "velocity": 0.44739747047424316
                    }
                },
                {
                    "type": "Feature",
                    "geometry": {
                        "type": "Point",
                        "coordinates": [
                            49.2542174,
                            55.7872152
                        ]
                    },
                    "properties": {
                        "createdDate": 1703517635903,
                        "bearing": 149.5132293701172,
                        "velocity": 0.7625022530555725
                    }
                },
                {
                    "type": "Feature",
                    "geometry": {
                        "type": "Point",
                        "coordinates": [
                            49.25423,
                            55.78721
                        ]
                    },
                    "properties": {
                        "createdDate": 1703517636895,
                        "bearing": 154.3621826171875,
                        "velocity": 0.38978102803230286
                    }
                },
                {
                    "type": "Feature",
                    "geometry": {
                        "type": "Point",
                        "coordinates": [
                            49.2542364,
                            55.7872082
                        ]
                    },
                    "properties": {
                        "createdDate": 1703517637903,
                        "bearing": 157.40847778320312,
                        "velocity": 0.19060148298740387
                    }
                },
                {
                    "type": "Feature",
                    "geometry": {
                        "type": "Point",
                        "coordinates": [
                            49.2542385,
                            55.7872086
                        ]
                    },
                    "properties": {
                        "createdDate": 1703517638911,
                        "bearing": 0.0,
                        "velocity": 0.06955187767744064
                    }
                },
                {
                    "type": "Feature",
                    "geometry": {
                        "type": "Point",
                        "coordinates": [
                            49.2542393,
                            55.7872091
                        ]
                    },
                    "properties": {
                        "createdDate": 1703517639902,
                        "bearing": 0.0,
                        "velocity": 0.023938696831464767
                    }
                },
                {
                    "type": "Feature",
                    "geometry": {
                        "type": "Point",
                        "coordinates": [
                            49.2542397,
                            55.7872095
                        ]
                    },
                    "properties": {
                        "createdDate": 1703517640909,
                        "bearing": 0.0,
                        "velocity": 0.00684707285836339
                    }
                },
                {
                    "type": "Feature",
                    "geometry": {
                        "type": "Point",
                        "coordinates": [
                            49.2542399,
                            55.7872097
                        ]
                    },
                    "properties": {
                        "createdDate": 1703517641906,
                        "bearing": 0.0,
                        "velocity": 0.0016464643413200974
                    }
                },
                {
                    "type": "Feature",
                    "geometry": {
                        "type": "Point",
                        "coordinates": [
                            49.2542399,
                            55.7872098
                        ]
                    },
                    "properties": {
                        "createdDate": 1703517642909,
                        "bearing": 0.0,
                        "velocity": 5.396319320425391E-4
                    }
                },
                {
                    "type": "Feature",
                    "geometry": {
                        "type": "Point",
                        "coordinates": [
                            49.25424,
                            55.7872099
                        ]
                    },
                    "properties": {
                        "createdDate": 1703517643906,
                        "bearing": 0.0,
                        "velocity": 3.1679237144999206E-4
                    }
                },
                {
                    "type": "Feature",
                    "geometry": {
                        "type": "Point",
                        "coordinates": [
                            49.25424,
                            55.78721
                        ]
                    },
                    "properties": {
                        "createdDate": 1703517644909,
                        "bearing": 0.0,
                        "velocity": 3.404425806365907E-4
                    }
                },
                {
                    "type": "Feature",
                    "geometry": {
                        "type": "Point",
                        "coordinates": [
                            49.2542851,
                            55.7871992
                        ]
                    },
                    "properties": {
                        "createdDate": 1703517666951,
                        "bearing": 148.93258666992188,
                        "velocity": 1.5843722820281982
                    }
                },
                {
                    "type": "Feature",
                    "geometry": {
                        "type": "Point",
                        "coordinates": [
                            49.2543133,
                            55.7871796
                        ]
                    },
                    "properties": {
                        "createdDate": 1703517667959,
                        "bearing": 155.06275939941406,
                        "velocity": 2.270923614501953
                    }
                },
                {
                    "type": "Feature",
                    "geometry": {
                        "type": "Point",
                        "coordinates": [
                            49.2543318,
                            55.7871554
                        ]
                    },
                    "properties": {
                        "createdDate": 1703517668951,
                        "bearing": 161.28672790527344,
                        "velocity": 2.6327197551727295
                    }
                },
                {
                    "type": "Feature",
                    "geometry": {
                        "type": "Point",
                        "coordinates": [
                            49.25435,
                            55.7871308
                        ]
                    },
                    "properties": {
                        "createdDate": 1703517669946,
                        "bearing": 152.74041748046875,
                        "velocity": 2.718881130218506
                    }
                },
                {
                    "type": "Feature",
                    "geometry": {
                        "type": "Point",
                        "coordinates": [
                            49.2543745,
                            55.7871081
                        ]
                    },
                    "properties": {
                        "createdDate": 1703517670966,
                        "bearing": 146.49362182617188,
                        "velocity": 2.9567549228668213
                    }
                },
                {
                    "type": "Feature",
                    "geometry": {
                        "type": "Point",
                        "coordinates": [
                            49.2543966,
                            55.7870817
                        ]
                    },
                    "properties": {
                        "createdDate": 1703517671958,
                        "bearing": 154.3653564453125,
                        "velocity": 2.9502899646759033
                    }
                },
                {
                    "type": "Feature",
                    "geometry": {
                        "type": "Point",
                        "coordinates": [
                            49.2544169,
                            55.7870546
                        ]
                    },
                    "properties": {
                        "createdDate": 1703517672965,
                        "bearing": 152.12652587890625,
                        "velocity": 3.3820605278015137
                    }
                },
                {
                    "type": "Feature",
                    "geometry": {
                        "type": "Point",
                        "coordinates": [
                            49.2544337,
                            55.7870235
                        ]
                    },
                    "properties": {
                        "createdDate": 1703517673958,
                        "bearing": 157.3076934814453,
                        "velocity": 3.556462287902832
                    }
                },
                {
                    "type": "Feature",
                    "geometry": {
                        "type": "Point",
                        "coordinates": [
                            49.2544451,
                            55.7869948
                        ]
                    },
                    "properties": {
                        "createdDate": 1703517674965,
                        "bearing": 159.8510284423828,
                        "velocity": 3.4121201038360596
                    }
                },
                {
                    "type": "Feature",
                    "geometry": {
                        "type": "Point",
                        "coordinates": [
                            49.2544561,
                            55.7869661
                        ]
                    },
                    "properties": {
                        "createdDate": 1703517675956,
                        "bearing": 161.22340393066406,
                        "velocity": 3.4204628467559814
                    }
                },
                {
                    "type": "Feature",
                    "geometry": {
                        "type": "Point",
                        "coordinates": [
                            49.2544679,
                            55.7869388
                        ]
                    },
                    "properties": {
                        "createdDate": 1703517676966,
                        "bearing": 159.06134033203125,
                        "velocity": 3.335029125213623
                    }
                },
                {
                    "type": "Feature",
                    "geometry": {
                        "type": "Point",
                        "coordinates": [
                            49.2544744,
                            55.7869122
                        ]
                    },
                    "properties": {
                        "createdDate": 1703517677960,
                        "bearing": 162.1146697998047,
                        "velocity": 3.2298946380615234
                    }
                },
                {
                    "type": "Feature",
                    "geometry": {
                        "type": "Point",
                        "coordinates": [
                            49.2544743,
                            55.7868847
                        ]
                    },
                    "properties": {
                        "createdDate": 1703517678965,
                        "bearing": 168.3445281982422,
                        "velocity": 3.1757092475891113
                    }
                },
                {
                    "type": "Feature",
                    "geometry": {
                        "type": "Point",
                        "coordinates": [
                            49.2544712,
                            55.7868578
                        ]
                    },
                    "properties": {
                        "createdDate": 1703517679971,
                        "bearing": 172.2689666748047,
                        "velocity": 3.1027748584747314
                    }
                },
                {
                    "type": "Feature",
                    "geometry": {
                        "type": "Point",
                        "coordinates": [
                            49.2544774,
                            55.7868338
                        ]
                    },
                    "properties": {
                        "createdDate": 1703517680966,
                        "bearing": 169.44525146484375,
                        "velocity": 2.990004062652588
                    }
                },
                {
                    "type": "Feature",
                    "geometry": {
                        "type": "Point",
                        "coordinates": [
                            49.254472,
                            55.7868081
                        ]
                    },
                    "properties": {
                        "createdDate": 1703517681971,
                        "bearing": 168.9971466064453,
                        "velocity": 2.9051129817962646
                    }
                },
                {
                    "type": "Feature",
                    "geometry": {
                        "type": "Point",
                        "coordinates": [
                            49.2544706,
                            55.7867881
                        ]
                    },
                    "properties": {
                        "createdDate": 1703517682979,
                        "bearing": 167.58145141601562,
                        "velocity": 2.4636764526367188
                    }
                },
                {
                    "type": "Feature",
                    "geometry": {
                        "type": "Point",
                        "coordinates": [
                            49.2544776,
                            55.7867719
                        ]
                    },
                    "properties": {
                        "createdDate": 1703517683971,
                        "bearing": 166.31491088867188,
                        "velocity": 1.9704971313476562
                    }
                },
                {
                    "type": "Feature",
                    "geometry": {
                        "type": "Point",
                        "coordinates": [
                            49.2544874,
                            55.7867573
                        ]
                    },
                    "properties": {
                        "createdDate": 1703517684977,
                        "bearing": 164.7157745361328,
                        "velocity": 1.7680567502975464
                    }
                },
                {
                    "type": "Feature",
                    "geometry": {
                        "type": "Point",
                        "coordinates": [
                            49.2544938,
                            55.7867524
                        ]
                    },
                    "properties": {
                        "createdDate": 1703517685968,
                        "bearing": 174.4549102783203,
                        "velocity": 1.0142961740493774
                    }
                },
                {
                    "type": "Feature",
                    "geometry": {
                        "type": "Point",
                        "coordinates": [
                            49.2544995,
                            55.7867517
                        ]
                    },
                    "properties": {
                        "createdDate": 1703517686978,
                        "bearing": 177.0613555908203,
                        "velocity": 0.5611431002616882
                    }
                },
                {
                    "type": "Feature",
                    "geometry": {
                        "type": "Point",
                        "coordinates": [
                            49.254503,
                            55.7867534
                        ]
                    },
                    "properties": {
                        "createdDate": 1703517687985,
                        "bearing": 178.1504364013672,
                        "velocity": 0.29271233081817627
                    }
                },
                {
                    "type": "Feature",
                    "geometry": {
                        "type": "Point",
                        "coordinates": [
                            49.2545048,
                            55.786755
                        ]
                    },
                    "properties": {
                        "createdDate": 1703517688978,
                        "bearing": 178.7081298828125,
                        "velocity": 0.14057569205760956
                    }
                },
                {
                    "type": "Feature",
                    "geometry": {
                        "type": "Point",
                        "coordinates": [
                            49.2545057,
                            55.7867562
                        ]
                    },
                    "properties": {
                        "createdDate": 1703517689985,
                        "bearing": 0.0,
                        "velocity": 0.0670040175318718
                    }
                },
                {
                    "type": "Feature",
                    "geometry": {
                        "type": "Point",
                        "coordinates": [
                            49.2545196,
                            55.7867481
                        ]
                    },
                    "properties": {
                        "createdDate": 1703517690992,
                        "bearing": 165.20687866210938,
                        "velocity": 0.18794186413288116
                    }
                },
                {
                    "type": "Feature",
                    "geometry": {
                        "type": "Point",
                        "coordinates": [
                            49.2545437,
                            55.786738
                        ]
                    },
                    "properties": {
                        "createdDate": 1703517691984,
                        "bearing": 120.77230072021484,
                        "velocity": 0.6263135671615601
                    }
                },
                {
                    "type": "Feature",
                    "geometry": {
                        "type": "Point",
                        "coordinates": [
                            49.2545819,
                            55.7867235
                        ]
                    },
                    "properties": {
                        "createdDate": 1703517692993,
                        "bearing": 111.67872619628906,
                        "velocity": 1.1527811288833618
                    }
                },
                {
                    "type": "Feature",
                    "geometry": {
                        "type": "Point",
                        "coordinates": [
                            49.2546206,
                            55.7867127
                        ]
                    },
                    "properties": {
                        "createdDate": 1703517693985,
                        "bearing": 106.36827087402344,
                        "velocity": 1.467372179031372
                    }
                },
                {
                    "type": "Feature",
                    "geometry": {
                        "type": "Point",
                        "coordinates": [
                            49.2546652,
                            55.7867098
                        ]
                    },
                    "properties": {
                        "createdDate": 1703517694991,
                        "bearing": 92.53108215332031,
                        "velocity": 1.916096568107605
                    }
                },
                {
                    "type": "Feature",
                    "geometry": {
                        "type": "Point",
                        "coordinates": [
                            49.2547149,
                            55.786713
                        ]
                    },
                    "properties": {
                        "createdDate": 1703517695998,
                        "bearing": 83.97553253173828,
                        "velocity": 2.342597007751465
                    }
                },
                {
                    "type": "Feature",
                    "geometry": {
                        "type": "Point",
                        "coordinates": [
                            49.2547677,
                            55.7867182
                        ]
                    },
                    "properties": {
                        "createdDate": 1703517696991,
                        "bearing": 80.68342590332031,
                        "velocity": 2.6934728622436523
                    }
                },
                {
                    "type": "Feature",
                    "geometry": {
                        "type": "Point",
                        "coordinates": [
                            49.2548263,
                            55.7867245
                        ]
                    },
                    "properties": {
                        "createdDate": 1703517697998,
                        "bearing": 77.08750915527344,
                        "velocity": 3.160475969314575
                    }
                },
                {
                    "type": "Feature",
                    "geometry": {
                        "type": "Point",
                        "coordinates": [
                            49.254896,
                            55.7867332
                        ]
                    },
                    "properties": {
                        "createdDate": 1703517698993,
                        "bearing": 74.5299072265625,
                        "velocity": 3.762791395187378
                    }
                },
                {
                    "type": "Feature",
                    "geometry": {
                        "type": "Point",
                        "coordinates": [
                            49.2549647,
                            55.7867382
                        ]
                    },
                    "properties": {
                        "createdDate": 1703517700001,
                        "bearing": 77.60076141357422,
                        "velocity": 3.9369776248931885
                    }
                },
                {
                    "type": "Feature",
                    "geometry": {
                        "type": "Point",
                        "coordinates": [
                            49.255028,
                            55.786743
                        ]
                    },
                    "properties": {
                        "createdDate": 1703517701005,
                        "bearing": 76.60432434082031,
                        "velocity": 3.9099724292755127
                    }
                },
                {
                    "type": "Feature",
                    "geometry": {
                        "type": "Point",
                        "coordinates": [
                            49.255087,
                            55.7867497
                        ]
                    },
                    "properties": {
                        "createdDate": 1703517702015,
                        "bearing": 73.56902313232422,
                        "velocity": 3.873844861984253
                    }
                },
                {
                    "type": "Feature",
                    "geometry": {
                        "type": "Point",
                        "coordinates": [
                            49.255146,
                            55.786758
                        ]
                    },
                    "properties": {
                        "createdDate": 1703517703009,
                        "bearing": 74.7330551147461,
                        "velocity": 3.846022844314575
                    }
                },
                {
                    "type": "Feature",
                    "geometry": {
                        "type": "Point",
                        "coordinates": [
                            49.2552052,
                            55.7867661
                        ]
                    },
                    "properties": {
                        "createdDate": 1703517704015,
                        "bearing": 74.88011169433594,
                        "velocity": 3.91512393951416
                    }
                },
                {
                    "type": "Feature",
                    "geometry": {
                        "type": "Point",
                        "coordinates": [
                            49.2552702,
                            55.7867724
                        ]
                    },
                    "properties": {
                        "createdDate": 1703517705007,
                        "bearing": 76.8110122680664,
                        "velocity": 4.072729110717773
                    }
                },
                {
                    "type": "Feature",
                    "geometry": {
                        "type": "Point",
                        "coordinates": [
                            49.25534,
                            55.7867777
                        ]
                    },
                    "properties": {
                        "createdDate": 1703517706013,
                        "bearing": 78.7163314819336,
                        "velocity": 4.266188621520996
                    }
                },
                {
                    "type": "Feature",
                    "geometry": {
                        "type": "Point",
                        "coordinates": [
                            49.2554102,
                            55.7867856
                        ]
                    },
                    "properties": {
                        "createdDate": 1703517707020,
                        "bearing": 77.42164611816406,
                        "velocity": 4.395552158355713
                    }
                },
                {
                    "type": "Feature",
                    "geometry": {
                        "type": "Point",
                        "coordinates": [
                            49.2554893,
                            55.7867972
                        ]
                    },
                    "properties": {
                        "createdDate": 1703517708014,
                        "bearing": 77.35440826416016,
                        "velocity": 4.574662685394287
                    }
                },
                {
                    "type": "Feature",
                    "geometry": {
                        "type": "Point",
                        "coordinates": [
                            49.2555678,
                            55.7868164
                        ]
                    },
                    "properties": {
                        "createdDate": 1703517709020,
                        "bearing": 74.67256164550781,
                        "velocity": 4.7191643714904785
                    }
                },
                {
                    "type": "Feature",
                    "geometry": {
                        "type": "Point",
                        "coordinates": [
                            49.2556423,
                            55.7868427
                        ]
                    },
                    "properties": {
                        "createdDate": 1703517710027,
                        "bearing": 72.1600570678711,
                        "velocity": 4.850881099700928
                    }
                },
                {
                    "type": "Feature",
                    "geometry": {
                        "type": "Point",
                        "coordinates": [
                            49.2557106,
                            55.7868726
                        ]
                    },
                    "properties": {
                        "createdDate": 1703517711019,
                        "bearing": 69.29547119140625,
                        "velocity": 4.816076278686523
                    }
                },
                {
                    "type": "Feature",
                    "geometry": {
                        "type": "Point",
                        "coordinates": [
                            49.2557722,
                            55.7868964
                        ]
                    },
                    "properties": {
                        "createdDate": 1703517712010,
                        "bearing": 67.0889663696289,
                        "velocity": 4.576958656311035
                    }
                },
                {
                    "type": "Feature",
                    "geometry": {
                        "type": "Point",
                        "coordinates": [
                            49.2558271,
                            55.7869157
                        ]
                    },
                    "properties": {
                        "createdDate": 1703517713019,
                        "bearing": 66.92993927001953,
                        "velocity": 4.24053430557251
                    }
                },
                {
                    "type": "Feature",
                    "geometry": {
                        "type": "Point",
                        "coordinates": [
                            49.2558901,
                            55.7869127
                        ]
                    },
                    "properties": {
                        "createdDate": 1703517714026,
                        "bearing": 74.11148071289062,
                        "velocity": 3.9666383266448975
                    }
                },
                {
                    "type": "Feature",
                    "geometry": {
                        "type": "Point",
                        "coordinates": [
                            49.2559447,
                            55.7869072
                        ]
                    },
                    "properties": {
                        "createdDate": 1703517715023,
                        "bearing": 80.44692993164062,
                        "velocity": 3.671664237976074
                    }
                },
                {
                    "type": "Feature",
                    "geometry": {
                        "type": "Point",
                        "coordinates": [
                            49.255984,
                            55.7869048
                        ]
                    },
                    "properties": {
                        "createdDate": 1703517716026,
                        "bearing": 83.45051574707031,
                        "velocity": 3.2026350498199463
                    }
                },
                {
                    "type": "Feature",
                    "geometry": {
                        "type": "Point",
                        "coordinates": [
                            49.2560155,
                            55.7869048
                        ]
                    },
                    "properties": {
                        "createdDate": 1703517717033,
                        "bearing": 83.42796325683594,
                        "velocity": 2.8016610145568848
                    }
                },
                {
                    "type": "Feature",
                    "geometry": {
                        "type": "Point",
                        "coordinates": [
                            49.2560494,
                            55.7868973
                        ]
                    },
                    "properties": {
                        "createdDate": 1703517718026,
                        "bearing": 84.85694122314453,
                        "velocity": 2.7969298362731934
                    }
                },
                {
                    "type": "Feature",
                    "geometry": {
                        "type": "Point",
                        "coordinates": [
                            49.2560939,
                            55.7868909
                        ]
                    },
                    "properties": {
                        "createdDate": 1703517719033,
                        "bearing": 89.22341918945312,
                        "velocity": 2.918745994567871
                    }
                },
                {
                    "type": "Feature",
                    "geometry": {
                        "type": "Point",
                        "coordinates": [
                            49.2561372,
                            55.7868894
                        ]
                    },
                    "properties": {
                        "createdDate": 1703517720040,
                        "bearing": 87.63220977783203,
                        "velocity": 2.864544630050659
                    }
                },
                {
                    "type": "Feature",
                    "geometry": {
                        "type": "Point",
                        "coordinates": [
                            49.2561784,
                            55.7868904
                        ]
                    },
                    "properties": {
                        "createdDate": 1703517721034,
                        "bearing": 86.53899383544922,
                        "velocity": 2.7627112865448
                    }
                },
                {
                    "type": "Feature",
                    "geometry": {
                        "type": "Point",
                        "coordinates": [
                            49.2562217,
                            55.7868919
                        ]
                    },
                    "properties": {
                        "createdDate": 1703517722041,
                        "bearing": 86.10308074951172,
                        "velocity": 2.7149267196655273
                    }
                },
                {
                    "type": "Feature",
                    "geometry": {
                        "type": "Point",
                        "coordinates": [
                            49.2562595,
                            55.7868957
                        ]
                    },
                    "properties": {
                        "createdDate": 1703517723031,
                        "bearing": 82.57091522216797,
                        "velocity": 2.678100824356079
                    }
                },
                {
                    "type": "Feature",
                    "geometry": {
                        "type": "Point",
                        "coordinates": [
                            49.2563003,
                            55.7869118
                        ]
                    },
                    "properties": {
                        "createdDate": 1703517724041,
                        "bearing": 73.90449523925781,
                        "velocity": 2.8593404293060303
                    }
                },
                {
                    "type": "Feature",
                    "geometry": {
                        "type": "Point",
                        "coordinates": [
                            49.2563475,
                            55.7869267
                        ]
                    },
                    "properties": {
                        "createdDate": 1703517725036,
                        "bearing": 71.31029510498047,
                        "velocity": 3.070944309234619
                    }
                },
                {
                    "type": "Feature",
                    "geometry": {
                        "type": "Point",
                        "coordinates": [
                            49.2563939,
                            55.7869426
                        ]
                    },
                    "properties": {
                        "createdDate": 1703517726041,
                        "bearing": 67.5460433959961,
                        "velocity": 3.169969320297241
                    }
                },
                {
                    "type": "Feature",
                    "geometry": {
                        "type": "Point",
                        "coordinates": [
                            49.2564346,
                            55.78696
                        ]
                    },
                    "properties": {
                        "createdDate": 1703517727047,
                        "bearing": 62.26298141479492,
                        "velocity": 3.075792074203491
                    }
                },
                {
                    "type": "Feature",
                    "geometry": {
                        "type": "Point",
                        "coordinates": [
                            49.2564665,
                            55.7869786
                        ]
                    },
                    "properties": {
                        "createdDate": 1703517728041,
                        "bearing": 56.066741943359375,
                        "velocity": 2.8488526344299316
                    }
                },
                {
                    "type": "Feature",
                    "geometry": {
                        "type": "Point",
                        "coordinates": [
                            49.2564977,
                            55.7869974
                        ]
                    },
                    "properties": {
                        "createdDate": 1703517729047,
                        "bearing": 45.95589828491211,
                        "velocity": 2.323993444442749
                    }
                },
                {
                    "type": "Feature",
                    "geometry": {
                        "type": "Point",
                        "coordinates": [
                            49.2565233,
                            55.787022
                        ]
                    },
                    "properties": {
                        "createdDate": 1703517730055,
                        "bearing": 31.03017807006836,
                        "velocity": 2.231837034225464
                    }
                },
                {
                    "type": "Feature",
                    "geometry": {
                        "type": "Point",
                        "coordinates": [
                            49.2565462,
                            55.7870545
                        ]
                    },
                    "properties": {
                        "createdDate": 1703517731050,
                        "bearing": 17.237285614013672,
                        "velocity": 2.4495205879211426
                    }
                },
                {
                    "type": "Feature",
                    "geometry": {
                        "type": "Point",
                        "coordinates": [
                            49.2565602,
                            55.7870891
                        ]
                    },
                    "properties": {
                        "createdDate": 1703517732055,
                        "bearing": 11.631770133972168,
                        "velocity": 2.7893433570861816
                    }
                },
                {
                    "type": "Feature",
                    "geometry": {
                        "type": "Point",
                        "coordinates": [
                            49.2565646,
                            55.7871266
                        ]
                    },
                    "properties": {
                        "createdDate": 1703517733051,
                        "bearing": 7.282232284545898,
                        "velocity": 3.0944042205810547
                    }
                },
                {
                    "type": "Feature",
                    "geometry": {
                        "type": "Point",
                        "coordinates": [
                            49.2565663,
                            55.7871607
                        ]
                    },
                    "properties": {
                        "createdDate": 1703517734053,
                        "bearing": 6.552358627319336,
                        "velocity": 3.2048988342285156
                    }
                },
                {
                    "type": "Feature",
                    "geometry": {
                        "type": "Point",
                        "coordinates": [
                            49.2565569,
                            55.7871968
                        ]
                    },
                    "properties": {
                        "createdDate": 1703517735047,
                        "bearing": 0.7171699404716492,
                        "velocity": 3.290100336074829
                    }
                },
                {
                    "type": "Feature",
                    "geometry": {
                        "type": "Point",
                        "coordinates": [
                            49.2565474,
                            55.7872252
                        ]
                    },
                    "properties": {
                        "createdDate": 1703517736056,
                        "bearing": 356.16302490234375,
                        "velocity": 3.0019779205322266
                    }
                },
                {
                    "type": "Feature",
                    "geometry": {
                        "type": "Point",
                        "coordinates": [
                            49.2565407,
                            55.787247
                        ]
                    },
                    "properties": {
                        "createdDate": 1703517737061,
                        "bearing": 353.65277099609375,
                        "velocity": 2.659074306488037
                    }
                },
                {
                    "type": "Feature",
                    "geometry": {
                        "type": "Point",
                        "coordinates": [
                            49.2565389,
                            55.7872654
                        ]
                    },
                    "properties": {
                        "createdDate": 1703517738068,
                        "bearing": 353.07177734375,
                        "velocity": 2.291961193084717
                    }
                },
                {
                    "type": "Feature",
                    "geometry": {
                        "type": "Point",
                        "coordinates": [
                            49.2565303,
                            55.7872804
                        ]
                    },
                    "properties": {
                        "createdDate": 1703517739060,
                        "bearing": 349.2142333984375,
                        "velocity": 1.6815863847732544
                    }
                },
                {
                    "type": "Feature",
                    "geometry": {
                        "type": "Point",
                        "coordinates": [
                            49.2565029,
                            55.7872885
                        ]
                    },
                    "properties": {
                        "createdDate": 1703517740067,
                        "bearing": 358.9407653808594,
                        "velocity": 0.3112131655216217
                    }
                },
                {
                    "type": "Feature",
                    "geometry": {
                        "type": "Point",
                        "coordinates": [
                            49.2564975,
                            55.7872915
                        ]
                    },
                    "properties": {
                        "createdDate": 1703517741075,
                        "bearing": 0.0,
                        "velocity": 0.06927144527435303
                    }
                },
                {
                    "type": "Feature",
                    "geometry": {
                        "type": "Point",
                        "coordinates": [
                            49.2565015,
                            55.7872918
                        ]
                    },
                    "properties": {
                        "createdDate": 1703517742065,
                        "bearing": 0.0,
                        "velocity": 0.01421829592436552
                    }
                },
                {
                    "type": "Feature",
                    "geometry": {
                        "type": "Point",
                        "coordinates": [
                            49.2565027,
                            55.7872918
                        ]
                    },
                    "properties": {
                        "createdDate": 1703517743057,
                        "bearing": 0.0,
                        "velocity": 0.002320188796147704
                    }
                },
                {
                    "type": "Feature",
                    "geometry": {
                        "type": "Point",
                        "coordinates": [
                            49.2565031,
                            55.7872917
                        ]
                    },
                    "properties": {
                        "createdDate": 1703517744068,
                        "bearing": 0.0,
                        "velocity": 2.447082952130586E-4
                    }
                },
                {
                    "type": "Feature",
                    "geometry": {
                        "type": "Point",
                        "coordinates": [
                            49.2564441,
                            55.7873264
                        ]
                    },
                    "properties": {
                        "createdDate": 1703517745075,
                        "bearing": 340.0627136230469,
                        "velocity": 2.0952565670013428
                    }
                },
                {
                    "type": "Feature",
                    "geometry": {
                        "type": "Point",
                        "coordinates": [
                            49.2563958,
                            55.7873645
                        ]
                    },
                    "properties": {
                        "createdDate": 1703517746067,
                        "bearing": 349.32232666015625,
                        "velocity": 3.132451295852661
                    }
                },
                {
                    "type": "Feature",
                    "geometry": {
                        "type": "Point",
                        "coordinates": [
                            49.2563547,
                            55.7874077
                        ]
                    },
                    "properties": {
                        "createdDate": 1703517747074,
                        "bearing": 346.8686218261719,
                        "velocity": 3.687755584716797
                    }
                },
                {
                    "type": "Feature",
                    "geometry": {
                        "type": "Point",
                        "coordinates": [
                            49.256324,
                            55.7874461
                        ]
                    },
                    "properties": {
                        "createdDate": 1703517748081,
                        "bearing": 350.2111511230469,
                        "velocity": 3.7263283729553223
                    }
                },
                {
                    "type": "Feature",
                    "geometry": {
                        "type": "Point",
                        "coordinates": [
                            49.2562873,
                            55.7874783
                        ]
                    },
                    "properties": {
                        "createdDate": 1703517749074,
                        "bearing": 342.983154296875,
                        "velocity": 3.334054708480835
                    }
                },
                {
                    "type": "Feature",
                    "geometry": {
                        "type": "Point",
                        "coordinates": [
                            49.2562635,
                            55.7875041
                        ]
                    },
                    "properties": {
                        "createdDate": 1703517750081,
                        "bearing": 340.33746337890625,
                        "velocity": 3.0908420085906982
                    }
                },
                {
                    "type": "Feature",
                    "geometry": {
                        "type": "Point",
                        "coordinates": [
                            49.2562432,
                            55.787525
                        ]
                    },
                    "properties": {
                        "createdDate": 1703517751078,
                        "bearing": 336.79864501953125,
                        "velocity": 2.4717984199523926
                    }
                },
                {
                    "type": "Feature",
                    "geometry": {
                        "type": "Point",
                        "coordinates": [
                            49.25622,
                            55.7875364
                        ]
                    },
                    "properties": {
                        "createdDate": 1703517752081,
                        "bearing": 331.0788269042969,
                        "velocity": 1.8210017681121826
                    }
                },
                {
                    "type": "Feature",
                    "geometry": {
                        "type": "Point",
                        "coordinates": [
                            49.2561959,
                            55.787543
                        ]
                    },
                    "properties": {
                        "createdDate": 1703517753088,
                        "bearing": 329.6948547363281,
                        "velocity": 1.4855555295944214
                    }
                },
                {
                    "type": "Feature",
                    "geometry": {
                        "type": "Point",
                        "coordinates": [
                            49.2561731,
                            55.7875488
                        ]
                    },
                    "properties": {
                        "createdDate": 1703517754096,
                        "bearing": 329.4093322753906,
                        "velocity": 1.3267080783843994
                    }
                },
                {
                    "type": "Feature",
                    "geometry": {
                        "type": "Point",
                        "coordinates": [
                            49.2561476,
                            55.7875588
                        ]
                    },
                    "properties": {
                        "createdDate": 1703517755088,
                        "bearing": 332.89227294921875,
                        "velocity": 1.7932125329971313
                    }
                },
                {
                    "type": "Feature",
                    "geometry": {
                        "type": "Point",
                        "coordinates": [
                            49.2561303,
                            55.7875759
                        ]
                    },
                    "properties": {
                        "createdDate": 1703517756095,
                        "bearing": 342.6552429199219,
                        "velocity": 2.179121732711792
                    }
                },
                {
                    "type": "Feature",
                    "geometry": {
                        "type": "Point",
                        "coordinates": [
                            49.2561328,
                            55.7875911
                        ]
                    },
                    "properties": {
                        "createdDate": 1703517757103,
                        "bearing": 335.3489990234375,
                        "velocity": 1.8129942417144775
                    }
                },
                {
                    "type": "Feature",
                    "geometry": {
                        "type": "Point",
                        "coordinates": [
                            49.2561382,
                            55.7876042
                        ]
                    },
                    "properties": {
                        "createdDate": 1703517758095,
                        "bearing": 351.0871276855469,
                        "velocity": 1.953110933303833
                    }
                },
                {
                    "type": "Feature",
                    "geometry": {
                        "type": "Point",
                        "coordinates": [
                            49.2561554,
                            55.7876192
                        ]
                    },
                    "properties": {
                        "createdDate": 1703517759088,
                        "bearing": 22.10440444946289,
                        "velocity": 1.9583793878555298
                    }
                },
                {
                    "type": "Feature",
                    "geometry": {
                        "type": "Point",
                        "coordinates": [
                            49.2561682,
                            55.7876426
                        ]
                    },
                    "properties": {
                        "createdDate": 1703517760094,
                        "bearing": 23.903989791870117,
                        "velocity": 2.6035356521606445
                    }
                },
                {
                    "type": "Feature",
                    "geometry": {
                        "type": "Point",
                        "coordinates": [
                            49.2561658,
                            55.7876784
                        ]
                    },
                    "properties": {
                        "createdDate": 1703517761101,
                        "bearing": 12.107996940612793,
                        "velocity": 3.2772467136383057
                    }
                },
                {
                    "type": "Feature",
                    "geometry": {
                        "type": "Point",
                        "coordinates": [
                            49.2561455,
                            55.7877231
                        ]
                    },
                    "properties": {
                        "createdDate": 1703517762095,
                        "bearing": 359.8572998046875,
                        "velocity": 4.3453168869018555
                    }
                },
                {
                    "type": "Feature",
                    "geometry": {
                        "type": "Point",
                        "coordinates": [
                            49.2561216,
                            55.7877716
                        ]
                    },
                    "properties": {
                        "createdDate": 1703517763101,
                        "bearing": 0.572837769985199,
                        "velocity": 4.763802528381348
                    }
                },
                {
                    "type": "Feature",
                    "geometry": {
                        "type": "Point",
                        "coordinates": [
                            49.2560886,
                            55.7878233
                        ]
                    },
                    "properties": {
                        "createdDate": 1703517764108,
                        "bearing": 353.63470458984375,
                        "velocity": 5.05792236328125
                    }
                },
                {
                    "type": "Feature",
                    "geometry": {
                        "type": "Point",
                        "coordinates": [
                            49.2560416,
                            55.7878833
                        ]
                    },
                    "properties": {
                        "createdDate": 1703517765099,
                        "bearing": 347.2333068847656,
                        "velocity": 5.943484306335449
                    }
                },
                {
                    "type": "Feature",
                    "geometry": {
                        "type": "Point",
                        "coordinates": [
                            49.2559943,
                            55.7879384
                        ]
                    },
                    "properties": {
                        "createdDate": 1703517766108,
                        "bearing": 339.9296569824219,
                        "velocity": 5.568336009979248
                    }
                },
                {
                    "type": "Feature",
                    "geometry": {
                        "type": "Point",
                        "coordinates": [
                            49.2559413,
                            55.7880113
                        ]
                    },
                    "properties": {
                        "createdDate": 1703517767104,
                        "bearing": 340.0352478027344,
                        "velocity": 5.87408971786499
                    }
                },
                {
                    "type": "Feature",
                    "geometry": {
                        "type": "Point",
                        "coordinates": [
                            49.2559006,
                            55.7880636
                        ]
                    },
                    "properties": {
                        "createdDate": 1703517768130,
                        "bearing": 340.2142028808594,
                        "velocity": 4.883186340332031
                    }
                },
                {
                    "type": "Feature",
                    "geometry": {
                        "type": "Point",
                        "coordinates": [
                            49.2558655,
                            55.7881166
                        ]
                    },
                    "properties": {
                        "createdDate": 1703517769116,
                        "bearing": 336.5627136230469,
                        "velocity": 4.781679153442383
                    }
                },
                {
                    "type": "Feature",
                    "geometry": {
                        "type": "Point",
                        "coordinates": [
                            49.2558314,
                            55.7881635
                        ]
                    },
                    "properties": {
                        "createdDate": 1703517770123,
                        "bearing": 334.6402282714844,
                        "velocity": 4.275784969329834
                    }
                },
                {
                    "type": "Feature",
                    "geometry": {
                        "type": "Point",
                        "coordinates": [
                            49.2558138,
                            55.7882068
                        ]
                    },
                    "properties": {
                        "createdDate": 1703517771115,
                        "bearing": 341.35150146484375,
                        "velocity": 4.593329429626465
                    }
                },
                {
                    "type": "Feature",
                    "geometry": {
                        "type": "Point",
                        "coordinates": [
                            49.2557923,
                            55.7882539
                        ]
                    },
                    "properties": {
                        "createdDate": 1703517772105,
                        "bearing": 342.7655029296875,
                        "velocity": 5.2383599281311035
                    }
                },
                {
                    "type": "Feature",
                    "geometry": {
                        "type": "Point",
                        "coordinates": [
                            49.2557691,
                            55.788297
                        ]
                    },
                    "properties": {
                        "createdDate": 1703517773116,
                        "bearing": 337.00909423828125,
                        "velocity": 4.901252269744873
                    }
                },
                {
                    "type": "Feature",
                    "geometry": {
                        "type": "Point",
                        "coordinates": [
                            49.2557518,
                            55.7883408
                        ]
                    },
                    "properties": {
                        "createdDate": 1703517774122,
                        "bearing": 347.48150634765625,
                        "velocity": 5.060967922210693
                    }
                },
                {
                    "type": "Feature",
                    "geometry": {
                        "type": "Point",
                        "coordinates": [
                            49.2556991,
                            55.7883886
                        ]
                    },
                    "properties": {
                        "createdDate": 1703517775115,
                        "bearing": 341.4913635253906,
                        "velocity": 5.185629367828369
                    }
                },
                {
                    "type": "Feature",
                    "geometry": {
                        "type": "Point",
                        "coordinates": [
                            49.2556508,
                            55.7884368
                        ]
                    },
                    "properties": {
                        "createdDate": 1703517776123,
                        "bearing": 341.7633056640625,
                        "velocity": 5.1949920654296875
                    }
                },
                {
                    "type": "Feature",
                    "geometry": {
                        "type": "Point",
                        "coordinates": [
                            49.2556134,
                            55.7884837
                        ]
                    },
                    "properties": {
                        "createdDate": 1703517777129,
                        "bearing": 342.8269348144531,
                        "velocity": 4.752537250518799
                    }
                },
                {
                    "type": "Feature",
                    "geometry": {
                        "type": "Point",
                        "coordinates": [
                            49.2555856,
                            55.7885307
                        ]
                    },
                    "properties": {
                        "createdDate": 1703517778131,
                        "bearing": 343.07733154296875,
                        "velocity": 4.390143871307373
                    }
                },
                {
                    "type": "Feature",
                    "geometry": {
                        "type": "Point",
                        "coordinates": [
                            49.2555639,
                            55.7885829
                        ]
                    },
                    "properties": {
                        "createdDate": 1703517779129,
                        "bearing": 345.69757080078125,
                        "velocity": 4.699216842651367
                    }
                },
                {
                    "type": "Feature",
                    "geometry": {
                        "type": "Point",
                        "coordinates": [
                            49.2555238,
                            55.7886342
                        ]
                    },
                    "properties": {
                        "createdDate": 1703517780120,
                        "bearing": 344.09661865234375,
                        "velocity": 4.765054702758789
                    }
                },
                {
                    "type": "Feature",
                    "geometry": {
                        "type": "Point",
                        "coordinates": [
                            49.255478,
                            55.7886823
                        ]
                    },
                    "properties": {
                        "createdDate": 1703517781128,
                        "bearing": 338.62164306640625,
                        "velocity": 4.881128311157227
                    }
                },
                {
                    "type": "Feature",
                    "geometry": {
                        "type": "Point",
                        "coordinates": [
                            49.2554369,
                            55.788728
                        ]
                    },
                    "properties": {
                        "createdDate": 1703517782136,
                        "bearing": 338.0509033203125,
                        "velocity": 4.805860996246338
                    }
                },
                {
                    "type": "Feature",
                    "geometry": {
                        "type": "Point",
                        "coordinates": [
                            49.2554262,
                            55.7887681
                        ]
                    },
                    "properties": {
                        "createdDate": 1703517783135,
                        "bearing": 340.0394287109375,
                        "velocity": 4.459784507751465
                    }
                },
                {
                    "type": "Feature",
                    "geometry": {
                        "type": "Point",
                        "coordinates": [
                            49.2554279,
                            55.78881
                        ]
                    },
                    "properties": {
                        "createdDate": 1703517784137,
                        "bearing": 349.4242858886719,
                        "velocity": 4.119976997375488
                    }
                },
                {
                    "type": "Feature",
                    "geometry": {
                        "type": "Point",
                        "coordinates": [
                            49.2554234,
                            55.7888477
                        ]
                    },
                    "properties": {
                        "createdDate": 1703517785143,
                        "bearing": 348.1746826171875,
                        "velocity": 4.067328453063965
                    }
                },
                {
                    "type": "Feature",
                    "geometry": {
                        "type": "Point",
                        "coordinates": [
                            49.2554357,
                            55.7888951
                        ]
                    },
                    "properties": {
                        "createdDate": 1703517786137,
                        "bearing": 356.4156799316406,
                        "velocity": 3.599895477294922
                    }
                },
                {
                    "type": "Feature",
                    "geometry": {
                        "type": "Point",
                        "coordinates": [
                            49.2554632,
                            55.7889493
                        ]
                    },
                    "properties": {
                        "createdDate": 1703517787142,
                        "bearing": 1.7429920434951782,
                        "velocity": 3.8624460697174072
                    }
                },
                {
                    "type": "Feature",
                    "geometry": {
                        "type": "Point",
                        "coordinates": [
                            49.2554707,
                            55.7889894
                        ]
                    },
                    "properties": {
                        "createdDate": 1703517788132,
                        "bearing": 356.4550476074219,
                        "velocity": 3.6666347980499268
                    }
                },
                {
                    "type": "Feature",
                    "geometry": {
                        "type": "Point",
                        "coordinates": [
                            49.2554655,
                            55.7890254
                        ]
                    },
                    "properties": {
                        "createdDate": 1703517789143,
                        "bearing": 350.4382629394531,
                        "velocity": 3.6530263423919678
                    }
                },
                {
                    "type": "Feature",
                    "geometry": {
                        "type": "Point",
                        "coordinates": [
                            49.2554502,
                            55.789061
                        ]
                    },
                    "properties": {
                        "createdDate": 1703517790134,
                        "bearing": 343.5357360839844,
                        "velocity": 4.017402172088623
                    }
                },
                {
                    "type": "Feature",
                    "geometry": {
                        "type": "Point",
                        "coordinates": [
                            49.2554281,
                            55.7891003
                        ]
                    },
                    "properties": {
                        "createdDate": 1703517791142,
                        "bearing": 342.9710693359375,
                        "velocity": 4.351075172424316
                    }
                },
                {
                    "type": "Feature",
                    "geometry": {
                        "type": "Point",
                        "coordinates": [
                            49.2554441,
                            55.7891486
                        ]
                    },
                    "properties": {
                        "createdDate": 1703517792150,
                        "bearing": 346.9291076660156,
                        "velocity": 4.426761150360107
                    }
                },
                {
                    "type": "Feature",
                    "geometry": {
                        "type": "Point",
                        "coordinates": [
                            49.2554316,
                            55.7892173
                        ]
                    },
                    "properties": {
                        "createdDate": 1703517793145,
                        "bearing": 343.43157958984375,
                        "velocity": 4.340737342834473
                    }
                },
                {
                    "type": "Feature",
                    "geometry": {
                        "type": "Point",
                        "coordinates": [
                            49.2554082,
                            55.7892607
                        ]
                    },
                    "properties": {
                        "createdDate": 1703517794150,
                        "bearing": 337.5860900878906,
                        "velocity": 4.041955471038818
                    }
                },
                {
                    "type": "Feature",
                    "geometry": {
                        "type": "Point",
                        "coordinates": [
                            49.2553834,
                            55.789297
                        ]
                    },
                    "properties": {
                        "createdDate": 1703517795157,
                        "bearing": 335.2973327636719,
                        "velocity": 3.7936110496520996
                    }
                },
                {
                    "type": "Feature",
                    "geometry": {
                        "type": "Point",
                        "coordinates": [
                            49.2553488,
                            55.7893246
                        ]
                    },
                    "properties": {
                        "createdDate": 1703517796149,
                        "bearing": 323.39788818359375,
                        "velocity": 3.402261972427368
                    }
                },
                {
                    "type": "Feature",
                    "geometry": {
                        "type": "Point",
                        "coordinates": [
                            49.2553096,
                            55.7893437
                        ]
                    },
                    "properties": {
                        "createdDate": 1703517797159,
                        "bearing": 314.2418212890625,
                        "velocity": 3.0755181312561035
                    }
                },
                {
                    "type": "Feature",
                    "geometry": {
                        "type": "Point",
                        "coordinates": [
                            49.2552842,
                            55.7893584
                        ]
                    },
                    "properties": {
                        "createdDate": 1703517798164,
                        "bearing": 306.7115783691406,
                        "velocity": 2.6905055046081543
                    }
                },
                {
                    "type": "Feature",
                    "geometry": {
                        "type": "Point",
                        "coordinates": [
                            49.2552568,
                            55.7893672
                        ]
                    },
                    "properties": {
                        "createdDate": 1703517799159,
                        "bearing": 281.8047180175781,
                        "velocity": 2.321484088897705
                    }
                },
                {
                    "type": "Feature",
                    "geometry": {
                        "type": "Point",
                        "coordinates": [
                            49.2552224,
                            55.7893681
                        ]
                    },
                    "properties": {
                        "createdDate": 1703517800162,
                        "bearing": 274.43731689453125,
                        "velocity": 2.2137391567230225
                    }
                },
                {
                    "type": "Feature",
                    "geometry": {
                        "type": "Point",
                        "coordinates": [
                            49.2552056,
                            55.7893629
                        ]
                    },
                    "properties": {
                        "createdDate": 1703517801155,
                        "bearing": 253.1168212890625,
                        "velocity": 2.0727715492248535
                    }
                },
                {
                    "type": "Feature",
                    "geometry": {
                        "type": "Point",
                        "coordinates": [
                            49.2551745,
                            55.7893511
                        ]
                    },
                    "properties": {
                        "createdDate": 1703517802162,
                        "bearing": 242.37225341796875,
                        "velocity": 2.7504637241363525
                    }
                },
                {
                    "type": "Feature",
                    "geometry": {
                        "type": "Point",
                        "coordinates": [
                            49.2551302,
                            55.7893376
                        ]
                    },
                    "properties": {
                        "createdDate": 1703517803169,
                        "bearing": 246.60533142089844,
                        "velocity": 3.17397141456604
                    }
                },
                {
                    "type": "Feature",
                    "geometry": {
                        "type": "Point",
                        "coordinates": [
                            49.2550778,
                            55.7893254
                        ]
                    },
                    "properties": {
                        "createdDate": 1703517804161,
                        "bearing": 248.85084533691406,
                        "velocity": 3.0310850143432617
                    }
                },
                {
                    "type": "Feature",
                    "geometry": {
                        "type": "Point",
                        "coordinates": [
                            49.255026,
                            55.7893164
                        ]
                    },
                    "properties": {
                        "createdDate": 1703517805170,
                        "bearing": 253.6934356689453,
                        "velocity": 2.937211275100708
                    }
                },
                {
                    "type": "Feature",
                    "geometry": {
                        "type": "Point",
                        "coordinates": [
                            49.2549694,
                            55.789312
                        ]
                    },
                    "properties": {
                        "createdDate": 1703517806177,
                        "bearing": 257.7491149902344,
                        "velocity": 3.267188787460327
                    }
                },
                {
                    "type": "Feature",
                    "geometry": {
                        "type": "Point",
                        "coordinates": [
                            49.2549076,
                            55.7893052
                        ]
                    },
                    "properties": {
                        "createdDate": 1703517807170,
                        "bearing": 252.23199462890625,
                        "velocity": 3.7658777236938477
                    }
                },
                {
                    "type": "Feature",
                    "geometry": {
                        "type": "Point",
                        "coordinates": [
                            49.2548369,
                            55.7892926
                        ]
                    },
                    "properties": {
                        "createdDate": 1703517808177,
                        "bearing": 251.9072265625,
                        "velocity": 4.361371040344238
                    }
                },
                {
                    "type": "Feature",
                    "geometry": {
                        "type": "Point",
                        "coordinates": [
                            49.254757,
                            55.7892802
                        ]
                    },
                    "properties": {
                        "createdDate": 1703517809184,
                        "bearing": 255.68087768554688,
                        "velocity": 4.890700340270996
                    }
                },
                {
                    "type": "Feature",
                    "geometry": {
                        "type": "Point",
                        "coordinates": [
                            49.2546745,
                            55.7892698
                        ]
                    },
                    "properties": {
                        "createdDate": 1703517810176,
                        "bearing": 257.85162353515625,
                        "velocity": 4.873764514923096
                    }
                },
                {
                    "type": "Feature",
                    "geometry": {
                        "type": "Point",
                        "coordinates": [
                            49.2545936,
                            55.7892602
                        ]
                    },
                    "properties": {
                        "createdDate": 1703517811184,
                        "bearing": 257.0306396484375,
                        "velocity": 5.04395055770874
                    }
                },
                {
                    "type": "Feature",
                    "geometry": {
                        "type": "Point",
                        "coordinates": [
                            49.2545067,
                            55.7892534
                        ]
                    },
                    "properties": {
                        "createdDate": 1703517812176,
                        "bearing": 255.12306213378906,
                        "velocity": 5.25087308883667
                    }
                },
                {
                    "type": "Feature",
                    "geometry": {
                        "type": "Point",
                        "coordinates": [
                            49.2544166,
                            55.7892438
                        ]
                    },
                    "properties": {
                        "createdDate": 1703517813183,
                        "bearing": 256.90020751953125,
                        "velocity": 5.279402256011963
                    }
                },
                {
                    "type": "Feature",
                    "geometry": {
                        "type": "Point",
                        "coordinates": [
                            49.2543317,
                            55.7892332
                        ]
                    },
                    "properties": {
                        "createdDate": 1703517814191,
                        "bearing": 254.2260284423828,
                        "velocity": 5.115428447723389
                    }
                },
                {
                    "type": "Feature",
                    "geometry": {
                        "type": "Point",
                        "coordinates": [
                            49.2542485,
                            55.7892224
                        ]
                    },
                    "properties": {
                        "createdDate": 1703517815186,
                        "bearing": 251.27174377441406,
                        "velocity": 4.81113862991333
                    }
                },
                {
                    "type": "Feature",
                    "geometry": {
                        "type": "Point",
                        "coordinates": [
                            49.2541742,
                            55.7892049
                        ]
                    },
                    "properties": {
                        "createdDate": 1703517816191,
                        "bearing": 247.59849548339844,
                        "velocity": 4.911792278289795
                    }
                },
                {
                    "type": "Feature",
                    "geometry": {
                        "type": "Point",
                        "coordinates": [
                            49.2541009,
                            55.7891865
                        ]
                    },
                    "properties": {
                        "createdDate": 1703517817182,
                        "bearing": 247.17762756347656,
                        "velocity": 4.967442035675049
                    }
                },
                {
                    "type": "Feature",
                    "geometry": {
                        "type": "Point",
                        "coordinates": [
                            49.2540244,
                            55.7891696
                        ]
                    },
                    "properties": {
                        "createdDate": 1703517818192,
                        "bearing": 248.21214294433594,
                        "velocity": 4.5398969650268555
                    }
                },
                {
                    "type": "Feature",
                    "geometry": {
                        "type": "Point",
                        "coordinates": [
                            49.2539489,
                            55.7891548
                        ]
                    },
                    "properties": {
                        "createdDate": 1703517819198,
                        "bearing": 250.19827270507812,
                        "velocity": 4.085230350494385
                    }
                },
                {
                    "type": "Feature",
                    "geometry": {
                        "type": "Point",
                        "coordinates": [
                            49.2538893,
                            55.7891434
                        ]
                    },
                    "properties": {
                        "createdDate": 1703517820205,
                        "bearing": 249.81378173828125,
                        "velocity": 3.438863515853882
                    }
                },
                {
                    "type": "Feature",
                    "geometry": {
                        "type": "Point",
                        "coordinates": [
                            49.2538361,
                            55.7891359
                        ]
                    },
                    "properties": {
                        "createdDate": 1703517821198,
                        "bearing": 248.22805786132812,
                        "velocity": 2.729931116104126
                    }
                },
                {
                    "type": "Feature",
                    "geometry": {
                        "type": "Point",
                        "coordinates": [
                            49.2537906,
                            55.7891255
                        ]
                    },
                    "properties": {
                        "createdDate": 1703517822206,
                        "bearing": 239.49838256835938,
                        "velocity": 2.7271125316619873
                    }
                },
                {
                    "type": "Feature",
                    "geometry": {
                        "type": "Point",
                        "coordinates": [
                            49.253737,
                            55.7891144
                        ]
                    },
                    "properties": {
                        "createdDate": 1703517823200,
                        "bearing": 244.21812438964844,
                        "velocity": 2.868846893310547
                    }
                },
                {
                    "type": "Feature",
                    "geometry": {
                        "type": "Point",
                        "coordinates": [
                            49.2536766,
                            55.7891032
                        ]
                    },
                    "properties": {
                        "createdDate": 1703517824205,
                        "bearing": 245.5804901123047,
                        "velocity": 3.10788893699646
                    }
                },
                {
                    "type": "Feature",
                    "geometry": {
                        "type": "Point",
                        "coordinates": [
                            49.2536097,
                            55.7890898
                        ]
                    },
                    "properties": {
                        "createdDate": 1703517825197,
                        "bearing": 244.1464080810547,
                        "velocity": 3.634108781814575
                    }
                },
                {
                    "type": "Feature",
                    "geometry": {
                        "type": "Point",
                        "coordinates": [
                            49.2535404,
                            55.7890734
                        ]
                    },
                    "properties": {
                        "createdDate": 1703517826204,
                        "bearing": 244.0752716064453,
                        "velocity": 3.996178388595581
                    }
                },
                {
                    "type": "Feature",
                    "geometry": {
                        "type": "Point",
                        "coordinates": [
                            49.2534558,
                            55.7890555
                        ]
                    },
                    "properties": {
                        "createdDate": 1703517827212,
                        "bearing": 245.46034240722656,
                        "velocity": 4.206650733947754
                    }
                },
                {
                    "type": "Feature",
                    "geometry": {
                        "type": "Point",
                        "coordinates": [
                            49.2533754,
                            55.7890389
                        ]
                    },
                    "properties": {
                        "createdDate": 1703517828203,
                        "bearing": 246.3866424560547,
                        "velocity": 4.506422519683838
                    }
                },
                {
                    "type": "Feature",
                    "geometry": {
                        "type": "Point",
                        "coordinates": [
                            49.2532973,
                            55.7890236
                        ]
                    },
                    "properties": {
                        "createdDate": 1703517829211,
                        "bearing": 248.85870361328125,
                        "velocity": 4.592073440551758
                    }
                },
                {
                    "type": "Feature",
                    "geometry": {
                        "type": "Point",
                        "coordinates": [
                            49.2532146,
                            55.7890121
                        ]
                    },
                    "properties": {
                        "createdDate": 1703517830205,
                        "bearing": 251.75161743164062,
                        "velocity": 4.729270935058594
                    }
                },
                {
                    "type": "Feature",
                    "geometry": {
                        "type": "Point",
                        "coordinates": [
                            49.253129,
                            55.7890017
                        ]
                    },
                    "properties": {
                        "createdDate": 1703517831210,
                        "bearing": 253.0301055908203,
                        "velocity": 5.140893459320068
                    }
                },
                {
                    "type": "Feature",
                    "geometry": {
                        "type": "Point",
                        "coordinates": [
                            49.2530449,
                            55.7889876
                        ]
                    },
                    "properties": {
                        "createdDate": 1703517832218,
                        "bearing": 250.4932861328125,
                        "velocity": 5.173663139343262
                    }
                },
                {
                    "type": "Feature",
                    "geometry": {
                        "type": "Point",
                        "coordinates": [
                            49.2529644,
                            55.7889714
                        ]
                    },
                    "properties": {
                        "createdDate": 1703517833212,
                        "bearing": 248.2801055908203,
                        "velocity": 5.044821262359619
                    }
                },
                {
                    "type": "Feature",
                    "geometry": {
                        "type": "Point",
                        "coordinates": [
                            49.2528851,
                            55.788955
                        ]
                    },
                    "properties": {
                        "createdDate": 1703517834219,
                        "bearing": 248.39662170410156,
                        "velocity": 4.922970771789551
                    }
                },
                {
                    "type": "Feature",
                    "geometry": {
                        "type": "Point",
                        "coordinates": [
                            49.2528123,
                            55.7889357
                        ]
                    },
                    "properties": {
                        "createdDate": 1703517835225,
                        "bearing": 249.23387145996094,
                        "velocity": 4.803069591522217
                    }
                },
                {
                    "type": "Feature",
                    "geometry": {
                        "type": "Point",
                        "coordinates": [
                            49.252739,
                            55.7889139
                        ]
                    },
                    "properties": {
                        "createdDate": 1703517836218,
                        "bearing": 252.48960876464844,
                        "velocity": 4.623507022857666
                    }
                },
                {
                    "type": "Feature",
                    "geometry": {
                        "type": "Point",
                        "coordinates": [
                            49.252666,
                            55.7888953
                        ]
                    },
                    "properties": {
                        "createdDate": 1703517837225,
                        "bearing": 252.06874084472656,
                        "velocity": 4.509471416473389
                    }
                },
                {
                    "type": "Feature",
                    "geometry": {
                        "type": "Point",
                        "coordinates": [
                            49.2525924,
                            55.7888735
                        ]
                    },
                    "properties": {
                        "createdDate": 1703517838219,
                        "bearing": 248.9446563720703,
                        "velocity": 4.661884784698486
                    }
                },
                {
                    "type": "Feature",
                    "geometry": {
                        "type": "Point",
                        "coordinates": [
                            49.2525169,
                            55.7888525
                        ]
                    },
                    "properties": {
                        "createdDate": 1703517839226,
                        "bearing": 247.2186279296875,
                        "velocity": 4.672484874725342
                    }
                },
                {
                    "type": "Feature",
                    "geometry": {
                        "type": "Point",
                        "coordinates": [
                            49.2524414,
                            55.788834
                        ]
                    },
                    "properties": {
                        "createdDate": 1703517840232,
                        "bearing": 247.0629119873047,
                        "velocity": 4.746514320373535
                    }
                },
                {
                    "type": "Feature",
                    "geometry": {
                        "type": "Point",
                        "coordinates": [
                            49.2523651,
                            55.7888166
                        ]
                    },
                    "properties": {
                        "createdDate": 1703517841224,
                        "bearing": 245.0835723876953,
                        "velocity": 4.861865997314453
                    }
                },
                {
                    "type": "Feature",
                    "geometry": {
                        "type": "Point",
                        "coordinates": [
                            49.2522872,
                            55.7887973
                        ]
                    },
                    "properties": {
                        "createdDate": 1703517842232,
                        "bearing": 245.5856475830078,
                        "velocity": 4.995368480682373
                    }
                },
                {
                    "type": "Feature",
                    "geometry": {
                        "type": "Point",
                        "coordinates": [
                            49.2522104,
                            55.7887762
                        ]
                    },
                    "properties": {
                        "createdDate": 1703517843230,
                        "bearing": 242.37762451171875,
                        "velocity": 5.053947925567627
                    }
                },
                {
                    "type": "Feature",
                    "geometry": {
                        "type": "Point",
                        "coordinates": [
                            49.2521326,
                            55.7887556
                        ]
                    },
                    "properties": {
                        "createdDate": 1703517844232,
                        "bearing": 244.50335693359375,
                        "velocity": 5.059572696685791
                    }
                },
                {
                    "type": "Feature",
                    "geometry": {
                        "type": "Point",
                        "coordinates": [
                            49.2520545,
                            55.7887359
                        ]
                    },
                    "properties": {
                        "createdDate": 1703517845239,
                        "bearing": 245.4658966064453,
                        "velocity": 5.0051984786987305
                    }
                },
                {
                    "type": "Feature",
                    "geometry": {
                        "type": "Point",
                        "coordinates": [
                            49.2519793,
                            55.7887181
                        ]
                    },
                    "properties": {
                        "createdDate": 1703517846231,
                        "bearing": 246.42269897460938,
                        "velocity": 4.82793664932251
                    }
                },
                {
                    "type": "Feature",
                    "geometry": {
                        "type": "Point",
                        "coordinates": [
                            49.2519077,
                            55.7886992
                        ]
                    },
                    "properties": {
                        "createdDate": 1703517847237,
                        "bearing": 244.11158752441406,
                        "velocity": 4.735763072967529
                    }
                },
                {
                    "type": "Feature",
                    "geometry": {
                        "type": "Point",
                        "coordinates": [
                            49.2518459,
                            55.7886807
                        ]
                    },
                    "properties": {
                        "createdDate": 1703517848234,
                        "bearing": 242.9517059326172,
                        "velocity": 4.209589004516602
                    }
                },
                {
                    "type": "Feature",
                    "geometry": {
                        "type": "Point",
                        "coordinates": [
                            49.251794,
                            55.7886663
                        ]
                    },
                    "properties": {
                        "createdDate": 1703517849238,
                        "bearing": 246.2267303466797,
                        "velocity": 3.513411283493042
                    }
                },
                {
                    "type": "Feature",
                    "geometry": {
                        "type": "Point",
                        "coordinates": [
                            49.2517504,
                            55.7886574
                        ]
                    },
                    "properties": {
                        "createdDate": 1703517850245,
                        "bearing": 252.95901489257812,
                        "velocity": 2.8948581218719482
                    }
                },
                {
                    "type": "Feature",
                    "geometry": {
                        "type": "Point",
                        "coordinates": [
                            49.2517125,
                            55.7886492
                        ]
                    },
                    "properties": {
                        "createdDate": 1703517851255,
                        "bearing": 251.8487091064453,
                        "velocity": 2.536052942276001
                    }
                },
                {
                    "type": "Feature",
                    "geometry": {
                        "type": "Point",
                        "coordinates": [
                            49.2516752,
                            55.788641
                        ]
                    },
                    "properties": {
                        "createdDate": 1703517852245,
                        "bearing": 251.2416534423828,
                        "velocity": 2.5622615814208984
                    }
                },
                {
                    "type": "Feature",
                    "geometry": {
                        "type": "Point",
                        "coordinates": [
                            49.2516346,
                            55.7886376
                        ]
                    },
                    "properties": {
                        "createdDate": 1703517853253,
                        "bearing": 259.4585876464844,
                        "velocity": 2.5007107257843018
                    }
                },
                {
                    "type": "Feature",
                    "geometry": {
                        "type": "Point",
                        "coordinates": [
                            49.2515899,
                            55.7886321
                        ]
                    },
                    "properties": {
                        "createdDate": 1703517854247,
                        "bearing": 255.9429931640625,
                        "velocity": 2.61824369430542
                    }
                },
                {
                    "type": "Feature",
                    "geometry": {
                        "type": "Point",
                        "coordinates": [
                            49.2515459,
                            55.7886252
                        ]
                    },
                    "properties": {
                        "createdDate": 1703517855252,
                        "bearing": 258.109619140625,
                        "velocity": 2.678171157836914
                    }
                },
                {
                    "type": "Feature",
                    "geometry": {
                        "type": "Point",
                        "coordinates": [
                            49.2515035,
                            55.788609
                        ]
                    },
                    "properties": {
                        "createdDate": 1703517856246,
                        "bearing": 252.18807983398438,
                        "velocity": 2.730886936187744
                    }
                },
                {
                    "type": "Feature",
                    "geometry": {
                        "type": "Point",
                        "coordinates": [
                            49.2514626,
                            55.7885881
                        ]
                    },
                    "properties": {
                        "createdDate": 1703517857256,
                        "bearing": 252.08106994628906,
                        "velocity": 2.873739719390869
                    }
                },
                {
                    "type": "Feature",
                    "geometry": {
                        "type": "Point",
                        "coordinates": [
                            49.2514185,
                            55.7885735
                        ]
                    },
                    "properties": {
                        "createdDate": 1703517858259,
                        "bearing": 255.92181396484375,
                        "velocity": 2.8277742862701416
                    }
                },
                {
                    "type": "Feature",
                    "geometry": {
                        "type": "Point",
                        "coordinates": [
                            49.2513675,
                            55.7885558
                        ]
                    },
                    "properties": {
                        "createdDate": 1703517859253,
                        "bearing": 261.8643493652344,
                        "velocity": 3.308736562728882
                    }
                },
                {
                    "type": "Feature",
                    "geometry": {
                        "type": "Point",
                        "coordinates": [
                            49.2513083,
                            55.7885491
                        ]
                    },
                    "properties": {
                        "createdDate": 1703517860257,
                        "bearing": 271.77349853515625,
                        "velocity": 3.496774911880493
                    }
                },
                {
                    "type": "Feature",
                    "geometry": {
                        "type": "Point",
                        "coordinates": [
                            49.2512483,
                            55.7885553
                        ]
                    },
                    "properties": {
                        "createdDate": 1703517861255,
                        "bearing": 283.8394470214844,
                        "velocity": 3.565669059753418
                    }
                },
                {
                    "type": "Feature",
                    "geometry": {
                        "type": "Point",
                        "coordinates": [
                            49.2511974,
                            55.7885768
                        ]
                    },
                    "properties": {
                        "createdDate": 1703517862259,
                        "bearing": 301.1252136230469,
                        "velocity": 3.570291757583618
                    }
                },
                {
                    "type": "Feature",
                    "geometry": {
                        "type": "Point",
                        "coordinates": [
                            49.2511648,
                            55.7886085
                        ]
                    },
                    "properties": {
                        "createdDate": 1703517863266,
                        "bearing": 321.2121887207031,
                        "velocity": 3.5050206184387207
                    }
                },
                {
                    "type": "Feature",
                    "geometry": {
                        "type": "Point",
                        "coordinates": [
                            49.2511465,
                            55.7886529
                        ]
                    },
                    "properties": {
                        "createdDate": 1703517864258,
                        "bearing": 337.8289794921875,
                        "velocity": 4.15976619720459
                    }
                },
                {
                    "type": "Feature",
                    "geometry": {
                        "type": "Point",
                        "coordinates": [
                            49.2511276,
                            55.7887039
                        ]
                    },
                    "properties": {
                        "createdDate": 1703517865265,
                        "bearing": 342.38653564453125,
                        "velocity": 4.855116844177246
                    }
                },
                {
                    "type": "Feature",
                    "geometry": {
                        "type": "Point",
                        "coordinates": [
                            49.2511068,
                            55.7887601
                        ]
                    },
                    "properties": {
                        "createdDate": 1703517866275,
                        "bearing": 343.8658752441406,
                        "velocity": 5.450606346130371
                    }
                },
                {
                    "type": "Feature",
                    "geometry": {
                        "type": "Point",
                        "coordinates": [
                            49.2510982,
                            55.7888007
                        ]
                    },
                    "properties": {
                        "createdDate": 1703517867265,
                        "bearing": 348.8347473144531,
                        "velocity": 4.456723690032959
                    }
                },
                {
                    "type": "Feature",
                    "geometry": {
                        "type": "Point",
                        "coordinates": [
                            49.2510953,
                            55.7888374
                        ]
                    },
                    "properties": {
                        "createdDate": 1703517868273,
                        "bearing": 355.64178466796875,
                        "velocity": 3.4283201694488525
                    }
                },
                {
                    "type": "Feature",
                    "geometry": {
                        "type": "Point",
                        "coordinates": [
                            49.2510962,
                            55.788868
                        ]
                    },
                    "properties": {
                        "createdDate": 1703517869283,
                        "bearing": 1.6254503726959229,
                        "velocity": 2.5963399410247803
                    }
                },
                {
                    "type": "Feature",
                    "geometry": {
                        "type": "Point",
                        "coordinates": [
                            49.2511027,
                            55.7888997
                        ]
                    },
                    "properties": {
                        "createdDate": 1703517870273,
                        "bearing": 6.746605396270752,
                        "velocity": 2.512612819671631
                    }
                },
                {
                    "type": "Feature",
                    "geometry": {
                        "type": "Point",
                        "coordinates": [
                            49.2511139,
                            55.788929
                        ]
                    },
                    "properties": {
                        "createdDate": 1703517871282,
                        "bearing": 12.842938423156738,
                        "velocity": 3.0715925693511963
                    }
                },
                {
                    "type": "Feature",
                    "geometry": {
                        "type": "Point",
                        "coordinates": [
                            49.2511273,
                            55.7889588
                        ]
                    },
                    "properties": {
                        "createdDate": 1703517872272,
                        "bearing": 18.772871017456055,
                        "velocity": 3.4494709968566895
                    }
                },
                {
                    "type": "Feature",
                    "geometry": {
                        "type": "Point",
                        "coordinates": [
                            49.2511487,
                            55.7889826
                        ]
                    },
                    "properties": {
                        "createdDate": 1703517873280,
                        "bearing": 25.747520446777344,
                        "velocity": 4.0237202644348145
                    }
                },
                {
                    "type": "Feature",
                    "geometry": {
                        "type": "Point",
                        "coordinates": [
                            49.2511673,
                            55.7890152
                        ]
                    },
                    "properties": {
                        "createdDate": 1703517874276,
                        "bearing": 21.271751403808594,
                        "velocity": 4.332335948944092
                    }
                },
                {
                    "type": "Feature",
                    "geometry": {
                        "type": "Point",
                        "coordinates": [
                            49.2511791,
                            55.7890553
                        ]
                    },
                    "properties": {
                        "createdDate": 1703517875279,
                        "bearing": 10.465615272521973,
                        "velocity": 5.1364240646362305
                    }
                },
                {
                    "type": "Feature",
                    "geometry": {
                        "type": "Point",
                        "coordinates": [
                            49.2511912,
                            55.7891038
                        ]
                    },
                    "properties": {
                        "createdDate": 1703517876286,
                        "bearing": 7.156691074371338,
                        "velocity": 5.252706050872803
                    }
                },
                {
                    "type": "Feature",
                    "geometry": {
                        "type": "Point",
                        "coordinates": [
                            49.2511933,
                            55.7891559
                        ]
                    },
                    "properties": {
                        "createdDate": 1703517877294,
                        "bearing": 351.84503173828125,
                        "velocity": 5.6991095542907715
                    }
                },
                {
                    "type": "Feature",
                    "geometry": {
                        "type": "Point",
                        "coordinates": [
                            49.251167,
                            55.7892067
                        ]
                    },
                    "properties": {
                        "createdDate": 1703517878286,
                        "bearing": 335.9600524902344,
                        "velocity": 5.649169921875
                    }
                },
                {
                    "type": "Feature",
                    "geometry": {
                        "type": "Point",
                        "coordinates": [
                            49.2511215,
                            55.7892533
                        ]
                    },
                    "properties": {
                        "createdDate": 1703517879294,
                        "bearing": 324.6926574707031,
                        "velocity": 5.969856262207031
                    }
                },
                {
                    "type": "Feature",
                    "geometry": {
                        "type": "Point",
                        "coordinates": [
                            49.2510538,
                            55.7892954
                        ]
                    },
                    "properties": {
                        "createdDate": 1703517880290,
                        "bearing": 314.96246337890625,
                        "velocity": 6.247823715209961
                    }
                },
                {
                    "type": "Feature",
                    "geometry": {
                        "type": "Point",
                        "coordinates": [
                            49.2509772,
                            55.7893338
                        ]
                    },
                    "properties": {
                        "createdDate": 1703517881299,
                        "bearing": 310.3954772949219,
                        "velocity": 6.109460353851318
                    }
                },
                {
                    "type": "Feature",
                    "geometry": {
                        "type": "Point",
                        "coordinates": [
                            49.2509047,
                            55.7893744
                        ]
                    },
                    "properties": {
                        "createdDate": 1703517882300,
                        "bearing": 314.60443115234375,
                        "velocity": 6.388246059417725
                    }
                },
                {
                    "type": "Feature",
                    "geometry": {
                        "type": "Point",
                        "coordinates": [
                            49.2508377,
                            55.789421
                        ]
                    },
                    "properties": {
                        "createdDate": 1703517883297,
                        "bearing": 322.21636962890625,
                        "velocity": 6.190532207489014
                    }
                },
                {
                    "type": "Feature",
                    "geometry": {
                        "type": "Point",
                        "coordinates": [
                            49.2507881,
                            55.7894677
                        ]
                    },
                    "properties": {
                        "createdDate": 1703517884300,
                        "bearing": 325.58843994140625,
                        "velocity": 6.247339248657227
                    }
                },
                {
                    "type": "Feature",
                    "geometry": {
                        "type": "Point",
                        "coordinates": [
                            49.2507442,
                            55.7895251
                        ]
                    },
                    "properties": {
                        "createdDate": 1703517885308,
                        "bearing": 334.2765808105469,
                        "velocity": 6.732010364532471
                    }
                },
                {
                    "type": "Feature",
                    "geometry": {
                        "type": "Point",
                        "coordinates": [
                            49.250706,
                            55.7895822
                        ]
                    },
                    "properties": {
                        "createdDate": 1703517886304,
                        "bearing": 331.3650207519531,
                        "velocity": 6.40363883972168
                    }
                },
                {
                    "type": "Feature",
                    "geometry": {
                        "type": "Point",
                        "coordinates": [
                            49.2506709,
                            55.7896413
                        ]
                    },
                    "properties": {
                        "createdDate": 1703517887308,
                        "bearing": 334.80517578125,
                        "velocity": 5.899059772491455
                    }
                },
                {
                    "type": "Feature",
                    "geometry": {
                        "type": "Point",
                        "coordinates": [
                            49.2506372,
                            55.789692
                        ]
                    },
                    "properties": {
                        "createdDate": 1703517888311,
                        "bearing": 335.08892822265625,
                        "velocity": 5.542352199554443
                    }
                },
                {
                    "type": "Feature",
                    "geometry": {
                        "type": "Point",
                        "coordinates": [
                            49.2506163,
                            55.7897355
                        ]
                    },
                    "properties": {
                        "createdDate": 1703517889307,
                        "bearing": 336.9960632324219,
                        "velocity": 5.031461715698242
                    }
                },
                {
                    "type": "Feature",
                    "geometry": {
                        "type": "Point",
                        "coordinates": [
                            49.2505612,
                            55.789828
                        ]
                    },
                    "properties": {
                        "createdDate": 1703517890314,
                        "bearing": 338.6031799316406,
                        "velocity": 5.297759056091309
                    }
                },
                {
                    "type": "Feature",
                    "geometry": {
                        "type": "Point",
                        "coordinates": [
                            49.250489,
                            55.7899413
                        ]
                    },
                    "properties": {
                        "createdDate": 1703517892314,
                        "bearing": 338.8690185546875,
                        "velocity": 6.8618316650390625
                    }
                },
                {
                    "type": "Feature",
                    "geometry": {
                        "type": "Point",
                        "coordinates": [
                            49.2504521,
                            55.7899997
                        ]
                    },
                    "properties": {
                        "createdDate": 1703517893305,
                        "bearing": 338.15069580078125,
                        "velocity": 6.660449028015137
                    }
                },
                {
                    "type": "Feature",
                    "geometry": {
                        "type": "Point",
                        "coordinates": [
                            49.25042,
                            55.7900565
                        ]
                    },
                    "properties": {
                        "createdDate": 1703517894315,
                        "bearing": 339.8415832519531,
                        "velocity": 6.860846996307373
                    }
                },
                {
                    "type": "Feature",
                    "geometry": {
                        "type": "Point",
                        "coordinates": [
                            49.25039,
                            55.7901109
                        ]
                    },
                    "properties": {
                        "createdDate": 1703517895311,
                        "bearing": 337.4437561035156,
                        "velocity": 6.100937366485596
                    }
                },
                {
                    "type": "Feature",
                    "geometry": {
                        "type": "Point",
                        "coordinates": [
                            49.2503648,
                            55.7901615
                        ]
                    },
                    "properties": {
                        "createdDate": 1703517896317,
                        "bearing": 338.08544921875,
                        "velocity": 5.646527290344238
                    }
                },
                {
                    "type": "Feature",
                    "geometry": {
                        "type": "Point",
                        "coordinates": [
                            49.2503477,
                            55.7902049
                        ]
                    },
                    "properties": {
                        "createdDate": 1703517897320,
                        "bearing": 338.9632263183594,
                        "velocity": 5.600991725921631
                    }
                },
                {
                    "type": "Feature",
                    "geometry": {
                        "type": "Point",
                        "coordinates": [
                            49.2502669,
                            55.7903136
                        ]
                    },
                    "properties": {
                        "createdDate": 1703517899321,
                        "bearing": 333.20758056640625,
                        "velocity": 5.750334739685059
                    }
                },
                {
                    "type": "Feature",
                    "geometry": {
                        "type": "Point",
                        "coordinates": [
                            49.2502217,
                            55.7903634
                        ]
                    },
                    "properties": {
                        "createdDate": 1703517900328,
                        "bearing": 332.1490478515625,
                        "velocity": 5.25998067855835
                    }
                },
                {
                    "type": "Feature",
                    "geometry": {
                        "type": "Point",
                        "coordinates": [
                            49.2501831,
                            55.7904084
                        ]
                    },
                    "properties": {
                        "createdDate": 1703517901339,
                        "bearing": 334.0079040527344,
                        "velocity": 4.623912811279297
                    }
                },
                {
                    "type": "Feature",
                    "geometry": {
                        "type": "Point",
                        "coordinates": [
                            49.2501466,
                            55.7904464
                        ]
                    },
                    "properties": {
                        "createdDate": 1703517902327,
                        "bearing": 328.40716552734375,
                        "velocity": 4.56627082824707
                    }
                },
                {
                    "type": "Feature",
                    "geometry": {
                        "type": "Point",
                        "coordinates": [
                            49.2501143,
                            55.7904767
                        ]
                    },
                    "properties": {
                        "createdDate": 1703517903317,
                        "bearing": 327.2716064453125,
                        "velocity": 3.6766247749328613
                    }
                },
                {
                    "type": "Feature",
                    "geometry": {
                        "type": "Point",
                        "coordinates": [
                            49.2500925,
                            55.7905036
                        ]
                    },
                    "properties": {
                        "createdDate": 1703517904327,
                        "bearing": 335.5834045410156,
                        "velocity": 3.2655277252197266
                    }
                },
                {
                    "type": "Feature",
                    "geometry": {
                        "type": "Point",
                        "coordinates": [
                            49.2500714,
                            55.7905301
                        ]
                    },
                    "properties": {
                        "createdDate": 1703517905318,
                        "bearing": 334.1272888183594,
                        "velocity": 3.1190218925476074
                    }
                },
                {
                    "type": "Feature",
                    "geometry": {
                        "type": "Point",
                        "coordinates": [
                            49.2500441,
                            55.7905503
                        ]
                    },
                    "properties": {
                        "createdDate": 1703517906327,
                        "bearing": 327.4530029296875,
                        "velocity": 2.7937002182006836
                    }
                },
                {
                    "type": "Feature",
                    "geometry": {
                        "type": "Point",
                        "coordinates": [
                            49.2500156,
                            55.7905721
                        ]
                    },
                    "properties": {
                        "createdDate": 1703517907334,
                        "bearing": 324.185791015625,
                        "velocity": 3.1232094764709473
                    }
                },
                {
                    "type": "Feature",
                    "geometry": {
                        "type": "Point",
                        "coordinates": [
                            49.249977,
                            55.7906021
                        ]
                    },
                    "properties": {
                        "createdDate": 1703517908325,
                        "bearing": 320.206298828125,
                        "velocity": 4.0906853675842285
                    }
                },
                {
                    "type": "Feature",
                    "geometry": {
                        "type": "Point",
                        "coordinates": [
                            49.2499303,
                            55.7906347
                        ]
                    },
                    "properties": {
                        "createdDate": 1703517909334,
                        "bearing": 317.3607177734375,
                        "velocity": 4.047247886657715
                    }
                },
                {
                    "type": "Feature",
                    "geometry": {
                        "type": "Point",
                        "coordinates": [
                            49.2498853,
                            55.7906689
                        ]
                    },
                    "properties": {
                        "createdDate": 1703517910341,
                        "bearing": 321.51068115234375,
                        "velocity": 4.6275715827941895
                    }
                },
                {
                    "type": "Feature",
                    "geometry": {
                        "type": "Point",
                        "coordinates": [
                            49.2498373,
                            55.7907125
                        ]
                    },
                    "properties": {
                        "createdDate": 1703517911333,
                        "bearing": 324.6302795410156,
                        "velocity": 5.534591197967529
                    }
                },
                {
                    "type": "Feature",
                    "geometry": {
                        "type": "Point",
                        "coordinates": [
                            49.2497839,
                            55.7907616
                        ]
                    },
                    "properties": {
                        "createdDate": 1703517912341,
                        "bearing": 323.2076110839844,
                        "velocity": 5.642996311187744
                    }
                },
                {
                    "type": "Feature",
                    "geometry": {
                        "type": "Point",
                        "coordinates": [
                            49.2497361,
                            55.7908124
                        ]
                    },
                    "properties": {
                        "createdDate": 1703517913348,
                        "bearing": 330.4100036621094,
                        "velocity": 5.502318859100342
                    }
                },
                {
                    "type": "Feature",
                    "geometry": {
                        "type": "Point",
                        "coordinates": [
                            49.2496954,
                            55.7908586
                        ]
                    },
                    "properties": {
                        "createdDate": 1703517914341,
                        "bearing": 328.3048095703125,
                        "velocity": 5.262438774108887
                    }
                },
                {
                    "type": "Feature",
                    "geometry": {
                        "type": "Point",
                        "coordinates": [
                            49.2496583,
                            55.7909068
                        ]
                    },
                    "properties": {
                        "createdDate": 1703517915348,
                        "bearing": 327.09844970703125,
                        "velocity": 5.782960891723633
                    }
                },
                {
                    "type": "Feature",
                    "geometry": {
                        "type": "Point",
                        "coordinates": [
                            49.2496151,
                            55.7909667
                        ]
                    },
                    "properties": {
                        "createdDate": 1703517916340,
                        "bearing": 330.70050048828125,
                        "velocity": 6.578877925872803
                    }
                },
                {
                    "type": "Feature",
                    "geometry": {
                        "type": "Point",
                        "coordinates": [
                            49.2495623,
                            55.7910252
                        ]
                    },
                    "properties": {
                        "createdDate": 1703517917347,
                        "bearing": 328.18963623046875,
                        "velocity": 7.000224590301514
                    }
                }
            ]
        }
    },
    {
        "uuid": "cae4b86c-3f52-4e47-8c61-e2689daa8c83",
        "videoId": "1703517334472",
        "filePath": "/vs_data/citysoft-dev/video/2023/12/25/5b8b176f019ea18e/1703517330494/1703517334472/1703517334472.mp4",
        "sessionId": "1703517330494",
        "deviceId": "5b8b176f019ea18e",
        "descriptions": {
            "onDevice": "VladTest",
            "onServer": "VladTest"
        },
        "numbers": {
            "onDevice": "VladTest",
            "onServer": "VladTest"
        },
        "processingStatus": "NEW",
        "operatorId": null,
        "creationDate": "2023-12-25T15:15:34.472Z",
        "processedDate": null,
        "homographyId": null,
        "mergedPartsCount": 284,
        "fps": 0,
        "size": 7951752,
        "resolution": null,
        "errorReason": null,
        "errorModule": null,
        "errorMessage": null,
        "geoJSON": {
            "type": "FeatureCollection",
            "features": [
                {
                    "type": "Feature",
                    "geometry": {
                        "type": "Point",
                        "coordinates": [
                            49.2458098,
                            55.7927324
                        ]
                    },
                    "properties": {
                        "createdDate": 1703517334472,
                        "bearing": 0.0,
                        "velocity": 0.0
                    }
                },
                {
                    "type": "Feature",
                    "geometry": {
                        "type": "Point",
                        "coordinates": [
                            49.2457325,
                            55.7926806
                        ]
                    },
                    "properties": {
                        "createdDate": 1703517339421,
                        "bearing": 0.0,
                        "velocity": 0.01885118894279003
                    }
                },
                {
                    "type": "Feature",
                    "geometry": {
                        "type": "Point",
                        "coordinates": [
                            49.2457303,
                            55.7927315
                        ]
                    },
                    "properties": {
                        "createdDate": 1703517340415,
                        "bearing": 0.0,
                        "velocity": 0.2700325548648834
                    }
                },
                {
                    "type": "Feature",
                    "geometry": {
                        "type": "Point",
                        "coordinates": [
                            49.2457191,
                            55.792762
                        ]
                    },
                    "properties": {
                        "createdDate": 1703517341421,
                        "bearing": 0.0,
                        "velocity": 0.47876930236816406
                    }
                },
                {
                    "type": "Feature",
                    "geometry": {
                        "type": "Point",
                        "coordinates": [
                            49.2457283,
                            55.7927784
                        ]
                    },
                    "properties": {
                        "createdDate": 1703517342429,
                        "bearing": 5.896538368688198E-6,
                        "velocity": 0.6797166466712952
                    }
                },
                {
                    "type": "Feature",
                    "geometry": {
                        "type": "Point",
                        "coordinates": [
                            49.2456844,
                            55.7928178
                        ]
                    },
                    "properties": {
                        "createdDate": 1703517343436,
                        "bearing": 0.0,
                        "velocity": 0.8097955584526062
                    }
                },
                {
                    "type": "Feature",
                    "geometry": {
                        "type": "Point",
                        "coordinates": [
                            49.2456593,
                            55.7928398
                        ]
                    },
                    "properties": {
                        "createdDate": 1703517344427,
                        "bearing": 0.0,
                        "velocity": 0.6516135334968567
                    }
                },
                {
                    "type": "Feature",
                    "geometry": {
                        "type": "Point",
                        "coordinates": [
                            49.245617,
                            55.7928607
                        ]
                    },
                    "properties": {
                        "createdDate": 1703517345439,
                        "bearing": 0.0,
                        "velocity": 0.39984846115112305
                    }
                },
                {
                    "type": "Feature",
                    "geometry": {
                        "type": "Point",
                        "coordinates": [
                            49.2456023,
                            55.7928759
                        ]
                    },
                    "properties": {
                        "createdDate": 1703517346427,
                        "bearing": 0.0,
                        "velocity": 0.5318081378936768
                    }
                },
                {
                    "type": "Feature",
                    "geometry": {
                        "type": "Point",
                        "coordinates": [
                            49.2456015,
                            55.7928904
                        ]
                    },
                    "properties": {
                        "createdDate": 1703517347435,
                        "bearing": 0.0,
                        "velocity": 0.3894398808479309
                    }
                },
                {
                    "type": "Feature",
                    "geometry": {
                        "type": "Point",
                        "coordinates": [
                            49.2456094,
                            55.7929046
                        ]
                    },
                    "properties": {
                        "createdDate": 1703517348427,
                        "bearing": 2.0355550198972866E-13,
                        "velocity": 0.4467163383960724
                    }
                },
                {
                    "type": "Feature",
                    "geometry": {
                        "type": "Point",
                        "coordinates": [
                            49.2456108,
                            55.7929568
                        ]
                    },
                    "properties": {
                        "createdDate": 1703517349434,
                        "bearing": 0.0,
                        "velocity": 1.0589699745178223
                    }
                },
                {
                    "type": "Feature",
                    "geometry": {
                        "type": "Point",
                        "coordinates": [
                            49.2456349,
                            55.7930041
                        ]
                    },
                    "properties": {
                        "createdDate": 1703517350443,
                        "bearing": 2.544443876515562E-13,
                        "velocity": 1.5100144147872925
                    }
                },
                {
                    "type": "Feature",
                    "geometry": {
                        "type": "Point",
                        "coordinates": [
                            49.2457021,
                            55.7930384
                        ]
                    },
                    "properties": {
                        "createdDate": 1703517351435,
                        "bearing": 5.088887753031124E-13,
                        "velocity": 1.400170087814331
                    }
                },
                {
                    "type": "Feature",
                    "geometry": {
                        "type": "Point",
                        "coordinates": [
                            49.245699,
                            55.7930026
                        ]
                    },
                    "properties": {
                        "createdDate": 1703517353436,
                        "bearing": 0.0,
                        "velocity": 0.02898710034787655
                    }
                },
                {
                    "type": "Feature",
                    "geometry": {
                        "type": "Point",
                        "coordinates": [
                            49.2457073,
                            55.7929988
                        ]
                    },
                    "properties": {
                        "createdDate": 1703517354440,
                        "bearing": 0.0,
                        "velocity": 0.010578578338027
                    }
                },
                {
                    "type": "Feature",
                    "geometry": {
                        "type": "Point",
                        "coordinates": [
                            49.2457255,
                            55.7929997
                        ]
                    },
                    "properties": {
                        "createdDate": 1703517355449,
                        "bearing": 0.0,
                        "velocity": 0.03042321279644966
                    }
                },
                {
                    "type": "Feature",
                    "geometry": {
                        "type": "Point",
                        "coordinates": [
                            49.2458643,
                            55.7930224
                        ]
                    },
                    "properties": {
                        "createdDate": 1703517356440,
                        "bearing": 77.871826171875,
                        "velocity": 0.44183558225631714
                    }
                },
                {
                    "type": "Feature",
                    "geometry": {
                        "type": "Point",
                        "coordinates": [
                            49.2459929,
                            55.793043
                        ]
                    },
                    "properties": {
                        "createdDate": 1703517357448,
                        "bearing": 74.900146484375,
                        "velocity": 2.133915901184082
                    }
                },
                {
                    "type": "Feature",
                    "geometry": {
                        "type": "Point",
                        "coordinates": [
                            49.2461863,
                            55.7930824
                        ]
                    },
                    "properties": {
                        "createdDate": 1703517358456,
                        "bearing": 69.67724609375,
                        "velocity": 3.7884740829467773
                    }
                },
                {
                    "type": "Feature",
                    "geometry": {
                        "type": "Point",
                        "coordinates": [
                            49.2463365,
                            55.7931209
                        ]
                    },
                    "properties": {
                        "createdDate": 1703517359447,
                        "bearing": 63.99478530883789,
                        "velocity": 4.705001354217529
                    }
                },
                {
                    "type": "Feature",
                    "geometry": {
                        "type": "Point",
                        "coordinates": [
                            49.2464629,
                            55.7931574
                        ]
                    },
                    "properties": {
                        "createdDate": 1703517360458,
                        "bearing": 61.23086929321289,
                        "velocity": 5.2303547859191895
                    }
                },
                {
                    "type": "Feature",
                    "geometry": {
                        "type": "Point",
                        "coordinates": [
                            49.2465816,
                            55.7931798
                        ]
                    },
                    "properties": {
                        "createdDate": 1703517361450,
                        "bearing": 63.65644073486328,
                        "velocity": 5.441447734832764
                    }
                },
                {
                    "type": "Feature",
                    "geometry": {
                        "type": "Point",
                        "coordinates": [
                            49.2466823,
                            55.7931899
                        ]
                    },
                    "properties": {
                        "createdDate": 1703517362454,
                        "bearing": 67.77902221679688,
                        "velocity": 5.39290189743042
                    }
                },
                {
                    "type": "Feature",
                    "geometry": {
                        "type": "Point",
                        "coordinates": [
                            49.2467313,
                            55.7931818
                        ]
                    },
                    "properties": {
                        "createdDate": 1703517363462,
                        "bearing": 86.5577621459961,
                        "velocity": 2.5422146320343018
                    }
                },
                {
                    "type": "Feature",
                    "geometry": {
                        "type": "Point",
                        "coordinates": [
                            49.2467654,
                            55.7931813
                        ]
                    },
                    "properties": {
                        "createdDate": 1703517364456,
                        "bearing": 88.6228256225586,
                        "velocity": 1.37129545211792
                    }
                },
                {
                    "type": "Feature",
                    "geometry": {
                        "type": "Point",
                        "coordinates": [
                            49.2468077,
                            55.7931683
                        ]
                    },
                    "properties": {
                        "createdDate": 1703517365502,
                        "bearing": 89.83475494384766,
                        "velocity": 1.3115639686584473
                    }
                },
                {
                    "type": "Feature",
                    "geometry": {
                        "type": "Point",
                        "coordinates": [
                            49.2468324,
                            55.7931587
                        ]
                    },
                    "properties": {
                        "createdDate": 1703517366471,
                        "bearing": 91.42713165283203,
                        "velocity": 1.1689648628234863
                    }
                },
                {
                    "type": "Feature",
                    "geometry": {
                        "type": "Point",
                        "coordinates": [
                            49.2468553,
                            55.7931477
                        ]
                    },
                    "properties": {
                        "createdDate": 1703517367479,
                        "bearing": 93.33271026611328,
                        "velocity": 1.0528151988983154
                    }
                },
                {
                    "type": "Feature",
                    "geometry": {
                        "type": "Point",
                        "coordinates": [
                            49.2468719,
                            55.7931369
                        ]
                    },
                    "properties": {
                        "createdDate": 1703517368488,
                        "bearing": 94.75426483154297,
                        "velocity": 0.8950183987617493
                    }
                },
                {
                    "type": "Feature",
                    "geometry": {
                        "type": "Point",
                        "coordinates": [
                            49.2468914,
                            55.7931294
                        ]
                    },
                    "properties": {
                        "createdDate": 1703517369480,
                        "bearing": 94.30974578857422,
                        "velocity": 0.7987375259399414
                    }
                },
                {
                    "type": "Feature",
                    "geometry": {
                        "type": "Point",
                        "coordinates": [
                            49.2469063,
                            55.793128
                        ]
                    },
                    "properties": {
                        "createdDate": 1703517370487,
                        "bearing": 92.32937622070312,
                        "velocity": 0.6615695357322693
                    }
                },
                {
                    "type": "Feature",
                    "geometry": {
                        "type": "Point",
                        "coordinates": [
                            49.2469252,
                            55.7931295
                        ]
                    },
                    "properties": {
                        "createdDate": 1703517371496,
                        "bearing": 90.51502990722656,
                        "velocity": 0.6031544804573059
                    }
                },
                {
                    "type": "Feature",
                    "geometry": {
                        "type": "Point",
                        "coordinates": [
                            49.2469283,
                            55.7931312
                        ]
                    },
                    "properties": {
                        "createdDate": 1703517372488,
                        "bearing": 89.71114349365234,
                        "velocity": 0.3928076922893524
                    }
                },
                {
                    "type": "Feature",
                    "geometry": {
                        "type": "Point",
                        "coordinates": [
                            49.2469271,
                            55.7931321
                        ]
                    },
                    "properties": {
                        "createdDate": 1703517373495,
                        "bearing": 89.34107208251953,
                        "velocity": 0.23585312068462372
                    }
                },
                {
                    "type": "Feature",
                    "geometry": {
                        "type": "Point",
                        "coordinates": [
                            49.2469125,
                            55.7931387
                        ]
                    },
                    "properties": {
                        "createdDate": 1703517374486,
                        "bearing": 0.0,
                        "velocity": 0.021143853664398193
                    }
                },
                {
                    "type": "Feature",
                    "geometry": {
                        "type": "Point",
                        "coordinates": [
                            49.2469256,
                            55.7931398
                        ]
                    },
                    "properties": {
                        "createdDate": 1703517375494,
                        "bearing": 106.50605773925781,
                        "velocity": 0.45768892765045166
                    }
                },
                {
                    "type": "Feature",
                    "geometry": {
                        "type": "Point",
                        "coordinates": [
                            49.2469403,
                            55.7931429
                        ]
                    },
                    "properties": {
                        "createdDate": 1703517376502,
                        "bearing": 86.95646667480469,
                        "velocity": 0.7506934404373169
                    }
                },
                {
                    "type": "Feature",
                    "geometry": {
                        "type": "Point",
                        "coordinates": [
                            49.2469519,
                            55.7931479
                        ]
                    },
                    "properties": {
                        "createdDate": 1703517377510,
                        "bearing": 88.88052368164062,
                        "velocity": 0.5438235998153687
                    }
                },
                {
                    "type": "Feature",
                    "geometry": {
                        "type": "Point",
                        "coordinates": [
                            49.2469676,
                            55.793152
                        ]
                    },
                    "properties": {
                        "createdDate": 1703517378507,
                        "bearing": 92.5533676147461,
                        "velocity": 0.8233679533004761
                    }
                },
                {
                    "type": "Feature",
                    "geometry": {
                        "type": "Point",
                        "coordinates": [
                            49.2469942,
                            55.7931553
                        ]
                    },
                    "properties": {
                        "createdDate": 1703517379497,
                        "bearing": 96.9416732788086,
                        "velocity": 1.0408352613449097
                    }
                },
                {
                    "type": "Feature",
                    "geometry": {
                        "type": "Point",
                        "coordinates": [
                            49.2470132,
                            55.7931557
                        ]
                    },
                    "properties": {
                        "createdDate": 1703517380507,
                        "bearing": 116.62979125976562,
                        "velocity": 1.0027650594711304
                    }
                },
                {
                    "type": "Feature",
                    "geometry": {
                        "type": "Point",
                        "coordinates": [
                            49.2470394,
                            55.7931519
                        ]
                    },
                    "properties": {
                        "createdDate": 1703517381510,
                        "bearing": 122.9912338256836,
                        "velocity": 1.0934898853302002
                    }
                },
                {
                    "type": "Feature",
                    "geometry": {
                        "type": "Point",
                        "coordinates": [
                            49.2470703,
                            55.7931471
                        ]
                    },
                    "properties": {
                        "createdDate": 1703517382500,
                        "bearing": 122.81640625,
                        "velocity": 1.2035056352615356
                    }
                },
                {
                    "type": "Feature",
                    "geometry": {
                        "type": "Point",
                        "coordinates": [
                            49.2470986,
                            55.7931505
                        ]
                    },
                    "properties": {
                        "createdDate": 1703517383496,
                        "bearing": 113.74613952636719,
                        "velocity": 0.685492217540741
                    }
                },
                {
                    "type": "Feature",
                    "geometry": {
                        "type": "Point",
                        "coordinates": [
                            49.2471279,
                            55.7931541
                        ]
                    },
                    "properties": {
                        "createdDate": 1703517384499,
                        "bearing": 102.67286682128906,
                        "velocity": 0.8842345476150513
                    }
                },
                {
                    "type": "Feature",
                    "geometry": {
                        "type": "Point",
                        "coordinates": [
                            49.2471526,
                            55.7931586
                        ]
                    },
                    "properties": {
                        "createdDate": 1703517385489,
                        "bearing": 100.73877716064453,
                        "velocity": 0.9857518672943115
                    }
                },
                {
                    "type": "Feature",
                    "geometry": {
                        "type": "Point",
                        "coordinates": [
                            49.2471674,
                            55.7931623
                        ]
                    },
                    "properties": {
                        "createdDate": 1703517386498,
                        "bearing": 102.75230407714844,
                        "velocity": 0.9341923594474792
                    }
                },
                {
                    "type": "Feature",
                    "geometry": {
                        "type": "Point",
                        "coordinates": [
                            49.247181,
                            55.7931702
                        ]
                    },
                    "properties": {
                        "createdDate": 1703517388091,
                        "bearing": 86.97366333007812,
                        "velocity": 0.901209831237793
                    }
                },
                {
                    "type": "Feature",
                    "geometry": {
                        "type": "Point",
                        "coordinates": [
                            49.2471927,
                            55.7931823
                        ]
                    },
                    "properties": {
                        "createdDate": 1703517388497,
                        "bearing": 64.51358795166016,
                        "velocity": 0.8980922698974609
                    }
                },
                {
                    "type": "Feature",
                    "geometry": {
                        "type": "Point",
                        "coordinates": [
                            49.2472046,
                            55.7931954
                        ]
                    },
                    "properties": {
                        "createdDate": 1703517389486,
                        "bearing": 53.23451614379883,
                        "velocity": 0.9473105669021606
                    }
                },
                {
                    "type": "Feature",
                    "geometry": {
                        "type": "Point",
                        "coordinates": [
                            49.247217,
                            55.7932083
                        ]
                    },
                    "properties": {
                        "createdDate": 1703517390495,
                        "bearing": 50.92902374267578,
                        "velocity": 0.6716859936714172
                    }
                },
                {
                    "type": "Feature",
                    "geometry": {
                        "type": "Point",
                        "coordinates": [
                            49.247235,
                            55.7932217
                        ]
                    },
                    "properties": {
                        "createdDate": 1703517391503,
                        "bearing": 51.105342864990234,
                        "velocity": 0.45508983731269836
                    }
                },
                {
                    "type": "Feature",
                    "geometry": {
                        "type": "Point",
                        "coordinates": [
                            49.2472528,
                            55.793234
                        ]
                    },
                    "properties": {
                        "createdDate": 1703517392497,
                        "bearing": 51.450111389160156,
                        "velocity": 0.3556334674358368
                    }
                },
                {
                    "type": "Feature",
                    "geometry": {
                        "type": "Point",
                        "coordinates": [
                            49.2472545,
                            55.793259
                        ]
                    },
                    "properties": {
                        "createdDate": 1703517393507,
                        "bearing": 42.40608215332031,
                        "velocity": 0.7631484270095825
                    }
                },
                {
                    "type": "Feature",
                    "geometry": {
                        "type": "Point",
                        "coordinates": [
                            49.2472671,
                            55.7932763
                        ]
                    },
                    "properties": {
                        "createdDate": 1703517394511,
                        "bearing": 45.9032096862793,
                        "velocity": 0.46447136998176575
                    }
                },
                {
                    "type": "Feature",
                    "geometry": {
                        "type": "Point",
                        "coordinates": [
                            49.2472868,
                            55.7932871
                        ]
                    },
                    "properties": {
                        "createdDate": 1703517395520,
                        "bearing": 55.83795166015625,
                        "velocity": 0.31221485137939453
                    }
                },
                {
                    "type": "Feature",
                    "geometry": {
                        "type": "Point",
                        "coordinates": [
                            49.2473146,
                            55.7932858
                        ]
                    },
                    "properties": {
                        "createdDate": 1703517396513,
                        "bearing": 74.8193130493164,
                        "velocity": 0.28564172983169556
                    }
                },
                {
                    "type": "Feature",
                    "geometry": {
                        "type": "Point",
                        "coordinates": [
                            49.2473454,
                            55.7932769
                        ]
                    },
                    "properties": {
                        "createdDate": 1703517397519,
                        "bearing": 91.46516418457031,
                        "velocity": 0.32356545329093933
                    }
                },
                {
                    "type": "Feature",
                    "geometry": {
                        "type": "Point",
                        "coordinates": [
                            49.2473773,
                            55.7932667
                        ]
                    },
                    "properties": {
                        "createdDate": 1703517398510,
                        "bearing": 121.16432189941406,
                        "velocity": 0.8827235102653503
                    }
                },
                {
                    "type": "Feature",
                    "geometry": {
                        "type": "Point",
                        "coordinates": [
                            49.2474141,
                            55.7932488
                        ]
                    },
                    "properties": {
                        "createdDate": 1703517399520,
                        "bearing": 129.9855194091797,
                        "velocity": 1.3832519054412842
                    }
                },
                {
                    "type": "Feature",
                    "geometry": {
                        "type": "Point",
                        "coordinates": [
                            49.2474562,
                            55.7932283
                        ]
                    },
                    "properties": {
                        "createdDate": 1703517400509,
                        "bearing": 132.96917724609375,
                        "velocity": 1.8238699436187744
                    }
                },
                {
                    "type": "Feature",
                    "geometry": {
                        "type": "Point",
                        "coordinates": [
                            49.2474951,
                            55.7932078
                        ]
                    },
                    "properties": {
                        "createdDate": 1703517401520,
                        "bearing": 135.23800659179688,
                        "velocity": 2.1118502616882324
                    }
                },
                {
                    "type": "Feature",
                    "geometry": {
                        "type": "Point",
                        "coordinates": [
                            49.2475258,
                            55.793187
                        ]
                    },
                    "properties": {
                        "createdDate": 1703517402526,
                        "bearing": 139.953125,
                        "velocity": 2.272186279296875
                    }
                },
                {
                    "type": "Feature",
                    "geometry": {
                        "type": "Point",
                        "coordinates": [
                            49.2475535,
                            55.7931666
                        ]
                    },
                    "properties": {
                        "createdDate": 1703517403535,
                        "bearing": 143.1672821044922,
                        "velocity": 2.410337448120117
                    }
                },
                {
                    "type": "Feature",
                    "geometry": {
                        "type": "Point",
                        "coordinates": [
                            49.247584,
                            55.7931385
                        ]
                    },
                    "properties": {
                        "createdDate": 1703517404527,
                        "bearing": 147.08660888671875,
                        "velocity": 2.6601274013519287
                    }
                },
                {
                    "type": "Feature",
                    "geometry": {
                        "type": "Point",
                        "coordinates": [
                            49.2476176,
                            55.7931066
                        ]
                    },
                    "properties": {
                        "createdDate": 1703517405515,
                        "bearing": 147.48825073242188,
                        "velocity": 2.9640402793884277
                    }
                },
                {
                    "type": "Feature",
                    "geometry": {
                        "type": "Point",
                        "coordinates": [
                            49.2476535,
                            55.7930685
                        ]
                    },
                    "properties": {
                        "createdDate": 1703517406529,
                        "bearing": 148.8406982421875,
                        "velocity": 3.304396390914917
                    }
                },
                {
                    "type": "Feature",
                    "geometry": {
                        "type": "Point",
                        "coordinates": [
                            49.2476964,
                            55.793028
                        ]
                    },
                    "properties": {
                        "createdDate": 1703517407534,
                        "bearing": 148.41746520996094,
                        "velocity": 3.6510133743286133
                    }
                },
                {
                    "type": "Feature",
                    "geometry": {
                        "type": "Point",
                        "coordinates": [
                            49.2477461,
                            55.792985
                        ]
                    },
                    "properties": {
                        "createdDate": 1703517408540,
                        "bearing": 147.59796142578125,
                        "velocity": 4.019502639770508
                    }
                },
                {
                    "type": "Feature",
                    "geometry": {
                        "type": "Point",
                        "coordinates": [
                            49.247799,
                            55.7929276
                        ]
                    },
                    "properties": {
                        "createdDate": 1703517409532,
                        "bearing": 150.07472229003906,
                        "velocity": 4.547554016113281
                    }
                },
                {
                    "type": "Feature",
                    "geometry": {
                        "type": "Point",
                        "coordinates": [
                            49.2478456,
                            55.7928622
                        ]
                    },
                    "properties": {
                        "createdDate": 1703517410539,
                        "bearing": 153.61978149414062,
                        "velocity": 5.765282154083252
                    }
                },
                {
                    "type": "Feature",
                    "geometry": {
                        "type": "Point",
                        "coordinates": [
                            49.2479012,
                            55.7927969
                        ]
                    },
                    "properties": {
                        "createdDate": 1703517411530,
                        "bearing": 153.26808166503906,
                        "velocity": 6.707451343536377
                    }
                },
                {
                    "type": "Feature",
                    "geometry": {
                        "type": "Point",
                        "coordinates": [
                            49.247963,
                            55.7927331
                        ]
                    },
                    "properties": {
                        "createdDate": 1703517412539,
                        "bearing": 152.1815948486328,
                        "velocity": 7.250429153442383
                    }
                },
                {
                    "type": "Feature",
                    "geometry": {
                        "type": "Point",
                        "coordinates": [
                            49.2480314,
                            55.7926729
                        ]
                    },
                    "properties": {
                        "createdDate": 1703517413547,
                        "bearing": 149.9745330810547,
                        "velocity": 7.5404582023620605
                    }
                },
                {
                    "type": "Feature",
                    "geometry": {
                        "type": "Point",
                        "coordinates": [
                            49.2480979,
                            55.7926132
                        ]
                    },
                    "properties": {
                        "createdDate": 1703517414556,
                        "bearing": 149.36526489257812,
                        "velocity": 7.705522537231445
                    }
                },
                {
                    "type": "Feature",
                    "geometry": {
                        "type": "Point",
                        "coordinates": [
                            49.2481578,
                            55.7925574
                        ]
                    },
                    "properties": {
                        "createdDate": 1703517415547,
                        "bearing": 148.8810577392578,
                        "velocity": 7.626710414886475
                    }
                },
                {
                    "type": "Feature",
                    "geometry": {
                        "type": "Point",
                        "coordinates": [
                            49.2482179,
                            55.7925043
                        ]
                    },
                    "properties": {
                        "createdDate": 1703517416553,
                        "bearing": 148.1671142578125,
                        "velocity": 7.445939064025879
                    }
                },
                {
                    "type": "Feature",
                    "geometry": {
                        "type": "Point",
                        "coordinates": [
                            49.2482774,
                            55.7924523
                        ]
                    },
                    "properties": {
                        "createdDate": 1703517417546,
                        "bearing": 147.63685607910156,
                        "velocity": 7.38812255859375
                    }
                },
                {
                    "type": "Feature",
                    "geometry": {
                        "type": "Point",
                        "coordinates": [
                            49.2483348,
                            55.7924006
                        ]
                    },
                    "properties": {
                        "createdDate": 1703517418555,
                        "bearing": 148.09951782226562,
                        "velocity": 7.256856918334961
                    }
                },
                {
                    "type": "Feature",
                    "geometry": {
                        "type": "Point",
                        "coordinates": [
                            49.2483972,
                            55.7923468
                        ]
                    },
                    "properties": {
                        "createdDate": 1703517419544,
                        "bearing": 148.25111389160156,
                        "velocity": 7.278683185577393
                    }
                },
                {
                    "type": "Feature",
                    "geometry": {
                        "type": "Point",
                        "coordinates": [
                            49.2484547,
                            55.7922909
                        ]
                    },
                    "properties": {
                        "createdDate": 1703517420536,
                        "bearing": 149.83065795898438,
                        "velocity": 7.251412391662598
                    }
                },
                {
                    "type": "Feature",
                    "geometry": {
                        "type": "Point",
                        "coordinates": [
                            49.2485114,
                            55.792232
                        ]
                    },
                    "properties": {
                        "createdDate": 1703517421545,
                        "bearing": 151.17263793945312,
                        "velocity": 7.278218746185303
                    }
                },
                {
                    "type": "Feature",
                    "geometry": {
                        "type": "Point",
                        "coordinates": [
                            49.2485737,
                            55.792174
                        ]
                    },
                    "properties": {
                        "createdDate": 1703517422553,
                        "bearing": 150.17532348632812,
                        "velocity": 7.327747821807861
                    }
                },
                {
                    "type": "Feature",
                    "geometry": {
                        "type": "Point",
                        "coordinates": [
                            49.2486405,
                            55.792118
                        ]
                    },
                    "properties": {
                        "createdDate": 1703517423560,
                        "bearing": 149.07489013671875,
                        "velocity": 7.320352077484131
                    }
                },
                {
                    "type": "Feature",
                    "geometry": {
                        "type": "Point",
                        "coordinates": [
                            49.2486982,
                            55.7920595
                        ]
                    },
                    "properties": {
                        "createdDate": 1703517424553,
                        "bearing": 150.00384521484375,
                        "velocity": 7.3373942375183105
                    }
                },
                {
                    "type": "Feature",
                    "geometry": {
                        "type": "Point",
                        "coordinates": [
                            49.2487549,
                            55.7920078
                        ]
                    },
                    "properties": {
                        "createdDate": 1703517425561,
                        "bearing": 148.5970001220703,
                        "velocity": 6.934266567230225
                    }
                },
                {
                    "type": "Feature",
                    "geometry": {
                        "type": "Point",
                        "coordinates": [
                            49.2488023,
                            55.7919635
                        ]
                    },
                    "properties": {
                        "createdDate": 1703517426550,
                        "bearing": 149.06634521484375,
                        "velocity": 6.307967185974121
                    }
                },
                {
                    "type": "Feature",
                    "geometry": {
                        "type": "Point",
                        "coordinates": [
                            49.2488442,
                            55.7919249
                        ]
                    },
                    "properties": {
                        "createdDate": 1703517427560,
                        "bearing": 148.88531494140625,
                        "velocity": 5.729394435882568
                    }
                },
                {
                    "type": "Feature",
                    "geometry": {
                        "type": "Point",
                        "coordinates": [
                            49.2488832,
                            55.7918884
                        ]
                    },
                    "properties": {
                        "createdDate": 1703517428567,
                        "bearing": 148.3041229248047,
                        "velocity": 5.40723991394043
                    }
                },
                {
                    "type": "Feature",
                    "geometry": {
                        "type": "Point",
                        "coordinates": [
                            49.2489201,
                            55.7918534
                        ]
                    },
                    "properties": {
                        "createdDate": 1703517429562,
                        "bearing": 147.70242309570312,
                        "velocity": 5.083202838897705
                    }
                },
                {
                    "type": "Feature",
                    "geometry": {
                        "type": "Point",
                        "coordinates": [
                            49.2489503,
                            55.7918244
                        ]
                    },
                    "properties": {
                        "createdDate": 1703517430567,
                        "bearing": 148.26031494140625,
                        "velocity": 4.48244571685791
                    }
                },
                {
                    "type": "Feature",
                    "geometry": {
                        "type": "Point",
                        "coordinates": [
                            49.2489739,
                            55.7918019
                        ]
                    },
                    "properties": {
                        "createdDate": 1703517431575,
                        "bearing": 148.44407653808594,
                        "velocity": 3.772914171218872
                    }
                },
                {
                    "type": "Feature",
                    "geometry": {
                        "type": "Point",
                        "coordinates": [
                            49.2489891,
                            55.7917881
                        ]
                    },
                    "properties": {
                        "createdDate": 1703517432567,
                        "bearing": 147.692626953125,
                        "velocity": 3.012239933013916
                    }
                },
                {
                    "type": "Feature",
                    "geometry": {
                        "type": "Point",
                        "coordinates": [
                            49.2489946,
                            55.7917804
                        ]
                    },
                    "properties": {
                        "createdDate": 1703517433574,
                        "bearing": 147.94798278808594,
                        "velocity": 2.1811723709106445
                    }
                },
                {
                    "type": "Feature",
                    "geometry": {
                        "type": "Point",
                        "coordinates": [
                            49.2489945,
                            55.7917814
                        ]
                    },
                    "properties": {
                        "createdDate": 1703517434569,
                        "bearing": 153.1949005126953,
                        "velocity": 1.0245658159255981
                    }
                },
                {
                    "type": "Feature",
                    "geometry": {
                        "type": "Point",
                        "coordinates": [
                            49.2489921,
                            55.791784
                        ]
                    },
                    "properties": {
                        "createdDate": 1703517435575,
                        "bearing": 156.11228942871094,
                        "velocity": 0.518147349357605
                    }
                },
                {
                    "type": "Feature",
                    "geometry": {
                        "type": "Point",
                        "coordinates": [
                            49.2489881,
                            55.7917899
                        ]
                    },
                    "properties": {
                        "createdDate": 1703517436580,
                        "bearing": 157.2241973876953,
                        "velocity": 0.204868346452713
                    }
                },
                {
                    "type": "Feature",
                    "geometry": {
                        "type": "Point",
                        "coordinates": [
                            49.2489854,
                            55.7917935
                        ]
                    },
                    "properties": {
                        "createdDate": 1703517437575,
                        "bearing": 0.0,
                        "velocity": 0.0751415267586708
                    }
                },
                {
                    "type": "Feature",
                    "geometry": {
                        "type": "Point",
                        "coordinates": [
                            49.2489838,
                            55.7917957
                        ]
                    },
                    "properties": {
                        "createdDate": 1703517438583,
                        "bearing": 0.0,
                        "velocity": 0.01759425178170204
                    }
                },
                {
                    "type": "Feature",
                    "geometry": {
                        "type": "Point",
                        "coordinates": [
                            49.2489828,
                            55.7917969
                        ]
                    },
                    "properties": {
                        "createdDate": 1703517439587,
                        "bearing": 0.0,
                        "velocity": 0.0019229893805459142
                    }
                },
                {
                    "type": "Feature",
                    "geometry": {
                        "type": "Point",
                        "coordinates": [
                            49.2489823,
                            55.7917976
                        ]
                    },
                    "properties": {
                        "createdDate": 1703517440583,
                        "bearing": 0.0,
                        "velocity": 0.00553611246868968
                    }
                },
                {
                    "type": "Feature",
                    "geometry": {
                        "type": "Point",
                        "coordinates": [
                            49.2489894,
                            55.7917896
                        ]
                    },
                    "properties": {
                        "createdDate": 1703517441593,
                        "bearing": 147.87278747558594,
                        "velocity": 0.126189723610878
                    }
                },
                {
                    "type": "Feature",
                    "geometry": {
                        "type": "Point",
                        "coordinates": [
                            49.2490014,
                            55.7917795
                        ]
                    },
                    "properties": {
                        "createdDate": 1703517442578,
                        "bearing": 149.16329956054688,
                        "velocity": 0.2093568742275238
                    }
                },
                {
                    "type": "Feature",
                    "geometry": {
                        "type": "Point",
                        "coordinates": [
                            49.249021,
                            55.7917633
                        ]
                    },
                    "properties": {
                        "createdDate": 1703517443588,
                        "bearing": 138.25360107421875,
                        "velocity": 1.0573012828826904
                    }
                },
                {
                    "type": "Feature",
                    "geometry": {
                        "type": "Point",
                        "coordinates": [
                            49.2490019,
                            55.7917029
                        ]
                    },
                    "properties": {
                        "createdDate": 1703517444595,
                        "bearing": 153.40771484375,
                        "velocity": 2.1301190853118896
                    }
                },
                {
                    "type": "Feature",
                    "geometry": {
                        "type": "Point",
                        "coordinates": [
                            49.2490004,
                            55.7916455
                        ]
                    },
                    "properties": {
                        "createdDate": 1703517445603,
                        "bearing": 153.9868927001953,
                        "velocity": 2.8497886657714844
                    }
                },
                {
                    "type": "Feature",
                    "geometry": {
                        "type": "Point",
                        "coordinates": [
                            49.2490232,
                            55.7915897
                        ]
                    },
                    "properties": {
                        "createdDate": 1703517446595,
                        "bearing": 152.8977508544922,
                        "velocity": 3.3210244178771973
                    }
                },
                {
                    "type": "Feature",
                    "geometry": {
                        "type": "Point",
                        "coordinates": [
                            49.249077,
                            55.7915245
                        ]
                    },
                    "properties": {
                        "createdDate": 1703517448611,
                        "bearing": 151.7115020751953,
                        "velocity": 3.7271080017089844
                    }
                },
                {
                    "type": "Feature",
                    "geometry": {
                        "type": "Point",
                        "coordinates": [
                            49.2491007,
                            55.7914787
                        ]
                    },
                    "properties": {
                        "createdDate": 1703517449600,
                        "bearing": 155.18191528320312,
                        "velocity": 4.095655918121338
                    }
                },
                {
                    "type": "Feature",
                    "geometry": {
                        "type": "Point",
                        "coordinates": [
                            49.249133,
                            55.7914349
                        ]
                    },
                    "properties": {
                        "createdDate": 1703517450591,
                        "bearing": 155.04367065429688,
                        "velocity": 4.3447418212890625
                    }
                },
                {
                    "type": "Feature",
                    "geometry": {
                        "type": "Point",
                        "coordinates": [
                            49.2491863,
                            55.791378
                        ]
                    },
                    "properties": {
                        "createdDate": 1703517451601,
                        "bearing": 151.38038635253906,
                        "velocity": 5.353183269500732
                    }
                },
                {
                    "type": "Feature",
                    "geometry": {
                        "type": "Point",
                        "coordinates": [
                            49.2492429,
                            55.7913206
                        ]
                    },
                    "properties": {
                        "createdDate": 1703517452609,
                        "bearing": 149.05331420898438,
                        "velocity": 6.11117696762085
                    }
                },
                {
                    "type": "Feature",
                    "geometry": {
                        "type": "Point",
                        "coordinates": [
                            49.249305,
                            55.7912598
                        ]
                    },
                    "properties": {
                        "createdDate": 1703517453617,
                        "bearing": 148.418212890625,
                        "velocity": 6.857398509979248
                    }
                },
                {
                    "type": "Feature",
                    "geometry": {
                        "type": "Point",
                        "coordinates": [
                            49.2493572,
                            55.7911889
                        ]
                    },
                    "properties": {
                        "createdDate": 1703517454609,
                        "bearing": 150.4519500732422,
                        "velocity": 7.339009761810303
                    }
                },
                {
                    "type": "Feature",
                    "geometry": {
                        "type": "Point",
                        "coordinates": [
                            49.2494161,
                            55.7911134
                        ]
                    },
                    "properties": {
                        "createdDate": 1703517455603,
                        "bearing": 151.8437957763672,
                        "velocity": 7.938403129577637
                    }
                },
                {
                    "type": "Feature",
                    "geometry": {
                        "type": "Point",
                        "coordinates": [
                            49.249481,
                            55.7910334
                        ]
                    },
                    "properties": {
                        "createdDate": 1703517456608,
                        "bearing": 152.8831024169922,
                        "velocity": 8.681797981262207
                    }
                },
                {
                    "type": "Feature",
                    "geometry": {
                        "type": "Point",
                        "coordinates": [
                            49.2495546,
                            55.7909516
                        ]
                    },
                    "properties": {
                        "createdDate": 1703517457616,
                        "bearing": 152.2568359375,
                        "velocity": 9.175682067871094
                    }
                },
                {
                    "type": "Feature",
                    "geometry": {
                        "type": "Point",
                        "coordinates": [
                            49.2495982,
                            55.7908528
                        ]
                    },
                    "properties": {
                        "createdDate": 1703517458607,
                        "bearing": 154.16712951660156,
                        "velocity": 9.474918365478516
                    }
                },
                {
                    "type": "Feature",
                    "geometry": {
                        "type": "Point",
                        "coordinates": [
                            49.2496592,
                            55.7907648
                        ]
                    },
                    "properties": {
                        "createdDate": 1703517459615,
                        "bearing": 152.86016845703125,
                        "velocity": 9.648691177368164
                    }
                },
                {
                    "type": "Feature",
                    "geometry": {
                        "type": "Point",
                        "coordinates": [
                            49.2497217,
                            55.7906868
                        ]
                    },
                    "properties": {
                        "createdDate": 1703517460623,
                        "bearing": 152.70103454589844,
                        "velocity": 9.391955375671387
                    }
                },
                {
                    "type": "Feature",
                    "geometry": {
                        "type": "Point",
                        "coordinates": [
                            49.249781,
                            55.7906163
                        ]
                    },
                    "properties": {
                        "createdDate": 1703517461616,
                        "bearing": 152.80032348632812,
                        "velocity": 8.958002090454102
                    }
                },
                {
                    "type": "Feature",
                    "geometry": {
                        "type": "Point",
                        "coordinates": [
                            49.2498157,
                            55.7905368
                        ]
                    },
                    "properties": {
                        "createdDate": 1703517462622,
                        "bearing": 154.4302520751953,
                        "velocity": 8.56664752960205
                    }
                },
                {
                    "type": "Feature",
                    "geometry": {
                        "type": "Point",
                        "coordinates": [
                            49.2498546,
                            55.7904717
                        ]
                    },
                    "properties": {
                        "createdDate": 1703517463630,
                        "bearing": 154.5167694091797,
                        "velocity": 7.989469051361084
                    }
                },
                {
                    "type": "Feature",
                    "geometry": {
                        "type": "Point",
                        "coordinates": [
                            49.2498957,
                            55.7904188
                        ]
                    },
                    "properties": {
                        "createdDate": 1703517464621,
                        "bearing": 153.3595733642578,
                        "velocity": 7.235935211181641
                    }
                },
                {
                    "type": "Feature",
                    "geometry": {
                        "type": "Point",
                        "coordinates": [
                            49.2499294,
                            55.7903764
                        ]
                    },
                    "properties": {
                        "createdDate": 1703517465629,
                        "bearing": 154.26406860351562,
                        "velocity": 6.432100772857666
                    }
                },
                {
                    "type": "Feature",
                    "geometry": {
                        "type": "Point",
                        "coordinates": [
                            49.2499574,
                            55.7903462
                        ]
                    },
                    "properties": {
                        "createdDate": 1703517466621,
                        "bearing": 153.1425018310547,
                        "velocity": 5.3260416984558105
                    }
                },
                {
                    "type": "Feature",
                    "geometry": {
                        "type": "Point",
                        "coordinates": [
                            49.2499847,
                            55.790325
                        ]
                    },
                    "properties": {
                        "createdDate": 1703517467628,
                        "bearing": 150.24411010742188,
                        "velocity": 4.290557384490967
                    }
                },
                {
                    "type": "Feature",
                    "geometry": {
                        "type": "Point",
                        "coordinates": [
                            49.2500106,
                            55.7903048
                        ]
                    },
                    "properties": {
                        "createdDate": 1703517468638,
                        "bearing": 148.4377899169922,
                        "velocity": 3.660104751586914
                    }
                },
                {
                    "type": "Feature",
                    "geometry": {
                        "type": "Point",
                        "coordinates": [
                            49.2500128,
                            55.7902614
                        ]
                    },
                    "properties": {
                        "createdDate": 1703517469632,
                        "bearing": 151.8131103515625,
                        "velocity": 3.8944098949432373
                    }
                },
                {
                    "type": "Feature",
                    "geometry": {
                        "type": "Point",
                        "coordinates": [
                            49.2500349,
                            55.7902196
                        ]
                    },
                    "properties": {
                        "createdDate": 1703517470635,
                        "bearing": 151.7168426513672,
                        "velocity": 4.224589824676514
                    }
                },
                {
                    "type": "Feature",
                    "geometry": {
                        "type": "Point",
                        "coordinates": [
                            49.2500691,
                            55.790177
                        ]
                    },
                    "properties": {
                        "createdDate": 1703517471643,
                        "bearing": 150.9468536376953,
                        "velocity": 4.617335796356201
                    }
                },
                {
                    "type": "Feature",
                    "geometry": {
                        "type": "Point",
                        "coordinates": [
                            49.2501075,
                            55.7901298
                        ]
                    },
                    "properties": {
                        "createdDate": 1703517472635,
                        "bearing": 153.23748779296875,
                        "velocity": 5.0015764236450195
                    }
                },
                {
                    "type": "Feature",
                    "geometry": {
                        "type": "Point",
                        "coordinates": [
                            49.2501498,
                            55.7900841
                        ]
                    },
                    "properties": {
                        "createdDate": 1703517473643,
                        "bearing": 152.956298828125,
                        "velocity": 5.291019916534424
                    }
                },
                {
                    "type": "Feature",
                    "geometry": {
                        "type": "Point",
                        "coordinates": [
                            49.2501944,
                            55.7900365
                        ]
                    },
                    "properties": {
                        "createdDate": 1703517474640,
                        "bearing": 152.34609985351562,
                        "velocity": 5.59276819229126
                    }
                },
                {
                    "type": "Feature",
                    "geometry": {
                        "type": "Point",
                        "coordinates": [
                            49.2502385,
                            55.7899833
                        ]
                    },
                    "properties": {
                        "createdDate": 1703517475642,
                        "bearing": 154.7759246826172,
                        "velocity": 6.089712619781494
                    }
                },
                {
                    "type": "Feature",
                    "geometry": {
                        "type": "Point",
                        "coordinates": [
                            49.250283,
                            55.7899193
                        ]
                    },
                    "properties": {
                        "createdDate": 1703517476650,
                        "bearing": 157.1915283203125,
                        "velocity": 6.932821273803711
                    }
                },
                {
                    "type": "Feature",
                    "geometry": {
                        "type": "Point",
                        "coordinates": [
                            49.2503623,
                            55.7898718
                        ]
                    },
                    "properties": {
                        "createdDate": 1703517477645,
                        "bearing": 156.49105834960938,
                        "velocity": 7.697409152984619
                    }
                },
                {
                    "type": "Feature",
                    "geometry": {
                        "type": "Point",
                        "coordinates": [
                            49.2504292,
                            55.7898108
                        ]
                    },
                    "properties": {
                        "createdDate": 1703517478649,
                        "bearing": 157.4203643798828,
                        "velocity": 8.099074363708496
                    }
                },
                {
                    "type": "Feature",
                    "geometry": {
                        "type": "Point",
                        "coordinates": [
                            49.2504878,
                            55.7897352
                        ]
                    },
                    "properties": {
                        "createdDate": 1703517479642,
                        "bearing": 159.10975646972656,
                        "velocity": 8.852416038513184
                    }
                },
                {
                    "type": "Feature",
                    "geometry": {
                        "type": "Point",
                        "coordinates": [
                            49.2505364,
                            55.7896513
                        ]
                    },
                    "properties": {
                        "createdDate": 1703517480649,
                        "bearing": 162.22360229492188,
                        "velocity": 9.337091445922852
                    }
                },
                {
                    "type": "Feature",
                    "geometry": {
                        "type": "Point",
                        "coordinates": [
                            49.250586,
                            55.7895715
                        ]
                    },
                    "properties": {
                        "createdDate": 1703517481658,
                        "bearing": 163.87611389160156,
                        "velocity": 9.470977783203125
                    }
                },
                {
                    "type": "Feature",
                    "geometry": {
                        "type": "Point",
                        "coordinates": [
                            49.2506238,
                            55.7895022
                        ]
                    },
                    "properties": {
                        "createdDate": 1703517482650,
                        "bearing": 166.09429931640625,
                        "velocity": 8.935704231262207
                    }
                },
                {
                    "type": "Feature",
                    "geometry": {
                        "type": "Point",
                        "coordinates": [
                            49.2506439,
                            55.7894436
                        ]
                    },
                    "properties": {
                        "createdDate": 1703517483656,
                        "bearing": 170.5218505859375,
                        "velocity": 8.244468688964844
                    }
                },
                {
                    "type": "Feature",
                    "geometry": {
                        "type": "Point",
                        "coordinates": [
                            49.2506462,
                            55.7893849
                        ]
                    },
                    "properties": {
                        "createdDate": 1703517484651,
                        "bearing": 176.858154296875,
                        "velocity": 7.50744104385376
                    }
                },
                {
                    "type": "Feature",
                    "geometry": {
                        "type": "Point",
                        "coordinates": [
                            49.250629,
                            55.7893313
                        ]
                    },
                    "properties": {
                        "createdDate": 1703517485655,
                        "bearing": 183.56590270996094,
                        "velocity": 6.858942031860352
                    }
                },
                {
                    "type": "Feature",
                    "geometry": {
                        "type": "Point",
                        "coordinates": [
                            49.2505912,
                            55.7892855
                        ]
                    },
                    "properties": {
                        "createdDate": 1703517486648,
                        "bearing": 191.93174743652344,
                        "velocity": 6.395185470581055
                    }
                },
                {
                    "type": "Feature",
                    "geometry": {
                        "type": "Point",
                        "coordinates": [
                            49.2505452,
                            55.789245
                        ]
                    },
                    "properties": {
                        "createdDate": 1703517487655,
                        "bearing": 196.6090850830078,
                        "velocity": 5.924003601074219
                    }
                },
                {
                    "type": "Feature",
                    "geometry": {
                        "type": "Point",
                        "coordinates": [
                            49.2504986,
                            55.7892006
                        ]
                    },
                    "properties": {
                        "createdDate": 1703517488663,
                        "bearing": 198.64865112304688,
                        "velocity": 5.991823673248291
                    }
                },
                {
                    "type": "Feature",
                    "geometry": {
                        "type": "Point",
                        "coordinates": [
                            49.2504671,
                            55.7891508
                        ]
                    },
                    "properties": {
                        "createdDate": 1703517489671,
                        "bearing": 192.09725952148438,
                        "velocity": 5.979074001312256
                    }
                },
                {
                    "type": "Feature",
                    "geometry": {
                        "type": "Point",
                        "coordinates": [
                            49.2504607,
                            55.7890982
                        ]
                    },
                    "properties": {
                        "createdDate": 1703517490663,
                        "bearing": 181.23666381835938,
                        "velocity": 5.848594665527344
                    }
                },
                {
                    "type": "Feature",
                    "geometry": {
                        "type": "Point",
                        "coordinates": [
                            49.2504798,
                            55.7890483
                        ]
                    },
                    "properties": {
                        "createdDate": 1703517491670,
                        "bearing": 169.3896484375,
                        "velocity": 5.616279125213623
                    }
                },
                {
                    "type": "Feature",
                    "geometry": {
                        "type": "Point",
                        "coordinates": [
                            49.250524,
                            55.7890112
                        ]
                    },
                    "properties": {
                        "createdDate": 1703517492662,
                        "bearing": 158.1363983154297,
                        "velocity": 5.448715686798096
                    }
                },
                {
                    "type": "Feature",
                    "geometry": {
                        "type": "Point",
                        "coordinates": [
                            49.2505875,
                            55.7889739
                        ]
                    },
                    "properties": {
                        "createdDate": 1703517493670,
                        "bearing": 144.58262634277344,
                        "velocity": 5.515100002288818
                    }
                },
                {
                    "type": "Feature",
                    "geometry": {
                        "type": "Point",
                        "coordinates": [
                            49.2506566,
                            55.7889539
                        ]
                    },
                    "properties": {
                        "createdDate": 1703517494665,
                        "bearing": 131.61019897460938,
                        "velocity": 5.615871429443359
                    }
                },
                {
                    "type": "Feature",
                    "geometry": {
                        "type": "Point",
                        "coordinates": [
                            49.2507317,
                            55.7889256
                        ]
                    },
                    "properties": {
                        "createdDate": 1703517495669,
                        "bearing": 131.7735595703125,
                        "velocity": 6.017846584320068
                    }
                },
                {
                    "type": "Feature",
                    "geometry": {
                        "type": "Point",
                        "coordinates": [
                            49.2508023,
                            55.7888907
                        ]
                    },
                    "properties": {
                        "createdDate": 1703517496677,
                        "bearing": 134.20704650878906,
                        "velocity": 6.009136199951172
                    }
                },
                {
                    "type": "Feature",
                    "geometry": {
                        "type": "Point",
                        "coordinates": [
                            49.2508533,
                            55.7888455
                        ]
                    },
                    "properties": {
                        "createdDate": 1703517497683,
                        "bearing": 141.32020568847656,
                        "velocity": 6.103181838989258
                    }
                },
                {
                    "type": "Feature",
                    "geometry": {
                        "type": "Point",
                        "coordinates": [
                            49.2508921,
                            55.7887866
                        ]
                    },
                    "properties": {
                        "createdDate": 1703517498676,
                        "bearing": 150.58314514160156,
                        "velocity": 6.380576133728027
                    }
                },
                {
                    "type": "Feature",
                    "geometry": {
                        "type": "Point",
                        "coordinates": [
                            49.2509239,
                            55.7887139
                        ]
                    },
                    "properties": {
                        "createdDate": 1703517499671,
                        "bearing": 156.7899932861328,
                        "velocity": 6.618844509124756
                    }
                },
                {
                    "type": "Feature",
                    "geometry": {
                        "type": "Point",
                        "coordinates": [
                            49.2509529,
                            55.7886445
                        ]
                    },
                    "properties": {
                        "createdDate": 1703517500676,
                        "bearing": 160.84317016601562,
                        "velocity": 6.7805657386779785
                    }
                },
                {
                    "type": "Feature",
                    "geometry": {
                        "type": "Point",
                        "coordinates": [
                            49.2509818,
                            55.788579
                        ]
                    },
                    "properties": {
                        "createdDate": 1703517501683,
                        "bearing": 162.68382263183594,
                        "velocity": 6.874715805053711
                    }
                },
                {
                    "type": "Feature",
                    "geometry": {
                        "type": "Point",
                        "coordinates": [
                            49.2510227,
                            55.7885133
                        ]
                    },
                    "properties": {
                        "createdDate": 1703517502692,
                        "bearing": 163.8761444091797,
                        "velocity": 6.866764068603516
                    }
                },
                {
                    "type": "Feature",
                    "geometry": {
                        "type": "Point",
                        "coordinates": [
                            49.2510703,
                            55.7884541
                        ]
                    },
                    "properties": {
                        "createdDate": 1703517503683,
                        "bearing": 163.83428955078125,
                        "velocity": 6.550817489624023
                    }
                },
                {
                    "type": "Feature",
                    "geometry": {
                        "type": "Point",
                        "coordinates": [
                            49.2511176,
                            55.7884092
                        ]
                    },
                    "properties": {
                        "createdDate": 1703517504691,
                        "bearing": 162.04843139648438,
                        "velocity": 5.751302719116211
                    }
                },
                {
                    "type": "Feature",
                    "geometry": {
                        "type": "Point",
                        "coordinates": [
                            49.2511606,
                            55.7883712
                        ]
                    },
                    "properties": {
                        "createdDate": 1703517505685,
                        "bearing": 161.49899291992188,
                        "velocity": 5.1101765632629395
                    }
                },
                {
                    "type": "Feature",
                    "geometry": {
                        "type": "Point",
                        "coordinates": [
                            49.2512041,
                            55.7883398
                        ]
                    },
                    "properties": {
                        "createdDate": 1703517506689,
                        "bearing": 158.42132568359375,
                        "velocity": 4.245666027069092
                    }
                },
                {
                    "type": "Feature",
                    "geometry": {
                        "type": "Point",
                        "coordinates": [
                            49.2512367,
                            55.7883143
                        ]
                    },
                    "properties": {
                        "createdDate": 1703517507680,
                        "bearing": 159.85440063476562,
                        "velocity": 3.7486414909362793
                    }
                },
                {
                    "type": "Feature",
                    "geometry": {
                        "type": "Point",
                        "coordinates": [
                            49.2512639,
                            55.7882852
                        ]
                    },
                    "properties": {
                        "createdDate": 1703517508690,
                        "bearing": 163.6720428466797,
                        "velocity": 4.185127258300781
                    }
                },
                {
                    "type": "Feature",
                    "geometry": {
                        "type": "Point",
                        "coordinates": [
                            49.2512913,
                            55.7882412
                        ]
                    },
                    "properties": {
                        "createdDate": 1703517509697,
                        "bearing": 164.8395233154297,
                        "velocity": 4.915415287017822
                    }
                },
                {
                    "type": "Feature",
                    "geometry": {
                        "type": "Point",
                        "coordinates": [
                            49.2513151,
                            55.7881903
                        ]
                    },
                    "properties": {
                        "createdDate": 1703517510692,
                        "bearing": 165.88131713867188,
                        "velocity": 5.424635887145996
                    }
                },
                {
                    "type": "Feature",
                    "geometry": {
                        "type": "Point",
                        "coordinates": [
                            49.2513456,
                            55.78812
                        ]
                    },
                    "properties": {
                        "createdDate": 1703517511697,
                        "bearing": 166.924072265625,
                        "velocity": 5.695374011993408
                    }
                },
                {
                    "type": "Feature",
                    "geometry": {
                        "type": "Point",
                        "coordinates": [
                            49.2513817,
                            55.7880618
                        ]
                    },
                    "properties": {
                        "createdDate": 1703517512705,
                        "bearing": 165.14967346191406,
                        "velocity": 5.726090908050537
                    }
                },
                {
                    "type": "Feature",
                    "geometry": {
                        "type": "Point",
                        "coordinates": [
                            49.2514191,
                            55.7880033
                        ]
                    },
                    "properties": {
                        "createdDate": 1703517513695,
                        "bearing": 164.02540588378906,
                        "velocity": 6.126432418823242
                    }
                },
                {
                    "type": "Feature",
                    "geometry": {
                        "type": "Point",
                        "coordinates": [
                            49.2514616,
                            55.7879442
                        ]
                    },
                    "properties": {
                        "createdDate": 1703517514704,
                        "bearing": 163.0343780517578,
                        "velocity": 6.288322925567627
                    }
                },
                {
                    "type": "Feature",
                    "geometry": {
                        "type": "Point",
                        "coordinates": [
                            49.2515064,
                            55.7878865
                        ]
                    },
                    "properties": {
                        "createdDate": 1703517515711,
                        "bearing": 162.973876953125,
                        "velocity": 6.292959213256836
                    }
                },
                {
                    "type": "Feature",
                    "geometry": {
                        "type": "Point",
                        "coordinates": [
                            49.251554,
                            55.7878307
                        ]
                    },
                    "properties": {
                        "createdDate": 1703517516705,
                        "bearing": 159.32704162597656,
                        "velocity": 6.049590110778809
                    }
                },
                {
                    "type": "Feature",
                    "geometry": {
                        "type": "Point",
                        "coordinates": [
                            49.2516022,
                            55.7877776
                        ]
                    },
                    "properties": {
                        "createdDate": 1703517517712,
                        "bearing": 158.07179260253906,
                        "velocity": 6.034387588500977
                    }
                },
                {
                    "type": "Feature",
                    "geometry": {
                        "type": "Point",
                        "coordinates": [
                            49.2516393,
                            55.7877198
                        ]
                    },
                    "properties": {
                        "createdDate": 1703517518719,
                        "bearing": 162.69277954101562,
                        "velocity": 6.240930080413818
                    }
                },
                {
                    "type": "Feature",
                    "geometry": {
                        "type": "Point",
                        "coordinates": [
                            49.2516709,
                            55.7876619
                        ]
                    },
                    "properties": {
                        "createdDate": 1703517519711,
                        "bearing": 160.19131469726562,
                        "velocity": 6.111972332000732
                    }
                },
                {
                    "type": "Feature",
                    "geometry": {
                        "type": "Point",
                        "coordinates": [
                            49.2516965,
                            55.7876043
                        ]
                    },
                    "properties": {
                        "createdDate": 1703517520718,
                        "bearing": 165.6793975830078,
                        "velocity": 5.9860005378723145
                    }
                },
                {
                    "type": "Feature",
                    "geometry": {
                        "type": "Point",
                        "coordinates": [
                            49.2517213,
                            55.7875505
                        ]
                    },
                    "properties": {
                        "createdDate": 1703517521711,
                        "bearing": 163.1488037109375,
                        "velocity": 6.004717826843262
                    }
                },
                {
                    "type": "Feature",
                    "geometry": {
                        "type": "Point",
                        "coordinates": [
                            49.2517486,
                            55.7874961
                        ]
                    },
                    "properties": {
                        "createdDate": 1703517522716,
                        "bearing": 163.9123992919922,
                        "velocity": 6.275972843170166
                    }
                },
                {
                    "type": "Feature",
                    "geometry": {
                        "type": "Point",
                        "coordinates": [
                            49.2517777,
                            55.7874418
                        ]
                    },
                    "properties": {
                        "createdDate": 1703517523711,
                        "bearing": 162.1398468017578,
                        "velocity": 6.217067241668701
                    }
                },
                {
                    "type": "Feature",
                    "geometry": {
                        "type": "Point",
                        "coordinates": [
                            49.251799,
                            55.7873718
                        ]
                    },
                    "properties": {
                        "createdDate": 1703517524721,
                        "bearing": 165.83120727539062,
                        "velocity": 6.2518310546875
                    }
                },
                {
                    "type": "Feature",
                    "geometry": {
                        "type": "Point",
                        "coordinates": [
                            49.251821,
                            55.7873135
                        ]
                    },
                    "properties": {
                        "createdDate": 1703517525725,
                        "bearing": 166.0401153564453,
                        "velocity": 5.982889652252197
                    }
                },
                {
                    "type": "Feature",
                    "geometry": {
                        "type": "Point",
                        "coordinates": [
                            49.2518285,
                            55.7872497
                        ]
                    },
                    "properties": {
                        "createdDate": 1703517526716,
                        "bearing": 170.76321411132812,
                        "velocity": 6.1898088455200195
                    }
                },
                {
                    "type": "Feature",
                    "geometry": {
                        "type": "Point",
                        "coordinates": [
                            49.251839,
                            55.7871902
                        ]
                    },
                    "properties": {
                        "createdDate": 1703517527724,
                        "bearing": 172.8849334716797,
                        "velocity": 6.374258041381836
                    }
                },
                {
                    "type": "Feature",
                    "geometry": {
                        "type": "Point",
                        "coordinates": [
                            49.2518657,
                            55.7871429
                        ]
                    },
                    "properties": {
                        "createdDate": 1703517528733,
                        "bearing": 165.5862579345703,
                        "velocity": 6.005974769592285
                    }
                },
                {
                    "type": "Feature",
                    "geometry": {
                        "type": "Point",
                        "coordinates": [
                            49.2518945,
                            55.7870972
                        ]
                    },
                    "properties": {
                        "createdDate": 1703517529724,
                        "bearing": 165.02288818359375,
                        "velocity": 5.875543594360352
                    }
                },
                {
                    "type": "Feature",
                    "geometry": {
                        "type": "Point",
                        "coordinates": [
                            49.2519232,
                            55.7870464
                        ]
                    },
                    "properties": {
                        "createdDate": 1703517530732,
                        "bearing": 163.99612426757812,
                        "velocity": 6.325937747955322
                    }
                },
                {
                    "type": "Feature",
                    "geometry": {
                        "type": "Point",
                        "coordinates": [
                            49.2519527,
                            55.7869929
                        ]
                    },
                    "properties": {
                        "createdDate": 1703517531727,
                        "bearing": 162.11410522460938,
                        "velocity": 6.363949298858643
                    }
                },
                {
                    "type": "Feature",
                    "geometry": {
                        "type": "Point",
                        "coordinates": [
                            49.2519892,
                            55.7869442
                        ]
                    },
                    "properties": {
                        "createdDate": 1703517532732,
                        "bearing": 165.72952270507812,
                        "velocity": 6.164166450500488
                    }
                },
                {
                    "type": "Feature",
                    "geometry": {
                        "type": "Point",
                        "coordinates": [
                            49.2520227,
                            55.7868959
                        ]
                    },
                    "properties": {
                        "createdDate": 1703517533741,
                        "bearing": 165.01919555664062,
                        "velocity": 6.068088531494141
                    }
                },
                {
                    "type": "Feature",
                    "geometry": {
                        "type": "Point",
                        "coordinates": [
                            49.2520504,
                            55.7868468
                        ]
                    },
                    "properties": {
                        "createdDate": 1703517534733,
                        "bearing": 168.73797607421875,
                        "velocity": 6.122364044189453
                    }
                },
                {
                    "type": "Feature",
                    "geometry": {
                        "type": "Point",
                        "coordinates": [
                            49.2520768,
                            55.7868004
                        ]
                    },
                    "properties": {
                        "createdDate": 1703517535738,
                        "bearing": 165.32220458984375,
                        "velocity": 5.5683441162109375
                    }
                },
                {
                    "type": "Feature",
                    "geometry": {
                        "type": "Point",
                        "coordinates": [
                            49.2520951,
                            55.7867565
                        ]
                    },
                    "properties": {
                        "createdDate": 1703517536735,
                        "bearing": 166.92320251464844,
                        "velocity": 5.278679847717285
                    }
                },
                {
                    "type": "Feature",
                    "geometry": {
                        "type": "Point",
                        "coordinates": [
                            49.2521078,
                            55.7867242
                        ]
                    },
                    "properties": {
                        "createdDate": 1703517537739,
                        "bearing": 167.0511932373047,
                        "velocity": 4.746275424957275
                    }
                },
                {
                    "type": "Feature",
                    "geometry": {
                        "type": "Point",
                        "coordinates": [
                            49.2521179,
                            55.7866842
                        ]
                    },
                    "properties": {
                        "createdDate": 1703517538727,
                        "bearing": 171.7689666748047,
                        "velocity": 5.225174903869629
                    }
                },
                {
                    "type": "Feature",
                    "geometry": {
                        "type": "Point",
                        "coordinates": [
                            49.2521376,
                            55.7866392
                        ]
                    },
                    "properties": {
                        "createdDate": 1703517539738,
                        "bearing": 167.05328369140625,
                        "velocity": 5.247250080108643
                    }
                },
                {
                    "type": "Feature",
                    "geometry": {
                        "type": "Point",
                        "coordinates": [
                            49.2521593,
                            55.7865969
                        ]
                    },
                    "properties": {
                        "createdDate": 1703517540745,
                        "bearing": 167.01956176757812,
                        "velocity": 5.025827884674072
                    }
                },
                {
                    "type": "Feature",
                    "geometry": {
                        "type": "Point",
                        "coordinates": [
                            49.2521877,
                            55.7865533
                        ]
                    },
                    "properties": {
                        "createdDate": 1703517541752,
                        "bearing": 164.380615234375,
                        "velocity": 4.993013381958008
                    }
                },
                {
                    "type": "Feature",
                    "geometry": {
                        "type": "Point",
                        "coordinates": [
                            49.2522163,
                            55.7865133
                        ]
                    },
                    "properties": {
                        "createdDate": 1703517542748,
                        "bearing": 162.68348693847656,
                        "velocity": 4.795448303222656
                    }
                },
                {
                    "type": "Feature",
                    "geometry": {
                        "type": "Point",
                        "coordinates": [
                            49.2522486,
                            55.7864772
                        ]
                    },
                    "properties": {
                        "createdDate": 1703517543752,
                        "bearing": 158.93936157226562,
                        "velocity": 4.601445198059082
                    }
                },
                {
                    "type": "Feature",
                    "geometry": {
                        "type": "Point",
                        "coordinates": [
                            49.2522857,
                            55.7864458
                        ]
                    },
                    "properties": {
                        "createdDate": 1703517544760,
                        "bearing": 152.5581817626953,
                        "velocity": 4.295663356781006
                    }
                },
                {
                    "type": "Feature",
                    "geometry": {
                        "type": "Point",
                        "coordinates": [
                            49.2523251,
                            55.7864167
                        ]
                    },
                    "properties": {
                        "createdDate": 1703517545752,
                        "bearing": 148.7173614501953,
                        "velocity": 4.179544925689697
                    }
                },
                {
                    "type": "Feature",
                    "geometry": {
                        "type": "Point",
                        "coordinates": [
                            49.2523722,
                            55.7863901
                        ]
                    },
                    "properties": {
                        "createdDate": 1703517546759,
                        "bearing": 143.78085327148438,
                        "velocity": 3.987182140350342
                    }
                },
                {
                    "type": "Feature",
                    "geometry": {
                        "type": "Point",
                        "coordinates": [
                            49.2524403,
                            55.7863632
                        ]
                    },
                    "properties": {
                        "createdDate": 1703517547751,
                        "bearing": 133.5662078857422,
                        "velocity": 3.7225561141967773
                    }
                },
                {
                    "type": "Feature",
                    "geometry": {
                        "type": "Point",
                        "coordinates": [
                            49.2524907,
                            55.7863473
                        ]
                    },
                    "properties": {
                        "createdDate": 1703517548758,
                        "bearing": 120.52435302734375,
                        "velocity": 3.2830634117126465
                    }
                },
                {
                    "type": "Feature",
                    "geometry": {
                        "type": "Point",
                        "coordinates": [
                            49.2525412,
                            55.7863445
                        ]
                    },
                    "properties": {
                        "createdDate": 1703517549767,
                        "bearing": 102.13154602050781,
                        "velocity": 3.0804693698883057
                    }
                },
                {
                    "type": "Feature",
                    "geometry": {
                        "type": "Point",
                        "coordinates": [
                            49.2525951,
                            55.7863493
                        ]
                    },
                    "properties": {
                        "createdDate": 1703517550758,
                        "bearing": 90.97755432128906,
                        "velocity": 3.223681926727295
                    }
                },
                {
                    "type": "Feature",
                    "geometry": {
                        "type": "Point",
                        "coordinates": [
                            49.2526586,
                            55.7863588
                        ]
                    },
                    "properties": {
                        "createdDate": 1703517551765,
                        "bearing": 83.43155670166016,
                        "velocity": 3.5751006603240967
                    }
                },
                {
                    "type": "Feature",
                    "geometry": {
                        "type": "Point",
                        "coordinates": [
                            49.2527286,
                            55.7863718
                        ]
                    },
                    "properties": {
                        "createdDate": 1703517552761,
                        "bearing": 79.86859130859375,
                        "velocity": 3.873474359512329
                    }
                },
                {
                    "type": "Feature",
                    "geometry": {
                        "type": "Point",
                        "coordinates": [
                            49.2528007,
                            55.7863822
                        ]
                    },
                    "properties": {
                        "createdDate": 1703517553765,
                        "bearing": 79.95507049560547,
                        "velocity": 4.094944000244141
                    }
                },
                {
                    "type": "Feature",
                    "geometry": {
                        "type": "Point",
                        "coordinates": [
                            49.2528796,
                            55.7863949
                        ]
                    },
                    "properties": {
                        "createdDate": 1703517554773,
                        "bearing": 77.48036193847656,
                        "velocity": 4.436675548553467
                    }
                },
                {
                    "type": "Feature",
                    "geometry": {
                        "type": "Point",
                        "coordinates": [
                            49.2529744,
                            55.7864141
                        ]
                    },
                    "properties": {
                        "createdDate": 1703517555764,
                        "bearing": 74.78108978271484,
                        "velocity": 4.930574893951416
                    }
                },
                {
                    "type": "Feature",
                    "geometry": {
                        "type": "Point",
                        "coordinates": [
                            49.2530631,
                            55.7864341
                        ]
                    },
                    "properties": {
                        "createdDate": 1703517556773,
                        "bearing": 72.9928207397461,
                        "velocity": 5.174084186553955
                    }
                },
                {
                    "type": "Feature",
                    "geometry": {
                        "type": "Point",
                        "coordinates": [
                            49.2531456,
                            55.7864542
                        ]
                    },
                    "properties": {
                        "createdDate": 1703517557766,
                        "bearing": 71.13363647460938,
                        "velocity": 5.209428310394287
                    }
                },
                {
                    "type": "Feature",
                    "geometry": {
                        "type": "Point",
                        "coordinates": [
                            49.2532265,
                            55.7864722
                        ]
                    },
                    "properties": {
                        "createdDate": 1703517558772,
                        "bearing": 70.85971069335938,
                        "velocity": 5.2670369148254395
                    }
                },
                {
                    "type": "Feature",
                    "geometry": {
                        "type": "Point",
                        "coordinates": [
                            49.2533199,
                            55.786492
                        ]
                    },
                    "properties": {
                        "createdDate": 1703517559779,
                        "bearing": 71.49259948730469,
                        "velocity": 5.41506290435791
                    }
                },
                {
                    "type": "Feature",
                    "geometry": {
                        "type": "Point",
                        "coordinates": [
                            49.253404,
                            55.7865138
                        ]
                    },
                    "properties": {
                        "createdDate": 1703517560770,
                        "bearing": 67.7845687866211,
                        "velocity": 5.153665065765381
                    }
                },
                {
                    "type": "Feature",
                    "geometry": {
                        "type": "Point",
                        "coordinates": [
                            49.2534764,
                            55.7865302
                        ]
                    },
                    "properties": {
                        "createdDate": 1703517561780,
                        "bearing": 75.09309387207031,
                        "velocity": 4.77321720123291
                    }
                },
                {
                    "type": "Feature",
                    "geometry": {
                        "type": "Point",
                        "coordinates": [
                            49.2535487,
                            55.7865427
                        ]
                    },
                    "properties": {
                        "createdDate": 1703517562772,
                        "bearing": 74.09934997558594,
                        "velocity": 4.801332473754883
                    }
                },
                {
                    "type": "Feature",
                    "geometry": {
                        "type": "Point",
                        "coordinates": [
                            49.2536233,
                            55.7865548
                        ]
                    },
                    "properties": {
                        "createdDate": 1703517563779,
                        "bearing": 76.6033706665039,
                        "velocity": 4.9000163078308105
                    }
                },
                {
                    "type": "Feature",
                    "geometry": {
                        "type": "Point",
                        "coordinates": [
                            49.2537137,
                            55.7865663
                        ]
                    },
                    "properties": {
                        "createdDate": 1703517564786,
                        "bearing": 75.10908508300781,
                        "velocity": 5.4724602699279785
                    }
                },
                {
                    "type": "Feature",
                    "geometry": {
                        "type": "Point",
                        "coordinates": [
                            49.2538096,
                            55.7865797
                        ]
                    },
                    "properties": {
                        "createdDate": 1703517565780,
                        "bearing": 74.94918823242188,
                        "velocity": 5.945761680603027
                    }
                },
                {
                    "type": "Feature",
                    "geometry": {
                        "type": "Point",
                        "coordinates": [
                            49.2539001,
                            55.786598
                        ]
                    },
                    "properties": {
                        "createdDate": 1703517566787,
                        "bearing": 75.76790618896484,
                        "velocity": 5.994675159454346
                    }
                },
                {
                    "type": "Feature",
                    "geometry": {
                        "type": "Point",
                        "coordinates": [
                            49.2539774,
                            55.7866164
                        ]
                    },
                    "properties": {
                        "createdDate": 1703517567794,
                        "bearing": 72.56912231445312,
                        "velocity": 5.436461448669434
                    }
                },
                {
                    "type": "Feature",
                    "geometry": {
                        "type": "Point",
                        "coordinates": [
                            49.2540477,
                            55.7866387
                        ]
                    },
                    "properties": {
                        "createdDate": 1703517568787,
                        "bearing": 69.3052978515625,
                        "velocity": 5.314521312713623
                    }
                },
                {
                    "type": "Feature",
                    "geometry": {
                        "type": "Point",
                        "coordinates": [
                            49.2541195,
                            55.7866539
                        ]
                    },
                    "properties": {
                        "createdDate": 1703517569793,
                        "bearing": 71.62083435058594,
                        "velocity": 5.0474700927734375
                    }
                },
                {
                    "type": "Feature",
                    "geometry": {
                        "type": "Point",
                        "coordinates": [
                            49.2541856,
                            55.7866645
                        ]
                    },
                    "properties": {
                        "createdDate": 1703517570788,
                        "bearing": 77.18797302246094,
                        "velocity": 4.70395565032959
                    }
                },
                {
                    "type": "Feature",
                    "geometry": {
                        "type": "Point",
                        "coordinates": [
                            49.2542523,
                            55.7866759
                        ]
                    },
                    "properties": {
                        "createdDate": 1703517571794,
                        "bearing": 76.01272583007812,
                        "velocity": 4.82322883605957
                    }
                },
                {
                    "type": "Feature",
                    "geometry": {
                        "type": "Point",
                        "coordinates": [
                            49.2543233,
                            55.7866866
                        ]
                    },
                    "properties": {
                        "createdDate": 1703517572800,
                        "bearing": 75.98685455322266,
                        "velocity": 4.751443386077881
                    }
                },
                {
                    "type": "Feature",
                    "geometry": {
                        "type": "Point",
                        "coordinates": [
                            49.254385,
                            55.7866991
                        ]
                    },
                    "properties": {
                        "createdDate": 1703517573795,
                        "bearing": 71.08485412597656,
                        "velocity": 3.915027141571045
                    }
                },
                {
                    "type": "Feature",
                    "geometry": {
                        "type": "Point",
                        "coordinates": [
                            49.2544398,
                            55.7867113
                        ]
                    },
                    "properties": {
                        "createdDate": 1703517574799,
                        "bearing": 72.78843688964844,
                        "velocity": 3.616875648498535
                    }
                },
                {
                    "type": "Feature",
                    "geometry": {
                        "type": "Point",
                        "coordinates": [
                            49.2544879,
                            55.7867274
                        ]
                    },
                    "properties": {
                        "createdDate": 1703517575807,
                        "bearing": 71.93546295166016,
                        "velocity": 3.4400362968444824
                    }
                },
                {
                    "type": "Feature",
                    "geometry": {
                        "type": "Point",
                        "coordinates": [
                            49.2545361,
                            55.7867426
                        ]
                    },
                    "properties": {
                        "createdDate": 1703517576801,
                        "bearing": 70.99626159667969,
                        "velocity": 3.3313393592834473
                    }
                },
                {
                    "type": "Feature",
                    "geometry": {
                        "type": "Point",
                        "coordinates": [
                            49.2545887,
                            55.7867564
                        ]
                    },
                    "properties": {
                        "createdDate": 1703517577807,
                        "bearing": 72.79230499267578,
                        "velocity": 3.070329427719116
                    }
                },
                {
                    "type": "Feature",
                    "geometry": {
                        "type": "Point",
                        "coordinates": [
                            49.254664,
                            55.7867485
                        ]
                    },
                    "properties": {
                        "createdDate": 1703517578801,
                        "bearing": 71.1769027709961,
                        "velocity": 2.932518720626831
                    }
                },
                {
                    "type": "Feature",
                    "geometry": {
                        "type": "Point",
                        "coordinates": [
                            49.2547258,
                            55.7867368
                        ]
                    },
                    "properties": {
                        "createdDate": 1703517579807,
                        "bearing": 70.44794464111328,
                        "velocity": 2.3769679069519043
                    }
                },
                {
                    "type": "Feature",
                    "geometry": {
                        "type": "Point",
                        "coordinates": [
                            49.2547765,
                            55.7867294
                        ]
                    },
                    "properties": {
                        "createdDate": 1703517580799,
                        "bearing": 68.97754669189453,
                        "velocity": 1.7880779504776
                    }
                },
                {
                    "type": "Feature",
                    "geometry": {
                        "type": "Point",
                        "coordinates": [
                            49.254809,
                            55.7867268
                        ]
                    },
                    "properties": {
                        "createdDate": 1703517581811,
                        "bearing": 68.2659912109375,
                        "velocity": 1.3867988586425781
                    }
                },
                {
                    "type": "Feature",
                    "geometry": {
                        "type": "Point",
                        "coordinates": [
                            49.254831,
                            55.7867329
                        ]
                    },
                    "properties": {
                        "createdDate": 1703517582814,
                        "bearing": 47.55988693237305,
                        "velocity": 1.482971429824829
                    }
                },
                {
                    "type": "Feature",
                    "geometry": {
                        "type": "Point",
                        "coordinates": [
                            49.2548371,
                            55.7867493
                        ]
                    },
                    "properties": {
                        "createdDate": 1703517583809,
                        "bearing": 15.140233993530273,
                        "velocity": 1.8919192552566528
                    }
                },
                {
                    "type": "Feature",
                    "geometry": {
                        "type": "Point",
                        "coordinates": [
                            49.2548267,
                            55.786764
                        ]
                    },
                    "properties": {
                        "createdDate": 1703517584813,
                        "bearing": 345.2586364746094,
                        "velocity": 1.9648224115371704
                    }
                },
                {
                    "type": "Feature",
                    "geometry": {
                        "type": "Point",
                        "coordinates": [
                            49.2548078,
                            55.786778
                        ]
                    },
                    "properties": {
                        "createdDate": 1703517585821,
                        "bearing": 343.70892333984375,
                        "velocity": 2.1536920070648193
                    }
                },
                {
                    "type": "Feature",
                    "geometry": {
                        "type": "Point",
                        "coordinates": [
                            49.2547805,
                            55.7867906
                        ]
                    },
                    "properties": {
                        "createdDate": 1703517586814,
                        "bearing": 335.07354736328125,
                        "velocity": 2.0330307483673096
                    }
                },
                {
                    "type": "Feature",
                    "geometry": {
                        "type": "Point",
                        "coordinates": [
                            49.2547475,
                            55.7868066
                        ]
                    },
                    "properties": {
                        "createdDate": 1703517587821,
                        "bearing": 320.1497497558594,
                        "velocity": 1.929522156715393
                    }
                },
                {
                    "type": "Feature",
                    "geometry": {
                        "type": "Point",
                        "coordinates": [
                            49.2547147,
                            55.7868174
                        ]
                    },
                    "properties": {
                        "createdDate": 1703517588814,
                        "bearing": 305.7042236328125,
                        "velocity": 1.9737714529037476
                    }
                },
                {
                    "type": "Feature",
                    "geometry": {
                        "type": "Point",
                        "coordinates": [
                            49.2546899,
                            55.7868332
                        ]
                    },
                    "properties": {
                        "createdDate": 1703517589820,
                        "bearing": 317.12860107421875,
                        "velocity": 2.0622398853302
                    }
                },
                {
                    "type": "Feature",
                    "geometry": {
                        "type": "Point",
                        "coordinates": [
                            49.2546718,
                            55.7868516
                        ]
                    },
                    "properties": {
                        "createdDate": 1703517590828,
                        "bearing": 324.8121032714844,
                        "velocity": 2.152224540710449
                    }
                },
                {
                    "type": "Feature",
                    "geometry": {
                        "type": "Point",
                        "coordinates": [
                            49.2546316,
                            55.7868694
                        ]
                    },
                    "properties": {
                        "createdDate": 1703517591823,
                        "bearing": 330.8903503417969,
                        "velocity": 2.1632211208343506
                    }
                },
                {
                    "type": "Feature",
                    "geometry": {
                        "type": "Point",
                        "coordinates": [
                            49.2545947,
                            55.7868816
                        ]
                    },
                    "properties": {
                        "createdDate": 1703517592826,
                        "bearing": 321.84429931640625,
                        "velocity": 2.037559986114502
                    }
                },
                {
                    "type": "Feature",
                    "geometry": {
                        "type": "Point",
                        "coordinates": [
                            49.2545603,
                            55.7868939
                        ]
                    },
                    "properties": {
                        "createdDate": 1703517593835,
                        "bearing": 306.6640625,
                        "velocity": 1.9988713264465332
                    }
                },
                {
                    "type": "Feature",
                    "geometry": {
                        "type": "Point",
                        "coordinates": [
                            49.2545314,
                            55.7869025
                        ]
                    },
                    "properties": {
                        "createdDate": 1703517594826,
                        "bearing": 306.4764709472656,
                        "velocity": 1.7754305601119995
                    }
                },
                {
                    "type": "Feature",
                    "geometry": {
                        "type": "Point",
                        "coordinates": [
                            49.2545159,
                            55.7869128
                        ]
                    },
                    "properties": {
                        "createdDate": 1703517595834,
                        "bearing": 307.1470031738281,
                        "velocity": 1.4164209365844727
                    }
                },
                {
                    "type": "Feature",
                    "geometry": {
                        "type": "Point",
                        "coordinates": [
                            49.2544902,
                            55.7869322
                        ]
                    },
                    "properties": {
                        "createdDate": 1703517596829,
                        "bearing": 333.6435546875,
                        "velocity": 1.7650039196014404
                    }
                },
                {
                    "type": "Feature",
                    "geometry": {
                        "type": "Point",
                        "coordinates": [
                            49.2544673,
                            55.7869553
                        ]
                    },
                    "properties": {
                        "createdDate": 1703517597837,
                        "bearing": 334.5258483886719,
                        "velocity": 2.5446112155914307
                    }
                },
                {
                    "type": "Feature",
                    "geometry": {
                        "type": "Point",
                        "coordinates": [
                            49.2544415,
                            55.7869777
                        ]
                    },
                    "properties": {
                        "createdDate": 1703517598841,
                        "bearing": 330.543701171875,
                        "velocity": 2.6729559898376465
                    }
                },
                {
                    "type": "Feature",
                    "geometry": {
                        "type": "Point",
                        "coordinates": [
                            49.2544142,
                            55.7869933
                        ]
                    },
                    "properties": {
                        "createdDate": 1703517599848,
                        "bearing": 322.3621520996094,
                        "velocity": 2.198606491088867
                    }
                },
                {
                    "type": "Feature",
                    "geometry": {
                        "type": "Point",
                        "coordinates": [
                            49.2543847,
                            55.7870037
                        ]
                    },
                    "properties": {
                        "createdDate": 1703517600841,
                        "bearing": 312.28509521484375,
                        "velocity": 2.155783176422119
                    }
                },
                {
                    "type": "Feature",
                    "geometry": {
                        "type": "Point",
                        "coordinates": [
                            49.2543451,
                            55.7870179
                        ]
                    },
                    "properties": {
                        "createdDate": 1703517601848,
                        "bearing": 306.70281982421875,
                        "velocity": 2.8002593517303467
                    }
                },
                {
                    "type": "Feature",
                    "geometry": {
                        "type": "Point",
                        "coordinates": [
                            49.2543086,
                            55.7870358
                        ]
                    },
                    "properties": {
                        "createdDate": 1703517602841,
                        "bearing": 314.5370178222656,
                        "velocity": 2.8965792655944824
                    }
                },
                {
                    "type": "Feature",
                    "geometry": {
                        "type": "Point",
                        "coordinates": [
                            49.2542766,
                            55.7870586
                        ]
                    },
                    "properties": {
                        "createdDate": 1703517603830,
                        "bearing": 325.2779846191406,
                        "velocity": 3.1780200004577637
                    }
                },
                {
                    "type": "Feature",
                    "geometry": {
                        "type": "Point",
                        "coordinates": [
                            49.2542569,
                            55.7870805
                        ]
                    },
                    "properties": {
                        "createdDate": 1703517604843,
                        "bearing": 336.23309326171875,
                        "velocity": 2.8288185596466064
                    }
                },
                {
                    "type": "Feature",
                    "geometry": {
                        "type": "Point",
                        "coordinates": [
                            49.2542446,
                            55.7871073
                        ]
                    },
                    "properties": {
                        "createdDate": 1703517605849,
                        "bearing": 347.6206970214844,
                        "velocity": 3.098411798477173
                    }
                },
                {
                    "type": "Feature",
                    "geometry": {
                        "type": "Point",
                        "coordinates": [
                            49.2542299,
                            55.7871348
                        ]
                    },
                    "properties": {
                        "createdDate": 1703517606856,
                        "bearing": 344.2950744628906,
                        "velocity": 3.065004587173462
                    }
                },
                {
                    "type": "Feature",
                    "geometry": {
                        "type": "Point",
                        "coordinates": [
                            49.2542239,
                            55.7871578
                        ]
                    },
                    "properties": {
                        "createdDate": 1703517607845,
                        "bearing": 353.26654052734375,
                        "velocity": 2.4099442958831787
                    }
                },
                {
                    "type": "Feature",
                    "geometry": {
                        "type": "Point",
                        "coordinates": [
                            49.254214,
                            55.7871832
                        ]
                    },
                    "properties": {
                        "createdDate": 1703517608854,
                        "bearing": 350.51922607421875,
                        "velocity": 1.897912621498108
                    }
                },
                {
                    "type": "Feature",
                    "geometry": {
                        "type": "Point",
                        "coordinates": [
                            49.2542001,
                            55.7872043
                        ]
                    },
                    "properties": {
                        "createdDate": 1703517609862,
                        "bearing": 350.1523742675781,
                        "velocity": 1.612735390663147
                    }
                },
                {
                    "type": "Feature",
                    "geometry": {
                        "type": "Point",
                        "coordinates": [
                            49.2541928,
                            55.7872156
                        ]
                    },
                    "properties": {
                        "createdDate": 1703517610856,
                        "bearing": 358.87152099609375,
                        "velocity": 0.9261633157730103
                    }
                },
                {
                    "type": "Feature",
                    "geometry": {
                        "type": "Point",
                        "coordinates": [
                            49.2541906,
                            55.7872211
                        ]
                    },
                    "properties": {
                        "createdDate": 1703517611862,
                        "bearing": 359.7925720214844,
                        "velocity": 0.5479691624641418
                    }
                },
                {
                    "type": "Feature",
                    "geometry": {
                        "type": "Point",
                        "coordinates": [
                            49.2541842,
                            55.7872221
                        ]
                    },
                    "properties": {
                        "createdDate": 1703517612851,
                        "bearing": 359.89398193359375,
                        "velocity": 0.29480910301208496
                    }
                },
                {
                    "type": "Feature",
                    "geometry": {
                        "type": "Point",
                        "coordinates": [
                            49.2541808,
                            55.7872219
                        ]
                    },
                    "properties": {
                        "createdDate": 1703517613862,
                        "bearing": 359.91644287109375,
                        "velocity": 0.15676379203796387
                    }
                },
                {
                    "type": "Feature",
                    "geometry": {
                        "type": "Point",
                        "coordinates": [
                            49.2541789,
                            55.7872214
                        ]
                    },
                    "properties": {
                        "createdDate": 1703517614869,
                        "bearing": 0.0,
                        "velocity": 0.08027128875255585
                    }
                },
                {
                    "type": "Feature",
                    "geometry": {
                        "type": "Point",
                        "coordinates": [
                            49.2541779,
                            55.7872209
                        ]
                    },
                    "properties": {
                        "createdDate": 1703517615866,
                        "bearing": 0.0,
                        "velocity": 0.04264865070581436
                    }
                },
                {
                    "type": "Feature",
                    "geometry": {
                        "type": "Point",
                        "coordinates": [
                            49.2541773,
                            55.7872205
                        ]
                    },
                    "properties": {
                        "createdDate": 1703517616870,
                        "bearing": 0.0,
                        "velocity": 0.015357362106442451
                    }
                }
            ]
        }
    },
    {
        "uuid": "793bbe1c-8f88-4ece-b06d-e5124ea3fe71",
        "videoId": "1703516097487",
        "filePath": "/vs_data/citysoft-dev/video/2023/12/25/5b8b176f019ea18e/1703514900141/1703516097487/1703516097487.mp4",
        "sessionId": "1703514900141",
        "deviceId": "5b8b176f019ea18e",
        "descriptions": {
            "onDevice": "VladTest",
            "onServer": "VladTest"
        },
        "numbers": {
            "onDevice": "VladTest",
            "onServer": "VladTest"
        },
        "processingStatus": "NEW",
        "operatorId": null,
        "creationDate": "2023-12-25T14:54:57.487Z",
        "processedDate": null,
        "homographyId": null,
        "mergedPartsCount": 300,
        "fps": 0,
        "size": 46998844,
        "resolution": null,
        "errorReason": null,
        "errorModule": null,
        "errorMessage": null,
        "geoJSON": {
            "type": "FeatureCollection",
            "features": [
                {
                    "type": "Feature",
                    "geometry": {
                        "type": "Point",
                        "coordinates": [
                            49.24604,
                            55.7938231
                        ]
                    },
                    "properties": {
                        "createdDate": 1703516097487,
                        "bearing": 228.7855224609375,
                        "velocity": 0.1687546670436859
                    }
                },
                {
                    "type": "Feature",
                    "geometry": {
                        "type": "Point",
                        "coordinates": [
                            49.2460508,
                            55.7938309
                        ]
                    },
                    "properties": {
                        "createdDate": 1703516102495,
                        "bearing": 0.0,
                        "velocity": 0.04486483335494995
                    }
                },
                {
                    "type": "Feature",
                    "geometry": {
                        "type": "Point",
                        "coordinates": [
                            49.2460558,
                            55.7938373
                        ]
                    },
                    "properties": {
                        "createdDate": 1703516107500,
                        "bearing": 23.075204849243164,
                        "velocity": 0.11272978037595749
                    }
                },
                {
                    "type": "Feature",
                    "geometry": {
                        "type": "Point",
                        "coordinates": [
                            49.2460495,
                            55.793833
                        ]
                    },
                    "properties": {
                        "createdDate": 1703516112507,
                        "bearing": 0.0,
                        "velocity": 0.04086850583553314
                    }
                },
                {
                    "type": "Feature",
                    "geometry": {
                        "type": "Point",
                        "coordinates": [
                            49.246046,
                            55.7938313
                        ]
                    },
                    "properties": {
                        "createdDate": 1703516117513,
                        "bearing": 0.0,
                        "velocity": 0.05104944109916687
                    }
                },
                {
                    "type": "Feature",
                    "geometry": {
                        "type": "Point",
                        "coordinates": [
                            49.2460524,
                            55.7938339
                        ]
                    },
                    "properties": {
                        "createdDate": 1703516122520,
                        "bearing": 0.0,
                        "velocity": 0.044536150991916656
                    }
                },
                {
                    "type": "Feature",
                    "geometry": {
                        "type": "Point",
                        "coordinates": [
                            49.2460398,
                            55.793829
                        ]
                    },
                    "properties": {
                        "createdDate": 1703516127525,
                        "bearing": 235.084228515625,
                        "velocity": 0.10412551462650299
                    }
                },
                {
                    "type": "Feature",
                    "geometry": {
                        "type": "Point",
                        "coordinates": [
                            49.246033,
                            55.7938237
                        ]
                    },
                    "properties": {
                        "createdDate": 1703516132533,
                        "bearing": 221.27951049804688,
                        "velocity": 0.12815146148204803
                    }
                },
                {
                    "type": "Feature",
                    "geometry": {
                        "type": "Point",
                        "coordinates": [
                            49.2460523,
                            55.7938304
                        ]
                    },
                    "properties": {
                        "createdDate": 1703516137543,
                        "bearing": 0.0,
                        "velocity": 0.0998527854681015
                    }
                },
                {
                    "type": "Feature",
                    "geometry": {
                        "type": "Point",
                        "coordinates": [
                            49.246057,
                            55.793832
                        ]
                    },
                    "properties": {
                        "createdDate": 1703516142546,
                        "bearing": 0.0,
                        "velocity": 0.08111415803432465
                    }
                },
                {
                    "type": "Feature",
                    "geometry": {
                        "type": "Point",
                        "coordinates": [
                            49.2460404,
                            55.7938231
                        ]
                    },
                    "properties": {
                        "createdDate": 1703516147558,
                        "bearing": 222.99713134765625,
                        "velocity": 0.15360000729560852
                    }
                },
                {
                    "type": "Feature",
                    "geometry": {
                        "type": "Point",
                        "coordinates": [
                            49.2460438,
                            55.7938268
                        ]
                    },
                    "properties": {
                        "createdDate": 1703516152562,
                        "bearing": 0.0,
                        "velocity": 0.015885647386312485
                    }
                },
                {
                    "type": "Feature",
                    "geometry": {
                        "type": "Point",
                        "coordinates": [
                            49.2460461,
                            55.7938277
                        ]
                    },
                    "properties": {
                        "createdDate": 1703516157582,
                        "bearing": 0.0,
                        "velocity": 0.020466869696974754
                    }
                },
                {
                    "type": "Feature",
                    "geometry": {
                        "type": "Point",
                        "coordinates": [
                            49.2460639,
                            55.7938332
                        ]
                    },
                    "properties": {
                        "createdDate": 1703516162588,
                        "bearing": 60.13015365600586,
                        "velocity": 0.16729456186294556
                    }
                },
                {
                    "type": "Feature",
                    "geometry": {
                        "type": "Point",
                        "coordinates": [
                            49.2460649,
                            55.7938309
                        ]
                    },
                    "properties": {
                        "createdDate": 1703516167596,
                        "bearing": 0.0,
                        "velocity": 0.06465400755405426
                    }
                },
                {
                    "type": "Feature",
                    "geometry": {
                        "type": "Point",
                        "coordinates": [
                            49.2460536,
                            55.7938267
                        ]
                    },
                    "properties": {
                        "createdDate": 1703516172602,
                        "bearing": 0.0,
                        "velocity": 0.08769327402114868
                    }
                },
                {
                    "type": "Feature",
                    "geometry": {
                        "type": "Point",
                        "coordinates": [
                            49.2460523,
                            55.7938274
                        ]
                    },
                    "properties": {
                        "createdDate": 1703516177610,
                        "bearing": 0.0,
                        "velocity": 0.03601067140698433
                    }
                },
                {
                    "type": "Feature",
                    "geometry": {
                        "type": "Point",
                        "coordinates": [
                            49.2460494,
                            55.793825
                        ]
                    },
                    "properties": {
                        "createdDate": 1703516182617,
                        "bearing": 0.0,
                        "velocity": 0.051519595086574554
                    }
                },
                {
                    "type": "Feature",
                    "geometry": {
                        "type": "Point",
                        "coordinates": [
                            49.2460474,
                            55.7938234
                        ]
                    },
                    "properties": {
                        "createdDate": 1703516187622,
                        "bearing": 0.0,
                        "velocity": 0.04664967581629753
                    }
                },
                {
                    "type": "Feature",
                    "geometry": {
                        "type": "Point",
                        "coordinates": [
                            49.2460414,
                            55.7938267
                        ]
                    },
                    "properties": {
                        "createdDate": 1703516192629,
                        "bearing": 0.0,
                        "velocity": 0.06550778448581696
                    }
                },
                {
                    "type": "Feature",
                    "geometry": {
                        "type": "Point",
                        "coordinates": [
                            49.2460463,
                            55.7938284
                        ]
                    },
                    "properties": {
                        "createdDate": 1703516197636,
                        "bearing": 0.0,
                        "velocity": 0.040044285356998444
                    }
                },
                {
                    "type": "Feature",
                    "geometry": {
                        "type": "Point",
                        "coordinates": [
                            49.2460549,
                            55.7938296
                        ]
                    },
                    "properties": {
                        "createdDate": 1703516202642,
                        "bearing": 0.0,
                        "velocity": 0.0810338705778122
                    }
                },
                {
                    "type": "Feature",
                    "geometry": {
                        "type": "Point",
                        "coordinates": [
                            49.2460585,
                            55.793828
                        ]
                    },
                    "properties": {
                        "createdDate": 1703516207651,
                        "bearing": 0.0,
                        "velocity": 0.05685596540570259
                    }
                },
                {
                    "type": "Feature",
                    "geometry": {
                        "type": "Point",
                        "coordinates": [
                            49.2460516,
                            55.7938308
                        ]
                    },
                    "properties": {
                        "createdDate": 1703516212658,
                        "bearing": 0.0,
                        "velocity": 0.04802219569683075
                    }
                },
                {
                    "type": "Feature",
                    "geometry": {
                        "type": "Point",
                        "coordinates": [
                            49.2460444,
                            55.793828
                        ]
                    },
                    "properties": {
                        "createdDate": 1703516217667,
                        "bearing": 0.0,
                        "velocity": 0.07322943210601807
                    }
                },
                {
                    "type": "Feature",
                    "geometry": {
                        "type": "Point",
                        "coordinates": [
                            49.2460492,
                            55.7938291
                        ]
                    },
                    "properties": {
                        "createdDate": 1703516222684,
                        "bearing": 0.0,
                        "velocity": 0.012526614591479301
                    }
                },
                {
                    "type": "Feature",
                    "geometry": {
                        "type": "Point",
                        "coordinates": [
                            49.2460575,
                            55.7938303
                        ]
                    },
                    "properties": {
                        "createdDate": 1703516227691,
                        "bearing": 0.0,
                        "velocity": 0.07208897173404694
                    }
                },
                {
                    "type": "Feature",
                    "geometry": {
                        "type": "Point",
                        "coordinates": [
                            49.2460646,
                            55.7938311
                        ]
                    },
                    "properties": {
                        "createdDate": 1703516232699,
                        "bearing": 0.0,
                        "velocity": 0.08318933099508286
                    }
                },
                {
                    "type": "Feature",
                    "geometry": {
                        "type": "Point",
                        "coordinates": [
                            49.2460718,
                            55.7938285
                        ]
                    },
                    "properties": {
                        "createdDate": 1703516237706,
                        "bearing": 0.0,
                        "velocity": 0.0904993787407875
                    }
                },
                {
                    "type": "Feature",
                    "geometry": {
                        "type": "Point",
                        "coordinates": [
                            49.2460818,
                            55.7938295
                        ]
                    },
                    "properties": {
                        "createdDate": 1703516242711,
                        "bearing": 88.67179870605469,
                        "velocity": 0.1096143051981926
                    }
                },
                {
                    "type": "Feature",
                    "geometry": {
                        "type": "Point",
                        "coordinates": [
                            49.2460721,
                            55.79383
                        ]
                    },
                    "properties": {
                        "createdDate": 1703516247720,
                        "bearing": 0.0,
                        "velocity": 0.032219529151916504
                    }
                },
                {
                    "type": "Feature",
                    "geometry": {
                        "type": "Point",
                        "coordinates": [
                            49.2460575,
                            55.7938313
                        ]
                    },
                    "properties": {
                        "createdDate": 1703516252725,
                        "bearing": 279.4860534667969,
                        "velocity": 0.1252027302980423
                    }
                },
                {
                    "type": "Feature",
                    "geometry": {
                        "type": "Point",
                        "coordinates": [
                            49.2460505,
                            55.7938354
                        ]
                    },
                    "properties": {
                        "createdDate": 1703516257731,
                        "bearing": 302.7186279296875,
                        "velocity": 0.11984143406152725
                    }
                },
                {
                    "type": "Feature",
                    "geometry": {
                        "type": "Point",
                        "coordinates": [
                            49.2460505,
                            55.7938327
                        ]
                    },
                    "properties": {
                        "createdDate": 1703516262740,
                        "bearing": 0.0,
                        "velocity": 0.0394374243915081
                    }
                },
                {
                    "type": "Feature",
                    "geometry": {
                        "type": "Point",
                        "coordinates": [
                            49.2460568,
                            55.7938326
                        ]
                    },
                    "properties": {
                        "createdDate": 1703516267761,
                        "bearing": 0.0,
                        "velocity": 0.03544383868575096
                    }
                },
                {
                    "type": "Feature",
                    "geometry": {
                        "type": "Point",
                        "coordinates": [
                            49.2460653,
                            55.7938276
                        ]
                    },
                    "properties": {
                        "createdDate": 1703516272767,
                        "bearing": 132.26853942871094,
                        "velocity": 0.10747570544481277
                    }
                },
                {
                    "type": "Feature",
                    "geometry": {
                        "type": "Point",
                        "coordinates": [
                            49.2460605,
                            55.7938242
                        ]
                    },
                    "properties": {
                        "createdDate": 1703516277774,
                        "bearing": 0.0,
                        "velocity": 0.07398416101932526
                    }
                },
                {
                    "type": "Feature",
                    "geometry": {
                        "type": "Point",
                        "coordinates": [
                            49.246073,
                            55.7938296
                        ]
                    },
                    "properties": {
                        "createdDate": 1703516282780,
                        "bearing": 63.719322204589844,
                        "velocity": 0.10605498403310776
                    }
                },
                {
                    "type": "Feature",
                    "geometry": {
                        "type": "Point",
                        "coordinates": [
                            49.2460773,
                            55.7938288
                        ]
                    },
                    "properties": {
                        "createdDate": 1703516287787,
                        "bearing": 0.0,
                        "velocity": 0.06947998702526093
                    }
                },
                {
                    "type": "Feature",
                    "geometry": {
                        "type": "Point",
                        "coordinates": [
                            49.2460612,
                            55.7938284
                        ]
                    },
                    "properties": {
                        "createdDate": 1703516292795,
                        "bearing": 0.0,
                        "velocity": 0.09624149650335312
                    }
                },
                {
                    "type": "Feature",
                    "geometry": {
                        "type": "Point",
                        "coordinates": [
                            49.246057,
                            55.7938284
                        ]
                    },
                    "properties": {
                        "createdDate": 1703516297801,
                        "bearing": 0.0,
                        "velocity": 0.06952743232250214
                    }
                },
                {
                    "type": "Feature",
                    "geometry": {
                        "type": "Point",
                        "coordinates": [
                            49.2460687,
                            55.793829
                        ]
                    },
                    "properties": {
                        "createdDate": 1703516302807,
                        "bearing": 0.0,
                        "velocity": 0.06126803532242775
                    }
                },
                {
                    "type": "Feature",
                    "geometry": {
                        "type": "Point",
                        "coordinates": [
                            49.2460771,
                            55.7938328
                        ]
                    },
                    "properties": {
                        "createdDate": 1703516307815,
                        "bearing": 58.1492919921875,
                        "velocity": 0.10512508451938629
                    }
                },
                {
                    "type": "Feature",
                    "geometry": {
                        "type": "Point",
                        "coordinates": [
                            49.2460645,
                            55.7938302
                        ]
                    },
                    "properties": {
                        "createdDate": 1703516312823,
                        "bearing": 0.0,
                        "velocity": 0.061296120285987854
                    }
                },
                {
                    "type": "Feature",
                    "geometry": {
                        "type": "Point",
                        "coordinates": [
                            49.246059,
                            55.7938311
                        ]
                    },
                    "properties": {
                        "createdDate": 1703516317828,
                        "bearing": 0.0,
                        "velocity": 0.06544049829244614
                    }
                },
                {
                    "type": "Feature",
                    "geometry": {
                        "type": "Point",
                        "coordinates": [
                            49.246055,
                            55.7938269
                        ]
                    },
                    "properties": {
                        "createdDate": 1703516322833,
                        "bearing": 0.0,
                        "velocity": 0.07642964273691177
                    }
                },
                {
                    "type": "Feature",
                    "geometry": {
                        "type": "Point",
                        "coordinates": [
                            49.2460526,
                            55.7938283
                        ]
                    },
                    "properties": {
                        "createdDate": 1703516327825,
                        "bearing": 0.0,
                        "velocity": 0.040102969855070114
                    }
                },
                {
                    "type": "Feature",
                    "geometry": {
                        "type": "Point",
                        "coordinates": [
                            49.24607,
                            55.7938252
                        ]
                    },
                    "properties": {
                        "createdDate": 1703516332830,
                        "bearing": 109.98250579833984,
                        "velocity": 0.127136692404747
                    }
                },
                {
                    "type": "Feature",
                    "geometry": {
                        "type": "Point",
                        "coordinates": [
                            49.2460733,
                            55.7938275
                        ]
                    },
                    "properties": {
                        "createdDate": 1703516337825,
                        "bearing": 0.0,
                        "velocity": 0.07145754247903824
                    }
                },
                {
                    "type": "Feature",
                    "geometry": {
                        "type": "Point",
                        "coordinates": [
                            49.2460738,
                            55.7938393
                        ]
                    },
                    "properties": {
                        "createdDate": 1703516342828,
                        "bearing": 10.512857437133789,
                        "velocity": 0.1716942936182022
                    }
                },
                {
                    "type": "Feature",
                    "geometry": {
                        "type": "Point",
                        "coordinates": [
                            49.2460625,
                            55.7938343
                        ]
                    },
                    "properties": {
                        "createdDate": 1703516347849,
                        "bearing": 0.0,
                        "velocity": 0.07412750273942947
                    }
                },
                {
                    "type": "Feature",
                    "geometry": {
                        "type": "Point",
                        "coordinates": [
                            49.2460733,
                            55.7938274
                        ]
                    },
                    "properties": {
                        "createdDate": 1703516352857,
                        "bearing": 149.46775817871094,
                        "velocity": 0.11252270638942719
                    }
                },
                {
                    "type": "Feature",
                    "geometry": {
                        "type": "Point",
                        "coordinates": [
                            49.2460835,
                            55.7938297
                        ]
                    },
                    "properties": {
                        "createdDate": 1703516357863,
                        "bearing": 93.19011688232422,
                        "velocity": 0.10045100003480911
                    }
                },
                {
                    "type": "Feature",
                    "geometry": {
                        "type": "Point",
                        "coordinates": [
                            49.2460823,
                            55.7938334
                        ]
                    },
                    "properties": {
                        "createdDate": 1703516362869,
                        "bearing": 0.0,
                        "velocity": 0.05621964484453201
                    }
                },
                {
                    "type": "Feature",
                    "geometry": {
                        "type": "Point",
                        "coordinates": [
                            49.2460761,
                            55.793831
                        ]
                    },
                    "properties": {
                        "createdDate": 1703516367877,
                        "bearing": 0.0,
                        "velocity": 0.03795381262898445
                    }
                },
                {
                    "type": "Feature",
                    "geometry": {
                        "type": "Point",
                        "coordinates": [
                            49.2460578,
                            55.7938277
                        ]
                    },
                    "properties": {
                        "createdDate": 1703516372883,
                        "bearing": 252.2386474609375,
                        "velocity": 0.16042229533195496
                    }
                },
                {
                    "type": "Feature",
                    "geometry": {
                        "type": "Point",
                        "coordinates": [
                            49.2460647,
                            55.7938343
                        ]
                    },
                    "properties": {
                        "createdDate": 1703516377889,
                        "bearing": 0.0,
                        "velocity": 0.06193522736430168
                    }
                },
                {
                    "type": "Feature",
                    "geometry": {
                        "type": "Point",
                        "coordinates": [
                            49.246076,
                            55.7938334
                        ]
                    },
                    "properties": {
                        "createdDate": 1703516382903,
                        "bearing": 0.0,
                        "velocity": 0.07408436387777328
                    }
                },
                {
                    "type": "Feature",
                    "geometry": {
                        "type": "Point",
                        "coordinates": [
                            49.24607,
                            55.7938308
                        ]
                    },
                    "properties": {
                        "createdDate": 1703516387907,
                        "bearing": 0.0,
                        "velocity": 0.03622005879878998
                    }
                },
                {
                    "type": "Feature",
                    "geometry": {
                        "type": "Point",
                        "coordinates": [
                            49.2460874,
                            55.7938308
                        ]
                    },
                    "properties": {
                        "createdDate": 1703516392912,
                        "bearing": 97.58550262451172,
                        "velocity": 0.11044038087129593
                    }
                }
            ]
        }
    },
    {
        "uuid": "f6df7d6f-0765-4b70-8a40-e15e69cff35d",
        "videoId": "1703515796992",
        "filePath": "/vs_data/citysoft-dev/video/2023/12/25/5b8b176f019ea18e/1703514900141/1703515796992/1703515796992.mp4",
        "sessionId": "1703514900141",
        "deviceId": "5b8b176f019ea18e",
        "descriptions": {
            "onDevice": "VladTest",
            "onServer": "VladTest"
        },
        "numbers": {
            "onDevice": "VladTest",
            "onServer": "VladTest"
        },
        "processingStatus": "NEW",
        "operatorId": null,
        "creationDate": "2023-12-25T14:49:56.992Z",
        "processedDate": null,
        "homographyId": null,
        "mergedPartsCount": 300,
        "fps": 0,
        "size": 51795154,
        "resolution": null,
        "errorReason": null,
        "errorModule": null,
        "errorMessage": null,
        "geoJSON": {
            "type": "FeatureCollection",
            "features": [
                {
                    "type": "Feature",
                    "geometry": {
                        "type": "Point",
                        "coordinates": [
                            49.2460374,
                            55.7938202
                        ]
                    },
                    "properties": {
                        "createdDate": 1703515796992,
                        "bearing": 226.48609924316406,
                        "velocity": 0.2166501134634018
                    }
                },
                {
                    "type": "Feature",
                    "geometry": {
                        "type": "Point",
                        "coordinates": [
                            49.2460349,
                            55.79383
                        ]
                    },
                    "properties": {
                        "createdDate": 1703515802001,
                        "bearing": 299.8214111328125,
                        "velocity": 0.1024232804775238
                    }
                },
                {
                    "type": "Feature",
                    "geometry": {
                        "type": "Point",
                        "coordinates": [
                            49.2460556,
                            55.7938278
                        ]
                    },
                    "properties": {
                        "createdDate": 1703515807003,
                        "bearing": 94.72660827636719,
                        "velocity": 0.12767358124256134
                    }
                },
                {
                    "type": "Feature",
                    "geometry": {
                        "type": "Point",
                        "coordinates": [
                            49.246055,
                            55.7938263
                        ]
                    },
                    "properties": {
                        "createdDate": 1703515812028,
                        "bearing": 0.0,
                        "velocity": 0.05038972198963165
                    }
                },
                {
                    "type": "Feature",
                    "geometry": {
                        "type": "Point",
                        "coordinates": [
                            49.2460646,
                            55.7938284
                        ]
                    },
                    "properties": {
                        "createdDate": 1703515817035,
                        "bearing": 0.0,
                        "velocity": 0.09184355288743973
                    }
                },
                {
                    "type": "Feature",
                    "geometry": {
                        "type": "Point",
                        "coordinates": [
                            49.2460582,
                            55.7938312
                        ]
                    },
                    "properties": {
                        "createdDate": 1703515822041,
                        "bearing": 0.0,
                        "velocity": 0.048119451850652695
                    }
                },
                {
                    "type": "Feature",
                    "geometry": {
                        "type": "Point",
                        "coordinates": [
                            49.2460397,
                            55.7938262
                        ]
                    },
                    "properties": {
                        "createdDate": 1703515827048,
                        "bearing": 250.776123046875,
                        "velocity": 0.15967726707458496
                    }
                },
                {
                    "type": "Feature",
                    "geometry": {
                        "type": "Point",
                        "coordinates": [
                            49.2460533,
                            55.7938256
                        ]
                    },
                    "properties": {
                        "createdDate": 1703515832054,
                        "bearing": 0.0,
                        "velocity": 0.039683930575847626
                    }
                },
                {
                    "type": "Feature",
                    "geometry": {
                        "type": "Point",
                        "coordinates": [
                            49.2460589,
                            55.7938288
                        ]
                    },
                    "properties": {
                        "createdDate": 1703515837062,
                        "bearing": 0.0,
                        "velocity": 0.06215478479862213
                    }
                },
                {
                    "type": "Feature",
                    "geometry": {
                        "type": "Point",
                        "coordinates": [
                            49.246061,
                            55.7938291
                        ]
                    },
                    "properties": {
                        "createdDate": 1703515842068,
                        "bearing": 0.0,
                        "velocity": 0.038954686373472214
                    }
                },
                {
                    "type": "Feature",
                    "geometry": {
                        "type": "Point",
                        "coordinates": [
                            49.2460531,
                            55.7938205
                        ]
                    },
                    "properties": {
                        "createdDate": 1703515847074,
                        "bearing": 202.9548797607422,
                        "velocity": 0.12393046915531158
                    }
                },
                {
                    "type": "Feature",
                    "geometry": {
                        "type": "Point",
                        "coordinates": [
                            49.2460554,
                            55.7938273
                        ]
                    },
                    "properties": {
                        "createdDate": 1703515852080,
                        "bearing": 0.0,
                        "velocity": 0.031425658613443375
                    }
                },
                {
                    "type": "Feature",
                    "geometry": {
                        "type": "Point",
                        "coordinates": [
                            49.2460586,
                            55.7938274
                        ]
                    },
                    "properties": {
                        "createdDate": 1703515857088,
                        "bearing": 0.0,
                        "velocity": 0.026042988523840904
                    }
                },
                {
                    "type": "Feature",
                    "geometry": {
                        "type": "Point",
                        "coordinates": [
                            49.2460632,
                            55.7938287
                        ]
                    },
                    "properties": {
                        "createdDate": 1703515862093,
                        "bearing": 0.0,
                        "velocity": 0.05053693428635597
                    }
                },
                {
                    "type": "Feature",
                    "geometry": {
                        "type": "Point",
                        "coordinates": [
                            49.2460459,
                            55.7938216
                        ]
                    },
                    "properties": {
                        "createdDate": 1703515867118,
                        "bearing": 232.78274536132812,
                        "velocity": 0.1503830850124359
                    }
                },
                {
                    "type": "Feature",
                    "geometry": {
                        "type": "Point",
                        "coordinates": [
                            49.2460547,
                            55.7938265
                        ]
                    },
                    "properties": {
                        "createdDate": 1703515872113,
                        "bearing": 0.0,
                        "velocity": 0.018595358356833458
                    }
                },
                {
                    "type": "Feature",
                    "geometry": {
                        "type": "Point",
                        "coordinates": [
                            49.2460554,
                            55.7938265
                        ]
                    },
                    "properties": {
                        "createdDate": 1703515877117,
                        "bearing": 0.0,
                        "velocity": 0.010287418030202389
                    }
                },
                {
                    "type": "Feature",
                    "geometry": {
                        "type": "Point",
                        "coordinates": [
                            49.2460614,
                            55.7938279
                        ]
                    },
                    "properties": {
                        "createdDate": 1703515882122,
                        "bearing": 0.0,
                        "velocity": 0.054826509207487106
                    }
                },
                {
                    "type": "Feature",
                    "geometry": {
                        "type": "Point",
                        "coordinates": [
                            49.2460692,
                            55.7938275
                        ]
                    },
                    "properties": {
                        "createdDate": 1703515887143,
                        "bearing": 0.0,
                        "velocity": 0.07914161682128906
                    }
                },
                {
                    "type": "Feature",
                    "geometry": {
                        "type": "Point",
                        "coordinates": [
                            49.2460615,
                            55.7938273
                        ]
                    },
                    "properties": {
                        "createdDate": 1703515892151,
                        "bearing": 0.0,
                        "velocity": 0.03155476227402687
                    }
                },
                {
                    "type": "Feature",
                    "geometry": {
                        "type": "Point",
                        "coordinates": [
                            49.2460568,
                            55.7938341
                        ]
                    },
                    "properties": {
                        "createdDate": 1703515897157,
                        "bearing": 332.6490173339844,
                        "velocity": 0.10419896245002747
                    }
                },
                {
                    "type": "Feature",
                    "geometry": {
                        "type": "Point",
                        "coordinates": [
                            49.2460526,
                            55.793831
                        ]
                    },
                    "properties": {
                        "createdDate": 1703515902164,
                        "bearing": 0.0,
                        "velocity": 0.05202377587556839
                    }
                },
                {
                    "type": "Feature",
                    "geometry": {
                        "type": "Point",
                        "coordinates": [
                            49.2460574,
                            55.7938265
                        ]
                    },
                    "properties": {
                        "createdDate": 1703515907171,
                        "bearing": 0.0,
                        "velocity": 0.06758668273687363
                    }
                },
                {
                    "type": "Feature",
                    "geometry": {
                        "type": "Point",
                        "coordinates": [
                            49.2460526,
                            55.7938254
                        ]
                    },
                    "properties": {
                        "createdDate": 1703515912180,
                        "bearing": 0.0,
                        "velocity": 0.05143732577562332
                    }
                },
                {
                    "type": "Feature",
                    "geometry": {
                        "type": "Point",
                        "coordinates": [
                            49.2460503,
                            55.7938257
                        ]
                    },
                    "properties": {
                        "createdDate": 1703515917185,
                        "bearing": 0.0,
                        "velocity": 0.030110208317637444
                    }
                },
                {
                    "type": "Feature",
                    "geometry": {
                        "type": "Point",
                        "coordinates": [
                            49.2460517,
                            55.7938284
                        ]
                    },
                    "properties": {
                        "createdDate": 1703515922188,
                        "bearing": 0.0,
                        "velocity": 0.033038441091775894
                    }
                },
                {
                    "type": "Feature",
                    "geometry": {
                        "type": "Point",
                        "coordinates": [
                            49.2460582,
                            55.7938313
                        ]
                    },
                    "properties": {
                        "createdDate": 1703515927196,
                        "bearing": 0.0,
                        "velocity": 0.07291597872972488
                    }
                },
                {
                    "type": "Feature",
                    "geometry": {
                        "type": "Point",
                        "coordinates": [
                            49.2460556,
                            55.7938324
                        ]
                    },
                    "properties": {
                        "createdDate": 1703515932204,
                        "bearing": 0.0,
                        "velocity": 0.035297296941280365
                    }
                },
                {
                    "type": "Feature",
                    "geometry": {
                        "type": "Point",
                        "coordinates": [
                            49.2460555,
                            55.7938283
                        ]
                    },
                    "properties": {
                        "createdDate": 1703515937213,
                        "bearing": 0.0,
                        "velocity": 0.04347730427980423
                    }
                },
                {
                    "type": "Feature",
                    "geometry": {
                        "type": "Point",
                        "coordinates": [
                            49.2460555,
                            55.7938263
                        ]
                    },
                    "properties": {
                        "createdDate": 1703515942232,
                        "bearing": 0.0,
                        "velocity": 0.044192470610141754
                    }
                },
                {
                    "type": "Feature",
                    "geometry": {
                        "type": "Point",
                        "coordinates": [
                            49.2460532,
                            55.7938263
                        ]
                    },
                    "properties": {
                        "createdDate": 1703515947239,
                        "bearing": 0.0,
                        "velocity": 0.024204028770327568
                    }
                },
                {
                    "type": "Feature",
                    "geometry": {
                        "type": "Point",
                        "coordinates": [
                            49.2460815,
                            55.7938284
                        ]
                    },
                    "properties": {
                        "createdDate": 1703515952246,
                        "bearing": 84.02444458007812,
                        "velocity": 0.2138717621564865
                    }
                },
                {
                    "type": "Feature",
                    "geometry": {
                        "type": "Point",
                        "coordinates": [
                            49.2460762,
                            55.7938357
                        ]
                    },
                    "properties": {
                        "createdDate": 1703515957254,
                        "bearing": 20.89348030090332,
                        "velocity": 0.11634348332881927
                    }
                },
                {
                    "type": "Feature",
                    "geometry": {
                        "type": "Point",
                        "coordinates": [
                            49.2460592,
                            55.7938337
                        ]
                    },
                    "properties": {
                        "createdDate": 1703515962260,
                        "bearing": 276.9002380371094,
                        "velocity": 0.11687222123146057
                    }
                },
                {
                    "type": "Feature",
                    "geometry": {
                        "type": "Point",
                        "coordinates": [
                            49.2460546,
                            55.7938329
                        ]
                    },
                    "properties": {
                        "createdDate": 1703515967269,
                        "bearing": 0.0,
                        "velocity": 0.08017166703939438
                    }
                },
                {
                    "type": "Feature",
                    "geometry": {
                        "type": "Point",
                        "coordinates": [
                            49.2460616,
                            55.7938311
                        ]
                    },
                    "properties": {
                        "createdDate": 1703515972274,
                        "bearing": 0.0,
                        "velocity": 0.03450022265315056
                    }
                },
                {
                    "type": "Feature",
                    "geometry": {
                        "type": "Point",
                        "coordinates": [
                            49.2460579,
                            55.7938278
                        ]
                    },
                    "properties": {
                        "createdDate": 1703515977277,
                        "bearing": 0.0,
                        "velocity": 0.05931764841079712
                    }
                },
                {
                    "type": "Feature",
                    "geometry": {
                        "type": "Point",
                        "coordinates": [
                            49.2460561,
                            55.7938276
                        ]
                    },
                    "properties": {
                        "createdDate": 1703515982284,
                        "bearing": 0.0,
                        "velocity": 0.03270728141069412
                    }
                },
                {
                    "type": "Feature",
                    "geometry": {
                        "type": "Point",
                        "coordinates": [
                            49.2460739,
                            55.7938327
                        ]
                    },
                    "properties": {
                        "createdDate": 1703515987296,
                        "bearing": 64.60982513427734,
                        "velocity": 0.14223022758960724
                    }
                },
                {
                    "type": "Feature",
                    "geometry": {
                        "type": "Point",
                        "coordinates": [
                            49.2460641,
                            55.7938318
                        ]
                    },
                    "properties": {
                        "createdDate": 1703515992317,
                        "bearing": 0.0,
                        "velocity": 0.02903045527637005
                    }
                },
                {
                    "type": "Feature",
                    "geometry": {
                        "type": "Point",
                        "coordinates": [
                            49.2460606,
                            55.7938297
                        ]
                    },
                    "properties": {
                        "createdDate": 1703515997322,
                        "bearing": 0.0,
                        "velocity": 0.04626794531941414
                    }
                },
                {
                    "type": "Feature",
                    "geometry": {
                        "type": "Point",
                        "coordinates": [
                            49.2460661,
                            55.793834
                        ]
                    },
                    "properties": {
                        "createdDate": 1703516002329,
                        "bearing": 0.0,
                        "velocity": 0.05680868774652481
                    }
                },
                {
                    "type": "Feature",
                    "geometry": {
                        "type": "Point",
                        "coordinates": [
                            49.2460678,
                            55.7938306
                        ]
                    },
                    "properties": {
                        "createdDate": 1703516007337,
                        "bearing": 0.0,
                        "velocity": 0.03708570823073387
                    }
                },
                {
                    "type": "Feature",
                    "geometry": {
                        "type": "Point",
                        "coordinates": [
                            49.2460671,
                            55.7938288
                        ]
                    },
                    "properties": {
                        "createdDate": 1703516012341,
                        "bearing": 0.0,
                        "velocity": 0.035193972289562225
                    }
                },
                {
                    "type": "Feature",
                    "geometry": {
                        "type": "Point",
                        "coordinates": [
                            49.24607,
                            55.7938287
                        ]
                    },
                    "properties": {
                        "createdDate": 1703516017349,
                        "bearing": 0.0,
                        "velocity": 0.02822135016322136
                    }
                },
                {
                    "type": "Feature",
                    "geometry": {
                        "type": "Point",
                        "coordinates": [
                            49.2460711,
                            55.7938275
                        ]
                    },
                    "properties": {
                        "createdDate": 1703516022355,
                        "bearing": 0.0,
                        "velocity": 0.02925502508878708
                    }
                },
                {
                    "type": "Feature",
                    "geometry": {
                        "type": "Point",
                        "coordinates": [
                            49.2460581,
                            55.7938271
                        ]
                    },
                    "properties": {
                        "createdDate": 1703516027363,
                        "bearing": 0.0,
                        "velocity": 0.09394928067922592
                    }
                },
                {
                    "type": "Feature",
                    "geometry": {
                        "type": "Point",
                        "coordinates": [
                            49.2460463,
                            55.7938285
                        ]
                    },
                    "properties": {
                        "createdDate": 1703516032369,
                        "bearing": 276.6058044433594,
                        "velocity": 0.12583917379379272
                    }
                },
                {
                    "type": "Feature",
                    "geometry": {
                        "type": "Point",
                        "coordinates": [
                            49.2460463,
                            55.793831
                        ]
                    },
                    "properties": {
                        "createdDate": 1703516037377,
                        "bearing": 0.0,
                        "velocity": 0.06233515217900276
                    }
                },
                {
                    "type": "Feature",
                    "geometry": {
                        "type": "Point",
                        "coordinates": [
                            49.2460383,
                            55.793828
                        ]
                    },
                    "properties": {
                        "createdDate": 1703516042380,
                        "bearing": 0.0,
                        "velocity": 0.08226481825113297
                    }
                },
                {
                    "type": "Feature",
                    "geometry": {
                        "type": "Point",
                        "coordinates": [
                            49.2460539,
                            55.793835
                        ]
                    },
                    "properties": {
                        "createdDate": 1703516047392,
                        "bearing": 46.366390228271484,
                        "velocity": 0.13001680374145508
                    }
                },
                {
                    "type": "Feature",
                    "geometry": {
                        "type": "Point",
                        "coordinates": [
                            49.2460808,
                            55.7938403
                        ]
                    },
                    "properties": {
                        "createdDate": 1703516052411,
                        "bearing": 66.52127075195312,
                        "velocity": 0.27133065462112427
                    }
                },
                {
                    "type": "Feature",
                    "geometry": {
                        "type": "Point",
                        "coordinates": [
                            49.246055,
                            55.7938323
                        ]
                    },
                    "properties": {
                        "createdDate": 1703516057418,
                        "bearing": 235.73623657226562,
                        "velocity": 0.10874195396900177
                    }
                },
                {
                    "type": "Feature",
                    "geometry": {
                        "type": "Point",
                        "coordinates": [
                            49.2460571,
                            55.7938319
                        ]
                    },
                    "properties": {
                        "createdDate": 1703516062424,
                        "bearing": 0.0,
                        "velocity": 0.0329069085419178
                    }
                },
                {
                    "type": "Feature",
                    "geometry": {
                        "type": "Point",
                        "coordinates": [
                            49.2460441,
                            55.7938248
                        ]
                    },
                    "properties": {
                        "createdDate": 1703516067432,
                        "bearing": 224.675537109375,
                        "velocity": 0.15189267694950104
                    }
                },
                {
                    "type": "Feature",
                    "geometry": {
                        "type": "Point",
                        "coordinates": [
                            49.2460479,
                            55.7938283
                        ]
                    },
                    "properties": {
                        "createdDate": 1703516072438,
                        "bearing": 0.0,
                        "velocity": 0.013067827560007572
                    }
                },
                {
                    "type": "Feature",
                    "geometry": {
                        "type": "Point",
                        "coordinates": [
                            49.2460615,
                            55.7938352
                        ]
                    },
                    "properties": {
                        "createdDate": 1703516077444,
                        "bearing": 46.24715805053711,
                        "velocity": 0.1410861313343048
                    }
                },
                {
                    "type": "Feature",
                    "geometry": {
                        "type": "Point",
                        "coordinates": [
                            49.2460634,
                            55.7938342
                        ]
                    },
                    "properties": {
                        "createdDate": 1703516082450,
                        "bearing": 0.0,
                        "velocity": 0.05821051821112633
                    }
                },
                {
                    "type": "Feature",
                    "geometry": {
                        "type": "Point",
                        "coordinates": [
                            49.2460535,
                            55.7938315
                        ]
                    },
                    "properties": {
                        "createdDate": 1703516087461,
                        "bearing": 0.0,
                        "velocity": 0.0638207197189331
                    }
                },
                {
                    "type": "Feature",
                    "geometry": {
                        "type": "Point",
                        "coordinates": [
                            49.2460566,
                            55.7938305
                        ]
                    },
                    "properties": {
                        "createdDate": 1703516092466,
                        "bearing": 0.0,
                        "velocity": 0.024627171456813812
                    }
                }
            ]
        }
    },
    {
        "uuid": "e68a5676-9a64-4081-89ab-ff2f28899b01",
        "videoId": "1703515496512",
        "filePath": "/vs_data/citysoft-dev/video/2023/12/25/5b8b176f019ea18e/1703514900141/1703515496512/1703515496512.mp4",
        "sessionId": "1703514900141",
        "deviceId": "5b8b176f019ea18e",
        "descriptions": {
            "onDevice": "VladTest",
            "onServer": "VladTest"
        },
        "numbers": {
            "onDevice": "VladTest",
            "onServer": "VladTest"
        },
        "processingStatus": "NEW",
        "operatorId": null,
        "creationDate": "2023-12-25T14:44:56.512Z",
        "processedDate": null,
        "homographyId": null,
        "mergedPartsCount": 300,
        "fps": 0,
        "size": 61543907,
        "resolution": null,
        "errorReason": null,
        "errorModule": null,
        "errorMessage": null,
        "geoJSON": {
            "type": "FeatureCollection",
            "features": [
                {
                    "type": "Feature",
                    "geometry": {
                        "type": "Point",
                        "coordinates": [
                            49.246082,
                            55.7938291
                        ]
                    },
                    "properties": {
                        "createdDate": 1703515496512,
                        "bearing": 0.0,
                        "velocity": 0.02895045280456543
                    }
                },
                {
                    "type": "Feature",
                    "geometry": {
                        "type": "Point",
                        "coordinates": [
                            49.2460735,
                            55.7938262
                        ]
                    },
                    "properties": {
                        "createdDate": 1703515501521,
                        "bearing": 0.0,
                        "velocity": 0.06458155065774918
                    }
                },
                {
                    "type": "Feature",
                    "geometry": {
                        "type": "Point",
                        "coordinates": [
                            49.2460792,
                            55.7938447
                        ]
                    },
                    "properties": {
                        "createdDate": 1703515506541,
                        "bearing": 5.252308368682861,
                        "velocity": 0.23714005947113037
                    }
                },
                {
                    "type": "Feature",
                    "geometry": {
                        "type": "Point",
                        "coordinates": [
                            49.2460717,
                            55.7938415
                        ]
                    },
                    "properties": {
                        "createdDate": 1703515511531,
                        "bearing": 0.0,
                        "velocity": 0.06941656768321991
                    }
                },
                {
                    "type": "Feature",
                    "geometry": {
                        "type": "Point",
                        "coordinates": [
                            49.246082,
                            55.7938322
                        ]
                    },
                    "properties": {
                        "createdDate": 1703515516555,
                        "bearing": 150.97732543945312,
                        "velocity": 0.12375710904598236
                    }
                },
                {
                    "type": "Feature",
                    "geometry": {
                        "type": "Point",
                        "coordinates": [
                            49.2460763,
                            55.7938316
                        ]
                    },
                    "properties": {
                        "createdDate": 1703515521562,
                        "bearing": 0.0,
                        "velocity": 0.05427156016230583
                    }
                },
                {
                    "type": "Feature",
                    "geometry": {
                        "type": "Point",
                        "coordinates": [
                            49.2460663,
                            55.7938351
                        ]
                    },
                    "properties": {
                        "createdDate": 1703515526554,
                        "bearing": 0.0,
                        "velocity": 0.08716586232185364
                    }
                },
                {
                    "type": "Feature",
                    "geometry": {
                        "type": "Point",
                        "coordinates": [
                            49.2460733,
                            55.793835
                        ]
                    },
                    "properties": {
                        "createdDate": 1703515531562,
                        "bearing": 0.0,
                        "velocity": 0.024132616817951202
                    }
                },
                {
                    "type": "Feature",
                    "geometry": {
                        "type": "Point",
                        "coordinates": [
                            49.2460674,
                            55.7938331
                        ]
                    },
                    "properties": {
                        "createdDate": 1703515536582,
                        "bearing": 0.0,
                        "velocity": 0.04237339645624161
                    }
                },
                {
                    "type": "Feature",
                    "geometry": {
                        "type": "Point",
                        "coordinates": [
                            49.2460559,
                            55.793837
                        ]
                    },
                    "properties": {
                        "createdDate": 1703515541589,
                        "bearing": 293.5076599121094,
                        "velocity": 0.11142343282699585
                    }
                },
                {
                    "type": "Feature",
                    "geometry": {
                        "type": "Point",
                        "coordinates": [
                            49.2460701,
                            55.7938283
                        ]
                    },
                    "properties": {
                        "createdDate": 1703515546595,
                        "bearing": 145.54310607910156,
                        "velocity": 0.1242690160870552
                    }
                },
                {
                    "type": "Feature",
                    "geometry": {
                        "type": "Point",
                        "coordinates": [
                            49.2460755,
                            55.7938261
                        ]
                    },
                    "properties": {
                        "createdDate": 1703515551603,
                        "bearing": 0.0,
                        "velocity": 0.09758978337049484
                    }
                },
                {
                    "type": "Feature",
                    "geometry": {
                        "type": "Point",
                        "coordinates": [
                            49.2460754,
                            55.7938328
                        ]
                    },
                    "properties": {
                        "createdDate": 1703515556609,
                        "bearing": 0.0,
                        "velocity": 0.07060376554727554
                    }
                },
                {
                    "type": "Feature",
                    "geometry": {
                        "type": "Point",
                        "coordinates": [
                            49.2460718,
                            55.7938309
                        ]
                    },
                    "properties": {
                        "createdDate": 1703515561616,
                        "bearing": 0.0,
                        "velocity": 0.018472569063305855
                    }
                },
                {
                    "type": "Feature",
                    "geometry": {
                        "type": "Point",
                        "coordinates": [
                            49.2460625,
                            55.7938311
                        ]
                    },
                    "properties": {
                        "createdDate": 1703515566625,
                        "bearing": 0.0,
                        "velocity": 0.08021903783082962
                    }
                },
                {
                    "type": "Feature",
                    "geometry": {
                        "type": "Point",
                        "coordinates": [
                            49.2460487,
                            55.7938285
                        ]
                    },
                    "properties": {
                        "createdDate": 1703515571644,
                        "bearing": 255.4097900390625,
                        "velocity": 0.14154747128486633
                    }
                },
                {
                    "type": "Feature",
                    "geometry": {
                        "type": "Point",
                        "coordinates": [
                            49.2460381,
                            55.7938271
                        ]
                    },
                    "properties": {
                        "createdDate": 1703515576638,
                        "bearing": 256.62506103515625,
                        "velocity": 0.1373642086982727
                    }
                },
                {
                    "type": "Feature",
                    "geometry": {
                        "type": "Point",
                        "coordinates": [
                            49.2460354,
                            55.7938284
                        ]
                    },
                    "properties": {
                        "createdDate": 1703515581657,
                        "bearing": 0.0,
                        "velocity": 0.07151323556900024
                    }
                },
                {
                    "type": "Feature",
                    "geometry": {
                        "type": "Point",
                        "coordinates": [
                            49.2460224,
                            55.7938223
                        ]
                    },
                    "properties": {
                        "createdDate": 1703515586650,
                        "bearing": 237.12510681152344,
                        "velocity": 0.15176071226596832
                    }
                },
                {
                    "type": "Feature",
                    "geometry": {
                        "type": "Point",
                        "coordinates": [
                            49.2460304,
                            55.793822
                        ]
                    },
                    "properties": {
                        "createdDate": 1703515591670,
                        "bearing": 0.0,
                        "velocity": 0.04193240776658058
                    }
                },
                {
                    "type": "Feature",
                    "geometry": {
                        "type": "Point",
                        "coordinates": [
                            49.246043,
                            55.7938247
                        ]
                    },
                    "properties": {
                        "createdDate": 1703515596677,
                        "bearing": 0.0,
                        "velocity": 0.07823214679956436
                    }
                },
                {
                    "type": "Feature",
                    "geometry": {
                        "type": "Point",
                        "coordinates": [
                            49.2460551,
                            55.7938257
                        ]
                    },
                    "properties": {
                        "createdDate": 1703515601684,
                        "bearing": 82.0893325805664,
                        "velocity": 0.12297631055116653
                    }
                },
                {
                    "type": "Feature",
                    "geometry": {
                        "type": "Point",
                        "coordinates": [
                            49.2460459,
                            55.7938251
                        ]
                    },
                    "properties": {
                        "createdDate": 1703515606693,
                        "bearing": 0.0,
                        "velocity": 0.025770902633666992
                    }
                },
                {
                    "type": "Feature",
                    "geometry": {
                        "type": "Point",
                        "coordinates": [
                            49.2460485,
                            55.793824
                        ]
                    },
                    "properties": {
                        "createdDate": 1703515611697,
                        "bearing": 0.0,
                        "velocity": 0.01824907772243023
                    }
                },
                {
                    "type": "Feature",
                    "geometry": {
                        "type": "Point",
                        "coordinates": [
                            49.2460492,
                            55.7938252
                        ]
                    },
                    "properties": {
                        "createdDate": 1703515616705,
                        "bearing": 0.0,
                        "velocity": 0.014090110547840595
                    }
                },
                {
                    "type": "Feature",
                    "geometry": {
                        "type": "Point",
                        "coordinates": [
                            49.2460511,
                            55.7938282
                        ]
                    },
                    "properties": {
                        "createdDate": 1703515621710,
                        "bearing": 0.0,
                        "velocity": 0.04866596311330795
                    }
                },
                {
                    "type": "Feature",
                    "geometry": {
                        "type": "Point",
                        "coordinates": [
                            49.2460601,
                            55.7938262
                        ]
                    },
                    "properties": {
                        "createdDate": 1703515626718,
                        "bearing": 0.0,
                        "velocity": 0.07731030136346817
                    }
                },
                {
                    "type": "Feature",
                    "geometry": {
                        "type": "Point",
                        "coordinates": [
                            49.2460584,
                            55.7938288
                        ]
                    },
                    "properties": {
                        "createdDate": 1703515631740,
                        "bearing": 0.0,
                        "velocity": 0.03578415885567665
                    }
                },
                {
                    "type": "Feature",
                    "geometry": {
                        "type": "Point",
                        "coordinates": [
                            49.246061,
                            55.7938274
                        ]
                    },
                    "properties": {
                        "createdDate": 1703515636748,
                        "bearing": 0.0,
                        "velocity": 0.02697363682091236
                    }
                },
                {
                    "type": "Feature",
                    "geometry": {
                        "type": "Point",
                        "coordinates": [
                            49.2460595,
                            55.7938245
                        ]
                    },
                    "properties": {
                        "createdDate": 1703515641753,
                        "bearing": 0.0,
                        "velocity": 0.04096914827823639
                    }
                },
                {
                    "type": "Feature",
                    "geometry": {
                        "type": "Point",
                        "coordinates": [
                            49.2460442,
                            55.7938235
                        ]
                    },
                    "properties": {
                        "createdDate": 1703515646760,
                        "bearing": 255.76611328125,
                        "velocity": 0.12173650413751602
                    }
                },
                {
                    "type": "Feature",
                    "geometry": {
                        "type": "Point",
                        "coordinates": [
                            49.2460474,
                            55.7938272
                        ]
                    },
                    "properties": {
                        "createdDate": 1703515651767,
                        "bearing": 0.0,
                        "velocity": 0.04419645667076111
                    }
                },
                {
                    "type": "Feature",
                    "geometry": {
                        "type": "Point",
                        "coordinates": [
                            49.246058,
                            55.7938299
                        ]
                    },
                    "properties": {
                        "createdDate": 1703515656773,
                        "bearing": 0.0,
                        "velocity": 0.08678115159273148
                    }
                },
                {
                    "type": "Feature",
                    "geometry": {
                        "type": "Point",
                        "coordinates": [
                            49.2460548,
                            55.7938279
                        ]
                    },
                    "properties": {
                        "createdDate": 1703515661781,
                        "bearing": 0.0,
                        "velocity": 0.010348901152610779
                    }
                },
                {
                    "type": "Feature",
                    "geometry": {
                        "type": "Point",
                        "coordinates": [
                            49.2460584,
                            55.793828
                        ]
                    },
                    "properties": {
                        "createdDate": 1703515666786,
                        "bearing": 0.0,
                        "velocity": 0.028204133734107018
                    }
                },
                {
                    "type": "Feature",
                    "geometry": {
                        "type": "Point",
                        "coordinates": [
                            49.2460589,
                            55.7938267
                        ]
                    },
                    "properties": {
                        "createdDate": 1703515671794,
                        "bearing": 0.0,
                        "velocity": 0.02366877906024456
                    }
                },
                {
                    "type": "Feature",
                    "geometry": {
                        "type": "Point",
                        "coordinates": [
                            49.2460414,
                            55.7938225
                        ]
                    },
                    "properties": {
                        "createdDate": 1703515676802,
                        "bearing": 243.74942016601562,
                        "velocity": 0.14518003165721893
                    }
                },
                {
                    "type": "Feature",
                    "geometry": {
                        "type": "Point",
                        "coordinates": [
                            49.2460709,
                            55.7938311
                        ]
                    },
                    "properties": {
                        "createdDate": 1703515681811,
                        "bearing": 62.342185974121094,
                        "velocity": 0.15660712122917175
                    }
                },
                {
                    "type": "Feature",
                    "geometry": {
                        "type": "Point",
                        "coordinates": [
                            49.2460765,
                            55.7938344
                        ]
                    },
                    "properties": {
                        "createdDate": 1703515686830,
                        "bearing": 53.046749114990234,
                        "velocity": 0.12083219736814499
                    }
                },
                {
                    "type": "Feature",
                    "geometry": {
                        "type": "Point",
                        "coordinates": [
                            49.2460782,
                            55.7938335
                        ]
                    },
                    "properties": {
                        "createdDate": 1703515691836,
                        "bearing": 0.0,
                        "velocity": 0.05133642628788948
                    }
                },
                {
                    "type": "Feature",
                    "geometry": {
                        "type": "Point",
                        "coordinates": [
                            49.2460698,
                            55.7938322
                        ]
                    },
                    "properties": {
                        "createdDate": 1703515696842,
                        "bearing": 0.0,
                        "velocity": 0.04817298799753189
                    }
                },
                {
                    "type": "Feature",
                    "geometry": {
                        "type": "Point",
                        "coordinates": [
                            49.2460641,
                            55.7938319
                        ]
                    },
                    "properties": {
                        "createdDate": 1703515701849,
                        "bearing": 0.0,
                        "velocity": 0.062233664095401764
                    }
                },
                {
                    "type": "Feature",
                    "geometry": {
                        "type": "Point",
                        "coordinates": [
                            49.2460469,
                            55.7938281
                        ]
                    },
                    "properties": {
                        "createdDate": 1703515706856,
                        "bearing": 250.4375762939453,
                        "velocity": 0.16609850525856018
                    }
                },
                {
                    "type": "Feature",
                    "geometry": {
                        "type": "Point",
                        "coordinates": [
                            49.2460513,
                            55.7938275
                        ]
                    },
                    "properties": {
                        "createdDate": 1703515711862,
                        "bearing": 0.0,
                        "velocity": 0.037789810448884964
                    }
                },
                {
                    "type": "Feature",
                    "geometry": {
                        "type": "Point",
                        "coordinates": [
                            49.2460401,
                            55.7938265
                        ]
                    },
                    "properties": {
                        "createdDate": 1703515716870,
                        "bearing": 0.0,
                        "velocity": 0.09787336736917496
                    }
                },
                {
                    "type": "Feature",
                    "geometry": {
                        "type": "Point",
                        "coordinates": [
                            49.2460428,
                            55.7938257
                        ]
                    },
                    "properties": {
                        "createdDate": 1703515721876,
                        "bearing": 0.0,
                        "velocity": 0.03339216113090515
                    }
                },
                {
                    "type": "Feature",
                    "geometry": {
                        "type": "Point",
                        "coordinates": [
                            49.2460653,
                            55.7938269
                        ]
                    },
                    "properties": {
                        "createdDate": 1703515726883,
                        "bearing": 87.43790435791016,
                        "velocity": 0.16087524592876434
                    }
                },
                {
                    "type": "Feature",
                    "geometry": {
                        "type": "Point",
                        "coordinates": [
                            49.2460526,
                            55.7938252
                        ]
                    },
                    "properties": {
                        "createdDate": 1703515731890,
                        "bearing": 0.0,
                        "velocity": 0.04038845747709274
                    }
                },
                {
                    "type": "Feature",
                    "geometry": {
                        "type": "Point",
                        "coordinates": [
                            49.2460591,
                            55.7938292
                        ]
                    },
                    "properties": {
                        "createdDate": 1703515736895,
                        "bearing": 0.0,
                        "velocity": 0.04686553031206131
                    }
                },
                {
                    "type": "Feature",
                    "geometry": {
                        "type": "Point",
                        "coordinates": [
                            49.2460515,
                            55.793821
                        ]
                    },
                    "properties": {
                        "createdDate": 1703515741905,
                        "bearing": 206.0641632080078,
                        "velocity": 0.1081218495965004
                    }
                },
                {
                    "type": "Feature",
                    "geometry": {
                        "type": "Point",
                        "coordinates": [
                            49.2460579,
                            55.7938252
                        ]
                    },
                    "properties": {
                        "createdDate": 1703515746912,
                        "bearing": 0.0,
                        "velocity": 0.019911080598831177
                    }
                },
                {
                    "type": "Feature",
                    "geometry": {
                        "type": "Point",
                        "coordinates": [
                            49.246067,
                            55.7938295
                        ]
                    },
                    "properties": {
                        "createdDate": 1703515751933,
                        "bearing": 0.0,
                        "velocity": 0.09915415197610855
                    }
                },
                {
                    "type": "Feature",
                    "geometry": {
                        "type": "Point",
                        "coordinates": [
                            49.2460607,
                            55.7938331
                        ]
                    },
                    "properties": {
                        "createdDate": 1703515756938,
                        "bearing": 0.0,
                        "velocity": 0.0755273625254631
                    }
                },
                {
                    "type": "Feature",
                    "geometry": {
                        "type": "Point",
                        "coordinates": [
                            49.2460681,
                            55.7938285
                        ]
                    },
                    "properties": {
                        "createdDate": 1703515761945,
                        "bearing": 0.0,
                        "velocity": 0.06193775683641434
                    }
                },
                {
                    "type": "Feature",
                    "geometry": {
                        "type": "Point",
                        "coordinates": [
                            49.2460656,
                            55.793831
                        ]
                    },
                    "properties": {
                        "createdDate": 1703515766951,
                        "bearing": 0.0,
                        "velocity": 0.02103319764137268
                    }
                },
                {
                    "type": "Feature",
                    "geometry": {
                        "type": "Point",
                        "coordinates": [
                            49.2460626,
                            55.7938302
                        ]
                    },
                    "properties": {
                        "createdDate": 1703515771958,
                        "bearing": 0.0,
                        "velocity": 0.02413829229772091
                    }
                },
                {
                    "type": "Feature",
                    "geometry": {
                        "type": "Point",
                        "coordinates": [
                            49.2460495,
                            55.7938295
                        ]
                    },
                    "properties": {
                        "createdDate": 1703515776965,
                        "bearing": 264.4757385253906,
                        "velocity": 0.11163567751646042
                    }
                },
                {
                    "type": "Feature",
                    "geometry": {
                        "type": "Point",
                        "coordinates": [
                            49.2460451,
                            55.7938288
                        ]
                    },
                    "properties": {
                        "createdDate": 1703515781972,
                        "bearing": 0.0,
                        "velocity": 0.07735911011695862
                    }
                },
                {
                    "type": "Feature",
                    "geometry": {
                        "type": "Point",
                        "coordinates": [
                            49.2460562,
                            55.7938331
                        ]
                    },
                    "properties": {
                        "createdDate": 1703515786978,
                        "bearing": 0.0,
                        "velocity": 0.08031637221574783
                    }
                },
                {
                    "type": "Feature",
                    "geometry": {
                        "type": "Point",
                        "coordinates": [
                            49.2460603,
                            55.7938306
                        ]
                    },
                    "properties": {
                        "createdDate": 1703515791985,
                        "bearing": 0.0,
                        "velocity": 0.05574536696076393
                    }
                }
            ]
        }
    },
    {
        "uuid": "47a997d8-7ddc-48b6-8d7d-6ce06b2adbf5",
        "videoId": "1703515192021",
        "filePath": "/vs_data/citysoft-dev/video/2023/12/25/5b8b176f019ea18e/1703514900141/1703515192021/1703515192021.mp4",
        "sessionId": "1703514900141",
        "deviceId": "5b8b176f019ea18e",
        "descriptions": {
            "onDevice": "VladTest",
            "onServer": "VladTest"
        },
        "numbers": {
            "onDevice": "VladTest",
            "onServer": "VladTest"
        },
        "processingStatus": "NEW",
        "operatorId": null,
        "creationDate": "2023-12-25T14:39:52.021Z",
        "processedDate": null,
        "homographyId": null,
        "mergedPartsCount": 304,
        "fps": 0,
        "size": 59272404,
        "resolution": null,
        "errorReason": null,
        "errorModule": null,
        "errorMessage": null,
        "geoJSON": {
            "type": "FeatureCollection",
            "features": [
                {
                    "type": "Feature",
                    "geometry": {
                        "type": "Point",
                        "coordinates": [
                            49.2453905,
                            55.793244
                        ]
                    },
                    "properties": {
                        "createdDate": 1703515192021,
                        "bearing": 180.0,
                        "velocity": 0.49994710087776184
                    }
                },
                {
                    "type": "Feature",
                    "geometry": {
                        "type": "Point",
                        "coordinates": [
                            49.2453437,
                            55.7932403
                        ]
                    },
                    "properties": {
                        "createdDate": 1703515193026,
                        "bearing": 180.0000762939453,
                        "velocity": 0.3459998667240143
                    }
                },
                {
                    "type": "Feature",
                    "geometry": {
                        "type": "Point",
                        "coordinates": [
                            49.2453249,
                            55.7932456
                        ]
                    },
                    "properties": {
                        "createdDate": 1703515194034,
                        "bearing": 180.0,
                        "velocity": 0.14957460761070251
                    }
                },
                {
                    "type": "Feature",
                    "geometry": {
                        "type": "Point",
                        "coordinates": [
                            49.2453175,
                            55.793253
                        ]
                    },
                    "properties": {
                        "createdDate": 1703515195027,
                        "bearing": 0.0,
                        "velocity": 0.006473859306424856
                    }
                },
                {
                    "type": "Feature",
                    "geometry": {
                        "type": "Point",
                        "coordinates": [
                            49.2453167,
                            55.7932611
                        ]
                    },
                    "properties": {
                        "createdDate": 1703515196036,
                        "bearing": 0.0,
                        "velocity": 0.09041991084814072
                    }
                },
                {
                    "type": "Feature",
                    "geometry": {
                        "type": "Point",
                        "coordinates": [
                            49.2453263,
                            55.7932709
                        ]
                    },
                    "properties": {
                        "createdDate": 1703515197029,
                        "bearing": 9.970148040494564E-10,
                        "velocity": 0.17042434215545654
                    }
                },
                {
                    "type": "Feature",
                    "geometry": {
                        "type": "Point",
                        "coordinates": [
                            49.2453382,
                            55.7932817
                        ]
                    },
                    "properties": {
                        "createdDate": 1703515198035,
                        "bearing": 9.43988665014217E-10,
                        "velocity": 0.2322547435760498
                    }
                },
                {
                    "type": "Feature",
                    "geometry": {
                        "type": "Point",
                        "coordinates": [
                            49.2453515,
                            55.7932943
                        ]
                    },
                    "properties": {
                        "createdDate": 1703515199041,
                        "bearing": 7.233344478940751E-10,
                        "velocity": 0.2922056317329407
                    }
                },
                {
                    "type": "Feature",
                    "geometry": {
                        "type": "Point",
                        "coordinates": [
                            49.2453584,
                            55.7933002
                        ]
                    },
                    "properties": {
                        "createdDate": 1703515200032,
                        "bearing": 4.680758558528453E-10,
                        "velocity": 0.251471608877182
                    }
                },
                {
                    "type": "Feature",
                    "geometry": {
                        "type": "Point",
                        "coordinates": [
                            49.2453605,
                            55.793301
                        ]
                    },
                    "properties": {
                        "createdDate": 1703515201040,
                        "bearing": 2.5317214991105175E-10,
                        "velocity": 0.16677451133728027
                    }
                },
                {
                    "type": "Feature",
                    "geometry": {
                        "type": "Point",
                        "coordinates": [
                            49.2453567,
                            55.7933006
                        ]
                    },
                    "properties": {
                        "createdDate": 1703515202048,
                        "bearing": 0.0,
                        "velocity": 0.09901370853185654
                    }
                },
                {
                    "type": "Feature",
                    "geometry": {
                        "type": "Point",
                        "coordinates": [
                            49.2453489,
                            55.7932988
                        ]
                    },
                    "properties": {
                        "createdDate": 1703515203039,
                        "bearing": 0.0,
                        "velocity": 0.04078194126486778
                    }
                },
                {
                    "type": "Feature",
                    "geometry": {
                        "type": "Point",
                        "coordinates": [
                            49.2453414,
                            55.7932968
                        ]
                    },
                    "properties": {
                        "createdDate": 1703515204047,
                        "bearing": 0.0,
                        "velocity": 0.002597046783193946
                    }
                },
                {
                    "type": "Feature",
                    "geometry": {
                        "type": "Point",
                        "coordinates": [
                            49.2453343,
                            55.7932955
                        ]
                    },
                    "properties": {
                        "createdDate": 1703515205040,
                        "bearing": 0.0,
                        "velocity": 0.014518204145133495
                    }
                },
                {
                    "type": "Feature",
                    "geometry": {
                        "type": "Point",
                        "coordinates": [
                            49.2453279,
                            55.793294
                        ]
                    },
                    "properties": {
                        "createdDate": 1703515206047,
                        "bearing": 0.0,
                        "velocity": 0.027302410453557968
                    }
                },
                {
                    "type": "Feature",
                    "geometry": {
                        "type": "Point",
                        "coordinates": [
                            49.2453189,
                            55.7932917
                        ]
                    },
                    "properties": {
                        "createdDate": 1703515207054,
                        "bearing": 0.0,
                        "velocity": 0.045010603964328766
                    }
                },
                {
                    "type": "Feature",
                    "geometry": {
                        "type": "Point",
                        "coordinates": [
                            49.2453062,
                            55.7932915
                        ]
                    },
                    "properties": {
                        "createdDate": 1703515208046,
                        "bearing": 0.0,
                        "velocity": 0.03129700571298599
                    }
                },
                {
                    "type": "Feature",
                    "geometry": {
                        "type": "Point",
                        "coordinates": [
                            49.2452913,
                            55.7932934
                        ]
                    },
                    "properties": {
                        "createdDate": 1703515209054,
                        "bearing": 0.0,
                        "velocity": 0.003029758110642433
                    }
                },
                {
                    "type": "Feature",
                    "geometry": {
                        "type": "Point",
                        "coordinates": [
                            49.2452778,
                            55.7932959
                        ]
                    },
                    "properties": {
                        "createdDate": 1703515210050,
                        "bearing": 0.0,
                        "velocity": 0.034034211188554764
                    }
                },
                {
                    "type": "Feature",
                    "geometry": {
                        "type": "Point",
                        "coordinates": [
                            49.2452648,
                            55.7932983
                        ]
                    },
                    "properties": {
                        "createdDate": 1703515211054,
                        "bearing": 0.0,
                        "velocity": 0.051329825073480606
                    }
                },
                {
                    "type": "Feature",
                    "geometry": {
                        "type": "Point",
                        "coordinates": [
                            49.245252,
                            55.793301
                        ]
                    },
                    "properties": {
                        "createdDate": 1703515212047,
                        "bearing": 0.0,
                        "velocity": 0.06749280542135239
                    }
                },
                {
                    "type": "Feature",
                    "geometry": {
                        "type": "Point",
                        "coordinates": [
                            49.2452384,
                            55.793304
                        ]
                    },
                    "properties": {
                        "createdDate": 1703515213055,
                        "bearing": 0.0,
                        "velocity": 0.08146775513887405
                    }
                },
                {
                    "type": "Feature",
                    "geometry": {
                        "type": "Point",
                        "coordinates": [
                            49.24605,
                            55.7938293
                        ]
                    },
                    "properties": {
                        "createdDate": 1703515230073,
                        "bearing": 0.0,
                        "velocity": 0.0
                    }
                },
                {
                    "type": "Feature",
                    "geometry": {
                        "type": "Point",
                        "coordinates": [
                            49.2461192,
                            55.7938534
                        ]
                    },
                    "properties": {
                        "createdDate": 1703515235096,
                        "bearing": 58.2625617980957,
                        "velocity": 0.7834421992301941
                    }
                },
                {
                    "type": "Feature",
                    "geometry": {
                        "type": "Point",
                        "coordinates": [
                            49.2460683,
                            55.793833
                        ]
                    },
                    "properties": {
                        "createdDate": 1703515240101,
                        "bearing": 231.60923767089844,
                        "velocity": 0.29727238416671753
                    }
                },
                {
                    "type": "Feature",
                    "geometry": {
                        "type": "Point",
                        "coordinates": [
                            49.246069,
                            55.7938371
                        ]
                    },
                    "properties": {
                        "createdDate": 1703515245109,
                        "bearing": 251.25416564941406,
                        "velocity": 0.10666049271821976
                    }
                },
                {
                    "type": "Feature",
                    "geometry": {
                        "type": "Point",
                        "coordinates": [
                            49.246059,
                            55.7938333
                        ]
                    },
                    "properties": {
                        "createdDate": 1703515250117,
                        "bearing": 240.31846618652344,
                        "velocity": 0.1322914958000183
                    }
                },
                {
                    "type": "Feature",
                    "geometry": {
                        "type": "Point",
                        "coordinates": [
                            49.2460514,
                            55.7938313
                        ]
                    },
                    "properties": {
                        "createdDate": 1703515255119,
                        "bearing": 243.1188201904297,
                        "velocity": 0.1141061931848526
                    }
                },
                {
                    "type": "Feature",
                    "geometry": {
                        "type": "Point",
                        "coordinates": [
                            49.2460588,
                            55.7938239
                        ]
                    },
                    "properties": {
                        "createdDate": 1703515260129,
                        "bearing": 172.3095245361328,
                        "velocity": 0.12342947721481323
                    }
                },
                {
                    "type": "Feature",
                    "geometry": {
                        "type": "Point",
                        "coordinates": [
                            49.2460541,
                            55.7938256
                        ]
                    },
                    "properties": {
                        "createdDate": 1703515265138,
                        "bearing": 0.0,
                        "velocity": 0.03743002563714981
                    }
                },
                {
                    "type": "Feature",
                    "geometry": {
                        "type": "Point",
                        "coordinates": [
                            49.2460552,
                            55.793826
                        ]
                    },
                    "properties": {
                        "createdDate": 1703515270156,
                        "bearing": 0.0,
                        "velocity": 0.0026855217292904854
                    }
                },
                {
                    "type": "Feature",
                    "geometry": {
                        "type": "Point",
                        "coordinates": [
                            49.2460525,
                            55.7938295
                        ]
                    },
                    "properties": {
                        "createdDate": 1703515275164,
                        "bearing": 0.0,
                        "velocity": 0.05309230089187622
                    }
                },
                {
                    "type": "Feature",
                    "geometry": {
                        "type": "Point",
                        "coordinates": [
                            49.2460541,
                            55.7938297
                        ]
                    },
                    "properties": {
                        "createdDate": 1703515280170,
                        "bearing": 0.0,
                        "velocity": 0.02058439329266548
                    }
                },
                {
                    "type": "Feature",
                    "geometry": {
                        "type": "Point",
                        "coordinates": [
                            49.2460395,
                            55.7938233
                        ]
                    },
                    "properties": {
                        "createdDate": 1703515285177,
                        "bearing": 234.13816833496094,
                        "velocity": 0.1365693211555481
                    }
                },
                {
                    "type": "Feature",
                    "geometry": {
                        "type": "Point",
                        "coordinates": [
                            49.2460536,
                            55.7938271
                        ]
                    },
                    "properties": {
                        "createdDate": 1703515290183,
                        "bearing": 0.0,
                        "velocity": 0.06972026079893112
                    }
                },
                {
                    "type": "Feature",
                    "geometry": {
                        "type": "Point",
                        "coordinates": [
                            49.246062,
                            55.7938245
                        ]
                    },
                    "properties": {
                        "createdDate": 1703515295191,
                        "bearing": 0.0,
                        "velocity": 0.09447275102138519
                    }
                },
                {
                    "type": "Feature",
                    "geometry": {
                        "type": "Point",
                        "coordinates": [
                            49.2460606,
                            55.793832
                        ]
                    },
                    "properties": {
                        "createdDate": 1703515300197,
                        "bearing": 0.0,
                        "velocity": 0.09565424174070358
                    }
                },
                {
                    "type": "Feature",
                    "geometry": {
                        "type": "Point",
                        "coordinates": [
                            49.2460613,
                            55.7938272
                        ]
                    },
                    "properties": {
                        "createdDate": 1703515306212,
                        "bearing": 0.0,
                        "velocity": 0.020210567861795425
                    }
                },
                {
                    "type": "Feature",
                    "geometry": {
                        "type": "Point",
                        "coordinates": [
                            49.2460581,
                            55.7938276
                        ]
                    },
                    "properties": {
                        "createdDate": 1703515311218,
                        "bearing": 0.0,
                        "velocity": 0.0188443660736084
                    }
                },
                {
                    "type": "Feature",
                    "geometry": {
                        "type": "Point",
                        "coordinates": [
                            49.2460527,
                            55.793827
                        ]
                    },
                    "properties": {
                        "createdDate": 1703515315217,
                        "bearing": 0.0,
                        "velocity": 0.04975000023841858
                    }
                },
                {
                    "type": "Feature",
                    "geometry": {
                        "type": "Point",
                        "coordinates": [
                            49.2460399,
                            55.7938253
                        ]
                    },
                    "properties": {
                        "createdDate": 1703515320223,
                        "bearing": 257.2688293457031,
                        "velocity": 0.1214752346277237
                    }
                },
                {
                    "type": "Feature",
                    "geometry": {
                        "type": "Point",
                        "coordinates": [
                            49.2460578,
                            55.7938248
                        ]
                    },
                    "properties": {
                        "createdDate": 1703515325229,
                        "bearing": 0.0,
                        "velocity": 0.06889466196298599
                    }
                },
                {
                    "type": "Feature",
                    "geometry": {
                        "type": "Point",
                        "coordinates": [
                            49.2460674,
                            55.7938303
                        ]
                    },
                    "properties": {
                        "createdDate": 1703515330253,
                        "bearing": 56.85346984863281,
                        "velocity": 0.116324283182621
                    }
                },
                {
                    "type": "Feature",
                    "geometry": {
                        "type": "Point",
                        "coordinates": [
                            49.2460623,
                            55.7938319
                        ]
                    },
                    "properties": {
                        "createdDate": 1703515335259,
                        "bearing": 0.0,
                        "velocity": 0.04605711251497269
                    }
                },
                {
                    "type": "Feature",
                    "geometry": {
                        "type": "Point",
                        "coordinates": [
                            49.2460566,
                            55.7938278
                        ]
                    },
                    "properties": {
                        "createdDate": 1703515340266,
                        "bearing": 0.0,
                        "velocity": 0.06073358282446861
                    }
                },
                {
                    "type": "Feature",
                    "geometry": {
                        "type": "Point",
                        "coordinates": [
                            49.2460608,
                            55.7938279
                        ]
                    },
                    "properties": {
                        "createdDate": 1703515345258,
                        "bearing": 0.0,
                        "velocity": 0.021015342324972153
                    }
                },
                {
                    "type": "Feature",
                    "geometry": {
                        "type": "Point",
                        "coordinates": [
                            49.2460752,
                            55.7938249
                        ]
                    },
                    "properties": {
                        "createdDate": 1703515350281,
                        "bearing": 111.8990478515625,
                        "velocity": 0.12555499374866486
                    }
                },
                {
                    "type": "Feature",
                    "geometry": {
                        "type": "Point",
                        "coordinates": [
                            49.2460618,
                            55.7938325
                        ]
                    },
                    "properties": {
                        "createdDate": 1703515355286,
                        "bearing": 325.9159851074219,
                        "velocity": 0.10481143742799759
                    }
                },
                {
                    "type": "Feature",
                    "geometry": {
                        "type": "Point",
                        "coordinates": [
                            49.2460542,
                            55.7938275
                        ]
                    },
                    "properties": {
                        "createdDate": 1703515360293,
                        "bearing": 0.0,
                        "velocity": 0.08928487449884415
                    }
                },
                {
                    "type": "Feature",
                    "geometry": {
                        "type": "Point",
                        "coordinates": [
                            49.2460558,
                            55.7938292
                        ]
                    },
                    "properties": {
                        "createdDate": 1703515365300,
                        "bearing": 0.0,
                        "velocity": 0.021207455545663834
                    }
                },
                {
                    "type": "Feature",
                    "geometry": {
                        "type": "Point",
                        "coordinates": [
                            49.2460556,
                            55.7938309
                        ]
                    },
                    "properties": {
                        "createdDate": 1703515370313,
                        "bearing": 0.0,
                        "velocity": 0.02818462811410427
                    }
                },
                {
                    "type": "Feature",
                    "geometry": {
                        "type": "Point",
                        "coordinates": [
                            49.2460593,
                            55.7938243
                        ]
                    },
                    "properties": {
                        "createdDate": 1703515376321,
                        "bearing": 0.0,
                        "velocity": 0.08391231298446655
                    }
                },
                {
                    "type": "Feature",
                    "geometry": {
                        "type": "Point",
                        "coordinates": [
                            49.2460701,
                            55.7938303
                        ]
                    },
                    "properties": {
                        "createdDate": 1703515380318,
                        "bearing": 61.867218017578125,
                        "velocity": 0.10792110115289688
                    }
                },
                {
                    "type": "Feature",
                    "geometry": {
                        "type": "Point",
                        "coordinates": [
                            49.2460702,
                            55.7938309
                        ]
                    },
                    "properties": {
                        "createdDate": 1703515385342,
                        "bearing": 0.0,
                        "velocity": 0.04433499276638031
                    }
                },
                {
                    "type": "Feature",
                    "geometry": {
                        "type": "Point",
                        "coordinates": [
                            49.2460662,
                            55.7938279
                        ]
                    },
                    "properties": {
                        "createdDate": 1703515390350,
                        "bearing": 0.0,
                        "velocity": 0.03683735057711601
                    }
                },
                {
                    "type": "Feature",
                    "geometry": {
                        "type": "Point",
                        "coordinates": [
                            49.2460662,
                            55.7938278
                        ]
                    },
                    "properties": {
                        "createdDate": 1703515395356,
                        "bearing": 0.0,
                        "velocity": 0.015495567582547665
                    }
                },
                {
                    "type": "Feature",
                    "geometry": {
                        "type": "Point",
                        "coordinates": [
                            49.2460782,
                            55.7938288
                        ]
                    },
                    "properties": {
                        "createdDate": 1703515400362,
                        "bearing": 0.0,
                        "velocity": 0.08932691812515259
                    }
                },
                {
                    "type": "Feature",
                    "geometry": {
                        "type": "Point",
                        "coordinates": [
                            49.2460686,
                            55.7938208
                        ]
                    },
                    "properties": {
                        "createdDate": 1703515405370,
                        "bearing": 200.716796875,
                        "velocity": 0.11668764054775238
                    }
                },
                {
                    "type": "Feature",
                    "geometry": {
                        "type": "Point",
                        "coordinates": [
                            49.2460586,
                            55.7938309
                        ]
                    },
                    "properties": {
                        "createdDate": 1703515411384,
                        "bearing": 310.1794128417969,
                        "velocity": 0.11222611367702484
                    }
                },
                {
                    "type": "Feature",
                    "geometry": {
                        "type": "Point",
                        "coordinates": [
                            49.2460597,
                            55.7938306
                        ]
                    },
                    "properties": {
                        "createdDate": 1703515415382,
                        "bearing": 0.0,
                        "velocity": 0.03489425405859947
                    }
                },
                {
                    "type": "Feature",
                    "geometry": {
                        "type": "Point",
                        "coordinates": [
                            49.2460619,
                            55.7938343
                        ]
                    },
                    "properties": {
                        "createdDate": 1703515421397,
                        "bearing": 0.0,
                        "velocity": 0.06104182079434395
                    }
                },
                {
                    "type": "Feature",
                    "geometry": {
                        "type": "Point",
                        "coordinates": [
                            49.2460723,
                            55.7938287
                        ]
                    },
                    "properties": {
                        "createdDate": 1703515425411,
                        "bearing": 0.0,
                        "velocity": 0.09756610542535782
                    }
                },
                {
                    "type": "Feature",
                    "geometry": {
                        "type": "Point",
                        "coordinates": [
                            49.2460691,
                            55.7938294
                        ]
                    },
                    "properties": {
                        "createdDate": 1703515430406,
                        "bearing": 0.0,
                        "velocity": 0.013536103069782257
                    }
                },
                {
                    "type": "Feature",
                    "geometry": {
                        "type": "Point",
                        "coordinates": [
                            49.2460688,
                            55.7938276
                        ]
                    },
                    "properties": {
                        "createdDate": 1703515436417,
                        "bearing": 0.0,
                        "velocity": 0.028756294399499893
                    }
                },
                {
                    "type": "Feature",
                    "geometry": {
                        "type": "Point",
                        "coordinates": [
                            49.2460804,
                            55.7938291
                        ]
                    },
                    "properties": {
                        "createdDate": 1703515441424,
                        "bearing": 0.0,
                        "velocity": 0.08921894431114197
                    }
                },
                {
                    "type": "Feature",
                    "geometry": {
                        "type": "Point",
                        "coordinates": [
                            49.2460665,
                            55.7938364
                        ]
                    },
                    "properties": {
                        "createdDate": 1703515446433,
                        "bearing": 324.220703125,
                        "velocity": 0.1320340931415558
                    }
                },
                {
                    "type": "Feature",
                    "geometry": {
                        "type": "Point",
                        "coordinates": [
                            49.2460719,
                            55.7938326
                        ]
                    },
                    "properties": {
                        "createdDate": 1703515451439,
                        "bearing": 0.0,
                        "velocity": 0.0034610603470355272
                    }
                },
                {
                    "type": "Feature",
                    "geometry": {
                        "type": "Point",
                        "coordinates": [
                            49.2460706,
                            55.7938332
                        ]
                    },
                    "properties": {
                        "createdDate": 1703515456446,
                        "bearing": 0.0,
                        "velocity": 0.009439344517886639
                    }
                },
                {
                    "type": "Feature",
                    "geometry": {
                        "type": "Point",
                        "coordinates": [
                            49.2460802,
                            55.7938301
                        ]
                    },
                    "properties": {
                        "createdDate": 1703515461453,
                        "bearing": 0.0,
                        "velocity": 0.08537568151950836
                    }
                },
                {
                    "type": "Feature",
                    "geometry": {
                        "type": "Point",
                        "coordinates": [
                            49.2460767,
                            55.7938349
                        ]
                    },
                    "properties": {
                        "createdDate": 1703515466473,
                        "bearing": 0.0,
                        "velocity": 0.05265991389751434
                    }
                },
                {
                    "type": "Feature",
                    "geometry": {
                        "type": "Point",
                        "coordinates": [
                            49.2460828,
                            55.793835
                        ]
                    },
                    "properties": {
                        "createdDate": 1703515471479,
                        "bearing": 0.0,
                        "velocity": 0.05207138881087303
                    }
                },
                {
                    "type": "Feature",
                    "geometry": {
                        "type": "Point",
                        "coordinates": [
                            49.2460716,
                            55.7938336
                        ]
                    },
                    "properties": {
                        "createdDate": 1703515476487,
                        "bearing": 0.0,
                        "velocity": 0.06846852600574493
                    }
                },
                {
                    "type": "Feature",
                    "geometry": {
                        "type": "Point",
                        "coordinates": [
                            49.2460669,
                            55.7938283
                        ]
                    },
                    "properties": {
                        "createdDate": 1703515481493,
                        "bearing": 0.0,
                        "velocity": 0.09912528842687607
                    }
                },
                {
                    "type": "Feature",
                    "geometry": {
                        "type": "Point",
                        "coordinates": [
                            49.2460739,
                            55.7938265
                        ]
                    },
                    "properties": {
                        "createdDate": 1703515486500,
                        "bearing": 0.0,
                        "velocity": 0.0623747818171978
                    }
                },
                {
                    "type": "Feature",
                    "geometry": {
                        "type": "Point",
                        "coordinates": [
                            49.2460826,
                            55.7938282
                        ]
                    },
                    "properties": {
                        "createdDate": 1703515491511,
                        "bearing": 0.0,
                        "velocity": 0.07846198976039886
                    }
                }
            ]
        }
    },
    {
        "uuid": "49883550-9c1f-4e1e-875a-5c1152e75c90",
        "videoId": "1703514908649",
        "filePath": "/vs_data/citysoft-dev/video/2023/12/25/5b8b176f019ea18e/1703514900141/1703514908649/1703514908649.mp4",
        "sessionId": "1703514900141",
        "deviceId": "5b8b176f019ea18e",
        "descriptions": {
            "onDevice": "VladTest",
            "onServer": "VladTest"
        },
        "numbers": {
            "onDevice": "VladTest",
            "onServer": "VladTest"
        },
        "processingStatus": "NEW",
        "operatorId": null,
        "creationDate": "2023-12-25T14:35:08.649Z",
        "processedDate": null,
        "homographyId": null,
        "mergedPartsCount": 203,
        "fps": 0,
        "size": 37880675,
        "resolution": null,
        "errorReason": null,
        "errorModule": null,
        "errorMessage": null,
        "geoJSON": {
            "type": "FeatureCollection",
            "features": [
                {
                    "type": "Feature",
                    "geometry": {
                        "type": "Point",
                        "coordinates": [
                            49.2460347,
                            55.7938156
                        ]
                    },
                    "properties": {
                        "createdDate": 1703514908649,
                        "bearing": 234.2604522705078,
                        "velocity": 0.17380809783935547
                    }
                },
                {
                    "type": "Feature",
                    "geometry": {
                        "type": "Point",
                        "coordinates": [
                            49.246023,
                            55.7938158
                        ]
                    },
                    "properties": {
                        "createdDate": 1703514914571,
                        "bearing": 254.82778930664062,
                        "velocity": 0.14874345064163208
                    }
                },
                {
                    "type": "Feature",
                    "geometry": {
                        "type": "Point",
                        "coordinates": [
                            49.2460582,
                            55.7938277
                        ]
                    },
                    "properties": {
                        "createdDate": 1703514919583,
                        "bearing": 54.20270538330078,
                        "velocity": 0.22366513311862946
                    }
                },
                {
                    "type": "Feature",
                    "geometry": {
                        "type": "Point",
                        "coordinates": [
                            49.2460585,
                            55.7938299
                        ]
                    },
                    "properties": {
                        "createdDate": 1703514924603,
                        "bearing": 41.55644607543945,
                        "velocity": 0.10399293154478073
                    }
                },
                {
                    "type": "Feature",
                    "geometry": {
                        "type": "Point",
                        "coordinates": [
                            49.246071,
                            55.7938285
                        ]
                    },
                    "properties": {
                        "createdDate": 1703514929607,
                        "bearing": 85.43085479736328,
                        "velocity": 0.12330109626054764
                    }
                },
                {
                    "type": "Feature",
                    "geometry": {
                        "type": "Point",
                        "coordinates": [
                            49.2460638,
                            55.7938302
                        ]
                    },
                    "properties": {
                        "createdDate": 1703514934615,
                        "bearing": 0.0,
                        "velocity": 0.029562976211309433
                    }
                },
                {
                    "type": "Feature",
                    "geometry": {
                        "type": "Point",
                        "coordinates": [
                            49.2460652,
                            55.7938305
                        ]
                    },
                    "properties": {
                        "createdDate": 1703514939623,
                        "bearing": 0.0,
                        "velocity": 0.016282273456454277
                    }
                },
                {
                    "type": "Feature",
                    "geometry": {
                        "type": "Point",
                        "coordinates": [
                            49.2460608,
                            55.7938288
                        ]
                    },
                    "properties": {
                        "createdDate": 1703514944629,
                        "bearing": 0.0,
                        "velocity": 0.036715924739837646
                    }
                },
                {
                    "type": "Feature",
                    "geometry": {
                        "type": "Point",
                        "coordinates": [
                            49.2460454,
                            55.7938232
                        ]
                    },
                    "properties": {
                        "createdDate": 1703514949637,
                        "bearing": 237.13331604003906,
                        "velocity": 0.15513451397418976
                    }
                },
                {
                    "type": "Feature",
                    "geometry": {
                        "type": "Point",
                        "coordinates": [
                            49.2460574,
                            55.7938311
                        ]
                    },
                    "properties": {
                        "createdDate": 1703514954643,
                        "bearing": 0.0,
                        "velocity": 0.059309110045433044
                    }
                },
                {
                    "type": "Feature",
                    "geometry": {
                        "type": "Point",
                        "coordinates": [
                            49.2460585,
                            55.7938323
                        ]
                    },
                    "properties": {
                        "createdDate": 1703514959649,
                        "bearing": 0.0,
                        "velocity": 0.04161496087908745
                    }
                },
                {
                    "type": "Feature",
                    "geometry": {
                        "type": "Point",
                        "coordinates": [
                            49.2460608,
                            55.7938315
                        ]
                    },
                    "properties": {
                        "createdDate": 1703514964656,
                        "bearing": 0.0,
                        "velocity": 0.024053357541561127
                    }
                },
                {
                    "type": "Feature",
                    "geometry": {
                        "type": "Point",
                        "coordinates": [
                            49.2460529,
                            55.7938287
                        ]
                    },
                    "properties": {
                        "createdDate": 1703514969679,
                        "bearing": 0.0,
                        "velocity": 0.06493782252073288
                    }
                },
                {
                    "type": "Feature",
                    "geometry": {
                        "type": "Point",
                        "coordinates": [
                            49.2460532,
                            55.7938313
                        ]
                    },
                    "properties": {
                        "createdDate": 1703514974669,
                        "bearing": 0.0,
                        "velocity": 0.027126988396048546
                    }
                },
                {
                    "type": "Feature",
                    "geometry": {
                        "type": "Point",
                        "coordinates": [
                            49.2460496,
                            55.7938277
                        ]
                    },
                    "properties": {
                        "createdDate": 1703514979692,
                        "bearing": 0.0,
                        "velocity": 0.055123575031757355
                    }
                },
                {
                    "type": "Feature",
                    "geometry": {
                        "type": "Point",
                        "coordinates": [
                            49.2460571,
                            55.7938283
                        ]
                    },
                    "properties": {
                        "createdDate": 1703514984698,
                        "bearing": 0.0,
                        "velocity": 0.04565718024969101
                    }
                },
                {
                    "type": "Feature",
                    "geometry": {
                        "type": "Point",
                        "coordinates": [
                            49.2460431,
                            55.7938223
                        ]
                    },
                    "properties": {
                        "createdDate": 1703514989703,
                        "bearing": 227.35780334472656,
                        "velocity": 0.1251966506242752
                    }
                },
                {
                    "type": "Feature",
                    "geometry": {
                        "type": "Point",
                        "coordinates": [
                            49.2460513,
                            55.7938268
                        ]
                    },
                    "properties": {
                        "createdDate": 1703514994711,
                        "bearing": 0.0,
                        "velocity": 0.02134549804031849
                    }
                },
                {
                    "type": "Feature",
                    "geometry": {
                        "type": "Point",
                        "coordinates": [
                            49.2460497,
                            55.7938265
                        ]
                    },
                    "properties": {
                        "createdDate": 1703514999718,
                        "bearing": 0.0,
                        "velocity": 0.0072407531552016735
                    }
                },
                {
                    "type": "Feature",
                    "geometry": {
                        "type": "Point",
                        "coordinates": [
                            49.24604,
                            55.7938232
                        ]
                    },
                    "properties": {
                        "createdDate": 1703515004726,
                        "bearing": 0.0,
                        "velocity": 0.09101081639528275
                    }
                },
                {
                    "type": "Feature",
                    "geometry": {
                        "type": "Point",
                        "coordinates": [
                            49.2460343,
                            55.7938181
                        ]
                    },
                    "properties": {
                        "createdDate": 1703515009733,
                        "bearing": 222.2281951904297,
                        "velocity": 0.1109100952744484
                    }
                },
                {
                    "type": "Feature",
                    "geometry": {
                        "type": "Point",
                        "coordinates": [
                            49.2460518,
                            55.7938272
                        ]
                    },
                    "properties": {
                        "createdDate": 1703515014739,
                        "bearing": 49.52742004394531,
                        "velocity": 0.10380832850933075
                    }
                },
                {
                    "type": "Feature",
                    "geometry": {
                        "type": "Point",
                        "coordinates": [
                            49.246056,
                            55.7938285
                        ]
                    },
                    "properties": {
                        "createdDate": 1703515018754,
                        "bearing": 0.0,
                        "velocity": 0.07661604136228561
                    }
                },
                {
                    "type": "Feature",
                    "geometry": {
                        "type": "Point",
                        "coordinates": [
                            49.2460592,
                            55.7938269
                        ]
                    },
                    "properties": {
                        "createdDate": 1703515024752,
                        "bearing": 0.0,
                        "velocity": 0.04816200211644173
                    }
                },
                {
                    "type": "Feature",
                    "geometry": {
                        "type": "Point",
                        "coordinates": [
                            49.2460609,
                            55.7938311
                        ]
                    },
                    "properties": {
                        "createdDate": 1703515029761,
                        "bearing": 0.0,
                        "velocity": 0.06357062608003616
                    }
                },
                {
                    "type": "Feature",
                    "geometry": {
                        "type": "Point",
                        "coordinates": [
                            49.2460605,
                            55.7938293
                        ]
                    },
                    "properties": {
                        "createdDate": 1703515034781,
                        "bearing": 0.0,
                        "velocity": 0.00903957337141037
                    }
                },
                {
                    "type": "Feature",
                    "geometry": {
                        "type": "Point",
                        "coordinates": [
                            49.2460485,
                            55.7938261
                        ]
                    },
                    "properties": {
                        "createdDate": 1703515039787,
                        "bearing": 242.99383544921875,
                        "velocity": 0.10123009979724884
                    }
                },
                {
                    "type": "Feature",
                    "geometry": {
                        "type": "Point",
                        "coordinates": [
                            49.2460506,
                            55.793827
                        ]
                    },
                    "properties": {
                        "createdDate": 1703515044795,
                        "bearing": 0.0,
                        "velocity": 0.01929955743253231
                    }
                },
                {
                    "type": "Feature",
                    "geometry": {
                        "type": "Point",
                        "coordinates": [
                            49.2460509,
                            55.7938261
                        ]
                    },
                    "properties": {
                        "createdDate": 1703515049782,
                        "bearing": 0.0,
                        "velocity": 0.01493817288428545
                    }
                },
                {
                    "type": "Feature",
                    "geometry": {
                        "type": "Point",
                        "coordinates": [
                            49.24605,
                            55.793828
                        ]
                    },
                    "properties": {
                        "createdDate": 1703515054808,
                        "bearing": 0.0,
                        "velocity": 0.02267010137438774
                    }
                },
                {
                    "type": "Feature",
                    "geometry": {
                        "type": "Point",
                        "coordinates": [
                            49.2460444,
                            55.793825
                        ]
                    },
                    "properties": {
                        "createdDate": 1703515059814,
                        "bearing": 0.0,
                        "velocity": 0.05692519620060921
                    }
                },
                {
                    "type": "Feature",
                    "geometry": {
                        "type": "Point",
                        "coordinates": [
                            49.2460396,
                            55.793822
                        ]
                    },
                    "properties": {
                        "createdDate": 1703515064821,
                        "bearing": 0.0,
                        "velocity": 0.0775306299328804
                    }
                },
                {
                    "type": "Feature",
                    "geometry": {
                        "type": "Point",
                        "coordinates": [
                            49.2459843,
                            55.7938131
                        ]
                    },
                    "properties": {
                        "createdDate": 1703515066821,
                        "bearing": 180.0006103515625,
                        "velocity": 0.1122584342956543
                    }
                },
                {
                    "type": "Feature",
                    "geometry": {
                        "type": "Point",
                        "coordinates": [
                            49.2459721,
                            55.7938129
                        ]
                    },
                    "properties": {
                        "createdDate": 1703515067829,
                        "bearing": 0.0,
                        "velocity": 0.06781605631113052
                    }
                },
                {
                    "type": "Feature",
                    "geometry": {
                        "type": "Point",
                        "coordinates": [
                            49.2459637,
                            55.7938137
                        ]
                    },
                    "properties": {
                        "createdDate": 1703515068819,
                        "bearing": 0.0,
                        "velocity": 0.029933586716651917
                    }
                },
                {
                    "type": "Feature",
                    "geometry": {
                        "type": "Point",
                        "coordinates": [
                            49.2459636,
                            55.7938135
                        ]
                    },
                    "properties": {
                        "createdDate": 1703515069829,
                        "bearing": 0.0,
                        "velocity": 0.029638921841979027
                    }
                },
                {
                    "type": "Feature",
                    "geometry": {
                        "type": "Point",
                        "coordinates": [
                            49.2459479,
                            55.7938162
                        ]
                    },
                    "properties": {
                        "createdDate": 1703515070835,
                        "bearing": 0.0,
                        "velocity": 0.025190945714712143
                    }
                },
                {
                    "type": "Feature",
                    "geometry": {
                        "type": "Point",
                        "coordinates": [
                            49.2459345,
                            55.7938173
                        ]
                    },
                    "properties": {
                        "createdDate": 1703515071829,
                        "bearing": 0.0,
                        "velocity": 0.031749263405799866
                    }
                },
                {
                    "type": "Feature",
                    "geometry": {
                        "type": "Point",
                        "coordinates": [
                            49.2459206,
                            55.7938186
                        ]
                    },
                    "properties": {
                        "createdDate": 1703515072838,
                        "bearing": 0.0,
                        "velocity": 0.039423633366823196
                    }
                },
                {
                    "type": "Feature",
                    "geometry": {
                        "type": "Point",
                        "coordinates": [
                            49.2459054,
                            55.7938194
                        ]
                    },
                    "properties": {
                        "createdDate": 1703515073842,
                        "bearing": 0.0,
                        "velocity": 0.03509906306862831
                    }
                },
                {
                    "type": "Feature",
                    "geometry": {
                        "type": "Point",
                        "coordinates": [
                            49.2458917,
                            55.7938183
                        ]
                    },
                    "properties": {
                        "createdDate": 1703515074837,
                        "bearing": 0.0,
                        "velocity": 0.00752260023728013
                    }
                },
                {
                    "type": "Feature",
                    "geometry": {
                        "type": "Point",
                        "coordinates": [
                            49.2458795,
                            55.793814
                        ]
                    },
                    "properties": {
                        "createdDate": 1703515075841,
                        "bearing": 0.0,
                        "velocity": 0.05470842495560646
                    }
                },
                {
                    "type": "Feature",
                    "geometry": {
                        "type": "Point",
                        "coordinates": [
                            49.2457952,
                            55.7938042
                        ]
                    },
                    "properties": {
                        "createdDate": 1703515076836,
                        "bearing": 180.0,
                        "velocity": 0.16930486261844635
                    }
                },
                {
                    "type": "Feature",
                    "geometry": {
                        "type": "Point",
                        "coordinates": [
                            49.2457297,
                            55.7937962
                        ]
                    },
                    "properties": {
                        "createdDate": 1703515077843,
                        "bearing": 180.0,
                        "velocity": 0.2175493687391281
                    }
                },
                {
                    "type": "Feature",
                    "geometry": {
                        "type": "Point",
                        "coordinates": [
                            49.2456755,
                            55.7937899
                        ]
                    },
                    "properties": {
                        "createdDate": 1703515078849,
                        "bearing": 180.0,
                        "velocity": 0.2236909419298172
                    }
                },
                {
                    "type": "Feature",
                    "geometry": {
                        "type": "Point",
                        "coordinates": [
                            49.2456293,
                            55.7937842
                        ]
                    },
                    "properties": {
                        "createdDate": 1703515079838,
                        "bearing": 180.0,
                        "velocity": 0.22408410906791687
                    }
                },
                {
                    "type": "Feature",
                    "geometry": {
                        "type": "Point",
                        "coordinates": [
                            49.2455889,
                            55.7937789
                        ]
                    },
                    "properties": {
                        "createdDate": 1703515080848,
                        "bearing": 180.0,
                        "velocity": 0.2196715921163559
                    }
                },
                {
                    "type": "Feature",
                    "geometry": {
                        "type": "Point",
                        "coordinates": [
                            49.2455531,
                            55.7937737
                        ]
                    },
                    "properties": {
                        "createdDate": 1703515081846,
                        "bearing": 180.0,
                        "velocity": 0.21385756134986877
                    }
                },
                {
                    "type": "Feature",
                    "geometry": {
                        "type": "Point",
                        "coordinates": [
                            49.2455206,
                            55.7937694
                        ]
                    },
                    "properties": {
                        "createdDate": 1703515082849,
                        "bearing": 180.0,
                        "velocity": 0.19846156239509583
                    }
                },
                {
                    "type": "Feature",
                    "geometry": {
                        "type": "Point",
                        "coordinates": [
                            49.2454893,
                            55.7937648
                        ]
                    },
                    "properties": {
                        "createdDate": 1703515083856,
                        "bearing": 180.0,
                        "velocity": 0.19446004927158356
                    }
                },
                {
                    "type": "Feature",
                    "geometry": {
                        "type": "Point",
                        "coordinates": [
                            49.2454625,
                            55.7937567
                        ]
                    },
                    "properties": {
                        "createdDate": 1703515084848,
                        "bearing": 180.0,
                        "velocity": 0.23861320316791534
                    }
                },
                {
                    "type": "Feature",
                    "geometry": {
                        "type": "Point",
                        "coordinates": [
                            49.24544,
                            55.7937469
                        ]
                    },
                    "properties": {
                        "createdDate": 1703515085855,
                        "bearing": 180.0,
                        "velocity": 0.28916114568710327
                    }
                },
                {
                    "type": "Feature",
                    "geometry": {
                        "type": "Point",
                        "coordinates": [
                            49.2454398,
                            55.7937441
                        ]
                    },
                    "properties": {
                        "createdDate": 1703515086862,
                        "bearing": 180.0,
                        "velocity": 0.2911711633205414
                    }
                },
                {
                    "type": "Feature",
                    "geometry": {
                        "type": "Point",
                        "coordinates": [
                            49.2454043,
                            55.793724
                        ]
                    },
                    "properties": {
                        "createdDate": 1703515087855,
                        "bearing": 180.00001525878906,
                        "velocity": 0.4638999104499817
                    }
                },
                {
                    "type": "Feature",
                    "geometry": {
                        "type": "Point",
                        "coordinates": [
                            49.2453742,
                            55.7937102
                        ]
                    },
                    "properties": {
                        "createdDate": 1703515088863,
                        "bearing": 180.0,
                        "velocity": 0.47364938259124756
                    }
                },
                {
                    "type": "Feature",
                    "geometry": {
                        "type": "Point",
                        "coordinates": [
                            49.2453445,
                            55.7936979
                        ]
                    },
                    "properties": {
                        "createdDate": 1703515089859,
                        "bearing": 180.0,
                        "velocity": 0.46206924319267273
                    }
                },
                {
                    "type": "Feature",
                    "geometry": {
                        "type": "Point",
                        "coordinates": [
                            49.2453148,
                            55.7936867
                        ]
                    },
                    "properties": {
                        "createdDate": 1703515090863,
                        "bearing": 180.0,
                        "velocity": 0.439822256565094
                    }
                },
                {
                    "type": "Feature",
                    "geometry": {
                        "type": "Point",
                        "coordinates": [
                            49.2452875,
                            55.7936783
                        ]
                    },
                    "properties": {
                        "createdDate": 1703515091869,
                        "bearing": 180.0,
                        "velocity": 0.39138826727867126
                    }
                },
                {
                    "type": "Feature",
                    "geometry": {
                        "type": "Point",
                        "coordinates": [
                            49.2452599,
                            55.7936695
                        ]
                    },
                    "properties": {
                        "createdDate": 1703515092863,
                        "bearing": 180.0,
                        "velocity": 0.35849839448928833
                    }
                },
                {
                    "type": "Feature",
                    "geometry": {
                        "type": "Point",
                        "coordinates": [
                            49.2452333,
                            55.793659
                        ]
                    },
                    "properties": {
                        "createdDate": 1703515093869,
                        "bearing": 180.0,
                        "velocity": 0.3593257665634155
                    }
                },
                {
                    "type": "Feature",
                    "geometry": {
                        "type": "Point",
                        "coordinates": [
                            49.2452076,
                            55.7936481
                        ]
                    },
                    "properties": {
                        "createdDate": 1703515094865,
                        "bearing": 180.0,
                        "velocity": 0.36363568902015686
                    }
                },
                {
                    "type": "Feature",
                    "geometry": {
                        "type": "Point",
                        "coordinates": [
                            49.2451875,
                            55.7936355
                        ]
                    },
                    "properties": {
                        "createdDate": 1703515095871,
                        "bearing": 180.0,
                        "velocity": 0.38726261258125305
                    }
                },
                {
                    "type": "Feature",
                    "geometry": {
                        "type": "Point",
                        "coordinates": [
                            49.2451767,
                            55.7936218
                        ]
                    },
                    "properties": {
                        "createdDate": 1703515096876,
                        "bearing": 180.0,
                        "velocity": 0.4276655316352844
                    }
                },
                {
                    "type": "Feature",
                    "geometry": {
                        "type": "Point",
                        "coordinates": [
                            49.2451767,
                            55.7936078
                        ]
                    },
                    "properties": {
                        "createdDate": 1703515097871,
                        "bearing": 180.0,
                        "velocity": 0.4601241946220398
                    }
                },
                {
                    "type": "Feature",
                    "geometry": {
                        "type": "Point",
                        "coordinates": [
                            49.245183,
                            55.7935937
                        ]
                    },
                    "properties": {
                        "createdDate": 1703515098876,
                        "bearing": 180.0,
                        "velocity": 0.4785259962081909
                    }
                },
                {
                    "type": "Feature",
                    "geometry": {
                        "type": "Point",
                        "coordinates": [
                            49.2451937,
                            55.7935805
                        ]
                    },
                    "properties": {
                        "createdDate": 1703515099884,
                        "bearing": 180.0,
                        "velocity": 0.4787828326225281
                    }
                },
                {
                    "type": "Feature",
                    "geometry": {
                        "type": "Point",
                        "coordinates": [
                            49.2452035,
                            55.7935681
                        ]
                    },
                    "properties": {
                        "createdDate": 1703515100880,
                        "bearing": 180.0,
                        "velocity": 0.46903884410858154
                    }
                },
                {
                    "type": "Feature",
                    "geometry": {
                        "type": "Point",
                        "coordinates": [
                            49.2452097,
                            55.7935553
                        ]
                    },
                    "properties": {
                        "createdDate": 1703515101883,
                        "bearing": 180.0,
                        "velocity": 0.46675413846969604
                    }
                },
                {
                    "type": "Feature",
                    "geometry": {
                        "type": "Point",
                        "coordinates": [
                            49.2452156,
                            55.7935428
                        ]
                    },
                    "properties": {
                        "createdDate": 1703515102878,
                        "bearing": 180.0,
                        "velocity": 0.45932406187057495
                    }
                },
                {
                    "type": "Feature",
                    "geometry": {
                        "type": "Point",
                        "coordinates": [
                            49.2452206,
                            55.7935296
                        ]
                    },
                    "properties": {
                        "createdDate": 1703515103881,
                        "bearing": 180.0,
                        "velocity": 0.4654710292816162
                    }
                },
                {
                    "type": "Feature",
                    "geometry": {
                        "type": "Point",
                        "coordinates": [
                            49.2452235,
                            55.7935169
                        ]
                    },
                    "properties": {
                        "createdDate": 1703515104890,
                        "bearing": 180.0,
                        "velocity": 0.46144744753837585
                    }
                },
                {
                    "type": "Feature",
                    "geometry": {
                        "type": "Point",
                        "coordinates": [
                            49.2452265,
                            55.7935041
                        ]
                    },
                    "properties": {
                        "createdDate": 1703515105885,
                        "bearing": 180.0,
                        "velocity": 0.46033596992492676
                    }
                },
                {
                    "type": "Feature",
                    "geometry": {
                        "type": "Point",
                        "coordinates": [
                            49.2452265,
                            55.7934999
                        ]
                    },
                    "properties": {
                        "createdDate": 1703515106892,
                        "bearing": 180.0,
                        "velocity": 0.4626205563545227
                    }
                },
                {
                    "type": "Feature",
                    "geometry": {
                        "type": "Point",
                        "coordinates": [
                            49.2452228,
                            55.7934765
                        ]
                    },
                    "properties": {
                        "createdDate": 1703515107897,
                        "bearing": 180.0,
                        "velocity": 0.6006645560264587
                    }
                },
                {
                    "type": "Feature",
                    "geometry": {
                        "type": "Point",
                        "coordinates": [
                            49.2452186,
                            55.7934583
                        ]
                    },
                    "properties": {
                        "createdDate": 1703515108891,
                        "bearing": 180.0,
                        "velocity": 0.6132141351699829
                    }
                },
                {
                    "type": "Feature",
                    "geometry": {
                        "type": "Point",
                        "coordinates": [
                            49.245218,
                            55.7934467
                        ]
                    },
                    "properties": {
                        "createdDate": 1703515109894,
                        "bearing": 180.0,
                        "velocity": 0.538519024848938
                    }
                }
            ]
        }
    },
    {
        "uuid": "d873e1a3-15cb-4112-97b2-4f5122d7ab00",
        "videoId": "1703514078325",
        "filePath": "/vs_data/citysoft-dev/video/2023/12/25/5b8b176f019ea18e/1703513788320/1703514078325/1703514078325.mp4",
        "sessionId": "1703513788320",
        "deviceId": "5b8b176f019ea18e",
        "descriptions": {
            "onDevice": "VladTest",
            "onServer": "VladTest"
        },
        "numbers": {
            "onDevice": "VladTest",
            "onServer": "VladTest"
        },
        "processingStatus": "NEW",
        "operatorId": null,
        "creationDate": "2023-12-25T14:21:18.325Z",
        "processedDate": null,
        "homographyId": null,
        "mergedPartsCount": 300,
        "fps": 0,
        "size": 43822269,
        "resolution": null,
        "errorReason": null,
        "errorModule": null,
        "errorMessage": null,
        "geoJSON": {
            "type": "FeatureCollection",
            "features": [
                {
                    "type": "Feature",
                    "geometry": {
                        "type": "Point",
                        "coordinates": [
                            49.2460556,
                            55.7938309
                        ]
                    },
                    "properties": {
                        "createdDate": 1703514078325,
                        "bearing": 0.0,
                        "velocity": 0.05683985352516174
                    }
                },
                {
                    "type": "Feature",
                    "geometry": {
                        "type": "Point",
                        "coordinates": [
                            49.2460768,
                            55.7938307
                        ]
                    },
                    "properties": {
                        "createdDate": 1703514083330,
                        "bearing": 87.38630676269531,
                        "velocity": 0.18186891078948975
                    }
                },
                {
                    "type": "Feature",
                    "geometry": {
                        "type": "Point",
                        "coordinates": [
                            49.2460653,
                            55.7938282
                        ]
                    },
                    "properties": {
                        "createdDate": 1703514088337,
                        "bearing": 0.0,
                        "velocity": 0.03513328358530998
                    }
                },
                {
                    "type": "Feature",
                    "geometry": {
                        "type": "Point",
                        "coordinates": [
                            49.2460559,
                            55.7938275
                        ]
                    },
                    "properties": {
                        "createdDate": 1703514093345,
                        "bearing": 0.0,
                        "velocity": 0.08159585297107697
                    }
                },
                {
                    "type": "Feature",
                    "geometry": {
                        "type": "Point",
                        "coordinates": [
                            49.2460615,
                            55.7938274
                        ]
                    },
                    "properties": {
                        "createdDate": 1703514098351,
                        "bearing": 0.0,
                        "velocity": 0.015487916767597198
                    }
                },
                {
                    "type": "Feature",
                    "geometry": {
                        "type": "Point",
                        "coordinates": [
                            49.2460374,
                            55.7938232
                        ]
                    },
                    "properties": {
                        "createdDate": 1703514103373,
                        "bearing": 251.49717712402344,
                        "velocity": 0.19326409697532654
                    }
                },
                {
                    "type": "Feature",
                    "geometry": {
                        "type": "Point",
                        "coordinates": [
                            49.2460465,
                            55.7938262
                        ]
                    },
                    "properties": {
                        "createdDate": 1703514108380,
                        "bearing": 0.0,
                        "velocity": 0.061212148517370224
                    }
                },
                {
                    "type": "Feature",
                    "geometry": {
                        "type": "Point",
                        "coordinates": [
                            49.2460305,
                            55.7938191
                        ]
                    },
                    "properties": {
                        "createdDate": 1703514113386,
                        "bearing": 235.6508331298828,
                        "velocity": 0.12795548141002655
                    }
                },
                {
                    "type": "Feature",
                    "geometry": {
                        "type": "Point",
                        "coordinates": [
                            49.2460519,
                            55.7938283
                        ]
                    },
                    "properties": {
                        "createdDate": 1703514118377,
                        "bearing": 51.2636833190918,
                        "velocity": 0.1266699880361557
                    }
                },
                {
                    "type": "Feature",
                    "geometry": {
                        "type": "Point",
                        "coordinates": [
                            49.2460533,
                            55.7938312
                        ]
                    },
                    "properties": {
                        "createdDate": 1703514123399,
                        "bearing": 0.0,
                        "velocity": 0.08504639565944672
                    }
                },
                {
                    "type": "Feature",
                    "geometry": {
                        "type": "Point",
                        "coordinates": [
                            49.2460524,
                            55.793831
                        ]
                    },
                    "properties": {
                        "createdDate": 1703514128406,
                        "bearing": 0.0,
                        "velocity": 0.024325454607605934
                    }
                },
                {
                    "type": "Feature",
                    "geometry": {
                        "type": "Point",
                        "coordinates": [
                            49.2460619,
                            55.7938358
                        ]
                    },
                    "properties": {
                        "createdDate": 1703514133414,
                        "bearing": 45.87345886230469,
                        "velocity": 0.10849805176258087
                    }
                },
                {
                    "type": "Feature",
                    "geometry": {
                        "type": "Point",
                        "coordinates": [
                            49.2460785,
                            55.7938421
                        ]
                    },
                    "properties": {
                        "createdDate": 1703514138419,
                        "bearing": 53.95903396606445,
                        "velocity": 0.1981985867023468
                    }
                },
                {
                    "type": "Feature",
                    "geometry": {
                        "type": "Point",
                        "coordinates": [
                            49.246058,
                            55.7938319
                        ]
                    },
                    "properties": {
                        "createdDate": 1703514143427,
                        "bearing": 225.78968811035156,
                        "velocity": 0.13880367577075958
                    }
                },
                {
                    "type": "Feature",
                    "geometry": {
                        "type": "Point",
                        "coordinates": [
                            49.2460511,
                            55.7938302
                        ]
                    },
                    "properties": {
                        "createdDate": 1703514148434,
                        "bearing": 236.3453369140625,
                        "velocity": 0.10997037589550018
                    }
                },
                {
                    "type": "Feature",
                    "geometry": {
                        "type": "Point",
                        "coordinates": [
                            49.2460357,
                            55.7938233
                        ]
                    },
                    "properties": {
                        "createdDate": 1703514153438,
                        "bearing": 232.43319702148438,
                        "velocity": 0.19443365931510925
                    }
                },
                {
                    "type": "Feature",
                    "geometry": {
                        "type": "Point",
                        "coordinates": [
                            49.2460504,
                            55.7938299
                        ]
                    },
                    "properties": {
                        "createdDate": 1703514158445,
                        "bearing": 0.0,
                        "velocity": 0.040474120527505875
                    }
                },
                {
                    "type": "Feature",
                    "geometry": {
                        "type": "Point",
                        "coordinates": [
                            49.2460537,
                            55.7938312
                        ]
                    },
                    "properties": {
                        "createdDate": 1703514163468,
                        "bearing": 0.0,
                        "velocity": 0.0463804192841053
                    }
                },
                {
                    "type": "Feature",
                    "geometry": {
                        "type": "Point",
                        "coordinates": [
                            49.2460564,
                            55.7938316
                        ]
                    },
                    "properties": {
                        "createdDate": 1703514168457,
                        "bearing": 0.0,
                        "velocity": 0.038401152938604355
                    }
                },
                {
                    "type": "Feature",
                    "geometry": {
                        "type": "Point",
                        "coordinates": [
                            49.2460425,
                            55.7938254
                        ]
                    },
                    "properties": {
                        "createdDate": 1703514173482,
                        "bearing": 229.73385620117188,
                        "velocity": 0.12310373038053513
                    }
                },
                {
                    "type": "Feature",
                    "geometry": {
                        "type": "Point",
                        "coordinates": [
                            49.2460603,
                            55.7938293
                        ]
                    },
                    "properties": {
                        "createdDate": 1703514178489,
                        "bearing": 0.0,
                        "velocity": 0.07833821326494217
                    }
                },
                {
                    "type": "Feature",
                    "geometry": {
                        "type": "Point",
                        "coordinates": [
                            49.2460584,
                            55.7938324
                        ]
                    },
                    "properties": {
                        "createdDate": 1703514183495,
                        "bearing": 0.0,
                        "velocity": 0.04872727021574974
                    }
                },
                {
                    "type": "Feature",
                    "geometry": {
                        "type": "Point",
                        "coordinates": [
                            49.2460429,
                            55.7938251
                        ]
                    },
                    "properties": {
                        "createdDate": 1703514188502,
                        "bearing": 234.19970703125,
                        "velocity": 0.14365249872207642
                    }
                },
                {
                    "type": "Feature",
                    "geometry": {
                        "type": "Point",
                        "coordinates": [
                            49.2460556,
                            55.7938328
                        ]
                    },
                    "properties": {
                        "createdDate": 1703514193509,
                        "bearing": 0.0,
                        "velocity": 0.06486216932535172
                    }
                },
                {
                    "type": "Feature",
                    "geometry": {
                        "type": "Point",
                        "coordinates": [
                            49.2460537,
                            55.7938329
                        ]
                    },
                    "properties": {
                        "createdDate": 1703514198520,
                        "bearing": 0.0,
                        "velocity": 0.021582497283816338
                    }
                },
                {
                    "type": "Feature",
                    "geometry": {
                        "type": "Point",
                        "coordinates": [
                            49.2460574,
                            55.7938299
                        ]
                    },
                    "properties": {
                        "createdDate": 1703514203522,
                        "bearing": 0.0,
                        "velocity": 0.04443228244781494
                    }
                },
                {
                    "type": "Feature",
                    "geometry": {
                        "type": "Point",
                        "coordinates": [
                            49.246055,
                            55.7938353
                        ]
                    },
                    "properties": {
                        "createdDate": 1703514208538,
                        "bearing": 0.0,
                        "velocity": 0.06276264041662216
                    }
                },
                {
                    "type": "Feature",
                    "geometry": {
                        "type": "Point",
                        "coordinates": [
                            49.246041,
                            55.7938253
                        ]
                    },
                    "properties": {
                        "createdDate": 1703514213534,
                        "bearing": 223.79307556152344,
                        "velocity": 0.16657674312591553
                    }
                },
                {
                    "type": "Feature",
                    "geometry": {
                        "type": "Point",
                        "coordinates": [
                            49.2460325,
                            55.7938211
                        ]
                    },
                    "properties": {
                        "createdDate": 1703514218545,
                        "bearing": 226.3634033203125,
                        "velocity": 0.1515597552061081
                    }
                },
                {
                    "type": "Feature",
                    "geometry": {
                        "type": "Point",
                        "coordinates": [
                            49.2460227,
                            55.7938169
                        ]
                    },
                    "properties": {
                        "createdDate": 1703514223548,
                        "bearing": 229.6940155029297,
                        "velocity": 0.15227118134498596
                    }
                },
                {
                    "type": "Feature",
                    "geometry": {
                        "type": "Point",
                        "coordinates": [
                            49.2460216,
                            55.793813
                        ]
                    },
                    "properties": {
                        "createdDate": 1703514228559,
                        "bearing": 213.85638427734375,
                        "velocity": 0.11129056662321091
                    }
                },
                {
                    "type": "Feature",
                    "geometry": {
                        "type": "Point",
                        "coordinates": [
                            49.2460483,
                            55.7938256
                        ]
                    },
                    "properties": {
                        "createdDate": 1703514233577,
                        "bearing": 54.748390197753906,
                        "velocity": 0.17845633625984192
                    }
                },
                {
                    "type": "Feature",
                    "geometry": {
                        "type": "Point",
                        "coordinates": [
                            49.2460487,
                            55.7938299
                        ]
                    },
                    "properties": {
                        "createdDate": 1703514238584,
                        "bearing": 30.827224731445312,
                        "velocity": 0.11476937681436539
                    }
                },
                {
                    "type": "Feature",
                    "geometry": {
                        "type": "Point",
                        "coordinates": [
                            49.2460708,
                            55.7938336
                        ]
                    },
                    "properties": {
                        "createdDate": 1703514243592,
                        "bearing": 65.64775085449219,
                        "velocity": 0.21413548290729523
                    }
                },
                {
                    "type": "Feature",
                    "geometry": {
                        "type": "Point",
                        "coordinates": [
                            49.2460478,
                            55.7938314
                        ]
                    },
                    "properties": {
                        "createdDate": 1703514248598,
                        "bearing": 271.5620422363281,
                        "velocity": 0.10206114500761032
                    }
                },
                {
                    "type": "Feature",
                    "geometry": {
                        "type": "Point",
                        "coordinates": [
                            49.2460452,
                            55.793829
                        ]
                    },
                    "properties": {
                        "createdDate": 1703514253605,
                        "bearing": 0.0,
                        "velocity": 0.06734489649534225
                    }
                },
                {
                    "type": "Feature",
                    "geometry": {
                        "type": "Point",
                        "coordinates": [
                            49.2460307,
                            55.7938222
                        ]
                    },
                    "properties": {
                        "createdDate": 1703514258614,
                        "bearing": 231.69053649902344,
                        "velocity": 0.17286448180675507
                    }
                },
                {
                    "type": "Feature",
                    "geometry": {
                        "type": "Point",
                        "coordinates": [
                            49.2460338,
                            55.7938265
                        ]
                    },
                    "properties": {
                        "createdDate": 1703514263620,
                        "bearing": 0.0,
                        "velocity": 0.04057588428258896
                    }
                },
                {
                    "type": "Feature",
                    "geometry": {
                        "type": "Point",
                        "coordinates": [
                            49.2460474,
                            55.7938281
                        ]
                    },
                    "properties": {
                        "createdDate": 1703514268631,
                        "bearing": 0.0,
                        "velocity": 0.09463411569595337
                    }
                },
                {
                    "type": "Feature",
                    "geometry": {
                        "type": "Point",
                        "coordinates": [
                            49.2460463,
                            55.7938293
                        ]
                    },
                    "properties": {
                        "createdDate": 1703514273628,
                        "bearing": 0.0,
                        "velocity": 0.036578062921762466
                    }
                },
                {
                    "type": "Feature",
                    "geometry": {
                        "type": "Point",
                        "coordinates": [
                            49.2460525,
                            55.7938299
                        ]
                    },
                    "properties": {
                        "createdDate": 1703514278640,
                        "bearing": 0.0,
                        "velocity": 0.06021387130022049
                    }
                },
                {
                    "type": "Feature",
                    "geometry": {
                        "type": "Point",
                        "coordinates": [
                            49.2460428,
                            55.793828
                        ]
                    },
                    "properties": {
                        "createdDate": 1703514283644,
                        "bearing": 0.0,
                        "velocity": 0.057362280786037445
                    }
                },
                {
                    "type": "Feature",
                    "geometry": {
                        "type": "Point",
                        "coordinates": [
                            49.246042,
                            55.7938261
                        ]
                    },
                    "properties": {
                        "createdDate": 1703514288667,
                        "bearing": 0.0,
                        "velocity": 0.04228532686829567
                    }
                },
                {
                    "type": "Feature",
                    "geometry": {
                        "type": "Point",
                        "coordinates": [
                            49.2460398,
                            55.7938237
                        ]
                    },
                    "properties": {
                        "createdDate": 1703514293674,
                        "bearing": 0.0,
                        "velocity": 0.05283338949084282
                    }
                },
                {
                    "type": "Feature",
                    "geometry": {
                        "type": "Point",
                        "coordinates": [
                            49.2460345,
                            55.7938264
                        ]
                    },
                    "properties": {
                        "createdDate": 1703514298681,
                        "bearing": 0.0,
                        "velocity": 0.05491216480731964
                    }
                },
                {
                    "type": "Feature",
                    "geometry": {
                        "type": "Point",
                        "coordinates": [
                            49.2460493,
                            55.7938276
                        ]
                    },
                    "properties": {
                        "createdDate": 1703514303688,
                        "bearing": 0.0,
                        "velocity": 0.09694647789001465
                    }
                },
                {
                    "type": "Feature",
                    "geometry": {
                        "type": "Point",
                        "coordinates": [
                            49.2460385,
                            55.7938298
                        ]
                    },
                    "properties": {
                        "createdDate": 1703514308696,
                        "bearing": 0.0,
                        "velocity": 0.060550007969141006
                    }
                },
                {
                    "type": "Feature",
                    "geometry": {
                        "type": "Point",
                        "coordinates": [
                            49.2460391,
                            55.793831
                        ]
                    },
                    "properties": {
                        "createdDate": 1703514313701,
                        "bearing": 0.0,
                        "velocity": 0.0331013947725296
                    }
                },
                {
                    "type": "Feature",
                    "geometry": {
                        "type": "Point",
                        "coordinates": [
                            49.246044,
                            55.7938328
                        ]
                    },
                    "properties": {
                        "createdDate": 1703514318709,
                        "bearing": 0.0,
                        "velocity": 0.049781136214733124
                    }
                },
                {
                    "type": "Feature",
                    "geometry": {
                        "type": "Point",
                        "coordinates": [
                            49.2460592,
                            55.7938315
                        ]
                    },
                    "properties": {
                        "createdDate": 1703514323714,
                        "bearing": 91.54182434082031,
                        "velocity": 0.1268588751554489
                    }
                },
                {
                    "type": "Feature",
                    "geometry": {
                        "type": "Point",
                        "coordinates": [
                            49.246047,
                            55.7938318
                        ]
                    },
                    "properties": {
                        "createdDate": 1703514328735,
                        "bearing": 0.0,
                        "velocity": 0.047214098274707794
                    }
                },
                {
                    "type": "Feature",
                    "geometry": {
                        "type": "Point",
                        "coordinates": [
                            49.2460485,
                            55.79383
                        ]
                    },
                    "properties": {
                        "createdDate": 1703514333728,
                        "bearing": 0.0,
                        "velocity": 0.023987066000699997
                    }
                },
                {
                    "type": "Feature",
                    "geometry": {
                        "type": "Point",
                        "coordinates": [
                            49.2460506,
                            55.7938268
                        ]
                    },
                    "properties": {
                        "createdDate": 1703514338751,
                        "bearing": 0.0,
                        "velocity": 0.056162431836128235
                    }
                },
                {
                    "type": "Feature",
                    "geometry": {
                        "type": "Point",
                        "coordinates": [
                            49.2460469,
                            55.7938254
                        ]
                    },
                    "properties": {
                        "createdDate": 1703514343757,
                        "bearing": 0.0,
                        "velocity": 0.046244487166404724
                    }
                },
                {
                    "type": "Feature",
                    "geometry": {
                        "type": "Point",
                        "coordinates": [
                            49.246052,
                            55.7938286
                        ]
                    },
                    "properties": {
                        "createdDate": 1703514348762,
                        "bearing": 0.0,
                        "velocity": 0.04248925298452377
                    }
                },
                {
                    "type": "Feature",
                    "geometry": {
                        "type": "Point",
                        "coordinates": [
                            49.2460499,
                            55.7938282
                        ]
                    },
                    "properties": {
                        "createdDate": 1703514353770,
                        "bearing": 0.0,
                        "velocity": 0.007322727236896753
                    }
                },
                {
                    "type": "Feature",
                    "geometry": {
                        "type": "Point",
                        "coordinates": [
                            49.2460373,
                            55.7938266
                        ]
                    },
                    "properties": {
                        "createdDate": 1703514358775,
                        "bearing": 258.5700988769531,
                        "velocity": 0.10515400022268295
                    }
                },
                {
                    "type": "Feature",
                    "geometry": {
                        "type": "Point",
                        "coordinates": [
                            49.2460643,
                            55.7938262
                        ]
                    },
                    "properties": {
                        "createdDate": 1703514363782,
                        "bearing": 93.98745727539062,
                        "velocity": 0.17891283333301544
                    }
                },
                {
                    "type": "Feature",
                    "geometry": {
                        "type": "Point",
                        "coordinates": [
                            49.2460435,
                            55.7938283
                        ]
                    },
                    "properties": {
                        "createdDate": 1703514368793,
                        "bearing": 0.0,
                        "velocity": 0.09629077464342117
                    }
                },
                {
                    "type": "Feature",
                    "geometry": {
                        "type": "Point",
                        "coordinates": [
                            49.246042,
                            55.7938307
                        ]
                    },
                    "properties": {
                        "createdDate": 1703514373796,
                        "bearing": 0.0,
                        "velocity": 0.0634261965751648
                    }
                }
            ]
        }
    }
]
]]></system-out>
  </testcase>
  <testcase name="postAllLastWeek" classname="API.APITest" time="1.926">
    <system-out><![CDATA[Request method:	POST
Request URI:	https://devcs.avtodoria.ru/terminal/api/rest/preprocessing/video/all
Proxy:			<none>
Request params:	<none>
Query params:	<none>
Form params:	<none>
Path params:	<none>
Headers:		Accept=*/*
				Content-Type=application/json
Cookies:		<none>
Multiparts:		<none>
Body:
{
    "contractIds": [
        
    ],
    "dateFrom": "2023-12-18T00:00:00.000+03:00",
    "dateTo": "2023-12-25T19:48:30.596+03:00",
    "deviceIds": [
        
    ],
    "operatorId": null,
    "pageNumber": 0,
    "pageSize": 10,
    "processingStatuses": [
        
    ],
    "sessionId": null,
    "sortOrder": "DESC"
}
HTTP/1.1 200 
Server: nginx
Date: Mon, 25 Dec 2023 17:13:33 GMT
Content-Type: application/json
Transfer-Encoding: chunked
Connection: keep-alive
Vary: Origin
Vary: Access-Control-Request-Method
Vary: Access-Control-Request-Headers
Strict-Transport-Security: max-age=15768000; includeSubDomains; preload;
X-Content-Type-Options: nosniff
X-Frame-Options: SAMEORIGIN
X-XSS-Protection: 1; mode=block
X-Robots-Tag: none
X-Download-Options: noopen
X-Permitted-Cross-Domain-Policies: none
Content-Encoding: gzip

[
    {
        "uuid": "dca08ba4-4cd9-452d-b970-0d34e7dd37cc",
        "videoId": "1703518222663",
        "filePath": "/vs_data/citysoft-dev/video/2023/12/25/5b8b176f019ea18e/1703517330494/1703518222663/1703518222663.mp4",
        "sessionId": "1703517330494",
        "deviceId": "5b8b176f019ea18e",
        "descriptions": {
            "onDevice": "VladTest",
            "onServer": "VladTest"
        },
        "numbers": {
            "onDevice": "VladTest",
            "onServer": "VladTest"
        },
        "processingStatus": "CORRUPTED",
        "operatorId": 1,
        "creationDate": "2023-12-25T15:30:22.663Z",
        "processedDate": "2023-12-25T17:00:55.032Z",
        "homographyId": null,
        "mergedPartsCount": 298,
        "fps": 0,
        "size": 22083271,
        "resolution": null,
        "errorReason": null,
        "errorModule": null,
        "errorMessage": null,
        "geoJSON": {
            "type": "FeatureCollection",
            "features": [
                {
                    "type": "Feature",
                    "geometry": {
                        "type": "Point",
                        "coordinates": [
                            49.2460768,
                            55.7937654
                        ]
                    },
                    "properties": {
                        "createdDate": 1703518222663,
                        "bearing": 8.009675979614258,
                        "velocity": 1.5237579345703125
                    }
                },
                {
                    "type": "Feature",
                    "geometry": {
                        "type": "Point",
                        "coordinates": [
                            49.2460875,
                            55.7937664
                        ]
                    },
                    "properties": {
                        "createdDate": 1703518227687,
                        "bearing": 15.544713973999023,
                        "velocity": 0.6066791415214539
                    }
                },
                {
                    "type": "Feature",
                    "geometry": {
                        "type": "Point",
                        "coordinates": [
                            49.2460922,
                            55.7937681
                        ]
                    },
                    "properties": {
                        "createdDate": 1703518232678,
                        "bearing": 21.54412841796875,
                        "velocity": 0.2695994973182678
                    }
                },
                {
                    "type": "Feature",
                    "geometry": {
                        "type": "Point",
                        "coordinates": [
                            49.2460932,
                            55.7937536
                        ]
                    },
                    "properties": {
                        "createdDate": 1703518237663,
                        "bearing": 0.0,
                        "velocity": 0.07170948386192322
                    }
                },
                {
                    "type": "Feature",
                    "geometry": {
                        "type": "Point",
                        "coordinates": [
                            49.2460913,
                            55.793747
                        ]
                    },
                    "properties": {
                        "createdDate": 1703518242669,
                        "bearing": 173.68568420410156,
                        "velocity": 0.10246352851390839
                    }
                },
                {
                    "type": "Feature",
                    "geometry": {
                        "type": "Point",
                        "coordinates": [
                            49.2461008,
                            55.7937586
                        ]
                    },
                    "properties": {
                        "createdDate": 1703518247660,
                        "bearing": 35.372684478759766,
                        "velocity": 0.12293567508459091
                    }
                },
                {
                    "type": "Feature",
                    "geometry": {
                        "type": "Point",
                        "coordinates": [
                            49.2460336,
                            55.7937341
                        ]
                    },
                    "properties": {
                        "createdDate": 1703518252666,
                        "bearing": 240.21194458007812,
                        "velocity": 0.4297782778739929
                    }
                },
                {
                    "type": "Feature",
                    "geometry": {
                        "type": "Point",
                        "coordinates": [
                            49.2464806,
                            55.7939017
                        ]
                    },
                    "properties": {
                        "createdDate": 1703518257673,
                        "bearing": 56.264549255371094,
                        "velocity": 5.6056623458862305
                    }
                },
                {
                    "type": "Feature",
                    "geometry": {
                        "type": "Point",
                        "coordinates": [
                            49.2460679,
                            55.7938278
                        ]
                    },
                    "properties": {
                        "createdDate": 1703518262663,
                        "bearing": 256.1566467285156,
                        "velocity": 3.540994167327881
                    }
                },
                {
                    "type": "Feature",
                    "geometry": {
                        "type": "Point",
                        "coordinates": [
                            49.2460679,
                            55.7937912
                        ]
                    },
                    "properties": {
                        "createdDate": 1703518264661,
                        "bearing": 209.87806701660156,
                        "velocity": 2.5167667865753174
                    }
                },
                {
                    "type": "Feature",
                    "geometry": {
                        "type": "Point",
                        "coordinates": [
                            49.2460772,
                            55.7937803
                        ]
                    },
                    "properties": {
                        "createdDate": 1703518265669,
                        "bearing": 193.1800079345703,
                        "velocity": 1.5955955982208252
                    }
                },
                {
                    "type": "Feature",
                    "geometry": {
                        "type": "Point",
                        "coordinates": [
                            49.2460654,
                            55.7937937
                        ]
                    },
                    "properties": {
                        "createdDate": 1703518266660,
                        "bearing": 260.1146545410156,
                        "velocity": 0.4951695203781128
                    }
                },
                {
                    "type": "Feature",
                    "geometry": {
                        "type": "Point",
                        "coordinates": [
                            49.2460486,
                            55.7937985
                        ]
                    },
                    "properties": {
                        "createdDate": 1703518270681,
                        "bearing": 283.0601501464844,
                        "velocity": 0.28936687111854553
                    }
                },
                {
                    "type": "Feature",
                    "geometry": {
                        "type": "Point",
                        "coordinates": [
                            49.2460501,
                            55.793798
                        ]
                    },
                    "properties": {
                        "createdDate": 1703518272676,
                        "bearing": 281.5151062011719,
                        "velocity": 0.20205867290496826
                    }
                },
                {
                    "type": "Feature",
                    "geometry": {
                        "type": "Point",
                        "coordinates": [
                            49.2460432,
                            55.793799
                        ]
                    },
                    "properties": {
                        "createdDate": 1703518273665,
                        "bearing": 282.2598876953125,
                        "velocity": 0.2208535224199295
                    }
                },
                {
                    "type": "Feature",
                    "geometry": {
                        "type": "Point",
                        "coordinates": [
                            49.2460406,
                            55.7937987
                        ]
                    },
                    "properties": {
                        "createdDate": 1703518275665,
                        "bearing": 278.04669189453125,
                        "velocity": 0.18087756633758545
                    }
                },
                {
                    "type": "Feature",
                    "geometry": {
                        "type": "Point",
                        "coordinates": [
                            49.2460347,
                            55.793803
                        ]
                    },
                    "properties": {
                        "createdDate": 1703518277682,
                        "bearing": 299.45562744140625,
                        "velocity": 0.21085943281650543
                    }
                },
                {
                    "type": "Feature",
                    "geometry": {
                        "type": "Point",
                        "coordinates": [
                            49.2460295,
                            55.7938069
                        ]
                    },
                    "properties": {
                        "createdDate": 1703518280672,
                        "bearing": 309.9014892578125,
                        "velocity": 0.18645605444908142
                    }
                },
                {
                    "type": "Feature",
                    "geometry": {
                        "type": "Point",
                        "coordinates": [
                            49.2460275,
                            55.7938117
                        ]
                    },
                    "properties": {
                        "createdDate": 1703518282673,
                        "bearing": 324.7928771972656,
                        "velocity": 0.21133072674274445
                    }
                },
                {
                    "type": "Feature",
                    "geometry": {
                        "type": "Point",
                        "coordinates": [
                            49.2460258,
                            55.7938127
                        ]
                    },
                    "properties": {
                        "createdDate": 1703518283678,
                        "bearing": 323.49981689453125,
                        "velocity": 0.1903470903635025
                    }
                },
                {
                    "type": "Feature",
                    "geometry": {
                        "type": "Point",
                        "coordinates": [
                            49.2460262,
                            55.7938111
                        ]
                    },
                    "properties": {
                        "createdDate": 1703518285677,
                        "bearing": 314.2458801269531,
                        "velocity": 0.10195310413837433
                    }
                },
                {
                    "type": "Feature",
                    "geometry": {
                        "type": "Point",
                        "coordinates": [
                            49.2460281,
                            55.7938081
                        ]
                    },
                    "properties": {
                        "createdDate": 1703518286685,
                        "bearing": 0.0,
                        "velocity": 0.03356069326400757
                    }
                },
                {
                    "type": "Feature",
                    "geometry": {
                        "type": "Point",
                        "coordinates": [
                            49.2460304,
                            55.7938045
                        ]
                    },
                    "properties": {
                        "createdDate": 1703518288687,
                        "bearing": 0.0,
                        "velocity": 0.0912705808877945
                    }
                },
                {
                    "type": "Feature",
                    "geometry": {
                        "type": "Point",
                        "coordinates": [
                            49.2460331,
                            55.7938006
                        ]
                    },
                    "properties": {
                        "createdDate": 1703518289694,
                        "bearing": 165.53887939453125,
                        "velocity": 0.16118863224983215
                    }
                },
                {
                    "type": "Feature",
                    "geometry": {
                        "type": "Point",
                        "coordinates": [
                            49.2460349,
                            55.7937984
                        ]
                    },
                    "properties": {
                        "createdDate": 1703518290702,
                        "bearing": 162.0603485107422,
                        "velocity": 0.17739157378673553
                    }
                },
                {
                    "type": "Feature",
                    "geometry": {
                        "type": "Point",
                        "coordinates": [
                            49.2460381,
                            55.7937974
                        ]
                    },
                    "properties": {
                        "createdDate": 1703518291691,
                        "bearing": 150.97213745117188,
                        "velocity": 0.15770423412322998
                    }
                },
                {
                    "type": "Feature",
                    "geometry": {
                        "type": "Point",
                        "coordinates": [
                            49.2460419,
                            55.7937958
                        ]
                    },
                    "properties": {
                        "createdDate": 1703518293691,
                        "bearing": 143.049072265625,
                        "velocity": 0.18006712198257446
                    }
                },
                {
                    "type": "Feature",
                    "geometry": {
                        "type": "Point",
                        "coordinates": [
                            49.2460464,
                            55.7937934
                        ]
                    },
                    "properties": {
                        "createdDate": 1703518294699,
                        "bearing": 139.4827423095703,
                        "velocity": 0.21977566182613373
                    }
                },
                {
                    "type": "Feature",
                    "geometry": {
                        "type": "Point",
                        "coordinates": [
                            49.2460502,
                            55.7937902
                        ]
                    },
                    "properties": {
                        "createdDate": 1703518295708,
                        "bearing": 141.6785888671875,
                        "velocity": 0.2655404210090637
                    }
                },
                {
                    "type": "Feature",
                    "geometry": {
                        "type": "Point",
                        "coordinates": [
                            49.2460544,
                            55.7937926
                        ]
                    },
                    "properties": {
                        "createdDate": 1703518297707,
                        "bearing": 114.18772888183594,
                        "velocity": 0.1583123803138733
                    }
                },
                {
                    "type": "Feature",
                    "geometry": {
                        "type": "Point",
                        "coordinates": [
                            49.2460553,
                            55.793799
                        ]
                    },
                    "properties": {
                        "createdDate": 1703518298697,
                        "bearing": 53.754817962646484,
                        "velocity": 0.1521141231060028
                    }
                },
                {
                    "type": "Feature",
                    "geometry": {
                        "type": "Point",
                        "coordinates": [
                            49.2460531,
                            55.7938037
                        ]
                    },
                    "properties": {
                        "createdDate": 1703518299706,
                        "bearing": 19.6738224029541,
                        "velocity": 0.18594565987586975
                    }
                },
                {
                    "type": "Feature",
                    "geometry": {
                        "type": "Point",
                        "coordinates": [
                            49.2460474,
                            55.7938083
                        ]
                    },
                    "properties": {
                        "createdDate": 1703518300714,
                        "bearing": 351.8588562011719,
                        "velocity": 0.24971002340316772
                    }
                },
                {
                    "type": "Feature",
                    "geometry": {
                        "type": "Point",
                        "coordinates": [
                            49.2460304,
                            55.7938197
                        ]
                    },
                    "properties": {
                        "createdDate": 1703518305720,
                        "bearing": 328.3346252441406,
                        "velocity": 0.29923221468925476
                    }
                },
                {
                    "type": "Feature",
                    "geometry": {
                        "type": "Point",
                        "coordinates": [
                            49.2460261,
                            55.7938232
                        ]
                    },
                    "properties": {
                        "createdDate": 1703518308711,
                        "bearing": 327.37994384765625,
                        "velocity": 0.23365946114063263
                    }
                },
                {
                    "type": "Feature",
                    "geometry": {
                        "type": "Point",
                        "coordinates": [
                            49.2460258,
                            55.7938232
                        ]
                    },
                    "properties": {
                        "createdDate": 1703518309719,
                        "bearing": 326.2429504394531,
                        "velocity": 0.2042107880115509
                    }
                },
                {
                    "type": "Feature",
                    "geometry": {
                        "type": "Point",
                        "coordinates": [
                            49.2460243,
                            55.7938234
                        ]
                    },
                    "properties": {
                        "createdDate": 1703518310728,
                        "bearing": 322.43829345703125,
                        "velocity": 0.1708776354789734
                    }
                },
                {
                    "type": "Feature",
                    "geometry": {
                        "type": "Point",
                        "coordinates": [
                            49.2460234,
                            55.7938242
                        ]
                    },
                    "properties": {
                        "createdDate": 1703518311738,
                        "bearing": 322.9154052734375,
                        "velocity": 0.15259453654289246
                    }
                },
                {
                    "type": "Feature",
                    "geometry": {
                        "type": "Point",
                        "coordinates": [
                            49.2460234,
                            55.793826
                        ]
                    },
                    "properties": {
                        "createdDate": 1703518312744,
                        "bearing": 333.6366271972656,
                        "velocity": 0.15300072729587555
                    }
                },
                {
                    "type": "Feature",
                    "geometry": {
                        "type": "Point",
                        "coordinates": [
                            49.2460243,
                            55.7938281
                        ]
                    },
                    "properties": {
                        "createdDate": 1703518313744,
                        "bearing": 345.9977722167969,
                        "velocity": 0.17905095219612122
                    }
                },
                {
                    "type": "Feature",
                    "geometry": {
                        "type": "Point",
                        "coordinates": [
                            49.2460261,
                            55.793832
                        ]
                    },
                    "properties": {
                        "createdDate": 1703518314746,
                        "bearing": 358.2995300292969,
                        "velocity": 0.23341451585292816
                    }
                },
                {
                    "type": "Feature",
                    "geometry": {
                        "type": "Point",
                        "coordinates": [
                            49.2460292,
                            55.7938368
                        ]
                    },
                    "properties": {
                        "createdDate": 1703518315738,
                        "bearing": 7.509226322174072,
                        "velocity": 0.27838966250419617
                    }
                },
                {
                    "type": "Feature",
                    "geometry": {
                        "type": "Point",
                        "coordinates": [
                            49.246046,
                            55.7938403
                        ]
                    },
                    "properties": {
                        "createdDate": 1703518316743,
                        "bearing": 39.4787712097168,
                        "velocity": 0.36156854033470154
                    }
                },
                {
                    "type": "Feature",
                    "geometry": {
                        "type": "Point",
                        "coordinates": [
                            49.2460576,
                            55.7938394
                        ]
                    },
                    "properties": {
                        "createdDate": 1703518320744,
                        "bearing": 62.01357650756836,
                        "velocity": 0.23846958577632904
                    }
                },
                {
                    "type": "Feature",
                    "geometry": {
                        "type": "Point",
                        "coordinates": [
                            49.2460656,
                            55.7938351
                        ]
                    },
                    "properties": {
                        "createdDate": 1703518325766,
                        "bearing": 87.30220794677734,
                        "velocity": 0.15456067025661469
                    }
                },
                {
                    "type": "Feature",
                    "geometry": {
                        "type": "Point",
                        "coordinates": [
                            49.2460635,
                            55.7938313
                        ]
                    },
                    "properties": {
                        "createdDate": 1703518332773,
                        "bearing": 0.0,
                        "velocity": 0.060148436576128006
                    }
                },
                {
                    "type": "Feature",
                    "geometry": {
                        "type": "Point",
                        "coordinates": [
                            49.2460608,
                            55.7938278
                        ]
                    },
                    "properties": {
                        "createdDate": 1703518335780,
                        "bearing": 203.39634704589844,
                        "velocity": 0.1265150010585785
                    }
                },
                {
                    "type": "Feature",
                    "geometry": {
                        "type": "Point",
                        "coordinates": [
                            49.2460478,
                            55.7938278
                        ]
                    },
                    "properties": {
                        "createdDate": 1703518340787,
                        "bearing": 266.05950927734375,
                        "velocity": 0.15156441926956177
                    }
                },
                {
                    "type": "Feature",
                    "geometry": {
                        "type": "Point",
                        "coordinates": [
                            49.2460506,
                            55.7938293
                        ]
                    },
                    "properties": {
                        "createdDate": 1703518345792,
                        "bearing": 0.0,
                        "velocity": 0.03644691780209541
                    }
                },
                {
                    "type": "Feature",
                    "geometry": {
                        "type": "Point",
                        "coordinates": [
                            49.2460457,
                            55.7938268
                        ]
                    },
                    "properties": {
                        "createdDate": 1703518350797,
                        "bearing": 0.0,
                        "velocity": 0.07342123985290527
                    }
                },
                {
                    "type": "Feature",
                    "geometry": {
                        "type": "Point",
                        "coordinates": [
                            49.2460444,
                            55.7938263
                        ]
                    },
                    "properties": {
                        "createdDate": 1703518355804,
                        "bearing": 0.0,
                        "velocity": 0.02419358678162098
                    }
                },
                {
                    "type": "Feature",
                    "geometry": {
                        "type": "Point",
                        "coordinates": [
                            49.246051,
                            55.7938268
                        ]
                    },
                    "properties": {
                        "createdDate": 1703518360810,
                        "bearing": 0.0,
                        "velocity": 0.07553211599588394
                    }
                },
                {
                    "type": "Feature",
                    "geometry": {
                        "type": "Point",
                        "coordinates": [
                            49.2460863,
                            55.7938292
                        ]
                    },
                    "properties": {
                        "createdDate": 1703518365804,
                        "bearing": 82.86801147460938,
                        "velocity": 0.40884512662887573
                    }
                },
                {
                    "type": "Feature",
                    "geometry": {
                        "type": "Point",
                        "coordinates": [
                            49.2460791,
                            55.7938283
                        ]
                    },
                    "properties": {
                        "createdDate": 1703518370811,
                        "bearing": 0.0,
                        "velocity": 0.05529734864830971
                    }
                },
                {
                    "type": "Feature",
                    "geometry": {
                        "type": "Point",
                        "coordinates": [
                            49.2460452,
                            55.7938259
                        ]
                    },
                    "properties": {
                        "createdDate": 1703518375829,
                        "bearing": 262.8329772949219,
                        "velocity": 0.3906266391277313
                    }
                },
                {
                    "type": "Feature",
                    "geometry": {
                        "type": "Point",
                        "coordinates": [
                            49.2460723,
                            55.7938316
                        ]
                    },
                    "properties": {
                        "createdDate": 1703518380839,
                        "bearing": 68.50923156738281,
                        "velocity": 0.3085423409938812
                    }
                },
                {
                    "type": "Feature",
                    "geometry": {
                        "type": "Point",
                        "coordinates": [
                            49.2460473,
                            55.7938248
                        ]
                    },
                    "properties": {
                        "createdDate": 1703518385842,
                        "bearing": 244.01516723632812,
                        "velocity": 0.2939596176147461
                    }
                },
                {
                    "type": "Feature",
                    "geometry": {
                        "type": "Point",
                        "coordinates": [
                            49.246073,
                            55.7938331
                        ]
                    },
                    "properties": {
                        "createdDate": 1703518392848,
                        "bearing": 59.84147644042969,
                        "velocity": 0.2437974363565445
                    }
                },
                {
                    "type": "Feature",
                    "geometry": {
                        "type": "Point",
                        "coordinates": [
                            49.2460696,
                            55.7938325
                        ]
                    },
                    "properties": {
                        "createdDate": 1703518395856,
                        "bearing": 0.0,
                        "velocity": 0.03832840546965599
                    }
                },
                {
                    "type": "Feature",
                    "geometry": {
                        "type": "Point",
                        "coordinates": [
                            49.2460443,
                            55.7938257
                        ]
                    },
                    "properties": {
                        "createdDate": 1703518400862,
                        "bearing": 244.4982452392578,
                        "velocity": 0.3193436563014984
                    }
                },
                {
                    "type": "Feature",
                    "geometry": {
                        "type": "Point",
                        "coordinates": [
                            49.2460592,
                            55.7938331
                        ]
                    },
                    "properties": {
                        "createdDate": 1703518405868,
                        "bearing": 46.019744873046875,
                        "velocity": 0.20069894194602966
                    }
                },
                {
                    "type": "Feature",
                    "geometry": {
                        "type": "Point",
                        "coordinates": [
                            49.2460455,
                            55.7938292
                        ]
                    },
                    "properties": {
                        "createdDate": 1703518410878,
                        "bearing": 244.29251098632812,
                        "velocity": 0.16431376338005066
                    }
                },
                {
                    "type": "Feature",
                    "geometry": {
                        "type": "Point",
                        "coordinates": [
                            49.2460552,
                            55.7938357
                        ]
                    },
                    "properties": {
                        "createdDate": 1703518415900,
                        "bearing": 38.002811431884766,
                        "velocity": 0.1631731390953064
                    }
                },
                {
                    "type": "Feature",
                    "geometry": {
                        "type": "Point",
                        "coordinates": [
                            49.2460498,
                            55.7938318
                        ]
                    },
                    "properties": {
                        "createdDate": 1703518420906,
                        "bearing": 0.0,
                        "velocity": 0.0891440138220787
                    }
                },
                {
                    "type": "Feature",
                    "geometry": {
                        "type": "Point",
                        "coordinates": [
                            49.2460561,
                            55.7938295
                        ]
                    },
                    "properties": {
                        "createdDate": 1703518425916,
                        "bearing": 0.0,
                        "velocity": 0.08648109436035156
                    }
                },
                {
                    "type": "Feature",
                    "geometry": {
                        "type": "Point",
                        "coordinates": [
                            49.2460517,
                            55.7938295
                        ]
                    },
                    "properties": {
                        "createdDate": 1703518430919,
                        "bearing": 0.0,
                        "velocity": 0.045632679015398026
                    }
                },
                {
                    "type": "Feature",
                    "geometry": {
                        "type": "Point",
                        "coordinates": [
                            49.2460481,
                            55.7938283
                        ]
                    },
                    "properties": {
                        "createdDate": 1703518435929,
                        "bearing": 0.0,
                        "velocity": 0.05100123956799507
                    }
                },
                {
                    "type": "Feature",
                    "geometry": {
                        "type": "Point",
                        "coordinates": [
                            49.246054,
                            55.7938325
                        ]
                    },
                    "properties": {
                        "createdDate": 1703518440931,
                        "bearing": 37.49431228637695,
                        "velocity": 0.10654355585575104
                    }
                },
                {
                    "type": "Feature",
                    "geometry": {
                        "type": "Point",
                        "coordinates": [
                            49.2460485,
                            55.7938285
                        ]
                    },
                    "properties": {
                        "createdDate": 1703518446947,
                        "bearing": 0.0,
                        "velocity": 0.09466544538736343
                    }
                },
                {
                    "type": "Feature",
                    "geometry": {
                        "type": "Point",
                        "coordinates": [
                            49.2460564,
                            55.7938267
                        ]
                    },
                    "properties": {
                        "createdDate": 1703518452962,
                        "bearing": 0.0,
                        "velocity": 0.0735321193933487
                    }
                },
                {
                    "type": "Feature",
                    "geometry": {
                        "type": "Point",
                        "coordinates": [
                            49.2460376,
                            55.7938212
                        ]
                    },
                    "properties": {
                        "createdDate": 1703518455952,
                        "bearing": 241.5950469970703,
                        "velocity": 0.37108153104782104
                    }
                },
                {
                    "type": "Feature",
                    "geometry": {
                        "type": "Point",
                        "coordinates": [
                            49.24604,
                            55.7938252
                        ]
                    },
                    "properties": {
                        "createdDate": 1703518460960,
                        "bearing": 0.0,
                        "velocity": 0.05922190099954605
                    }
                },
                {
                    "type": "Feature",
                    "geometry": {
                        "type": "Point",
                        "coordinates": [
                            49.2460644,
                            55.7938326
                        ]
                    },
                    "properties": {
                        "createdDate": 1703518465968,
                        "bearing": 60.66328048706055,
                        "velocity": 0.32235783338546753
                    }
                },
                {
                    "type": "Feature",
                    "geometry": {
                        "type": "Point",
                        "coordinates": [
                            49.2460557,
                            55.7938284
                        ]
                    },
                    "properties": {
                        "createdDate": 1703518471979,
                        "bearing": 226.3665771484375,
                        "velocity": 0.10509244352579117
                    }
                },
                {
                    "type": "Feature",
                    "geometry": {
                        "type": "Point",
                        "coordinates": [
                            49.2460482,
                            55.7938271
                        ]
                    },
                    "properties": {
                        "createdDate": 1703518475979,
                        "bearing": 0.0,
                        "velocity": 0.09767426550388336
                    }
                },
                {
                    "type": "Feature",
                    "geometry": {
                        "type": "Point",
                        "coordinates": [
                            49.2460469,
                            55.7938306
                        ]
                    },
                    "properties": {
                        "createdDate": 1703518481001,
                        "bearing": 0.0,
                        "velocity": 0.07118984311819077
                    }
                },
                {
                    "type": "Feature",
                    "geometry": {
                        "type": "Point",
                        "coordinates": [
                            49.2460478,
                            55.7938284
                        ]
                    },
                    "properties": {
                        "createdDate": 1703518485997,
                        "bearing": 0.0,
                        "velocity": 0.04147369787096977
                    }
                },
                {
                    "type": "Feature",
                    "geometry": {
                        "type": "Point",
                        "coordinates": [
                            49.2460439,
                            55.7938302
                        ]
                    },
                    "properties": {
                        "createdDate": 1703518491017,
                        "bearing": 0.0,
                        "velocity": 0.056224457919597626
                    }
                },
                {
                    "type": "Feature",
                    "geometry": {
                        "type": "Point",
                        "coordinates": [
                            49.2460489,
                            55.7938345
                        ]
                    },
                    "properties": {
                        "createdDate": 1703518496020,
                        "bearing": 30.406734466552734,
                        "velocity": 0.10556800663471222
                    }
                },
                {
                    "type": "Feature",
                    "geometry": {
                        "type": "Point",
                        "coordinates": [
                            49.2460509,
                            55.7938327
                        ]
                    },
                    "properties": {
                        "createdDate": 1703518501028,
                        "bearing": 0.0,
                        "velocity": 0.04114397615194321
                    }
                },
                {
                    "type": "Feature",
                    "geometry": {
                        "type": "Point",
                        "coordinates": [
                            49.2460481,
                            55.793835
                        ]
                    },
                    "properties": {
                        "createdDate": 1703518507042,
                        "bearing": 0.0,
                        "velocity": 0.054364658892154694
                    }
                },
                {
                    "type": "Feature",
                    "geometry": {
                        "type": "Point",
                        "coordinates": [
                            49.246047,
                            55.7938271
                        ]
                    },
                    "properties": {
                        "createdDate": 1703518513056,
                        "bearing": 185.437744140625,
                        "velocity": 0.12034191191196442
                    }
                },
                {
                    "type": "Feature",
                    "geometry": {
                        "type": "Point",
                        "coordinates": [
                            49.2460473,
                            55.7938256
                        ]
                    },
                    "properties": {
                        "createdDate": 1703518516047,
                        "bearing": 0.0,
                        "velocity": 0.06246359646320343
                    }
                }
            ]
        }
    },
    {
        "uuid": "1a9b3e44-8d4d-4992-9593-4fe1b1a3e081",
        "videoId": "1703517918355",
        "filePath": "/vs_data/citysoft-dev/video/2023/12/25/5b8b176f019ea18e/1703517330494/1703517918355/1703517918355.mp4",
        "sessionId": "1703517330494",
        "deviceId": "5b8b176f019ea18e",
        "descriptions": {
            "onDevice": "VladTest",
            "onServer": "VladTest"
        },
        "numbers": {
            "onDevice": "VladTest",
            "onServer": "VladTest"
        },
        "processingStatus": "CORRUPTED",
        "operatorId": 1,
        "creationDate": "2023-12-25T15:25:18.355Z",
        "processedDate": "2023-12-25T16:20:10.664Z",
        "homographyId": null,
        "mergedPartsCount": 304,
        "fps": 0,
        "size": 42698367,
        "resolution": null,
        "errorReason": null,
        "errorModule": null,
        "errorMessage": null,
        "geoJSON": {
            "type": "FeatureCollection",
            "features": [
                {
                    "type": "Feature",
                    "geometry": {
                        "type": "Point",
                        "coordinates": [
                            49.2495055,
                            55.7910845
                        ]
                    },
                    "properties": {
                        "createdDate": 1703517918355,
                        "bearing": 329.8983154296875,
                        "velocity": 6.874040603637695
                    }
                },
                {
                    "type": "Feature",
                    "geometry": {
                        "type": "Point",
                        "coordinates": [
                            49.2494537,
                            55.7911392
                        ]
                    },
                    "properties": {
                        "createdDate": 1703517919346,
                        "bearing": 328.27764892578125,
                        "velocity": 6.218581676483154
                    }
                },
                {
                    "type": "Feature",
                    "geometry": {
                        "type": "Point",
                        "coordinates": [
                            49.2494039,
                            55.791183
                        ]
                    },
                    "properties": {
                        "createdDate": 1703517920355,
                        "bearing": 325.37646484375,
                        "velocity": 5.5836076736450195
                    }
                },
                {
                    "type": "Feature",
                    "geometry": {
                        "type": "Point",
                        "coordinates": [
                            49.2493638,
                            55.7912285
                        ]
                    },
                    "properties": {
                        "createdDate": 1703517921362,
                        "bearing": 330.5852355957031,
                        "velocity": 5.69921875
                    }
                },
                {
                    "type": "Feature",
                    "geometry": {
                        "type": "Point",
                        "coordinates": [
                            49.2493254,
                            55.791278
                        ]
                    },
                    "properties": {
                        "createdDate": 1703517922354,
                        "bearing": 329.21453857421875,
                        "velocity": 5.716132640838623
                    }
                },
                {
                    "type": "Feature",
                    "geometry": {
                        "type": "Point",
                        "coordinates": [
                            49.2492806,
                            55.7913206
                        ]
                    },
                    "properties": {
                        "createdDate": 1703517923362,
                        "bearing": 325.3934326171875,
                        "velocity": 5.710542678833008
                    }
                },
                {
                    "type": "Feature",
                    "geometry": {
                        "type": "Point",
                        "coordinates": [
                            49.2492305,
                            55.7913628
                        ]
                    },
                    "properties": {
                        "createdDate": 1703517924355,
                        "bearing": 325.2698974609375,
                        "velocity": 5.726926803588867
                    }
                },
                {
                    "type": "Feature",
                    "geometry": {
                        "type": "Point",
                        "coordinates": [
                            49.2491822,
                            55.7914029
                        ]
                    },
                    "properties": {
                        "createdDate": 1703517925360,
                        "bearing": 325.2523193359375,
                        "velocity": 5.521074295043945
                    }
                },
                {
                    "type": "Feature",
                    "geometry": {
                        "type": "Point",
                        "coordinates": [
                            49.249135,
                            55.7914404
                        ]
                    },
                    "properties": {
                        "createdDate": 1703517926370,
                        "bearing": 324.3489074707031,
                        "velocity": 5.345754623413086
                    }
                },
                {
                    "type": "Feature",
                    "geometry": {
                        "type": "Point",
                        "coordinates": [
                            49.2490961,
                            55.7914752
                        ]
                    },
                    "properties": {
                        "createdDate": 1703517927364,
                        "bearing": 325.44964599609375,
                        "velocity": 4.899221420288086
                    }
                },
                {
                    "type": "Feature",
                    "geometry": {
                        "type": "Point",
                        "coordinates": [
                            49.2490639,
                            55.7915116
                        ]
                    },
                    "properties": {
                        "createdDate": 1703517928368,
                        "bearing": 325.6664733886719,
                        "velocity": 4.651284694671631
                    }
                },
                {
                    "type": "Feature",
                    "geometry": {
                        "type": "Point",
                        "coordinates": [
                            49.2490418,
                            55.7915428
                        ]
                    },
                    "properties": {
                        "createdDate": 1703517929365,
                        "bearing": 327.53955078125,
                        "velocity": 3.949481725692749
                    }
                },
                {
                    "type": "Feature",
                    "geometry": {
                        "type": "Point",
                        "coordinates": [
                            49.249031,
                            55.7915672
                        ]
                    },
                    "properties": {
                        "createdDate": 1703517930369,
                        "bearing": 326.823974609375,
                        "velocity": 2.3659720420837402
                    }
                },
                {
                    "type": "Feature",
                    "geometry": {
                        "type": "Point",
                        "coordinates": [
                            49.2490305,
                            55.7915841
                        ]
                    },
                    "properties": {
                        "createdDate": 1703517931360,
                        "bearing": 330.4071044921875,
                        "velocity": 1.935361623764038
                    }
                },
                {
                    "type": "Feature",
                    "geometry": {
                        "type": "Point",
                        "coordinates": [
                            49.2490241,
                            55.7916035
                        ]
                    },
                    "properties": {
                        "createdDate": 1703517932368,
                        "bearing": 328.978515625,
                        "velocity": 2.6199862957000732
                    }
                },
                {
                    "type": "Feature",
                    "geometry": {
                        "type": "Point",
                        "coordinates": [
                            49.2490101,
                            55.791634
                        ]
                    },
                    "properties": {
                        "createdDate": 1703517933376,
                        "bearing": 336.6162414550781,
                        "velocity": 2.941232442855835
                    }
                },
                {
                    "type": "Feature",
                    "geometry": {
                        "type": "Point",
                        "coordinates": [
                            49.248995,
                            55.7916641
                        ]
                    },
                    "properties": {
                        "createdDate": 1703517934367,
                        "bearing": 334.2757873535156,
                        "velocity": 2.699836254119873
                    }
                },
                {
                    "type": "Feature",
                    "geometry": {
                        "type": "Point",
                        "coordinates": [
                            49.2489777,
                            55.7916839
                        ]
                    },
                    "properties": {
                        "createdDate": 1703517935375,
                        "bearing": 324.3741455078125,
                        "velocity": 2.0107603073120117
                    }
                },
                {
                    "type": "Feature",
                    "geometry": {
                        "type": "Point",
                        "coordinates": [
                            49.2489598,
                            55.7916972
                        ]
                    },
                    "properties": {
                        "createdDate": 1703517936382,
                        "bearing": 323.3171081542969,
                        "velocity": 1.3625177145004272
                    }
                },
                {
                    "type": "Feature",
                    "geometry": {
                        "type": "Point",
                        "coordinates": [
                            49.2489419,
                            55.7917115
                        ]
                    },
                    "properties": {
                        "createdDate": 1703517937372,
                        "bearing": 319.1644287109375,
                        "velocity": 2.117475986480713
                    }
                },
                {
                    "type": "Feature",
                    "geometry": {
                        "type": "Point",
                        "coordinates": [
                            49.2489127,
                            55.7917324
                        ]
                    },
                    "properties": {
                        "createdDate": 1703517938382,
                        "bearing": 318.04095458984375,
                        "velocity": 3.011770486831665
                    }
                },
                {
                    "type": "Feature",
                    "geometry": {
                        "type": "Point",
                        "coordinates": [
                            49.2488777,
                            55.7917496
                        ]
                    },
                    "properties": {
                        "createdDate": 1703517939388,
                        "bearing": 314.31640625,
                        "velocity": 3.3157143592834473
                    }
                },
                {
                    "type": "Feature",
                    "geometry": {
                        "type": "Point",
                        "coordinates": [
                            49.2488376,
                            55.7917716
                        ]
                    },
                    "properties": {
                        "createdDate": 1703517940381,
                        "bearing": 324.19610595703125,
                        "velocity": 4.427911281585693
                    }
                },
                {
                    "type": "Feature",
                    "geometry": {
                        "type": "Point",
                        "coordinates": [
                            49.2487903,
                            55.7918061
                        ]
                    },
                    "properties": {
                        "createdDate": 1703517941389,
                        "bearing": 322.99993896484375,
                        "velocity": 5.22259521484375
                    }
                },
                {
                    "type": "Feature",
                    "geometry": {
                        "type": "Point",
                        "coordinates": [
                            49.248739,
                            55.7918458
                        ]
                    },
                    "properties": {
                        "createdDate": 1703517942382,
                        "bearing": 324.7375183105469,
                        "velocity": 5.584164619445801
                    }
                },
                {
                    "type": "Feature",
                    "geometry": {
                        "type": "Point",
                        "coordinates": [
                            49.2486842,
                            55.7918904
                        ]
                    },
                    "properties": {
                        "createdDate": 1703517943389,
                        "bearing": 323.11944580078125,
                        "velocity": 6.323318958282471
                    }
                },
                {
                    "type": "Feature",
                    "geometry": {
                        "type": "Point",
                        "coordinates": [
                            49.2486272,
                            55.7919187
                        ]
                    },
                    "properties": {
                        "createdDate": 1703517944398,
                        "bearing": 324.61572265625,
                        "velocity": 6.0540337562561035
                    }
                },
                {
                    "type": "Feature",
                    "geometry": {
                        "type": "Point",
                        "coordinates": [
                            49.2485894,
                            55.7919601
                        ]
                    },
                    "properties": {
                        "createdDate": 1703517945389,
                        "bearing": 333.4649658203125,
                        "velocity": 5.704037666320801
                    }
                },
                {
                    "type": "Feature",
                    "geometry": {
                        "type": "Point",
                        "coordinates": [
                            49.2485628,
                            55.7920125
                        ]
                    },
                    "properties": {
                        "createdDate": 1703517946398,
                        "bearing": 336.6781921386719,
                        "velocity": 6.049870491027832
                    }
                },
                {
                    "type": "Feature",
                    "geometry": {
                        "type": "Point",
                        "coordinates": [
                            49.2485438,
                            55.7920607
                        ]
                    },
                    "properties": {
                        "createdDate": 1703517947403,
                        "bearing": 338.8460693359375,
                        "velocity": 5.928400039672852
                    }
                },
                {
                    "type": "Feature",
                    "geometry": {
                        "type": "Point",
                        "coordinates": [
                            49.2485026,
                            55.7921063
                        ]
                    },
                    "properties": {
                        "createdDate": 1703517948399,
                        "bearing": 333.6404113769531,
                        "velocity": 5.899876117706299
                    }
                },
                {
                    "type": "Feature",
                    "geometry": {
                        "type": "Point",
                        "coordinates": [
                            49.2484541,
                            55.792151
                        ]
                    },
                    "properties": {
                        "createdDate": 1703517949402,
                        "bearing": 329.5148620605469,
                        "velocity": 5.869614124298096
                    }
                },
                {
                    "type": "Feature",
                    "geometry": {
                        "type": "Point",
                        "coordinates": [
                            49.2483995,
                            55.7922029
                        ]
                    },
                    "properties": {
                        "createdDate": 1703517950410,
                        "bearing": 331.6188049316406,
                        "velocity": 6.719793319702148
                    }
                },
                {
                    "type": "Feature",
                    "geometry": {
                        "type": "Point",
                        "coordinates": [
                            49.2483509,
                            55.792254
                        ]
                    },
                    "properties": {
                        "createdDate": 1703517951404,
                        "bearing": 332.8812255859375,
                        "velocity": 6.39484167098999
                    }
                },
                {
                    "type": "Feature",
                    "geometry": {
                        "type": "Point",
                        "coordinates": [
                            49.2483034,
                            55.7923088
                        ]
                    },
                    "properties": {
                        "createdDate": 1703517952410,
                        "bearing": 332.98162841796875,
                        "velocity": 6.563343048095703
                    }
                },
                {
                    "type": "Feature",
                    "geometry": {
                        "type": "Point",
                        "coordinates": [
                            49.2482575,
                            55.7923664
                        ]
                    },
                    "properties": {
                        "createdDate": 1703517953407,
                        "bearing": 333.9261169433594,
                        "velocity": 6.6710076332092285
                    }
                },
                {
                    "type": "Feature",
                    "geometry": {
                        "type": "Point",
                        "coordinates": [
                            49.2482114,
                            55.7924295
                        ]
                    },
                    "properties": {
                        "createdDate": 1703517954409,
                        "bearing": 333.98809814453125,
                        "velocity": 7.1308112144470215
                    }
                },
                {
                    "type": "Feature",
                    "geometry": {
                        "type": "Point",
                        "coordinates": [
                            49.2481661,
                            55.7924915
                        ]
                    },
                    "properties": {
                        "createdDate": 1703517955405,
                        "bearing": 332.3321228027344,
                        "velocity": 6.789205551147461
                    }
                },
                {
                    "type": "Feature",
                    "geometry": {
                        "type": "Point",
                        "coordinates": [
                            49.2481187,
                            55.7925511
                        ]
                    },
                    "properties": {
                        "createdDate": 1703517956414,
                        "bearing": 332.99639892578125,
                        "velocity": 6.725211143493652
                    }
                },
                {
                    "type": "Feature",
                    "geometry": {
                        "type": "Point",
                        "coordinates": [
                            49.2480652,
                            55.7926097
                        ]
                    },
                    "properties": {
                        "createdDate": 1703517957416,
                        "bearing": 331.171142578125,
                        "velocity": 7.027792930603027
                    }
                },
                {
                    "type": "Feature",
                    "geometry": {
                        "type": "Point",
                        "coordinates": [
                            49.2480032,
                            55.7926661
                        ]
                    },
                    "properties": {
                        "createdDate": 1703517958407,
                        "bearing": 327.5030212402344,
                        "velocity": 6.9487690925598145
                    }
                },
                {
                    "type": "Feature",
                    "geometry": {
                        "type": "Point",
                        "coordinates": [
                            49.2479459,
                            55.7927352
                        ]
                    },
                    "properties": {
                        "createdDate": 1703517959417,
                        "bearing": 330.7748107910156,
                        "velocity": 7.190607070922852
                    }
                },
                {
                    "type": "Feature",
                    "geometry": {
                        "type": "Point",
                        "coordinates": [
                            49.2478802,
                            55.792801
                        ]
                    },
                    "properties": {
                        "createdDate": 1703517960406,
                        "bearing": 323.88323974609375,
                        "velocity": 7.595381259918213
                    }
                },
                {
                    "type": "Feature",
                    "geometry": {
                        "type": "Point",
                        "coordinates": [
                            49.2478123,
                            55.7928683
                        ]
                    },
                    "properties": {
                        "createdDate": 1703517961415,
                        "bearing": 328.55145263671875,
                        "velocity": 7.378050804138184
                    }
                },
                {
                    "type": "Feature",
                    "geometry": {
                        "type": "Point",
                        "coordinates": [
                            49.2477493,
                            55.7929247
                        ]
                    },
                    "properties": {
                        "createdDate": 1703517962423,
                        "bearing": 329.96844482421875,
                        "velocity": 6.3651251792907715
                    }
                },
                {
                    "type": "Feature",
                    "geometry": {
                        "type": "Point",
                        "coordinates": [
                            49.2476916,
                            55.7929725
                        ]
                    },
                    "properties": {
                        "createdDate": 1703517963417,
                        "bearing": 334.55657958984375,
                        "velocity": 5.966530799865723
                    }
                },
                {
                    "type": "Feature",
                    "geometry": {
                        "type": "Point",
                        "coordinates": [
                            49.2476467,
                            55.7930189
                        ]
                    },
                    "properties": {
                        "createdDate": 1703517964423,
                        "bearing": 333.2610168457031,
                        "velocity": 5.252971649169922
                    }
                },
                {
                    "type": "Feature",
                    "geometry": {
                        "type": "Point",
                        "coordinates": [
                            49.247605,
                            55.793065
                        ]
                    },
                    "properties": {
                        "createdDate": 1703517965430,
                        "bearing": 333.0495300292969,
                        "velocity": 5.14705228805542
                    }
                },
                {
                    "type": "Feature",
                    "geometry": {
                        "type": "Point",
                        "coordinates": [
                            49.2475694,
                            55.7931099
                        ]
                    },
                    "properties": {
                        "createdDate": 1703517966421,
                        "bearing": 334.9698791503906,
                        "velocity": 4.611275672912598
                    }
                },
                {
                    "type": "Feature",
                    "geometry": {
                        "type": "Point",
                        "coordinates": [
                            49.2475406,
                            55.7931503
                        ]
                    },
                    "properties": {
                        "createdDate": 1703517967431,
                        "bearing": 332.3537292480469,
                        "velocity": 4.459042549133301
                    }
                },
                {
                    "type": "Feature",
                    "geometry": {
                        "type": "Point",
                        "coordinates": [
                            49.247514,
                            55.7931923
                        ]
                    },
                    "properties": {
                        "createdDate": 1703517968421,
                        "bearing": 333.9819030761719,
                        "velocity": 4.243897438049316
                    }
                },
                {
                    "type": "Feature",
                    "geometry": {
                        "type": "Point",
                        "coordinates": [
                            49.247487,
                            55.7932265
                        ]
                    },
                    "properties": {
                        "createdDate": 1703517969429,
                        "bearing": 329.8822021484375,
                        "velocity": 3.524209976196289
                    }
                },
                {
                    "type": "Feature",
                    "geometry": {
                        "type": "Point",
                        "coordinates": [
                            49.2474679,
                            55.7932605
                        ]
                    },
                    "properties": {
                        "createdDate": 1703517970437,
                        "bearing": 332.8803405761719,
                        "velocity": 3.440375566482544
                    }
                },
                {
                    "type": "Feature",
                    "geometry": {
                        "type": "Point",
                        "coordinates": [
                            49.2474489,
                            55.7932942
                        ]
                    },
                    "properties": {
                        "createdDate": 1703517971428,
                        "bearing": 330.5431213378906,
                        "velocity": 3.4285659790039062
                    }
                },
                {
                    "type": "Feature",
                    "geometry": {
                        "type": "Point",
                        "coordinates": [
                            49.2474302,
                            55.7933224
                        ]
                    },
                    "properties": {
                        "createdDate": 1703517972437,
                        "bearing": 332.97955322265625,
                        "velocity": 3.013176202774048
                    }
                },
                {
                    "type": "Feature",
                    "geometry": {
                        "type": "Point",
                        "coordinates": [
                            49.2474215,
                            55.7933453
                        ]
                    },
                    "properties": {
                        "createdDate": 1703517973426,
                        "bearing": 336.8982849121094,
                        "velocity": 2.4880759716033936
                    }
                },
                {
                    "type": "Feature",
                    "geometry": {
                        "type": "Point",
                        "coordinates": [
                            49.2474157,
                            55.7933724
                        ]
                    },
                    "properties": {
                        "createdDate": 1703517974439,
                        "bearing": 333.72576904296875,
                        "velocity": 2.5196614265441895
                    }
                },
                {
                    "type": "Feature",
                    "geometry": {
                        "type": "Point",
                        "coordinates": [
                            49.2474077,
                            55.7933965
                        ]
                    },
                    "properties": {
                        "createdDate": 1703517975444,
                        "bearing": 334.4924621582031,
                        "velocity": 2.051234722137451
                    }
                },
                {
                    "type": "Feature",
                    "geometry": {
                        "type": "Point",
                        "coordinates": [
                            49.2473993,
                            55.793418
                        ]
                    },
                    "properties": {
                        "createdDate": 1703517976441,
                        "bearing": 338.8549499511719,
                        "velocity": 1.8789511919021606
                    }
                },
                {
                    "type": "Feature",
                    "geometry": {
                        "type": "Point",
                        "coordinates": [
                            49.2473875,
                            55.7934306
                        ]
                    },
                    "properties": {
                        "createdDate": 1703517977444,
                        "bearing": 356.0165710449219,
                        "velocity": 0.24206215143203735
                    }
                },
                {
                    "type": "Feature",
                    "geometry": {
                        "type": "Point",
                        "coordinates": [
                            49.2473811,
                            55.7934307
                        ]
                    },
                    "properties": {
                        "createdDate": 1703517978451,
                        "bearing": 0.0,
                        "velocity": 0.03959339112043381
                    }
                },
                {
                    "type": "Feature",
                    "geometry": {
                        "type": "Point",
                        "coordinates": [
                            49.2473781,
                            55.7934315
                        ]
                    },
                    "properties": {
                        "createdDate": 1703517979446,
                        "bearing": 0.0,
                        "velocity": 0.005424243398010731
                    }
                },
                {
                    "type": "Feature",
                    "geometry": {
                        "type": "Point",
                        "coordinates": [
                            49.2473771,
                            55.7934317
                        ]
                    },
                    "properties": {
                        "createdDate": 1703517980451,
                        "bearing": 0.0,
                        "velocity": 5.795664619654417E-4
                    }
                },
                {
                    "type": "Feature",
                    "geometry": {
                        "type": "Point",
                        "coordinates": [
                            49.2473768,
                            55.7934317
                        ]
                    },
                    "properties": {
                        "createdDate": 1703517981458,
                        "bearing": 0.0,
                        "velocity": 6.568300887010992E-5
                    }
                },
                {
                    "type": "Feature",
                    "geometry": {
                        "type": "Point",
                        "coordinates": [
                            49.2473767,
                            55.7934317
                        ]
                    },
                    "properties": {
                        "createdDate": 1703517982450,
                        "bearing": 0.0,
                        "velocity": 6.856776508357143E-6
                    }
                },
                {
                    "type": "Feature",
                    "geometry": {
                        "type": "Point",
                        "coordinates": [
                            49.2473468,
                            55.7934347
                        ]
                    },
                    "properties": {
                        "createdDate": 1703517994479,
                        "bearing": 262.6614685058594,
                        "velocity": 0.3270682394504547
                    }
                },
                {
                    "type": "Feature",
                    "geometry": {
                        "type": "Point",
                        "coordinates": [
                            49.2473162,
                            55.7934363
                        ]
                    },
                    "properties": {
                        "createdDate": 1703517995474,
                        "bearing": 267.7400207519531,
                        "velocity": 0.7350159883499146
                    }
                },
                {
                    "type": "Feature",
                    "geometry": {
                        "type": "Point",
                        "coordinates": [
                            49.2472814,
                            55.7934346
                        ]
                    },
                    "properties": {
                        "createdDate": 1703517996477,
                        "bearing": 254.9658660888672,
                        "velocity": 1.2093547582626343
                    }
                },
                {
                    "type": "Feature",
                    "geometry": {
                        "type": "Point",
                        "coordinates": [
                            49.2472406,
                            55.7934243
                        ]
                    },
                    "properties": {
                        "createdDate": 1703517997470,
                        "bearing": 240.02877807617188,
                        "velocity": 1.7746386528015137
                    }
                },
                {
                    "type": "Feature",
                    "geometry": {
                        "type": "Point",
                        "coordinates": [
                            49.2471887,
                            55.7934068
                        ]
                    },
                    "properties": {
                        "createdDate": 1703517998478,
                        "bearing": 236.4480438232422,
                        "velocity": 2.5383522510528564
                    }
                },
                {
                    "type": "Feature",
                    "geometry": {
                        "type": "Point",
                        "coordinates": [
                            49.2471236,
                            55.7933855
                        ]
                    },
                    "properties": {
                        "createdDate": 1703517999470,
                        "bearing": 235.8783721923828,
                        "velocity": 3.3439579010009766
                    }
                },
                {
                    "type": "Feature",
                    "geometry": {
                        "type": "Point",
                        "coordinates": [
                            49.2470511,
                            55.7933622
                        ]
                    },
                    "properties": {
                        "createdDate": 1703518000477,
                        "bearing": 235.58364868164062,
                        "velocity": 3.9734156131744385
                    }
                },
                {
                    "type": "Feature",
                    "geometry": {
                        "type": "Point",
                        "coordinates": [
                            49.2469742,
                            55.7933376
                        ]
                    },
                    "properties": {
                        "createdDate": 1703518001484,
                        "bearing": 236.02586364746094,
                        "velocity": 4.39971923828125
                    }
                },
                {
                    "type": "Feature",
                    "geometry": {
                        "type": "Point",
                        "coordinates": [
                            49.2468944,
                            55.7933104
                        ]
                    },
                    "properties": {
                        "createdDate": 1703518002480,
                        "bearing": 236.12564086914062,
                        "velocity": 4.804082870483398
                    }
                },
                {
                    "type": "Feature",
                    "geometry": {
                        "type": "Point",
                        "coordinates": [
                            49.2468125,
                            55.7932834
                        ]
                    },
                    "properties": {
                        "createdDate": 1703518003472,
                        "bearing": 236.875244140625,
                        "velocity": 5.135968208312988
                    }
                },
                {
                    "type": "Feature",
                    "geometry": {
                        "type": "Point",
                        "coordinates": [
                            49.2467205,
                            55.7932561
                        ]
                    },
                    "properties": {
                        "createdDate": 1703518004491,
                        "bearing": 238.2773895263672,
                        "velocity": 5.453858852386475
                    }
                },
                {
                    "type": "Feature",
                    "geometry": {
                        "type": "Point",
                        "coordinates": [
                            49.2466259,
                            55.7932328
                        ]
                    },
                    "properties": {
                        "createdDate": 1703518005500,
                        "bearing": 241.544677734375,
                        "velocity": 5.639899253845215
                    }
                },
                {
                    "type": "Feature",
                    "geometry": {
                        "type": "Point",
                        "coordinates": [
                            49.2465252,
                            55.7932105
                        ]
                    },
                    "properties": {
                        "createdDate": 1703518006492,
                        "bearing": 243.6067352294922,
                        "velocity": 5.805354595184326
                    }
                },
                {
                    "type": "Feature",
                    "geometry": {
                        "type": "Point",
                        "coordinates": [
                            49.2464239,
                            55.7931936
                        ]
                    },
                    "properties": {
                        "createdDate": 1703518007499,
                        "bearing": 246.3289794921875,
                        "velocity": 5.898522853851318
                    }
                },
                {
                    "type": "Feature",
                    "geometry": {
                        "type": "Point",
                        "coordinates": [
                            49.2463251,
                            55.793176
                        ]
                    },
                    "properties": {
                        "createdDate": 1703518008496,
                        "bearing": 248.4237823486328,
                        "velocity": 5.9513044357299805
                    }
                },
                {
                    "type": "Feature",
                    "geometry": {
                        "type": "Point",
                        "coordinates": [
                            49.2462379,
                            55.7931532
                        ]
                    },
                    "properties": {
                        "createdDate": 1703518009498,
                        "bearing": 246.4234619140625,
                        "velocity": 5.934239864349365
                    }
                },
                {
                    "type": "Feature",
                    "geometry": {
                        "type": "Point",
                        "coordinates": [
                            49.2461502,
                            55.7931307
                        ]
                    },
                    "properties": {
                        "createdDate": 1703518010505,
                        "bearing": 245.6729736328125,
                        "velocity": 5.939643859863281
                    }
                },
                {
                    "type": "Feature",
                    "geometry": {
                        "type": "Point",
                        "coordinates": [
                            49.2460654,
                            55.7931109
                        ]
                    },
                    "properties": {
                        "createdDate": 1703518011498,
                        "bearing": 247.1015625,
                        "velocity": 5.814320087432861
                    }
                },
                {
                    "type": "Feature",
                    "geometry": {
                        "type": "Point",
                        "coordinates": [
                            49.2459935,
                            55.7930991
                        ]
                    },
                    "properties": {
                        "createdDate": 1703518012506,
                        "bearing": 249.59156799316406,
                        "velocity": 5.4376420974731445
                    }
                },
                {
                    "type": "Feature",
                    "geometry": {
                        "type": "Point",
                        "coordinates": [
                            49.2459295,
                            55.7930955
                        ]
                    },
                    "properties": {
                        "createdDate": 1703518013498,
                        "bearing": 252.22808837890625,
                        "velocity": 5.102055549621582
                    }
                },
                {
                    "type": "Feature",
                    "geometry": {
                        "type": "Point",
                        "coordinates": [
                            49.2458679,
                            55.7930948
                        ]
                    },
                    "properties": {
                        "createdDate": 1703518014507,
                        "bearing": 256.0904541015625,
                        "velocity": 4.738828182220459
                    }
                },
                {
                    "type": "Feature",
                    "geometry": {
                        "type": "Point",
                        "coordinates": [
                            49.2458117,
                            55.7930847
                        ]
                    },
                    "properties": {
                        "createdDate": 1703518015513,
                        "bearing": 254.7883758544922,
                        "velocity": 4.421695709228516
                    }
                },
                {
                    "type": "Feature",
                    "geometry": {
                        "type": "Point",
                        "coordinates": [
                            49.2457475,
                            55.7930757
                        ]
                    },
                    "properties": {
                        "createdDate": 1703518016506,
                        "bearing": 254.57492065429688,
                        "velocity": 4.116838455200195
                    }
                },
                {
                    "type": "Feature",
                    "geometry": {
                        "type": "Point",
                        "coordinates": [
                            49.2456773,
                            55.7930664
                        ]
                    },
                    "properties": {
                        "createdDate": 1703518017512,
                        "bearing": 252.28089904785156,
                        "velocity": 4.165397644042969
                    }
                },
                {
                    "type": "Feature",
                    "geometry": {
                        "type": "Point",
                        "coordinates": [
                            49.2455997,
                            55.7930504
                        ]
                    },
                    "properties": {
                        "createdDate": 1703518018519,
                        "bearing": 248.54644775390625,
                        "velocity": 4.3529372215271
                    }
                },
                {
                    "type": "Feature",
                    "geometry": {
                        "type": "Point",
                        "coordinates": [
                            49.2455268,
                            55.793035
                        ]
                    },
                    "properties": {
                        "createdDate": 1703518019512,
                        "bearing": 248.8524169921875,
                        "velocity": 4.2198567390441895
                    }
                },
                {
                    "type": "Feature",
                    "geometry": {
                        "type": "Point",
                        "coordinates": [
                            49.2454632,
                            55.7930232
                        ]
                    },
                    "properties": {
                        "createdDate": 1703518020518,
                        "bearing": 251.12013244628906,
                        "velocity": 3.9961657524108887
                    }
                },
                {
                    "type": "Feature",
                    "geometry": {
                        "type": "Point",
                        "coordinates": [
                            49.2454031,
                            55.7930084
                        ]
                    },
                    "properties": {
                        "createdDate": 1703518021514,
                        "bearing": 248.00991821289062,
                        "velocity": 3.9391050338745117
                    }
                },
                {
                    "type": "Feature",
                    "geometry": {
                        "type": "Point",
                        "coordinates": [
                            49.245353,
                            55.7929914
                        ]
                    },
                    "properties": {
                        "createdDate": 1703518022518,
                        "bearing": 244.468505859375,
                        "velocity": 3.684730052947998
                    }
                },
                {
                    "type": "Feature",
                    "geometry": {
                        "type": "Point",
                        "coordinates": [
                            49.2453152,
                            55.7929759
                        ]
                    },
                    "properties": {
                        "createdDate": 1703518023526,
                        "bearing": 244.22518920898438,
                        "velocity": 3.251598834991455
                    }
                },
                {
                    "type": "Feature",
                    "geometry": {
                        "type": "Point",
                        "coordinates": [
                            49.2452896,
                            55.792968
                        ]
                    },
                    "properties": {
                        "createdDate": 1703518024521,
                        "bearing": 246.6251678466797,
                        "velocity": 1.7457481622695923
                    }
                },
                {
                    "type": "Feature",
                    "geometry": {
                        "type": "Point",
                        "coordinates": [
                            49.2452733,
                            55.7929664
                        ]
                    },
                    "properties": {
                        "createdDate": 1703518025526,
                        "bearing": 246.3193359375,
                        "velocity": 1.441938042640686
                    }
                },
                {
                    "type": "Feature",
                    "geometry": {
                        "type": "Point",
                        "coordinates": [
                            49.2452457,
                            55.7929704
                        ]
                    },
                    "properties": {
                        "createdDate": 1703518026518,
                        "bearing": 316.9669189453125,
                        "velocity": 2.1154844760894775
                    }
                },
                {
                    "type": "Feature",
                    "geometry": {
                        "type": "Point",
                        "coordinates": [
                            49.2452324,
                            55.7929897
                        ]
                    },
                    "properties": {
                        "createdDate": 1703518027527,
                        "bearing": 323.4759521484375,
                        "velocity": 2.855924606323242
                    }
                },
                {
                    "type": "Feature",
                    "geometry": {
                        "type": "Point",
                        "coordinates": [
                            49.2452165,
                            55.7930116
                        ]
                    },
                    "properties": {
                        "createdDate": 1703518028535,
                        "bearing": 327.51220703125,
                        "velocity": 4.005667209625244
                    }
                },
                {
                    "type": "Feature",
                    "geometry": {
                        "type": "Point",
                        "coordinates": [
                            49.2451839,
                            55.7930467
                        ]
                    },
                    "properties": {
                        "createdDate": 1703518029531,
                        "bearing": 326.98681640625,
                        "velocity": 4.827807903289795
                    }
                },
                {
                    "type": "Feature",
                    "geometry": {
                        "type": "Point",
                        "coordinates": [
                            49.2451361,
                            55.7930748
                        ]
                    },
                    "properties": {
                        "createdDate": 1703518030532,
                        "bearing": 329.2798767089844,
                        "velocity": 5.0002546310424805
                    }
                },
                {
                    "type": "Feature",
                    "geometry": {
                        "type": "Point",
                        "coordinates": [
                            49.2450951,
                            55.7931087
                        ]
                    },
                    "properties": {
                        "createdDate": 1703518031542,
                        "bearing": 328.93243408203125,
                        "velocity": 5.2284417152404785
                    }
                },
                {
                    "type": "Feature",
                    "geometry": {
                        "type": "Point",
                        "coordinates": [
                            49.2450354,
                            55.7931342
                        ]
                    },
                    "properties": {
                        "createdDate": 1703518032533,
                        "bearing": 328.692138671875,
                        "velocity": 4.919325351715088
                    }
                },
                {
                    "type": "Feature",
                    "geometry": {
                        "type": "Point",
                        "coordinates": [
                            49.2449642,
                            55.7931501
                        ]
                    },
                    "properties": {
                        "createdDate": 1703518033541,
                        "bearing": 319.8188781738281,
                        "velocity": 4.362066745758057
                    }
                },
                {
                    "type": "Feature",
                    "geometry": {
                        "type": "Point",
                        "coordinates": [
                            49.2449215,
                            55.7931692
                        ]
                    },
                    "properties": {
                        "createdDate": 1703518034534,
                        "bearing": 324.93634033203125,
                        "velocity": 3.4886679649353027
                    }
                },
                {
                    "type": "Feature",
                    "geometry": {
                        "type": "Point",
                        "coordinates": [
                            49.2448878,
                            55.7931877
                        ]
                    },
                    "properties": {
                        "createdDate": 1703518035541,
                        "bearing": 328.4163513183594,
                        "velocity": 2.8409125804901123
                    }
                },
                {
                    "type": "Feature",
                    "geometry": {
                        "type": "Point",
                        "coordinates": [
                            49.2448635,
                            55.7932039
                        ]
                    },
                    "properties": {
                        "createdDate": 1703518036535,
                        "bearing": 327.1281433105469,
                        "velocity": 2.5412631034851074
                    }
                },
                {
                    "type": "Feature",
                    "geometry": {
                        "type": "Point",
                        "coordinates": [
                            49.2448525,
                            55.7932208
                        ]
                    },
                    "properties": {
                        "createdDate": 1703518037541,
                        "bearing": 336.3914489746094,
                        "velocity": 1.9357558488845825
                    }
                },
                {
                    "type": "Feature",
                    "geometry": {
                        "type": "Point",
                        "coordinates": [
                            49.2448471,
                            55.7932319
                        ]
                    },
                    "properties": {
                        "createdDate": 1703518038547,
                        "bearing": 345.32623291015625,
                        "velocity": 1.5770647525787354
                    }
                },
                {
                    "type": "Feature",
                    "geometry": {
                        "type": "Point",
                        "coordinates": [
                            49.2448438,
                            55.7932441
                        ]
                    },
                    "properties": {
                        "createdDate": 1703518039544,
                        "bearing": 0.9952270984649658,
                        "velocity": 1.694801688194275
                    }
                },
                {
                    "type": "Feature",
                    "geometry": {
                        "type": "Point",
                        "coordinates": [
                            49.2448471,
                            55.793251
                        ]
                    },
                    "properties": {
                        "createdDate": 1703518040548,
                        "bearing": 0.002062218263745308,
                        "velocity": 0.15827523171901703
                    }
                },
                {
                    "type": "Feature",
                    "geometry": {
                        "type": "Point",
                        "coordinates": [
                            49.244857,
                            55.793253
                        ]
                    },
                    "properties": {
                        "createdDate": 1703518041554,
                        "bearing": 0.0,
                        "velocity": 0.022310076281428337
                    }
                },
                {
                    "type": "Feature",
                    "geometry": {
                        "type": "Point",
                        "coordinates": [
                            49.2448692,
                            55.7932568
                        ]
                    },
                    "properties": {
                        "createdDate": 1703518042550,
                        "bearing": 0.0,
                        "velocity": 0.00612488342449069
                    }
                },
                {
                    "type": "Feature",
                    "geometry": {
                        "type": "Point",
                        "coordinates": [
                            49.2448731,
                            55.7932579
                        ]
                    },
                    "properties": {
                        "createdDate": 1703518043554,
                        "bearing": 0.0,
                        "velocity": 0.0015759060624986887
                    }
                },
                {
                    "type": "Feature",
                    "geometry": {
                        "type": "Point",
                        "coordinates": [
                            49.2448744,
                            55.7932582
                        ]
                    },
                    "properties": {
                        "createdDate": 1703518044562,
                        "bearing": 0.0,
                        "velocity": 4.625558212865144E-4
                    }
                },
                {
                    "type": "Feature",
                    "geometry": {
                        "type": "Point",
                        "coordinates": [
                            49.2448748,
                            55.7932583
                        ]
                    },
                    "properties": {
                        "createdDate": 1703518045553,
                        "bearing": 0.0,
                        "velocity": 1.3532687444239855E-4
                    }
                },
                {
                    "type": "Feature",
                    "geometry": {
                        "type": "Point",
                        "coordinates": [
                            49.2448749,
                            55.7932583
                        ]
                    },
                    "properties": {
                        "createdDate": 1703518046561,
                        "bearing": 0.0,
                        "velocity": 8.376593177672476E-5
                    }
                },
                {
                    "type": "Feature",
                    "geometry": {
                        "type": "Point",
                        "coordinates": [
                            49.244875,
                            55.7932583
                        ]
                    },
                    "properties": {
                        "createdDate": 1703518047553,
                        "bearing": 0.0,
                        "velocity": 1.4562179785571061E-5
                    }
                },
                {
                    "type": "Feature",
                    "geometry": {
                        "type": "Point",
                        "coordinates": [
                            49.2449609,
                            55.793302
                        ]
                    },
                    "properties": {
                        "createdDate": 1703518052563,
                        "bearing": 1.2971501350402832,
                        "velocity": 0.22669751942157745
                    }
                },
                {
                    "type": "Feature",
                    "geometry": {
                        "type": "Point",
                        "coordinates": [
                            49.2450078,
                            55.793324
                        ]
                    },
                    "properties": {
                        "createdDate": 1703518053567,
                        "bearing": 52.09567642211914,
                        "velocity": 1.614786148071289
                    }
                },
                {
                    "type": "Feature",
                    "geometry": {
                        "type": "Point",
                        "coordinates": [
                            49.2450321,
                            55.7933356
                        ]
                    },
                    "properties": {
                        "createdDate": 1703518054575,
                        "bearing": 63.188720703125,
                        "velocity": 1.822792649269104
                    }
                },
                {
                    "type": "Feature",
                    "geometry": {
                        "type": "Point",
                        "coordinates": [
                            49.2450316,
                            55.7933384
                        ]
                    },
                    "properties": {
                        "createdDate": 1703518055568,
                        "bearing": 68.59578704833984,
                        "velocity": 1.5997802019119263
                    }
                },
                {
                    "type": "Feature",
                    "geometry": {
                        "type": "Point",
                        "coordinates": [
                            49.2450498,
                            55.7933407
                        ]
                    },
                    "properties": {
                        "createdDate": 1703518056575,
                        "bearing": 71.0280532836914,
                        "velocity": 1.4254882335662842
                    }
                },
                {
                    "type": "Feature",
                    "geometry": {
                        "type": "Point",
                        "coordinates": [
                            49.2450817,
                            55.7933449
                        ]
                    },
                    "properties": {
                        "createdDate": 1703518057565,
                        "bearing": 73.74857330322266,
                        "velocity": 1.5960636138916016
                    }
                },
                {
                    "type": "Feature",
                    "geometry": {
                        "type": "Point",
                        "coordinates": [
                            49.2451364,
                            55.7933358
                        ]
                    },
                    "properties": {
                        "createdDate": 1703518058575,
                        "bearing": 90.92522430419922,
                        "velocity": 2.153087615966797
                    }
                },
                {
                    "type": "Feature",
                    "geometry": {
                        "type": "Point",
                        "coordinates": [
                            49.2451962,
                            55.7933173
                        ]
                    },
                    "properties": {
                        "createdDate": 1703518059581,
                        "bearing": 103.64340209960938,
                        "velocity": 2.6923727989196777
                    }
                },
                {
                    "type": "Feature",
                    "geometry": {
                        "type": "Point",
                        "coordinates": [
                            49.2452408,
                            55.7933079
                        ]
                    },
                    "properties": {
                        "createdDate": 1703518060588,
                        "bearing": 104.87612915039062,
                        "velocity": 2.6727187633514404
                    }
                },
                {
                    "type": "Feature",
                    "geometry": {
                        "type": "Point",
                        "coordinates": [
                            49.245281,
                            55.7933018
                        ]
                    },
                    "properties": {
                        "createdDate": 1703518061584,
                        "bearing": 103.88860321044922,
                        "velocity": 2.606109619140625
                    }
                },
                {
                    "type": "Feature",
                    "geometry": {
                        "type": "Point",
                        "coordinates": [
                            49.2453204,
                            55.793299
                        ]
                    },
                    "properties": {
                        "createdDate": 1703518062587,
                        "bearing": 101.693115234375,
                        "velocity": 2.5299596786499023
                    }
                },
                {
                    "type": "Feature",
                    "geometry": {
                        "type": "Point",
                        "coordinates": [
                            49.2453586,
                            55.7932996
                        ]
                    },
                    "properties": {
                        "createdDate": 1703518063581,
                        "bearing": 97.8066635131836,
                        "velocity": 2.47611141204834
                    }
                },
                {
                    "type": "Feature",
                    "geometry": {
                        "type": "Point",
                        "coordinates": [
                            49.2453994,
                            55.7932989
                        ]
                    },
                    "properties": {
                        "createdDate": 1703518064587,
                        "bearing": 96.94542694091797,
                        "velocity": 2.502143383026123
                    }
                },
                {
                    "type": "Feature",
                    "geometry": {
                        "type": "Point",
                        "coordinates": [
                            49.2454326,
                            55.7933055
                        ]
                    },
                    "properties": {
                        "createdDate": 1703518065579,
                        "bearing": 90.30657196044922,
                        "velocity": 2.332136869430542
                    }
                },
                {
                    "type": "Feature",
                    "geometry": {
                        "type": "Point",
                        "coordinates": [
                            49.2458602,
                            55.7933046
                        ]
                    },
                    "properties": {
                        "createdDate": 1703518081606,
                        "bearing": 90.21634674072266,
                        "velocity": 2.0556418895721436
                    }
                },
                {
                    "type": "Feature",
                    "geometry": {
                        "type": "Point",
                        "coordinates": [
                            49.2459582,
                            55.7933047
                        ]
                    },
                    "properties": {
                        "createdDate": 1703518086612,
                        "bearing": 90.13416290283203,
                        "velocity": 1.80905282497406
                    }
                },
                {
                    "type": "Feature",
                    "geometry": {
                        "type": "Point",
                        "coordinates": [
                            49.2429275,
                            55.7886688
                        ]
                    },
                    "properties": {
                        "createdDate": 1703518146640,
                        "bearing": 0.0,
                        "velocity": 0.0
                    }
                },
                {
                    "type": "Feature",
                    "geometry": {
                        "type": "Point",
                        "coordinates": [
                            49.24566,
                            55.7936783
                        ]
                    },
                    "properties": {
                        "createdDate": 1703518160651,
                        "bearing": 359.0,
                        "velocity": 2.5036089420318604
                    }
                },
                {
                    "type": "Feature",
                    "geometry": {
                        "type": "Point",
                        "coordinates": [
                            49.245597,
                            55.793652
                        ]
                    },
                    "properties": {
                        "createdDate": 1703518161659,
                        "bearing": 348.17449951171875,
                        "velocity": 1.5397840738296509
                    }
                },
                {
                    "type": "Feature",
                    "geometry": {
                        "type": "Point",
                        "coordinates": [
                            49.2456357,
                            55.7936694
                        ]
                    },
                    "properties": {
                        "createdDate": 1703518162650,
                        "bearing": 0.7249393463134766,
                        "velocity": 1.0456470251083374
                    }
                },
                {
                    "type": "Feature",
                    "geometry": {
                        "type": "Point",
                        "coordinates": [
                            49.2456496,
                            55.7936325
                        ]
                    },
                    "properties": {
                        "createdDate": 1703518163641,
                        "bearing": 176.3511505126953,
                        "velocity": 0.2913624942302704
                    }
                },
                {
                    "type": "Feature",
                    "geometry": {
                        "type": "Point",
                        "coordinates": [
                            49.245659,
                            55.7936065
                        ]
                    },
                    "properties": {
                        "createdDate": 1703518164650,
                        "bearing": 178.45201110839844,
                        "velocity": 0.6679039001464844
                    }
                },
                {
                    "type": "Feature",
                    "geometry": {
                        "type": "Point",
                        "coordinates": [
                            49.2456635,
                            55.7935956
                        ]
                    },
                    "properties": {
                        "createdDate": 1703518165658,
                        "bearing": 178.86688232421875,
                        "velocity": 0.5556783676147461
                    }
                },
                {
                    "type": "Feature",
                    "geometry": {
                        "type": "Point",
                        "coordinates": [
                            49.2456939,
                            55.7935792
                        ]
                    },
                    "properties": {
                        "createdDate": 1703518166651,
                        "bearing": 158.6641845703125,
                        "velocity": 0.2014549970626831
                    }
                },
                {
                    "type": "Feature",
                    "geometry": {
                        "type": "Point",
                        "coordinates": [
                            49.2457196,
                            55.793562
                        ]
                    },
                    "properties": {
                        "createdDate": 1703518167639,
                        "bearing": 126.31336212158203,
                        "velocity": 0.15332365036010742
                    }
                },
                {
                    "type": "Feature",
                    "geometry": {
                        "type": "Point",
                        "coordinates": [
                            49.2457337,
                            55.7935441
                        ]
                    },
                    "properties": {
                        "createdDate": 1703518168648,
                        "bearing": 138.25286865234375,
                        "velocity": 0.19166092574596405
                    }
                },
                {
                    "type": "Feature",
                    "geometry": {
                        "type": "Point",
                        "coordinates": [
                            49.2457434,
                            55.7935352
                        ]
                    },
                    "properties": {
                        "createdDate": 1703518169656,
                        "bearing": 137.46002197265625,
                        "velocity": 0.1912742257118225
                    }
                },
                {
                    "type": "Feature",
                    "geometry": {
                        "type": "Point",
                        "coordinates": [
                            49.2457525,
                            55.7935405
                        ]
                    },
                    "properties": {
                        "createdDate": 1703518170648,
                        "bearing": 125.82249450683594,
                        "velocity": 0.16052350401878357
                    }
                },
                {
                    "type": "Feature",
                    "geometry": {
                        "type": "Point",
                        "coordinates": [
                            49.2457571,
                            55.7935432
                        ]
                    },
                    "properties": {
                        "createdDate": 1703518171656,
                        "bearing": 118.86246490478516,
                        "velocity": 0.14588360488414764
                    }
                },
                {
                    "type": "Feature",
                    "geometry": {
                        "type": "Point",
                        "coordinates": [
                            49.2457595,
                            55.7935447
                        ]
                    },
                    "properties": {
                        "createdDate": 1703518172647,
                        "bearing": 114.39286804199219,
                        "velocity": 0.1353367120027542
                    }
                },
                {
                    "type": "Feature",
                    "geometry": {
                        "type": "Point",
                        "coordinates": [
                            49.2457607,
                            55.7935455
                        ]
                    },
                    "properties": {
                        "createdDate": 1703518173655,
                        "bearing": 111.36917877197266,
                        "velocity": 0.12628965079784393
                    }
                },
                {
                    "type": "Feature",
                    "geometry": {
                        "type": "Point",
                        "coordinates": [
                            49.2457613,
                            55.7935459
                        ]
                    },
                    "properties": {
                        "createdDate": 1703518174646,
                        "bearing": 109.47593688964844,
                        "velocity": 0.11906559765338898
                    }
                },
                {
                    "type": "Feature",
                    "geometry": {
                        "type": "Point",
                        "coordinates": [
                            49.2457615,
                            55.7935461
                        ]
                    },
                    "properties": {
                        "createdDate": 1703518175639,
                        "bearing": 108.01264190673828,
                        "velocity": 0.11209287494421005
                    }
                },
                {
                    "type": "Feature",
                    "geometry": {
                        "type": "Point",
                        "coordinates": [
                            49.2457602,
                            55.7935461
                        ]
                    },
                    "properties": {
                        "createdDate": 1703518177656,
                        "bearing": 0.0,
                        "velocity": 0.04374280199408531
                    }
                },
                {
                    "type": "Feature",
                    "geometry": {
                        "type": "Point",
                        "coordinates": [
                            49.2457616,
                            55.7935462
                        ]
                    },
                    "properties": {
                        "createdDate": 1703518178644,
                        "bearing": 0.0,
                        "velocity": 0.04103901982307434
                    }
                },
                {
                    "type": "Feature",
                    "geometry": {
                        "type": "Point",
                        "coordinates": [
                            49.2457619,
                            55.7935463
                        ]
                    },
                    "properties": {
                        "createdDate": 1703518179653,
                        "bearing": 0.0,
                        "velocity": 0.02825416810810566
                    }
                },
                {
                    "type": "Feature",
                    "geometry": {
                        "type": "Point",
                        "coordinates": [
                            49.2457622,
                            55.7935462
                        ]
                    },
                    "properties": {
                        "createdDate": 1703518181651,
                        "bearing": 0.0,
                        "velocity": 0.012155669741332531
                    }
                },
                {
                    "type": "Feature",
                    "geometry": {
                        "type": "Point",
                        "coordinates": [
                            49.2457615,
                            55.7935465
                        ]
                    },
                    "properties": {
                        "createdDate": 1703518182660,
                        "bearing": 0.0,
                        "velocity": 0.0046530431136488914
                    }
                },
                {
                    "type": "Feature",
                    "geometry": {
                        "type": "Point",
                        "coordinates": [
                            49.2457668,
                            55.7935502
                        ]
                    },
                    "properties": {
                        "createdDate": 1703518183651,
                        "bearing": 0.0,
                        "velocity": 0.0056390948593616486
                    }
                },
                {
                    "type": "Feature",
                    "geometry": {
                        "type": "Point",
                        "coordinates": [
                            49.2457689,
                            55.7935521
                        ]
                    },
                    "properties": {
                        "createdDate": 1703518184659,
                        "bearing": 0.0,
                        "velocity": 0.0065559642389416695
                    }
                },
                {
                    "type": "Feature",
                    "geometry": {
                        "type": "Point",
                        "coordinates": [
                            49.2457726,
                            55.7935528
                        ]
                    },
                    "properties": {
                        "createdDate": 1703518185649,
                        "bearing": 0.0,
                        "velocity": 0.06899859756231308
                    }
                },
                {
                    "type": "Feature",
                    "geometry": {
                        "type": "Point",
                        "coordinates": [
                            49.2457746,
                            55.7935511
                        ]
                    },
                    "properties": {
                        "createdDate": 1703518186658,
                        "bearing": 0.0,
                        "velocity": 0.04815506935119629
                    }
                },
                {
                    "type": "Feature",
                    "geometry": {
                        "type": "Point",
                        "coordinates": [
                            49.245778,
                            55.7935451
                        ]
                    },
                    "properties": {
                        "createdDate": 1703518187666,
                        "bearing": 0.0,
                        "velocity": 0.08210247755050659
                    }
                },
                {
                    "type": "Feature",
                    "geometry": {
                        "type": "Point",
                        "coordinates": [
                            49.2457933,
                            55.793547
                        ]
                    },
                    "properties": {
                        "createdDate": 1703518188657,
                        "bearing": 135.88323974609375,
                        "velocity": 0.1470041126012802
                    }
                },
                {
                    "type": "Feature",
                    "geometry": {
                        "type": "Point",
                        "coordinates": [
                            49.2458053,
                            55.7935426
                        ]
                    },
                    "properties": {
                        "createdDate": 1703518189665,
                        "bearing": 129.43649291992188,
                        "velocity": 0.2398906648159027
                    }
                },
                {
                    "type": "Feature",
                    "geometry": {
                        "type": "Point",
                        "coordinates": [
                            49.2458119,
                            55.7935341
                        ]
                    },
                    "properties": {
                        "createdDate": 1703518190659,
                        "bearing": 141.78408813476562,
                        "velocity": 0.29876407980918884
                    }
                },
                {
                    "type": "Feature",
                    "geometry": {
                        "type": "Point",
                        "coordinates": [
                            49.2458137,
                            55.7935239
                        ]
                    },
                    "properties": {
                        "createdDate": 1703518191666,
                        "bearing": 152.64366149902344,
                        "velocity": 0.3197486996650696
                    }
                },
                {
                    "type": "Feature",
                    "geometry": {
                        "type": "Point",
                        "coordinates": [
                            49.2458133,
                            55.7935081
                        ]
                    },
                    "properties": {
                        "createdDate": 1703518192673,
                        "bearing": 157.85861206054688,
                        "velocity": 0.4042096436023712
                    }
                },
                {
                    "type": "Feature",
                    "geometry": {
                        "type": "Point",
                        "coordinates": [
                            49.245817,
                            55.7934929
                        ]
                    },
                    "properties": {
                        "createdDate": 1703518193666,
                        "bearing": 152.86553955078125,
                        "velocity": 0.49314019083976746
                    }
                },
                {
                    "type": "Feature",
                    "geometry": {
                        "type": "Point",
                        "coordinates": [
                            49.2458224,
                            55.793486
                        ]
                    },
                    "properties": {
                        "createdDate": 1703518194672,
                        "bearing": 145.6671142578125,
                        "velocity": 0.48191162943840027
                    }
                },
                {
                    "type": "Feature",
                    "geometry": {
                        "type": "Point",
                        "coordinates": [
                            49.2458323,
                            55.7934218
                        ]
                    },
                    "properties": {
                        "createdDate": 1703518195681,
                        "bearing": 152.1212158203125,
                        "velocity": 0.6525318622589111
                    }
                },
                {
                    "type": "Feature",
                    "geometry": {
                        "type": "Point",
                        "coordinates": [
                            49.2458398,
                            55.7933958
                        ]
                    },
                    "properties": {
                        "createdDate": 1703518196672,
                        "bearing": 150.65081787109375,
                        "velocity": 0.7186979055404663
                    }
                },
                {
                    "type": "Feature",
                    "geometry": {
                        "type": "Point",
                        "coordinates": [
                            49.2458538,
                            55.7933593
                        ]
                    },
                    "properties": {
                        "createdDate": 1703518197679,
                        "bearing": 147.53839111328125,
                        "velocity": 0.8240274786949158
                    }
                },
                {
                    "type": "Feature",
                    "geometry": {
                        "type": "Point",
                        "coordinates": [
                            49.2458624,
                            55.7933432
                        ]
                    },
                    "properties": {
                        "createdDate": 1703518198670,
                        "bearing": 148.0771942138672,
                        "velocity": 0.839634120464325
                    }
                },
                {
                    "type": "Feature",
                    "geometry": {
                        "type": "Point",
                        "coordinates": [
                            49.2458711,
                            55.7933293
                        ]
                    },
                    "properties": {
                        "createdDate": 1703518199662,
                        "bearing": 148.4801788330078,
                        "velocity": 0.8523028492927551
                    }
                },
                {
                    "type": "Feature",
                    "geometry": {
                        "type": "Point",
                        "coordinates": [
                            49.2458922,
                            55.7933034
                        ]
                    },
                    "properties": {
                        "createdDate": 1703518202669,
                        "bearing": 148.9111785888672,
                        "velocity": 0.8621636629104614
                    }
                },
                {
                    "type": "Feature",
                    "geometry": {
                        "type": "Point",
                        "coordinates": [
                            49.245953,
                            55.7933489
                        ]
                    },
                    "properties": {
                        "createdDate": 1703518207661,
                        "bearing": 138.3579864501953,
                        "velocity": 0.7207552790641785
                    }
                },
                {
                    "type": "Feature",
                    "geometry": {
                        "type": "Point",
                        "coordinates": [
                            49.2460465,
                            55.7936089
                        ]
                    },
                    "properties": {
                        "createdDate": 1703518212664,
                        "bearing": 14.761248588562012,
                        "velocity": 3.5778775215148926
                    }
                },
                {
                    "type": "Feature",
                    "geometry": {
                        "type": "Point",
                        "coordinates": [
                            49.2460753,
                            55.7937368
                        ]
                    },
                    "properties": {
                        "createdDate": 1703518217673,
                        "bearing": 10.319397926330566,
                        "velocity": 3.1441454887390137
                    }
                }
            ]
        }
    },
    {
        "uuid": "5bc6fe3b-bf5f-4e10-9d58-33e3b7207190",
        "videoId": "1703517617877",
        "filePath": "/vs_data/citysoft-dev/video/2023/12/25/5b8b176f019ea18e/1703517330494/1703517617877/1703517617877.mp4",
        "sessionId": "1703517330494",
        "deviceId": "5b8b176f019ea18e",
        "descriptions": {
            "onDevice": "VladTest",
            "onServer": "VladTest"
        },
        "numbers": {
            "onDevice": "VladTest",
            "onServer": "VladTest"
        },
        "processingStatus": "CORRUPTED",
        "operatorId": 1,
        "creationDate": "2023-12-25T15:20:17.877Z",
        "processedDate": "2023-12-25T17:01:23.263Z",
        "homographyId": null,
        "mergedPartsCount": 300,
        "fps": 0,
        "size": 4527671,
        "resolution": null,
        "errorReason": null,
        "errorModule": null,
        "errorMessage": null,
        "geoJSON": {
            "type": "FeatureCollection",
            "features": [
                {
                    "type": "Feature",
                    "geometry": {
                        "type": "Point",
                        "coordinates": [
                            49.2541769,
                            55.7872202
                        ]
                    },
                    "properties": {
                        "createdDate": 1703517617877,
                        "bearing": 0.0,
                        "velocity": 6.37525285128504E-4
                    }
                },
                {
                    "type": "Feature",
                    "geometry": {
                        "type": "Point",
                        "coordinates": [
                            49.2541768,
                            55.7872201
                        ]
                    },
                    "properties": {
                        "createdDate": 1703517618869,
                        "bearing": 0.0,
                        "velocity": 7.440475201292429E-6
                    }
                },
                {
                    "type": "Feature",
                    "geometry": {
                        "type": "Point",
                        "coordinates": [
                            49.2541767,
                            55.78722
                        ]
                    },
                    "properties": {
                        "createdDate": 1703517619875,
                        "bearing": 0.0,
                        "velocity": 9.297486030845903E-6
                    }
                },
                {
                    "type": "Feature",
                    "geometry": {
                        "type": "Point",
                        "coordinates": [
                            49.2541978,
                            55.7872202
                        ]
                    },
                    "properties": {
                        "createdDate": 1703517634894,
                        "bearing": 160.1677703857422,
                        "velocity": 0.44739747047424316
                    }
                },
                {
                    "type": "Feature",
                    "geometry": {
                        "type": "Point",
                        "coordinates": [
                            49.2542174,
                            55.7872152
                        ]
                    },
                    "properties": {
                        "createdDate": 1703517635903,
                        "bearing": 149.5132293701172,
                        "velocity": 0.7625022530555725
                    }
                },
                {
                    "type": "Feature",
                    "geometry": {
                        "type": "Point",
                        "coordinates": [
                            49.25423,
                            55.78721
                        ]
                    },
                    "properties": {
                        "createdDate": 1703517636895,
                        "bearing": 154.3621826171875,
                        "velocity": 0.38978102803230286
                    }
                },
                {
                    "type": "Feature",
                    "geometry": {
                        "type": "Point",
                        "coordinates": [
                            49.2542364,
                            55.7872082
                        ]
                    },
                    "properties": {
                        "createdDate": 1703517637903,
                        "bearing": 157.40847778320312,
                        "velocity": 0.19060148298740387
                    }
                },
                {
                    "type": "Feature",
                    "geometry": {
                        "type": "Point",
                        "coordinates": [
                            49.2542385,
                            55.7872086
                        ]
                    },
                    "properties": {
                        "createdDate": 1703517638911,
                        "bearing": 0.0,
                        "velocity": 0.06955187767744064
                    }
                },
                {
                    "type": "Feature",
                    "geometry": {
                        "type": "Point",
                        "coordinates": [
                            49.2542393,
                            55.7872091
                        ]
                    },
                    "properties": {
                        "createdDate": 1703517639902,
                        "bearing": 0.0,
                        "velocity": 0.023938696831464767
                    }
                },
                {
                    "type": "Feature",
                    "geometry": {
                        "type": "Point",
                        "coordinates": [
                            49.2542397,
                            55.7872095
                        ]
                    },
                    "properties": {
                        "createdDate": 1703517640909,
                        "bearing": 0.0,
                        "velocity": 0.00684707285836339
                    }
                },
                {
                    "type": "Feature",
                    "geometry": {
                        "type": "Point",
                        "coordinates": [
                            49.2542399,
                            55.7872097
                        ]
                    },
                    "properties": {
                        "createdDate": 1703517641906,
                        "bearing": 0.0,
                        "velocity": 0.0016464643413200974
                    }
                },
                {
                    "type": "Feature",
                    "geometry": {
                        "type": "Point",
                        "coordinates": [
                            49.2542399,
                            55.7872098
                        ]
                    },
                    "properties": {
                        "createdDate": 1703517642909,
                        "bearing": 0.0,
                        "velocity": 5.396319320425391E-4
                    }
                },
                {
                    "type": "Feature",
                    "geometry": {
                        "type": "Point",
                        "coordinates": [
                            49.25424,
                            55.7872099
                        ]
                    },
                    "properties": {
                        "createdDate": 1703517643906,
                        "bearing": 0.0,
                        "velocity": 3.1679237144999206E-4
                    }
                },
                {
                    "type": "Feature",
                    "geometry": {
                        "type": "Point",
                        "coordinates": [
                            49.25424,
                            55.78721
                        ]
                    },
                    "properties": {
                        "createdDate": 1703517644909,
                        "bearing": 0.0,
                        "velocity": 3.404425806365907E-4
                    }
                },
                {
                    "type": "Feature",
                    "geometry": {
                        "type": "Point",
                        "coordinates": [
                            49.2542851,
                            55.7871992
                        ]
                    },
                    "properties": {
                        "createdDate": 1703517666951,
                        "bearing": 148.93258666992188,
                        "velocity": 1.5843722820281982
                    }
                },
                {
                    "type": "Feature",
                    "geometry": {
                        "type": "Point",
                        "coordinates": [
                            49.2543133,
                            55.7871796
                        ]
                    },
                    "properties": {
                        "createdDate": 1703517667959,
                        "bearing": 155.06275939941406,
                        "velocity": 2.270923614501953
                    }
                },
                {
                    "type": "Feature",
                    "geometry": {
                        "type": "Point",
                        "coordinates": [
                            49.2543318,
                            55.7871554
                        ]
                    },
                    "properties": {
                        "createdDate": 1703517668951,
                        "bearing": 161.28672790527344,
                        "velocity": 2.6327197551727295
                    }
                },
                {
                    "type": "Feature",
                    "geometry": {
                        "type": "Point",
                        "coordinates": [
                            49.25435,
                            55.7871308
                        ]
                    },
                    "properties": {
                        "createdDate": 1703517669946,
                        "bearing": 152.74041748046875,
                        "velocity": 2.718881130218506
                    }
                },
                {
                    "type": "Feature",
                    "geometry": {
                        "type": "Point",
                        "coordinates": [
                            49.2543745,
                            55.7871081
                        ]
                    },
                    "properties": {
                        "createdDate": 1703517670966,
                        "bearing": 146.49362182617188,
                        "velocity": 2.9567549228668213
                    }
                },
                {
                    "type": "Feature",
                    "geometry": {
                        "type": "Point",
                        "coordinates": [
                            49.2543966,
                            55.7870817
                        ]
                    },
                    "properties": {
                        "createdDate": 1703517671958,
                        "bearing": 154.3653564453125,
                        "velocity": 2.9502899646759033
                    }
                },
                {
                    "type": "Feature",
                    "geometry": {
                        "type": "Point",
                        "coordinates": [
                            49.2544169,
                            55.7870546
                        ]
                    },
                    "properties": {
                        "createdDate": 1703517672965,
                        "bearing": 152.12652587890625,
                        "velocity": 3.3820605278015137
                    }
                },
                {
                    "type": "Feature",
                    "geometry": {
                        "type": "Point",
                        "coordinates": [
                            49.2544337,
                            55.7870235
                        ]
                    },
                    "properties": {
                        "createdDate": 1703517673958,
                        "bearing": 157.3076934814453,
                        "velocity": 3.556462287902832
                    }
                },
                {
                    "type": "Feature",
                    "geometry": {
                        "type": "Point",
                        "coordinates": [
                            49.2544451,
                            55.7869948
                        ]
                    },
                    "properties": {
                        "createdDate": 1703517674965,
                        "bearing": 159.8510284423828,
                        "velocity": 3.4121201038360596
                    }
                },
                {
                    "type": "Feature",
                    "geometry": {
                        "type": "Point",
                        "coordinates": [
                            49.2544561,
                            55.7869661
                        ]
                    },
                    "properties": {
                        "createdDate": 1703517675956,
                        "bearing": 161.22340393066406,
                        "velocity": 3.4204628467559814
                    }
                },
                {
                    "type": "Feature",
                    "geometry": {
                        "type": "Point",
                        "coordinates": [
                            49.2544679,
                            55.7869388
                        ]
                    },
                    "properties": {
                        "createdDate": 1703517676966,
                        "bearing": 159.06134033203125,
                        "velocity": 3.335029125213623
                    }
                },
                {
                    "type": "Feature",
                    "geometry": {
                        "type": "Point",
                        "coordinates": [
                            49.2544744,
                            55.7869122
                        ]
                    },
                    "properties": {
                        "createdDate": 1703517677960,
                        "bearing": 162.1146697998047,
                        "velocity": 3.2298946380615234
                    }
                },
                {
                    "type": "Feature",
                    "geometry": {
                        "type": "Point",
                        "coordinates": [
                            49.2544743,
                            55.7868847
                        ]
                    },
                    "properties": {
                        "createdDate": 1703517678965,
                        "bearing": 168.3445281982422,
                        "velocity": 3.1757092475891113
                    }
                },
                {
                    "type": "Feature",
                    "geometry": {
                        "type": "Point",
                        "coordinates": [
                            49.2544712,
                            55.7868578
                        ]
                    },
                    "properties": {
                        "createdDate": 1703517679971,
                        "bearing": 172.2689666748047,
                        "velocity": 3.1027748584747314
                    }
                },
                {
                    "type": "Feature",
                    "geometry": {
                        "type": "Point",
                        "coordinates": [
                            49.2544774,
                            55.7868338
                        ]
                    },
                    "properties": {
                        "createdDate": 1703517680966,
                        "bearing": 169.44525146484375,
                        "velocity": 2.990004062652588
                    }
                },
                {
                    "type": "Feature",
                    "geometry": {
                        "type": "Point",
                        "coordinates": [
                            49.254472,
                            55.7868081
                        ]
                    },
                    "properties": {
                        "createdDate": 1703517681971,
                        "bearing": 168.9971466064453,
                        "velocity": 2.9051129817962646
                    }
                },
                {
                    "type": "Feature",
                    "geometry": {
                        "type": "Point",
                        "coordinates": [
                            49.2544706,
                            55.7867881
                        ]
                    },
                    "properties": {
                        "createdDate": 1703517682979,
                        "bearing": 167.58145141601562,
                        "velocity": 2.4636764526367188
                    }
                },
                {
                    "type": "Feature",
                    "geometry": {
                        "type": "Point",
                        "coordinates": [
                            49.2544776,
                            55.7867719
                        ]
                    },
                    "properties": {
                        "createdDate": 1703517683971,
                        "bearing": 166.31491088867188,
                        "velocity": 1.9704971313476562
                    }
                },
                {
                    "type": "Feature",
                    "geometry": {
                        "type": "Point",
                        "coordinates": [
                            49.2544874,
                            55.7867573
                        ]
                    },
                    "properties": {
                        "createdDate": 1703517684977,
                        "bearing": 164.7157745361328,
                        "velocity": 1.7680567502975464
                    }
                },
                {
                    "type": "Feature",
                    "geometry": {
                        "type": "Point",
                        "coordinates": [
                            49.2544938,
                            55.7867524
                        ]
                    },
                    "properties": {
                        "createdDate": 1703517685968,
                        "bearing": 174.4549102783203,
                        "velocity": 1.0142961740493774
                    }
                },
                {
                    "type": "Feature",
                    "geometry": {
                        "type": "Point",
                        "coordinates": [
                            49.2544995,
                            55.7867517
                        ]
                    },
                    "properties": {
                        "createdDate": 1703517686978,
                        "bearing": 177.0613555908203,
                        "velocity": 0.5611431002616882
                    }
                },
                {
                    "type": "Feature",
                    "geometry": {
                        "type": "Point",
                        "coordinates": [
                            49.254503,
                            55.7867534
                        ]
                    },
                    "properties": {
                        "createdDate": 1703517687985,
                        "bearing": 178.1504364013672,
                        "velocity": 0.29271233081817627
                    }
                },
                {
                    "type": "Feature",
                    "geometry": {
                        "type": "Point",
                        "coordinates": [
                            49.2545048,
                            55.786755
                        ]
                    },
                    "properties": {
                        "createdDate": 1703517688978,
                        "bearing": 178.7081298828125,
                        "velocity": 0.14057569205760956
                    }
                },
                {
                    "type": "Feature",
                    "geometry": {
                        "type": "Point",
                        "coordinates": [
                            49.2545057,
                            55.7867562
                        ]
                    },
                    "properties": {
                        "createdDate": 1703517689985,
                        "bearing": 0.0,
                        "velocity": 0.0670040175318718
                    }
                },
                {
                    "type": "Feature",
                    "geometry": {
                        "type": "Point",
                        "coordinates": [
                            49.2545196,
                            55.7867481
                        ]
                    },
                    "properties": {
                        "createdDate": 1703517690992,
                        "bearing": 165.20687866210938,
                        "velocity": 0.18794186413288116
                    }
                },
                {
                    "type": "Feature",
                    "geometry": {
                        "type": "Point",
                        "coordinates": [
                            49.2545437,
                            55.786738
                        ]
                    },
                    "properties": {
                        "createdDate": 1703517691984,
                        "bearing": 120.77230072021484,
                        "velocity": 0.6263135671615601
                    }
                },
                {
                    "type": "Feature",
                    "geometry": {
                        "type": "Point",
                        "coordinates": [
                            49.2545819,
                            55.7867235
                        ]
                    },
                    "properties": {
                        "createdDate": 1703517692993,
                        "bearing": 111.67872619628906,
                        "velocity": 1.1527811288833618
                    }
                },
                {
                    "type": "Feature",
                    "geometry": {
                        "type": "Point",
                        "coordinates": [
                            49.2546206,
                            55.7867127
                        ]
                    },
                    "properties": {
                        "createdDate": 1703517693985,
                        "bearing": 106.36827087402344,
                        "velocity": 1.467372179031372
                    }
                },
                {
                    "type": "Feature",
                    "geometry": {
                        "type": "Point",
                        "coordinates": [
                            49.2546652,
                            55.7867098
                        ]
                    },
                    "properties": {
                        "createdDate": 1703517694991,
                        "bearing": 92.53108215332031,
                        "velocity": 1.916096568107605
                    }
                },
                {
                    "type": "Feature",
                    "geometry": {
                        "type": "Point",
                        "coordinates": [
                            49.2547149,
                            55.786713
                        ]
                    },
                    "properties": {
                        "createdDate": 1703517695998,
                        "bearing": 83.97553253173828,
                        "velocity": 2.342597007751465
                    }
                },
                {
                    "type": "Feature",
                    "geometry": {
                        "type": "Point",
                        "coordinates": [
                            49.2547677,
                            55.7867182
                        ]
                    },
                    "properties": {
                        "createdDate": 1703517696991,
                        "bearing": 80.68342590332031,
                        "velocity": 2.6934728622436523
                    }
                },
                {
                    "type": "Feature",
                    "geometry": {
                        "type": "Point",
                        "coordinates": [
                            49.2548263,
                            55.7867245
                        ]
                    },
                    "properties": {
                        "createdDate": 1703517697998,
                        "bearing": 77.08750915527344,
                        "velocity": 3.160475969314575
                    }
                },
                {
                    "type": "Feature",
                    "geometry": {
                        "type": "Point",
                        "coordinates": [
                            49.254896,
                            55.7867332
                        ]
                    },
                    "properties": {
                        "createdDate": 1703517698993,
                        "bearing": 74.5299072265625,
                        "velocity": 3.762791395187378
                    }
                },
                {
                    "type": "Feature",
                    "geometry": {
                        "type": "Point",
                        "coordinates": [
                            49.2549647,
                            55.7867382
                        ]
                    },
                    "properties": {
                        "createdDate": 1703517700001,
                        "bearing": 77.60076141357422,
                        "velocity": 3.9369776248931885
                    }
                },
                {
                    "type": "Feature",
                    "geometry": {
                        "type": "Point",
                        "coordinates": [
                            49.255028,
                            55.786743
                        ]
                    },
                    "properties": {
                        "createdDate": 1703517701005,
                        "bearing": 76.60432434082031,
                        "velocity": 3.9099724292755127
                    }
                },
                {
                    "type": "Feature",
                    "geometry": {
                        "type": "Point",
                        "coordinates": [
                            49.255087,
                            55.7867497
                        ]
                    },
                    "properties": {
                        "createdDate": 1703517702015,
                        "bearing": 73.56902313232422,
                        "velocity": 3.873844861984253
                    }
                },
                {
                    "type": "Feature",
                    "geometry": {
                        "type": "Point",
                        "coordinates": [
                            49.255146,
                            55.786758
                        ]
                    },
                    "properties": {
                        "createdDate": 1703517703009,
                        "bearing": 74.7330551147461,
                        "velocity": 3.846022844314575
                    }
                },
                {
                    "type": "Feature",
                    "geometry": {
                        "type": "Point",
                        "coordinates": [
                            49.2552052,
                            55.7867661
                        ]
                    },
                    "properties": {
                        "createdDate": 1703517704015,
                        "bearing": 74.88011169433594,
                        "velocity": 3.91512393951416
                    }
                },
                {
                    "type": "Feature",
                    "geometry": {
                        "type": "Point",
                        "coordinates": [
                            49.2552702,
                            55.7867724
                        ]
                    },
                    "properties": {
                        "createdDate": 1703517705007,
                        "bearing": 76.8110122680664,
                        "velocity": 4.072729110717773
                    }
                },
                {
                    "type": "Feature",
                    "geometry": {
                        "type": "Point",
                        "coordinates": [
                            49.25534,
                            55.7867777
                        ]
                    },
                    "properties": {
                        "createdDate": 1703517706013,
                        "bearing": 78.7163314819336,
                        "velocity": 4.266188621520996
                    }
                },
                {
                    "type": "Feature",
                    "geometry": {
                        "type": "Point",
                        "coordinates": [
                            49.2554102,
                            55.7867856
                        ]
                    },
                    "properties": {
                        "createdDate": 1703517707020,
                        "bearing": 77.42164611816406,
                        "velocity": 4.395552158355713
                    }
                },
                {
                    "type": "Feature",
                    "geometry": {
                        "type": "Point",
                        "coordinates": [
                            49.2554893,
                            55.7867972
                        ]
                    },
                    "properties": {
                        "createdDate": 1703517708014,
                        "bearing": 77.35440826416016,
                        "velocity": 4.574662685394287
                    }
                },
                {
                    "type": "Feature",
                    "geometry": {
                        "type": "Point",
                        "coordinates": [
                            49.2555678,
                            55.7868164
                        ]
                    },
                    "properties": {
                        "createdDate": 1703517709020,
                        "bearing": 74.67256164550781,
                        "velocity": 4.7191643714904785
                    }
                },
                {
                    "type": "Feature",
                    "geometry": {
                        "type": "Point",
                        "coordinates": [
                            49.2556423,
                            55.7868427
                        ]
                    },
                    "properties": {
                        "createdDate": 1703517710027,
                        "bearing": 72.1600570678711,
                        "velocity": 4.850881099700928
                    }
                },
                {
                    "type": "Feature",
                    "geometry": {
                        "type": "Point",
                        "coordinates": [
                            49.2557106,
                            55.7868726
                        ]
                    },
                    "properties": {
                        "createdDate": 1703517711019,
                        "bearing": 69.29547119140625,
                        "velocity": 4.816076278686523
                    }
                },
                {
                    "type": "Feature",
                    "geometry": {
                        "type": "Point",
                        "coordinates": [
                            49.2557722,
                            55.7868964
                        ]
                    },
                    "properties": {
                        "createdDate": 1703517712010,
                        "bearing": 67.0889663696289,
                        "velocity": 4.576958656311035
                    }
                },
                {
                    "type": "Feature",
                    "geometry": {
                        "type": "Point",
                        "coordinates": [
                            49.2558271,
                            55.7869157
                        ]
                    },
                    "properties": {
                        "createdDate": 1703517713019,
                        "bearing": 66.92993927001953,
                        "velocity": 4.24053430557251
                    }
                },
                {
                    "type": "Feature",
                    "geometry": {
                        "type": "Point",
                        "coordinates": [
                            49.2558901,
                            55.7869127
                        ]
                    },
                    "properties": {
                        "createdDate": 1703517714026,
                        "bearing": 74.11148071289062,
                        "velocity": 3.9666383266448975
                    }
                },
                {
                    "type": "Feature",
                    "geometry": {
                        "type": "Point",
                        "coordinates": [
                            49.2559447,
                            55.7869072
                        ]
                    },
                    "properties": {
                        "createdDate": 1703517715023,
                        "bearing": 80.44692993164062,
                        "velocity": 3.671664237976074
                    }
                },
                {
                    "type": "Feature",
                    "geometry": {
                        "type": "Point",
                        "coordinates": [
                            49.255984,
                            55.7869048
                        ]
                    },
                    "properties": {
                        "createdDate": 1703517716026,
                        "bearing": 83.45051574707031,
                        "velocity": 3.2026350498199463
                    }
                },
                {
                    "type": "Feature",
                    "geometry": {
                        "type": "Point",
                        "coordinates": [
                            49.2560155,
                            55.7869048
                        ]
                    },
                    "properties": {
                        "createdDate": 1703517717033,
                        "bearing": 83.42796325683594,
                        "velocity": 2.8016610145568848
                    }
                },
                {
                    "type": "Feature",
                    "geometry": {
                        "type": "Point",
                        "coordinates": [
                            49.2560494,
                            55.7868973
                        ]
                    },
                    "properties": {
                        "createdDate": 1703517718026,
                        "bearing": 84.85694122314453,
                        "velocity": 2.7969298362731934
                    }
                },
                {
                    "type": "Feature",
                    "geometry": {
                        "type": "Point",
                        "coordinates": [
                            49.2560939,
                            55.7868909
                        ]
                    },
                    "properties": {
                        "createdDate": 1703517719033,
                        "bearing": 89.22341918945312,
                        "velocity": 2.918745994567871
                    }
                },
                {
                    "type": "Feature",
                    "geometry": {
                        "type": "Point",
                        "coordinates": [
                            49.2561372,
                            55.7868894
                        ]
                    },
                    "properties": {
                        "createdDate": 1703517720040,
                        "bearing": 87.63220977783203,
                        "velocity": 2.864544630050659
                    }
                },
                {
                    "type": "Feature",
                    "geometry": {
                        "type": "Point",
                        "coordinates": [
                            49.2561784,
                            55.7868904
                        ]
                    },
                    "properties": {
                        "createdDate": 1703517721034,
                        "bearing": 86.53899383544922,
                        "velocity": 2.7627112865448
                    }
                },
                {
                    "type": "Feature",
                    "geometry": {
                        "type": "Point",
                        "coordinates": [
                            49.2562217,
                            55.7868919
                        ]
                    },
                    "properties": {
                        "createdDate": 1703517722041,
                        "bearing": 86.10308074951172,
                        "velocity": 2.7149267196655273
                    }
                },
                {
                    "type": "Feature",
                    "geometry": {
                        "type": "Point",
                        "coordinates": [
                            49.2562595,
                            55.7868957
                        ]
                    },
                    "properties": {
                        "createdDate": 1703517723031,
                        "bearing": 82.57091522216797,
                        "velocity": 2.678100824356079
                    }
                },
                {
                    "type": "Feature",
                    "geometry": {
                        "type": "Point",
                        "coordinates": [
                            49.2563003,
                            55.7869118
                        ]
                    },
                    "properties": {
                        "createdDate": 1703517724041,
                        "bearing": 73.90449523925781,
                        "velocity": 2.8593404293060303
                    }
                },
                {
                    "type": "Feature",
                    "geometry": {
                        "type": "Point",
                        "coordinates": [
                            49.2563475,
                            55.7869267
                        ]
                    },
                    "properties": {
                        "createdDate": 1703517725036,
                        "bearing": 71.31029510498047,
                        "velocity": 3.070944309234619
                    }
                },
                {
                    "type": "Feature",
                    "geometry": {
                        "type": "Point",
                        "coordinates": [
                            49.2563939,
                            55.7869426
                        ]
                    },
                    "properties": {
                        "createdDate": 1703517726041,
                        "bearing": 67.5460433959961,
                        "velocity": 3.169969320297241
                    }
                },
                {
                    "type": "Feature",
                    "geometry": {
                        "type": "Point",
                        "coordinates": [
                            49.2564346,
                            55.78696
                        ]
                    },
                    "properties": {
                        "createdDate": 1703517727047,
                        "bearing": 62.26298141479492,
                        "velocity": 3.075792074203491
                    }
                },
                {
                    "type": "Feature",
                    "geometry": {
                        "type": "Point",
                        "coordinates": [
                            49.2564665,
                            55.7869786
                        ]
                    },
                    "properties": {
                        "createdDate": 1703517728041,
                        "bearing": 56.066741943359375,
                        "velocity": 2.8488526344299316
                    }
                },
                {
                    "type": "Feature",
                    "geometry": {
                        "type": "Point",
                        "coordinates": [
                            49.2564977,
                            55.7869974
                        ]
                    },
                    "properties": {
                        "createdDate": 1703517729047,
                        "bearing": 45.95589828491211,
                        "velocity": 2.323993444442749
                    }
                },
                {
                    "type": "Feature",
                    "geometry": {
                        "type": "Point",
                        "coordinates": [
                            49.2565233,
                            55.787022
                        ]
                    },
                    "properties": {
                        "createdDate": 1703517730055,
                        "bearing": 31.03017807006836,
                        "velocity": 2.231837034225464
                    }
                },
                {
                    "type": "Feature",
                    "geometry": {
                        "type": "Point",
                        "coordinates": [
                            49.2565462,
                            55.7870545
                        ]
                    },
                    "properties": {
                        "createdDate": 1703517731050,
                        "bearing": 17.237285614013672,
                        "velocity": 2.4495205879211426
                    }
                },
                {
                    "type": "Feature",
                    "geometry": {
                        "type": "Point",
                        "coordinates": [
                            49.2565602,
                            55.7870891
                        ]
                    },
                    "properties": {
                        "createdDate": 1703517732055,
                        "bearing": 11.631770133972168,
                        "velocity": 2.7893433570861816
                    }
                },
                {
                    "type": "Feature",
                    "geometry": {
                        "type": "Point",
                        "coordinates": [
                            49.2565646,
                            55.7871266
                        ]
                    },
                    "properties": {
                        "createdDate": 1703517733051,
                        "bearing": 7.282232284545898,
                        "velocity": 3.0944042205810547
                    }
                },
                {
                    "type": "Feature",
                    "geometry": {
                        "type": "Point",
                        "coordinates": [
                            49.2565663,
                            55.7871607
                        ]
                    },
                    "properties": {
                        "createdDate": 1703517734053,
                        "bearing": 6.552358627319336,
                        "velocity": 3.2048988342285156
                    }
                },
                {
                    "type": "Feature",
                    "geometry": {
                        "type": "Point",
                        "coordinates": [
                            49.2565569,
                            55.7871968
                        ]
                    },
                    "properties": {
                        "createdDate": 1703517735047,
                        "bearing": 0.7171699404716492,
                        "velocity": 3.290100336074829
                    }
                },
                {
                    "type": "Feature",
                    "geometry": {
                        "type": "Point",
                        "coordinates": [
                            49.2565474,
                            55.7872252
                        ]
                    },
                    "properties": {
                        "createdDate": 1703517736056,
                        "bearing": 356.16302490234375,
                        "velocity": 3.0019779205322266
                    }
                },
                {
                    "type": "Feature",
                    "geometry": {
                        "type": "Point",
                        "coordinates": [
                            49.2565407,
                            55.787247
                        ]
                    },
                    "properties": {
                        "createdDate": 1703517737061,
                        "bearing": 353.65277099609375,
                        "velocity": 2.659074306488037
                    }
                },
                {
                    "type": "Feature",
                    "geometry": {
                        "type": "Point",
                        "coordinates": [
                            49.2565389,
                            55.7872654
                        ]
                    },
                    "properties": {
                        "createdDate": 1703517738068,
                        "bearing": 353.07177734375,
                        "velocity": 2.291961193084717
                    }
                },
                {
                    "type": "Feature",
                    "geometry": {
                        "type": "Point",
                        "coordinates": [
                            49.2565303,
                            55.7872804
                        ]
                    },
                    "properties": {
                        "createdDate": 1703517739060,
                        "bearing": 349.2142333984375,
                        "velocity": 1.6815863847732544
                    }
                },
                {
                    "type": "Feature",
                    "geometry": {
                        "type": "Point",
                        "coordinates": [
                            49.2565029,
                            55.7872885
                        ]
                    },
                    "properties": {
                        "createdDate": 1703517740067,
                        "bearing": 358.9407653808594,
                        "velocity": 0.3112131655216217
                    }
                },
                {
                    "type": "Feature",
                    "geometry": {
                        "type": "Point",
                        "coordinates": [
                            49.2564975,
                            55.7872915
                        ]
                    },
                    "properties": {
                        "createdDate": 1703517741075,
                        "bearing": 0.0,
                        "velocity": 0.06927144527435303
                    }
                },
                {
                    "type": "Feature",
                    "geometry": {
                        "type": "Point",
                        "coordinates": [
                            49.2565015,
                            55.7872918
                        ]
                    },
                    "properties": {
                        "createdDate": 1703517742065,
                        "bearing": 0.0,
                        "velocity": 0.01421829592436552
                    }
                },
                {
                    "type": "Feature",
                    "geometry": {
                        "type": "Point",
                        "coordinates": [
                            49.2565027,
                            55.7872918
                        ]
                    },
                    "properties": {
                        "createdDate": 1703517743057,
                        "bearing": 0.0,
                        "velocity": 0.002320188796147704
                    }
                },
                {
                    "type": "Feature",
                    "geometry": {
                        "type": "Point",
                        "coordinates": [
                            49.2565031,
                            55.7872917
                        ]
                    },
                    "properties": {
                        "createdDate": 1703517744068,
                        "bearing": 0.0,
                        "velocity": 2.447082952130586E-4
                    }
                },
                {
                    "type": "Feature",
                    "geometry": {
                        "type": "Point",
                        "coordinates": [
                            49.2564441,
                            55.7873264
                        ]
                    },
                    "properties": {
                        "createdDate": 1703517745075,
                        "bearing": 340.0627136230469,
                        "velocity": 2.0952565670013428
                    }
                },
                {
                    "type": "Feature",
                    "geometry": {
                        "type": "Point",
                        "coordinates": [
                            49.2563958,
                            55.7873645
                        ]
                    },
                    "properties": {
                        "createdDate": 1703517746067,
                        "bearing": 349.32232666015625,
                        "velocity": 3.132451295852661
                    }
                },
                {
                    "type": "Feature",
                    "geometry": {
                        "type": "Point",
                        "coordinates": [
                            49.2563547,
                            55.7874077
                        ]
                    },
                    "properties": {
                        "createdDate": 1703517747074,
                        "bearing": 346.8686218261719,
                        "velocity": 3.687755584716797
                    }
                },
                {
                    "type": "Feature",
                    "geometry": {
                        "type": "Point",
                        "coordinates": [
                            49.256324,
                            55.7874461
                        ]
                    },
                    "properties": {
                        "createdDate": 1703517748081,
                        "bearing": 350.2111511230469,
                        "velocity": 3.7263283729553223
                    }
                },
                {
                    "type": "Feature",
                    "geometry": {
                        "type": "Point",
                        "coordinates": [
                            49.2562873,
                            55.7874783
                        ]
                    },
                    "properties": {
                        "createdDate": 1703517749074,
                        "bearing": 342.983154296875,
                        "velocity": 3.334054708480835
                    }
                },
                {
                    "type": "Feature",
                    "geometry": {
                        "type": "Point",
                        "coordinates": [
                            49.2562635,
                            55.7875041
                        ]
                    },
                    "properties": {
                        "createdDate": 1703517750081,
                        "bearing": 340.33746337890625,
                        "velocity": 3.0908420085906982
                    }
                },
                {
                    "type": "Feature",
                    "geometry": {
                        "type": "Point",
                        "coordinates": [
                            49.2562432,
                            55.787525
                        ]
                    },
                    "properties": {
                        "createdDate": 1703517751078,
                        "bearing": 336.79864501953125,
                        "velocity": 2.4717984199523926
                    }
                },
                {
                    "type": "Feature",
                    "geometry": {
                        "type": "Point",
                        "coordinates": [
                            49.25622,
                            55.7875364
                        ]
                    },
                    "properties": {
                        "createdDate": 1703517752081,
                        "bearing": 331.0788269042969,
                        "velocity": 1.8210017681121826
                    }
                },
                {
                    "type": "Feature",
                    "geometry": {
                        "type": "Point",
                        "coordinates": [
                            49.2561959,
                            55.787543
                        ]
                    },
                    "properties": {
                        "createdDate": 1703517753088,
                        "bearing": 329.6948547363281,
                        "velocity": 1.4855555295944214
                    }
                },
                {
                    "type": "Feature",
                    "geometry": {
                        "type": "Point",
                        "coordinates": [
                            49.2561731,
                            55.7875488
                        ]
                    },
                    "properties": {
                        "createdDate": 1703517754096,
                        "bearing": 329.4093322753906,
                        "velocity": 1.3267080783843994
                    }
                },
                {
                    "type": "Feature",
                    "geometry": {
                        "type": "Point",
                        "coordinates": [
                            49.2561476,
                            55.7875588
                        ]
                    },
                    "properties": {
                        "createdDate": 1703517755088,
                        "bearing": 332.89227294921875,
                        "velocity": 1.7932125329971313
                    }
                },
                {
                    "type": "Feature",
                    "geometry": {
                        "type": "Point",
                        "coordinates": [
                            49.2561303,
                            55.7875759
                        ]
                    },
                    "properties": {
                        "createdDate": 1703517756095,
                        "bearing": 342.6552429199219,
                        "velocity": 2.179121732711792
                    }
                },
                {
                    "type": "Feature",
                    "geometry": {
                        "type": "Point",
                        "coordinates": [
                            49.2561328,
                            55.7875911
                        ]
                    },
                    "properties": {
                        "createdDate": 1703517757103,
                        "bearing": 335.3489990234375,
                        "velocity": 1.8129942417144775
                    }
                },
                {
                    "type": "Feature",
                    "geometry": {
                        "type": "Point",
                        "coordinates": [
                            49.2561382,
                            55.7876042
                        ]
                    },
                    "properties": {
                        "createdDate": 1703517758095,
                        "bearing": 351.0871276855469,
                        "velocity": 1.953110933303833
                    }
                },
                {
                    "type": "Feature",
                    "geometry": {
                        "type": "Point",
                        "coordinates": [
                            49.2561554,
                            55.7876192
                        ]
                    },
                    "properties": {
                        "createdDate": 1703517759088,
                        "bearing": 22.10440444946289,
                        "velocity": 1.9583793878555298
                    }
                },
                {
                    "type": "Feature",
                    "geometry": {
                        "type": "Point",
                        "coordinates": [
                            49.2561682,
                            55.7876426
                        ]
                    },
                    "properties": {
                        "createdDate": 1703517760094,
                        "bearing": 23.903989791870117,
                        "velocity": 2.6035356521606445
                    }
                },
                {
                    "type": "Feature",
                    "geometry": {
                        "type": "Point",
                        "coordinates": [
                            49.2561658,
                            55.7876784
                        ]
                    },
                    "properties": {
                        "createdDate": 1703517761101,
                        "bearing": 12.107996940612793,
                        "velocity": 3.2772467136383057
                    }
                },
                {
                    "type": "Feature",
                    "geometry": {
                        "type": "Point",
                        "coordinates": [
                            49.2561455,
                            55.7877231
                        ]
                    },
                    "properties": {
                        "createdDate": 1703517762095,
                        "bearing": 359.8572998046875,
                        "velocity": 4.3453168869018555
                    }
                },
                {
                    "type": "Feature",
                    "geometry": {
                        "type": "Point",
                        "coordinates": [
                            49.2561216,
                            55.7877716
                        ]
                    },
                    "properties": {
                        "createdDate": 1703517763101,
                        "bearing": 0.572837769985199,
                        "velocity": 4.763802528381348
                    }
                },
                {
                    "type": "Feature",
                    "geometry": {
                        "type": "Point",
                        "coordinates": [
                            49.2560886,
                            55.7878233
                        ]
                    },
                    "properties": {
                        "createdDate": 1703517764108,
                        "bearing": 353.63470458984375,
                        "velocity": 5.05792236328125
                    }
                },
                {
                    "type": "Feature",
                    "geometry": {
                        "type": "Point",
                        "coordinates": [
                            49.2560416,
                            55.7878833
                        ]
                    },
                    "properties": {
                        "createdDate": 1703517765099,
                        "bearing": 347.2333068847656,
                        "velocity": 5.943484306335449
                    }
                },
                {
                    "type": "Feature",
                    "geometry": {
                        "type": "Point",
                        "coordinates": [
                            49.2559943,
                            55.7879384
                        ]
                    },
                    "properties": {
                        "createdDate": 1703517766108,
                        "bearing": 339.9296569824219,
                        "velocity": 5.568336009979248
                    }
                },
                {
                    "type": "Feature",
                    "geometry": {
                        "type": "Point",
                        "coordinates": [
                            49.2559413,
                            55.7880113
                        ]
                    },
                    "properties": {
                        "createdDate": 1703517767104,
                        "bearing": 340.0352478027344,
                        "velocity": 5.87408971786499
                    }
                },
                {
                    "type": "Feature",
                    "geometry": {
                        "type": "Point",
                        "coordinates": [
                            49.2559006,
                            55.7880636
                        ]
                    },
                    "properties": {
                        "createdDate": 1703517768130,
                        "bearing": 340.2142028808594,
                        "velocity": 4.883186340332031
                    }
                },
                {
                    "type": "Feature",
                    "geometry": {
                        "type": "Point",
                        "coordinates": [
                            49.2558655,
                            55.7881166
                        ]
                    },
                    "properties": {
                        "createdDate": 1703517769116,
                        "bearing": 336.5627136230469,
                        "velocity": 4.781679153442383
                    }
                },
                {
                    "type": "Feature",
                    "geometry": {
                        "type": "Point",
                        "coordinates": [
                            49.2558314,
                            55.7881635
                        ]
                    },
                    "properties": {
                        "createdDate": 1703517770123,
                        "bearing": 334.6402282714844,
                        "velocity": 4.275784969329834
                    }
                },
                {
                    "type": "Feature",
                    "geometry": {
                        "type": "Point",
                        "coordinates": [
                            49.2558138,
                            55.7882068
                        ]
                    },
                    "properties": {
                        "createdDate": 1703517771115,
                        "bearing": 341.35150146484375,
                        "velocity": 4.593329429626465
                    }
                },
                {
                    "type": "Feature",
                    "geometry": {
                        "type": "Point",
                        "coordinates": [
                            49.2557923,
                            55.7882539
                        ]
                    },
                    "properties": {
                        "createdDate": 1703517772105,
                        "bearing": 342.7655029296875,
                        "velocity": 5.2383599281311035
                    }
                },
                {
                    "type": "Feature",
                    "geometry": {
                        "type": "Point",
                        "coordinates": [
                            49.2557691,
                            55.788297
                        ]
                    },
                    "properties": {
                        "createdDate": 1703517773116,
                        "bearing": 337.00909423828125,
                        "velocity": 4.901252269744873
                    }
                },
                {
                    "type": "Feature",
                    "geometry": {
                        "type": "Point",
                        "coordinates": [
                            49.2557518,
                            55.7883408
                        ]
                    },
                    "properties": {
                        "createdDate": 1703517774122,
                        "bearing": 347.48150634765625,
                        "velocity": 5.060967922210693
                    }
                },
                {
                    "type": "Feature",
                    "geometry": {
                        "type": "Point",
                        "coordinates": [
                            49.2556991,
                            55.7883886
                        ]
                    },
                    "properties": {
                        "createdDate": 1703517775115,
                        "bearing": 341.4913635253906,
                        "velocity": 5.185629367828369
                    }
                },
                {
                    "type": "Feature",
                    "geometry": {
                        "type": "Point",
                        "coordinates": [
                            49.2556508,
                            55.7884368
                        ]
                    },
                    "properties": {
                        "createdDate": 1703517776123,
                        "bearing": 341.7633056640625,
                        "velocity": 5.1949920654296875
                    }
                },
                {
                    "type": "Feature",
                    "geometry": {
                        "type": "Point",
                        "coordinates": [
                            49.2556134,
                            55.7884837
                        ]
                    },
                    "properties": {
                        "createdDate": 1703517777129,
                        "bearing": 342.8269348144531,
                        "velocity": 4.752537250518799
                    }
                },
                {
                    "type": "Feature",
                    "geometry": {
                        "type": "Point",
                        "coordinates": [
                            49.2555856,
                            55.7885307
                        ]
                    },
                    "properties": {
                        "createdDate": 1703517778131,
                        "bearing": 343.07733154296875,
                        "velocity": 4.390143871307373
                    }
                },
                {
                    "type": "Feature",
                    "geometry": {
                        "type": "Point",
                        "coordinates": [
                            49.2555639,
                            55.7885829
                        ]
                    },
                    "properties": {
                        "createdDate": 1703517779129,
                        "bearing": 345.69757080078125,
                        "velocity": 4.699216842651367
                    }
                },
                {
                    "type": "Feature",
                    "geometry": {
                        "type": "Point",
                        "coordinates": [
                            49.2555238,
                            55.7886342
                        ]
                    },
                    "properties": {
                        "createdDate": 1703517780120,
                        "bearing": 344.09661865234375,
                        "velocity": 4.765054702758789
                    }
                },
                {
                    "type": "Feature",
                    "geometry": {
                        "type": "Point",
                        "coordinates": [
                            49.255478,
                            55.7886823
                        ]
                    },
                    "properties": {
                        "createdDate": 1703517781128,
                        "bearing": 338.62164306640625,
                        "velocity": 4.881128311157227
                    }
                },
                {
                    "type": "Feature",
                    "geometry": {
                        "type": "Point",
                        "coordinates": [
                            49.2554369,
                            55.788728
                        ]
                    },
                    "properties": {
                        "createdDate": 1703517782136,
                        "bearing": 338.0509033203125,
                        "velocity": 4.805860996246338
                    }
                },
                {
                    "type": "Feature",
                    "geometry": {
                        "type": "Point",
                        "coordinates": [
                            49.2554262,
                            55.7887681
                        ]
                    },
                    "properties": {
                        "createdDate": 1703517783135,
                        "bearing": 340.0394287109375,
                        "velocity": 4.459784507751465
                    }
                },
                {
                    "type": "Feature",
                    "geometry": {
                        "type": "Point",
                        "coordinates": [
                            49.2554279,
                            55.78881
                        ]
                    },
                    "properties": {
                        "createdDate": 1703517784137,
                        "bearing": 349.4242858886719,
                        "velocity": 4.119976997375488
                    }
                },
                {
                    "type": "Feature",
                    "geometry": {
                        "type": "Point",
                        "coordinates": [
                            49.2554234,
                            55.7888477
                        ]
                    },
                    "properties": {
                        "createdDate": 1703517785143,
                        "bearing": 348.1746826171875,
                        "velocity": 4.067328453063965
                    }
                },
                {
                    "type": "Feature",
                    "geometry": {
                        "type": "Point",
                        "coordinates": [
                            49.2554357,
                            55.7888951
                        ]
                    },
                    "properties": {
                        "createdDate": 1703517786137,
                        "bearing": 356.4156799316406,
                        "velocity": 3.599895477294922
                    }
                },
                {
                    "type": "Feature",
                    "geometry": {
                        "type": "Point",
                        "coordinates": [
                            49.2554632,
                            55.7889493
                        ]
                    },
                    "properties": {
                        "createdDate": 1703517787142,
                        "bearing": 1.7429920434951782,
                        "velocity": 3.8624460697174072
                    }
                },
                {
                    "type": "Feature",
                    "geometry": {
                        "type": "Point",
                        "coordinates": [
                            49.2554707,
                            55.7889894
                        ]
                    },
                    "properties": {
                        "createdDate": 1703517788132,
                        "bearing": 356.4550476074219,
                        "velocity": 3.6666347980499268
                    }
                },
                {
                    "type": "Feature",
                    "geometry": {
                        "type": "Point",
                        "coordinates": [
                            49.2554655,
                            55.7890254
                        ]
                    },
                    "properties": {
                        "createdDate": 1703517789143,
                        "bearing": 350.4382629394531,
                        "velocity": 3.6530263423919678
                    }
                },
                {
                    "type": "Feature",
                    "geometry": {
                        "type": "Point",
                        "coordinates": [
                            49.2554502,
                            55.789061
                        ]
                    },
                    "properties": {
                        "createdDate": 1703517790134,
                        "bearing": 343.5357360839844,
                        "velocity": 4.017402172088623
                    }
                },
                {
                    "type": "Feature",
                    "geometry": {
                        "type": "Point",
                        "coordinates": [
                            49.2554281,
                            55.7891003
                        ]
                    },
                    "properties": {
                        "createdDate": 1703517791142,
                        "bearing": 342.9710693359375,
                        "velocity": 4.351075172424316
                    }
                },
                {
                    "type": "Feature",
                    "geometry": {
                        "type": "Point",
                        "coordinates": [
                            49.2554441,
                            55.7891486
                        ]
                    },
                    "properties": {
                        "createdDate": 1703517792150,
                        "bearing": 346.9291076660156,
                        "velocity": 4.426761150360107
                    }
                },
                {
                    "type": "Feature",
                    "geometry": {
                        "type": "Point",
                        "coordinates": [
                            49.2554316,
                            55.7892173
                        ]
                    },
                    "properties": {
                        "createdDate": 1703517793145,
                        "bearing": 343.43157958984375,
                        "velocity": 4.340737342834473
                    }
                },
                {
                    "type": "Feature",
                    "geometry": {
                        "type": "Point",
                        "coordinates": [
                            49.2554082,
                            55.7892607
                        ]
                    },
                    "properties": {
                        "createdDate": 1703517794150,
                        "bearing": 337.5860900878906,
                        "velocity": 4.041955471038818
                    }
                },
                {
                    "type": "Feature",
                    "geometry": {
                        "type": "Point",
                        "coordinates": [
                            49.2553834,
                            55.789297
                        ]
                    },
                    "properties": {
                        "createdDate": 1703517795157,
                        "bearing": 335.2973327636719,
                        "velocity": 3.7936110496520996
                    }
                },
                {
                    "type": "Feature",
                    "geometry": {
                        "type": "Point",
                        "coordinates": [
                            49.2553488,
                            55.7893246
                        ]
                    },
                    "properties": {
                        "createdDate": 1703517796149,
                        "bearing": 323.39788818359375,
                        "velocity": 3.402261972427368
                    }
                },
                {
                    "type": "Feature",
                    "geometry": {
                        "type": "Point",
                        "coordinates": [
                            49.2553096,
                            55.7893437
                        ]
                    },
                    "properties": {
                        "createdDate": 1703517797159,
                        "bearing": 314.2418212890625,
                        "velocity": 3.0755181312561035
                    }
                },
                {
                    "type": "Feature",
                    "geometry": {
                        "type": "Point",
                        "coordinates": [
                            49.2552842,
                            55.7893584
                        ]
                    },
                    "properties": {
                        "createdDate": 1703517798164,
                        "bearing": 306.7115783691406,
                        "velocity": 2.6905055046081543
                    }
                },
                {
                    "type": "Feature",
                    "geometry": {
                        "type": "Point",
                        "coordinates": [
                            49.2552568,
                            55.7893672
                        ]
                    },
                    "properties": {
                        "createdDate": 1703517799159,
                        "bearing": 281.8047180175781,
                        "velocity": 2.321484088897705
                    }
                },
                {
                    "type": "Feature",
                    "geometry": {
                        "type": "Point",
                        "coordinates": [
                            49.2552224,
                            55.7893681
                        ]
                    },
                    "properties": {
                        "createdDate": 1703517800162,
                        "bearing": 274.43731689453125,
                        "velocity": 2.2137391567230225
                    }
                },
                {
                    "type": "Feature",
                    "geometry": {
                        "type": "Point",
                        "coordinates": [
                            49.2552056,
                            55.7893629
                        ]
                    },
                    "properties": {
                        "createdDate": 1703517801155,
                        "bearing": 253.1168212890625,
                        "velocity": 2.0727715492248535
                    }
                },
                {
                    "type": "Feature",
                    "geometry": {
                        "type": "Point",
                        "coordinates": [
                            49.2551745,
                            55.7893511
                        ]
                    },
                    "properties": {
                        "createdDate": 1703517802162,
                        "bearing": 242.37225341796875,
                        "velocity": 2.7504637241363525
                    }
                },
                {
                    "type": "Feature",
                    "geometry": {
                        "type": "Point",
                        "coordinates": [
                            49.2551302,
                            55.7893376
                        ]
                    },
                    "properties": {
                        "createdDate": 1703517803169,
                        "bearing": 246.60533142089844,
                        "velocity": 3.17397141456604
                    }
                },
                {
                    "type": "Feature",
                    "geometry": {
                        "type": "Point",
                        "coordinates": [
                            49.2550778,
                            55.7893254
                        ]
                    },
                    "properties": {
                        "createdDate": 1703517804161,
                        "bearing": 248.85084533691406,
                        "velocity": 3.0310850143432617
                    }
                },
                {
                    "type": "Feature",
                    "geometry": {
                        "type": "Point",
                        "coordinates": [
                            49.255026,
                            55.7893164
                        ]
                    },
                    "properties": {
                        "createdDate": 1703517805170,
                        "bearing": 253.6934356689453,
                        "velocity": 2.937211275100708
                    }
                },
                {
                    "type": "Feature",
                    "geometry": {
                        "type": "Point",
                        "coordinates": [
                            49.2549694,
                            55.789312
                        ]
                    },
                    "properties": {
                        "createdDate": 1703517806177,
                        "bearing": 257.7491149902344,
                        "velocity": 3.267188787460327
                    }
                },
                {
                    "type": "Feature",
                    "geometry": {
                        "type": "Point",
                        "coordinates": [
                            49.2549076,
                            55.7893052
                        ]
                    },
                    "properties": {
                        "createdDate": 1703517807170,
                        "bearing": 252.23199462890625,
                        "velocity": 3.7658777236938477
                    }
                },
                {
                    "type": "Feature",
                    "geometry": {
                        "type": "Point",
                        "coordinates": [
                            49.2548369,
                            55.7892926
                        ]
                    },
                    "properties": {
                        "createdDate": 1703517808177,
                        "bearing": 251.9072265625,
                        "velocity": 4.361371040344238
                    }
                },
                {
                    "type": "Feature",
                    "geometry": {
                        "type": "Point",
                        "coordinates": [
                            49.254757,
                            55.7892802
                        ]
                    },
                    "properties": {
                        "createdDate": 1703517809184,
                        "bearing": 255.68087768554688,
                        "velocity": 4.890700340270996
                    }
                },
                {
                    "type": "Feature",
                    "geometry": {
                        "type": "Point",
                        "coordinates": [
                            49.2546745,
                            55.7892698
                        ]
                    },
                    "properties": {
                        "createdDate": 1703517810176,
                        "bearing": 257.85162353515625,
                        "velocity": 4.873764514923096
                    }
                },
                {
                    "type": "Feature",
                    "geometry": {
                        "type": "Point",
                        "coordinates": [
                            49.2545936,
                            55.7892602
                        ]
                    },
                    "properties": {
                        "createdDate": 1703517811184,
                        "bearing": 257.0306396484375,
                        "velocity": 5.04395055770874
                    }
                },
                {
                    "type": "Feature",
                    "geometry": {
                        "type": "Point",
                        "coordinates": [
                            49.2545067,
                            55.7892534
                        ]
                    },
                    "properties": {
                        "createdDate": 1703517812176,
                        "bearing": 255.12306213378906,
                        "velocity": 5.25087308883667
                    }
                },
                {
                    "type": "Feature",
                    "geometry": {
                        "type": "Point",
                        "coordinates": [
                            49.2544166,
                            55.7892438
                        ]
                    },
                    "properties": {
                        "createdDate": 1703517813183,
                        "bearing": 256.90020751953125,
                        "velocity": 5.279402256011963
                    }
                },
                {
                    "type": "Feature",
                    "geometry": {
                        "type": "Point",
                        "coordinates": [
                            49.2543317,
                            55.7892332
                        ]
                    },
                    "properties": {
                        "createdDate": 1703517814191,
                        "bearing": 254.2260284423828,
                        "velocity": 5.115428447723389
                    }
                },
                {
                    "type": "Feature",
                    "geometry": {
                        "type": "Point",
                        "coordinates": [
                            49.2542485,
                            55.7892224
                        ]
                    },
                    "properties": {
                        "createdDate": 1703517815186,
                        "bearing": 251.27174377441406,
                        "velocity": 4.81113862991333
                    }
                },
                {
                    "type": "Feature",
                    "geometry": {
                        "type": "Point",
                        "coordinates": [
                            49.2541742,
                            55.7892049
                        ]
                    },
                    "properties": {
                        "createdDate": 1703517816191,
                        "bearing": 247.59849548339844,
                        "velocity": 4.911792278289795
                    }
                },
                {
                    "type": "Feature",
                    "geometry": {
                        "type": "Point",
                        "coordinates": [
                            49.2541009,
                            55.7891865
                        ]
                    },
                    "properties": {
                        "createdDate": 1703517817182,
                        "bearing": 247.17762756347656,
                        "velocity": 4.967442035675049
                    }
                },
                {
                    "type": "Feature",
                    "geometry": {
                        "type": "Point",
                        "coordinates": [
                            49.2540244,
                            55.7891696
                        ]
                    },
                    "properties": {
                        "createdDate": 1703517818192,
                        "bearing": 248.21214294433594,
                        "velocity": 4.5398969650268555
                    }
                },
                {
                    "type": "Feature",
                    "geometry": {
                        "type": "Point",
                        "coordinates": [
                            49.2539489,
                            55.7891548
                        ]
                    },
                    "properties": {
                        "createdDate": 1703517819198,
                        "bearing": 250.19827270507812,
                        "velocity": 4.085230350494385
                    }
                },
                {
                    "type": "Feature",
                    "geometry": {
                        "type": "Point",
                        "coordinates": [
                            49.2538893,
                            55.7891434
                        ]
                    },
                    "properties": {
                        "createdDate": 1703517820205,
                        "bearing": 249.81378173828125,
                        "velocity": 3.438863515853882
                    }
                },
                {
                    "type": "Feature",
                    "geometry": {
                        "type": "Point",
                        "coordinates": [
                            49.2538361,
                            55.7891359
                        ]
                    },
                    "properties": {
                        "createdDate": 1703517821198,
                        "bearing": 248.22805786132812,
                        "velocity": 2.729931116104126
                    }
                },
                {
                    "type": "Feature",
                    "geometry": {
                        "type": "Point",
                        "coordinates": [
                            49.2537906,
                            55.7891255
                        ]
                    },
                    "properties": {
                        "createdDate": 1703517822206,
                        "bearing": 239.49838256835938,
                        "velocity": 2.7271125316619873
                    }
                },
                {
                    "type": "Feature",
                    "geometry": {
                        "type": "Point",
                        "coordinates": [
                            49.253737,
                            55.7891144
                        ]
                    },
                    "properties": {
                        "createdDate": 1703517823200,
                        "bearing": 244.21812438964844,
                        "velocity": 2.868846893310547
                    }
                },
                {
                    "type": "Feature",
                    "geometry": {
                        "type": "Point",
                        "coordinates": [
                            49.2536766,
                            55.7891032
                        ]
                    },
                    "properties": {
                        "createdDate": 1703517824205,
                        "bearing": 245.5804901123047,
                        "velocity": 3.10788893699646
                    }
                },
                {
                    "type": "Feature",
                    "geometry": {
                        "type": "Point",
                        "coordinates": [
                            49.2536097,
                            55.7890898
                        ]
                    },
                    "properties": {
                        "createdDate": 1703517825197,
                        "bearing": 244.1464080810547,
                        "velocity": 3.634108781814575
                    }
                },
                {
                    "type": "Feature",
                    "geometry": {
                        "type": "Point",
                        "coordinates": [
                            49.2535404,
                            55.7890734
                        ]
                    },
                    "properties": {
                        "createdDate": 1703517826204,
                        "bearing": 244.0752716064453,
                        "velocity": 3.996178388595581
                    }
                },
                {
                    "type": "Feature",
                    "geometry": {
                        "type": "Point",
                        "coordinates": [
                            49.2534558,
                            55.7890555
                        ]
                    },
                    "properties": {
                        "createdDate": 1703517827212,
                        "bearing": 245.46034240722656,
                        "velocity": 4.206650733947754
                    }
                },
                {
                    "type": "Feature",
                    "geometry": {
                        "type": "Point",
                        "coordinates": [
                            49.2533754,
                            55.7890389
                        ]
                    },
                    "properties": {
                        "createdDate": 1703517828203,
                        "bearing": 246.3866424560547,
                        "velocity": 4.506422519683838
                    }
                },
                {
                    "type": "Feature",
                    "geometry": {
                        "type": "Point",
                        "coordinates": [
                            49.2532973,
                            55.7890236
                        ]
                    },
                    "properties": {
                        "createdDate": 1703517829211,
                        "bearing": 248.85870361328125,
                        "velocity": 4.592073440551758
                    }
                },
                {
                    "type": "Feature",
                    "geometry": {
                        "type": "Point",
                        "coordinates": [
                            49.2532146,
                            55.7890121
                        ]
                    },
                    "properties": {
                        "createdDate": 1703517830205,
                        "bearing": 251.75161743164062,
                        "velocity": 4.729270935058594
                    }
                },
                {
                    "type": "Feature",
                    "geometry": {
                        "type": "Point",
                        "coordinates": [
                            49.253129,
                            55.7890017
                        ]
                    },
                    "properties": {
                        "createdDate": 1703517831210,
                        "bearing": 253.0301055908203,
                        "velocity": 5.140893459320068
                    }
                },
                {
                    "type": "Feature",
                    "geometry": {
                        "type": "Point",
                        "coordinates": [
                            49.2530449,
                            55.7889876
                        ]
                    },
                    "properties": {
                        "createdDate": 1703517832218,
                        "bearing": 250.4932861328125,
                        "velocity": 5.173663139343262
                    }
                },
                {
                    "type": "Feature",
                    "geometry": {
                        "type": "Point",
                        "coordinates": [
                            49.2529644,
                            55.7889714
                        ]
                    },
                    "properties": {
                        "createdDate": 1703517833212,
                        "bearing": 248.2801055908203,
                        "velocity": 5.044821262359619
                    }
                },
                {
                    "type": "Feature",
                    "geometry": {
                        "type": "Point",
                        "coordinates": [
                            49.2528851,
                            55.788955
                        ]
                    },
                    "properties": {
                        "createdDate": 1703517834219,
                        "bearing": 248.39662170410156,
                        "velocity": 4.922970771789551
                    }
                },
                {
                    "type": "Feature",
                    "geometry": {
                        "type": "Point",
                        "coordinates": [
                            49.2528123,
                            55.7889357
                        ]
                    },
                    "properties": {
                        "createdDate": 1703517835225,
                        "bearing": 249.23387145996094,
                        "velocity": 4.803069591522217
                    }
                },
                {
                    "type": "Feature",
                    "geometry": {
                        "type": "Point",
                        "coordinates": [
                            49.252739,
                            55.7889139
                        ]
                    },
                    "properties": {
                        "createdDate": 1703517836218,
                        "bearing": 252.48960876464844,
                        "velocity": 4.623507022857666
                    }
                },
                {
                    "type": "Feature",
                    "geometry": {
                        "type": "Point",
                        "coordinates": [
                            49.252666,
                            55.7888953
                        ]
                    },
                    "properties": {
                        "createdDate": 1703517837225,
                        "bearing": 252.06874084472656,
                        "velocity": 4.509471416473389
                    }
                },
                {
                    "type": "Feature",
                    "geometry": {
                        "type": "Point",
                        "coordinates": [
                            49.2525924,
                            55.7888735
                        ]
                    },
                    "properties": {
                        "createdDate": 1703517838219,
                        "bearing": 248.9446563720703,
                        "velocity": 4.661884784698486
                    }
                },
                {
                    "type": "Feature",
                    "geometry": {
                        "type": "Point",
                        "coordinates": [
                            49.2525169,
                            55.7888525
                        ]
                    },
                    "properties": {
                        "createdDate": 1703517839226,
                        "bearing": 247.2186279296875,
                        "velocity": 4.672484874725342
                    }
                },
                {
                    "type": "Feature",
                    "geometry": {
                        "type": "Point",
                        "coordinates": [
                            49.2524414,
                            55.788834
                        ]
                    },
                    "properties": {
                        "createdDate": 1703517840232,
                        "bearing": 247.0629119873047,
                        "velocity": 4.746514320373535
                    }
                },
                {
                    "type": "Feature",
                    "geometry": {
                        "type": "Point",
                        "coordinates": [
                            49.2523651,
                            55.7888166
                        ]
                    },
                    "properties": {
                        "createdDate": 1703517841224,
                        "bearing": 245.0835723876953,
                        "velocity": 4.861865997314453
                    }
                },
                {
                    "type": "Feature",
                    "geometry": {
                        "type": "Point",
                        "coordinates": [
                            49.2522872,
                            55.7887973
                        ]
                    },
                    "properties": {
                        "createdDate": 1703517842232,
                        "bearing": 245.5856475830078,
                        "velocity": 4.995368480682373
                    }
                },
                {
                    "type": "Feature",
                    "geometry": {
                        "type": "Point",
                        "coordinates": [
                            49.2522104,
                            55.7887762
                        ]
                    },
                    "properties": {
                        "createdDate": 1703517843230,
                        "bearing": 242.37762451171875,
                        "velocity": 5.053947925567627
                    }
                },
                {
                    "type": "Feature",
                    "geometry": {
                        "type": "Point",
                        "coordinates": [
                            49.2521326,
                            55.7887556
                        ]
                    },
                    "properties": {
                        "createdDate": 1703517844232,
                        "bearing": 244.50335693359375,
                        "velocity": 5.059572696685791
                    }
                },
                {
                    "type": "Feature",
                    "geometry": {
                        "type": "Point",
                        "coordinates": [
                            49.2520545,
                            55.7887359
                        ]
                    },
                    "properties": {
                        "createdDate": 1703517845239,
                        "bearing": 245.4658966064453,
                        "velocity": 5.0051984786987305
                    }
                },
                {
                    "type": "Feature",
                    "geometry": {
                        "type": "Point",
                        "coordinates": [
                            49.2519793,
                            55.7887181
                        ]
                    },
                    "properties": {
                        "createdDate": 1703517846231,
                        "bearing": 246.42269897460938,
                        "velocity": 4.82793664932251
                    }
                },
                {
                    "type": "Feature",
                    "geometry": {
                        "type": "Point",
                        "coordinates": [
                            49.2519077,
                            55.7886992
                        ]
                    },
                    "properties": {
                        "createdDate": 1703517847237,
                        "bearing": 244.11158752441406,
                        "velocity": 4.735763072967529
                    }
                },
                {
                    "type": "Feature",
                    "geometry": {
                        "type": "Point",
                        "coordinates": [
                            49.2518459,
                            55.7886807
                        ]
                    },
                    "properties": {
                        "createdDate": 1703517848234,
                        "bearing": 242.9517059326172,
                        "velocity": 4.209589004516602
                    }
                },
                {
                    "type": "Feature",
                    "geometry": {
                        "type": "Point",
                        "coordinates": [
                            49.251794,
                            55.7886663
                        ]
                    },
                    "properties": {
                        "createdDate": 1703517849238,
                        "bearing": 246.2267303466797,
                        "velocity": 3.513411283493042
                    }
                },
                {
                    "type": "Feature",
                    "geometry": {
                        "type": "Point",
                        "coordinates": [
                            49.2517504,
                            55.7886574
                        ]
                    },
                    "properties": {
                        "createdDate": 1703517850245,
                        "bearing": 252.95901489257812,
                        "velocity": 2.8948581218719482
                    }
                },
                {
                    "type": "Feature",
                    "geometry": {
                        "type": "Point",
                        "coordinates": [
                            49.2517125,
                            55.7886492
                        ]
                    },
                    "properties": {
                        "createdDate": 1703517851255,
                        "bearing": 251.8487091064453,
                        "velocity": 2.536052942276001
                    }
                },
                {
                    "type": "Feature",
                    "geometry": {
                        "type": "Point",
                        "coordinates": [
                            49.2516752,
                            55.788641
                        ]
                    },
                    "properties": {
                        "createdDate": 1703517852245,
                        "bearing": 251.2416534423828,
                        "velocity": 2.5622615814208984
                    }
                },
                {
                    "type": "Feature",
                    "geometry": {
                        "type": "Point",
                        "coordinates": [
                            49.2516346,
                            55.7886376
                        ]
                    },
                    "properties": {
                        "createdDate": 1703517853253,
                        "bearing": 259.4585876464844,
                        "velocity": 2.5007107257843018
                    }
                },
                {
                    "type": "Feature",
                    "geometry": {
                        "type": "Point",
                        "coordinates": [
                            49.2515899,
                            55.7886321
                        ]
                    },
                    "properties": {
                        "createdDate": 1703517854247,
                        "bearing": 255.9429931640625,
                        "velocity": 2.61824369430542
                    }
                },
                {
                    "type": "Feature",
                    "geometry": {
                        "type": "Point",
                        "coordinates": [
                            49.2515459,
                            55.7886252
                        ]
                    },
                    "properties": {
                        "createdDate": 1703517855252,
                        "bearing": 258.109619140625,
                        "velocity": 2.678171157836914
                    }
                },
                {
                    "type": "Feature",
                    "geometry": {
                        "type": "Point",
                        "coordinates": [
                            49.2515035,
                            55.788609
                        ]
                    },
                    "properties": {
                        "createdDate": 1703517856246,
                        "bearing": 252.18807983398438,
                        "velocity": 2.730886936187744
                    }
                },
                {
                    "type": "Feature",
                    "geometry": {
                        "type": "Point",
                        "coordinates": [
                            49.2514626,
                            55.7885881
                        ]
                    },
                    "properties": {
                        "createdDate": 1703517857256,
                        "bearing": 252.08106994628906,
                        "velocity": 2.873739719390869
                    }
                },
                {
                    "type": "Feature",
                    "geometry": {
                        "type": "Point",
                        "coordinates": [
                            49.2514185,
                            55.7885735
                        ]
                    },
                    "properties": {
                        "createdDate": 1703517858259,
                        "bearing": 255.92181396484375,
                        "velocity": 2.8277742862701416
                    }
                },
                {
                    "type": "Feature",
                    "geometry": {
                        "type": "Point",
                        "coordinates": [
                            49.2513675,
                            55.7885558
                        ]
                    },
                    "properties": {
                        "createdDate": 1703517859253,
                        "bearing": 261.8643493652344,
                        "velocity": 3.308736562728882
                    }
                },
                {
                    "type": "Feature",
                    "geometry": {
                        "type": "Point",
                        "coordinates": [
                            49.2513083,
                            55.7885491
                        ]
                    },
                    "properties": {
                        "createdDate": 1703517860257,
                        "bearing": 271.77349853515625,
                        "velocity": 3.496774911880493
                    }
                },
                {
                    "type": "Feature",
                    "geometry": {
                        "type": "Point",
                        "coordinates": [
                            49.2512483,
                            55.7885553
                        ]
                    },
                    "properties": {
                        "createdDate": 1703517861255,
                        "bearing": 283.8394470214844,
                        "velocity": 3.565669059753418
                    }
                },
                {
                    "type": "Feature",
                    "geometry": {
                        "type": "Point",
                        "coordinates": [
                            49.2511974,
                            55.7885768
                        ]
                    },
                    "properties": {
                        "createdDate": 1703517862259,
                        "bearing": 301.1252136230469,
                        "velocity": 3.570291757583618
                    }
                },
                {
                    "type": "Feature",
                    "geometry": {
                        "type": "Point",
                        "coordinates": [
                            49.2511648,
                            55.7886085
                        ]
                    },
                    "properties": {
                        "createdDate": 1703517863266,
                        "bearing": 321.2121887207031,
                        "velocity": 3.5050206184387207
                    }
                },
                {
                    "type": "Feature",
                    "geometry": {
                        "type": "Point",
                        "coordinates": [
                            49.2511465,
                            55.7886529
                        ]
                    },
                    "properties": {
                        "createdDate": 1703517864258,
                        "bearing": 337.8289794921875,
                        "velocity": 4.15976619720459
                    }
                },
                {
                    "type": "Feature",
                    "geometry": {
                        "type": "Point",
                        "coordinates": [
                            49.2511276,
                            55.7887039
                        ]
                    },
                    "properties": {
                        "createdDate": 1703517865265,
                        "bearing": 342.38653564453125,
                        "velocity": 4.855116844177246
                    }
                },
                {
                    "type": "Feature",
                    "geometry": {
                        "type": "Point",
                        "coordinates": [
                            49.2511068,
                            55.7887601
                        ]
                    },
                    "properties": {
                        "createdDate": 1703517866275,
                        "bearing": 343.8658752441406,
                        "velocity": 5.450606346130371
                    }
                },
                {
                    "type": "Feature",
                    "geometry": {
                        "type": "Point",
                        "coordinates": [
                            49.2510982,
                            55.7888007
                        ]
                    },
                    "properties": {
                        "createdDate": 1703517867265,
                        "bearing": 348.8347473144531,
                        "velocity": 4.456723690032959
                    }
                },
                {
                    "type": "Feature",
                    "geometry": {
                        "type": "Point",
                        "coordinates": [
                            49.2510953,
                            55.7888374
                        ]
                    },
                    "properties": {
                        "createdDate": 1703517868273,
                        "bearing": 355.64178466796875,
                        "velocity": 3.4283201694488525
                    }
                },
                {
                    "type": "Feature",
                    "geometry": {
                        "type": "Point",
                        "coordinates": [
                            49.2510962,
                            55.788868
                        ]
                    },
                    "properties": {
                        "createdDate": 1703517869283,
                        "bearing": 1.6254503726959229,
                        "velocity": 2.5963399410247803
                    }
                },
                {
                    "type": "Feature",
                    "geometry": {
                        "type": "Point",
                        "coordinates": [
                            49.2511027,
                            55.7888997
                        ]
                    },
                    "properties": {
                        "createdDate": 1703517870273,
                        "bearing": 6.746605396270752,
                        "velocity": 2.512612819671631
                    }
                },
                {
                    "type": "Feature",
                    "geometry": {
                        "type": "Point",
                        "coordinates": [
                            49.2511139,
                            55.788929
                        ]
                    },
                    "properties": {
                        "createdDate": 1703517871282,
                        "bearing": 12.842938423156738,
                        "velocity": 3.0715925693511963
                    }
                },
                {
                    "type": "Feature",
                    "geometry": {
                        "type": "Point",
                        "coordinates": [
                            49.2511273,
                            55.7889588
                        ]
                    },
                    "properties": {
                        "createdDate": 1703517872272,
                        "bearing": 18.772871017456055,
                        "velocity": 3.4494709968566895
                    }
                },
                {
                    "type": "Feature",
                    "geometry": {
                        "type": "Point",
                        "coordinates": [
                            49.2511487,
                            55.7889826
                        ]
                    },
                    "properties": {
                        "createdDate": 1703517873280,
                        "bearing": 25.747520446777344,
                        "velocity": 4.0237202644348145
                    }
                },
                {
                    "type": "Feature",
                    "geometry": {
                        "type": "Point",
                        "coordinates": [
                            49.2511673,
                            55.7890152
                        ]
                    },
                    "properties": {
                        "createdDate": 1703517874276,
                        "bearing": 21.271751403808594,
                        "velocity": 4.332335948944092
                    }
                },
                {
                    "type": "Feature",
                    "geometry": {
                        "type": "Point",
                        "coordinates": [
                            49.2511791,
                            55.7890553
                        ]
                    },
                    "properties": {
                        "createdDate": 1703517875279,
                        "bearing": 10.465615272521973,
                        "velocity": 5.1364240646362305
                    }
                },
                {
                    "type": "Feature",
                    "geometry": {
                        "type": "Point",
                        "coordinates": [
                            49.2511912,
                            55.7891038
                        ]
                    },
                    "properties": {
                        "createdDate": 1703517876286,
                        "bearing": 7.156691074371338,
                        "velocity": 5.252706050872803
                    }
                },
                {
                    "type": "Feature",
                    "geometry": {
                        "type": "Point",
                        "coordinates": [
                            49.2511933,
                            55.7891559
                        ]
                    },
                    "properties": {
                        "createdDate": 1703517877294,
                        "bearing": 351.84503173828125,
                        "velocity": 5.6991095542907715
                    }
                },
                {
                    "type": "Feature",
                    "geometry": {
                        "type": "Point",
                        "coordinates": [
                            49.251167,
                            55.7892067
                        ]
                    },
                    "properties": {
                        "createdDate": 1703517878286,
                        "bearing": 335.9600524902344,
                        "velocity": 5.649169921875
                    }
                },
                {
                    "type": "Feature",
                    "geometry": {
                        "type": "Point",
                        "coordinates": [
                            49.2511215,
                            55.7892533
                        ]
                    },
                    "properties": {
                        "createdDate": 1703517879294,
                        "bearing": 324.6926574707031,
                        "velocity": 5.969856262207031
                    }
                },
                {
                    "type": "Feature",
                    "geometry": {
                        "type": "Point",
                        "coordinates": [
                            49.2510538,
                            55.7892954
                        ]
                    },
                    "properties": {
                        "createdDate": 1703517880290,
                        "bearing": 314.96246337890625,
                        "velocity": 6.247823715209961
                    }
                },
                {
                    "type": "Feature",
                    "geometry": {
                        "type": "Point",
                        "coordinates": [
                            49.2509772,
                            55.7893338
                        ]
                    },
                    "properties": {
                        "createdDate": 1703517881299,
                        "bearing": 310.3954772949219,
                        "velocity": 6.109460353851318
                    }
                },
                {
                    "type": "Feature",
                    "geometry": {
                        "type": "Point",
                        "coordinates": [
                            49.2509047,
                            55.7893744
                        ]
                    },
                    "properties": {
                        "createdDate": 1703517882300,
                        "bearing": 314.60443115234375,
                        "velocity": 6.388246059417725
                    }
                },
                {
                    "type": "Feature",
                    "geometry": {
                        "type": "Point",
                        "coordinates": [
                            49.2508377,
                            55.789421
                        ]
                    },
                    "properties": {
                        "createdDate": 1703517883297,
                        "bearing": 322.21636962890625,
                        "velocity": 6.190532207489014
                    }
                },
                {
                    "type": "Feature",
                    "geometry": {
                        "type": "Point",
                        "coordinates": [
                            49.2507881,
                            55.7894677
                        ]
                    },
                    "properties": {
                        "createdDate": 1703517884300,
                        "bearing": 325.58843994140625,
                        "velocity": 6.247339248657227
                    }
                },
                {
                    "type": "Feature",
                    "geometry": {
                        "type": "Point",
                        "coordinates": [
                            49.2507442,
                            55.7895251
                        ]
                    },
                    "properties": {
                        "createdDate": 1703517885308,
                        "bearing": 334.2765808105469,
                        "velocity": 6.732010364532471
                    }
                },
                {
                    "type": "Feature",
                    "geometry": {
                        "type": "Point",
                        "coordinates": [
                            49.250706,
                            55.7895822
                        ]
                    },
                    "properties": {
                        "createdDate": 1703517886304,
                        "bearing": 331.3650207519531,
                        "velocity": 6.40363883972168
                    }
                },
                {
                    "type": "Feature",
                    "geometry": {
                        "type": "Point",
                        "coordinates": [
                            49.2506709,
                            55.7896413
                        ]
                    },
                    "properties": {
                        "createdDate": 1703517887308,
                        "bearing": 334.80517578125,
                        "velocity": 5.899059772491455
                    }
                },
                {
                    "type": "Feature",
                    "geometry": {
                        "type": "Point",
                        "coordinates": [
                            49.2506372,
                            55.789692
                        ]
                    },
                    "properties": {
                        "createdDate": 1703517888311,
                        "bearing": 335.08892822265625,
                        "velocity": 5.542352199554443
                    }
                },
                {
                    "type": "Feature",
                    "geometry": {
                        "type": "Point",
                        "coordinates": [
                            49.2506163,
                            55.7897355
                        ]
                    },
                    "properties": {
                        "createdDate": 1703517889307,
                        "bearing": 336.9960632324219,
                        "velocity": 5.031461715698242
                    }
                },
                {
                    "type": "Feature",
                    "geometry": {
                        "type": "Point",
                        "coordinates": [
                            49.2505612,
                            55.789828
                        ]
                    },
                    "properties": {
                        "createdDate": 1703517890314,
                        "bearing": 338.6031799316406,
                        "velocity": 5.297759056091309
                    }
                },
                {
                    "type": "Feature",
                    "geometry": {
                        "type": "Point",
                        "coordinates": [
                            49.250489,
                            55.7899413
                        ]
                    },
                    "properties": {
                        "createdDate": 1703517892314,
                        "bearing": 338.8690185546875,
                        "velocity": 6.8618316650390625
                    }
                },
                {
                    "type": "Feature",
                    "geometry": {
                        "type": "Point",
                        "coordinates": [
                            49.2504521,
                            55.7899997
                        ]
                    },
                    "properties": {
                        "createdDate": 1703517893305,
                        "bearing": 338.15069580078125,
                        "velocity": 6.660449028015137
                    }
                },
                {
                    "type": "Feature",
                    "geometry": {
                        "type": "Point",
                        "coordinates": [
                            49.25042,
                            55.7900565
                        ]
                    },
                    "properties": {
                        "createdDate": 1703517894315,
                        "bearing": 339.8415832519531,
                        "velocity": 6.860846996307373
                    }
                },
                {
                    "type": "Feature",
                    "geometry": {
                        "type": "Point",
                        "coordinates": [
                            49.25039,
                            55.7901109
                        ]
                    },
                    "properties": {
                        "createdDate": 1703517895311,
                        "bearing": 337.4437561035156,
                        "velocity": 6.100937366485596
                    }
                },
                {
                    "type": "Feature",
                    "geometry": {
                        "type": "Point",
                        "coordinates": [
                            49.2503648,
                            55.7901615
                        ]
                    },
                    "properties": {
                        "createdDate": 1703517896317,
                        "bearing": 338.08544921875,
                        "velocity": 5.646527290344238
                    }
                },
                {
                    "type": "Feature",
                    "geometry": {
                        "type": "Point",
                        "coordinates": [
                            49.2503477,
                            55.7902049
                        ]
                    },
                    "properties": {
                        "createdDate": 1703517897320,
                        "bearing": 338.9632263183594,
                        "velocity": 5.600991725921631
                    }
                },
                {
                    "type": "Feature",
                    "geometry": {
                        "type": "Point",
                        "coordinates": [
                            49.2502669,
                            55.7903136
                        ]
                    },
                    "properties": {
                        "createdDate": 1703517899321,
                        "bearing": 333.20758056640625,
                        "velocity": 5.750334739685059
                    }
                },
                {
                    "type": "Feature",
                    "geometry": {
                        "type": "Point",
                        "coordinates": [
                            49.2502217,
                            55.7903634
                        ]
                    },
                    "properties": {
                        "createdDate": 1703517900328,
                        "bearing": 332.1490478515625,
                        "velocity": 5.25998067855835
                    }
                },
                {
                    "type": "Feature",
                    "geometry": {
                        "type": "Point",
                        "coordinates": [
                            49.2501831,
                            55.7904084
                        ]
                    },
                    "properties": {
                        "createdDate": 1703517901339,
                        "bearing": 334.0079040527344,
                        "velocity": 4.623912811279297
                    }
                },
                {
                    "type": "Feature",
                    "geometry": {
                        "type": "Point",
                        "coordinates": [
                            49.2501466,
                            55.7904464
                        ]
                    },
                    "properties": {
                        "createdDate": 1703517902327,
                        "bearing": 328.40716552734375,
                        "velocity": 4.56627082824707
                    }
                },
                {
                    "type": "Feature",
                    "geometry": {
                        "type": "Point",
                        "coordinates": [
                            49.2501143,
                            55.7904767
                        ]
                    },
                    "properties": {
                        "createdDate": 1703517903317,
                        "bearing": 327.2716064453125,
                        "velocity": 3.6766247749328613
                    }
                },
                {
                    "type": "Feature",
                    "geometry": {
                        "type": "Point",
                        "coordinates": [
                            49.2500925,
                            55.7905036
                        ]
                    },
                    "properties": {
                        "createdDate": 1703517904327,
                        "bearing": 335.5834045410156,
                        "velocity": 3.2655277252197266
                    }
                },
                {
                    "type": "Feature",
                    "geometry": {
                        "type": "Point",
                        "coordinates": [
                            49.2500714,
                            55.7905301
                        ]
                    },
                    "properties": {
                        "createdDate": 1703517905318,
                        "bearing": 334.1272888183594,
                        "velocity": 3.1190218925476074
                    }
                },
                {
                    "type": "Feature",
                    "geometry": {
                        "type": "Point",
                        "coordinates": [
                            49.2500441,
                            55.7905503
                        ]
                    },
                    "properties": {
                        "createdDate": 1703517906327,
                        "bearing": 327.4530029296875,
                        "velocity": 2.7937002182006836
                    }
                },
                {
                    "type": "Feature",
                    "geometry": {
                        "type": "Point",
                        "coordinates": [
                            49.2500156,
                            55.7905721
                        ]
                    },
                    "properties": {
                        "createdDate": 1703517907334,
                        "bearing": 324.185791015625,
                        "velocity": 3.1232094764709473
                    }
                },
                {
                    "type": "Feature",
                    "geometry": {
                        "type": "Point",
                        "coordinates": [
                            49.249977,
                            55.7906021
                        ]
                    },
                    "properties": {
                        "createdDate": 1703517908325,
                        "bearing": 320.206298828125,
                        "velocity": 4.0906853675842285
                    }
                },
                {
                    "type": "Feature",
                    "geometry": {
                        "type": "Point",
                        "coordinates": [
                            49.2499303,
                            55.7906347
                        ]
                    },
                    "properties": {
                        "createdDate": 1703517909334,
                        "bearing": 317.3607177734375,
                        "velocity": 4.047247886657715
                    }
                },
                {
                    "type": "Feature",
                    "geometry": {
                        "type": "Point",
                        "coordinates": [
                            49.2498853,
                            55.7906689
                        ]
                    },
                    "properties": {
                        "createdDate": 1703517910341,
                        "bearing": 321.51068115234375,
                        "velocity": 4.6275715827941895
                    }
                },
                {
                    "type": "Feature",
                    "geometry": {
                        "type": "Point",
                        "coordinates": [
                            49.2498373,
                            55.7907125
                        ]
                    },
                    "properties": {
                        "createdDate": 1703517911333,
                        "bearing": 324.6302795410156,
                        "velocity": 5.534591197967529
                    }
                },
                {
                    "type": "Feature",
                    "geometry": {
                        "type": "Point",
                        "coordinates": [
                            49.2497839,
                            55.7907616
                        ]
                    },
                    "properties": {
                        "createdDate": 1703517912341,
                        "bearing": 323.2076110839844,
                        "velocity": 5.642996311187744
                    }
                },
                {
                    "type": "Feature",
                    "geometry": {
                        "type": "Point",
                        "coordinates": [
                            49.2497361,
                            55.7908124
                        ]
                    },
                    "properties": {
                        "createdDate": 1703517913348,
                        "bearing": 330.4100036621094,
                        "velocity": 5.502318859100342
                    }
                },
                {
                    "type": "Feature",
                    "geometry": {
                        "type": "Point",
                        "coordinates": [
                            49.2496954,
                            55.7908586
                        ]
                    },
                    "properties": {
                        "createdDate": 1703517914341,
                        "bearing": 328.3048095703125,
                        "velocity": 5.262438774108887
                    }
                },
                {
                    "type": "Feature",
                    "geometry": {
                        "type": "Point",
                        "coordinates": [
                            49.2496583,
                            55.7909068
                        ]
                    },
                    "properties": {
                        "createdDate": 1703517915348,
                        "bearing": 327.09844970703125,
                        "velocity": 5.782960891723633
                    }
                },
                {
                    "type": "Feature",
                    "geometry": {
                        "type": "Point",
                        "coordinates": [
                            49.2496151,
                            55.7909667
                        ]
                    },
                    "properties": {
                        "createdDate": 1703517916340,
                        "bearing": 330.70050048828125,
                        "velocity": 6.578877925872803
                    }
                },
                {
                    "type": "Feature",
                    "geometry": {
                        "type": "Point",
                        "coordinates": [
                            49.2495623,
                            55.7910252
                        ]
                    },
                    "properties": {
                        "createdDate": 1703517917347,
                        "bearing": 328.18963623046875,
                        "velocity": 7.000224590301514
                    }
                }
            ]
        }
    },
    {
        "uuid": "cae4b86c-3f52-4e47-8c61-e2689daa8c83",
        "videoId": "1703517334472",
        "filePath": "/vs_data/citysoft-dev/video/2023/12/25/5b8b176f019ea18e/1703517330494/1703517334472/1703517334472.mp4",
        "sessionId": "1703517330494",
        "deviceId": "5b8b176f019ea18e",
        "descriptions": {
            "onDevice": "VladTest",
            "onServer": "VladTest"
        },
        "numbers": {
            "onDevice": "VladTest",
            "onServer": "VladTest"
        },
        "processingStatus": "NEW",
        "operatorId": null,
        "creationDate": "2023-12-25T15:15:34.472Z",
        "processedDate": null,
        "homographyId": null,
        "mergedPartsCount": 284,
        "fps": 0,
        "size": 7951752,
        "resolution": null,
        "errorReason": null,
        "errorModule": null,
        "errorMessage": null,
        "geoJSON": {
            "type": "FeatureCollection",
            "features": [
                {
                    "type": "Feature",
                    "geometry": {
                        "type": "Point",
                        "coordinates": [
                            49.2458098,
                            55.7927324
                        ]
                    },
                    "properties": {
                        "createdDate": 1703517334472,
                        "bearing": 0.0,
                        "velocity": 0.0
                    }
                },
                {
                    "type": "Feature",
                    "geometry": {
                        "type": "Point",
                        "coordinates": [
                            49.2457325,
                            55.7926806
                        ]
                    },
                    "properties": {
                        "createdDate": 1703517339421,
                        "bearing": 0.0,
                        "velocity": 0.01885118894279003
                    }
                },
                {
                    "type": "Feature",
                    "geometry": {
                        "type": "Point",
                        "coordinates": [
                            49.2457303,
                            55.7927315
                        ]
                    },
                    "properties": {
                        "createdDate": 1703517340415,
                        "bearing": 0.0,
                        "velocity": 0.2700325548648834
                    }
                },
                {
                    "type": "Feature",
                    "geometry": {
                        "type": "Point",
                        "coordinates": [
                            49.2457191,
                            55.792762
                        ]
                    },
                    "properties": {
                        "createdDate": 1703517341421,
                        "bearing": 0.0,
                        "velocity": 0.47876930236816406
                    }
                },
                {
                    "type": "Feature",
                    "geometry": {
                        "type": "Point",
                        "coordinates": [
                            49.2457283,
                            55.7927784
                        ]
                    },
                    "properties": {
                        "createdDate": 1703517342429,
                        "bearing": 5.896538368688198E-6,
                        "velocity": 0.6797166466712952
                    }
                },
                {
                    "type": "Feature",
                    "geometry": {
                        "type": "Point",
                        "coordinates": [
                            49.2456844,
                            55.7928178
                        ]
                    },
                    "properties": {
                        "createdDate": 1703517343436,
                        "bearing": 0.0,
                        "velocity": 0.8097955584526062
                    }
                },
                {
                    "type": "Feature",
                    "geometry": {
                        "type": "Point",
                        "coordinates": [
                            49.2456593,
                            55.7928398
                        ]
                    },
                    "properties": {
                        "createdDate": 1703517344427,
                        "bearing": 0.0,
                        "velocity": 0.6516135334968567
                    }
                },
                {
                    "type": "Feature",
                    "geometry": {
                        "type": "Point",
                        "coordinates": [
                            49.245617,
                            55.7928607
                        ]
                    },
                    "properties": {
                        "createdDate": 1703517345439,
                        "bearing": 0.0,
                        "velocity": 0.39984846115112305
                    }
                },
                {
                    "type": "Feature",
                    "geometry": {
                        "type": "Point",
                        "coordinates": [
                            49.2456023,
                            55.7928759
                        ]
                    },
                    "properties": {
                        "createdDate": 1703517346427,
                        "bearing": 0.0,
                        "velocity": 0.5318081378936768
                    }
                },
                {
                    "type": "Feature",
                    "geometry": {
                        "type": "Point",
                        "coordinates": [
                            49.2456015,
                            55.7928904
                        ]
                    },
                    "properties": {
                        "createdDate": 1703517347435,
                        "bearing": 0.0,
                        "velocity": 0.3894398808479309
                    }
                },
                {
                    "type": "Feature",
                    "geometry": {
                        "type": "Point",
                        "coordinates": [
                            49.2456094,
                            55.7929046
                        ]
                    },
                    "properties": {
                        "createdDate": 1703517348427,
                        "bearing": 2.0355550198972866E-13,
                        "velocity": 0.4467163383960724
                    }
                },
                {
                    "type": "Feature",
                    "geometry": {
                        "type": "Point",
                        "coordinates": [
                            49.2456108,
                            55.7929568
                        ]
                    },
                    "properties": {
                        "createdDate": 1703517349434,
                        "bearing": 0.0,
                        "velocity": 1.0589699745178223
                    }
                },
                {
                    "type": "Feature",
                    "geometry": {
                        "type": "Point",
                        "coordinates": [
                            49.2456349,
                            55.7930041
                        ]
                    },
                    "properties": {
                        "createdDate": 1703517350443,
                        "bearing": 2.544443876515562E-13,
                        "velocity": 1.5100144147872925
                    }
                },
                {
                    "type": "Feature",
                    "geometry": {
                        "type": "Point",
                        "coordinates": [
                            49.2457021,
                            55.7930384
                        ]
                    },
                    "properties": {
                        "createdDate": 1703517351435,
                        "bearing": 5.088887753031124E-13,
                        "velocity": 1.400170087814331
                    }
                },
                {
                    "type": "Feature",
                    "geometry": {
                        "type": "Point",
                        "coordinates": [
                            49.245699,
                            55.7930026
                        ]
                    },
                    "properties": {
                        "createdDate": 1703517353436,
                        "bearing": 0.0,
                        "velocity": 0.02898710034787655
                    }
                },
                {
                    "type": "Feature",
                    "geometry": {
                        "type": "Point",
                        "coordinates": [
                            49.2457073,
                            55.7929988
                        ]
                    },
                    "properties": {
                        "createdDate": 1703517354440,
                        "bearing": 0.0,
                        "velocity": 0.010578578338027
                    }
                },
                {
                    "type": "Feature",
                    "geometry": {
                        "type": "Point",
                        "coordinates": [
                            49.2457255,
                            55.7929997
                        ]
                    },
                    "properties": {
                        "createdDate": 1703517355449,
                        "bearing": 0.0,
                        "velocity": 0.03042321279644966
                    }
                },
                {
                    "type": "Feature",
                    "geometry": {
                        "type": "Point",
                        "coordinates": [
                            49.2458643,
                            55.7930224
                        ]
                    },
                    "properties": {
                        "createdDate": 1703517356440,
                        "bearing": 77.871826171875,
                        "velocity": 0.44183558225631714
                    }
                },
                {
                    "type": "Feature",
                    "geometry": {
                        "type": "Point",
                        "coordinates": [
                            49.2459929,
                            55.793043
                        ]
                    },
                    "properties": {
                        "createdDate": 1703517357448,
                        "bearing": 74.900146484375,
                        "velocity": 2.133915901184082
                    }
                },
                {
                    "type": "Feature",
                    "geometry": {
                        "type": "Point",
                        "coordinates": [
                            49.2461863,
                            55.7930824
                        ]
                    },
                    "properties": {
                        "createdDate": 1703517358456,
                        "bearing": 69.67724609375,
                        "velocity": 3.7884740829467773
                    }
                },
                {
                    "type": "Feature",
                    "geometry": {
                        "type": "Point",
                        "coordinates": [
                            49.2463365,
                            55.7931209
                        ]
                    },
                    "properties": {
                        "createdDate": 1703517359447,
                        "bearing": 63.99478530883789,
                        "velocity": 4.705001354217529
                    }
                },
                {
                    "type": "Feature",
                    "geometry": {
                        "type": "Point",
                        "coordinates": [
                            49.2464629,
                            55.7931574
                        ]
                    },
                    "properties": {
                        "createdDate": 1703517360458,
                        "bearing": 61.23086929321289,
                        "velocity": 5.2303547859191895
                    }
                },
                {
                    "type": "Feature",
                    "geometry": {
                        "type": "Point",
                        "coordinates": [
                            49.2465816,
                            55.7931798
                        ]
                    },
                    "properties": {
                        "createdDate": 1703517361450,
                        "bearing": 63.65644073486328,
                        "velocity": 5.441447734832764
                    }
                },
                {
                    "type": "Feature",
                    "geometry": {
                        "type": "Point",
                        "coordinates": [
                            49.2466823,
                            55.7931899
                        ]
                    },
                    "properties": {
                        "createdDate": 1703517362454,
                        "bearing": 67.77902221679688,
                        "velocity": 5.39290189743042
                    }
                },
                {
                    "type": "Feature",
                    "geometry": {
                        "type": "Point",
                        "coordinates": [
                            49.2467313,
                            55.7931818
                        ]
                    },
                    "properties": {
                        "createdDate": 1703517363462,
                        "bearing": 86.5577621459961,
                        "velocity": 2.5422146320343018
                    }
                },
                {
                    "type": "Feature",
                    "geometry": {
                        "type": "Point",
                        "coordinates": [
                            49.2467654,
                            55.7931813
                        ]
                    },
                    "properties": {
                        "createdDate": 1703517364456,
                        "bearing": 88.6228256225586,
                        "velocity": 1.37129545211792
                    }
                },
                {
                    "type": "Feature",
                    "geometry": {
                        "type": "Point",
                        "coordinates": [
                            49.2468077,
                            55.7931683
                        ]
                    },
                    "properties": {
                        "createdDate": 1703517365502,
                        "bearing": 89.83475494384766,
                        "velocity": 1.3115639686584473
                    }
                },
                {
                    "type": "Feature",
                    "geometry": {
                        "type": "Point",
                        "coordinates": [
                            49.2468324,
                            55.7931587
                        ]
                    },
                    "properties": {
                        "createdDate": 1703517366471,
                        "bearing": 91.42713165283203,
                        "velocity": 1.1689648628234863
                    }
                },
                {
                    "type": "Feature",
                    "geometry": {
                        "type": "Point",
                        "coordinates": [
                            49.2468553,
                            55.7931477
                        ]
                    },
                    "properties": {
                        "createdDate": 1703517367479,
                        "bearing": 93.33271026611328,
                        "velocity": 1.0528151988983154
                    }
                },
                {
                    "type": "Feature",
                    "geometry": {
                        "type": "Point",
                        "coordinates": [
                            49.2468719,
                            55.7931369
                        ]
                    },
                    "properties": {
                        "createdDate": 1703517368488,
                        "bearing": 94.75426483154297,
                        "velocity": 0.8950183987617493
                    }
                },
                {
                    "type": "Feature",
                    "geometry": {
                        "type": "Point",
                        "coordinates": [
                            49.2468914,
                            55.7931294
                        ]
                    },
                    "properties": {
                        "createdDate": 1703517369480,
                        "bearing": 94.30974578857422,
                        "velocity": 0.7987375259399414
                    }
                },
                {
                    "type": "Feature",
                    "geometry": {
                        "type": "Point",
                        "coordinates": [
                            49.2469063,
                            55.793128
                        ]
                    },
                    "properties": {
                        "createdDate": 1703517370487,
                        "bearing": 92.32937622070312,
                        "velocity": 0.6615695357322693
                    }
                },
                {
                    "type": "Feature",
                    "geometry": {
                        "type": "Point",
                        "coordinates": [
                            49.2469252,
                            55.7931295
                        ]
                    },
                    "properties": {
                        "createdDate": 1703517371496,
                        "bearing": 90.51502990722656,
                        "velocity": 0.6031544804573059
                    }
                },
                {
                    "type": "Feature",
                    "geometry": {
                        "type": "Point",
                        "coordinates": [
                            49.2469283,
                            55.7931312
                        ]
                    },
                    "properties": {
                        "createdDate": 1703517372488,
                        "bearing": 89.71114349365234,
                        "velocity": 0.3928076922893524
                    }
                },
                {
                    "type": "Feature",
                    "geometry": {
                        "type": "Point",
                        "coordinates": [
                            49.2469271,
                            55.7931321
                        ]
                    },
                    "properties": {
                        "createdDate": 1703517373495,
                        "bearing": 89.34107208251953,
                        "velocity": 0.23585312068462372
                    }
                },
                {
                    "type": "Feature",
                    "geometry": {
                        "type": "Point",
                        "coordinates": [
                            49.2469125,
                            55.7931387
                        ]
                    },
                    "properties": {
                        "createdDate": 1703517374486,
                        "bearing": 0.0,
                        "velocity": 0.021143853664398193
                    }
                },
                {
                    "type": "Feature",
                    "geometry": {
                        "type": "Point",
                        "coordinates": [
                            49.2469256,
                            55.7931398
                        ]
                    },
                    "properties": {
                        "createdDate": 1703517375494,
                        "bearing": 106.50605773925781,
                        "velocity": 0.45768892765045166
                    }
                },
                {
                    "type": "Feature",
                    "geometry": {
                        "type": "Point",
                        "coordinates": [
                            49.2469403,
                            55.7931429
                        ]
                    },
                    "properties": {
                        "createdDate": 1703517376502,
                        "bearing": 86.95646667480469,
                        "velocity": 0.7506934404373169
                    }
                },
                {
                    "type": "Feature",
                    "geometry": {
                        "type": "Point",
                        "coordinates": [
                            49.2469519,
                            55.7931479
                        ]
                    },
                    "properties": {
                        "createdDate": 1703517377510,
                        "bearing": 88.88052368164062,
                        "velocity": 0.5438235998153687
                    }
                },
                {
                    "type": "Feature",
                    "geometry": {
                        "type": "Point",
                        "coordinates": [
                            49.2469676,
                            55.793152
                        ]
                    },
                    "properties": {
                        "createdDate": 1703517378507,
                        "bearing": 92.5533676147461,
                        "velocity": 0.8233679533004761
                    }
                },
                {
                    "type": "Feature",
                    "geometry": {
                        "type": "Point",
                        "coordinates": [
                            49.2469942,
                            55.7931553
                        ]
                    },
                    "properties": {
                        "createdDate": 1703517379497,
                        "bearing": 96.9416732788086,
                        "velocity": 1.0408352613449097
                    }
                },
                {
                    "type": "Feature",
                    "geometry": {
                        "type": "Point",
                        "coordinates": [
                            49.2470132,
                            55.7931557
                        ]
                    },
                    "properties": {
                        "createdDate": 1703517380507,
                        "bearing": 116.62979125976562,
                        "velocity": 1.0027650594711304
                    }
                },
                {
                    "type": "Feature",
                    "geometry": {
                        "type": "Point",
                        "coordinates": [
                            49.2470394,
                            55.7931519
                        ]
                    },
                    "properties": {
                        "createdDate": 1703517381510,
                        "bearing": 122.9912338256836,
                        "velocity": 1.0934898853302002
                    }
                },
                {
                    "type": "Feature",
                    "geometry": {
                        "type": "Point",
                        "coordinates": [
                            49.2470703,
                            55.7931471
                        ]
                    },
                    "properties": {
                        "createdDate": 1703517382500,
                        "bearing": 122.81640625,
                        "velocity": 1.2035056352615356
                    }
                },
                {
                    "type": "Feature",
                    "geometry": {
                        "type": "Point",
                        "coordinates": [
                            49.2470986,
                            55.7931505
                        ]
                    },
                    "properties": {
                        "createdDate": 1703517383496,
                        "bearing": 113.74613952636719,
                        "velocity": 0.685492217540741
                    }
                },
                {
                    "type": "Feature",
                    "geometry": {
                        "type": "Point",
                        "coordinates": [
                            49.2471279,
                            55.7931541
                        ]
                    },
                    "properties": {
                        "createdDate": 1703517384499,
                        "bearing": 102.67286682128906,
                        "velocity": 0.8842345476150513
                    }
                },
                {
                    "type": "Feature",
                    "geometry": {
                        "type": "Point",
                        "coordinates": [
                            49.2471526,
                            55.7931586
                        ]
                    },
                    "properties": {
                        "createdDate": 1703517385489,
                        "bearing": 100.73877716064453,
                        "velocity": 0.9857518672943115
                    }
                },
                {
                    "type": "Feature",
                    "geometry": {
                        "type": "Point",
                        "coordinates": [
                            49.2471674,
                            55.7931623
                        ]
                    },
                    "properties": {
                        "createdDate": 1703517386498,
                        "bearing": 102.75230407714844,
                        "velocity": 0.9341923594474792
                    }
                },
                {
                    "type": "Feature",
                    "geometry": {
                        "type": "Point",
                        "coordinates": [
                            49.247181,
                            55.7931702
                        ]
                    },
                    "properties": {
                        "createdDate": 1703517388091,
                        "bearing": 86.97366333007812,
                        "velocity": 0.901209831237793
                    }
                },
                {
                    "type": "Feature",
                    "geometry": {
                        "type": "Point",
                        "coordinates": [
                            49.2471927,
                            55.7931823
                        ]
                    },
                    "properties": {
                        "createdDate": 1703517388497,
                        "bearing": 64.51358795166016,
                        "velocity": 0.8980922698974609
                    }
                },
                {
                    "type": "Feature",
                    "geometry": {
                        "type": "Point",
                        "coordinates": [
                            49.2472046,
                            55.7931954
                        ]
                    },
                    "properties": {
                        "createdDate": 1703517389486,
                        "bearing": 53.23451614379883,
                        "velocity": 0.9473105669021606
                    }
                },
                {
                    "type": "Feature",
                    "geometry": {
                        "type": "Point",
                        "coordinates": [
                            49.247217,
                            55.7932083
                        ]
                    },
                    "properties": {
                        "createdDate": 1703517390495,
                        "bearing": 50.92902374267578,
                        "velocity": 0.6716859936714172
                    }
                },
                {
                    "type": "Feature",
                    "geometry": {
                        "type": "Point",
                        "coordinates": [
                            49.247235,
                            55.7932217
                        ]
                    },
                    "properties": {
                        "createdDate": 1703517391503,
                        "bearing": 51.105342864990234,
                        "velocity": 0.45508983731269836
                    }
                },
                {
                    "type": "Feature",
                    "geometry": {
                        "type": "Point",
                        "coordinates": [
                            49.2472528,
                            55.793234
                        ]
                    },
                    "properties": {
                        "createdDate": 1703517392497,
                        "bearing": 51.450111389160156,
                        "velocity": 0.3556334674358368
                    }
                },
                {
                    "type": "Feature",
                    "geometry": {
                        "type": "Point",
                        "coordinates": [
                            49.2472545,
                            55.793259
                        ]
                    },
                    "properties": {
                        "createdDate": 1703517393507,
                        "bearing": 42.40608215332031,
                        "velocity": 0.7631484270095825
                    }
                },
                {
                    "type": "Feature",
                    "geometry": {
                        "type": "Point",
                        "coordinates": [
                            49.2472671,
                            55.7932763
                        ]
                    },
                    "properties": {
                        "createdDate": 1703517394511,
                        "bearing": 45.9032096862793,
                        "velocity": 0.46447136998176575
                    }
                },
                {
                    "type": "Feature",
                    "geometry": {
                        "type": "Point",
                        "coordinates": [
                            49.2472868,
                            55.7932871
                        ]
                    },
                    "properties": {
                        "createdDate": 1703517395520,
                        "bearing": 55.83795166015625,
                        "velocity": 0.31221485137939453
                    }
                },
                {
                    "type": "Feature",
                    "geometry": {
                        "type": "Point",
                        "coordinates": [
                            49.2473146,
                            55.7932858
                        ]
                    },
                    "properties": {
                        "createdDate": 1703517396513,
                        "bearing": 74.8193130493164,
                        "velocity": 0.28564172983169556
                    }
                },
                {
                    "type": "Feature",
                    "geometry": {
                        "type": "Point",
                        "coordinates": [
                            49.2473454,
                            55.7932769
                        ]
                    },
                    "properties": {
                        "createdDate": 1703517397519,
                        "bearing": 91.46516418457031,
                        "velocity": 0.32356545329093933
                    }
                },
                {
                    "type": "Feature",
                    "geometry": {
                        "type": "Point",
                        "coordinates": [
                            49.2473773,
                            55.7932667
                        ]
                    },
                    "properties": {
                        "createdDate": 1703517398510,
                        "bearing": 121.16432189941406,
                        "velocity": 0.8827235102653503
                    }
                },
                {
                    "type": "Feature",
                    "geometry": {
                        "type": "Point",
                        "coordinates": [
                            49.2474141,
                            55.7932488
                        ]
                    },
                    "properties": {
                        "createdDate": 1703517399520,
                        "bearing": 129.9855194091797,
                        "velocity": 1.3832519054412842
                    }
                },
                {
                    "type": "Feature",
                    "geometry": {
                        "type": "Point",
                        "coordinates": [
                            49.2474562,
                            55.7932283
                        ]
                    },
                    "properties": {
                        "createdDate": 1703517400509,
                        "bearing": 132.96917724609375,
                        "velocity": 1.8238699436187744
                    }
                },
                {
                    "type": "Feature",
                    "geometry": {
                        "type": "Point",
                        "coordinates": [
                            49.2474951,
                            55.7932078
                        ]
                    },
                    "properties": {
                        "createdDate": 1703517401520,
                        "bearing": 135.23800659179688,
                        "velocity": 2.1118502616882324
                    }
                },
                {
                    "type": "Feature",
                    "geometry": {
                        "type": "Point",
                        "coordinates": [
                            49.2475258,
                            55.793187
                        ]
                    },
                    "properties": {
                        "createdDate": 1703517402526,
                        "bearing": 139.953125,
                        "velocity": 2.272186279296875
                    }
                },
                {
                    "type": "Feature",
                    "geometry": {
                        "type": "Point",
                        "coordinates": [
                            49.2475535,
                            55.7931666
                        ]
                    },
                    "properties": {
                        "createdDate": 1703517403535,
                        "bearing": 143.1672821044922,
                        "velocity": 2.410337448120117
                    }
                },
                {
                    "type": "Feature",
                    "geometry": {
                        "type": "Point",
                        "coordinates": [
                            49.247584,
                            55.7931385
                        ]
                    },
                    "properties": {
                        "createdDate": 1703517404527,
                        "bearing": 147.08660888671875,
                        "velocity": 2.6601274013519287
                    }
                },
                {
                    "type": "Feature",
                    "geometry": {
                        "type": "Point",
                        "coordinates": [
                            49.2476176,
                            55.7931066
                        ]
                    },
                    "properties": {
                        "createdDate": 1703517405515,
                        "bearing": 147.48825073242188,
                        "velocity": 2.9640402793884277
                    }
                },
                {
                    "type": "Feature",
                    "geometry": {
                        "type": "Point",
                        "coordinates": [
                            49.2476535,
                            55.7930685
                        ]
                    },
                    "properties": {
                        "createdDate": 1703517406529,
                        "bearing": 148.8406982421875,
                        "velocity": 3.304396390914917
                    }
                },
                {
                    "type": "Feature",
                    "geometry": {
                        "type": "Point",
                        "coordinates": [
                            49.2476964,
                            55.793028
                        ]
                    },
                    "properties": {
                        "createdDate": 1703517407534,
                        "bearing": 148.41746520996094,
                        "velocity": 3.6510133743286133
                    }
                },
                {
                    "type": "Feature",
                    "geometry": {
                        "type": "Point",
                        "coordinates": [
                            49.2477461,
                            55.792985
                        ]
                    },
                    "properties": {
                        "createdDate": 1703517408540,
                        "bearing": 147.59796142578125,
                        "velocity": 4.019502639770508
                    }
                },
                {
                    "type": "Feature",
                    "geometry": {
                        "type": "Point",
                        "coordinates": [
                            49.247799,
                            55.7929276
                        ]
                    },
                    "properties": {
                        "createdDate": 1703517409532,
                        "bearing": 150.07472229003906,
                        "velocity": 4.547554016113281
                    }
                },
                {
                    "type": "Feature",
                    "geometry": {
                        "type": "Point",
                        "coordinates": [
                            49.2478456,
                            55.7928622
                        ]
                    },
                    "properties": {
                        "createdDate": 1703517410539,
                        "bearing": 153.61978149414062,
                        "velocity": 5.765282154083252
                    }
                },
                {
                    "type": "Feature",
                    "geometry": {
                        "type": "Point",
                        "coordinates": [
                            49.2479012,
                            55.7927969
                        ]
                    },
                    "properties": {
                        "createdDate": 1703517411530,
                        "bearing": 153.26808166503906,
                        "velocity": 6.707451343536377
                    }
                },
                {
                    "type": "Feature",
                    "geometry": {
                        "type": "Point",
                        "coordinates": [
                            49.247963,
                            55.7927331
                        ]
                    },
                    "properties": {
                        "createdDate": 1703517412539,
                        "bearing": 152.1815948486328,
                        "velocity": 7.250429153442383
                    }
                },
                {
                    "type": "Feature",
                    "geometry": {
                        "type": "Point",
                        "coordinates": [
                            49.2480314,
                            55.7926729
                        ]
                    },
                    "properties": {
                        "createdDate": 1703517413547,
                        "bearing": 149.9745330810547,
                        "velocity": 7.5404582023620605
                    }
                },
                {
                    "type": "Feature",
                    "geometry": {
                        "type": "Point",
                        "coordinates": [
                            49.2480979,
                            55.7926132
                        ]
                    },
                    "properties": {
                        "createdDate": 1703517414556,
                        "bearing": 149.36526489257812,
                        "velocity": 7.705522537231445
                    }
                },
                {
                    "type": "Feature",
                    "geometry": {
                        "type": "Point",
                        "coordinates": [
                            49.2481578,
                            55.7925574
                        ]
                    },
                    "properties": {
                        "createdDate": 1703517415547,
                        "bearing": 148.8810577392578,
                        "velocity": 7.626710414886475
                    }
                },
                {
                    "type": "Feature",
                    "geometry": {
                        "type": "Point",
                        "coordinates": [
                            49.2482179,
                            55.7925043
                        ]
                    },
                    "properties": {
                        "createdDate": 1703517416553,
                        "bearing": 148.1671142578125,
                        "velocity": 7.445939064025879
                    }
                },
                {
                    "type": "Feature",
                    "geometry": {
                        "type": "Point",
                        "coordinates": [
                            49.2482774,
                            55.7924523
                        ]
                    },
                    "properties": {
                        "createdDate": 1703517417546,
                        "bearing": 147.63685607910156,
                        "velocity": 7.38812255859375
                    }
                },
                {
                    "type": "Feature",
                    "geometry": {
                        "type": "Point",
                        "coordinates": [
                            49.2483348,
                            55.7924006
                        ]
                    },
                    "properties": {
                        "createdDate": 1703517418555,
                        "bearing": 148.09951782226562,
                        "velocity": 7.256856918334961
                    }
                },
                {
                    "type": "Feature",
                    "geometry": {
                        "type": "Point",
                        "coordinates": [
                            49.2483972,
                            55.7923468
                        ]
                    },
                    "properties": {
                        "createdDate": 1703517419544,
                        "bearing": 148.25111389160156,
                        "velocity": 7.278683185577393
                    }
                },
                {
                    "type": "Feature",
                    "geometry": {
                        "type": "Point",
                        "coordinates": [
                            49.2484547,
                            55.7922909
                        ]
                    },
                    "properties": {
                        "createdDate": 1703517420536,
                        "bearing": 149.83065795898438,
                        "velocity": 7.251412391662598
                    }
                },
                {
                    "type": "Feature",
                    "geometry": {
                        "type": "Point",
                        "coordinates": [
                            49.2485114,
                            55.792232
                        ]
                    },
                    "properties": {
                        "createdDate": 1703517421545,
                        "bearing": 151.17263793945312,
                        "velocity": 7.278218746185303
                    }
                },
                {
                    "type": "Feature",
                    "geometry": {
                        "type": "Point",
                        "coordinates": [
                            49.2485737,
                            55.792174
                        ]
                    },
                    "properties": {
                        "createdDate": 1703517422553,
                        "bearing": 150.17532348632812,
                        "velocity": 7.327747821807861
                    }
                },
                {
                    "type": "Feature",
                    "geometry": {
                        "type": "Point",
                        "coordinates": [
                            49.2486405,
                            55.792118
                        ]
                    },
                    "properties": {
                        "createdDate": 1703517423560,
                        "bearing": 149.07489013671875,
                        "velocity": 7.320352077484131
                    }
                },
                {
                    "type": "Feature",
                    "geometry": {
                        "type": "Point",
                        "coordinates": [
                            49.2486982,
                            55.7920595
                        ]
                    },
                    "properties": {
                        "createdDate": 1703517424553,
                        "bearing": 150.00384521484375,
                        "velocity": 7.3373942375183105
                    }
                },
                {
                    "type": "Feature",
                    "geometry": {
                        "type": "Point",
                        "coordinates": [
                            49.2487549,
                            55.7920078
                        ]
                    },
                    "properties": {
                        "createdDate": 1703517425561,
                        "bearing": 148.5970001220703,
                        "velocity": 6.934266567230225
                    }
                },
                {
                    "type": "Feature",
                    "geometry": {
                        "type": "Point",
                        "coordinates": [
                            49.2488023,
                            55.7919635
                        ]
                    },
                    "properties": {
                        "createdDate": 1703517426550,
                        "bearing": 149.06634521484375,
                        "velocity": 6.307967185974121
                    }
                },
                {
                    "type": "Feature",
                    "geometry": {
                        "type": "Point",
                        "coordinates": [
                            49.2488442,
                            55.7919249
                        ]
                    },
                    "properties": {
                        "createdDate": 1703517427560,
                        "bearing": 148.88531494140625,
                        "velocity": 5.729394435882568
                    }
                },
                {
                    "type": "Feature",
                    "geometry": {
                        "type": "Point",
                        "coordinates": [
                            49.2488832,
                            55.7918884
                        ]
                    },
                    "properties": {
                        "createdDate": 1703517428567,
                        "bearing": 148.3041229248047,
                        "velocity": 5.40723991394043
                    }
                },
                {
                    "type": "Feature",
                    "geometry": {
                        "type": "Point",
                        "coordinates": [
                            49.2489201,
                            55.7918534
                        ]
                    },
                    "properties": {
                        "createdDate": 1703517429562,
                        "bearing": 147.70242309570312,
                        "velocity": 5.083202838897705
                    }
                },
                {
                    "type": "Feature",
                    "geometry": {
                        "type": "Point",
                        "coordinates": [
                            49.2489503,
                            55.7918244
                        ]
                    },
                    "properties": {
                        "createdDate": 1703517430567,
                        "bearing": 148.26031494140625,
                        "velocity": 4.48244571685791
                    }
                },
                {
                    "type": "Feature",
                    "geometry": {
                        "type": "Point",
                        "coordinates": [
                            49.2489739,
                            55.7918019
                        ]
                    },
                    "properties": {
                        "createdDate": 1703517431575,
                        "bearing": 148.44407653808594,
                        "velocity": 3.772914171218872
                    }
                },
                {
                    "type": "Feature",
                    "geometry": {
                        "type": "Point",
                        "coordinates": [
                            49.2489891,
                            55.7917881
                        ]
                    },
                    "properties": {
                        "createdDate": 1703517432567,
                        "bearing": 147.692626953125,
                        "velocity": 3.012239933013916
                    }
                },
                {
                    "type": "Feature",
                    "geometry": {
                        "type": "Point",
                        "coordinates": [
                            49.2489946,
                            55.7917804
                        ]
                    },
                    "properties": {
                        "createdDate": 1703517433574,
                        "bearing": 147.94798278808594,
                        "velocity": 2.1811723709106445
                    }
                },
                {
                    "type": "Feature",
                    "geometry": {
                        "type": "Point",
                        "coordinates": [
                            49.2489945,
                            55.7917814
                        ]
                    },
                    "properties": {
                        "createdDate": 1703517434569,
                        "bearing": 153.1949005126953,
                        "velocity": 1.0245658159255981
                    }
                },
                {
                    "type": "Feature",
                    "geometry": {
                        "type": "Point",
                        "coordinates": [
                            49.2489921,
                            55.791784
                        ]
                    },
                    "properties": {
                        "createdDate": 1703517435575,
                        "bearing": 156.11228942871094,
                        "velocity": 0.518147349357605
                    }
                },
                {
                    "type": "Feature",
                    "geometry": {
                        "type": "Point",
                        "coordinates": [
                            49.2489881,
                            55.7917899
                        ]
                    },
                    "properties": {
                        "createdDate": 1703517436580,
                        "bearing": 157.2241973876953,
                        "velocity": 0.204868346452713
                    }
                },
                {
                    "type": "Feature",
                    "geometry": {
                        "type": "Point",
                        "coordinates": [
                            49.2489854,
                            55.7917935
                        ]
                    },
                    "properties": {
                        "createdDate": 1703517437575,
                        "bearing": 0.0,
                        "velocity": 0.0751415267586708
                    }
                },
                {
                    "type": "Feature",
                    "geometry": {
                        "type": "Point",
                        "coordinates": [
                            49.2489838,
                            55.7917957
                        ]
                    },
                    "properties": {
                        "createdDate": 1703517438583,
                        "bearing": 0.0,
                        "velocity": 0.01759425178170204
                    }
                },
                {
                    "type": "Feature",
                    "geometry": {
                        "type": "Point",
                        "coordinates": [
                            49.2489828,
                            55.7917969
                        ]
                    },
                    "properties": {
                        "createdDate": 1703517439587,
                        "bearing": 0.0,
                        "velocity": 0.0019229893805459142
                    }
                },
                {
                    "type": "Feature",
                    "geometry": {
                        "type": "Point",
                        "coordinates": [
                            49.2489823,
                            55.7917976
                        ]
                    },
                    "properties": {
                        "createdDate": 1703517440583,
                        "bearing": 0.0,
                        "velocity": 0.00553611246868968
                    }
                },
                {
                    "type": "Feature",
                    "geometry": {
                        "type": "Point",
                        "coordinates": [
                            49.2489894,
                            55.7917896
                        ]
                    },
                    "properties": {
                        "createdDate": 1703517441593,
                        "bearing": 147.87278747558594,
                        "velocity": 0.126189723610878
                    }
                },
                {
                    "type": "Feature",
                    "geometry": {
                        "type": "Point",
                        "coordinates": [
                            49.2490014,
                            55.7917795
                        ]
                    },
                    "properties": {
                        "createdDate": 1703517442578,
                        "bearing": 149.16329956054688,
                        "velocity": 0.2093568742275238
                    }
                },
                {
                    "type": "Feature",
                    "geometry": {
                        "type": "Point",
                        "coordinates": [
                            49.249021,
                            55.7917633
                        ]
                    },
                    "properties": {
                        "createdDate": 1703517443588,
                        "bearing": 138.25360107421875,
                        "velocity": 1.0573012828826904
                    }
                },
                {
                    "type": "Feature",
                    "geometry": {
                        "type": "Point",
                        "coordinates": [
                            49.2490019,
                            55.7917029
                        ]
                    },
                    "properties": {
                        "createdDate": 1703517444595,
                        "bearing": 153.40771484375,
                        "velocity": 2.1301190853118896
                    }
                },
                {
                    "type": "Feature",
                    "geometry": {
                        "type": "Point",
                        "coordinates": [
                            49.2490004,
                            55.7916455
                        ]
                    },
                    "properties": {
                        "createdDate": 1703517445603,
                        "bearing": 153.9868927001953,
                        "velocity": 2.8497886657714844
                    }
                },
                {
                    "type": "Feature",
                    "geometry": {
                        "type": "Point",
                        "coordinates": [
                            49.2490232,
                            55.7915897
                        ]
                    },
                    "properties": {
                        "createdDate": 1703517446595,
                        "bearing": 152.8977508544922,
                        "velocity": 3.3210244178771973
                    }
                },
                {
                    "type": "Feature",
                    "geometry": {
                        "type": "Point",
                        "coordinates": [
                            49.249077,
                            55.7915245
                        ]
                    },
                    "properties": {
                        "createdDate": 1703517448611,
                        "bearing": 151.7115020751953,
                        "velocity": 3.7271080017089844
                    }
                },
                {
                    "type": "Feature",
                    "geometry": {
                        "type": "Point",
                        "coordinates": [
                            49.2491007,
                            55.7914787
                        ]
                    },
                    "properties": {
                        "createdDate": 1703517449600,
                        "bearing": 155.18191528320312,
                        "velocity": 4.095655918121338
                    }
                },
                {
                    "type": "Feature",
                    "geometry": {
                        "type": "Point",
                        "coordinates": [
                            49.249133,
                            55.7914349
                        ]
                    },
                    "properties": {
                        "createdDate": 1703517450591,
                        "bearing": 155.04367065429688,
                        "velocity": 4.3447418212890625
                    }
                },
                {
                    "type": "Feature",
                    "geometry": {
                        "type": "Point",
                        "coordinates": [
                            49.2491863,
                            55.791378
                        ]
                    },
                    "properties": {
                        "createdDate": 1703517451601,
                        "bearing": 151.38038635253906,
                        "velocity": 5.353183269500732
                    }
                },
                {
                    "type": "Feature",
                    "geometry": {
                        "type": "Point",
                        "coordinates": [
                            49.2492429,
                            55.7913206
                        ]
                    },
                    "properties": {
                        "createdDate": 1703517452609,
                        "bearing": 149.05331420898438,
                        "velocity": 6.11117696762085
                    }
                },
                {
                    "type": "Feature",
                    "geometry": {
                        "type": "Point",
                        "coordinates": [
                            49.249305,
                            55.7912598
                        ]
                    },
                    "properties": {
                        "createdDate": 1703517453617,
                        "bearing": 148.418212890625,
                        "velocity": 6.857398509979248
                    }
                },
                {
                    "type": "Feature",
                    "geometry": {
                        "type": "Point",
                        "coordinates": [
                            49.2493572,
                            55.7911889
                        ]
                    },
                    "properties": {
                        "createdDate": 1703517454609,
                        "bearing": 150.4519500732422,
                        "velocity": 7.339009761810303
                    }
                },
                {
                    "type": "Feature",
                    "geometry": {
                        "type": "Point",
                        "coordinates": [
                            49.2494161,
                            55.7911134
                        ]
                    },
                    "properties": {
                        "createdDate": 1703517455603,
                        "bearing": 151.8437957763672,
                        "velocity": 7.938403129577637
                    }
                },
                {
                    "type": "Feature",
                    "geometry": {
                        "type": "Point",
                        "coordinates": [
                            49.249481,
                            55.7910334
                        ]
                    },
                    "properties": {
                        "createdDate": 1703517456608,
                        "bearing": 152.8831024169922,
                        "velocity": 8.681797981262207
                    }
                },
                {
                    "type": "Feature",
                    "geometry": {
                        "type": "Point",
                        "coordinates": [
                            49.2495546,
                            55.7909516
                        ]
                    },
                    "properties": {
                        "createdDate": 1703517457616,
                        "bearing": 152.2568359375,
                        "velocity": 9.175682067871094
                    }
                },
                {
                    "type": "Feature",
                    "geometry": {
                        "type": "Point",
                        "coordinates": [
                            49.2495982,
                            55.7908528
                        ]
                    },
                    "properties": {
                        "createdDate": 1703517458607,
                        "bearing": 154.16712951660156,
                        "velocity": 9.474918365478516
                    }
                },
                {
                    "type": "Feature",
                    "geometry": {
                        "type": "Point",
                        "coordinates": [
                            49.2496592,
                            55.7907648
                        ]
                    },
                    "properties": {
                        "createdDate": 1703517459615,
                        "bearing": 152.86016845703125,
                        "velocity": 9.648691177368164
                    }
                },
                {
                    "type": "Feature",
                    "geometry": {
                        "type": "Point",
                        "coordinates": [
                            49.2497217,
                            55.7906868
                        ]
                    },
                    "properties": {
                        "createdDate": 1703517460623,
                        "bearing": 152.70103454589844,
                        "velocity": 9.391955375671387
                    }
                },
                {
                    "type": "Feature",
                    "geometry": {
                        "type": "Point",
                        "coordinates": [
                            49.249781,
                            55.7906163
                        ]
                    },
                    "properties": {
                        "createdDate": 1703517461616,
                        "bearing": 152.80032348632812,
                        "velocity": 8.958002090454102
                    }
                },
                {
                    "type": "Feature",
                    "geometry": {
                        "type": "Point",
                        "coordinates": [
                            49.2498157,
                            55.7905368
                        ]
                    },
                    "properties": {
                        "createdDate": 1703517462622,
                        "bearing": 154.4302520751953,
                        "velocity": 8.56664752960205
                    }
                },
                {
                    "type": "Feature",
                    "geometry": {
                        "type": "Point",
                        "coordinates": [
                            49.2498546,
                            55.7904717
                        ]
                    },
                    "properties": {
                        "createdDate": 1703517463630,
                        "bearing": 154.5167694091797,
                        "velocity": 7.989469051361084
                    }
                },
                {
                    "type": "Feature",
                    "geometry": {
                        "type": "Point",
                        "coordinates": [
                            49.2498957,
                            55.7904188
                        ]
                    },
                    "properties": {
                        "createdDate": 1703517464621,
                        "bearing": 153.3595733642578,
                        "velocity": 7.235935211181641
                    }
                },
                {
                    "type": "Feature",
                    "geometry": {
                        "type": "Point",
                        "coordinates": [
                            49.2499294,
                            55.7903764
                        ]
                    },
                    "properties": {
                        "createdDate": 1703517465629,
                        "bearing": 154.26406860351562,
                        "velocity": 6.432100772857666
                    }
                },
                {
                    "type": "Feature",
                    "geometry": {
                        "type": "Point",
                        "coordinates": [
                            49.2499574,
                            55.7903462
                        ]
                    },
                    "properties": {
                        "createdDate": 1703517466621,
                        "bearing": 153.1425018310547,
                        "velocity": 5.3260416984558105
                    }
                },
                {
                    "type": "Feature",
                    "geometry": {
                        "type": "Point",
                        "coordinates": [
                            49.2499847,
                            55.790325
                        ]
                    },
                    "properties": {
                        "createdDate": 1703517467628,
                        "bearing": 150.24411010742188,
                        "velocity": 4.290557384490967
                    }
                },
                {
                    "type": "Feature",
                    "geometry": {
                        "type": "Point",
                        "coordinates": [
                            49.2500106,
                            55.7903048
                        ]
                    },
                    "properties": {
                        "createdDate": 1703517468638,
                        "bearing": 148.4377899169922,
                        "velocity": 3.660104751586914
                    }
                },
                {
                    "type": "Feature",
                    "geometry": {
                        "type": "Point",
                        "coordinates": [
                            49.2500128,
                            55.7902614
                        ]
                    },
                    "properties": {
                        "createdDate": 1703517469632,
                        "bearing": 151.8131103515625,
                        "velocity": 3.8944098949432373
                    }
                },
                {
                    "type": "Feature",
                    "geometry": {
                        "type": "Point",
                        "coordinates": [
                            49.2500349,
                            55.7902196
                        ]
                    },
                    "properties": {
                        "createdDate": 1703517470635,
                        "bearing": 151.7168426513672,
                        "velocity": 4.224589824676514
                    }
                },
                {
                    "type": "Feature",
                    "geometry": {
                        "type": "Point",
                        "coordinates": [
                            49.2500691,
                            55.790177
                        ]
                    },
                    "properties": {
                        "createdDate": 1703517471643,
                        "bearing": 150.9468536376953,
                        "velocity": 4.617335796356201
                    }
                },
                {
                    "type": "Feature",
                    "geometry": {
                        "type": "Point",
                        "coordinates": [
                            49.2501075,
                            55.7901298
                        ]
                    },
                    "properties": {
                        "createdDate": 1703517472635,
                        "bearing": 153.23748779296875,
                        "velocity": 5.0015764236450195
                    }
                },
                {
                    "type": "Feature",
                    "geometry": {
                        "type": "Point",
                        "coordinates": [
                            49.2501498,
                            55.7900841
                        ]
                    },
                    "properties": {
                        "createdDate": 1703517473643,
                        "bearing": 152.956298828125,
                        "velocity": 5.291019916534424
                    }
                },
                {
                    "type": "Feature",
                    "geometry": {
                        "type": "Point",
                        "coordinates": [
                            49.2501944,
                            55.7900365
                        ]
                    },
                    "properties": {
                        "createdDate": 1703517474640,
                        "bearing": 152.34609985351562,
                        "velocity": 5.59276819229126
                    }
                },
                {
                    "type": "Feature",
                    "geometry": {
                        "type": "Point",
                        "coordinates": [
                            49.2502385,
                            55.7899833
                        ]
                    },
                    "properties": {
                        "createdDate": 1703517475642,
                        "bearing": 154.7759246826172,
                        "velocity": 6.089712619781494
                    }
                },
                {
                    "type": "Feature",
                    "geometry": {
                        "type": "Point",
                        "coordinates": [
                            49.250283,
                            55.7899193
                        ]
                    },
                    "properties": {
                        "createdDate": 1703517476650,
                        "bearing": 157.1915283203125,
                        "velocity": 6.932821273803711
                    }
                },
                {
                    "type": "Feature",
                    "geometry": {
                        "type": "Point",
                        "coordinates": [
                            49.2503623,
                            55.7898718
                        ]
                    },
                    "properties": {
                        "createdDate": 1703517477645,
                        "bearing": 156.49105834960938,
                        "velocity": 7.697409152984619
                    }
                },
                {
                    "type": "Feature",
                    "geometry": {
                        "type": "Point",
                        "coordinates": [
                            49.2504292,
                            55.7898108
                        ]
                    },
                    "properties": {
                        "createdDate": 1703517478649,
                        "bearing": 157.4203643798828,
                        "velocity": 8.099074363708496
                    }
                },
                {
                    "type": "Feature",
                    "geometry": {
                        "type": "Point",
                        "coordinates": [
                            49.2504878,
                            55.7897352
                        ]
                    },
                    "properties": {
                        "createdDate": 1703517479642,
                        "bearing": 159.10975646972656,
                        "velocity": 8.852416038513184
                    }
                },
                {
                    "type": "Feature",
                    "geometry": {
                        "type": "Point",
                        "coordinates": [
                            49.2505364,
                            55.7896513
                        ]
                    },
                    "properties": {
                        "createdDate": 1703517480649,
                        "bearing": 162.22360229492188,
                        "velocity": 9.337091445922852
                    }
                },
                {
                    "type": "Feature",
                    "geometry": {
                        "type": "Point",
                        "coordinates": [
                            49.250586,
                            55.7895715
                        ]
                    },
                    "properties": {
                        "createdDate": 1703517481658,
                        "bearing": 163.87611389160156,
                        "velocity": 9.470977783203125
                    }
                },
                {
                    "type": "Feature",
                    "geometry": {
                        "type": "Point",
                        "coordinates": [
                            49.2506238,
                            55.7895022
                        ]
                    },
                    "properties": {
                        "createdDate": 1703517482650,
                        "bearing": 166.09429931640625,
                        "velocity": 8.935704231262207
                    }
                },
                {
                    "type": "Feature",
                    "geometry": {
                        "type": "Point",
                        "coordinates": [
                            49.2506439,
                            55.7894436
                        ]
                    },
                    "properties": {
                        "createdDate": 1703517483656,
                        "bearing": 170.5218505859375,
                        "velocity": 8.244468688964844
                    }
                },
                {
                    "type": "Feature",
                    "geometry": {
                        "type": "Point",
                        "coordinates": [
                            49.2506462,
                            55.7893849
                        ]
                    },
                    "properties": {
                        "createdDate": 1703517484651,
                        "bearing": 176.858154296875,
                        "velocity": 7.50744104385376
                    }
                },
                {
                    "type": "Feature",
                    "geometry": {
                        "type": "Point",
                        "coordinates": [
                            49.250629,
                            55.7893313
                        ]
                    },
                    "properties": {
                        "createdDate": 1703517485655,
                        "bearing": 183.56590270996094,
                        "velocity": 6.858942031860352
                    }
                },
                {
                    "type": "Feature",
                    "geometry": {
                        "type": "Point",
                        "coordinates": [
                            49.2505912,
                            55.7892855
                        ]
                    },
                    "properties": {
                        "createdDate": 1703517486648,
                        "bearing": 191.93174743652344,
                        "velocity": 6.395185470581055
                    }
                },
                {
                    "type": "Feature",
                    "geometry": {
                        "type": "Point",
                        "coordinates": [
                            49.2505452,
                            55.789245
                        ]
                    },
                    "properties": {
                        "createdDate": 1703517487655,
                        "bearing": 196.6090850830078,
                        "velocity": 5.924003601074219
                    }
                },
                {
                    "type": "Feature",
                    "geometry": {
                        "type": "Point",
                        "coordinates": [
                            49.2504986,
                            55.7892006
                        ]
                    },
                    "properties": {
                        "createdDate": 1703517488663,
                        "bearing": 198.64865112304688,
                        "velocity": 5.991823673248291
                    }
                },
                {
                    "type": "Feature",
                    "geometry": {
                        "type": "Point",
                        "coordinates": [
                            49.2504671,
                            55.7891508
                        ]
                    },
                    "properties": {
                        "createdDate": 1703517489671,
                        "bearing": 192.09725952148438,
                        "velocity": 5.979074001312256
                    }
                },
                {
                    "type": "Feature",
                    "geometry": {
                        "type": "Point",
                        "coordinates": [
                            49.2504607,
                            55.7890982
                        ]
                    },
                    "properties": {
                        "createdDate": 1703517490663,
                        "bearing": 181.23666381835938,
                        "velocity": 5.848594665527344
                    }
                },
                {
                    "type": "Feature",
                    "geometry": {
                        "type": "Point",
                        "coordinates": [
                            49.2504798,
                            55.7890483
                        ]
                    },
                    "properties": {
                        "createdDate": 1703517491670,
                        "bearing": 169.3896484375,
                        "velocity": 5.616279125213623
                    }
                },
                {
                    "type": "Feature",
                    "geometry": {
                        "type": "Point",
                        "coordinates": [
                            49.250524,
                            55.7890112
                        ]
                    },
                    "properties": {
                        "createdDate": 1703517492662,
                        "bearing": 158.1363983154297,
                        "velocity": 5.448715686798096
                    }
                },
                {
                    "type": "Feature",
                    "geometry": {
                        "type": "Point",
                        "coordinates": [
                            49.2505875,
                            55.7889739
                        ]
                    },
                    "properties": {
                        "createdDate": 1703517493670,
                        "bearing": 144.58262634277344,
                        "velocity": 5.515100002288818
                    }
                },
                {
                    "type": "Feature",
                    "geometry": {
                        "type": "Point",
                        "coordinates": [
                            49.2506566,
                            55.7889539
                        ]
                    },
                    "properties": {
                        "createdDate": 1703517494665,
                        "bearing": 131.61019897460938,
                        "velocity": 5.615871429443359
                    }
                },
                {
                    "type": "Feature",
                    "geometry": {
                        "type": "Point",
                        "coordinates": [
                            49.2507317,
                            55.7889256
                        ]
                    },
                    "properties": {
                        "createdDate": 1703517495669,
                        "bearing": 131.7735595703125,
                        "velocity": 6.017846584320068
                    }
                },
                {
                    "type": "Feature",
                    "geometry": {
                        "type": "Point",
                        "coordinates": [
                            49.2508023,
                            55.7888907
                        ]
                    },
                    "properties": {
                        "createdDate": 1703517496677,
                        "bearing": 134.20704650878906,
                        "velocity": 6.009136199951172
                    }
                },
                {
                    "type": "Feature",
                    "geometry": {
                        "type": "Point",
                        "coordinates": [
                            49.2508533,
                            55.7888455
                        ]
                    },
                    "properties": {
                        "createdDate": 1703517497683,
                        "bearing": 141.32020568847656,
                        "velocity": 6.103181838989258
                    }
                },
                {
                    "type": "Feature",
                    "geometry": {
                        "type": "Point",
                        "coordinates": [
                            49.2508921,
                            55.7887866
                        ]
                    },
                    "properties": {
                        "createdDate": 1703517498676,
                        "bearing": 150.58314514160156,
                        "velocity": 6.380576133728027
                    }
                },
                {
                    "type": "Feature",
                    "geometry": {
                        "type": "Point",
                        "coordinates": [
                            49.2509239,
                            55.7887139
                        ]
                    },
                    "properties": {
                        "createdDate": 1703517499671,
                        "bearing": 156.7899932861328,
                        "velocity": 6.618844509124756
                    }
                },
                {
                    "type": "Feature",
                    "geometry": {
                        "type": "Point",
                        "coordinates": [
                            49.2509529,
                            55.7886445
                        ]
                    },
                    "properties": {
                        "createdDate": 1703517500676,
                        "bearing": 160.84317016601562,
                        "velocity": 6.7805657386779785
                    }
                },
                {
                    "type": "Feature",
                    "geometry": {
                        "type": "Point",
                        "coordinates": [
                            49.2509818,
                            55.788579
                        ]
                    },
                    "properties": {
                        "createdDate": 1703517501683,
                        "bearing": 162.68382263183594,
                        "velocity": 6.874715805053711
                    }
                },
                {
                    "type": "Feature",
                    "geometry": {
                        "type": "Point",
                        "coordinates": [
                            49.2510227,
                            55.7885133
                        ]
                    },
                    "properties": {
                        "createdDate": 1703517502692,
                        "bearing": 163.8761444091797,
                        "velocity": 6.866764068603516
                    }
                },
                {
                    "type": "Feature",
                    "geometry": {
                        "type": "Point",
                        "coordinates": [
                            49.2510703,
                            55.7884541
                        ]
                    },
                    "properties": {
                        "createdDate": 1703517503683,
                        "bearing": 163.83428955078125,
                        "velocity": 6.550817489624023
                    }
                },
                {
                    "type": "Feature",
                    "geometry": {
                        "type": "Point",
                        "coordinates": [
                            49.2511176,
                            55.7884092
                        ]
                    },
                    "properties": {
                        "createdDate": 1703517504691,
                        "bearing": 162.04843139648438,
                        "velocity": 5.751302719116211
                    }
                },
                {
                    "type": "Feature",
                    "geometry": {
                        "type": "Point",
                        "coordinates": [
                            49.2511606,
                            55.7883712
                        ]
                    },
                    "properties": {
                        "createdDate": 1703517505685,
                        "bearing": 161.49899291992188,
                        "velocity": 5.1101765632629395
                    }
                },
                {
                    "type": "Feature",
                    "geometry": {
                        "type": "Point",
                        "coordinates": [
                            49.2512041,
                            55.7883398
                        ]
                    },
                    "properties": {
                        "createdDate": 1703517506689,
                        "bearing": 158.42132568359375,
                        "velocity": 4.245666027069092
                    }
                },
                {
                    "type": "Feature",
                    "geometry": {
                        "type": "Point",
                        "coordinates": [
                            49.2512367,
                            55.7883143
                        ]
                    },
                    "properties": {
                        "createdDate": 1703517507680,
                        "bearing": 159.85440063476562,
                        "velocity": 3.7486414909362793
                    }
                },
                {
                    "type": "Feature",
                    "geometry": {
                        "type": "Point",
                        "coordinates": [
                            49.2512639,
                            55.7882852
                        ]
                    },
                    "properties": {
                        "createdDate": 1703517508690,
                        "bearing": 163.6720428466797,
                        "velocity": 4.185127258300781
                    }
                },
                {
                    "type": "Feature",
                    "geometry": {
                        "type": "Point",
                        "coordinates": [
                            49.2512913,
                            55.7882412
                        ]
                    },
                    "properties": {
                        "createdDate": 1703517509697,
                        "bearing": 164.8395233154297,
                        "velocity": 4.915415287017822
                    }
                },
                {
                    "type": "Feature",
                    "geometry": {
                        "type": "Point",
                        "coordinates": [
                            49.2513151,
                            55.7881903
                        ]
                    },
                    "properties": {
                        "createdDate": 1703517510692,
                        "bearing": 165.88131713867188,
                        "velocity": 5.424635887145996
                    }
                },
                {
                    "type": "Feature",
                    "geometry": {
                        "type": "Point",
                        "coordinates": [
                            49.2513456,
                            55.78812
                        ]
                    },
                    "properties": {
                        "createdDate": 1703517511697,
                        "bearing": 166.924072265625,
                        "velocity": 5.695374011993408
                    }
                },
                {
                    "type": "Feature",
                    "geometry": {
                        "type": "Point",
                        "coordinates": [
                            49.2513817,
                            55.7880618
                        ]
                    },
                    "properties": {
                        "createdDate": 1703517512705,
                        "bearing": 165.14967346191406,
                        "velocity": 5.726090908050537
                    }
                },
                {
                    "type": "Feature",
                    "geometry": {
                        "type": "Point",
                        "coordinates": [
                            49.2514191,
                            55.7880033
                        ]
                    },
                    "properties": {
                        "createdDate": 1703517513695,
                        "bearing": 164.02540588378906,
                        "velocity": 6.126432418823242
                    }
                },
                {
                    "type": "Feature",
                    "geometry": {
                        "type": "Point",
                        "coordinates": [
                            49.2514616,
                            55.7879442
                        ]
                    },
                    "properties": {
                        "createdDate": 1703517514704,
                        "bearing": 163.0343780517578,
                        "velocity": 6.288322925567627
                    }
                },
                {
                    "type": "Feature",
                    "geometry": {
                        "type": "Point",
                        "coordinates": [
                            49.2515064,
                            55.7878865
                        ]
                    },
                    "properties": {
                        "createdDate": 1703517515711,
                        "bearing": 162.973876953125,
                        "velocity": 6.292959213256836
                    }
                },
                {
                    "type": "Feature",
                    "geometry": {
                        "type": "Point",
                        "coordinates": [
                            49.251554,
                            55.7878307
                        ]
                    },
                    "properties": {
                        "createdDate": 1703517516705,
                        "bearing": 159.32704162597656,
                        "velocity": 6.049590110778809
                    }
                },
                {
                    "type": "Feature",
                    "geometry": {
                        "type": "Point",
                        "coordinates": [
                            49.2516022,
                            55.7877776
                        ]
                    },
                    "properties": {
                        "createdDate": 1703517517712,
                        "bearing": 158.07179260253906,
                        "velocity": 6.034387588500977
                    }
                },
                {
                    "type": "Feature",
                    "geometry": {
                        "type": "Point",
                        "coordinates": [
                            49.2516393,
                            55.7877198
                        ]
                    },
                    "properties": {
                        "createdDate": 1703517518719,
                        "bearing": 162.69277954101562,
                        "velocity": 6.240930080413818
                    }
                },
                {
                    "type": "Feature",
                    "geometry": {
                        "type": "Point",
                        "coordinates": [
                            49.2516709,
                            55.7876619
                        ]
                    },
                    "properties": {
                        "createdDate": 1703517519711,
                        "bearing": 160.19131469726562,
                        "velocity": 6.111972332000732
                    }
                },
                {
                    "type": "Feature",
                    "geometry": {
                        "type": "Point",
                        "coordinates": [
                            49.2516965,
                            55.7876043
                        ]
                    },
                    "properties": {
                        "createdDate": 1703517520718,
                        "bearing": 165.6793975830078,
                        "velocity": 5.9860005378723145
                    }
                },
                {
                    "type": "Feature",
                    "geometry": {
                        "type": "Point",
                        "coordinates": [
                            49.2517213,
                            55.7875505
                        ]
                    },
                    "properties": {
                        "createdDate": 1703517521711,
                        "bearing": 163.1488037109375,
                        "velocity": 6.004717826843262
                    }
                },
                {
                    "type": "Feature",
                    "geometry": {
                        "type": "Point",
                        "coordinates": [
                            49.2517486,
                            55.7874961
                        ]
                    },
                    "properties": {
                        "createdDate": 1703517522716,
                        "bearing": 163.9123992919922,
                        "velocity": 6.275972843170166
                    }
                },
                {
                    "type": "Feature",
                    "geometry": {
                        "type": "Point",
                        "coordinates": [
                            49.2517777,
                            55.7874418
                        ]
                    },
                    "properties": {
                        "createdDate": 1703517523711,
                        "bearing": 162.1398468017578,
                        "velocity": 6.217067241668701
                    }
                },
                {
                    "type": "Feature",
                    "geometry": {
                        "type": "Point",
                        "coordinates": [
                            49.251799,
                            55.7873718
                        ]
                    },
                    "properties": {
                        "createdDate": 1703517524721,
                        "bearing": 165.83120727539062,
                        "velocity": 6.2518310546875
                    }
                },
                {
                    "type": "Feature",
                    "geometry": {
                        "type": "Point",
                        "coordinates": [
                            49.251821,
                            55.7873135
                        ]
                    },
                    "properties": {
                        "createdDate": 1703517525725,
                        "bearing": 166.0401153564453,
                        "velocity": 5.982889652252197
                    }
                },
                {
                    "type": "Feature",
                    "geometry": {
                        "type": "Point",
                        "coordinates": [
                            49.2518285,
                            55.7872497
                        ]
                    },
                    "properties": {
                        "createdDate": 1703517526716,
                        "bearing": 170.76321411132812,
                        "velocity": 6.1898088455200195
                    }
                },
                {
                    "type": "Feature",
                    "geometry": {
                        "type": "Point",
                        "coordinates": [
                            49.251839,
                            55.7871902
                        ]
                    },
                    "properties": {
                        "createdDate": 1703517527724,
                        "bearing": 172.8849334716797,
                        "velocity": 6.374258041381836
                    }
                },
                {
                    "type": "Feature",
                    "geometry": {
                        "type": "Point",
                        "coordinates": [
                            49.2518657,
                            55.7871429
                        ]
                    },
                    "properties": {
                        "createdDate": 1703517528733,
                        "bearing": 165.5862579345703,
                        "velocity": 6.005974769592285
                    }
                },
                {
                    "type": "Feature",
                    "geometry": {
                        "type": "Point",
                        "coordinates": [
                            49.2518945,
                            55.7870972
                        ]
                    },
                    "properties": {
                        "createdDate": 1703517529724,
                        "bearing": 165.02288818359375,
                        "velocity": 5.875543594360352
                    }
                },
                {
                    "type": "Feature",
                    "geometry": {
                        "type": "Point",
                        "coordinates": [
                            49.2519232,
                            55.7870464
                        ]
                    },
                    "properties": {
                        "createdDate": 1703517530732,
                        "bearing": 163.99612426757812,
                        "velocity": 6.325937747955322
                    }
                },
                {
                    "type": "Feature",
                    "geometry": {
                        "type": "Point",
                        "coordinates": [
                            49.2519527,
                            55.7869929
                        ]
                    },
                    "properties": {
                        "createdDate": 1703517531727,
                        "bearing": 162.11410522460938,
                        "velocity": 6.363949298858643
                    }
                },
                {
                    "type": "Feature",
                    "geometry": {
                        "type": "Point",
                        "coordinates": [
                            49.2519892,
                            55.7869442
                        ]
                    },
                    "properties": {
                        "createdDate": 1703517532732,
                        "bearing": 165.72952270507812,
                        "velocity": 6.164166450500488
                    }
                },
                {
                    "type": "Feature",
                    "geometry": {
                        "type": "Point",
                        "coordinates": [
                            49.2520227,
                            55.7868959
                        ]
                    },
                    "properties": {
                        "createdDate": 1703517533741,
                        "bearing": 165.01919555664062,
                        "velocity": 6.068088531494141
                    }
                },
                {
                    "type": "Feature",
                    "geometry": {
                        "type": "Point",
                        "coordinates": [
                            49.2520504,
                            55.7868468
                        ]
                    },
                    "properties": {
                        "createdDate": 1703517534733,
                        "bearing": 168.73797607421875,
                        "velocity": 6.122364044189453
                    }
                },
                {
                    "type": "Feature",
                    "geometry": {
                        "type": "Point",
                        "coordinates": [
                            49.2520768,
                            55.7868004
                        ]
                    },
                    "properties": {
                        "createdDate": 1703517535738,
                        "bearing": 165.32220458984375,
                        "velocity": 5.5683441162109375
                    }
                },
                {
                    "type": "Feature",
                    "geometry": {
                        "type": "Point",
                        "coordinates": [
                            49.2520951,
                            55.7867565
                        ]
                    },
                    "properties": {
                        "createdDate": 1703517536735,
                        "bearing": 166.92320251464844,
                        "velocity": 5.278679847717285
                    }
                },
                {
                    "type": "Feature",
                    "geometry": {
                        "type": "Point",
                        "coordinates": [
                            49.2521078,
                            55.7867242
                        ]
                    },
                    "properties": {
                        "createdDate": 1703517537739,
                        "bearing": 167.0511932373047,
                        "velocity": 4.746275424957275
                    }
                },
                {
                    "type": "Feature",
                    "geometry": {
                        "type": "Point",
                        "coordinates": [
                            49.2521179,
                            55.7866842
                        ]
                    },
                    "properties": {
                        "createdDate": 1703517538727,
                        "bearing": 171.7689666748047,
                        "velocity": 5.225174903869629
                    }
                },
                {
                    "type": "Feature",
                    "geometry": {
                        "type": "Point",
                        "coordinates": [
                            49.2521376,
                            55.7866392
                        ]
                    },
                    "properties": {
                        "createdDate": 1703517539738,
                        "bearing": 167.05328369140625,
                        "velocity": 5.247250080108643
                    }
                },
                {
                    "type": "Feature",
                    "geometry": {
                        "type": "Point",
                        "coordinates": [
                            49.2521593,
                            55.7865969
                        ]
                    },
                    "properties": {
                        "createdDate": 1703517540745,
                        "bearing": 167.01956176757812,
                        "velocity": 5.025827884674072
                    }
                },
                {
                    "type": "Feature",
                    "geometry": {
                        "type": "Point",
                        "coordinates": [
                            49.2521877,
                            55.7865533
                        ]
                    },
                    "properties": {
                        "createdDate": 1703517541752,
                        "bearing": 164.380615234375,
                        "velocity": 4.993013381958008
                    }
                },
                {
                    "type": "Feature",
                    "geometry": {
                        "type": "Point",
                        "coordinates": [
                            49.2522163,
                            55.7865133
                        ]
                    },
                    "properties": {
                        "createdDate": 1703517542748,
                        "bearing": 162.68348693847656,
                        "velocity": 4.795448303222656
                    }
                },
                {
                    "type": "Feature",
                    "geometry": {
                        "type": "Point",
                        "coordinates": [
                            49.2522486,
                            55.7864772
                        ]
                    },
                    "properties": {
                        "createdDate": 1703517543752,
                        "bearing": 158.93936157226562,
                        "velocity": 4.601445198059082
                    }
                },
                {
                    "type": "Feature",
                    "geometry": {
                        "type": "Point",
                        "coordinates": [
                            49.2522857,
                            55.7864458
                        ]
                    },
                    "properties": {
                        "createdDate": 1703517544760,
                        "bearing": 152.5581817626953,
                        "velocity": 4.295663356781006
                    }
                },
                {
                    "type": "Feature",
                    "geometry": {
                        "type": "Point",
                        "coordinates": [
                            49.2523251,
                            55.7864167
                        ]
                    },
                    "properties": {
                        "createdDate": 1703517545752,
                        "bearing": 148.7173614501953,
                        "velocity": 4.179544925689697
                    }
                },
                {
                    "type": "Feature",
                    "geometry": {
                        "type": "Point",
                        "coordinates": [
                            49.2523722,
                            55.7863901
                        ]
                    },
                    "properties": {
                        "createdDate": 1703517546759,
                        "bearing": 143.78085327148438,
                        "velocity": 3.987182140350342
                    }
                },
                {
                    "type": "Feature",
                    "geometry": {
                        "type": "Point",
                        "coordinates": [
                            49.2524403,
                            55.7863632
                        ]
                    },
                    "properties": {
                        "createdDate": 1703517547751,
                        "bearing": 133.5662078857422,
                        "velocity": 3.7225561141967773
                    }
                },
                {
                    "type": "Feature",
                    "geometry": {
                        "type": "Point",
                        "coordinates": [
                            49.2524907,
                            55.7863473
                        ]
                    },
                    "properties": {
                        "createdDate": 1703517548758,
                        "bearing": 120.52435302734375,
                        "velocity": 3.2830634117126465
                    }
                },
                {
                    "type": "Feature",
                    "geometry": {
                        "type": "Point",
                        "coordinates": [
                            49.2525412,
                            55.7863445
                        ]
                    },
                    "properties": {
                        "createdDate": 1703517549767,
                        "bearing": 102.13154602050781,
                        "velocity": 3.0804693698883057
                    }
                },
                {
                    "type": "Feature",
                    "geometry": {
                        "type": "Point",
                        "coordinates": [
                            49.2525951,
                            55.7863493
                        ]
                    },
                    "properties": {
                        "createdDate": 1703517550758,
                        "bearing": 90.97755432128906,
                        "velocity": 3.223681926727295
                    }
                },
                {
                    "type": "Feature",
                    "geometry": {
                        "type": "Point",
                        "coordinates": [
                            49.2526586,
                            55.7863588
                        ]
                    },
                    "properties": {
                        "createdDate": 1703517551765,
                        "bearing": 83.43155670166016,
                        "velocity": 3.5751006603240967
                    }
                },
                {
                    "type": "Feature",
                    "geometry": {
                        "type": "Point",
                        "coordinates": [
                            49.2527286,
                            55.7863718
                        ]
                    },
                    "properties": {
                        "createdDate": 1703517552761,
                        "bearing": 79.86859130859375,
                        "velocity": 3.873474359512329
                    }
                },
                {
                    "type": "Feature",
                    "geometry": {
                        "type": "Point",
                        "coordinates": [
                            49.2528007,
                            55.7863822
                        ]
                    },
                    "properties": {
                        "createdDate": 1703517553765,
                        "bearing": 79.95507049560547,
                        "velocity": 4.094944000244141
                    }
                },
                {
                    "type": "Feature",
                    "geometry": {
                        "type": "Point",
                        "coordinates": [
                            49.2528796,
                            55.7863949
                        ]
                    },
                    "properties": {
                        "createdDate": 1703517554773,
                        "bearing": 77.48036193847656,
                        "velocity": 4.436675548553467
                    }
                },
                {
                    "type": "Feature",
                    "geometry": {
                        "type": "Point",
                        "coordinates": [
                            49.2529744,
                            55.7864141
                        ]
                    },
                    "properties": {
                        "createdDate": 1703517555764,
                        "bearing": 74.78108978271484,
                        "velocity": 4.930574893951416
                    }
                },
                {
                    "type": "Feature",
                    "geometry": {
                        "type": "Point",
                        "coordinates": [
                            49.2530631,
                            55.7864341
                        ]
                    },
                    "properties": {
                        "createdDate": 1703517556773,
                        "bearing": 72.9928207397461,
                        "velocity": 5.174084186553955
                    }
                },
                {
                    "type": "Feature",
                    "geometry": {
                        "type": "Point",
                        "coordinates": [
                            49.2531456,
                            55.7864542
                        ]
                    },
                    "properties": {
                        "createdDate": 1703517557766,
                        "bearing": 71.13363647460938,
                        "velocity": 5.209428310394287
                    }
                },
                {
                    "type": "Feature",
                    "geometry": {
                        "type": "Point",
                        "coordinates": [
                            49.2532265,
                            55.7864722
                        ]
                    },
                    "properties": {
                        "createdDate": 1703517558772,
                        "bearing": 70.85971069335938,
                        "velocity": 5.2670369148254395
                    }
                },
                {
                    "type": "Feature",
                    "geometry": {
                        "type": "Point",
                        "coordinates": [
                            49.2533199,
                            55.786492
                        ]
                    },
                    "properties": {
                        "createdDate": 1703517559779,
                        "bearing": 71.49259948730469,
                        "velocity": 5.41506290435791
                    }
                },
                {
                    "type": "Feature",
                    "geometry": {
                        "type": "Point",
                        "coordinates": [
                            49.253404,
                            55.7865138
                        ]
                    },
                    "properties": {
                        "createdDate": 1703517560770,
                        "bearing": 67.7845687866211,
                        "velocity": 5.153665065765381
                    }
                },
                {
                    "type": "Feature",
                    "geometry": {
                        "type": "Point",
                        "coordinates": [
                            49.2534764,
                            55.7865302
                        ]
                    },
                    "properties": {
                        "createdDate": 1703517561780,
                        "bearing": 75.09309387207031,
                        "velocity": 4.77321720123291
                    }
                },
                {
                    "type": "Feature",
                    "geometry": {
                        "type": "Point",
                        "coordinates": [
                            49.2535487,
                            55.7865427
                        ]
                    },
                    "properties": {
                        "createdDate": 1703517562772,
                        "bearing": 74.09934997558594,
                        "velocity": 4.801332473754883
                    }
                },
                {
                    "type": "Feature",
                    "geometry": {
                        "type": "Point",
                        "coordinates": [
                            49.2536233,
                            55.7865548
                        ]
                    },
                    "properties": {
                        "createdDate": 1703517563779,
                        "bearing": 76.6033706665039,
                        "velocity": 4.9000163078308105
                    }
                },
                {
                    "type": "Feature",
                    "geometry": {
                        "type": "Point",
                        "coordinates": [
                            49.2537137,
                            55.7865663
                        ]
                    },
                    "properties": {
                        "createdDate": 1703517564786,
                        "bearing": 75.10908508300781,
                        "velocity": 5.4724602699279785
                    }
                },
                {
                    "type": "Feature",
                    "geometry": {
                        "type": "Point",
                        "coordinates": [
                            49.2538096,
                            55.7865797
                        ]
                    },
                    "properties": {
                        "createdDate": 1703517565780,
                        "bearing": 74.94918823242188,
                        "velocity": 5.945761680603027
                    }
                },
                {
                    "type": "Feature",
                    "geometry": {
                        "type": "Point",
                        "coordinates": [
                            49.2539001,
                            55.786598
                        ]
                    },
                    "properties": {
                        "createdDate": 1703517566787,
                        "bearing": 75.76790618896484,
                        "velocity": 5.994675159454346
                    }
                },
                {
                    "type": "Feature",
                    "geometry": {
                        "type": "Point",
                        "coordinates": [
                            49.2539774,
                            55.7866164
                        ]
                    },
                    "properties": {
                        "createdDate": 1703517567794,
                        "bearing": 72.56912231445312,
                        "velocity": 5.436461448669434
                    }
                },
                {
                    "type": "Feature",
                    "geometry": {
                        "type": "Point",
                        "coordinates": [
                            49.2540477,
                            55.7866387
                        ]
                    },
                    "properties": {
                        "createdDate": 1703517568787,
                        "bearing": 69.3052978515625,
                        "velocity": 5.314521312713623
                    }
                },
                {
                    "type": "Feature",
                    "geometry": {
                        "type": "Point",
                        "coordinates": [
                            49.2541195,
                            55.7866539
                        ]
                    },
                    "properties": {
                        "createdDate": 1703517569793,
                        "bearing": 71.62083435058594,
                        "velocity": 5.0474700927734375
                    }
                },
                {
                    "type": "Feature",
                    "geometry": {
                        "type": "Point",
                        "coordinates": [
                            49.2541856,
                            55.7866645
                        ]
                    },
                    "properties": {
                        "createdDate": 1703517570788,
                        "bearing": 77.18797302246094,
                        "velocity": 4.70395565032959
                    }
                },
                {
                    "type": "Feature",
                    "geometry": {
                        "type": "Point",
                        "coordinates": [
                            49.2542523,
                            55.7866759
                        ]
                    },
                    "properties": {
                        "createdDate": 1703517571794,
                        "bearing": 76.01272583007812,
                        "velocity": 4.82322883605957
                    }
                },
                {
                    "type": "Feature",
                    "geometry": {
                        "type": "Point",
                        "coordinates": [
                            49.2543233,
                            55.7866866
                        ]
                    },
                    "properties": {
                        "createdDate": 1703517572800,
                        "bearing": 75.98685455322266,
                        "velocity": 4.751443386077881
                    }
                },
                {
                    "type": "Feature",
                    "geometry": {
                        "type": "Point",
                        "coordinates": [
                            49.254385,
                            55.7866991
                        ]
                    },
                    "properties": {
                        "createdDate": 1703517573795,
                        "bearing": 71.08485412597656,
                        "velocity": 3.915027141571045
                    }
                },
                {
                    "type": "Feature",
                    "geometry": {
                        "type": "Point",
                        "coordinates": [
                            49.2544398,
                            55.7867113
                        ]
                    },
                    "properties": {
                        "createdDate": 1703517574799,
                        "bearing": 72.78843688964844,
                        "velocity": 3.616875648498535
                    }
                },
                {
                    "type": "Feature",
                    "geometry": {
                        "type": "Point",
                        "coordinates": [
                            49.2544879,
                            55.7867274
                        ]
                    },
                    "properties": {
                        "createdDate": 1703517575807,
                        "bearing": 71.93546295166016,
                        "velocity": 3.4400362968444824
                    }
                },
                {
                    "type": "Feature",
                    "geometry": {
                        "type": "Point",
                        "coordinates": [
                            49.2545361,
                            55.7867426
                        ]
                    },
                    "properties": {
                        "createdDate": 1703517576801,
                        "bearing": 70.99626159667969,
                        "velocity": 3.3313393592834473
                    }
                },
                {
                    "type": "Feature",
                    "geometry": {
                        "type": "Point",
                        "coordinates": [
                            49.2545887,
                            55.7867564
                        ]
                    },
                    "properties": {
                        "createdDate": 1703517577807,
                        "bearing": 72.79230499267578,
                        "velocity": 3.070329427719116
                    }
                },
                {
                    "type": "Feature",
                    "geometry": {
                        "type": "Point",
                        "coordinates": [
                            49.254664,
                            55.7867485
                        ]
                    },
                    "properties": {
                        "createdDate": 1703517578801,
                        "bearing": 71.1769027709961,
                        "velocity": 2.932518720626831
                    }
                },
                {
                    "type": "Feature",
                    "geometry": {
                        "type": "Point",
                        "coordinates": [
                            49.2547258,
                            55.7867368
                        ]
                    },
                    "properties": {
                        "createdDate": 1703517579807,
                        "bearing": 70.44794464111328,
                        "velocity": 2.3769679069519043
                    }
                },
                {
                    "type": "Feature",
                    "geometry": {
                        "type": "Point",
                        "coordinates": [
                            49.2547765,
                            55.7867294
                        ]
                    },
                    "properties": {
                        "createdDate": 1703517580799,
                        "bearing": 68.97754669189453,
                        "velocity": 1.7880779504776
                    }
                },
                {
                    "type": "Feature",
                    "geometry": {
                        "type": "Point",
                        "coordinates": [
                            49.254809,
                            55.7867268
                        ]
                    },
                    "properties": {
                        "createdDate": 1703517581811,
                        "bearing": 68.2659912109375,
                        "velocity": 1.3867988586425781
                    }
                },
                {
                    "type": "Feature",
                    "geometry": {
                        "type": "Point",
                        "coordinates": [
                            49.254831,
                            55.7867329
                        ]
                    },
                    "properties": {
                        "createdDate": 1703517582814,
                        "bearing": 47.55988693237305,
                        "velocity": 1.482971429824829
                    }
                },
                {
                    "type": "Feature",
                    "geometry": {
                        "type": "Point",
                        "coordinates": [
                            49.2548371,
                            55.7867493
                        ]
                    },
                    "properties": {
                        "createdDate": 1703517583809,
                        "bearing": 15.140233993530273,
                        "velocity": 1.8919192552566528
                    }
                },
                {
                    "type": "Feature",
                    "geometry": {
                        "type": "Point",
                        "coordinates": [
                            49.2548267,
                            55.786764
                        ]
                    },
                    "properties": {
                        "createdDate": 1703517584813,
                        "bearing": 345.2586364746094,
                        "velocity": 1.9648224115371704
                    }
                },
                {
                    "type": "Feature",
                    "geometry": {
                        "type": "Point",
                        "coordinates": [
                            49.2548078,
                            55.786778
                        ]
                    },
                    "properties": {
                        "createdDate": 1703517585821,
                        "bearing": 343.70892333984375,
                        "velocity": 2.1536920070648193
                    }
                },
                {
                    "type": "Feature",
                    "geometry": {
                        "type": "Point",
                        "coordinates": [
                            49.2547805,
                            55.7867906
                        ]
                    },
                    "properties": {
                        "createdDate": 1703517586814,
                        "bearing": 335.07354736328125,
                        "velocity": 2.0330307483673096
                    }
                },
                {
                    "type": "Feature",
                    "geometry": {
                        "type": "Point",
                        "coordinates": [
                            49.2547475,
                            55.7868066
                        ]
                    },
                    "properties": {
                        "createdDate": 1703517587821,
                        "bearing": 320.1497497558594,
                        "velocity": 1.929522156715393
                    }
                },
                {
                    "type": "Feature",
                    "geometry": {
                        "type": "Point",
                        "coordinates": [
                            49.2547147,
                            55.7868174
                        ]
                    },
                    "properties": {
                        "createdDate": 1703517588814,
                        "bearing": 305.7042236328125,
                        "velocity": 1.9737714529037476
                    }
                },
                {
                    "type": "Feature",
                    "geometry": {
                        "type": "Point",
                        "coordinates": [
                            49.2546899,
                            55.7868332
                        ]
                    },
                    "properties": {
                        "createdDate": 1703517589820,
                        "bearing": 317.12860107421875,
                        "velocity": 2.0622398853302
                    }
                },
                {
                    "type": "Feature",
                    "geometry": {
                        "type": "Point",
                        "coordinates": [
                            49.2546718,
                            55.7868516
                        ]
                    },
                    "properties": {
                        "createdDate": 1703517590828,
                        "bearing": 324.8121032714844,
                        "velocity": 2.152224540710449
                    }
                },
                {
                    "type": "Feature",
                    "geometry": {
                        "type": "Point",
                        "coordinates": [
                            49.2546316,
                            55.7868694
                        ]
                    },
                    "properties": {
                        "createdDate": 1703517591823,
                        "bearing": 330.8903503417969,
                        "velocity": 2.1632211208343506
                    }
                },
                {
                    "type": "Feature",
                    "geometry": {
                        "type": "Point",
                        "coordinates": [
                            49.2545947,
                            55.7868816
                        ]
                    },
                    "properties": {
                        "createdDate": 1703517592826,
                        "bearing": 321.84429931640625,
                        "velocity": 2.037559986114502
                    }
                },
                {
                    "type": "Feature",
                    "geometry": {
                        "type": "Point",
                        "coordinates": [
                            49.2545603,
                            55.7868939
                        ]
                    },
                    "properties": {
                        "createdDate": 1703517593835,
                        "bearing": 306.6640625,
                        "velocity": 1.9988713264465332
                    }
                },
                {
                    "type": "Feature",
                    "geometry": {
                        "type": "Point",
                        "coordinates": [
                            49.2545314,
                            55.7869025
                        ]
                    },
                    "properties": {
                        "createdDate": 1703517594826,
                        "bearing": 306.4764709472656,
                        "velocity": 1.7754305601119995
                    }
                },
                {
                    "type": "Feature",
                    "geometry": {
                        "type": "Point",
                        "coordinates": [
                            49.2545159,
                            55.7869128
                        ]
                    },
                    "properties": {
                        "createdDate": 1703517595834,
                        "bearing": 307.1470031738281,
                        "velocity": 1.4164209365844727
                    }
                },
                {
                    "type": "Feature",
                    "geometry": {
                        "type": "Point",
                        "coordinates": [
                            49.2544902,
                            55.7869322
                        ]
                    },
                    "properties": {
                        "createdDate": 1703517596829,
                        "bearing": 333.6435546875,
                        "velocity": 1.7650039196014404
                    }
                },
                {
                    "type": "Feature",
                    "geometry": {
                        "type": "Point",
                        "coordinates": [
                            49.2544673,
                            55.7869553
                        ]
                    },
                    "properties": {
                        "createdDate": 1703517597837,
                        "bearing": 334.5258483886719,
                        "velocity": 2.5446112155914307
                    }
                },
                {
                    "type": "Feature",
                    "geometry": {
                        "type": "Point",
                        "coordinates": [
                            49.2544415,
                            55.7869777
                        ]
                    },
                    "properties": {
                        "createdDate": 1703517598841,
                        "bearing": 330.543701171875,
                        "velocity": 2.6729559898376465
                    }
                },
                {
                    "type": "Feature",
                    "geometry": {
                        "type": "Point",
                        "coordinates": [
                            49.2544142,
                            55.7869933
                        ]
                    },
                    "properties": {
                        "createdDate": 1703517599848,
                        "bearing": 322.3621520996094,
                        "velocity": 2.198606491088867
                    }
                },
                {
                    "type": "Feature",
                    "geometry": {
                        "type": "Point",
                        "coordinates": [
                            49.2543847,
                            55.7870037
                        ]
                    },
                    "properties": {
                        "createdDate": 1703517600841,
                        "bearing": 312.28509521484375,
                        "velocity": 2.155783176422119
                    }
                },
                {
                    "type": "Feature",
                    "geometry": {
                        "type": "Point",
                        "coordinates": [
                            49.2543451,
                            55.7870179
                        ]
                    },
                    "properties": {
                        "createdDate": 1703517601848,
                        "bearing": 306.70281982421875,
                        "velocity": 2.8002593517303467
                    }
                },
                {
                    "type": "Feature",
                    "geometry": {
                        "type": "Point",
                        "coordinates": [
                            49.2543086,
                            55.7870358
                        ]
                    },
                    "properties": {
                        "createdDate": 1703517602841,
                        "bearing": 314.5370178222656,
                        "velocity": 2.8965792655944824
                    }
                },
                {
                    "type": "Feature",
                    "geometry": {
                        "type": "Point",
                        "coordinates": [
                            49.2542766,
                            55.7870586
                        ]
                    },
                    "properties": {
                        "createdDate": 1703517603830,
                        "bearing": 325.2779846191406,
                        "velocity": 3.1780200004577637
                    }
                },
                {
                    "type": "Feature",
                    "geometry": {
                        "type": "Point",
                        "coordinates": [
                            49.2542569,
                            55.7870805
                        ]
                    },
                    "properties": {
                        "createdDate": 1703517604843,
                        "bearing": 336.23309326171875,
                        "velocity": 2.8288185596466064
                    }
                },
                {
                    "type": "Feature",
                    "geometry": {
                        "type": "Point",
                        "coordinates": [
                            49.2542446,
                            55.7871073
                        ]
                    },
                    "properties": {
                        "createdDate": 1703517605849,
                        "bearing": 347.6206970214844,
                        "velocity": 3.098411798477173
                    }
                },
                {
                    "type": "Feature",
                    "geometry": {
                        "type": "Point",
                        "coordinates": [
                            49.2542299,
                            55.7871348
                        ]
                    },
                    "properties": {
                        "createdDate": 1703517606856,
                        "bearing": 344.2950744628906,
                        "velocity": 3.065004587173462
                    }
                },
                {
                    "type": "Feature",
                    "geometry": {
                        "type": "Point",
                        "coordinates": [
                            49.2542239,
                            55.7871578
                        ]
                    },
                    "properties": {
                        "createdDate": 1703517607845,
                        "bearing": 353.26654052734375,
                        "velocity": 2.4099442958831787
                    }
                },
                {
                    "type": "Feature",
                    "geometry": {
                        "type": "Point",
                        "coordinates": [
                            49.254214,
                            55.7871832
                        ]
                    },
                    "properties": {
                        "createdDate": 1703517608854,
                        "bearing": 350.51922607421875,
                        "velocity": 1.897912621498108
                    }
                },
                {
                    "type": "Feature",
                    "geometry": {
                        "type": "Point",
                        "coordinates": [
                            49.2542001,
                            55.7872043
                        ]
                    },
                    "properties": {
                        "createdDate": 1703517609862,
                        "bearing": 350.1523742675781,
                        "velocity": 1.612735390663147
                    }
                },
                {
                    "type": "Feature",
                    "geometry": {
                        "type": "Point",
                        "coordinates": [
                            49.2541928,
                            55.7872156
                        ]
                    },
                    "properties": {
                        "createdDate": 1703517610856,
                        "bearing": 358.87152099609375,
                        "velocity": 0.9261633157730103
                    }
                },
                {
                    "type": "Feature",
                    "geometry": {
                        "type": "Point",
                        "coordinates": [
                            49.2541906,
                            55.7872211
                        ]
                    },
                    "properties": {
                        "createdDate": 1703517611862,
                        "bearing": 359.7925720214844,
                        "velocity": 0.5479691624641418
                    }
                },
                {
                    "type": "Feature",
                    "geometry": {
                        "type": "Point",
                        "coordinates": [
                            49.2541842,
                            55.7872221
                        ]
                    },
                    "properties": {
                        "createdDate": 1703517612851,
                        "bearing": 359.89398193359375,
                        "velocity": 0.29480910301208496
                    }
                },
                {
                    "type": "Feature",
                    "geometry": {
                        "type": "Point",
                        "coordinates": [
                            49.2541808,
                            55.7872219
                        ]
                    },
                    "properties": {
                        "createdDate": 1703517613862,
                        "bearing": 359.91644287109375,
                        "velocity": 0.15676379203796387
                    }
                },
                {
                    "type": "Feature",
                    "geometry": {
                        "type": "Point",
                        "coordinates": [
                            49.2541789,
                            55.7872214
                        ]
                    },
                    "properties": {
                        "createdDate": 1703517614869,
                        "bearing": 0.0,
                        "velocity": 0.08027128875255585
                    }
                },
                {
                    "type": "Feature",
                    "geometry": {
                        "type": "Point",
                        "coordinates": [
                            49.2541779,
                            55.7872209
                        ]
                    },
                    "properties": {
                        "createdDate": 1703517615866,
                        "bearing": 0.0,
                        "velocity": 0.04264865070581436
                    }
                },
                {
                    "type": "Feature",
                    "geometry": {
                        "type": "Point",
                        "coordinates": [
                            49.2541773,
                            55.7872205
                        ]
                    },
                    "properties": {
                        "createdDate": 1703517616870,
                        "bearing": 0.0,
                        "velocity": 0.015357362106442451
                    }
                }
            ]
        }
    },
    {
        "uuid": "793bbe1c-8f88-4ece-b06d-e5124ea3fe71",
        "videoId": "1703516097487",
        "filePath": "/vs_data/citysoft-dev/video/2023/12/25/5b8b176f019ea18e/1703514900141/1703516097487/1703516097487.mp4",
        "sessionId": "1703514900141",
        "deviceId": "5b8b176f019ea18e",
        "descriptions": {
            "onDevice": "VladTest",
            "onServer": "VladTest"
        },
        "numbers": {
            "onDevice": "VladTest",
            "onServer": "VladTest"
        },
        "processingStatus": "NEW",
        "operatorId": null,
        "creationDate": "2023-12-25T14:54:57.487Z",
        "processedDate": null,
        "homographyId": null,
        "mergedPartsCount": 300,
        "fps": 0,
        "size": 46998844,
        "resolution": null,
        "errorReason": null,
        "errorModule": null,
        "errorMessage": null,
        "geoJSON": {
            "type": "FeatureCollection",
            "features": [
                {
                    "type": "Feature",
                    "geometry": {
                        "type": "Point",
                        "coordinates": [
                            49.24604,
                            55.7938231
                        ]
                    },
                    "properties": {
                        "createdDate": 1703516097487,
                        "bearing": 228.7855224609375,
                        "velocity": 0.1687546670436859
                    }
                },
                {
                    "type": "Feature",
                    "geometry": {
                        "type": "Point",
                        "coordinates": [
                            49.2460508,
                            55.7938309
                        ]
                    },
                    "properties": {
                        "createdDate": 1703516102495,
                        "bearing": 0.0,
                        "velocity": 0.04486483335494995
                    }
                },
                {
                    "type": "Feature",
                    "geometry": {
                        "type": "Point",
                        "coordinates": [
                            49.2460558,
                            55.7938373
                        ]
                    },
                    "properties": {
                        "createdDate": 1703516107500,
                        "bearing": 23.075204849243164,
                        "velocity": 0.11272978037595749
                    }
                },
                {
                    "type": "Feature",
                    "geometry": {
                        "type": "Point",
                        "coordinates": [
                            49.2460495,
                            55.793833
                        ]
                    },
                    "properties": {
                        "createdDate": 1703516112507,
                        "bearing": 0.0,
                        "velocity": 0.04086850583553314
                    }
                },
                {
                    "type": "Feature",
                    "geometry": {
                        "type": "Point",
                        "coordinates": [
                            49.246046,
                            55.7938313
                        ]
                    },
                    "properties": {
                        "createdDate": 1703516117513,
                        "bearing": 0.0,
                        "velocity": 0.05104944109916687
                    }
                },
                {
                    "type": "Feature",
                    "geometry": {
                        "type": "Point",
                        "coordinates": [
                            49.2460524,
                            55.7938339
                        ]
                    },
                    "properties": {
                        "createdDate": 1703516122520,
                        "bearing": 0.0,
                        "velocity": 0.044536150991916656
                    }
                },
                {
                    "type": "Feature",
                    "geometry": {
                        "type": "Point",
                        "coordinates": [
                            49.2460398,
                            55.793829
                        ]
                    },
                    "properties": {
                        "createdDate": 1703516127525,
                        "bearing": 235.084228515625,
                        "velocity": 0.10412551462650299
                    }
                },
                {
                    "type": "Feature",
                    "geometry": {
                        "type": "Point",
                        "coordinates": [
                            49.246033,
                            55.7938237
                        ]
                    },
                    "properties": {
                        "createdDate": 1703516132533,
                        "bearing": 221.27951049804688,
                        "velocity": 0.12815146148204803
                    }
                },
                {
                    "type": "Feature",
                    "geometry": {
                        "type": "Point",
                        "coordinates": [
                            49.2460523,
                            55.7938304
                        ]
                    },
                    "properties": {
                        "createdDate": 1703516137543,
                        "bearing": 0.0,
                        "velocity": 0.0998527854681015
                    }
                },
                {
                    "type": "Feature",
                    "geometry": {
                        "type": "Point",
                        "coordinates": [
                            49.246057,
                            55.793832
                        ]
                    },
                    "properties": {
                        "createdDate": 1703516142546,
                        "bearing": 0.0,
                        "velocity": 0.08111415803432465
                    }
                },
                {
                    "type": "Feature",
                    "geometry": {
                        "type": "Point",
                        "coordinates": [
                            49.2460404,
                            55.7938231
                        ]
                    },
                    "properties": {
                        "createdDate": 1703516147558,
                        "bearing": 222.99713134765625,
                        "velocity": 0.15360000729560852
                    }
                },
                {
                    "type": "Feature",
                    "geometry": {
                        "type": "Point",
                        "coordinates": [
                            49.2460438,
                            55.7938268
                        ]
                    },
                    "properties": {
                        "createdDate": 1703516152562,
                        "bearing": 0.0,
                        "velocity": 0.015885647386312485
                    }
                },
                {
                    "type": "Feature",
                    "geometry": {
                        "type": "Point",
                        "coordinates": [
                            49.2460461,
                            55.7938277
                        ]
                    },
                    "properties": {
                        "createdDate": 1703516157582,
                        "bearing": 0.0,
                        "velocity": 0.020466869696974754
                    }
                },
                {
                    "type": "Feature",
                    "geometry": {
                        "type": "Point",
                        "coordinates": [
                            49.2460639,
                            55.7938332
                        ]
                    },
                    "properties": {
                        "createdDate": 1703516162588,
                        "bearing": 60.13015365600586,
                        "velocity": 0.16729456186294556
                    }
                },
                {
                    "type": "Feature",
                    "geometry": {
                        "type": "Point",
                        "coordinates": [
                            49.2460649,
                            55.7938309
                        ]
                    },
                    "properties": {
                        "createdDate": 1703516167596,
                        "bearing": 0.0,
                        "velocity": 0.06465400755405426
                    }
                },
                {
                    "type": "Feature",
                    "geometry": {
                        "type": "Point",
                        "coordinates": [
                            49.2460536,
                            55.7938267
                        ]
                    },
                    "properties": {
                        "createdDate": 1703516172602,
                        "bearing": 0.0,
                        "velocity": 0.08769327402114868
                    }
                },
                {
                    "type": "Feature",
                    "geometry": {
                        "type": "Point",
                        "coordinates": [
                            49.2460523,
                            55.7938274
                        ]
                    },
                    "properties": {
                        "createdDate": 1703516177610,
                        "bearing": 0.0,
                        "velocity": 0.03601067140698433
                    }
                },
                {
                    "type": "Feature",
                    "geometry": {
                        "type": "Point",
                        "coordinates": [
                            49.2460494,
                            55.793825
                        ]
                    },
                    "properties": {
                        "createdDate": 1703516182617,
                        "bearing": 0.0,
                        "velocity": 0.051519595086574554
                    }
                },
                {
                    "type": "Feature",
                    "geometry": {
                        "type": "Point",
                        "coordinates": [
                            49.2460474,
                            55.7938234
                        ]
                    },
                    "properties": {
                        "createdDate": 1703516187622,
                        "bearing": 0.0,
                        "velocity": 0.04664967581629753
                    }
                },
                {
                    "type": "Feature",
                    "geometry": {
                        "type": "Point",
                        "coordinates": [
                            49.2460414,
                            55.7938267
                        ]
                    },
                    "properties": {
                        "createdDate": 1703516192629,
                        "bearing": 0.0,
                        "velocity": 0.06550778448581696
                    }
                },
                {
                    "type": "Feature",
                    "geometry": {
                        "type": "Point",
                        "coordinates": [
                            49.2460463,
                            55.7938284
                        ]
                    },
                    "properties": {
                        "createdDate": 1703516197636,
                        "bearing": 0.0,
                        "velocity": 0.040044285356998444
                    }
                },
                {
                    "type": "Feature",
                    "geometry": {
                        "type": "Point",
                        "coordinates": [
                            49.2460549,
                            55.7938296
                        ]
                    },
                    "properties": {
                        "createdDate": 1703516202642,
                        "bearing": 0.0,
                        "velocity": 0.0810338705778122
                    }
                },
                {
                    "type": "Feature",
                    "geometry": {
                        "type": "Point",
                        "coordinates": [
                            49.2460585,
                            55.793828
                        ]
                    },
                    "properties": {
                        "createdDate": 1703516207651,
                        "bearing": 0.0,
                        "velocity": 0.05685596540570259
                    }
                },
                {
                    "type": "Feature",
                    "geometry": {
                        "type": "Point",
                        "coordinates": [
                            49.2460516,
                            55.7938308
                        ]
                    },
                    "properties": {
                        "createdDate": 1703516212658,
                        "bearing": 0.0,
                        "velocity": 0.04802219569683075
                    }
                },
                {
                    "type": "Feature",
                    "geometry": {
                        "type": "Point",
                        "coordinates": [
                            49.2460444,
                            55.793828
                        ]
                    },
                    "properties": {
                        "createdDate": 1703516217667,
                        "bearing": 0.0,
                        "velocity": 0.07322943210601807
                    }
                },
                {
                    "type": "Feature",
                    "geometry": {
                        "type": "Point",
                        "coordinates": [
                            49.2460492,
                            55.7938291
                        ]
                    },
                    "properties": {
                        "createdDate": 1703516222684,
                        "bearing": 0.0,
                        "velocity": 0.012526614591479301
                    }
                },
                {
                    "type": "Feature",
                    "geometry": {
                        "type": "Point",
                        "coordinates": [
                            49.2460575,
                            55.7938303
                        ]
                    },
                    "properties": {
                        "createdDate": 1703516227691,
                        "bearing": 0.0,
                        "velocity": 0.07208897173404694
                    }
                },
                {
                    "type": "Feature",
                    "geometry": {
                        "type": "Point",
                        "coordinates": [
                            49.2460646,
                            55.7938311
                        ]
                    },
                    "properties": {
                        "createdDate": 1703516232699,
                        "bearing": 0.0,
                        "velocity": 0.08318933099508286
                    }
                },
                {
                    "type": "Feature",
                    "geometry": {
                        "type": "Point",
                        "coordinates": [
                            49.2460718,
                            55.7938285
                        ]
                    },
                    "properties": {
                        "createdDate": 1703516237706,
                        "bearing": 0.0,
                        "velocity": 0.0904993787407875
                    }
                },
                {
                    "type": "Feature",
                    "geometry": {
                        "type": "Point",
                        "coordinates": [
                            49.2460818,
                            55.7938295
                        ]
                    },
                    "properties": {
                        "createdDate": 1703516242711,
                        "bearing": 88.67179870605469,
                        "velocity": 0.1096143051981926
                    }
                },
                {
                    "type": "Feature",
                    "geometry": {
                        "type": "Point",
                        "coordinates": [
                            49.2460721,
                            55.79383
                        ]
                    },
                    "properties": {
                        "createdDate": 1703516247720,
                        "bearing": 0.0,
                        "velocity": 0.032219529151916504
                    }
                },
                {
                    "type": "Feature",
                    "geometry": {
                        "type": "Point",
                        "coordinates": [
                            49.2460575,
                            55.7938313
                        ]
                    },
                    "properties": {
                        "createdDate": 1703516252725,
                        "bearing": 279.4860534667969,
                        "velocity": 0.1252027302980423
                    }
                },
                {
                    "type": "Feature",
                    "geometry": {
                        "type": "Point",
                        "coordinates": [
                            49.2460505,
                            55.7938354
                        ]
                    },
                    "properties": {
                        "createdDate": 1703516257731,
                        "bearing": 302.7186279296875,
                        "velocity": 0.11984143406152725
                    }
                },
                {
                    "type": "Feature",
                    "geometry": {
                        "type": "Point",
                        "coordinates": [
                            49.2460505,
                            55.7938327
                        ]
                    },
                    "properties": {
                        "createdDate": 1703516262740,
                        "bearing": 0.0,
                        "velocity": 0.0394374243915081
                    }
                },
                {
                    "type": "Feature",
                    "geometry": {
                        "type": "Point",
                        "coordinates": [
                            49.2460568,
                            55.7938326
                        ]
                    },
                    "properties": {
                        "createdDate": 1703516267761,
                        "bearing": 0.0,
                        "velocity": 0.03544383868575096
                    }
                },
                {
                    "type": "Feature",
                    "geometry": {
                        "type": "Point",
                        "coordinates": [
                            49.2460653,
                            55.7938276
                        ]
                    },
                    "properties": {
                        "createdDate": 1703516272767,
                        "bearing": 132.26853942871094,
                        "velocity": 0.10747570544481277
                    }
                },
                {
                    "type": "Feature",
                    "geometry": {
                        "type": "Point",
                        "coordinates": [
                            49.2460605,
                            55.7938242
                        ]
                    },
                    "properties": {
                        "createdDate": 1703516277774,
                        "bearing": 0.0,
                        "velocity": 0.07398416101932526
                    }
                },
                {
                    "type": "Feature",
                    "geometry": {
                        "type": "Point",
                        "coordinates": [
                            49.246073,
                            55.7938296
                        ]
                    },
                    "properties": {
                        "createdDate": 1703516282780,
                        "bearing": 63.719322204589844,
                        "velocity": 0.10605498403310776
                    }
                },
                {
                    "type": "Feature",
                    "geometry": {
                        "type": "Point",
                        "coordinates": [
                            49.2460773,
                            55.7938288
                        ]
                    },
                    "properties": {
                        "createdDate": 1703516287787,
                        "bearing": 0.0,
                        "velocity": 0.06947998702526093
                    }
                },
                {
                    "type": "Feature",
                    "geometry": {
                        "type": "Point",
                        "coordinates": [
                            49.2460612,
                            55.7938284
                        ]
                    },
                    "properties": {
                        "createdDate": 1703516292795,
                        "bearing": 0.0,
                        "velocity": 0.09624149650335312
                    }
                },
                {
                    "type": "Feature",
                    "geometry": {
                        "type": "Point",
                        "coordinates": [
                            49.246057,
                            55.7938284
                        ]
                    },
                    "properties": {
                        "createdDate": 1703516297801,
                        "bearing": 0.0,
                        "velocity": 0.06952743232250214
                    }
                },
                {
                    "type": "Feature",
                    "geometry": {
                        "type": "Point",
                        "coordinates": [
                            49.2460687,
                            55.793829
                        ]
                    },
                    "properties": {
                        "createdDate": 1703516302807,
                        "bearing": 0.0,
                        "velocity": 0.06126803532242775
                    }
                },
                {
                    "type": "Feature",
                    "geometry": {
                        "type": "Point",
                        "coordinates": [
                            49.2460771,
                            55.7938328
                        ]
                    },
                    "properties": {
                        "createdDate": 1703516307815,
                        "bearing": 58.1492919921875,
                        "velocity": 0.10512508451938629
                    }
                },
                {
                    "type": "Feature",
                    "geometry": {
                        "type": "Point",
                        "coordinates": [
                            49.2460645,
                            55.7938302
                        ]
                    },
                    "properties": {
                        "createdDate": 1703516312823,
                        "bearing": 0.0,
                        "velocity": 0.061296120285987854
                    }
                },
                {
                    "type": "Feature",
                    "geometry": {
                        "type": "Point",
                        "coordinates": [
                            49.246059,
                            55.7938311
                        ]
                    },
                    "properties": {
                        "createdDate": 1703516317828,
                        "bearing": 0.0,
                        "velocity": 0.06544049829244614
                    }
                },
                {
                    "type": "Feature",
                    "geometry": {
                        "type": "Point",
                        "coordinates": [
                            49.246055,
                            55.7938269
                        ]
                    },
                    "properties": {
                        "createdDate": 1703516322833,
                        "bearing": 0.0,
                        "velocity": 0.07642964273691177
                    }
                },
                {
                    "type": "Feature",
                    "geometry": {
                        "type": "Point",
                        "coordinates": [
                            49.2460526,
                            55.7938283
                        ]
                    },
                    "properties": {
                        "createdDate": 1703516327825,
                        "bearing": 0.0,
                        "velocity": 0.040102969855070114
                    }
                },
                {
                    "type": "Feature",
                    "geometry": {
                        "type": "Point",
                        "coordinates": [
                            49.24607,
                            55.7938252
                        ]
                    },
                    "properties": {
                        "createdDate": 1703516332830,
                        "bearing": 109.98250579833984,
                        "velocity": 0.127136692404747
                    }
                },
                {
                    "type": "Feature",
                    "geometry": {
                        "type": "Point",
                        "coordinates": [
                            49.2460733,
                            55.7938275
                        ]
                    },
                    "properties": {
                        "createdDate": 1703516337825,
                        "bearing": 0.0,
                        "velocity": 0.07145754247903824
                    }
                },
                {
                    "type": "Feature",
                    "geometry": {
                        "type": "Point",
                        "coordinates": [
                            49.2460738,
                            55.7938393
                        ]
                    },
                    "properties": {
                        "createdDate": 1703516342828,
                        "bearing": 10.512857437133789,
                        "velocity": 0.1716942936182022
                    }
                },
                {
                    "type": "Feature",
                    "geometry": {
                        "type": "Point",
                        "coordinates": [
                            49.2460625,
                            55.7938343
                        ]
                    },
                    "properties": {
                        "createdDate": 1703516347849,
                        "bearing": 0.0,
                        "velocity": 0.07412750273942947
                    }
                },
                {
                    "type": "Feature",
                    "geometry": {
                        "type": "Point",
                        "coordinates": [
                            49.2460733,
                            55.7938274
                        ]
                    },
                    "properties": {
                        "createdDate": 1703516352857,
                        "bearing": 149.46775817871094,
                        "velocity": 0.11252270638942719
                    }
                },
                {
                    "type": "Feature",
                    "geometry": {
                        "type": "Point",
                        "coordinates": [
                            49.2460835,
                            55.7938297
                        ]
                    },
                    "properties": {
                        "createdDate": 1703516357863,
                        "bearing": 93.19011688232422,
                        "velocity": 0.10045100003480911
                    }
                },
                {
                    "type": "Feature",
                    "geometry": {
                        "type": "Point",
                        "coordinates": [
                            49.2460823,
                            55.7938334
                        ]
                    },
                    "properties": {
                        "createdDate": 1703516362869,
                        "bearing": 0.0,
                        "velocity": 0.05621964484453201
                    }
                },
                {
                    "type": "Feature",
                    "geometry": {
                        "type": "Point",
                        "coordinates": [
                            49.2460761,
                            55.793831
                        ]
                    },
                    "properties": {
                        "createdDate": 1703516367877,
                        "bearing": 0.0,
                        "velocity": 0.03795381262898445
                    }
                },
                {
                    "type": "Feature",
                    "geometry": {
                        "type": "Point",
                        "coordinates": [
                            49.2460578,
                            55.7938277
                        ]
                    },
                    "properties": {
                        "createdDate": 1703516372883,
                        "bearing": 252.2386474609375,
                        "velocity": 0.16042229533195496
                    }
                },
                {
                    "type": "Feature",
                    "geometry": {
                        "type": "Point",
                        "coordinates": [
                            49.2460647,
                            55.7938343
                        ]
                    },
                    "properties": {
                        "createdDate": 1703516377889,
                        "bearing": 0.0,
                        "velocity": 0.06193522736430168
                    }
                },
                {
                    "type": "Feature",
                    "geometry": {
                        "type": "Point",
                        "coordinates": [
                            49.246076,
                            55.7938334
                        ]
                    },
                    "properties": {
                        "createdDate": 1703516382903,
                        "bearing": 0.0,
                        "velocity": 0.07408436387777328
                    }
                },
                {
                    "type": "Feature",
                    "geometry": {
                        "type": "Point",
                        "coordinates": [
                            49.24607,
                            55.7938308
                        ]
                    },
                    "properties": {
                        "createdDate": 1703516387907,
                        "bearing": 0.0,
                        "velocity": 0.03622005879878998
                    }
                },
                {
                    "type": "Feature",
                    "geometry": {
                        "type": "Point",
                        "coordinates": [
                            49.2460874,
                            55.7938308
                        ]
                    },
                    "properties": {
                        "createdDate": 1703516392912,
                        "bearing": 97.58550262451172,
                        "velocity": 0.11044038087129593
                    }
                }
            ]
        }
    },
    {
        "uuid": "f6df7d6f-0765-4b70-8a40-e15e69cff35d",
        "videoId": "1703515796992",
        "filePath": "/vs_data/citysoft-dev/video/2023/12/25/5b8b176f019ea18e/1703514900141/1703515796992/1703515796992.mp4",
        "sessionId": "1703514900141",
        "deviceId": "5b8b176f019ea18e",
        "descriptions": {
            "onDevice": "VladTest",
            "onServer": "VladTest"
        },
        "numbers": {
            "onDevice": "VladTest",
            "onServer": "VladTest"
        },
        "processingStatus": "NEW",
        "operatorId": null,
        "creationDate": "2023-12-25T14:49:56.992Z",
        "processedDate": null,
        "homographyId": null,
        "mergedPartsCount": 300,
        "fps": 0,
        "size": 51795154,
        "resolution": null,
        "errorReason": null,
        "errorModule": null,
        "errorMessage": null,
        "geoJSON": {
            "type": "FeatureCollection",
            "features": [
                {
                    "type": "Feature",
                    "geometry": {
                        "type": "Point",
                        "coordinates": [
                            49.2460374,
                            55.7938202
                        ]
                    },
                    "properties": {
                        "createdDate": 1703515796992,
                        "bearing": 226.48609924316406,
                        "velocity": 0.2166501134634018
                    }
                },
                {
                    "type": "Feature",
                    "geometry": {
                        "type": "Point",
                        "coordinates": [
                            49.2460349,
                            55.79383
                        ]
                    },
                    "properties": {
                        "createdDate": 1703515802001,
                        "bearing": 299.8214111328125,
                        "velocity": 0.1024232804775238
                    }
                },
                {
                    "type": "Feature",
                    "geometry": {
                        "type": "Point",
                        "coordinates": [
                            49.2460556,
                            55.7938278
                        ]
                    },
                    "properties": {
                        "createdDate": 1703515807003,
                        "bearing": 94.72660827636719,
                        "velocity": 0.12767358124256134
                    }
                },
                {
                    "type": "Feature",
                    "geometry": {
                        "type": "Point",
                        "coordinates": [
                            49.246055,
                            55.7938263
                        ]
                    },
                    "properties": {
                        "createdDate": 1703515812028,
                        "bearing": 0.0,
                        "velocity": 0.05038972198963165
                    }
                },
                {
                    "type": "Feature",
                    "geometry": {
                        "type": "Point",
                        "coordinates": [
                            49.2460646,
                            55.7938284
                        ]
                    },
                    "properties": {
                        "createdDate": 1703515817035,
                        "bearing": 0.0,
                        "velocity": 0.09184355288743973
                    }
                },
                {
                    "type": "Feature",
                    "geometry": {
                        "type": "Point",
                        "coordinates": [
                            49.2460582,
                            55.7938312
                        ]
                    },
                    "properties": {
                        "createdDate": 1703515822041,
                        "bearing": 0.0,
                        "velocity": 0.048119451850652695
                    }
                },
                {
                    "type": "Feature",
                    "geometry": {
                        "type": "Point",
                        "coordinates": [
                            49.2460397,
                            55.7938262
                        ]
                    },
                    "properties": {
                        "createdDate": 1703515827048,
                        "bearing": 250.776123046875,
                        "velocity": 0.15967726707458496
                    }
                },
                {
                    "type": "Feature",
                    "geometry": {
                        "type": "Point",
                        "coordinates": [
                            49.2460533,
                            55.7938256
                        ]
                    },
                    "properties": {
                        "createdDate": 1703515832054,
                        "bearing": 0.0,
                        "velocity": 0.039683930575847626
                    }
                },
                {
                    "type": "Feature",
                    "geometry": {
                        "type": "Point",
                        "coordinates": [
                            49.2460589,
                            55.7938288
                        ]
                    },
                    "properties": {
                        "createdDate": 1703515837062,
                        "bearing": 0.0,
                        "velocity": 0.06215478479862213
                    }
                },
                {
                    "type": "Feature",
                    "geometry": {
                        "type": "Point",
                        "coordinates": [
                            49.246061,
                            55.7938291
                        ]
                    },
                    "properties": {
                        "createdDate": 1703515842068,
                        "bearing": 0.0,
                        "velocity": 0.038954686373472214
                    }
                },
                {
                    "type": "Feature",
                    "geometry": {
                        "type": "Point",
                        "coordinates": [
                            49.2460531,
                            55.7938205
                        ]
                    },
                    "properties": {
                        "createdDate": 1703515847074,
                        "bearing": 202.9548797607422,
                        "velocity": 0.12393046915531158
                    }
                },
                {
                    "type": "Feature",
                    "geometry": {
                        "type": "Point",
                        "coordinates": [
                            49.2460554,
                            55.7938273
                        ]
                    },
                    "properties": {
                        "createdDate": 1703515852080,
                        "bearing": 0.0,
                        "velocity": 0.031425658613443375
                    }
                },
                {
                    "type": "Feature",
                    "geometry": {
                        "type": "Point",
                        "coordinates": [
                            49.2460586,
                            55.7938274
                        ]
                    },
                    "properties": {
                        "createdDate": 1703515857088,
                        "bearing": 0.0,
                        "velocity": 0.026042988523840904
                    }
                },
                {
                    "type": "Feature",
                    "geometry": {
                        "type": "Point",
                        "coordinates": [
                            49.2460632,
                            55.7938287
                        ]
                    },
                    "properties": {
                        "createdDate": 1703515862093,
                        "bearing": 0.0,
                        "velocity": 0.05053693428635597
                    }
                },
                {
                    "type": "Feature",
                    "geometry": {
                        "type": "Point",
                        "coordinates": [
                            49.2460459,
                            55.7938216
                        ]
                    },
                    "properties": {
                        "createdDate": 1703515867118,
                        "bearing": 232.78274536132812,
                        "velocity": 0.1503830850124359
                    }
                },
                {
                    "type": "Feature",
                    "geometry": {
                        "type": "Point",
                        "coordinates": [
                            49.2460547,
                            55.7938265
                        ]
                    },
                    "properties": {
                        "createdDate": 1703515872113,
                        "bearing": 0.0,
                        "velocity": 0.018595358356833458
                    }
                },
                {
                    "type": "Feature",
                    "geometry": {
                        "type": "Point",
                        "coordinates": [
                            49.2460554,
                            55.7938265
                        ]
                    },
                    "properties": {
                        "createdDate": 1703515877117,
                        "bearing": 0.0,
                        "velocity": 0.010287418030202389
                    }
                },
                {
                    "type": "Feature",
                    "geometry": {
                        "type": "Point",
                        "coordinates": [
                            49.2460614,
                            55.7938279
                        ]
                    },
                    "properties": {
                        "createdDate": 1703515882122,
                        "bearing": 0.0,
                        "velocity": 0.054826509207487106
                    }
                },
                {
                    "type": "Feature",
                    "geometry": {
                        "type": "Point",
                        "coordinates": [
                            49.2460692,
                            55.7938275
                        ]
                    },
                    "properties": {
                        "createdDate": 1703515887143,
                        "bearing": 0.0,
                        "velocity": 0.07914161682128906
                    }
                },
                {
                    "type": "Feature",
                    "geometry": {
                        "type": "Point",
                        "coordinates": [
                            49.2460615,
                            55.7938273
                        ]
                    },
                    "properties": {
                        "createdDate": 1703515892151,
                        "bearing": 0.0,
                        "velocity": 0.03155476227402687
                    }
                },
                {
                    "type": "Feature",
                    "geometry": {
                        "type": "Point",
                        "coordinates": [
                            49.2460568,
                            55.7938341
                        ]
                    },
                    "properties": {
                        "createdDate": 1703515897157,
                        "bearing": 332.6490173339844,
                        "velocity": 0.10419896245002747
                    }
                },
                {
                    "type": "Feature",
                    "geometry": {
                        "type": "Point",
                        "coordinates": [
                            49.2460526,
                            55.793831
                        ]
                    },
                    "properties": {
                        "createdDate": 1703515902164,
                        "bearing": 0.0,
                        "velocity": 0.05202377587556839
                    }
                },
                {
                    "type": "Feature",
                    "geometry": {
                        "type": "Point",
                        "coordinates": [
                            49.2460574,
                            55.7938265
                        ]
                    },
                    "properties": {
                        "createdDate": 1703515907171,
                        "bearing": 0.0,
                        "velocity": 0.06758668273687363
                    }
                },
                {
                    "type": "Feature",
                    "geometry": {
                        "type": "Point",
                        "coordinates": [
                            49.2460526,
                            55.7938254
                        ]
                    },
                    "properties": {
                        "createdDate": 1703515912180,
                        "bearing": 0.0,
                        "velocity": 0.05143732577562332
                    }
                },
                {
                    "type": "Feature",
                    "geometry": {
                        "type": "Point",
                        "coordinates": [
                            49.2460503,
                            55.7938257
                        ]
                    },
                    "properties": {
                        "createdDate": 1703515917185,
                        "bearing": 0.0,
                        "velocity": 0.030110208317637444
                    }
                },
                {
                    "type": "Feature",
                    "geometry": {
                        "type": "Point",
                        "coordinates": [
                            49.2460517,
                            55.7938284
                        ]
                    },
                    "properties": {
                        "createdDate": 1703515922188,
                        "bearing": 0.0,
                        "velocity": 0.033038441091775894
                    }
                },
                {
                    "type": "Feature",
                    "geometry": {
                        "type": "Point",
                        "coordinates": [
                            49.2460582,
                            55.7938313
                        ]
                    },
                    "properties": {
                        "createdDate": 1703515927196,
                        "bearing": 0.0,
                        "velocity": 0.07291597872972488
                    }
                },
                {
                    "type": "Feature",
                    "geometry": {
                        "type": "Point",
                        "coordinates": [
                            49.2460556,
                            55.7938324
                        ]
                    },
                    "properties": {
                        "createdDate": 1703515932204,
                        "bearing": 0.0,
                        "velocity": 0.035297296941280365
                    }
                },
                {
                    "type": "Feature",
                    "geometry": {
                        "type": "Point",
                        "coordinates": [
                            49.2460555,
                            55.7938283
                        ]
                    },
                    "properties": {
                        "createdDate": 1703515937213,
                        "bearing": 0.0,
                        "velocity": 0.04347730427980423
                    }
                },
                {
                    "type": "Feature",
                    "geometry": {
                        "type": "Point",
                        "coordinates": [
                            49.2460555,
                            55.7938263
                        ]
                    },
                    "properties": {
                        "createdDate": 1703515942232,
                        "bearing": 0.0,
                        "velocity": 0.044192470610141754
                    }
                },
                {
                    "type": "Feature",
                    "geometry": {
                        "type": "Point",
                        "coordinates": [
                            49.2460532,
                            55.7938263
                        ]
                    },
                    "properties": {
                        "createdDate": 1703515947239,
                        "bearing": 0.0,
                        "velocity": 0.024204028770327568
                    }
                },
                {
                    "type": "Feature",
                    "geometry": {
                        "type": "Point",
                        "coordinates": [
                            49.2460815,
                            55.7938284
                        ]
                    },
                    "properties": {
                        "createdDate": 1703515952246,
                        "bearing": 84.02444458007812,
                        "velocity": 0.2138717621564865
                    }
                },
                {
                    "type": "Feature",
                    "geometry": {
                        "type": "Point",
                        "coordinates": [
                            49.2460762,
                            55.7938357
                        ]
                    },
                    "properties": {
                        "createdDate": 1703515957254,
                        "bearing": 20.89348030090332,
                        "velocity": 0.11634348332881927
                    }
                },
                {
                    "type": "Feature",
                    "geometry": {
                        "type": "Point",
                        "coordinates": [
                            49.2460592,
                            55.7938337
                        ]
                    },
                    "properties": {
                        "createdDate": 1703515962260,
                        "bearing": 276.9002380371094,
                        "velocity": 0.11687222123146057
                    }
                },
                {
                    "type": "Feature",
                    "geometry": {
                        "type": "Point",
                        "coordinates": [
                            49.2460546,
                            55.7938329
                        ]
                    },
                    "properties": {
                        "createdDate": 1703515967269,
                        "bearing": 0.0,
                        "velocity": 0.08017166703939438
                    }
                },
                {
                    "type": "Feature",
                    "geometry": {
                        "type": "Point",
                        "coordinates": [
                            49.2460616,
                            55.7938311
                        ]
                    },
                    "properties": {
                        "createdDate": 1703515972274,
                        "bearing": 0.0,
                        "velocity": 0.03450022265315056
                    }
                },
                {
                    "type": "Feature",
                    "geometry": {
                        "type": "Point",
                        "coordinates": [
                            49.2460579,
                            55.7938278
                        ]
                    },
                    "properties": {
                        "createdDate": 1703515977277,
                        "bearing": 0.0,
                        "velocity": 0.05931764841079712
                    }
                },
                {
                    "type": "Feature",
                    "geometry": {
                        "type": "Point",
                        "coordinates": [
                            49.2460561,
                            55.7938276
                        ]
                    },
                    "properties": {
                        "createdDate": 1703515982284,
                        "bearing": 0.0,
                        "velocity": 0.03270728141069412
                    }
                },
                {
                    "type": "Feature",
                    "geometry": {
                        "type": "Point",
                        "coordinates": [
                            49.2460739,
                            55.7938327
                        ]
                    },
                    "properties": {
                        "createdDate": 1703515987296,
                        "bearing": 64.60982513427734,
                        "velocity": 0.14223022758960724
                    }
                },
                {
                    "type": "Feature",
                    "geometry": {
                        "type": "Point",
                        "coordinates": [
                            49.2460641,
                            55.7938318
                        ]
                    },
                    "properties": {
                        "createdDate": 1703515992317,
                        "bearing": 0.0,
                        "velocity": 0.02903045527637005
                    }
                },
                {
                    "type": "Feature",
                    "geometry": {
                        "type": "Point",
                        "coordinates": [
                            49.2460606,
                            55.7938297
                        ]
                    },
                    "properties": {
                        "createdDate": 1703515997322,
                        "bearing": 0.0,
                        "velocity": 0.04626794531941414
                    }
                },
                {
                    "type": "Feature",
                    "geometry": {
                        "type": "Point",
                        "coordinates": [
                            49.2460661,
                            55.793834
                        ]
                    },
                    "properties": {
                        "createdDate": 1703516002329,
                        "bearing": 0.0,
                        "velocity": 0.05680868774652481
                    }
                },
                {
                    "type": "Feature",
                    "geometry": {
                        "type": "Point",
                        "coordinates": [
                            49.2460678,
                            55.7938306
                        ]
                    },
                    "properties": {
                        "createdDate": 1703516007337,
                        "bearing": 0.0,
                        "velocity": 0.03708570823073387
                    }
                },
                {
                    "type": "Feature",
                    "geometry": {
                        "type": "Point",
                        "coordinates": [
                            49.2460671,
                            55.7938288
                        ]
                    },
                    "properties": {
                        "createdDate": 1703516012341,
                        "bearing": 0.0,
                        "velocity": 0.035193972289562225
                    }
                },
                {
                    "type": "Feature",
                    "geometry": {
                        "type": "Point",
                        "coordinates": [
                            49.24607,
                            55.7938287
                        ]
                    },
                    "properties": {
                        "createdDate": 1703516017349,
                        "bearing": 0.0,
                        "velocity": 0.02822135016322136
                    }
                },
                {
                    "type": "Feature",
                    "geometry": {
                        "type": "Point",
                        "coordinates": [
                            49.2460711,
                            55.7938275
                        ]
                    },
                    "properties": {
                        "createdDate": 1703516022355,
                        "bearing": 0.0,
                        "velocity": 0.02925502508878708
                    }
                },
                {
                    "type": "Feature",
                    "geometry": {
                        "type": "Point",
                        "coordinates": [
                            49.2460581,
                            55.7938271
                        ]
                    },
                    "properties": {
                        "createdDate": 1703516027363,
                        "bearing": 0.0,
                        "velocity": 0.09394928067922592
                    }
                },
                {
                    "type": "Feature",
                    "geometry": {
                        "type": "Point",
                        "coordinates": [
                            49.2460463,
                            55.7938285
                        ]
                    },
                    "properties": {
                        "createdDate": 1703516032369,
                        "bearing": 276.6058044433594,
                        "velocity": 0.12583917379379272
                    }
                },
                {
                    "type": "Feature",
                    "geometry": {
                        "type": "Point",
                        "coordinates": [
                            49.2460463,
                            55.793831
                        ]
                    },
                    "properties": {
                        "createdDate": 1703516037377,
                        "bearing": 0.0,
                        "velocity": 0.06233515217900276
                    }
                },
                {
                    "type": "Feature",
                    "geometry": {
                        "type": "Point",
                        "coordinates": [
                            49.2460383,
                            55.793828
                        ]
                    },
                    "properties": {
                        "createdDate": 1703516042380,
                        "bearing": 0.0,
                        "velocity": 0.08226481825113297
                    }
                },
                {
                    "type": "Feature",
                    "geometry": {
                        "type": "Point",
                        "coordinates": [
                            49.2460539,
                            55.793835
                        ]
                    },
                    "properties": {
                        "createdDate": 1703516047392,
                        "bearing": 46.366390228271484,
                        "velocity": 0.13001680374145508
                    }
                },
                {
                    "type": "Feature",
                    "geometry": {
                        "type": "Point",
                        "coordinates": [
                            49.2460808,
                            55.7938403
                        ]
                    },
                    "properties": {
                        "createdDate": 1703516052411,
                        "bearing": 66.52127075195312,
                        "velocity": 0.27133065462112427
                    }
                },
                {
                    "type": "Feature",
                    "geometry": {
                        "type": "Point",
                        "coordinates": [
                            49.246055,
                            55.7938323
                        ]
                    },
                    "properties": {
                        "createdDate": 1703516057418,
                        "bearing": 235.73623657226562,
                        "velocity": 0.10874195396900177
                    }
                },
                {
                    "type": "Feature",
                    "geometry": {
                        "type": "Point",
                        "coordinates": [
                            49.2460571,
                            55.7938319
                        ]
                    },
                    "properties": {
                        "createdDate": 1703516062424,
                        "bearing": 0.0,
                        "velocity": 0.0329069085419178
                    }
                },
                {
                    "type": "Feature",
                    "geometry": {
                        "type": "Point",
                        "coordinates": [
                            49.2460441,
                            55.7938248
                        ]
                    },
                    "properties": {
                        "createdDate": 1703516067432,
                        "bearing": 224.675537109375,
                        "velocity": 0.15189267694950104
                    }
                },
                {
                    "type": "Feature",
                    "geometry": {
                        "type": "Point",
                        "coordinates": [
                            49.2460479,
                            55.7938283
                        ]
                    },
                    "properties": {
                        "createdDate": 1703516072438,
                        "bearing": 0.0,
                        "velocity": 0.013067827560007572
                    }
                },
                {
                    "type": "Feature",
                    "geometry": {
                        "type": "Point",
                        "coordinates": [
                            49.2460615,
                            55.7938352
                        ]
                    },
                    "properties": {
                        "createdDate": 1703516077444,
                        "bearing": 46.24715805053711,
                        "velocity": 0.1410861313343048
                    }
                },
                {
                    "type": "Feature",
                    "geometry": {
                        "type": "Point",
                        "coordinates": [
                            49.2460634,
                            55.7938342
                        ]
                    },
                    "properties": {
                        "createdDate": 1703516082450,
                        "bearing": 0.0,
                        "velocity": 0.05821051821112633
                    }
                },
                {
                    "type": "Feature",
                    "geometry": {
                        "type": "Point",
                        "coordinates": [
                            49.2460535,
                            55.7938315
                        ]
                    },
                    "properties": {
                        "createdDate": 1703516087461,
                        "bearing": 0.0,
                        "velocity": 0.0638207197189331
                    }
                },
                {
                    "type": "Feature",
                    "geometry": {
                        "type": "Point",
                        "coordinates": [
                            49.2460566,
                            55.7938305
                        ]
                    },
                    "properties": {
                        "createdDate": 1703516092466,
                        "bearing": 0.0,
                        "velocity": 0.024627171456813812
                    }
                }
            ]
        }
    },
    {
        "uuid": "e68a5676-9a64-4081-89ab-ff2f28899b01",
        "videoId": "1703515496512",
        "filePath": "/vs_data/citysoft-dev/video/2023/12/25/5b8b176f019ea18e/1703514900141/1703515496512/1703515496512.mp4",
        "sessionId": "1703514900141",
        "deviceId": "5b8b176f019ea18e",
        "descriptions": {
            "onDevice": "VladTest",
            "onServer": "VladTest"
        },
        "numbers": {
            "onDevice": "VladTest",
            "onServer": "VladTest"
        },
        "processingStatus": "NEW",
        "operatorId": null,
        "creationDate": "2023-12-25T14:44:56.512Z",
        "processedDate": null,
        "homographyId": null,
        "mergedPartsCount": 300,
        "fps": 0,
        "size": 61543907,
        "resolution": null,
        "errorReason": null,
        "errorModule": null,
        "errorMessage": null,
        "geoJSON": {
            "type": "FeatureCollection",
            "features": [
                {
                    "type": "Feature",
                    "geometry": {
                        "type": "Point",
                        "coordinates": [
                            49.246082,
                            55.7938291
                        ]
                    },
                    "properties": {
                        "createdDate": 1703515496512,
                        "bearing": 0.0,
                        "velocity": 0.02895045280456543
                    }
                },
                {
                    "type": "Feature",
                    "geometry": {
                        "type": "Point",
                        "coordinates": [
                            49.2460735,
                            55.7938262
                        ]
                    },
                    "properties": {
                        "createdDate": 1703515501521,
                        "bearing": 0.0,
                        "velocity": 0.06458155065774918
                    }
                },
                {
                    "type": "Feature",
                    "geometry": {
                        "type": "Point",
                        "coordinates": [
                            49.2460792,
                            55.7938447
                        ]
                    },
                    "properties": {
                        "createdDate": 1703515506541,
                        "bearing": 5.252308368682861,
                        "velocity": 0.23714005947113037
                    }
                },
                {
                    "type": "Feature",
                    "geometry": {
                        "type": "Point",
                        "coordinates": [
                            49.2460717,
                            55.7938415
                        ]
                    },
                    "properties": {
                        "createdDate": 1703515511531,
                        "bearing": 0.0,
                        "velocity": 0.06941656768321991
                    }
                },
                {
                    "type": "Feature",
                    "geometry": {
                        "type": "Point",
                        "coordinates": [
                            49.246082,
                            55.7938322
                        ]
                    },
                    "properties": {
                        "createdDate": 1703515516555,
                        "bearing": 150.97732543945312,
                        "velocity": 0.12375710904598236
                    }
                },
                {
                    "type": "Feature",
                    "geometry": {
                        "type": "Point",
                        "coordinates": [
                            49.2460763,
                            55.7938316
                        ]
                    },
                    "properties": {
                        "createdDate": 1703515521562,
                        "bearing": 0.0,
                        "velocity": 0.05427156016230583
                    }
                },
                {
                    "type": "Feature",
                    "geometry": {
                        "type": "Point",
                        "coordinates": [
                            49.2460663,
                            55.7938351
                        ]
                    },
                    "properties": {
                        "createdDate": 1703515526554,
                        "bearing": 0.0,
                        "velocity": 0.08716586232185364
                    }
                },
                {
                    "type": "Feature",
                    "geometry": {
                        "type": "Point",
                        "coordinates": [
                            49.2460733,
                            55.793835
                        ]
                    },
                    "properties": {
                        "createdDate": 1703515531562,
                        "bearing": 0.0,
                        "velocity": 0.024132616817951202
                    }
                },
                {
                    "type": "Feature",
                    "geometry": {
                        "type": "Point",
                        "coordinates": [
                            49.2460674,
                            55.7938331
                        ]
                    },
                    "properties": {
                        "createdDate": 1703515536582,
                        "bearing": 0.0,
                        "velocity": 0.04237339645624161
                    }
                },
                {
                    "type": "Feature",
                    "geometry": {
                        "type": "Point",
                        "coordinates": [
                            49.2460559,
                            55.793837
                        ]
                    },
                    "properties": {
                        "createdDate": 1703515541589,
                        "bearing": 293.5076599121094,
                        "velocity": 0.11142343282699585
                    }
                },
                {
                    "type": "Feature",
                    "geometry": {
                        "type": "Point",
                        "coordinates": [
                            49.2460701,
                            55.7938283
                        ]
                    },
                    "properties": {
                        "createdDate": 1703515546595,
                        "bearing": 145.54310607910156,
                        "velocity": 0.1242690160870552
                    }
                },
                {
                    "type": "Feature",
                    "geometry": {
                        "type": "Point",
                        "coordinates": [
                            49.2460755,
                            55.7938261
                        ]
                    },
                    "properties": {
                        "createdDate": 1703515551603,
                        "bearing": 0.0,
                        "velocity": 0.09758978337049484
                    }
                },
                {
                    "type": "Feature",
                    "geometry": {
                        "type": "Point",
                        "coordinates": [
                            49.2460754,
                            55.7938328
                        ]
                    },
                    "properties": {
                        "createdDate": 1703515556609,
                        "bearing": 0.0,
                        "velocity": 0.07060376554727554
                    }
                },
                {
                    "type": "Feature",
                    "geometry": {
                        "type": "Point",
                        "coordinates": [
                            49.2460718,
                            55.7938309
                        ]
                    },
                    "properties": {
                        "createdDate": 1703515561616,
                        "bearing": 0.0,
                        "velocity": 0.018472569063305855
                    }
                },
                {
                    "type": "Feature",
                    "geometry": {
                        "type": "Point",
                        "coordinates": [
                            49.2460625,
                            55.7938311
                        ]
                    },
                    "properties": {
                        "createdDate": 1703515566625,
                        "bearing": 0.0,
                        "velocity": 0.08021903783082962
                    }
                },
                {
                    "type": "Feature",
                    "geometry": {
                        "type": "Point",
                        "coordinates": [
                            49.2460487,
                            55.7938285
                        ]
                    },
                    "properties": {
                        "createdDate": 1703515571644,
                        "bearing": 255.4097900390625,
                        "velocity": 0.14154747128486633
                    }
                },
                {
                    "type": "Feature",
                    "geometry": {
                        "type": "Point",
                        "coordinates": [
                            49.2460381,
                            55.7938271
                        ]
                    },
                    "properties": {
                        "createdDate": 1703515576638,
                        "bearing": 256.62506103515625,
                        "velocity": 0.1373642086982727
                    }
                },
                {
                    "type": "Feature",
                    "geometry": {
                        "type": "Point",
                        "coordinates": [
                            49.2460354,
                            55.7938284
                        ]
                    },
                    "properties": {
                        "createdDate": 1703515581657,
                        "bearing": 0.0,
                        "velocity": 0.07151323556900024
                    }
                },
                {
                    "type": "Feature",
                    "geometry": {
                        "type": "Point",
                        "coordinates": [
                            49.2460224,
                            55.7938223
                        ]
                    },
                    "properties": {
                        "createdDate": 1703515586650,
                        "bearing": 237.12510681152344,
                        "velocity": 0.15176071226596832
                    }
                },
                {
                    "type": "Feature",
                    "geometry": {
                        "type": "Point",
                        "coordinates": [
                            49.2460304,
                            55.793822
                        ]
                    },
                    "properties": {
                        "createdDate": 1703515591670,
                        "bearing": 0.0,
                        "velocity": 0.04193240776658058
                    }
                },
                {
                    "type": "Feature",
                    "geometry": {
                        "type": "Point",
                        "coordinates": [
                            49.246043,
                            55.7938247
                        ]
                    },
                    "properties": {
                        "createdDate": 1703515596677,
                        "bearing": 0.0,
                        "velocity": 0.07823214679956436
                    }
                },
                {
                    "type": "Feature",
                    "geometry": {
                        "type": "Point",
                        "coordinates": [
                            49.2460551,
                            55.7938257
                        ]
                    },
                    "properties": {
                        "createdDate": 1703515601684,
                        "bearing": 82.0893325805664,
                        "velocity": 0.12297631055116653
                    }
                },
                {
                    "type": "Feature",
                    "geometry": {
                        "type": "Point",
                        "coordinates": [
                            49.2460459,
                            55.7938251
                        ]
                    },
                    "properties": {
                        "createdDate": 1703515606693,
                        "bearing": 0.0,
                        "velocity": 0.025770902633666992
                    }
                },
                {
                    "type": "Feature",
                    "geometry": {
                        "type": "Point",
                        "coordinates": [
                            49.2460485,
                            55.793824
                        ]
                    },
                    "properties": {
                        "createdDate": 1703515611697,
                        "bearing": 0.0,
                        "velocity": 0.01824907772243023
                    }
                },
                {
                    "type": "Feature",
                    "geometry": {
                        "type": "Point",
                        "coordinates": [
                            49.2460492,
                            55.7938252
                        ]
                    },
                    "properties": {
                        "createdDate": 1703515616705,
                        "bearing": 0.0,
                        "velocity": 0.014090110547840595
                    }
                },
                {
                    "type": "Feature",
                    "geometry": {
                        "type": "Point",
                        "coordinates": [
                            49.2460511,
                            55.7938282
                        ]
                    },
                    "properties": {
                        "createdDate": 1703515621710,
                        "bearing": 0.0,
                        "velocity": 0.04866596311330795
                    }
                },
                {
                    "type": "Feature",
                    "geometry": {
                        "type": "Point",
                        "coordinates": [
                            49.2460601,
                            55.7938262
                        ]
                    },
                    "properties": {
                        "createdDate": 1703515626718,
                        "bearing": 0.0,
                        "velocity": 0.07731030136346817
                    }
                },
                {
                    "type": "Feature",
                    "geometry": {
                        "type": "Point",
                        "coordinates": [
                            49.2460584,
                            55.7938288
                        ]
                    },
                    "properties": {
                        "createdDate": 1703515631740,
                        "bearing": 0.0,
                        "velocity": 0.03578415885567665
                    }
                },
                {
                    "type": "Feature",
                    "geometry": {
                        "type": "Point",
                        "coordinates": [
                            49.246061,
                            55.7938274
                        ]
                    },
                    "properties": {
                        "createdDate": 1703515636748,
                        "bearing": 0.0,
                        "velocity": 0.02697363682091236
                    }
                },
                {
                    "type": "Feature",
                    "geometry": {
                        "type": "Point",
                        "coordinates": [
                            49.2460595,
                            55.7938245
                        ]
                    },
                    "properties": {
                        "createdDate": 1703515641753,
                        "bearing": 0.0,
                        "velocity": 0.04096914827823639
                    }
                },
                {
                    "type": "Feature",
                    "geometry": {
                        "type": "Point",
                        "coordinates": [
                            49.2460442,
                            55.7938235
                        ]
                    },
                    "properties": {
                        "createdDate": 1703515646760,
                        "bearing": 255.76611328125,
                        "velocity": 0.12173650413751602
                    }
                },
                {
                    "type": "Feature",
                    "geometry": {
                        "type": "Point",
                        "coordinates": [
                            49.2460474,
                            55.7938272
                        ]
                    },
                    "properties": {
                        "createdDate": 1703515651767,
                        "bearing": 0.0,
                        "velocity": 0.04419645667076111
                    }
                },
                {
                    "type": "Feature",
                    "geometry": {
                        "type": "Point",
                        "coordinates": [
                            49.246058,
                            55.7938299
                        ]
                    },
                    "properties": {
                        "createdDate": 1703515656773,
                        "bearing": 0.0,
                        "velocity": 0.08678115159273148
                    }
                },
                {
                    "type": "Feature",
                    "geometry": {
                        "type": "Point",
                        "coordinates": [
                            49.2460548,
                            55.7938279
                        ]
                    },
                    "properties": {
                        "createdDate": 1703515661781,
                        "bearing": 0.0,
                        "velocity": 0.010348901152610779
                    }
                },
                {
                    "type": "Feature",
                    "geometry": {
                        "type": "Point",
                        "coordinates": [
                            49.2460584,
                            55.793828
                        ]
                    },
                    "properties": {
                        "createdDate": 1703515666786,
                        "bearing": 0.0,
                        "velocity": 0.028204133734107018
                    }
                },
                {
                    "type": "Feature",
                    "geometry": {
                        "type": "Point",
                        "coordinates": [
                            49.2460589,
                            55.7938267
                        ]
                    },
                    "properties": {
                        "createdDate": 1703515671794,
                        "bearing": 0.0,
                        "velocity": 0.02366877906024456
                    }
                },
                {
                    "type": "Feature",
                    "geometry": {
                        "type": "Point",
                        "coordinates": [
                            49.2460414,
                            55.7938225
                        ]
                    },
                    "properties": {
                        "createdDate": 1703515676802,
                        "bearing": 243.74942016601562,
                        "velocity": 0.14518003165721893
                    }
                },
                {
                    "type": "Feature",
                    "geometry": {
                        "type": "Point",
                        "coordinates": [
                            49.2460709,
                            55.7938311
                        ]
                    },
                    "properties": {
                        "createdDate": 1703515681811,
                        "bearing": 62.342185974121094,
                        "velocity": 0.15660712122917175
                    }
                },
                {
                    "type": "Feature",
                    "geometry": {
                        "type": "Point",
                        "coordinates": [
                            49.2460765,
                            55.7938344
                        ]
                    },
                    "properties": {
                        "createdDate": 1703515686830,
                        "bearing": 53.046749114990234,
                        "velocity": 0.12083219736814499
                    }
                },
                {
                    "type": "Feature",
                    "geometry": {
                        "type": "Point",
                        "coordinates": [
                            49.2460782,
                            55.7938335
                        ]
                    },
                    "properties": {
                        "createdDate": 1703515691836,
                        "bearing": 0.0,
                        "velocity": 0.05133642628788948
                    }
                },
                {
                    "type": "Feature",
                    "geometry": {
                        "type": "Point",
                        "coordinates": [
                            49.2460698,
                            55.7938322
                        ]
                    },
                    "properties": {
                        "createdDate": 1703515696842,
                        "bearing": 0.0,
                        "velocity": 0.04817298799753189
                    }
                },
                {
                    "type": "Feature",
                    "geometry": {
                        "type": "Point",
                        "coordinates": [
                            49.2460641,
                            55.7938319
                        ]
                    },
                    "properties": {
                        "createdDate": 1703515701849,
                        "bearing": 0.0,
                        "velocity": 0.062233664095401764
                    }
                },
                {
                    "type": "Feature",
                    "geometry": {
                        "type": "Point",
                        "coordinates": [
                            49.2460469,
                            55.7938281
                        ]
                    },
                    "properties": {
                        "createdDate": 1703515706856,
                        "bearing": 250.4375762939453,
                        "velocity": 0.16609850525856018
                    }
                },
                {
                    "type": "Feature",
                    "geometry": {
                        "type": "Point",
                        "coordinates": [
                            49.2460513,
                            55.7938275
                        ]
                    },
                    "properties": {
                        "createdDate": 1703515711862,
                        "bearing": 0.0,
                        "velocity": 0.037789810448884964
                    }
                },
                {
                    "type": "Feature",
                    "geometry": {
                        "type": "Point",
                        "coordinates": [
                            49.2460401,
                            55.7938265
                        ]
                    },
                    "properties": {
                        "createdDate": 1703515716870,
                        "bearing": 0.0,
                        "velocity": 0.09787336736917496
                    }
                },
                {
                    "type": "Feature",
                    "geometry": {
                        "type": "Point",
                        "coordinates": [
                            49.2460428,
                            55.7938257
                        ]
                    },
                    "properties": {
                        "createdDate": 1703515721876,
                        "bearing": 0.0,
                        "velocity": 0.03339216113090515
                    }
                },
                {
                    "type": "Feature",
                    "geometry": {
                        "type": "Point",
                        "coordinates": [
                            49.2460653,
                            55.7938269
                        ]
                    },
                    "properties": {
                        "createdDate": 1703515726883,
                        "bearing": 87.43790435791016,
                        "velocity": 0.16087524592876434
                    }
                },
                {
                    "type": "Feature",
                    "geometry": {
                        "type": "Point",
                        "coordinates": [
                            49.2460526,
                            55.7938252
                        ]
                    },
                    "properties": {
                        "createdDate": 1703515731890,
                        "bearing": 0.0,
                        "velocity": 0.04038845747709274
                    }
                },
                {
                    "type": "Feature",
                    "geometry": {
                        "type": "Point",
                        "coordinates": [
                            49.2460591,
                            55.7938292
                        ]
                    },
                    "properties": {
                        "createdDate": 1703515736895,
                        "bearing": 0.0,
                        "velocity": 0.04686553031206131
                    }
                },
                {
                    "type": "Feature",
                    "geometry": {
                        "type": "Point",
                        "coordinates": [
                            49.2460515,
                            55.793821
                        ]
                    },
                    "properties": {
                        "createdDate": 1703515741905,
                        "bearing": 206.0641632080078,
                        "velocity": 0.1081218495965004
                    }
                },
                {
                    "type": "Feature",
                    "geometry": {
                        "type": "Point",
                        "coordinates": [
                            49.2460579,
                            55.7938252
                        ]
                    },
                    "properties": {
                        "createdDate": 1703515746912,
                        "bearing": 0.0,
                        "velocity": 0.019911080598831177
                    }
                },
                {
                    "type": "Feature",
                    "geometry": {
                        "type": "Point",
                        "coordinates": [
                            49.246067,
                            55.7938295
                        ]
                    },
                    "properties": {
                        "createdDate": 1703515751933,
                        "bearing": 0.0,
                        "velocity": 0.09915415197610855
                    }
                },
                {
                    "type": "Feature",
                    "geometry": {
                        "type": "Point",
                        "coordinates": [
                            49.2460607,
                            55.7938331
                        ]
                    },
                    "properties": {
                        "createdDate": 1703515756938,
                        "bearing": 0.0,
                        "velocity": 0.0755273625254631
                    }
                },
                {
                    "type": "Feature",
                    "geometry": {
                        "type": "Point",
                        "coordinates": [
                            49.2460681,
                            55.7938285
                        ]
                    },
                    "properties": {
                        "createdDate": 1703515761945,
                        "bearing": 0.0,
                        "velocity": 0.06193775683641434
                    }
                },
                {
                    "type": "Feature",
                    "geometry": {
                        "type": "Point",
                        "coordinates": [
                            49.2460656,
                            55.793831
                        ]
                    },
                    "properties": {
                        "createdDate": 1703515766951,
                        "bearing": 0.0,
                        "velocity": 0.02103319764137268
                    }
                },
                {
                    "type": "Feature",
                    "geometry": {
                        "type": "Point",
                        "coordinates": [
                            49.2460626,
                            55.7938302
                        ]
                    },
                    "properties": {
                        "createdDate": 1703515771958,
                        "bearing": 0.0,
                        "velocity": 0.02413829229772091
                    }
                },
                {
                    "type": "Feature",
                    "geometry": {
                        "type": "Point",
                        "coordinates": [
                            49.2460495,
                            55.7938295
                        ]
                    },
                    "properties": {
                        "createdDate": 1703515776965,
                        "bearing": 264.4757385253906,
                        "velocity": 0.11163567751646042
                    }
                },
                {
                    "type": "Feature",
                    "geometry": {
                        "type": "Point",
                        "coordinates": [
                            49.2460451,
                            55.7938288
                        ]
                    },
                    "properties": {
                        "createdDate": 1703515781972,
                        "bearing": 0.0,
                        "velocity": 0.07735911011695862
                    }
                },
                {
                    "type": "Feature",
                    "geometry": {
                        "type": "Point",
                        "coordinates": [
                            49.2460562,
                            55.7938331
                        ]
                    },
                    "properties": {
                        "createdDate": 1703515786978,
                        "bearing": 0.0,
                        "velocity": 0.08031637221574783
                    }
                },
                {
                    "type": "Feature",
                    "geometry": {
                        "type": "Point",
                        "coordinates": [
                            49.2460603,
                            55.7938306
                        ]
                    },
                    "properties": {
                        "createdDate": 1703515791985,
                        "bearing": 0.0,
                        "velocity": 0.05574536696076393
                    }
                }
            ]
        }
    },
    {
        "uuid": "47a997d8-7ddc-48b6-8d7d-6ce06b2adbf5",
        "videoId": "1703515192021",
        "filePath": "/vs_data/citysoft-dev/video/2023/12/25/5b8b176f019ea18e/1703514900141/1703515192021/1703515192021.mp4",
        "sessionId": "1703514900141",
        "deviceId": "5b8b176f019ea18e",
        "descriptions": {
            "onDevice": "VladTest",
            "onServer": "VladTest"
        },
        "numbers": {
            "onDevice": "VladTest",
            "onServer": "VladTest"
        },
        "processingStatus": "NEW",
        "operatorId": null,
        "creationDate": "2023-12-25T14:39:52.021Z",
        "processedDate": null,
        "homographyId": null,
        "mergedPartsCount": 304,
        "fps": 0,
        "size": 59272404,
        "resolution": null,
        "errorReason": null,
        "errorModule": null,
        "errorMessage": null,
        "geoJSON": {
            "type": "FeatureCollection",
            "features": [
                {
                    "type": "Feature",
                    "geometry": {
                        "type": "Point",
                        "coordinates": [
                            49.2453905,
                            55.793244
                        ]
                    },
                    "properties": {
                        "createdDate": 1703515192021,
                        "bearing": 180.0,
                        "velocity": 0.49994710087776184
                    }
                },
                {
                    "type": "Feature",
                    "geometry": {
                        "type": "Point",
                        "coordinates": [
                            49.2453437,
                            55.7932403
                        ]
                    },
                    "properties": {
                        "createdDate": 1703515193026,
                        "bearing": 180.0000762939453,
                        "velocity": 0.3459998667240143
                    }
                },
                {
                    "type": "Feature",
                    "geometry": {
                        "type": "Point",
                        "coordinates": [
                            49.2453249,
                            55.7932456
                        ]
                    },
                    "properties": {
                        "createdDate": 1703515194034,
                        "bearing": 180.0,
                        "velocity": 0.14957460761070251
                    }
                },
                {
                    "type": "Feature",
                    "geometry": {
                        "type": "Point",
                        "coordinates": [
                            49.2453175,
                            55.793253
                        ]
                    },
                    "properties": {
                        "createdDate": 1703515195027,
                        "bearing": 0.0,
                        "velocity": 0.006473859306424856
                    }
                },
                {
                    "type": "Feature",
                    "geometry": {
                        "type": "Point",
                        "coordinates": [
                            49.2453167,
                            55.7932611
                        ]
                    },
                    "properties": {
                        "createdDate": 1703515196036,
                        "bearing": 0.0,
                        "velocity": 0.09041991084814072
                    }
                },
                {
                    "type": "Feature",
                    "geometry": {
                        "type": "Point",
                        "coordinates": [
                            49.2453263,
                            55.7932709
                        ]
                    },
                    "properties": {
                        "createdDate": 1703515197029,
                        "bearing": 9.970148040494564E-10,
                        "velocity": 0.17042434215545654
                    }
                },
                {
                    "type": "Feature",
                    "geometry": {
                        "type": "Point",
                        "coordinates": [
                            49.2453382,
                            55.7932817
                        ]
                    },
                    "properties": {
                        "createdDate": 1703515198035,
                        "bearing": 9.43988665014217E-10,
                        "velocity": 0.2322547435760498
                    }
                },
                {
                    "type": "Feature",
                    "geometry": {
                        "type": "Point",
                        "coordinates": [
                            49.2453515,
                            55.7932943
                        ]
                    },
                    "properties": {
                        "createdDate": 1703515199041,
                        "bearing": 7.233344478940751E-10,
                        "velocity": 0.2922056317329407
                    }
                },
                {
                    "type": "Feature",
                    "geometry": {
                        "type": "Point",
                        "coordinates": [
                            49.2453584,
                            55.7933002
                        ]
                    },
                    "properties": {
                        "createdDate": 1703515200032,
                        "bearing": 4.680758558528453E-10,
                        "velocity": 0.251471608877182
                    }
                },
                {
                    "type": "Feature",
                    "geometry": {
                        "type": "Point",
                        "coordinates": [
                            49.2453605,
                            55.793301
                        ]
                    },
                    "properties": {
                        "createdDate": 1703515201040,
                        "bearing": 2.5317214991105175E-10,
                        "velocity": 0.16677451133728027
                    }
                },
                {
                    "type": "Feature",
                    "geometry": {
                        "type": "Point",
                        "coordinates": [
                            49.2453567,
                            55.7933006
                        ]
                    },
                    "properties": {
                        "createdDate": 1703515202048,
                        "bearing": 0.0,
                        "velocity": 0.09901370853185654
                    }
                },
                {
                    "type": "Feature",
                    "geometry": {
                        "type": "Point",
                        "coordinates": [
                            49.2453489,
                            55.7932988
                        ]
                    },
                    "properties": {
                        "createdDate": 1703515203039,
                        "bearing": 0.0,
                        "velocity": 0.04078194126486778
                    }
                },
                {
                    "type": "Feature",
                    "geometry": {
                        "type": "Point",
                        "coordinates": [
                            49.2453414,
                            55.7932968
                        ]
                    },
                    "properties": {
                        "createdDate": 1703515204047,
                        "bearing": 0.0,
                        "velocity": 0.002597046783193946
                    }
                },
                {
                    "type": "Feature",
                    "geometry": {
                        "type": "Point",
                        "coordinates": [
                            49.2453343,
                            55.7932955
                        ]
                    },
                    "properties": {
                        "createdDate": 1703515205040,
                        "bearing": 0.0,
                        "velocity": 0.014518204145133495
                    }
                },
                {
                    "type": "Feature",
                    "geometry": {
                        "type": "Point",
                        "coordinates": [
                            49.2453279,
                            55.793294
                        ]
                    },
                    "properties": {
                        "createdDate": 1703515206047,
                        "bearing": 0.0,
                        "velocity": 0.027302410453557968
                    }
                },
                {
                    "type": "Feature",
                    "geometry": {
                        "type": "Point",
                        "coordinates": [
                            49.2453189,
                            55.7932917
                        ]
                    },
                    "properties": {
                        "createdDate": 1703515207054,
                        "bearing": 0.0,
                        "velocity": 0.045010603964328766
                    }
                },
                {
                    "type": "Feature",
                    "geometry": {
                        "type": "Point",
                        "coordinates": [
                            49.2453062,
                            55.7932915
                        ]
                    },
                    "properties": {
                        "createdDate": 1703515208046,
                        "bearing": 0.0,
                        "velocity": 0.03129700571298599
                    }
                },
                {
                    "type": "Feature",
                    "geometry": {
                        "type": "Point",
                        "coordinates": [
                            49.2452913,
                            55.7932934
                        ]
                    },
                    "properties": {
                        "createdDate": 1703515209054,
                        "bearing": 0.0,
                        "velocity": 0.003029758110642433
                    }
                },
                {
                    "type": "Feature",
                    "geometry": {
                        "type": "Point",
                        "coordinates": [
                            49.2452778,
                            55.7932959
                        ]
                    },
                    "properties": {
                        "createdDate": 1703515210050,
                        "bearing": 0.0,
                        "velocity": 0.034034211188554764
                    }
                },
                {
                    "type": "Feature",
                    "geometry": {
                        "type": "Point",
                        "coordinates": [
                            49.2452648,
                            55.7932983
                        ]
                    },
                    "properties": {
                        "createdDate": 1703515211054,
                        "bearing": 0.0,
                        "velocity": 0.051329825073480606
                    }
                },
                {
                    "type": "Feature",
                    "geometry": {
                        "type": "Point",
                        "coordinates": [
                            49.245252,
                            55.793301
                        ]
                    },
                    "properties": {
                        "createdDate": 1703515212047,
                        "bearing": 0.0,
                        "velocity": 0.06749280542135239
                    }
                },
                {
                    "type": "Feature",
                    "geometry": {
                        "type": "Point",
                        "coordinates": [
                            49.2452384,
                            55.793304
                        ]
                    },
                    "properties": {
                        "createdDate": 1703515213055,
                        "bearing": 0.0,
                        "velocity": 0.08146775513887405
                    }
                },
                {
                    "type": "Feature",
                    "geometry": {
                        "type": "Point",
                        "coordinates": [
                            49.24605,
                            55.7938293
                        ]
                    },
                    "properties": {
                        "createdDate": 1703515230073,
                        "bearing": 0.0,
                        "velocity": 0.0
                    }
                },
                {
                    "type": "Feature",
                    "geometry": {
                        "type": "Point",
                        "coordinates": [
                            49.2461192,
                            55.7938534
                        ]
                    },
                    "properties": {
                        "createdDate": 1703515235096,
                        "bearing": 58.2625617980957,
                        "velocity": 0.7834421992301941
                    }
                },
                {
                    "type": "Feature",
                    "geometry": {
                        "type": "Point",
                        "coordinates": [
                            49.2460683,
                            55.793833
                        ]
                    },
                    "properties": {
                        "createdDate": 1703515240101,
                        "bearing": 231.60923767089844,
                        "velocity": 0.29727238416671753
                    }
                },
                {
                    "type": "Feature",
                    "geometry": {
                        "type": "Point",
                        "coordinates": [
                            49.246069,
                            55.7938371
                        ]
                    },
                    "properties": {
                        "createdDate": 1703515245109,
                        "bearing": 251.25416564941406,
                        "velocity": 0.10666049271821976
                    }
                },
                {
                    "type": "Feature",
                    "geometry": {
                        "type": "Point",
                        "coordinates": [
                            49.246059,
                            55.7938333
                        ]
                    },
                    "properties": {
                        "createdDate": 1703515250117,
                        "bearing": 240.31846618652344,
                        "velocity": 0.1322914958000183
                    }
                },
                {
                    "type": "Feature",
                    "geometry": {
                        "type": "Point",
                        "coordinates": [
                            49.2460514,
                            55.7938313
                        ]
                    },
                    "properties": {
                        "createdDate": 1703515255119,
                        "bearing": 243.1188201904297,
                        "velocity": 0.1141061931848526
                    }
                },
                {
                    "type": "Feature",
                    "geometry": {
                        "type": "Point",
                        "coordinates": [
                            49.2460588,
                            55.7938239
                        ]
                    },
                    "properties": {
                        "createdDate": 1703515260129,
                        "bearing": 172.3095245361328,
                        "velocity": 0.12342947721481323
                    }
                },
                {
                    "type": "Feature",
                    "geometry": {
                        "type": "Point",
                        "coordinates": [
                            49.2460541,
                            55.7938256
                        ]
                    },
                    "properties": {
                        "createdDate": 1703515265138,
                        "bearing": 0.0,
                        "velocity": 0.03743002563714981
                    }
                },
                {
                    "type": "Feature",
                    "geometry": {
                        "type": "Point",
                        "coordinates": [
                            49.2460552,
                            55.793826
                        ]
                    },
                    "properties": {
                        "createdDate": 1703515270156,
                        "bearing": 0.0,
                        "velocity": 0.0026855217292904854
                    }
                },
                {
                    "type": "Feature",
                    "geometry": {
                        "type": "Point",
                        "coordinates": [
                            49.2460525,
                            55.7938295
                        ]
                    },
                    "properties": {
                        "createdDate": 1703515275164,
                        "bearing": 0.0,
                        "velocity": 0.05309230089187622
                    }
                },
                {
                    "type": "Feature",
                    "geometry": {
                        "type": "Point",
                        "coordinates": [
                            49.2460541,
                            55.7938297
                        ]
                    },
                    "properties": {
                        "createdDate": 1703515280170,
                        "bearing": 0.0,
                        "velocity": 0.02058439329266548
                    }
                },
                {
                    "type": "Feature",
                    "geometry": {
                        "type": "Point",
                        "coordinates": [
                            49.2460395,
                            55.7938233
                        ]
                    },
                    "properties": {
                        "createdDate": 1703515285177,
                        "bearing": 234.13816833496094,
                        "velocity": 0.1365693211555481
                    }
                },
                {
                    "type": "Feature",
                    "geometry": {
                        "type": "Point",
                        "coordinates": [
                            49.2460536,
                            55.7938271
                        ]
                    },
                    "properties": {
                        "createdDate": 1703515290183,
                        "bearing": 0.0,
                        "velocity": 0.06972026079893112
                    }
                },
                {
                    "type": "Feature",
                    "geometry": {
                        "type": "Point",
                        "coordinates": [
                            49.246062,
                            55.7938245
                        ]
                    },
                    "properties": {
                        "createdDate": 1703515295191,
                        "bearing": 0.0,
                        "velocity": 0.09447275102138519
                    }
                },
                {
                    "type": "Feature",
                    "geometry": {
                        "type": "Point",
                        "coordinates": [
                            49.2460606,
                            55.793832
                        ]
                    },
                    "properties": {
                        "createdDate": 1703515300197,
                        "bearing": 0.0,
                        "velocity": 0.09565424174070358
                    }
                },
                {
                    "type": "Feature",
                    "geometry": {
                        "type": "Point",
                        "coordinates": [
                            49.2460613,
                            55.7938272
                        ]
                    },
                    "properties": {
                        "createdDate": 1703515306212,
                        "bearing": 0.0,
                        "velocity": 0.020210567861795425
                    }
                },
                {
                    "type": "Feature",
                    "geometry": {
                        "type": "Point",
                        "coordinates": [
                            49.2460581,
                            55.7938276
                        ]
                    },
                    "properties": {
                        "createdDate": 1703515311218,
                        "bearing": 0.0,
                        "velocity": 0.0188443660736084
                    }
                },
                {
                    "type": "Feature",
                    "geometry": {
                        "type": "Point",
                        "coordinates": [
                            49.2460527,
                            55.793827
                        ]
                    },
                    "properties": {
                        "createdDate": 1703515315217,
                        "bearing": 0.0,
                        "velocity": 0.04975000023841858
                    }
                },
                {
                    "type": "Feature",
                    "geometry": {
                        "type": "Point",
                        "coordinates": [
                            49.2460399,
                            55.7938253
                        ]
                    },
                    "properties": {
                        "createdDate": 1703515320223,
                        "bearing": 257.2688293457031,
                        "velocity": 0.1214752346277237
                    }
                },
                {
                    "type": "Feature",
                    "geometry": {
                        "type": "Point",
                        "coordinates": [
                            49.2460578,
                            55.7938248
                        ]
                    },
                    "properties": {
                        "createdDate": 1703515325229,
                        "bearing": 0.0,
                        "velocity": 0.06889466196298599
                    }
                },
                {
                    "type": "Feature",
                    "geometry": {
                        "type": "Point",
                        "coordinates": [
                            49.2460674,
                            55.7938303
                        ]
                    },
                    "properties": {
                        "createdDate": 1703515330253,
                        "bearing": 56.85346984863281,
                        "velocity": 0.116324283182621
                    }
                },
                {
                    "type": "Feature",
                    "geometry": {
                        "type": "Point",
                        "coordinates": [
                            49.2460623,
                            55.7938319
                        ]
                    },
                    "properties": {
                        "createdDate": 1703515335259,
                        "bearing": 0.0,
                        "velocity": 0.04605711251497269
                    }
                },
                {
                    "type": "Feature",
                    "geometry": {
                        "type": "Point",
                        "coordinates": [
                            49.2460566,
                            55.7938278
                        ]
                    },
                    "properties": {
                        "createdDate": 1703515340266,
                        "bearing": 0.0,
                        "velocity": 0.06073358282446861
                    }
                },
                {
                    "type": "Feature",
                    "geometry": {
                        "type": "Point",
                        "coordinates": [
                            49.2460608,
                            55.7938279
                        ]
                    },
                    "properties": {
                        "createdDate": 1703515345258,
                        "bearing": 0.0,
                        "velocity": 0.021015342324972153
                    }
                },
                {
                    "type": "Feature",
                    "geometry": {
                        "type": "Point",
                        "coordinates": [
                            49.2460752,
                            55.7938249
                        ]
                    },
                    "properties": {
                        "createdDate": 1703515350281,
                        "bearing": 111.8990478515625,
                        "velocity": 0.12555499374866486
                    }
                },
                {
                    "type": "Feature",
                    "geometry": {
                        "type": "Point",
                        "coordinates": [
                            49.2460618,
                            55.7938325
                        ]
                    },
                    "properties": {
                        "createdDate": 1703515355286,
                        "bearing": 325.9159851074219,
                        "velocity": 0.10481143742799759
                    }
                },
                {
                    "type": "Feature",
                    "geometry": {
                        "type": "Point",
                        "coordinates": [
                            49.2460542,
                            55.7938275
                        ]
                    },
                    "properties": {
                        "createdDate": 1703515360293,
                        "bearing": 0.0,
                        "velocity": 0.08928487449884415
                    }
                },
                {
                    "type": "Feature",
                    "geometry": {
                        "type": "Point",
                        "coordinates": [
                            49.2460558,
                            55.7938292
                        ]
                    },
                    "properties": {
                        "createdDate": 1703515365300,
                        "bearing": 0.0,
                        "velocity": 0.021207455545663834
                    }
                },
                {
                    "type": "Feature",
                    "geometry": {
                        "type": "Point",
                        "coordinates": [
                            49.2460556,
                            55.7938309
                        ]
                    },
                    "properties": {
                        "createdDate": 1703515370313,
                        "bearing": 0.0,
                        "velocity": 0.02818462811410427
                    }
                },
                {
                    "type": "Feature",
                    "geometry": {
                        "type": "Point",
                        "coordinates": [
                            49.2460593,
                            55.7938243
                        ]
                    },
                    "properties": {
                        "createdDate": 1703515376321,
                        "bearing": 0.0,
                        "velocity": 0.08391231298446655
                    }
                },
                {
                    "type": "Feature",
                    "geometry": {
                        "type": "Point",
                        "coordinates": [
                            49.2460701,
                            55.7938303
                        ]
                    },
                    "properties": {
                        "createdDate": 1703515380318,
                        "bearing": 61.867218017578125,
                        "velocity": 0.10792110115289688
                    }
                },
                {
                    "type": "Feature",
                    "geometry": {
                        "type": "Point",
                        "coordinates": [
                            49.2460702,
                            55.7938309
                        ]
                    },
                    "properties": {
                        "createdDate": 1703515385342,
                        "bearing": 0.0,
                        "velocity": 0.04433499276638031
                    }
                },
                {
                    "type": "Feature",
                    "geometry": {
                        "type": "Point",
                        "coordinates": [
                            49.2460662,
                            55.7938279
                        ]
                    },
                    "properties": {
                        "createdDate": 1703515390350,
                        "bearing": 0.0,
                        "velocity": 0.03683735057711601
                    }
                },
                {
                    "type": "Feature",
                    "geometry": {
                        "type": "Point",
                        "coordinates": [
                            49.2460662,
                            55.7938278
                        ]
                    },
                    "properties": {
                        "createdDate": 1703515395356,
                        "bearing": 0.0,
                        "velocity": 0.015495567582547665
                    }
                },
                {
                    "type": "Feature",
                    "geometry": {
                        "type": "Point",
                        "coordinates": [
                            49.2460782,
                            55.7938288
                        ]
                    },
                    "properties": {
                        "createdDate": 1703515400362,
                        "bearing": 0.0,
                        "velocity": 0.08932691812515259
                    }
                },
                {
                    "type": "Feature",
                    "geometry": {
                        "type": "Point",
                        "coordinates": [
                            49.2460686,
                            55.7938208
                        ]
                    },
                    "properties": {
                        "createdDate": 1703515405370,
                        "bearing": 200.716796875,
                        "velocity": 0.11668764054775238
                    }
                },
                {
                    "type": "Feature",
                    "geometry": {
                        "type": "Point",
                        "coordinates": [
                            49.2460586,
                            55.7938309
                        ]
                    },
                    "properties": {
                        "createdDate": 1703515411384,
                        "bearing": 310.1794128417969,
                        "velocity": 0.11222611367702484
                    }
                },
                {
                    "type": "Feature",
                    "geometry": {
                        "type": "Point",
                        "coordinates": [
                            49.2460597,
                            55.7938306
                        ]
                    },
                    "properties": {
                        "createdDate": 1703515415382,
                        "bearing": 0.0,
                        "velocity": 0.03489425405859947
                    }
                },
                {
                    "type": "Feature",
                    "geometry": {
                        "type": "Point",
                        "coordinates": [
                            49.2460619,
                            55.7938343
                        ]
                    },
                    "properties": {
                        "createdDate": 1703515421397,
                        "bearing": 0.0,
                        "velocity": 0.06104182079434395
                    }
                },
                {
                    "type": "Feature",
                    "geometry": {
                        "type": "Point",
                        "coordinates": [
                            49.2460723,
                            55.7938287
                        ]
                    },
                    "properties": {
                        "createdDate": 1703515425411,
                        "bearing": 0.0,
                        "velocity": 0.09756610542535782
                    }
                },
                {
                    "type": "Feature",
                    "geometry": {
                        "type": "Point",
                        "coordinates": [
                            49.2460691,
                            55.7938294
                        ]
                    },
                    "properties": {
                        "createdDate": 1703515430406,
                        "bearing": 0.0,
                        "velocity": 0.013536103069782257
                    }
                },
                {
                    "type": "Feature",
                    "geometry": {
                        "type": "Point",
                        "coordinates": [
                            49.2460688,
                            55.7938276
                        ]
                    },
                    "properties": {
                        "createdDate": 1703515436417,
                        "bearing": 0.0,
                        "velocity": 0.028756294399499893
                    }
                },
                {
                    "type": "Feature",
                    "geometry": {
                        "type": "Point",
                        "coordinates": [
                            49.2460804,
                            55.7938291
                        ]
                    },
                    "properties": {
                        "createdDate": 1703515441424,
                        "bearing": 0.0,
                        "velocity": 0.08921894431114197
                    }
                },
                {
                    "type": "Feature",
                    "geometry": {
                        "type": "Point",
                        "coordinates": [
                            49.2460665,
                            55.7938364
                        ]
                    },
                    "properties": {
                        "createdDate": 1703515446433,
                        "bearing": 324.220703125,
                        "velocity": 0.1320340931415558
                    }
                },
                {
                    "type": "Feature",
                    "geometry": {
                        "type": "Point",
                        "coordinates": [
                            49.2460719,
                            55.7938326
                        ]
                    },
                    "properties": {
                        "createdDate": 1703515451439,
                        "bearing": 0.0,
                        "velocity": 0.0034610603470355272
                    }
                },
                {
                    "type": "Feature",
                    "geometry": {
                        "type": "Point",
                        "coordinates": [
                            49.2460706,
                            55.7938332
                        ]
                    },
                    "properties": {
                        "createdDate": 1703515456446,
                        "bearing": 0.0,
                        "velocity": 0.009439344517886639
                    }
                },
                {
                    "type": "Feature",
                    "geometry": {
                        "type": "Point",
                        "coordinates": [
                            49.2460802,
                            55.7938301
                        ]
                    },
                    "properties": {
                        "createdDate": 1703515461453,
                        "bearing": 0.0,
                        "velocity": 0.08537568151950836
                    }
                },
                {
                    "type": "Feature",
                    "geometry": {
                        "type": "Point",
                        "coordinates": [
                            49.2460767,
                            55.7938349
                        ]
                    },
                    "properties": {
                        "createdDate": 1703515466473,
                        "bearing": 0.0,
                        "velocity": 0.05265991389751434
                    }
                },
                {
                    "type": "Feature",
                    "geometry": {
                        "type": "Point",
                        "coordinates": [
                            49.2460828,
                            55.793835
                        ]
                    },
                    "properties": {
                        "createdDate": 1703515471479,
                        "bearing": 0.0,
                        "velocity": 0.05207138881087303
                    }
                },
                {
                    "type": "Feature",
                    "geometry": {
                        "type": "Point",
                        "coordinates": [
                            49.2460716,
                            55.7938336
                        ]
                    },
                    "properties": {
                        "createdDate": 1703515476487,
                        "bearing": 0.0,
                        "velocity": 0.06846852600574493
                    }
                },
                {
                    "type": "Feature",
                    "geometry": {
                        "type": "Point",
                        "coordinates": [
                            49.2460669,
                            55.7938283
                        ]
                    },
                    "properties": {
                        "createdDate": 1703515481493,
                        "bearing": 0.0,
                        "velocity": 0.09912528842687607
                    }
                },
                {
                    "type": "Feature",
                    "geometry": {
                        "type": "Point",
                        "coordinates": [
                            49.2460739,
                            55.7938265
                        ]
                    },
                    "properties": {
                        "createdDate": 1703515486500,
                        "bearing": 0.0,
                        "velocity": 0.0623747818171978
                    }
                },
                {
                    "type": "Feature",
                    "geometry": {
                        "type": "Point",
                        "coordinates": [
                            49.2460826,
                            55.7938282
                        ]
                    },
                    "properties": {
                        "createdDate": 1703515491511,
                        "bearing": 0.0,
                        "velocity": 0.07846198976039886
                    }
                }
            ]
        }
    },
    {
        "uuid": "49883550-9c1f-4e1e-875a-5c1152e75c90",
        "videoId": "1703514908649",
        "filePath": "/vs_data/citysoft-dev/video/2023/12/25/5b8b176f019ea18e/1703514900141/1703514908649/1703514908649.mp4",
        "sessionId": "1703514900141",
        "deviceId": "5b8b176f019ea18e",
        "descriptions": {
            "onDevice": "VladTest",
            "onServer": "VladTest"
        },
        "numbers": {
            "onDevice": "VladTest",
            "onServer": "VladTest"
        },
        "processingStatus": "NEW",
        "operatorId": null,
        "creationDate": "2023-12-25T14:35:08.649Z",
        "processedDate": null,
        "homographyId": null,
        "mergedPartsCount": 203,
        "fps": 0,
        "size": 37880675,
        "resolution": null,
        "errorReason": null,
        "errorModule": null,
        "errorMessage": null,
        "geoJSON": {
            "type": "FeatureCollection",
            "features": [
                {
                    "type": "Feature",
                    "geometry": {
                        "type": "Point",
                        "coordinates": [
                            49.2460347,
                            55.7938156
                        ]
                    },
                    "properties": {
                        "createdDate": 1703514908649,
                        "bearing": 234.2604522705078,
                        "velocity": 0.17380809783935547
                    }
                },
                {
                    "type": "Feature",
                    "geometry": {
                        "type": "Point",
                        "coordinates": [
                            49.246023,
                            55.7938158
                        ]
                    },
                    "properties": {
                        "createdDate": 1703514914571,
                        "bearing": 254.82778930664062,
                        "velocity": 0.14874345064163208
                    }
                },
                {
                    "type": "Feature",
                    "geometry": {
                        "type": "Point",
                        "coordinates": [
                            49.2460582,
                            55.7938277
                        ]
                    },
                    "properties": {
                        "createdDate": 1703514919583,
                        "bearing": 54.20270538330078,
                        "velocity": 0.22366513311862946
                    }
                },
                {
                    "type": "Feature",
                    "geometry": {
                        "type": "Point",
                        "coordinates": [
                            49.2460585,
                            55.7938299
                        ]
                    },
                    "properties": {
                        "createdDate": 1703514924603,
                        "bearing": 41.55644607543945,
                        "velocity": 0.10399293154478073
                    }
                },
                {
                    "type": "Feature",
                    "geometry": {
                        "type": "Point",
                        "coordinates": [
                            49.246071,
                            55.7938285
                        ]
                    },
                    "properties": {
                        "createdDate": 1703514929607,
                        "bearing": 85.43085479736328,
                        "velocity": 0.12330109626054764
                    }
                },
                {
                    "type": "Feature",
                    "geometry": {
                        "type": "Point",
                        "coordinates": [
                            49.2460638,
                            55.7938302
                        ]
                    },
                    "properties": {
                        "createdDate": 1703514934615,
                        "bearing": 0.0,
                        "velocity": 0.029562976211309433
                    }
                },
                {
                    "type": "Feature",
                    "geometry": {
                        "type": "Point",
                        "coordinates": [
                            49.2460652,
                            55.7938305
                        ]
                    },
                    "properties": {
                        "createdDate": 1703514939623,
                        "bearing": 0.0,
                        "velocity": 0.016282273456454277
                    }
                },
                {
                    "type": "Feature",
                    "geometry": {
                        "type": "Point",
                        "coordinates": [
                            49.2460608,
                            55.7938288
                        ]
                    },
                    "properties": {
                        "createdDate": 1703514944629,
                        "bearing": 0.0,
                        "velocity": 0.036715924739837646
                    }
                },
                {
                    "type": "Feature",
                    "geometry": {
                        "type": "Point",
                        "coordinates": [
                            49.2460454,
                            55.7938232
                        ]
                    },
                    "properties": {
                        "createdDate": 1703514949637,
                        "bearing": 237.13331604003906,
                        "velocity": 0.15513451397418976
                    }
                },
                {
                    "type": "Feature",
                    "geometry": {
                        "type": "Point",
                        "coordinates": [
                            49.2460574,
                            55.7938311
                        ]
                    },
                    "properties": {
                        "createdDate": 1703514954643,
                        "bearing": 0.0,
                        "velocity": 0.059309110045433044
                    }
                },
                {
                    "type": "Feature",
                    "geometry": {
                        "type": "Point",
                        "coordinates": [
                            49.2460585,
                            55.7938323
                        ]
                    },
                    "properties": {
                        "createdDate": 1703514959649,
                        "bearing": 0.0,
                        "velocity": 0.04161496087908745
                    }
                },
                {
                    "type": "Feature",
                    "geometry": {
                        "type": "Point",
                        "coordinates": [
                            49.2460608,
                            55.7938315
                        ]
                    },
                    "properties": {
                        "createdDate": 1703514964656,
                        "bearing": 0.0,
                        "velocity": 0.024053357541561127
                    }
                },
                {
                    "type": "Feature",
                    "geometry": {
                        "type": "Point",
                        "coordinates": [
                            49.2460529,
                            55.7938287
                        ]
                    },
                    "properties": {
                        "createdDate": 1703514969679,
                        "bearing": 0.0,
                        "velocity": 0.06493782252073288
                    }
                },
                {
                    "type": "Feature",
                    "geometry": {
                        "type": "Point",
                        "coordinates": [
                            49.2460532,
                            55.7938313
                        ]
                    },
                    "properties": {
                        "createdDate": 1703514974669,
                        "bearing": 0.0,
                        "velocity": 0.027126988396048546
                    }
                },
                {
                    "type": "Feature",
                    "geometry": {
                        "type": "Point",
                        "coordinates": [
                            49.2460496,
                            55.7938277
                        ]
                    },
                    "properties": {
                        "createdDate": 1703514979692,
                        "bearing": 0.0,
                        "velocity": 0.055123575031757355
                    }
                },
                {
                    "type": "Feature",
                    "geometry": {
                        "type": "Point",
                        "coordinates": [
                            49.2460571,
                            55.7938283
                        ]
                    },
                    "properties": {
                        "createdDate": 1703514984698,
                        "bearing": 0.0,
                        "velocity": 0.04565718024969101
                    }
                },
                {
                    "type": "Feature",
                    "geometry": {
                        "type": "Point",
                        "coordinates": [
                            49.2460431,
                            55.7938223
                        ]
                    },
                    "properties": {
                        "createdDate": 1703514989703,
                        "bearing": 227.35780334472656,
                        "velocity": 0.1251966506242752
                    }
                },
                {
                    "type": "Feature",
                    "geometry": {
                        "type": "Point",
                        "coordinates": [
                            49.2460513,
                            55.7938268
                        ]
                    },
                    "properties": {
                        "createdDate": 1703514994711,
                        "bearing": 0.0,
                        "velocity": 0.02134549804031849
                    }
                },
                {
                    "type": "Feature",
                    "geometry": {
                        "type": "Point",
                        "coordinates": [
                            49.2460497,
                            55.7938265
                        ]
                    },
                    "properties": {
                        "createdDate": 1703514999718,
                        "bearing": 0.0,
                        "velocity": 0.0072407531552016735
                    }
                },
                {
                    "type": "Feature",
                    "geometry": {
                        "type": "Point",
                        "coordinates": [
                            49.24604,
                            55.7938232
                        ]
                    },
                    "properties": {
                        "createdDate": 1703515004726,
                        "bearing": 0.0,
                        "velocity": 0.09101081639528275
                    }
                },
                {
                    "type": "Feature",
                    "geometry": {
                        "type": "Point",
                        "coordinates": [
                            49.2460343,
                            55.7938181
                        ]
                    },
                    "properties": {
                        "createdDate": 1703515009733,
                        "bearing": 222.2281951904297,
                        "velocity": 0.1109100952744484
                    }
                },
                {
                    "type": "Feature",
                    "geometry": {
                        "type": "Point",
                        "coordinates": [
                            49.2460518,
                            55.7938272
                        ]
                    },
                    "properties": {
                        "createdDate": 1703515014739,
                        "bearing": 49.52742004394531,
                        "velocity": 0.10380832850933075
                    }
                },
                {
                    "type": "Feature",
                    "geometry": {
                        "type": "Point",
                        "coordinates": [
                            49.246056,
                            55.7938285
                        ]
                    },
                    "properties": {
                        "createdDate": 1703515018754,
                        "bearing": 0.0,
                        "velocity": 0.07661604136228561
                    }
                },
                {
                    "type": "Feature",
                    "geometry": {
                        "type": "Point",
                        "coordinates": [
                            49.2460592,
                            55.7938269
                        ]
                    },
                    "properties": {
                        "createdDate": 1703515024752,
                        "bearing": 0.0,
                        "velocity": 0.04816200211644173
                    }
                },
                {
                    "type": "Feature",
                    "geometry": {
                        "type": "Point",
                        "coordinates": [
                            49.2460609,
                            55.7938311
                        ]
                    },
                    "properties": {
                        "createdDate": 1703515029761,
                        "bearing": 0.0,
                        "velocity": 0.06357062608003616
                    }
                },
                {
                    "type": "Feature",
                    "geometry": {
                        "type": "Point",
                        "coordinates": [
                            49.2460605,
                            55.7938293
                        ]
                    },
                    "properties": {
                        "createdDate": 1703515034781,
                        "bearing": 0.0,
                        "velocity": 0.00903957337141037
                    }
                },
                {
                    "type": "Feature",
                    "geometry": {
                        "type": "Point",
                        "coordinates": [
                            49.2460485,
                            55.7938261
                        ]
                    },
                    "properties": {
                        "createdDate": 1703515039787,
                        "bearing": 242.99383544921875,
                        "velocity": 0.10123009979724884
                    }
                },
                {
                    "type": "Feature",
                    "geometry": {
                        "type": "Point",
                        "coordinates": [
                            49.2460506,
                            55.793827
                        ]
                    },
                    "properties": {
                        "createdDate": 1703515044795,
                        "bearing": 0.0,
                        "velocity": 0.01929955743253231
                    }
                },
                {
                    "type": "Feature",
                    "geometry": {
                        "type": "Point",
                        "coordinates": [
                            49.2460509,
                            55.7938261
                        ]
                    },
                    "properties": {
                        "createdDate": 1703515049782,
                        "bearing": 0.0,
                        "velocity": 0.01493817288428545
                    }
                },
                {
                    "type": "Feature",
                    "geometry": {
                        "type": "Point",
                        "coordinates": [
                            49.24605,
                            55.793828
                        ]
                    },
                    "properties": {
                        "createdDate": 1703515054808,
                        "bearing": 0.0,
                        "velocity": 0.02267010137438774
                    }
                },
                {
                    "type": "Feature",
                    "geometry": {
                        "type": "Point",
                        "coordinates": [
                            49.2460444,
                            55.793825
                        ]
                    },
                    "properties": {
                        "createdDate": 1703515059814,
                        "bearing": 0.0,
                        "velocity": 0.05692519620060921
                    }
                },
                {
                    "type": "Feature",
                    "geometry": {
                        "type": "Point",
                        "coordinates": [
                            49.2460396,
                            55.793822
                        ]
                    },
                    "properties": {
                        "createdDate": 1703515064821,
                        "bearing": 0.0,
                        "velocity": 0.0775306299328804
                    }
                },
                {
                    "type": "Feature",
                    "geometry": {
                        "type": "Point",
                        "coordinates": [
                            49.2459843,
                            55.7938131
                        ]
                    },
                    "properties": {
                        "createdDate": 1703515066821,
                        "bearing": 180.0006103515625,
                        "velocity": 0.1122584342956543
                    }
                },
                {
                    "type": "Feature",
                    "geometry": {
                        "type": "Point",
                        "coordinates": [
                            49.2459721,
                            55.7938129
                        ]
                    },
                    "properties": {
                        "createdDate": 1703515067829,
                        "bearing": 0.0,
                        "velocity": 0.06781605631113052
                    }
                },
                {
                    "type": "Feature",
                    "geometry": {
                        "type": "Point",
                        "coordinates": [
                            49.2459637,
                            55.7938137
                        ]
                    },
                    "properties": {
                        "createdDate": 1703515068819,
                        "bearing": 0.0,
                        "velocity": 0.029933586716651917
                    }
                },
                {
                    "type": "Feature",
                    "geometry": {
                        "type": "Point",
                        "coordinates": [
                            49.2459636,
                            55.7938135
                        ]
                    },
                    "properties": {
                        "createdDate": 1703515069829,
                        "bearing": 0.0,
                        "velocity": 0.029638921841979027
                    }
                },
                {
                    "type": "Feature",
                    "geometry": {
                        "type": "Point",
                        "coordinates": [
                            49.2459479,
                            55.7938162
                        ]
                    },
                    "properties": {
                        "createdDate": 1703515070835,
                        "bearing": 0.0,
                        "velocity": 0.025190945714712143
                    }
                },
                {
                    "type": "Feature",
                    "geometry": {
                        "type": "Point",
                        "coordinates": [
                            49.2459345,
                            55.7938173
                        ]
                    },
                    "properties": {
                        "createdDate": 1703515071829,
                        "bearing": 0.0,
                        "velocity": 0.031749263405799866
                    }
                },
                {
                    "type": "Feature",
                    "geometry": {
                        "type": "Point",
                        "coordinates": [
                            49.2459206,
                            55.7938186
                        ]
                    },
                    "properties": {
                        "createdDate": 1703515072838,
                        "bearing": 0.0,
                        "velocity": 0.039423633366823196
                    }
                },
                {
                    "type": "Feature",
                    "geometry": {
                        "type": "Point",
                        "coordinates": [
                            49.2459054,
                            55.7938194
                        ]
                    },
                    "properties": {
                        "createdDate": 1703515073842,
                        "bearing": 0.0,
                        "velocity": 0.03509906306862831
                    }
                },
                {
                    "type": "Feature",
                    "geometry": {
                        "type": "Point",
                        "coordinates": [
                            49.2458917,
                            55.7938183
                        ]
                    },
                    "properties": {
                        "createdDate": 1703515074837,
                        "bearing": 0.0,
                        "velocity": 0.00752260023728013
                    }
                },
                {
                    "type": "Feature",
                    "geometry": {
                        "type": "Point",
                        "coordinates": [
                            49.2458795,
                            55.793814
                        ]
                    },
                    "properties": {
                        "createdDate": 1703515075841,
                        "bearing": 0.0,
                        "velocity": 0.05470842495560646
                    }
                },
                {
                    "type": "Feature",
                    "geometry": {
                        "type": "Point",
                        "coordinates": [
                            49.2457952,
                            55.7938042
                        ]
                    },
                    "properties": {
                        "createdDate": 1703515076836,
                        "bearing": 180.0,
                        "velocity": 0.16930486261844635
                    }
                },
                {
                    "type": "Feature",
                    "geometry": {
                        "type": "Point",
                        "coordinates": [
                            49.2457297,
                            55.7937962
                        ]
                    },
                    "properties": {
                        "createdDate": 1703515077843,
                        "bearing": 180.0,
                        "velocity": 0.2175493687391281
                    }
                },
                {
                    "type": "Feature",
                    "geometry": {
                        "type": "Point",
                        "coordinates": [
                            49.2456755,
                            55.7937899
                        ]
                    },
                    "properties": {
                        "createdDate": 1703515078849,
                        "bearing": 180.0,
                        "velocity": 0.2236909419298172
                    }
                },
                {
                    "type": "Feature",
                    "geometry": {
                        "type": "Point",
                        "coordinates": [
                            49.2456293,
                            55.7937842
                        ]
                    },
                    "properties": {
                        "createdDate": 1703515079838,
                        "bearing": 180.0,
                        "velocity": 0.22408410906791687
                    }
                },
                {
                    "type": "Feature",
                    "geometry": {
                        "type": "Point",
                        "coordinates": [
                            49.2455889,
                            55.7937789
                        ]
                    },
                    "properties": {
                        "createdDate": 1703515080848,
                        "bearing": 180.0,
                        "velocity": 0.2196715921163559
                    }
                },
                {
                    "type": "Feature",
                    "geometry": {
                        "type": "Point",
                        "coordinates": [
                            49.2455531,
                            55.7937737
                        ]
                    },
                    "properties": {
                        "createdDate": 1703515081846,
                        "bearing": 180.0,
                        "velocity": 0.21385756134986877
                    }
                },
                {
                    "type": "Feature",
                    "geometry": {
                        "type": "Point",
                        "coordinates": [
                            49.2455206,
                            55.7937694
                        ]
                    },
                    "properties": {
                        "createdDate": 1703515082849,
                        "bearing": 180.0,
                        "velocity": 0.19846156239509583
                    }
                },
                {
                    "type": "Feature",
                    "geometry": {
                        "type": "Point",
                        "coordinates": [
                            49.2454893,
                            55.7937648
                        ]
                    },
                    "properties": {
                        "createdDate": 1703515083856,
                        "bearing": 180.0,
                        "velocity": 0.19446004927158356
                    }
                },
                {
                    "type": "Feature",
                    "geometry": {
                        "type": "Point",
                        "coordinates": [
                            49.2454625,
                            55.7937567
                        ]
                    },
                    "properties": {
                        "createdDate": 1703515084848,
                        "bearing": 180.0,
                        "velocity": 0.23861320316791534
                    }
                },
                {
                    "type": "Feature",
                    "geometry": {
                        "type": "Point",
                        "coordinates": [
                            49.24544,
                            55.7937469
                        ]
                    },
                    "properties": {
                        "createdDate": 1703515085855,
                        "bearing": 180.0,
                        "velocity": 0.28916114568710327
                    }
                },
                {
                    "type": "Feature",
                    "geometry": {
                        "type": "Point",
                        "coordinates": [
                            49.2454398,
                            55.7937441
                        ]
                    },
                    "properties": {
                        "createdDate": 1703515086862,
                        "bearing": 180.0,
                        "velocity": 0.2911711633205414
                    }
                },
                {
                    "type": "Feature",
                    "geometry": {
                        "type": "Point",
                        "coordinates": [
                            49.2454043,
                            55.793724
                        ]
                    },
                    "properties": {
                        "createdDate": 1703515087855,
                        "bearing": 180.00001525878906,
                        "velocity": 0.4638999104499817
                    }
                },
                {
                    "type": "Feature",
                    "geometry": {
                        "type": "Point",
                        "coordinates": [
                            49.2453742,
                            55.7937102
                        ]
                    },
                    "properties": {
                        "createdDate": 1703515088863,
                        "bearing": 180.0,
                        "velocity": 0.47364938259124756
                    }
                },
                {
                    "type": "Feature",
                    "geometry": {
                        "type": "Point",
                        "coordinates": [
                            49.2453445,
                            55.7936979
                        ]
                    },
                    "properties": {
                        "createdDate": 1703515089859,
                        "bearing": 180.0,
                        "velocity": 0.46206924319267273
                    }
                },
                {
                    "type": "Feature",
                    "geometry": {
                        "type": "Point",
                        "coordinates": [
                            49.2453148,
                            55.7936867
                        ]
                    },
                    "properties": {
                        "createdDate": 1703515090863,
                        "bearing": 180.0,
                        "velocity": 0.439822256565094
                    }
                },
                {
                    "type": "Feature",
                    "geometry": {
                        "type": "Point",
                        "coordinates": [
                            49.2452875,
                            55.7936783
                        ]
                    },
                    "properties": {
                        "createdDate": 1703515091869,
                        "bearing": 180.0,
                        "velocity": 0.39138826727867126
                    }
                },
                {
                    "type": "Feature",
                    "geometry": {
                        "type": "Point",
                        "coordinates": [
                            49.2452599,
                            55.7936695
                        ]
                    },
                    "properties": {
                        "createdDate": 1703515092863,
                        "bearing": 180.0,
                        "velocity": 0.35849839448928833
                    }
                },
                {
                    "type": "Feature",
                    "geometry": {
                        "type": "Point",
                        "coordinates": [
                            49.2452333,
                            55.793659
                        ]
                    },
                    "properties": {
                        "createdDate": 1703515093869,
                        "bearing": 180.0,
                        "velocity": 0.3593257665634155
                    }
                },
                {
                    "type": "Feature",
                    "geometry": {
                        "type": "Point",
                        "coordinates": [
                            49.2452076,
                            55.7936481
                        ]
                    },
                    "properties": {
                        "createdDate": 1703515094865,
                        "bearing": 180.0,
                        "velocity": 0.36363568902015686
                    }
                },
                {
                    "type": "Feature",
                    "geometry": {
                        "type": "Point",
                        "coordinates": [
                            49.2451875,
                            55.7936355
                        ]
                    },
                    "properties": {
                        "createdDate": 1703515095871,
                        "bearing": 180.0,
                        "velocity": 0.38726261258125305
                    }
                },
                {
                    "type": "Feature",
                    "geometry": {
                        "type": "Point",
                        "coordinates": [
                            49.2451767,
                            55.7936218
                        ]
                    },
                    "properties": {
                        "createdDate": 1703515096876,
                        "bearing": 180.0,
                        "velocity": 0.4276655316352844
                    }
                },
                {
                    "type": "Feature",
                    "geometry": {
                        "type": "Point",
                        "coordinates": [
                            49.2451767,
                            55.7936078
                        ]
                    },
                    "properties": {
                        "createdDate": 1703515097871,
                        "bearing": 180.0,
                        "velocity": 0.4601241946220398
                    }
                },
                {
                    "type": "Feature",
                    "geometry": {
                        "type": "Point",
                        "coordinates": [
                            49.245183,
                            55.7935937
                        ]
                    },
                    "properties": {
                        "createdDate": 1703515098876,
                        "bearing": 180.0,
                        "velocity": 0.4785259962081909
                    }
                },
                {
                    "type": "Feature",
                    "geometry": {
                        "type": "Point",
                        "coordinates": [
                            49.2451937,
                            55.7935805
                        ]
                    },
                    "properties": {
                        "createdDate": 1703515099884,
                        "bearing": 180.0,
                        "velocity": 0.4787828326225281
                    }
                },
                {
                    "type": "Feature",
                    "geometry": {
                        "type": "Point",
                        "coordinates": [
                            49.2452035,
                            55.7935681
                        ]
                    },
                    "properties": {
                        "createdDate": 1703515100880,
                        "bearing": 180.0,
                        "velocity": 0.46903884410858154
                    }
                },
                {
                    "type": "Feature",
                    "geometry": {
                        "type": "Point",
                        "coordinates": [
                            49.2452097,
                            55.7935553
                        ]
                    },
                    "properties": {
                        "createdDate": 1703515101883,
                        "bearing": 180.0,
                        "velocity": 0.46675413846969604
                    }
                },
                {
                    "type": "Feature",
                    "geometry": {
                        "type": "Point",
                        "coordinates": [
                            49.2452156,
                            55.7935428
                        ]
                    },
                    "properties": {
                        "createdDate": 1703515102878,
                        "bearing": 180.0,
                        "velocity": 0.45932406187057495
                    }
                },
                {
                    "type": "Feature",
                    "geometry": {
                        "type": "Point",
                        "coordinates": [
                            49.2452206,
                            55.7935296
                        ]
                    },
                    "properties": {
                        "createdDate": 1703515103881,
                        "bearing": 180.0,
                        "velocity": 0.4654710292816162
                    }
                },
                {
                    "type": "Feature",
                    "geometry": {
                        "type": "Point",
                        "coordinates": [
                            49.2452235,
                            55.7935169
                        ]
                    },
                    "properties": {
                        "createdDate": 1703515104890,
                        "bearing": 180.0,
                        "velocity": 0.46144744753837585
                    }
                },
                {
                    "type": "Feature",
                    "geometry": {
                        "type": "Point",
                        "coordinates": [
                            49.2452265,
                            55.7935041
                        ]
                    },
                    "properties": {
                        "createdDate": 1703515105885,
                        "bearing": 180.0,
                        "velocity": 0.46033596992492676
                    }
                },
                {
                    "type": "Feature",
                    "geometry": {
                        "type": "Point",
                        "coordinates": [
                            49.2452265,
                            55.7934999
                        ]
                    },
                    "properties": {
                        "createdDate": 1703515106892,
                        "bearing": 180.0,
                        "velocity": 0.4626205563545227
                    }
                },
                {
                    "type": "Feature",
                    "geometry": {
                        "type": "Point",
                        "coordinates": [
                            49.2452228,
                            55.7934765
                        ]
                    },
                    "properties": {
                        "createdDate": 1703515107897,
                        "bearing": 180.0,
                        "velocity": 0.6006645560264587
                    }
                },
                {
                    "type": "Feature",
                    "geometry": {
                        "type": "Point",
                        "coordinates": [
                            49.2452186,
                            55.7934583
                        ]
                    },
                    "properties": {
                        "createdDate": 1703515108891,
                        "bearing": 180.0,
                        "velocity": 0.6132141351699829
                    }
                },
                {
                    "type": "Feature",
                    "geometry": {
                        "type": "Point",
                        "coordinates": [
                            49.245218,
                            55.7934467
                        ]
                    },
                    "properties": {
                        "createdDate": 1703515109894,
                        "bearing": 180.0,
                        "velocity": 0.538519024848938
                    }
                }
            ]
        }
    },
    {
        "uuid": "d873e1a3-15cb-4112-97b2-4f5122d7ab00",
        "videoId": "1703514078325",
        "filePath": "/vs_data/citysoft-dev/video/2023/12/25/5b8b176f019ea18e/1703513788320/1703514078325/1703514078325.mp4",
        "sessionId": "1703513788320",
        "deviceId": "5b8b176f019ea18e",
        "descriptions": {
            "onDevice": "VladTest",
            "onServer": "VladTest"
        },
        "numbers": {
            "onDevice": "VladTest",
            "onServer": "VladTest"
        },
        "processingStatus": "NEW",
        "operatorId": null,
        "creationDate": "2023-12-25T14:21:18.325Z",
        "processedDate": null,
        "homographyId": null,
        "mergedPartsCount": 300,
        "fps": 0,
        "size": 43822269,
        "resolution": null,
        "errorReason": null,
        "errorModule": null,
        "errorMessage": null,
        "geoJSON": {
            "type": "FeatureCollection",
            "features": [
                {
                    "type": "Feature",
                    "geometry": {
                        "type": "Point",
                        "coordinates": [
                            49.2460556,
                            55.7938309
                        ]
                    },
                    "properties": {
                        "createdDate": 1703514078325,
                        "bearing": 0.0,
                        "velocity": 0.05683985352516174
                    }
                },
                {
                    "type": "Feature",
                    "geometry": {
                        "type": "Point",
                        "coordinates": [
                            49.2460768,
                            55.7938307
                        ]
                    },
                    "properties": {
                        "createdDate": 1703514083330,
                        "bearing": 87.38630676269531,
                        "velocity": 0.18186891078948975
                    }
                },
                {
                    "type": "Feature",
                    "geometry": {
                        "type": "Point",
                        "coordinates": [
                            49.2460653,
                            55.7938282
                        ]
                    },
                    "properties": {
                        "createdDate": 1703514088337,
                        "bearing": 0.0,
                        "velocity": 0.03513328358530998
                    }
                },
                {
                    "type": "Feature",
                    "geometry": {
                        "type": "Point",
                        "coordinates": [
                            49.2460559,
                            55.7938275
                        ]
                    },
                    "properties": {
                        "createdDate": 1703514093345,
                        "bearing": 0.0,
                        "velocity": 0.08159585297107697
                    }
                },
                {
                    "type": "Feature",
                    "geometry": {
                        "type": "Point",
                        "coordinates": [
                            49.2460615,
                            55.7938274
                        ]
                    },
                    "properties": {
                        "createdDate": 1703514098351,
                        "bearing": 0.0,
                        "velocity": 0.015487916767597198
                    }
                },
                {
                    "type": "Feature",
                    "geometry": {
                        "type": "Point",
                        "coordinates": [
                            49.2460374,
                            55.7938232
                        ]
                    },
                    "properties": {
                        "createdDate": 1703514103373,
                        "bearing": 251.49717712402344,
                        "velocity": 0.19326409697532654
                    }
                },
                {
                    "type": "Feature",
                    "geometry": {
                        "type": "Point",
                        "coordinates": [
                            49.2460465,
                            55.7938262
                        ]
                    },
                    "properties": {
                        "createdDate": 1703514108380,
                        "bearing": 0.0,
                        "velocity": 0.061212148517370224
                    }
                },
                {
                    "type": "Feature",
                    "geometry": {
                        "type": "Point",
                        "coordinates": [
                            49.2460305,
                            55.7938191
                        ]
                    },
                    "properties": {
                        "createdDate": 1703514113386,
                        "bearing": 235.6508331298828,
                        "velocity": 0.12795548141002655
                    }
                },
                {
                    "type": "Feature",
                    "geometry": {
                        "type": "Point",
                        "coordinates": [
                            49.2460519,
                            55.7938283
                        ]
                    },
                    "properties": {
                        "createdDate": 1703514118377,
                        "bearing": 51.2636833190918,
                        "velocity": 0.1266699880361557
                    }
                },
                {
                    "type": "Feature",
                    "geometry": {
                        "type": "Point",
                        "coordinates": [
                            49.2460533,
                            55.7938312
                        ]
                    },
                    "properties": {
                        "createdDate": 1703514123399,
                        "bearing": 0.0,
                        "velocity": 0.08504639565944672
                    }
                },
                {
                    "type": "Feature",
                    "geometry": {
                        "type": "Point",
                        "coordinates": [
                            49.2460524,
                            55.793831
                        ]
                    },
                    "properties": {
                        "createdDate": 1703514128406,
                        "bearing": 0.0,
                        "velocity": 0.024325454607605934
                    }
                },
                {
                    "type": "Feature",
                    "geometry": {
                        "type": "Point",
                        "coordinates": [
                            49.2460619,
                            55.7938358
                        ]
                    },
                    "properties": {
                        "createdDate": 1703514133414,
                        "bearing": 45.87345886230469,
                        "velocity": 0.10849805176258087
                    }
                },
                {
                    "type": "Feature",
                    "geometry": {
                        "type": "Point",
                        "coordinates": [
                            49.2460785,
                            55.7938421
                        ]
                    },
                    "properties": {
                        "createdDate": 1703514138419,
                        "bearing": 53.95903396606445,
                        "velocity": 0.1981985867023468
                    }
                },
                {
                    "type": "Feature",
                    "geometry": {
                        "type": "Point",
                        "coordinates": [
                            49.246058,
                            55.7938319
                        ]
                    },
                    "properties": {
                        "createdDate": 1703514143427,
                        "bearing": 225.78968811035156,
                        "velocity": 0.13880367577075958
                    }
                },
                {
                    "type": "Feature",
                    "geometry": {
                        "type": "Point",
                        "coordinates": [
                            49.2460511,
                            55.7938302
                        ]
                    },
                    "properties": {
                        "createdDate": 1703514148434,
                        "bearing": 236.3453369140625,
                        "velocity": 0.10997037589550018
                    }
                },
                {
                    "type": "Feature",
                    "geometry": {
                        "type": "Point",
                        "coordinates": [
                            49.2460357,
                            55.7938233
                        ]
                    },
                    "properties": {
                        "createdDate": 1703514153438,
                        "bearing": 232.43319702148438,
                        "velocity": 0.19443365931510925
                    }
                },
                {
                    "type": "Feature",
                    "geometry": {
                        "type": "Point",
                        "coordinates": [
                            49.2460504,
                            55.7938299
                        ]
                    },
                    "properties": {
                        "createdDate": 1703514158445,
                        "bearing": 0.0,
                        "velocity": 0.040474120527505875
                    }
                },
                {
                    "type": "Feature",
                    "geometry": {
                        "type": "Point",
                        "coordinates": [
                            49.2460537,
                            55.7938312
                        ]
                    },
                    "properties": {
                        "createdDate": 1703514163468,
                        "bearing": 0.0,
                        "velocity": 0.0463804192841053
                    }
                },
                {
                    "type": "Feature",
                    "geometry": {
                        "type": "Point",
                        "coordinates": [
                            49.2460564,
                            55.7938316
                        ]
                    },
                    "properties": {
                        "createdDate": 1703514168457,
                        "bearing": 0.0,
                        "velocity": 0.038401152938604355
                    }
                },
                {
                    "type": "Feature",
                    "geometry": {
                        "type": "Point",
                        "coordinates": [
                            49.2460425,
                            55.7938254
                        ]
                    },
                    "properties": {
                        "createdDate": 1703514173482,
                        "bearing": 229.73385620117188,
                        "velocity": 0.12310373038053513
                    }
                },
                {
                    "type": "Feature",
                    "geometry": {
                        "type": "Point",
                        "coordinates": [
                            49.2460603,
                            55.7938293
                        ]
                    },
                    "properties": {
                        "createdDate": 1703514178489,
                        "bearing": 0.0,
                        "velocity": 0.07833821326494217
                    }
                },
                {
                    "type": "Feature",
                    "geometry": {
                        "type": "Point",
                        "coordinates": [
                            49.2460584,
                            55.7938324
                        ]
                    },
                    "properties": {
                        "createdDate": 1703514183495,
                        "bearing": 0.0,
                        "velocity": 0.04872727021574974
                    }
                },
                {
                    "type": "Feature",
                    "geometry": {
                        "type": "Point",
                        "coordinates": [
                            49.2460429,
                            55.7938251
                        ]
                    },
                    "properties": {
                        "createdDate": 1703514188502,
                        "bearing": 234.19970703125,
                        "velocity": 0.14365249872207642
                    }
                },
                {
                    "type": "Feature",
                    "geometry": {
                        "type": "Point",
                        "coordinates": [
                            49.2460556,
                            55.7938328
                        ]
                    },
                    "properties": {
                        "createdDate": 1703514193509,
                        "bearing": 0.0,
                        "velocity": 0.06486216932535172
                    }
                },
                {
                    "type": "Feature",
                    "geometry": {
                        "type": "Point",
                        "coordinates": [
                            49.2460537,
                            55.7938329
                        ]
                    },
                    "properties": {
                        "createdDate": 1703514198520,
                        "bearing": 0.0,
                        "velocity": 0.021582497283816338
                    }
                },
                {
                    "type": "Feature",
                    "geometry": {
                        "type": "Point",
                        "coordinates": [
                            49.2460574,
                            55.7938299
                        ]
                    },
                    "properties": {
                        "createdDate": 1703514203522,
                        "bearing": 0.0,
                        "velocity": 0.04443228244781494
                    }
                },
                {
                    "type": "Feature",
                    "geometry": {
                        "type": "Point",
                        "coordinates": [
                            49.246055,
                            55.7938353
                        ]
                    },
                    "properties": {
                        "createdDate": 1703514208538,
                        "bearing": 0.0,
                        "velocity": 0.06276264041662216
                    }
                },
                {
                    "type": "Feature",
                    "geometry": {
                        "type": "Point",
                        "coordinates": [
                            49.246041,
                            55.7938253
                        ]
                    },
                    "properties": {
                        "createdDate": 1703514213534,
                        "bearing": 223.79307556152344,
                        "velocity": 0.16657674312591553
                    }
                },
                {
                    "type": "Feature",
                    "geometry": {
                        "type": "Point",
                        "coordinates": [
                            49.2460325,
                            55.7938211
                        ]
                    },
                    "properties": {
                        "createdDate": 1703514218545,
                        "bearing": 226.3634033203125,
                        "velocity": 0.1515597552061081
                    }
                },
                {
                    "type": "Feature",
                    "geometry": {
                        "type": "Point",
                        "coordinates": [
                            49.2460227,
                            55.7938169
                        ]
                    },
                    "properties": {
                        "createdDate": 1703514223548,
                        "bearing": 229.6940155029297,
                        "velocity": 0.15227118134498596
                    }
                },
                {
                    "type": "Feature",
                    "geometry": {
                        "type": "Point",
                        "coordinates": [
                            49.2460216,
                            55.793813
                        ]
                    },
                    "properties": {
                        "createdDate": 1703514228559,
                        "bearing": 213.85638427734375,
                        "velocity": 0.11129056662321091
                    }
                },
                {
                    "type": "Feature",
                    "geometry": {
                        "type": "Point",
                        "coordinates": [
                            49.2460483,
                            55.7938256
                        ]
                    },
                    "properties": {
                        "createdDate": 1703514233577,
                        "bearing": 54.748390197753906,
                        "velocity": 0.17845633625984192
                    }
                },
                {
                    "type": "Feature",
                    "geometry": {
                        "type": "Point",
                        "coordinates": [
                            49.2460487,
                            55.7938299
                        ]
                    },
                    "properties": {
                        "createdDate": 1703514238584,
                        "bearing": 30.827224731445312,
                        "velocity": 0.11476937681436539
                    }
                },
                {
                    "type": "Feature",
                    "geometry": {
                        "type": "Point",
                        "coordinates": [
                            49.2460708,
                            55.7938336
                        ]
                    },
                    "properties": {
                        "createdDate": 1703514243592,
                        "bearing": 65.64775085449219,
                        "velocity": 0.21413548290729523
                    }
                },
                {
                    "type": "Feature",
                    "geometry": {
                        "type": "Point",
                        "coordinates": [
                            49.2460478,
                            55.7938314
                        ]
                    },
                    "properties": {
                        "createdDate": 1703514248598,
                        "bearing": 271.5620422363281,
                        "velocity": 0.10206114500761032
                    }
                },
                {
                    "type": "Feature",
                    "geometry": {
                        "type": "Point",
                        "coordinates": [
                            49.2460452,
                            55.793829
                        ]
                    },
                    "properties": {
                        "createdDate": 1703514253605,
                        "bearing": 0.0,
                        "velocity": 0.06734489649534225
                    }
                },
                {
                    "type": "Feature",
                    "geometry": {
                        "type": "Point",
                        "coordinates": [
                            49.2460307,
                            55.7938222
                        ]
                    },
                    "properties": {
                        "createdDate": 1703514258614,
                        "bearing": 231.69053649902344,
                        "velocity": 0.17286448180675507
                    }
                },
                {
                    "type": "Feature",
                    "geometry": {
                        "type": "Point",
                        "coordinates": [
                            49.2460338,
                            55.7938265
                        ]
                    },
                    "properties": {
                        "createdDate": 1703514263620,
                        "bearing": 0.0,
                        "velocity": 0.04057588428258896
                    }
                },
                {
                    "type": "Feature",
                    "geometry": {
                        "type": "Point",
                        "coordinates": [
                            49.2460474,
                            55.7938281
                        ]
                    },
                    "properties": {
                        "createdDate": 1703514268631,
                        "bearing": 0.0,
                        "velocity": 0.09463411569595337
                    }
                },
                {
                    "type": "Feature",
                    "geometry": {
                        "type": "Point",
                        "coordinates": [
                            49.2460463,
                            55.7938293
                        ]
                    },
                    "properties": {
                        "createdDate": 1703514273628,
                        "bearing": 0.0,
                        "velocity": 0.036578062921762466
                    }
                },
                {
                    "type": "Feature",
                    "geometry": {
                        "type": "Point",
                        "coordinates": [
                            49.2460525,
                            55.7938299
                        ]
                    },
                    "properties": {
                        "createdDate": 1703514278640,
                        "bearing": 0.0,
                        "velocity": 0.06021387130022049
                    }
                },
                {
                    "type": "Feature",
                    "geometry": {
                        "type": "Point",
                        "coordinates": [
                            49.2460428,
                            55.793828
                        ]
                    },
                    "properties": {
                        "createdDate": 1703514283644,
                        "bearing": 0.0,
                        "velocity": 0.057362280786037445
                    }
                },
                {
                    "type": "Feature",
                    "geometry": {
                        "type": "Point",
                        "coordinates": [
                            49.246042,
                            55.7938261
                        ]
                    },
                    "properties": {
                        "createdDate": 1703514288667,
                        "bearing": 0.0,
                        "velocity": 0.04228532686829567
                    }
                },
                {
                    "type": "Feature",
                    "geometry": {
                        "type": "Point",
                        "coordinates": [
                            49.2460398,
                            55.7938237
                        ]
                    },
                    "properties": {
                        "createdDate": 1703514293674,
                        "bearing": 0.0,
                        "velocity": 0.05283338949084282
                    }
                },
                {
                    "type": "Feature",
                    "geometry": {
                        "type": "Point",
                        "coordinates": [
                            49.2460345,
                            55.7938264
                        ]
                    },
                    "properties": {
                        "createdDate": 1703514298681,
                        "bearing": 0.0,
                        "velocity": 0.05491216480731964
                    }
                },
                {
                    "type": "Feature",
                    "geometry": {
                        "type": "Point",
                        "coordinates": [
                            49.2460493,
                            55.7938276
                        ]
                    },
                    "properties": {
                        "createdDate": 1703514303688,
                        "bearing": 0.0,
                        "velocity": 0.09694647789001465
                    }
                },
                {
                    "type": "Feature",
                    "geometry": {
                        "type": "Point",
                        "coordinates": [
                            49.2460385,
                            55.7938298
                        ]
                    },
                    "properties": {
                        "createdDate": 1703514308696,
                        "bearing": 0.0,
                        "velocity": 0.060550007969141006
                    }
                },
                {
                    "type": "Feature",
                    "geometry": {
                        "type": "Point",
                        "coordinates": [
                            49.2460391,
                            55.793831
                        ]
                    },
                    "properties": {
                        "createdDate": 1703514313701,
                        "bearing": 0.0,
                        "velocity": 0.0331013947725296
                    }
                },
                {
                    "type": "Feature",
                    "geometry": {
                        "type": "Point",
                        "coordinates": [
                            49.246044,
                            55.7938328
                        ]
                    },
                    "properties": {
                        "createdDate": 1703514318709,
                        "bearing": 0.0,
                        "velocity": 0.049781136214733124
                    }
                },
                {
                    "type": "Feature",
                    "geometry": {
                        "type": "Point",
                        "coordinates": [
                            49.2460592,
                            55.7938315
                        ]
                    },
                    "properties": {
                        "createdDate": 1703514323714,
                        "bearing": 91.54182434082031,
                        "velocity": 0.1268588751554489
                    }
                },
                {
                    "type": "Feature",
                    "geometry": {
                        "type": "Point",
                        "coordinates": [
                            49.246047,
                            55.7938318
                        ]
                    },
                    "properties": {
                        "createdDate": 1703514328735,
                        "bearing": 0.0,
                        "velocity": 0.047214098274707794
                    }
                },
                {
                    "type": "Feature",
                    "geometry": {
                        "type": "Point",
                        "coordinates": [
                            49.2460485,
                            55.79383
                        ]
                    },
                    "properties": {
                        "createdDate": 1703514333728,
                        "bearing": 0.0,
                        "velocity": 0.023987066000699997
                    }
                },
                {
                    "type": "Feature",
                    "geometry": {
                        "type": "Point",
                        "coordinates": [
                            49.2460506,
                            55.7938268
                        ]
                    },
                    "properties": {
                        "createdDate": 1703514338751,
                        "bearing": 0.0,
                        "velocity": 0.056162431836128235
                    }
                },
                {
                    "type": "Feature",
                    "geometry": {
                        "type": "Point",
                        "coordinates": [
                            49.2460469,
                            55.7938254
                        ]
                    },
                    "properties": {
                        "createdDate": 1703514343757,
                        "bearing": 0.0,
                        "velocity": 0.046244487166404724
                    }
                },
                {
                    "type": "Feature",
                    "geometry": {
                        "type": "Point",
                        "coordinates": [
                            49.246052,
                            55.7938286
                        ]
                    },
                    "properties": {
                        "createdDate": 1703514348762,
                        "bearing": 0.0,
                        "velocity": 0.04248925298452377
                    }
                },
                {
                    "type": "Feature",
                    "geometry": {
                        "type": "Point",
                        "coordinates": [
                            49.2460499,
                            55.7938282
                        ]
                    },
                    "properties": {
                        "createdDate": 1703514353770,
                        "bearing": 0.0,
                        "velocity": 0.007322727236896753
                    }
                },
                {
                    "type": "Feature",
                    "geometry": {
                        "type": "Point",
                        "coordinates": [
                            49.2460373,
                            55.7938266
                        ]
                    },
                    "properties": {
                        "createdDate": 1703514358775,
                        "bearing": 258.5700988769531,
                        "velocity": 0.10515400022268295
                    }
                },
                {
                    "type": "Feature",
                    "geometry": {
                        "type": "Point",
                        "coordinates": [
                            49.2460643,
                            55.7938262
                        ]
                    },
                    "properties": {
                        "createdDate": 1703514363782,
                        "bearing": 93.98745727539062,
                        "velocity": 0.17891283333301544
                    }
                },
                {
                    "type": "Feature",
                    "geometry": {
                        "type": "Point",
                        "coordinates": [
                            49.2460435,
                            55.7938283
                        ]
                    },
                    "properties": {
                        "createdDate": 1703514368793,
                        "bearing": 0.0,
                        "velocity": 0.09629077464342117
                    }
                },
                {
                    "type": "Feature",
                    "geometry": {
                        "type": "Point",
                        "coordinates": [
                            49.246042,
                            55.7938307
                        ]
                    },
                    "properties": {
                        "createdDate": 1703514373796,
                        "bearing": 0.0,
                        "velocity": 0.0634261965751648
                    }
                }
            ]
        }
    }
]
1703518222663
]]></system-out>
  </testcase>
  <testcase name="postAllYesterday" classname="API.APITest" time="2.416">
    <failure type="java.lang.AssertionError"><![CDATA[java.lang.AssertionError: 
1 expectation failed.
Expected status code <200> but was <500>.

	at API.APITest.postAllYesterday(APITest.java:191)
]]></failure>
    <system-out><![CDATA[Request method:	POST
Request URI:	https://devcs.avtodoria.ru/terminal/api/rest/preprocessing/video/all
Proxy:			<none>
Request params:	<none>
Query params:	<none>
Form params:	<none>
Path params:	<none>
Headers:		Accept=*/*
				Content-Type=application/json
Cookies:		<none>
Multiparts:		<none>
Body:
{
    "contractIds": [
        
    ],
    "dateFrom": "2023-12-24T00:00:00.000+03:00",
    "dateTo": "2023-12-24T23:59:00.000+03:00",
    "deviceIds": [
        
    ],
    "operatorId": null,
    "pageNumber": 0,
    "pageSize": ,
    "processingStatuses": [
        
    ],
    "sessionId": null,
    "sortOrder": "DESC"
}
HTTP/1.1 500 
Server: nginx
Date: Mon, 25 Dec 2023 17:13:36 GMT
Content-Type: application/json
Transfer-Encoding: chunked
Connection: keep-alive
Vary: Origin
Vary: Access-Control-Request-Method
Vary: Access-Control-Request-Headers

{
    "cause": null,
    "stackTrace": [
        {
            "methodName": "handleGenericException",
            "fileName": "ExceptionHandler.kt",
            "lineNumber": 30,
            "className": "ru.avtodoria.citysoft.terminal.general.util.exception.ExceptionHandler",
            "nativeMethod": false
        },
        {
            "methodName": "invoke",
            "fileName": null,
            "lineNumber": -1,
            "className": "sun.reflect.GeneratedMethodAccessor483",
            "nativeMethod": false
        },
        {
            "methodName": "invoke",
            "fileName": "DelegatingMethodAccessorImpl.java",
            "lineNumber": 43,
            "className": "sun.reflect.DelegatingMethodAccessorImpl",
            "nativeMethod": false
        },
        {
            "methodName": "invoke",
            "fileName": "Method.java",
            "lineNumber": 498,
            "className": "java.lang.reflect.Method",
            "nativeMethod": false
        },
        {
            "methodName": "doInvoke",
            "fileName": "InvocableHandlerMethod.java",
            "lineNumber": 205,
            "className": "org.springframework.web.method.support.InvocableHandlerMethod",
            "nativeMethod": false
        },
        {
            "methodName": "invokeForRequest",
            "fileName": "InvocableHandlerMethod.java",
            "lineNumber": 150,
            "className": "org.springframework.web.method.support.InvocableHandlerMethod",
            "nativeMethod": false
        },
        {
            "methodName": "invokeAndHandle",
            "fileName": "ServletInvocableHandlerMethod.java",
            "lineNumber": 117,
            "className": "org.springframework.web.servlet.mvc.method.annotation.ServletInvocableHandlerMethod",
            "nativeMethod": false
        },
        {
            "methodName": "doResolveHandlerMethodException",
            "fileName": "ExceptionHandlerExceptionResolver.java",
            "lineNumber": 428,
            "className": "org.springframework.web.servlet.mvc.method.annotation.ExceptionHandlerExceptionResolver",
            "nativeMethod": false
        },
        {
            "methodName": "doResolveException",
            "fileName": "AbstractHandlerMethodExceptionResolver.java",
            "lineNumber": 75,
            "className": "org.springframework.web.servlet.handler.AbstractHandlerMethodExceptionResolver",
            "nativeMethod": false
        },
        {
            "methodName": "resolveException",
            "fileName": "AbstractHandlerExceptionResolver.java",
            "lineNumber": 142,
            "className": "org.springframework.web.servlet.handler.AbstractHandlerExceptionResolver",
            "nativeMethod": false
        },
        {
            "methodName": "resolveException",
            "fileName": "HandlerExceptionResolverComposite.java",
            "lineNumber": 80,
            "className": "org.springframework.web.servlet.handler.HandlerExceptionResolverComposite",
            "nativeMethod": false
        },
        {
            "methodName": "processHandlerException",
            "fileName": "DispatcherServlet.java",
            "lineNumber": 1327,
            "className": "org.springframework.web.servlet.DispatcherServlet",
            "nativeMethod": false
        },
        {
            "methodName": "processDispatchResult",
            "fileName": "DispatcherServlet.java",
            "lineNumber": 1138,
            "className": "org.springframework.web.servlet.DispatcherServlet",
            "nativeMethod": false
        },
        {
            "methodName": "doDispatch",
            "fileName": "DispatcherServlet.java",
            "lineNumber": 1084,
            "className": "org.springframework.web.servlet.DispatcherServlet",
            "nativeMethod": false
        },
        {
            "methodName": "doService",
            "fileName": "DispatcherServlet.java",
            "lineNumber": 963,
            "className": "org.springframework.web.servlet.DispatcherServlet",
            "nativeMethod": false
        },
        {
            "methodName": "processRequest",
            "fileName": "FrameworkServlet.java",
            "lineNumber": 1006,
            "className": "org.springframework.web.servlet.FrameworkServlet",
            "nativeMethod": false
        },
        {
            "methodName": "doPost",
            "fileName": "FrameworkServlet.java",
            "lineNumber": 909,
            "className": "org.springframework.web.servlet.FrameworkServlet",
            "nativeMethod": false
        },
        {
            "methodName": "service",
            "fileName": "HttpServlet.java",
            "lineNumber": 517,
            "className": "javax.servlet.http.HttpServlet",
            "nativeMethod": false
        },
        {
            "methodName": "service",
            "fileName": "FrameworkServlet.java",
            "lineNumber": 883,
            "className": "org.springframework.web.servlet.FrameworkServlet",
            "nativeMethod": false
        },
        {
            "methodName": "service",
            "fileName": "HttpServlet.java",
            "lineNumber": 584,
            "className": "javax.servlet.http.HttpServlet",
            "nativeMethod": false
        },
        {
            "methodName": "internalDoFilter",
            "fileName": "ApplicationFilterChain.java",
            "lineNumber": 227,
            "className": "org.apache.catalina.core.ApplicationFilterChain",
            "nativeMethod": false
        },
        {
            "methodName": "doFilter",
            "fileName": "ApplicationFilterChain.java",
            "lineNumber": 162,
            "className": "org.apache.catalina.core.ApplicationFilterChain",
            "nativeMethod": false
        },
        {
            "methodName": "doFilterInternal",
            "fileName": "CorsFilter.java",
            "lineNumber": 91,
            "className": "org.springframework.web.filter.CorsFilter",
            "nativeMethod": false
        },
        {
            "methodName": "doFilter",
            "fileName": "OncePerRequestFilter.java",
            "lineNumber": 119,
            "className": "org.springframework.web.filter.OncePerRequestFilter",
            "nativeMethod": false
        },
        {
            "methodName": "internalDoFilter",
            "fileName": "ApplicationFilterChain.java",
            "lineNumber": 189,
            "className": "org.apache.catalina.core.ApplicationFilterChain",
            "nativeMethod": false
        },
        {
            "methodName": "doFilter",
            "fileName": "ApplicationFilterChain.java",
            "lineNumber": 162,
            "className": "org.apache.catalina.core.ApplicationFilterChain",
            "nativeMethod": false
        },
        {
            "methodName": "doFilterInternal",
            "fileName": "RequestContextFilter.java",
            "lineNumber": 100,
            "className": "org.springframework.web.filter.RequestContextFilter",
            "nativeMethod": false
        },
        {
            "methodName": "doFilter",
            "fileName": "OncePerRequestFilter.java",
            "lineNumber": 119,
            "className": "org.springframework.web.filter.OncePerRequestFilter",
            "nativeMethod": false
        },
        {
            "methodName": "internalDoFilter",
            "fileName": "ApplicationFilterChain.java",
            "lineNumber": 189,
            "className": "org.apache.catalina.core.ApplicationFilterChain",
            "nativeMethod": false
        },
        {
            "methodName": "doFilter",
            "fileName": "ApplicationFilterChain.java",
            "lineNumber": 162,
            "className": "org.apache.catalina.core.ApplicationFilterChain",
            "nativeMethod": false
        },
        {
            "methodName": "doFilterInternal",
            "fileName": "FormContentFilter.java",
            "lineNumber": 93,
            "className": "org.springframework.web.filter.FormContentFilter",
            "nativeMethod": false
        },
        {
            "methodName": "doFilter",
            "fileName": "OncePerRequestFilter.java",
            "lineNumber": 119,
            "className": "org.springframework.web.filter.OncePerRequestFilter",
            "nativeMethod": false
        },
        {
            "methodName": "internalDoFilter",
            "fileName": "ApplicationFilterChain.java",
            "lineNumber": 189,
            "className": "org.apache.catalina.core.ApplicationFilterChain",
            "nativeMethod": false
        },
        {
            "methodName": "doFilter",
            "fileName": "ApplicationFilterChain.java",
            "lineNumber": 162,
            "className": "org.apache.catalina.core.ApplicationFilterChain",
            "nativeMethod": false
        },
        {
            "methodName": "doFilterInternal",
            "fileName": "WebMvcMetricsFilter.java",
            "lineNumber": 96,
            "className": "org.springframework.boot.actuate.metrics.web.servlet.WebMvcMetricsFilter",
            "nativeMethod": false
        },
        {
            "methodName": "doFilter",
            "fileName": "OncePerRequestFilter.java",
            "lineNumber": 119,
            "className": "org.springframework.web.filter.OncePerRequestFilter",
            "nativeMethod": false
        },
        {
            "methodName": "internalDoFilter",
            "fileName": "ApplicationFilterChain.java",
            "lineNumber": 189,
            "className": "org.apache.catalina.core.ApplicationFilterChain",
            "nativeMethod": false
        },
        {
            "methodName": "doFilter",
            "fileName": "ApplicationFilterChain.java",
            "lineNumber": 162,
            "className": "org.apache.catalina.core.ApplicationFilterChain",
            "nativeMethod": false
        },
        {
            "methodName": "doFilterInternal",
            "fileName": "CharacterEncodingFilter.java",
            "lineNumber": 201,
            "className": "org.springframework.web.filter.CharacterEncodingFilter",
            "nativeMethod": false
        },
        {
            "methodName": "doFilter",
            "fileName": "OncePerRequestFilter.java",
            "lineNumber": 119,
            "className": "org.springframework.web.filter.OncePerRequestFilter",
            "nativeMethod": false
        },
        {
            "methodName": "internalDoFilter",
            "fileName": "ApplicationFilterChain.java",
            "lineNumber": 189,
            "className": "org.apache.catalina.core.ApplicationFilterChain",
            "nativeMethod": false
        },
        {
            "methodName": "doFilter",
            "fileName": "ApplicationFilterChain.java",
            "lineNumber": 162,
            "className": "org.apache.catalina.core.ApplicationFilterChain",
            "nativeMethod": false
        },
        {
            "methodName": "invoke",
            "fileName": "StandardWrapperValve.java",
            "lineNumber": 197,
            "className": "org.apache.catalina.core.StandardWrapperValve",
            "nativeMethod": false
        },
        {
            "methodName": "invoke",
            "fileName": "StandardContextValve.java",
            "lineNumber": 97,
            "className": "org.apache.catalina.core.StandardContextValve",
            "nativeMethod": false
        },
        {
            "methodName": "invoke",
            "fileName": "AuthenticatorBase.java",
            "lineNumber": 540,
            "className": "org.apache.catalina.authenticator.AuthenticatorBase",
            "nativeMethod": false
        },
        {
            "methodName": "invoke",
            "fileName": "StandardHostValve.java",
            "lineNumber": 135,
            "className": "org.apache.catalina.core.StandardHostValve",
            "nativeMethod": false
        },
        {
            "methodName": "invoke",
            "fileName": "ErrorReportValve.java",
            "lineNumber": 92,
            "className": "org.apache.catalina.valves.ErrorReportValve",
            "nativeMethod": false
        },
        {
            "methodName": "invoke",
            "fileName": "StandardEngineValve.java",
            "lineNumber": 78,
            "className": "org.apache.catalina.core.StandardEngineValve",
            "nativeMethod": false
        },
        {
            "methodName": "service",
            "fileName": "CoyoteAdapter.java",
            "lineNumber": 357,
            "className": "org.apache.catalina.connector.CoyoteAdapter",
            "nativeMethod": false
        },
        {
            "methodName": "service",
            "fileName": "Http11Processor.java",
            "lineNumber": 382,
            "className": "org.apache.coyote.http11.Http11Processor",
            "nativeMethod": false
        },
        {
            "methodName": "process",
            "fileName": "AbstractProcessorLight.java",
            "lineNumber": 65,
            "className": "org.apache.coyote.AbstractProcessorLight",
            "nativeMethod": false
        },
        {
            "methodName": "process",
            "fileName": "AbstractProtocol.java",
            "lineNumber": 895,
            "className": "org.apache.coyote.AbstractProtocol$ConnectionHandler",
            "nativeMethod": false
        },
        {
            "methodName": "doRun",
            "fileName": "NioEndpoint.java",
            "lineNumber": 1722,
            "className": "org.apache.tomcat.util.net.NioEndpoint$SocketProcessor",
            "nativeMethod": false
        },
        {
            "methodName": "run",
            "fileName": "SocketProcessorBase.java",
            "lineNumber": 49,
            "className": "org.apache.tomcat.util.net.SocketProcessorBase",
            "nativeMethod": false
        },
        {
            "methodName": "runWorker",
            "fileName": "ThreadPoolExecutor.java",
            "lineNumber": 1191,
            "className": "org.apache.tomcat.util.threads.ThreadPoolExecutor",
            "nativeMethod": false
        },
        {
            "methodName": "run",
            "fileName": "ThreadPoolExecutor.java",
            "lineNumber": 659,
            "className": "org.apache.tomcat.util.threads.ThreadPoolExecutor$Worker",
            "nativeMethod": false
        },
        {
            "methodName": "run",
            "fileName": "TaskThread.java",
            "lineNumber": 61,
            "className": "org.apache.tomcat.util.threads.TaskThread$WrappingRunnable",
            "nativeMethod": false
        },
        {
            "methodName": "run",
            "fileName": "Thread.java",
            "lineNumber": 750,
            "className": "java.lang.Thread",
            "nativeMethod": false
        }
    ],
    "message": "JSON parse error: Unexpected character (',' (code 44)): expected a value; nested exception is com.fasterxml.jackson.core.JsonParseException: Unexpected character (',' (code 44)): expected a value\n at [Source: (PushbackInputStream); line: 8, column: 19]",
    "localizedMessage": "JSON parse error: Unexpected character (',' (code 44)): expected a value; nested exception is com.fasterxml.jackson.core.JsonParseException: Unexpected character (',' (code 44)): expected a value\n at [Source: (PushbackInputStream); line: 8, column: 19]",
    "suppressed": [
        
    ]
}
]]></system-out>
  </testcase>
  <testcase name="postMarkAsCorrupted" classname="API.APITest" time="5.342">
    <system-out><![CDATA[Request method:	POST
Request URI:	https://devcs.avtodoria.ru/terminal/api/rest/preprocessing/video/all
Proxy:			<none>
Request params:	<none>
Query params:	<none>
Form params:	<none>
Path params:	<none>
Headers:		Accept=*/*
				Content-Type=application/json
Cookies:		<none>
Multiparts:		<none>
Body:
{
    "contractIds": [
        
    ],
    "dateFrom": "2023-12-18T00:00:00.000+03:00",
    "dateTo": "2023-12-25T19:48:30.596+03:00",
    "deviceIds": [
        
    ],
    "operatorId": null,
    "pageNumber": 0,
    "pageSize": 10,
    "processingStatuses": [
        
    ],
    "sessionId": null,
    "sortOrder": "DESC"
}
HTTP/1.1 200 
Server: nginx
Date: Mon, 25 Dec 2023 17:13:38 GMT
Content-Type: application/json
Transfer-Encoding: chunked
Connection: keep-alive
Vary: Origin
Vary: Access-Control-Request-Method
Vary: Access-Control-Request-Headers
Strict-Transport-Security: max-age=15768000; includeSubDomains; preload;
X-Content-Type-Options: nosniff
X-Frame-Options: SAMEORIGIN
X-XSS-Protection: 1; mode=block
X-Robots-Tag: none
X-Download-Options: noopen
X-Permitted-Cross-Domain-Policies: none
Content-Encoding: gzip

[
    {
        "uuid": "dca08ba4-4cd9-452d-b970-0d34e7dd37cc",
        "videoId": "1703518222663",
        "filePath": "/vs_data/citysoft-dev/video/2023/12/25/5b8b176f019ea18e/1703517330494/1703518222663/1703518222663.mp4",
        "sessionId": "1703517330494",
        "deviceId": "5b8b176f019ea18e",
        "descriptions": {
            "onDevice": "VladTest",
            "onServer": "VladTest"
        },
        "numbers": {
            "onDevice": "VladTest",
            "onServer": "VladTest"
        },
        "processingStatus": "CORRUPTED",
        "operatorId": 1,
        "creationDate": "2023-12-25T15:30:22.663Z",
        "processedDate": "2023-12-25T17:00:55.032Z",
        "homographyId": null,
        "mergedPartsCount": 298,
        "fps": 0,
        "size": 22083271,
        "resolution": null,
        "errorReason": null,
        "errorModule": null,
        "errorMessage": null,
        "geoJSON": {
            "type": "FeatureCollection",
            "features": [
                {
                    "type": "Feature",
                    "geometry": {
                        "type": "Point",
                        "coordinates": [
                            49.2460768,
                            55.7937654
                        ]
                    },
                    "properties": {
                        "createdDate": 1703518222663,
                        "bearing": 8.009675979614258,
                        "velocity": 1.5237579345703125
                    }
                },
                {
                    "type": "Feature",
                    "geometry": {
                        "type": "Point",
                        "coordinates": [
                            49.2460875,
                            55.7937664
                        ]
                    },
                    "properties": {
                        "createdDate": 1703518227687,
                        "bearing": 15.544713973999023,
                        "velocity": 0.6066791415214539
                    }
                },
                {
                    "type": "Feature",
                    "geometry": {
                        "type": "Point",
                        "coordinates": [
                            49.2460922,
                            55.7937681
                        ]
                    },
                    "properties": {
                        "createdDate": 1703518232678,
                        "bearing": 21.54412841796875,
                        "velocity": 0.2695994973182678
                    }
                },
                {
                    "type": "Feature",
                    "geometry": {
                        "type": "Point",
                        "coordinates": [
                            49.2460932,
                            55.7937536
                        ]
                    },
                    "properties": {
                        "createdDate": 1703518237663,
                        "bearing": 0.0,
                        "velocity": 0.07170948386192322
                    }
                },
                {
                    "type": "Feature",
                    "geometry": {
                        "type": "Point",
                        "coordinates": [
                            49.2460913,
                            55.793747
                        ]
                    },
                    "properties": {
                        "createdDate": 1703518242669,
                        "bearing": 173.68568420410156,
                        "velocity": 0.10246352851390839
                    }
                },
                {
                    "type": "Feature",
                    "geometry": {
                        "type": "Point",
                        "coordinates": [
                            49.2461008,
                            55.7937586
                        ]
                    },
                    "properties": {
                        "createdDate": 1703518247660,
                        "bearing": 35.372684478759766,
                        "velocity": 0.12293567508459091
                    }
                },
                {
                    "type": "Feature",
                    "geometry": {
                        "type": "Point",
                        "coordinates": [
                            49.2460336,
                            55.7937341
                        ]
                    },
                    "properties": {
                        "createdDate": 1703518252666,
                        "bearing": 240.21194458007812,
                        "velocity": 0.4297782778739929
                    }
                },
                {
                    "type": "Feature",
                    "geometry": {
                        "type": "Point",
                        "coordinates": [
                            49.2464806,
                            55.7939017
                        ]
                    },
                    "properties": {
                        "createdDate": 1703518257673,
                        "bearing": 56.264549255371094,
                        "velocity": 5.6056623458862305
                    }
                },
                {
                    "type": "Feature",
                    "geometry": {
                        "type": "Point",
                        "coordinates": [
                            49.2460679,
                            55.7938278
                        ]
                    },
                    "properties": {
                        "createdDate": 1703518262663,
                        "bearing": 256.1566467285156,
                        "velocity": 3.540994167327881
                    }
                },
                {
                    "type": "Feature",
                    "geometry": {
                        "type": "Point",
                        "coordinates": [
                            49.2460679,
                            55.7937912
                        ]
                    },
                    "properties": {
                        "createdDate": 1703518264661,
                        "bearing": 209.87806701660156,
                        "velocity": 2.5167667865753174
                    }
                },
                {
                    "type": "Feature",
                    "geometry": {
                        "type": "Point",
                        "coordinates": [
                            49.2460772,
                            55.7937803
                        ]
                    },
                    "properties": {
                        "createdDate": 1703518265669,
                        "bearing": 193.1800079345703,
                        "velocity": 1.5955955982208252
                    }
                },
                {
                    "type": "Feature",
                    "geometry": {
                        "type": "Point",
                        "coordinates": [
                            49.2460654,
                            55.7937937
                        ]
                    },
                    "properties": {
                        "createdDate": 1703518266660,
                        "bearing": 260.1146545410156,
                        "velocity": 0.4951695203781128
                    }
                },
                {
                    "type": "Feature",
                    "geometry": {
                        "type": "Point",
                        "coordinates": [
                            49.2460486,
                            55.7937985
                        ]
                    },
                    "properties": {
                        "createdDate": 1703518270681,
                        "bearing": 283.0601501464844,
                        "velocity": 0.28936687111854553
                    }
                },
                {
                    "type": "Feature",
                    "geometry": {
                        "type": "Point",
                        "coordinates": [
                            49.2460501,
                            55.793798
                        ]
                    },
                    "properties": {
                        "createdDate": 1703518272676,
                        "bearing": 281.5151062011719,
                        "velocity": 0.20205867290496826
                    }
                },
                {
                    "type": "Feature",
                    "geometry": {
                        "type": "Point",
                        "coordinates": [
                            49.2460432,
                            55.793799
                        ]
                    },
                    "properties": {
                        "createdDate": 1703518273665,
                        "bearing": 282.2598876953125,
                        "velocity": 0.2208535224199295
                    }
                },
                {
                    "type": "Feature",
                    "geometry": {
                        "type": "Point",
                        "coordinates": [
                            49.2460406,
                            55.7937987
                        ]
                    },
                    "properties": {
                        "createdDate": 1703518275665,
                        "bearing": 278.04669189453125,
                        "velocity": 0.18087756633758545
                    }
                },
                {
                    "type": "Feature",
                    "geometry": {
                        "type": "Point",
                        "coordinates": [
                            49.2460347,
                            55.793803
                        ]
                    },
                    "properties": {
                        "createdDate": 1703518277682,
                        "bearing": 299.45562744140625,
                        "velocity": 0.21085943281650543
                    }
                },
                {
                    "type": "Feature",
                    "geometry": {
                        "type": "Point",
                        "coordinates": [
                            49.2460295,
                            55.7938069
                        ]
                    },
                    "properties": {
                        "createdDate": 1703518280672,
                        "bearing": 309.9014892578125,
                        "velocity": 0.18645605444908142
                    }
                },
                {
                    "type": "Feature",
                    "geometry": {
                        "type": "Point",
                        "coordinates": [
                            49.2460275,
                            55.7938117
                        ]
                    },
                    "properties": {
                        "createdDate": 1703518282673,
                        "bearing": 324.7928771972656,
                        "velocity": 0.21133072674274445
                    }
                },
                {
                    "type": "Feature",
                    "geometry": {
                        "type": "Point",
                        "coordinates": [
                            49.2460258,
                            55.7938127
                        ]
                    },
                    "properties": {
                        "createdDate": 1703518283678,
                        "bearing": 323.49981689453125,
                        "velocity": 0.1903470903635025
                    }
                },
                {
                    "type": "Feature",
                    "geometry": {
                        "type": "Point",
                        "coordinates": [
                            49.2460262,
                            55.7938111
                        ]
                    },
                    "properties": {
                        "createdDate": 1703518285677,
                        "bearing": 314.2458801269531,
                        "velocity": 0.10195310413837433
                    }
                },
                {
                    "type": "Feature",
                    "geometry": {
                        "type": "Point",
                        "coordinates": [
                            49.2460281,
                            55.7938081
                        ]
                    },
                    "properties": {
                        "createdDate": 1703518286685,
                        "bearing": 0.0,
                        "velocity": 0.03356069326400757
                    }
                },
                {
                    "type": "Feature",
                    "geometry": {
                        "type": "Point",
                        "coordinates": [
                            49.2460304,
                            55.7938045
                        ]
                    },
                    "properties": {
                        "createdDate": 1703518288687,
                        "bearing": 0.0,
                        "velocity": 0.0912705808877945
                    }
                },
                {
                    "type": "Feature",
                    "geometry": {
                        "type": "Point",
                        "coordinates": [
                            49.2460331,
                            55.7938006
                        ]
                    },
                    "properties": {
                        "createdDate": 1703518289694,
                        "bearing": 165.53887939453125,
                        "velocity": 0.16118863224983215
                    }
                },
                {
                    "type": "Feature",
                    "geometry": {
                        "type": "Point",
                        "coordinates": [
                            49.2460349,
                            55.7937984
                        ]
                    },
                    "properties": {
                        "createdDate": 1703518290702,
                        "bearing": 162.0603485107422,
                        "velocity": 0.17739157378673553
                    }
                },
                {
                    "type": "Feature",
                    "geometry": {
                        "type": "Point",
                        "coordinates": [
                            49.2460381,
                            55.7937974
                        ]
                    },
                    "properties": {
                        "createdDate": 1703518291691,
                        "bearing": 150.97213745117188,
                        "velocity": 0.15770423412322998
                    }
                },
                {
                    "type": "Feature",
                    "geometry": {
                        "type": "Point",
                        "coordinates": [
                            49.2460419,
                            55.7937958
                        ]
                    },
                    "properties": {
                        "createdDate": 1703518293691,
                        "bearing": 143.049072265625,
                        "velocity": 0.18006712198257446
                    }
                },
                {
                    "type": "Feature",
                    "geometry": {
                        "type": "Point",
                        "coordinates": [
                            49.2460464,
                            55.7937934
                        ]
                    },
                    "properties": {
                        "createdDate": 1703518294699,
                        "bearing": 139.4827423095703,
                        "velocity": 0.21977566182613373
                    }
                },
                {
                    "type": "Feature",
                    "geometry": {
                        "type": "Point",
                        "coordinates": [
                            49.2460502,
                            55.7937902
                        ]
                    },
                    "properties": {
                        "createdDate": 1703518295708,
                        "bearing": 141.6785888671875,
                        "velocity": 0.2655404210090637
                    }
                },
                {
                    "type": "Feature",
                    "geometry": {
                        "type": "Point",
                        "coordinates": [
                            49.2460544,
                            55.7937926
                        ]
                    },
                    "properties": {
                        "createdDate": 1703518297707,
                        "bearing": 114.18772888183594,
                        "velocity": 0.1583123803138733
                    }
                },
                {
                    "type": "Feature",
                    "geometry": {
                        "type": "Point",
                        "coordinates": [
                            49.2460553,
                            55.793799
                        ]
                    },
                    "properties": {
                        "createdDate": 1703518298697,
                        "bearing": 53.754817962646484,
                        "velocity": 0.1521141231060028
                    }
                },
                {
                    "type": "Feature",
                    "geometry": {
                        "type": "Point",
                        "coordinates": [
                            49.2460531,
                            55.7938037
                        ]
                    },
                    "properties": {
                        "createdDate": 1703518299706,
                        "bearing": 19.6738224029541,
                        "velocity": 0.18594565987586975
                    }
                },
                {
                    "type": "Feature",
                    "geometry": {
                        "type": "Point",
                        "coordinates": [
                            49.2460474,
                            55.7938083
                        ]
                    },
                    "properties": {
                        "createdDate": 1703518300714,
                        "bearing": 351.8588562011719,
                        "velocity": 0.24971002340316772
                    }
                },
                {
                    "type": "Feature",
                    "geometry": {
                        "type": "Point",
                        "coordinates": [
                            49.2460304,
                            55.7938197
                        ]
                    },
                    "properties": {
                        "createdDate": 1703518305720,
                        "bearing": 328.3346252441406,
                        "velocity": 0.29923221468925476
                    }
                },
                {
                    "type": "Feature",
                    "geometry": {
                        "type": "Point",
                        "coordinates": [
                            49.2460261,
                            55.7938232
                        ]
                    },
                    "properties": {
                        "createdDate": 1703518308711,
                        "bearing": 327.37994384765625,
                        "velocity": 0.23365946114063263
                    }
                },
                {
                    "type": "Feature",
                    "geometry": {
                        "type": "Point",
                        "coordinates": [
                            49.2460258,
                            55.7938232
                        ]
                    },
                    "properties": {
                        "createdDate": 1703518309719,
                        "bearing": 326.2429504394531,
                        "velocity": 0.2042107880115509
                    }
                },
                {
                    "type": "Feature",
                    "geometry": {
                        "type": "Point",
                        "coordinates": [
                            49.2460243,
                            55.7938234
                        ]
                    },
                    "properties": {
                        "createdDate": 1703518310728,
                        "bearing": 322.43829345703125,
                        "velocity": 0.1708776354789734
                    }
                },
                {
                    "type": "Feature",
                    "geometry": {
                        "type": "Point",
                        "coordinates": [
                            49.2460234,
                            55.7938242
                        ]
                    },
                    "properties": {
                        "createdDate": 1703518311738,
                        "bearing": 322.9154052734375,
                        "velocity": 0.15259453654289246
                    }
                },
                {
                    "type": "Feature",
                    "geometry": {
                        "type": "Point",
                        "coordinates": [
                            49.2460234,
                            55.793826
                        ]
                    },
                    "properties": {
                        "createdDate": 1703518312744,
                        "bearing": 333.6366271972656,
                        "velocity": 0.15300072729587555
                    }
                },
                {
                    "type": "Feature",
                    "geometry": {
                        "type": "Point",
                        "coordinates": [
                            49.2460243,
                            55.7938281
                        ]
                    },
                    "properties": {
                        "createdDate": 1703518313744,
                        "bearing": 345.9977722167969,
                        "velocity": 0.17905095219612122
                    }
                },
                {
                    "type": "Feature",
                    "geometry": {
                        "type": "Point",
                        "coordinates": [
                            49.2460261,
                            55.793832
                        ]
                    },
                    "properties": {
                        "createdDate": 1703518314746,
                        "bearing": 358.2995300292969,
                        "velocity": 0.23341451585292816
                    }
                },
                {
                    "type": "Feature",
                    "geometry": {
                        "type": "Point",
                        "coordinates": [
                            49.2460292,
                            55.7938368
                        ]
                    },
                    "properties": {
                        "createdDate": 1703518315738,
                        "bearing": 7.509226322174072,
                        "velocity": 0.27838966250419617
                    }
                },
                {
                    "type": "Feature",
                    "geometry": {
                        "type": "Point",
                        "coordinates": [
                            49.246046,
                            55.7938403
                        ]
                    },
                    "properties": {
                        "createdDate": 1703518316743,
                        "bearing": 39.4787712097168,
                        "velocity": 0.36156854033470154
                    }
                },
                {
                    "type": "Feature",
                    "geometry": {
                        "type": "Point",
                        "coordinates": [
                            49.2460576,
                            55.7938394
                        ]
                    },
                    "properties": {
                        "createdDate": 1703518320744,
                        "bearing": 62.01357650756836,
                        "velocity": 0.23846958577632904
                    }
                },
                {
                    "type": "Feature",
                    "geometry": {
                        "type": "Point",
                        "coordinates": [
                            49.2460656,
                            55.7938351
                        ]
                    },
                    "properties": {
                        "createdDate": 1703518325766,
                        "bearing": 87.30220794677734,
                        "velocity": 0.15456067025661469
                    }
                },
                {
                    "type": "Feature",
                    "geometry": {
                        "type": "Point",
                        "coordinates": [
                            49.2460635,
                            55.7938313
                        ]
                    },
                    "properties": {
                        "createdDate": 1703518332773,
                        "bearing": 0.0,
                        "velocity": 0.060148436576128006
                    }
                },
                {
                    "type": "Feature",
                    "geometry": {
                        "type": "Point",
                        "coordinates": [
                            49.2460608,
                            55.7938278
                        ]
                    },
                    "properties": {
                        "createdDate": 1703518335780,
                        "bearing": 203.39634704589844,
                        "velocity": 0.1265150010585785
                    }
                },
                {
                    "type": "Feature",
                    "geometry": {
                        "type": "Point",
                        "coordinates": [
                            49.2460478,
                            55.7938278
                        ]
                    },
                    "properties": {
                        "createdDate": 1703518340787,
                        "bearing": 266.05950927734375,
                        "velocity": 0.15156441926956177
                    }
                },
                {
                    "type": "Feature",
                    "geometry": {
                        "type": "Point",
                        "coordinates": [
                            49.2460506,
                            55.7938293
                        ]
                    },
                    "properties": {
                        "createdDate": 1703518345792,
                        "bearing": 0.0,
                        "velocity": 0.03644691780209541
                    }
                },
                {
                    "type": "Feature",
                    "geometry": {
                        "type": "Point",
                        "coordinates": [
                            49.2460457,
                            55.7938268
                        ]
                    },
                    "properties": {
                        "createdDate": 1703518350797,
                        "bearing": 0.0,
                        "velocity": 0.07342123985290527
                    }
                },
                {
                    "type": "Feature",
                    "geometry": {
                        "type": "Point",
                        "coordinates": [
                            49.2460444,
                            55.7938263
                        ]
                    },
                    "properties": {
                        "createdDate": 1703518355804,
                        "bearing": 0.0,
                        "velocity": 0.02419358678162098
                    }
                },
                {
                    "type": "Feature",
                    "geometry": {
                        "type": "Point",
                        "coordinates": [
                            49.246051,
                            55.7938268
                        ]
                    },
                    "properties": {
                        "createdDate": 1703518360810,
                        "bearing": 0.0,
                        "velocity": 0.07553211599588394
                    }
                },
                {
                    "type": "Feature",
                    "geometry": {
                        "type": "Point",
                        "coordinates": [
                            49.2460863,
                            55.7938292
                        ]
                    },
                    "properties": {
                        "createdDate": 1703518365804,
                        "bearing": 82.86801147460938,
                        "velocity": 0.40884512662887573
                    }
                },
                {
                    "type": "Feature",
                    "geometry": {
                        "type": "Point",
                        "coordinates": [
                            49.2460791,
                            55.7938283
                        ]
                    },
                    "properties": {
                        "createdDate": 1703518370811,
                        "bearing": 0.0,
                        "velocity": 0.05529734864830971
                    }
                },
                {
                    "type": "Feature",
                    "geometry": {
                        "type": "Point",
                        "coordinates": [
                            49.2460452,
                            55.7938259
                        ]
                    },
                    "properties": {
                        "createdDate": 1703518375829,
                        "bearing": 262.8329772949219,
                        "velocity": 0.3906266391277313
                    }
                },
                {
                    "type": "Feature",
                    "geometry": {
                        "type": "Point",
                        "coordinates": [
                            49.2460723,
                            55.7938316
                        ]
                    },
                    "properties": {
                        "createdDate": 1703518380839,
                        "bearing": 68.50923156738281,
                        "velocity": 0.3085423409938812
                    }
                },
                {
                    "type": "Feature",
                    "geometry": {
                        "type": "Point",
                        "coordinates": [
                            49.2460473,
                            55.7938248
                        ]
                    },
                    "properties": {
                        "createdDate": 1703518385842,
                        "bearing": 244.01516723632812,
                        "velocity": 0.2939596176147461
                    }
                },
                {
                    "type": "Feature",
                    "geometry": {
                        "type": "Point",
                        "coordinates": [
                            49.246073,
                            55.7938331
                        ]
                    },
                    "properties": {
                        "createdDate": 1703518392848,
                        "bearing": 59.84147644042969,
                        "velocity": 0.2437974363565445
                    }
                },
                {
                    "type": "Feature",
                    "geometry": {
                        "type": "Point",
                        "coordinates": [
                            49.2460696,
                            55.7938325
                        ]
                    },
                    "properties": {
                        "createdDate": 1703518395856,
                        "bearing": 0.0,
                        "velocity": 0.03832840546965599
                    }
                },
                {
                    "type": "Feature",
                    "geometry": {
                        "type": "Point",
                        "coordinates": [
                            49.2460443,
                            55.7938257
                        ]
                    },
                    "properties": {
                        "createdDate": 1703518400862,
                        "bearing": 244.4982452392578,
                        "velocity": 0.3193436563014984
                    }
                },
                {
                    "type": "Feature",
                    "geometry": {
                        "type": "Point",
                        "coordinates": [
                            49.2460592,
                            55.7938331
                        ]
                    },
                    "properties": {
                        "createdDate": 1703518405868,
                        "bearing": 46.019744873046875,
                        "velocity": 0.20069894194602966
                    }
                },
                {
                    "type": "Feature",
                    "geometry": {
                        "type": "Point",
                        "coordinates": [
                            49.2460455,
                            55.7938292
                        ]
                    },
                    "properties": {
                        "createdDate": 1703518410878,
                        "bearing": 244.29251098632812,
                        "velocity": 0.16431376338005066
                    }
                },
                {
                    "type": "Feature",
                    "geometry": {
                        "type": "Point",
                        "coordinates": [
                            49.2460552,
                            55.7938357
                        ]
                    },
                    "properties": {
                        "createdDate": 1703518415900,
                        "bearing": 38.002811431884766,
                        "velocity": 0.1631731390953064
                    }
                },
                {
                    "type": "Feature",
                    "geometry": {
                        "type": "Point",
                        "coordinates": [
                            49.2460498,
                            55.7938318
                        ]
                    },
                    "properties": {
                        "createdDate": 1703518420906,
                        "bearing": 0.0,
                        "velocity": 0.0891440138220787
                    }
                },
                {
                    "type": "Feature",
                    "geometry": {
                        "type": "Point",
                        "coordinates": [
                            49.2460561,
                            55.7938295
                        ]
                    },
                    "properties": {
                        "createdDate": 1703518425916,
                        "bearing": 0.0,
                        "velocity": 0.08648109436035156
                    }
                },
                {
                    "type": "Feature",
                    "geometry": {
                        "type": "Point",
                        "coordinates": [
                            49.2460517,
                            55.7938295
                        ]
                    },
                    "properties": {
                        "createdDate": 1703518430919,
                        "bearing": 0.0,
                        "velocity": 0.045632679015398026
                    }
                },
                {
                    "type": "Feature",
                    "geometry": {
                        "type": "Point",
                        "coordinates": [
                            49.2460481,
                            55.7938283
                        ]
                    },
                    "properties": {
                        "createdDate": 1703518435929,
                        "bearing": 0.0,
                        "velocity": 0.05100123956799507
                    }
                },
                {
                    "type": "Feature",
                    "geometry": {
                        "type": "Point",
                        "coordinates": [
                            49.246054,
                            55.7938325
                        ]
                    },
                    "properties": {
                        "createdDate": 1703518440931,
                        "bearing": 37.49431228637695,
                        "velocity": 0.10654355585575104
                    }
                },
                {
                    "type": "Feature",
                    "geometry": {
                        "type": "Point",
                        "coordinates": [
                            49.2460485,
                            55.7938285
                        ]
                    },
                    "properties": {
                        "createdDate": 1703518446947,
                        "bearing": 0.0,
                        "velocity": 0.09466544538736343
                    }
                },
                {
                    "type": "Feature",
                    "geometry": {
                        "type": "Point",
                        "coordinates": [
                            49.2460564,
                            55.7938267
                        ]
                    },
                    "properties": {
                        "createdDate": 1703518452962,
                        "bearing": 0.0,
                        "velocity": 0.0735321193933487
                    }
                },
                {
                    "type": "Feature",
                    "geometry": {
                        "type": "Point",
                        "coordinates": [
                            49.2460376,
                            55.7938212
                        ]
                    },
                    "properties": {
                        "createdDate": 1703518455952,
                        "bearing": 241.5950469970703,
                        "velocity": 0.37108153104782104
                    }
                },
                {
                    "type": "Feature",
                    "geometry": {
                        "type": "Point",
                        "coordinates": [
                            49.24604,
                            55.7938252
                        ]
                    },
                    "properties": {
                        "createdDate": 1703518460960,
                        "bearing": 0.0,
                        "velocity": 0.05922190099954605
                    }
                },
                {
                    "type": "Feature",
                    "geometry": {
                        "type": "Point",
                        "coordinates": [
                            49.2460644,
                            55.7938326
                        ]
                    },
                    "properties": {
                        "createdDate": 1703518465968,
                        "bearing": 60.66328048706055,
                        "velocity": 0.32235783338546753
                    }
                },
                {
                    "type": "Feature",
                    "geometry": {
                        "type": "Point",
                        "coordinates": [
                            49.2460557,
                            55.7938284
                        ]
                    },
                    "properties": {
                        "createdDate": 1703518471979,
                        "bearing": 226.3665771484375,
                        "velocity": 0.10509244352579117
                    }
                },
                {
                    "type": "Feature",
                    "geometry": {
                        "type": "Point",
                        "coordinates": [
                            49.2460482,
                            55.7938271
                        ]
                    },
                    "properties": {
                        "createdDate": 1703518475979,
                        "bearing": 0.0,
                        "velocity": 0.09767426550388336
                    }
                },
                {
                    "type": "Feature",
                    "geometry": {
                        "type": "Point",
                        "coordinates": [
                            49.2460469,
                            55.7938306
                        ]
                    },
                    "properties": {
                        "createdDate": 1703518481001,
                        "bearing": 0.0,
                        "velocity": 0.07118984311819077
                    }
                },
                {
                    "type": "Feature",
                    "geometry": {
                        "type": "Point",
                        "coordinates": [
                            49.2460478,
                            55.7938284
                        ]
                    },
                    "properties": {
                        "createdDate": 1703518485997,
                        "bearing": 0.0,
                        "velocity": 0.04147369787096977
                    }
                },
                {
                    "type": "Feature",
                    "geometry": {
                        "type": "Point",
                        "coordinates": [
                            49.2460439,
                            55.7938302
                        ]
                    },
                    "properties": {
                        "createdDate": 1703518491017,
                        "bearing": 0.0,
                        "velocity": 0.056224457919597626
                    }
                },
                {
                    "type": "Feature",
                    "geometry": {
                        "type": "Point",
                        "coordinates": [
                            49.2460489,
                            55.7938345
                        ]
                    },
                    "properties": {
                        "createdDate": 1703518496020,
                        "bearing": 30.406734466552734,
                        "velocity": 0.10556800663471222
                    }
                },
                {
                    "type": "Feature",
                    "geometry": {
                        "type": "Point",
                        "coordinates": [
                            49.2460509,
                            55.7938327
                        ]
                    },
                    "properties": {
                        "createdDate": 1703518501028,
                        "bearing": 0.0,
                        "velocity": 0.04114397615194321
                    }
                },
                {
                    "type": "Feature",
                    "geometry": {
                        "type": "Point",
                        "coordinates": [
                            49.2460481,
                            55.793835
                        ]
                    },
                    "properties": {
                        "createdDate": 1703518507042,
                        "bearing": 0.0,
                        "velocity": 0.054364658892154694
                    }
                },
                {
                    "type": "Feature",
                    "geometry": {
                        "type": "Point",
                        "coordinates": [
                            49.246047,
                            55.7938271
                        ]
                    },
                    "properties": {
                        "createdDate": 1703518513056,
                        "bearing": 185.437744140625,
                        "velocity": 0.12034191191196442
                    }
                },
                {
                    "type": "Feature",
                    "geometry": {
                        "type": "Point",
                        "coordinates": [
                            49.2460473,
                            55.7938256
                        ]
                    },
                    "properties": {
                        "createdDate": 1703518516047,
                        "bearing": 0.0,
                        "velocity": 0.06246359646320343
                    }
                }
            ]
        }
    },
    {
        "uuid": "1a9b3e44-8d4d-4992-9593-4fe1b1a3e081",
        "videoId": "1703517918355",
        "filePath": "/vs_data/citysoft-dev/video/2023/12/25/5b8b176f019ea18e/1703517330494/1703517918355/1703517918355.mp4",
        "sessionId": "1703517330494",
        "deviceId": "5b8b176f019ea18e",
        "descriptions": {
            "onDevice": "VladTest",
            "onServer": "VladTest"
        },
        "numbers": {
            "onDevice": "VladTest",
            "onServer": "VladTest"
        },
        "processingStatus": "CORRUPTED",
        "operatorId": 1,
        "creationDate": "2023-12-25T15:25:18.355Z",
        "processedDate": "2023-12-25T16:20:10.664Z",
        "homographyId": null,
        "mergedPartsCount": 304,
        "fps": 0,
        "size": 42698367,
        "resolution": null,
        "errorReason": null,
        "errorModule": null,
        "errorMessage": null,
        "geoJSON": {
            "type": "FeatureCollection",
            "features": [
                {
                    "type": "Feature",
                    "geometry": {
                        "type": "Point",
                        "coordinates": [
                            49.2495055,
                            55.7910845
                        ]
                    },
                    "properties": {
                        "createdDate": 1703517918355,
                        "bearing": 329.8983154296875,
                        "velocity": 6.874040603637695
                    }
                },
                {
                    "type": "Feature",
                    "geometry": {
                        "type": "Point",
                        "coordinates": [
                            49.2494537,
                            55.7911392
                        ]
                    },
                    "properties": {
                        "createdDate": 1703517919346,
                        "bearing": 328.27764892578125,
                        "velocity": 6.218581676483154
                    }
                },
                {
                    "type": "Feature",
                    "geometry": {
                        "type": "Point",
                        "coordinates": [
                            49.2494039,
                            55.791183
                        ]
                    },
                    "properties": {
                        "createdDate": 1703517920355,
                        "bearing": 325.37646484375,
                        "velocity": 5.5836076736450195
                    }
                },
                {
                    "type": "Feature",
                    "geometry": {
                        "type": "Point",
                        "coordinates": [
                            49.2493638,
                            55.7912285
                        ]
                    },
                    "properties": {
                        "createdDate": 1703517921362,
                        "bearing": 330.5852355957031,
                        "velocity": 5.69921875
                    }
                },
                {
                    "type": "Feature",
                    "geometry": {
                        "type": "Point",
                        "coordinates": [
                            49.2493254,
                            55.791278
                        ]
                    },
                    "properties": {
                        "createdDate": 1703517922354,
                        "bearing": 329.21453857421875,
                        "velocity": 5.716132640838623
                    }
                },
                {
                    "type": "Feature",
                    "geometry": {
                        "type": "Point",
                        "coordinates": [
                            49.2492806,
                            55.7913206
                        ]
                    },
                    "properties": {
                        "createdDate": 1703517923362,
                        "bearing": 325.3934326171875,
                        "velocity": 5.710542678833008
                    }
                },
                {
                    "type": "Feature",
                    "geometry": {
                        "type": "Point",
                        "coordinates": [
                            49.2492305,
                            55.7913628
                        ]
                    },
                    "properties": {
                        "createdDate": 1703517924355,
                        "bearing": 325.2698974609375,
                        "velocity": 5.726926803588867
                    }
                },
                {
                    "type": "Feature",
                    "geometry": {
                        "type": "Point",
                        "coordinates": [
                            49.2491822,
                            55.7914029
                        ]
                    },
                    "properties": {
                        "createdDate": 1703517925360,
                        "bearing": 325.2523193359375,
                        "velocity": 5.521074295043945
                    }
                },
                {
                    "type": "Feature",
                    "geometry": {
                        "type": "Point",
                        "coordinates": [
                            49.249135,
                            55.7914404
                        ]
                    },
                    "properties": {
                        "createdDate": 1703517926370,
                        "bearing": 324.3489074707031,
                        "velocity": 5.345754623413086
                    }
                },
                {
                    "type": "Feature",
                    "geometry": {
                        "type": "Point",
                        "coordinates": [
                            49.2490961,
                            55.7914752
                        ]
                    },
                    "properties": {
                        "createdDate": 1703517927364,
                        "bearing": 325.44964599609375,
                        "velocity": 4.899221420288086
                    }
                },
                {
                    "type": "Feature",
                    "geometry": {
                        "type": "Point",
                        "coordinates": [
                            49.2490639,
                            55.7915116
                        ]
                    },
                    "properties": {
                        "createdDate": 1703517928368,
                        "bearing": 325.6664733886719,
                        "velocity": 4.651284694671631
                    }
                },
                {
                    "type": "Feature",
                    "geometry": {
                        "type": "Point",
                        "coordinates": [
                            49.2490418,
                            55.7915428
                        ]
                    },
                    "properties": {
                        "createdDate": 1703517929365,
                        "bearing": 327.53955078125,
                        "velocity": 3.949481725692749
                    }
                },
                {
                    "type": "Feature",
                    "geometry": {
                        "type": "Point",
                        "coordinates": [
                            49.249031,
                            55.7915672
                        ]
                    },
                    "properties": {
                        "createdDate": 1703517930369,
                        "bearing": 326.823974609375,
                        "velocity": 2.3659720420837402
                    }
                },
                {
                    "type": "Feature",
                    "geometry": {
                        "type": "Point",
                        "coordinates": [
                            49.2490305,
                            55.7915841
                        ]
                    },
                    "properties": {
                        "createdDate": 1703517931360,
                        "bearing": 330.4071044921875,
                        "velocity": 1.935361623764038
                    }
                },
                {
                    "type": "Feature",
                    "geometry": {
                        "type": "Point",
                        "coordinates": [
                            49.2490241,
                            55.7916035
                        ]
                    },
                    "properties": {
                        "createdDate": 1703517932368,
                        "bearing": 328.978515625,
                        "velocity": 2.6199862957000732
                    }
                },
                {
                    "type": "Feature",
                    "geometry": {
                        "type": "Point",
                        "coordinates": [
                            49.2490101,
                            55.791634
                        ]
                    },
                    "properties": {
                        "createdDate": 1703517933376,
                        "bearing": 336.6162414550781,
                        "velocity": 2.941232442855835
                    }
                },
                {
                    "type": "Feature",
                    "geometry": {
                        "type": "Point",
                        "coordinates": [
                            49.248995,
                            55.7916641
                        ]
                    },
                    "properties": {
                        "createdDate": 1703517934367,
                        "bearing": 334.2757873535156,
                        "velocity": 2.699836254119873
                    }
                },
                {
                    "type": "Feature",
                    "geometry": {
                        "type": "Point",
                        "coordinates": [
                            49.2489777,
                            55.7916839
                        ]
                    },
                    "properties": {
                        "createdDate": 1703517935375,
                        "bearing": 324.3741455078125,
                        "velocity": 2.0107603073120117
                    }
                },
                {
                    "type": "Feature",
                    "geometry": {
                        "type": "Point",
                        "coordinates": [
                            49.2489598,
                            55.7916972
                        ]
                    },
                    "properties": {
                        "createdDate": 1703517936382,
                        "bearing": 323.3171081542969,
                        "velocity": 1.3625177145004272
                    }
                },
                {
                    "type": "Feature",
                    "geometry": {
                        "type": "Point",
                        "coordinates": [
                            49.2489419,
                            55.7917115
                        ]
                    },
                    "properties": {
                        "createdDate": 1703517937372,
                        "bearing": 319.1644287109375,
                        "velocity": 2.117475986480713
                    }
                },
                {
                    "type": "Feature",
                    "geometry": {
                        "type": "Point",
                        "coordinates": [
                            49.2489127,
                            55.7917324
                        ]
                    },
                    "properties": {
                        "createdDate": 1703517938382,
                        "bearing": 318.04095458984375,
                        "velocity": 3.011770486831665
                    }
                },
                {
                    "type": "Feature",
                    "geometry": {
                        "type": "Point",
                        "coordinates": [
                            49.2488777,
                            55.7917496
                        ]
                    },
                    "properties": {
                        "createdDate": 1703517939388,
                        "bearing": 314.31640625,
                        "velocity": 3.3157143592834473
                    }
                },
                {
                    "type": "Feature",
                    "geometry": {
                        "type": "Point",
                        "coordinates": [
                            49.2488376,
                            55.7917716
                        ]
                    },
                    "properties": {
                        "createdDate": 1703517940381,
                        "bearing": 324.19610595703125,
                        "velocity": 4.427911281585693
                    }
                },
                {
                    "type": "Feature",
                    "geometry": {
                        "type": "Point",
                        "coordinates": [
                            49.2487903,
                            55.7918061
                        ]
                    },
                    "properties": {
                        "createdDate": 1703517941389,
                        "bearing": 322.99993896484375,
                        "velocity": 5.22259521484375
                    }
                },
                {
                    "type": "Feature",
                    "geometry": {
                        "type": "Point",
                        "coordinates": [
                            49.248739,
                            55.7918458
                        ]
                    },
                    "properties": {
                        "createdDate": 1703517942382,
                        "bearing": 324.7375183105469,
                        "velocity": 5.584164619445801
                    }
                },
                {
                    "type": "Feature",
                    "geometry": {
                        "type": "Point",
                        "coordinates": [
                            49.2486842,
                            55.7918904
                        ]
                    },
                    "properties": {
                        "createdDate": 1703517943389,
                        "bearing": 323.11944580078125,
                        "velocity": 6.323318958282471
                    }
                },
                {
                    "type": "Feature",
                    "geometry": {
                        "type": "Point",
                        "coordinates": [
                            49.2486272,
                            55.7919187
                        ]
                    },
                    "properties": {
                        "createdDate": 1703517944398,
                        "bearing": 324.61572265625,
                        "velocity": 6.0540337562561035
                    }
                },
                {
                    "type": "Feature",
                    "geometry": {
                        "type": "Point",
                        "coordinates": [
                            49.2485894,
                            55.7919601
                        ]
                    },
                    "properties": {
                        "createdDate": 1703517945389,
                        "bearing": 333.4649658203125,
                        "velocity": 5.704037666320801
                    }
                },
                {
                    "type": "Feature",
                    "geometry": {
                        "type": "Point",
                        "coordinates": [
                            49.2485628,
                            55.7920125
                        ]
                    },
                    "properties": {
                        "createdDate": 1703517946398,
                        "bearing": 336.6781921386719,
                        "velocity": 6.049870491027832
                    }
                },
                {
                    "type": "Feature",
                    "geometry": {
                        "type": "Point",
                        "coordinates": [
                            49.2485438,
                            55.7920607
                        ]
                    },
                    "properties": {
                        "createdDate": 1703517947403,
                        "bearing": 338.8460693359375,
                        "velocity": 5.928400039672852
                    }
                },
                {
                    "type": "Feature",
                    "geometry": {
                        "type": "Point",
                        "coordinates": [
                            49.2485026,
                            55.7921063
                        ]
                    },
                    "properties": {
                        "createdDate": 1703517948399,
                        "bearing": 333.6404113769531,
                        "velocity": 5.899876117706299
                    }
                },
                {
                    "type": "Feature",
                    "geometry": {
                        "type": "Point",
                        "coordinates": [
                            49.2484541,
                            55.792151
                        ]
                    },
                    "properties": {
                        "createdDate": 1703517949402,
                        "bearing": 329.5148620605469,
                        "velocity": 5.869614124298096
                    }
                },
                {
                    "type": "Feature",
                    "geometry": {
                        "type": "Point",
                        "coordinates": [
                            49.2483995,
                            55.7922029
                        ]
                    },
                    "properties": {
                        "createdDate": 1703517950410,
                        "bearing": 331.6188049316406,
                        "velocity": 6.719793319702148
                    }
                },
                {
                    "type": "Feature",
                    "geometry": {
                        "type": "Point",
                        "coordinates": [
                            49.2483509,
                            55.792254
                        ]
                    },
                    "properties": {
                        "createdDate": 1703517951404,
                        "bearing": 332.8812255859375,
                        "velocity": 6.39484167098999
                    }
                },
                {
                    "type": "Feature",
                    "geometry": {
                        "type": "Point",
                        "coordinates": [
                            49.2483034,
                            55.7923088
                        ]
                    },
                    "properties": {
                        "createdDate": 1703517952410,
                        "bearing": 332.98162841796875,
                        "velocity": 6.563343048095703
                    }
                },
                {
                    "type": "Feature",
                    "geometry": {
                        "type": "Point",
                        "coordinates": [
                            49.2482575,
                            55.7923664
                        ]
                    },
                    "properties": {
                        "createdDate": 1703517953407,
                        "bearing": 333.9261169433594,
                        "velocity": 6.6710076332092285
                    }
                },
                {
                    "type": "Feature",
                    "geometry": {
                        "type": "Point",
                        "coordinates": [
                            49.2482114,
                            55.7924295
                        ]
                    },
                    "properties": {
                        "createdDate": 1703517954409,
                        "bearing": 333.98809814453125,
                        "velocity": 7.1308112144470215
                    }
                },
                {
                    "type": "Feature",
                    "geometry": {
                        "type": "Point",
                        "coordinates": [
                            49.2481661,
                            55.7924915
                        ]
                    },
                    "properties": {
                        "createdDate": 1703517955405,
                        "bearing": 332.3321228027344,
                        "velocity": 6.789205551147461
                    }
                },
                {
                    "type": "Feature",
                    "geometry": {
                        "type": "Point",
                        "coordinates": [
                            49.2481187,
                            55.7925511
                        ]
                    },
                    "properties": {
                        "createdDate": 1703517956414,
                        "bearing": 332.99639892578125,
                        "velocity": 6.725211143493652
                    }
                },
                {
                    "type": "Feature",
                    "geometry": {
                        "type": "Point",
                        "coordinates": [
                            49.2480652,
                            55.7926097
                        ]
                    },
                    "properties": {
                        "createdDate": 1703517957416,
                        "bearing": 331.171142578125,
                        "velocity": 7.027792930603027
                    }
                },
                {
                    "type": "Feature",
                    "geometry": {
                        "type": "Point",
                        "coordinates": [
                            49.2480032,
                            55.7926661
                        ]
                    },
                    "properties": {
                        "createdDate": 1703517958407,
                        "bearing": 327.5030212402344,
                        "velocity": 6.9487690925598145
                    }
                },
                {
                    "type": "Feature",
                    "geometry": {
                        "type": "Point",
                        "coordinates": [
                            49.2479459,
                            55.7927352
                        ]
                    },
                    "properties": {
                        "createdDate": 1703517959417,
                        "bearing": 330.7748107910156,
                        "velocity": 7.190607070922852
                    }
                },
                {
                    "type": "Feature",
                    "geometry": {
                        "type": "Point",
                        "coordinates": [
                            49.2478802,
                            55.792801
                        ]
                    },
                    "properties": {
                        "createdDate": 1703517960406,
                        "bearing": 323.88323974609375,
                        "velocity": 7.595381259918213
                    }
                },
                {
                    "type": "Feature",
                    "geometry": {
                        "type": "Point",
                        "coordinates": [
                            49.2478123,
                            55.7928683
                        ]
                    },
                    "properties": {
                        "createdDate": 1703517961415,
                        "bearing": 328.55145263671875,
                        "velocity": 7.378050804138184
                    }
                },
                {
                    "type": "Feature",
                    "geometry": {
                        "type": "Point",
                        "coordinates": [
                            49.2477493,
                            55.7929247
                        ]
                    },
                    "properties": {
                        "createdDate": 1703517962423,
                        "bearing": 329.96844482421875,
                        "velocity": 6.3651251792907715
                    }
                },
                {
                    "type": "Feature",
                    "geometry": {
                        "type": "Point",
                        "coordinates": [
                            49.2476916,
                            55.7929725
                        ]
                    },
                    "properties": {
                        "createdDate": 1703517963417,
                        "bearing": 334.55657958984375,
                        "velocity": 5.966530799865723
                    }
                },
                {
                    "type": "Feature",
                    "geometry": {
                        "type": "Point",
                        "coordinates": [
                            49.2476467,
                            55.7930189
                        ]
                    },
                    "properties": {
                        "createdDate": 1703517964423,
                        "bearing": 333.2610168457031,
                        "velocity": 5.252971649169922
                    }
                },
                {
                    "type": "Feature",
                    "geometry": {
                        "type": "Point",
                        "coordinates": [
                            49.247605,
                            55.793065
                        ]
                    },
                    "properties": {
                        "createdDate": 1703517965430,
                        "bearing": 333.0495300292969,
                        "velocity": 5.14705228805542
                    }
                },
                {
                    "type": "Feature",
                    "geometry": {
                        "type": "Point",
                        "coordinates": [
                            49.2475694,
                            55.7931099
                        ]
                    },
                    "properties": {
                        "createdDate": 1703517966421,
                        "bearing": 334.9698791503906,
                        "velocity": 4.611275672912598
                    }
                },
                {
                    "type": "Feature",
                    "geometry": {
                        "type": "Point",
                        "coordinates": [
                            49.2475406,
                            55.7931503
                        ]
                    },
                    "properties": {
                        "createdDate": 1703517967431,
                        "bearing": 332.3537292480469,
                        "velocity": 4.459042549133301
                    }
                },
                {
                    "type": "Feature",
                    "geometry": {
                        "type": "Point",
                        "coordinates": [
                            49.247514,
                            55.7931923
                        ]
                    },
                    "properties": {
                        "createdDate": 1703517968421,
                        "bearing": 333.9819030761719,
                        "velocity": 4.243897438049316
                    }
                },
                {
                    "type": "Feature",
                    "geometry": {
                        "type": "Point",
                        "coordinates": [
                            49.247487,
                            55.7932265
                        ]
                    },
                    "properties": {
                        "createdDate": 1703517969429,
                        "bearing": 329.8822021484375,
                        "velocity": 3.524209976196289
                    }
                },
                {
                    "type": "Feature",
                    "geometry": {
                        "type": "Point",
                        "coordinates": [
                            49.2474679,
                            55.7932605
                        ]
                    },
                    "properties": {
                        "createdDate": 1703517970437,
                        "bearing": 332.8803405761719,
                        "velocity": 3.440375566482544
                    }
                },
                {
                    "type": "Feature",
                    "geometry": {
                        "type": "Point",
                        "coordinates": [
                            49.2474489,
                            55.7932942
                        ]
                    },
                    "properties": {
                        "createdDate": 1703517971428,
                        "bearing": 330.5431213378906,
                        "velocity": 3.4285659790039062
                    }
                },
                {
                    "type": "Feature",
                    "geometry": {
                        "type": "Point",
                        "coordinates": [
                            49.2474302,
                            55.7933224
                        ]
                    },
                    "properties": {
                        "createdDate": 1703517972437,
                        "bearing": 332.97955322265625,
                        "velocity": 3.013176202774048
                    }
                },
                {
                    "type": "Feature",
                    "geometry": {
                        "type": "Point",
                        "coordinates": [
                            49.2474215,
                            55.7933453
                        ]
                    },
                    "properties": {
                        "createdDate": 1703517973426,
                        "bearing": 336.8982849121094,
                        "velocity": 2.4880759716033936
                    }
                },
                {
                    "type": "Feature",
                    "geometry": {
                        "type": "Point",
                        "coordinates": [
                            49.2474157,
                            55.7933724
                        ]
                    },
                    "properties": {
                        "createdDate": 1703517974439,
                        "bearing": 333.72576904296875,
                        "velocity": 2.5196614265441895
                    }
                },
                {
                    "type": "Feature",
                    "geometry": {
                        "type": "Point",
                        "coordinates": [
                            49.2474077,
                            55.7933965
                        ]
                    },
                    "properties": {
                        "createdDate": 1703517975444,
                        "bearing": 334.4924621582031,
                        "velocity": 2.051234722137451
                    }
                },
                {
                    "type": "Feature",
                    "geometry": {
                        "type": "Point",
                        "coordinates": [
                            49.2473993,
                            55.793418
                        ]
                    },
                    "properties": {
                        "createdDate": 1703517976441,
                        "bearing": 338.8549499511719,
                        "velocity": 1.8789511919021606
                    }
                },
                {
                    "type": "Feature",
                    "geometry": {
                        "type": "Point",
                        "coordinates": [
                            49.2473875,
                            55.7934306
                        ]
                    },
                    "properties": {
                        "createdDate": 1703517977444,
                        "bearing": 356.0165710449219,
                        "velocity": 0.24206215143203735
                    }
                },
                {
                    "type": "Feature",
                    "geometry": {
                        "type": "Point",
                        "coordinates": [
                            49.2473811,
                            55.7934307
                        ]
                    },
                    "properties": {
                        "createdDate": 1703517978451,
                        "bearing": 0.0,
                        "velocity": 0.03959339112043381
                    }
                },
                {
                    "type": "Feature",
                    "geometry": {
                        "type": "Point",
                        "coordinates": [
                            49.2473781,
                            55.7934315
                        ]
                    },
                    "properties": {
                        "createdDate": 1703517979446,
                        "bearing": 0.0,
                        "velocity": 0.005424243398010731
                    }
                },
                {
                    "type": "Feature",
                    "geometry": {
                        "type": "Point",
                        "coordinates": [
                            49.2473771,
                            55.7934317
                        ]
                    },
                    "properties": {
                        "createdDate": 1703517980451,
                        "bearing": 0.0,
                        "velocity": 5.795664619654417E-4
                    }
                },
                {
                    "type": "Feature",
                    "geometry": {
                        "type": "Point",
                        "coordinates": [
                            49.2473768,
                            55.7934317
                        ]
                    },
                    "properties": {
                        "createdDate": 1703517981458,
                        "bearing": 0.0,
                        "velocity": 6.568300887010992E-5
                    }
                },
                {
                    "type": "Feature",
                    "geometry": {
                        "type": "Point",
                        "coordinates": [
                            49.2473767,
                            55.7934317
                        ]
                    },
                    "properties": {
                        "createdDate": 1703517982450,
                        "bearing": 0.0,
                        "velocity": 6.856776508357143E-6
                    }
                },
                {
                    "type": "Feature",
                    "geometry": {
                        "type": "Point",
                        "coordinates": [
                            49.2473468,
                            55.7934347
                        ]
                    },
                    "properties": {
                        "createdDate": 1703517994479,
                        "bearing": 262.6614685058594,
                        "velocity": 0.3270682394504547
                    }
                },
                {
                    "type": "Feature",
                    "geometry": {
                        "type": "Point",
                        "coordinates": [
                            49.2473162,
                            55.7934363
                        ]
                    },
                    "properties": {
                        "createdDate": 1703517995474,
                        "bearing": 267.7400207519531,
                        "velocity": 0.7350159883499146
                    }
                },
                {
                    "type": "Feature",
                    "geometry": {
                        "type": "Point",
                        "coordinates": [
                            49.2472814,
                            55.7934346
                        ]
                    },
                    "properties": {
                        "createdDate": 1703517996477,
                        "bearing": 254.9658660888672,
                        "velocity": 1.2093547582626343
                    }
                },
                {
                    "type": "Feature",
                    "geometry": {
                        "type": "Point",
                        "coordinates": [
                            49.2472406,
                            55.7934243
                        ]
                    },
                    "properties": {
                        "createdDate": 1703517997470,
                        "bearing": 240.02877807617188,
                        "velocity": 1.7746386528015137
                    }
                },
                {
                    "type": "Feature",
                    "geometry": {
                        "type": "Point",
                        "coordinates": [
                            49.2471887,
                            55.7934068
                        ]
                    },
                    "properties": {
                        "createdDate": 1703517998478,
                        "bearing": 236.4480438232422,
                        "velocity": 2.5383522510528564
                    }
                },
                {
                    "type": "Feature",
                    "geometry": {
                        "type": "Point",
                        "coordinates": [
                            49.2471236,
                            55.7933855
                        ]
                    },
                    "properties": {
                        "createdDate": 1703517999470,
                        "bearing": 235.8783721923828,
                        "velocity": 3.3439579010009766
                    }
                },
                {
                    "type": "Feature",
                    "geometry": {
                        "type": "Point",
                        "coordinates": [
                            49.2470511,
                            55.7933622
                        ]
                    },
                    "properties": {
                        "createdDate": 1703518000477,
                        "bearing": 235.58364868164062,
                        "velocity": 3.9734156131744385
                    }
                },
                {
                    "type": "Feature",
                    "geometry": {
                        "type": "Point",
                        "coordinates": [
                            49.2469742,
                            55.7933376
                        ]
                    },
                    "properties": {
                        "createdDate": 1703518001484,
                        "bearing": 236.02586364746094,
                        "velocity": 4.39971923828125
                    }
                },
                {
                    "type": "Feature",
                    "geometry": {
                        "type": "Point",
                        "coordinates": [
                            49.2468944,
                            55.7933104
                        ]
                    },
                    "properties": {
                        "createdDate": 1703518002480,
                        "bearing": 236.12564086914062,
                        "velocity": 4.804082870483398
                    }
                },
                {
                    "type": "Feature",
                    "geometry": {
                        "type": "Point",
                        "coordinates": [
                            49.2468125,
                            55.7932834
                        ]
                    },
                    "properties": {
                        "createdDate": 1703518003472,
                        "bearing": 236.875244140625,
                        "velocity": 5.135968208312988
                    }
                },
                {
                    "type": "Feature",
                    "geometry": {
                        "type": "Point",
                        "coordinates": [
                            49.2467205,
                            55.7932561
                        ]
                    },
                    "properties": {
                        "createdDate": 1703518004491,
                        "bearing": 238.2773895263672,
                        "velocity": 5.453858852386475
                    }
                },
                {
                    "type": "Feature",
                    "geometry": {
                        "type": "Point",
                        "coordinates": [
                            49.2466259,
                            55.7932328
                        ]
                    },
                    "properties": {
                        "createdDate": 1703518005500,
                        "bearing": 241.544677734375,
                        "velocity": 5.639899253845215
                    }
                },
                {
                    "type": "Feature",
                    "geometry": {
                        "type": "Point",
                        "coordinates": [
                            49.2465252,
                            55.7932105
                        ]
                    },
                    "properties": {
                        "createdDate": 1703518006492,
                        "bearing": 243.6067352294922,
                        "velocity": 5.805354595184326
                    }
                },
                {
                    "type": "Feature",
                    "geometry": {
                        "type": "Point",
                        "coordinates": [
                            49.2464239,
                            55.7931936
                        ]
                    },
                    "properties": {
                        "createdDate": 1703518007499,
                        "bearing": 246.3289794921875,
                        "velocity": 5.898522853851318
                    }
                },
                {
                    "type": "Feature",
                    "geometry": {
                        "type": "Point",
                        "coordinates": [
                            49.2463251,
                            55.793176
                        ]
                    },
                    "properties": {
                        "createdDate": 1703518008496,
                        "bearing": 248.4237823486328,
                        "velocity": 5.9513044357299805
                    }
                },
                {
                    "type": "Feature",
                    "geometry": {
                        "type": "Point",
                        "coordinates": [
                            49.2462379,
                            55.7931532
                        ]
                    },
                    "properties": {
                        "createdDate": 1703518009498,
                        "bearing": 246.4234619140625,
                        "velocity": 5.934239864349365
                    }
                },
                {
                    "type": "Feature",
                    "geometry": {
                        "type": "Point",
                        "coordinates": [
                            49.2461502,
                            55.7931307
                        ]
                    },
                    "properties": {
                        "createdDate": 1703518010505,
                        "bearing": 245.6729736328125,
                        "velocity": 5.939643859863281
                    }
                },
                {
                    "type": "Feature",
                    "geometry": {
                        "type": "Point",
                        "coordinates": [
                            49.2460654,
                            55.7931109
                        ]
                    },
                    "properties": {
                        "createdDate": 1703518011498,
                        "bearing": 247.1015625,
                        "velocity": 5.814320087432861
                    }
                },
                {
                    "type": "Feature",
                    "geometry": {
                        "type": "Point",
                        "coordinates": [
                            49.2459935,
                            55.7930991
                        ]
                    },
                    "properties": {
                        "createdDate": 1703518012506,
                        "bearing": 249.59156799316406,
                        "velocity": 5.4376420974731445
                    }
                },
                {
                    "type": "Feature",
                    "geometry": {
                        "type": "Point",
                        "coordinates": [
                            49.2459295,
                            55.7930955
                        ]
                    },
                    "properties": {
                        "createdDate": 1703518013498,
                        "bearing": 252.22808837890625,
                        "velocity": 5.102055549621582
                    }
                },
                {
                    "type": "Feature",
                    "geometry": {
                        "type": "Point",
                        "coordinates": [
                            49.2458679,
                            55.7930948
                        ]
                    },
                    "properties": {
                        "createdDate": 1703518014507,
                        "bearing": 256.0904541015625,
                        "velocity": 4.738828182220459
                    }
                },
                {
                    "type": "Feature",
                    "geometry": {
                        "type": "Point",
                        "coordinates": [
                            49.2458117,
                            55.7930847
                        ]
                    },
                    "properties": {
                        "createdDate": 1703518015513,
                        "bearing": 254.7883758544922,
                        "velocity": 4.421695709228516
                    }
                },
                {
                    "type": "Feature",
                    "geometry": {
                        "type": "Point",
                        "coordinates": [
                            49.2457475,
                            55.7930757
                        ]
                    },
                    "properties": {
                        "createdDate": 1703518016506,
                        "bearing": 254.57492065429688,
                        "velocity": 4.116838455200195
                    }
                },
                {
                    "type": "Feature",
                    "geometry": {
                        "type": "Point",
                        "coordinates": [
                            49.2456773,
                            55.7930664
                        ]
                    },
                    "properties": {
                        "createdDate": 1703518017512,
                        "bearing": 252.28089904785156,
                        "velocity": 4.165397644042969
                    }
                },
                {
                    "type": "Feature",
                    "geometry": {
                        "type": "Point",
                        "coordinates": [
                            49.2455997,
                            55.7930504
                        ]
                    },
                    "properties": {
                        "createdDate": 1703518018519,
                        "bearing": 248.54644775390625,
                        "velocity": 4.3529372215271
                    }
                },
                {
                    "type": "Feature",
                    "geometry": {
                        "type": "Point",
                        "coordinates": [
                            49.2455268,
                            55.793035
                        ]
                    },
                    "properties": {
                        "createdDate": 1703518019512,
                        "bearing": 248.8524169921875,
                        "velocity": 4.2198567390441895
                    }
                },
                {
                    "type": "Feature",
                    "geometry": {
                        "type": "Point",
                        "coordinates": [
                            49.2454632,
                            55.7930232
                        ]
                    },
                    "properties": {
                        "createdDate": 1703518020518,
                        "bearing": 251.12013244628906,
                        "velocity": 3.9961657524108887
                    }
                },
                {
                    "type": "Feature",
                    "geometry": {
                        "type": "Point",
                        "coordinates": [
                            49.2454031,
                            55.7930084
                        ]
                    },
                    "properties": {
                        "createdDate": 1703518021514,
                        "bearing": 248.00991821289062,
                        "velocity": 3.9391050338745117
                    }
                },
                {
                    "type": "Feature",
                    "geometry": {
                        "type": "Point",
                        "coordinates": [
                            49.245353,
                            55.7929914
                        ]
                    },
                    "properties": {
                        "createdDate": 1703518022518,
                        "bearing": 244.468505859375,
                        "velocity": 3.684730052947998
                    }
                },
                {
                    "type": "Feature",
                    "geometry": {
                        "type": "Point",
                        "coordinates": [
                            49.2453152,
                            55.7929759
                        ]
                    },
                    "properties": {
                        "createdDate": 1703518023526,
                        "bearing": 244.22518920898438,
                        "velocity": 3.251598834991455
                    }
                },
                {
                    "type": "Feature",
                    "geometry": {
                        "type": "Point",
                        "coordinates": [
                            49.2452896,
                            55.792968
                        ]
                    },
                    "properties": {
                        "createdDate": 1703518024521,
                        "bearing": 246.6251678466797,
                        "velocity": 1.7457481622695923
                    }
                },
                {
                    "type": "Feature",
                    "geometry": {
                        "type": "Point",
                        "coordinates": [
                            49.2452733,
                            55.7929664
                        ]
                    },
                    "properties": {
                        "createdDate": 1703518025526,
                        "bearing": 246.3193359375,
                        "velocity": 1.441938042640686
                    }
                },
                {
                    "type": "Feature",
                    "geometry": {
                        "type": "Point",
                        "coordinates": [
                            49.2452457,
                            55.7929704
                        ]
                    },
                    "properties": {
                        "createdDate": 1703518026518,
                        "bearing": 316.9669189453125,
                        "velocity": 2.1154844760894775
                    }
                },
                {
                    "type": "Feature",
                    "geometry": {
                        "type": "Point",
                        "coordinates": [
                            49.2452324,
                            55.7929897
                        ]
                    },
                    "properties": {
                        "createdDate": 1703518027527,
                        "bearing": 323.4759521484375,
                        "velocity": 2.855924606323242
                    }
                },
                {
                    "type": "Feature",
                    "geometry": {
                        "type": "Point",
                        "coordinates": [
                            49.2452165,
                            55.7930116
                        ]
                    },
                    "properties": {
                        "createdDate": 1703518028535,
                        "bearing": 327.51220703125,
                        "velocity": 4.005667209625244
                    }
                },
                {
                    "type": "Feature",
                    "geometry": {
                        "type": "Point",
                        "coordinates": [
                            49.2451839,
                            55.7930467
                        ]
                    },
                    "properties": {
                        "createdDate": 1703518029531,
                        "bearing": 326.98681640625,
                        "velocity": 4.827807903289795
                    }
                },
                {
                    "type": "Feature",
                    "geometry": {
                        "type": "Point",
                        "coordinates": [
                            49.2451361,
                            55.7930748
                        ]
                    },
                    "properties": {
                        "createdDate": 1703518030532,
                        "bearing": 329.2798767089844,
                        "velocity": 5.0002546310424805
                    }
                },
                {
                    "type": "Feature",
                    "geometry": {
                        "type": "Point",
                        "coordinates": [
                            49.2450951,
                            55.7931087
                        ]
                    },
                    "properties": {
                        "createdDate": 1703518031542,
                        "bearing": 328.93243408203125,
                        "velocity": 5.2284417152404785
                    }
                },
                {
                    "type": "Feature",
                    "geometry": {
                        "type": "Point",
                        "coordinates": [
                            49.2450354,
                            55.7931342
                        ]
                    },
                    "properties": {
                        "createdDate": 1703518032533,
                        "bearing": 328.692138671875,
                        "velocity": 4.919325351715088
                    }
                },
                {
                    "type": "Feature",
                    "geometry": {
                        "type": "Point",
                        "coordinates": [
                            49.2449642,
                            55.7931501
                        ]
                    },
                    "properties": {
                        "createdDate": 1703518033541,
                        "bearing": 319.8188781738281,
                        "velocity": 4.362066745758057
                    }
                },
                {
                    "type": "Feature",
                    "geometry": {
                        "type": "Point",
                        "coordinates": [
                            49.2449215,
                            55.7931692
                        ]
                    },
                    "properties": {
                        "createdDate": 1703518034534,
                        "bearing": 324.93634033203125,
                        "velocity": 3.4886679649353027
                    }
                },
                {
                    "type": "Feature",
                    "geometry": {
                        "type": "Point",
                        "coordinates": [
                            49.2448878,
                            55.7931877
                        ]
                    },
                    "properties": {
                        "createdDate": 1703518035541,
                        "bearing": 328.4163513183594,
                        "velocity": 2.8409125804901123
                    }
                },
                {
                    "type": "Feature",
                    "geometry": {
                        "type": "Point",
                        "coordinates": [
                            49.2448635,
                            55.7932039
                        ]
                    },
                    "properties": {
                        "createdDate": 1703518036535,
                        "bearing": 327.1281433105469,
                        "velocity": 2.5412631034851074
                    }
                },
                {
                    "type": "Feature",
                    "geometry": {
                        "type": "Point",
                        "coordinates": [
                            49.2448525,
                            55.7932208
                        ]
                    },
                    "properties": {
                        "createdDate": 1703518037541,
                        "bearing": 336.3914489746094,
                        "velocity": 1.9357558488845825
                    }
                },
                {
                    "type": "Feature",
                    "geometry": {
                        "type": "Point",
                        "coordinates": [
                            49.2448471,
                            55.7932319
                        ]
                    },
                    "properties": {
                        "createdDate": 1703518038547,
                        "bearing": 345.32623291015625,
                        "velocity": 1.5770647525787354
                    }
                },
                {
                    "type": "Feature",
                    "geometry": {
                        "type": "Point",
                        "coordinates": [
                            49.2448438,
                            55.7932441
                        ]
                    },
                    "properties": {
                        "createdDate": 1703518039544,
                        "bearing": 0.9952270984649658,
                        "velocity": 1.694801688194275
                    }
                },
                {
                    "type": "Feature",
                    "geometry": {
                        "type": "Point",
                        "coordinates": [
                            49.2448471,
                            55.793251
                        ]
                    },
                    "properties": {
                        "createdDate": 1703518040548,
                        "bearing": 0.002062218263745308,
                        "velocity": 0.15827523171901703
                    }
                },
                {
                    "type": "Feature",
                    "geometry": {
                        "type": "Point",
                        "coordinates": [
                            49.244857,
                            55.793253
                        ]
                    },
                    "properties": {
                        "createdDate": 1703518041554,
                        "bearing": 0.0,
                        "velocity": 0.022310076281428337
                    }
                },
                {
                    "type": "Feature",
                    "geometry": {
                        "type": "Point",
                        "coordinates": [
                            49.2448692,
                            55.7932568
                        ]
                    },
                    "properties": {
                        "createdDate": 1703518042550,
                        "bearing": 0.0,
                        "velocity": 0.00612488342449069
                    }
                },
                {
                    "type": "Feature",
                    "geometry": {
                        "type": "Point",
                        "coordinates": [
                            49.2448731,
                            55.7932579
                        ]
                    },
                    "properties": {
                        "createdDate": 1703518043554,
                        "bearing": 0.0,
                        "velocity": 0.0015759060624986887
                    }
                },
                {
                    "type": "Feature",
                    "geometry": {
                        "type": "Point",
                        "coordinates": [
                            49.2448744,
                            55.7932582
                        ]
                    },
                    "properties": {
                        "createdDate": 1703518044562,
                        "bearing": 0.0,
                        "velocity": 4.625558212865144E-4
                    }
                },
                {
                    "type": "Feature",
                    "geometry": {
                        "type": "Point",
                        "coordinates": [
                            49.2448748,
                            55.7932583
                        ]
                    },
                    "properties": {
                        "createdDate": 1703518045553,
                        "bearing": 0.0,
                        "velocity": 1.3532687444239855E-4
                    }
                },
                {
                    "type": "Feature",
                    "geometry": {
                        "type": "Point",
                        "coordinates": [
                            49.2448749,
                            55.7932583
                        ]
                    },
                    "properties": {
                        "createdDate": 1703518046561,
                        "bearing": 0.0,
                        "velocity": 8.376593177672476E-5
                    }
                },
                {
                    "type": "Feature",
                    "geometry": {
                        "type": "Point",
                        "coordinates": [
                            49.244875,
                            55.7932583
                        ]
                    },
                    "properties": {
                        "createdDate": 1703518047553,
                        "bearing": 0.0,
                        "velocity": 1.4562179785571061E-5
                    }
                },
                {
                    "type": "Feature",
                    "geometry": {
                        "type": "Point",
                        "coordinates": [
                            49.2449609,
                            55.793302
                        ]
                    },
                    "properties": {
                        "createdDate": 1703518052563,
                        "bearing": 1.2971501350402832,
                        "velocity": 0.22669751942157745
                    }
                },
                {
                    "type": "Feature",
                    "geometry": {
                        "type": "Point",
                        "coordinates": [
                            49.2450078,
                            55.793324
                        ]
                    },
                    "properties": {
                        "createdDate": 1703518053567,
                        "bearing": 52.09567642211914,
                        "velocity": 1.614786148071289
                    }
                },
                {
                    "type": "Feature",
                    "geometry": {
                        "type": "Point",
                        "coordinates": [
                            49.2450321,
                            55.7933356
                        ]
                    },
                    "properties": {
                        "createdDate": 1703518054575,
                        "bearing": 63.188720703125,
                        "velocity": 1.822792649269104
                    }
                },
                {
                    "type": "Feature",
                    "geometry": {
                        "type": "Point",
                        "coordinates": [
                            49.2450316,
                            55.7933384
                        ]
                    },
                    "properties": {
                        "createdDate": 1703518055568,
                        "bearing": 68.59578704833984,
                        "velocity": 1.5997802019119263
                    }
                },
                {
                    "type": "Feature",
                    "geometry": {
                        "type": "Point",
                        "coordinates": [
                            49.2450498,
                            55.7933407
                        ]
                    },
                    "properties": {
                        "createdDate": 1703518056575,
                        "bearing": 71.0280532836914,
                        "velocity": 1.4254882335662842
                    }
                },
                {
                    "type": "Feature",
                    "geometry": {
                        "type": "Point",
                        "coordinates": [
                            49.2450817,
                            55.7933449
                        ]
                    },
                    "properties": {
                        "createdDate": 1703518057565,
                        "bearing": 73.74857330322266,
                        "velocity": 1.5960636138916016
                    }
                },
                {
                    "type": "Feature",
                    "geometry": {
                        "type": "Point",
                        "coordinates": [
                            49.2451364,
                            55.7933358
                        ]
                    },
                    "properties": {
                        "createdDate": 1703518058575,
                        "bearing": 90.92522430419922,
                        "velocity": 2.153087615966797
                    }
                },
                {
                    "type": "Feature",
                    "geometry": {
                        "type": "Point",
                        "coordinates": [
                            49.2451962,
                            55.7933173
                        ]
                    },
                    "properties": {
                        "createdDate": 1703518059581,
                        "bearing": 103.64340209960938,
                        "velocity": 2.6923727989196777
                    }
                },
                {
                    "type": "Feature",
                    "geometry": {
                        "type": "Point",
                        "coordinates": [
                            49.2452408,
                            55.7933079
                        ]
                    },
                    "properties": {
                        "createdDate": 1703518060588,
                        "bearing": 104.87612915039062,
                        "velocity": 2.6727187633514404
                    }
                },
                {
                    "type": "Feature",
                    "geometry": {
                        "type": "Point",
                        "coordinates": [
                            49.245281,
                            55.7933018
                        ]
                    },
                    "properties": {
                        "createdDate": 1703518061584,
                        "bearing": 103.88860321044922,
                        "velocity": 2.606109619140625
                    }
                },
                {
                    "type": "Feature",
                    "geometry": {
                        "type": "Point",
                        "coordinates": [
                            49.2453204,
                            55.793299
                        ]
                    },
                    "properties": {
                        "createdDate": 1703518062587,
                        "bearing": 101.693115234375,
                        "velocity": 2.5299596786499023
                    }
                },
                {
                    "type": "Feature",
                    "geometry": {
                        "type": "Point",
                        "coordinates": [
                            49.2453586,
                            55.7932996
                        ]
                    },
                    "properties": {
                        "createdDate": 1703518063581,
                        "bearing": 97.8066635131836,
                        "velocity": 2.47611141204834
                    }
                },
                {
                    "type": "Feature",
                    "geometry": {
                        "type": "Point",
                        "coordinates": [
                            49.2453994,
                            55.7932989
                        ]
                    },
                    "properties": {
                        "createdDate": 1703518064587,
                        "bearing": 96.94542694091797,
                        "velocity": 2.502143383026123
                    }
                },
                {
                    "type": "Feature",
                    "geometry": {
                        "type": "Point",
                        "coordinates": [
                            49.2454326,
                            55.7933055
                        ]
                    },
                    "properties": {
                        "createdDate": 1703518065579,
                        "bearing": 90.30657196044922,
                        "velocity": 2.332136869430542
                    }
                },
                {
                    "type": "Feature",
                    "geometry": {
                        "type": "Point",
                        "coordinates": [
                            49.2458602,
                            55.7933046
                        ]
                    },
                    "properties": {
                        "createdDate": 1703518081606,
                        "bearing": 90.21634674072266,
                        "velocity": 2.0556418895721436
                    }
                },
                {
                    "type": "Feature",
                    "geometry": {
                        "type": "Point",
                        "coordinates": [
                            49.2459582,
                            55.7933047
                        ]
                    },
                    "properties": {
                        "createdDate": 1703518086612,
                        "bearing": 90.13416290283203,
                        "velocity": 1.80905282497406
                    }
                },
                {
                    "type": "Feature",
                    "geometry": {
                        "type": "Point",
                        "coordinates": [
                            49.2429275,
                            55.7886688
                        ]
                    },
                    "properties": {
                        "createdDate": 1703518146640,
                        "bearing": 0.0,
                        "velocity": 0.0
                    }
                },
                {
                    "type": "Feature",
                    "geometry": {
                        "type": "Point",
                        "coordinates": [
                            49.24566,
                            55.7936783
                        ]
                    },
                    "properties": {
                        "createdDate": 1703518160651,
                        "bearing": 359.0,
                        "velocity": 2.5036089420318604
                    }
                },
                {
                    "type": "Feature",
                    "geometry": {
                        "type": "Point",
                        "coordinates": [
                            49.245597,
                            55.793652
                        ]
                    },
                    "properties": {
                        "createdDate": 1703518161659,
                        "bearing": 348.17449951171875,
                        "velocity": 1.5397840738296509
                    }
                },
                {
                    "type": "Feature",
                    "geometry": {
                        "type": "Point",
                        "coordinates": [
                            49.2456357,
                            55.7936694
                        ]
                    },
                    "properties": {
                        "createdDate": 1703518162650,
                        "bearing": 0.7249393463134766,
                        "velocity": 1.0456470251083374
                    }
                },
                {
                    "type": "Feature",
                    "geometry": {
                        "type": "Point",
                        "coordinates": [
                            49.2456496,
                            55.7936325
                        ]
                    },
                    "properties": {
                        "createdDate": 1703518163641,
                        "bearing": 176.3511505126953,
                        "velocity": 0.2913624942302704
                    }
                },
                {
                    "type": "Feature",
                    "geometry": {
                        "type": "Point",
                        "coordinates": [
                            49.245659,
                            55.7936065
                        ]
                    },
                    "properties": {
                        "createdDate": 1703518164650,
                        "bearing": 178.45201110839844,
                        "velocity": 0.6679039001464844
                    }
                },
                {
                    "type": "Feature",
                    "geometry": {
                        "type": "Point",
                        "coordinates": [
                            49.2456635,
                            55.7935956
                        ]
                    },
                    "properties": {
                        "createdDate": 1703518165658,
                        "bearing": 178.86688232421875,
                        "velocity": 0.5556783676147461
                    }
                },
                {
                    "type": "Feature",
                    "geometry": {
                        "type": "Point",
                        "coordinates": [
                            49.2456939,
                            55.7935792
                        ]
                    },
                    "properties": {
                        "createdDate": 1703518166651,
                        "bearing": 158.6641845703125,
                        "velocity": 0.2014549970626831
                    }
                },
                {
                    "type": "Feature",
                    "geometry": {
                        "type": "Point",
                        "coordinates": [
                            49.2457196,
                            55.793562
                        ]
                    },
                    "properties": {
                        "createdDate": 1703518167639,
                        "bearing": 126.31336212158203,
                        "velocity": 0.15332365036010742
                    }
                },
                {
                    "type": "Feature",
                    "geometry": {
                        "type": "Point",
                        "coordinates": [
                            49.2457337,
                            55.7935441
                        ]
                    },
                    "properties": {
                        "createdDate": 1703518168648,
                        "bearing": 138.25286865234375,
                        "velocity": 0.19166092574596405
                    }
                },
                {
                    "type": "Feature",
                    "geometry": {
                        "type": "Point",
                        "coordinates": [
                            49.2457434,
                            55.7935352
                        ]
                    },
                    "properties": {
                        "createdDate": 1703518169656,
                        "bearing": 137.46002197265625,
                        "velocity": 0.1912742257118225
                    }
                },
                {
                    "type": "Feature",
                    "geometry": {
                        "type": "Point",
                        "coordinates": [
                            49.2457525,
                            55.7935405
                        ]
                    },
                    "properties": {
                        "createdDate": 1703518170648,
                        "bearing": 125.82249450683594,
                        "velocity": 0.16052350401878357
                    }
                },
                {
                    "type": "Feature",
                    "geometry": {
                        "type": "Point",
                        "coordinates": [
                            49.2457571,
                            55.7935432
                        ]
                    },
                    "properties": {
                        "createdDate": 1703518171656,
                        "bearing": 118.86246490478516,
                        "velocity": 0.14588360488414764
                    }
                },
                {
                    "type": "Feature",
                    "geometry": {
                        "type": "Point",
                        "coordinates": [
                            49.2457595,
                            55.7935447
                        ]
                    },
                    "properties": {
                        "createdDate": 1703518172647,
                        "bearing": 114.39286804199219,
                        "velocity": 0.1353367120027542
                    }
                },
                {
                    "type": "Feature",
                    "geometry": {
                        "type": "Point",
                        "coordinates": [
                            49.2457607,
                            55.7935455
                        ]
                    },
                    "properties": {
                        "createdDate": 1703518173655,
                        "bearing": 111.36917877197266,
                        "velocity": 0.12628965079784393
                    }
                },
                {
                    "type": "Feature",
                    "geometry": {
                        "type": "Point",
                        "coordinates": [
                            49.2457613,
                            55.7935459
                        ]
                    },
                    "properties": {
                        "createdDate": 1703518174646,
                        "bearing": 109.47593688964844,
                        "velocity": 0.11906559765338898
                    }
                },
                {
                    "type": "Feature",
                    "geometry": {
                        "type": "Point",
                        "coordinates": [
                            49.2457615,
                            55.7935461
                        ]
                    },
                    "properties": {
                        "createdDate": 1703518175639,
                        "bearing": 108.01264190673828,
                        "velocity": 0.11209287494421005
                    }
                },
                {
                    "type": "Feature",
                    "geometry": {
                        "type": "Point",
                        "coordinates": [
                            49.2457602,
                            55.7935461
                        ]
                    },
                    "properties": {
                        "createdDate": 1703518177656,
                        "bearing": 0.0,
                        "velocity": 0.04374280199408531
                    }
                },
                {
                    "type": "Feature",
                    "geometry": {
                        "type": "Point",
                        "coordinates": [
                            49.2457616,
                            55.7935462
                        ]
                    },
                    "properties": {
                        "createdDate": 1703518178644,
                        "bearing": 0.0,
                        "velocity": 0.04103901982307434
                    }
                },
                {
                    "type": "Feature",
                    "geometry": {
                        "type": "Point",
                        "coordinates": [
                            49.2457619,
                            55.7935463
                        ]
                    },
                    "properties": {
                        "createdDate": 1703518179653,
                        "bearing": 0.0,
                        "velocity": 0.02825416810810566
                    }
                },
                {
                    "type": "Feature",
                    "geometry": {
                        "type": "Point",
                        "coordinates": [
                            49.2457622,
                            55.7935462
                        ]
                    },
                    "properties": {
                        "createdDate": 1703518181651,
                        "bearing": 0.0,
                        "velocity": 0.012155669741332531
                    }
                },
                {
                    "type": "Feature",
                    "geometry": {
                        "type": "Point",
                        "coordinates": [
                            49.2457615,
                            55.7935465
                        ]
                    },
                    "properties": {
                        "createdDate": 1703518182660,
                        "bearing": 0.0,
                        "velocity": 0.0046530431136488914
                    }
                },
                {
                    "type": "Feature",
                    "geometry": {
                        "type": "Point",
                        "coordinates": [
                            49.2457668,
                            55.7935502
                        ]
                    },
                    "properties": {
                        "createdDate": 1703518183651,
                        "bearing": 0.0,
                        "velocity": 0.0056390948593616486
                    }
                },
                {
                    "type": "Feature",
                    "geometry": {
                        "type": "Point",
                        "coordinates": [
                            49.2457689,
                            55.7935521
                        ]
                    },
                    "properties": {
                        "createdDate": 1703518184659,
                        "bearing": 0.0,
                        "velocity": 0.0065559642389416695
                    }
                },
                {
                    "type": "Feature",
                    "geometry": {
                        "type": "Point",
                        "coordinates": [
                            49.2457726,
                            55.7935528
                        ]
                    },
                    "properties": {
                        "createdDate": 1703518185649,
                        "bearing": 0.0,
                        "velocity": 0.06899859756231308
                    }
                },
                {
                    "type": "Feature",
                    "geometry": {
                        "type": "Point",
                        "coordinates": [
                            49.2457746,
                            55.7935511
                        ]
                    },
                    "properties": {
                        "createdDate": 1703518186658,
                        "bearing": 0.0,
                        "velocity": 0.04815506935119629
                    }
                },
                {
                    "type": "Feature",
                    "geometry": {
                        "type": "Point",
                        "coordinates": [
                            49.245778,
                            55.7935451
                        ]
                    },
                    "properties": {
                        "createdDate": 1703518187666,
                        "bearing": 0.0,
                        "velocity": 0.08210247755050659
                    }
                },
                {
                    "type": "Feature",
                    "geometry": {
                        "type": "Point",
                        "coordinates": [
                            49.2457933,
                            55.793547
                        ]
                    },
                    "properties": {
                        "createdDate": 1703518188657,
                        "bearing": 135.88323974609375,
                        "velocity": 0.1470041126012802
                    }
                },
                {
                    "type": "Feature",
                    "geometry": {
                        "type": "Point",
                        "coordinates": [
                            49.2458053,
                            55.7935426
                        ]
                    },
                    "properties": {
                        "createdDate": 1703518189665,
                        "bearing": 129.43649291992188,
                        "velocity": 0.2398906648159027
                    }
                },
                {
                    "type": "Feature",
                    "geometry": {
                        "type": "Point",
                        "coordinates": [
                            49.2458119,
                            55.7935341
                        ]
                    },
                    "properties": {
                        "createdDate": 1703518190659,
                        "bearing": 141.78408813476562,
                        "velocity": 0.29876407980918884
                    }
                },
                {
                    "type": "Feature",
                    "geometry": {
                        "type": "Point",
                        "coordinates": [
                            49.2458137,
                            55.7935239
                        ]
                    },
                    "properties": {
                        "createdDate": 1703518191666,
                        "bearing": 152.64366149902344,
                        "velocity": 0.3197486996650696
                    }
                },
                {
                    "type": "Feature",
                    "geometry": {
                        "type": "Point",
                        "coordinates": [
                            49.2458133,
                            55.7935081
                        ]
                    },
                    "properties": {
                        "createdDate": 1703518192673,
                        "bearing": 157.85861206054688,
                        "velocity": 0.4042096436023712
                    }
                },
                {
                    "type": "Feature",
                    "geometry": {
                        "type": "Point",
                        "coordinates": [
                            49.245817,
                            55.7934929
                        ]
                    },
                    "properties": {
                        "createdDate": 1703518193666,
                        "bearing": 152.86553955078125,
                        "velocity": 0.49314019083976746
                    }
                },
                {
                    "type": "Feature",
                    "geometry": {
                        "type": "Point",
                        "coordinates": [
                            49.2458224,
                            55.793486
                        ]
                    },
                    "properties": {
                        "createdDate": 1703518194672,
                        "bearing": 145.6671142578125,
                        "velocity": 0.48191162943840027
                    }
                },
                {
                    "type": "Feature",
                    "geometry": {
                        "type": "Point",
                        "coordinates": [
                            49.2458323,
                            55.7934218
                        ]
                    },
                    "properties": {
                        "createdDate": 1703518195681,
                        "bearing": 152.1212158203125,
                        "velocity": 0.6525318622589111
                    }
                },
                {
                    "type": "Feature",
                    "geometry": {
                        "type": "Point",
                        "coordinates": [
                            49.2458398,
                            55.7933958
                        ]
                    },
                    "properties": {
                        "createdDate": 1703518196672,
                        "bearing": 150.65081787109375,
                        "velocity": 0.7186979055404663
                    }
                },
                {
                    "type": "Feature",
                    "geometry": {
                        "type": "Point",
                        "coordinates": [
                            49.2458538,
                            55.7933593
                        ]
                    },
                    "properties": {
                        "createdDate": 1703518197679,
                        "bearing": 147.53839111328125,
                        "velocity": 0.8240274786949158
                    }
                },
                {
                    "type": "Feature",
                    "geometry": {
                        "type": "Point",
                        "coordinates": [
                            49.2458624,
                            55.7933432
                        ]
                    },
                    "properties": {
                        "createdDate": 1703518198670,
                        "bearing": 148.0771942138672,
                        "velocity": 0.839634120464325
                    }
                },
                {
                    "type": "Feature",
                    "geometry": {
                        "type": "Point",
                        "coordinates": [
                            49.2458711,
                            55.7933293
                        ]
                    },
                    "properties": {
                        "createdDate": 1703518199662,
                        "bearing": 148.4801788330078,
                        "velocity": 0.8523028492927551
                    }
                },
                {
                    "type": "Feature",
                    "geometry": {
                        "type": "Point",
                        "coordinates": [
                            49.2458922,
                            55.7933034
                        ]
                    },
                    "properties": {
                        "createdDate": 1703518202669,
                        "bearing": 148.9111785888672,
                        "velocity": 0.8621636629104614
                    }
                },
                {
                    "type": "Feature",
                    "geometry": {
                        "type": "Point",
                        "coordinates": [
                            49.245953,
                            55.7933489
                        ]
                    },
                    "properties": {
                        "createdDate": 1703518207661,
                        "bearing": 138.3579864501953,
                        "velocity": 0.7207552790641785
                    }
                },
                {
                    "type": "Feature",
                    "geometry": {
                        "type": "Point",
                        "coordinates": [
                            49.2460465,
                            55.7936089
                        ]
                    },
                    "properties": {
                        "createdDate": 1703518212664,
                        "bearing": 14.761248588562012,
                        "velocity": 3.5778775215148926
                    }
                },
                {
                    "type": "Feature",
                    "geometry": {
                        "type": "Point",
                        "coordinates": [
                            49.2460753,
                            55.7937368
                        ]
                    },
                    "properties": {
                        "createdDate": 1703518217673,
                        "bearing": 10.319397926330566,
                        "velocity": 3.1441454887390137
                    }
                }
            ]
        }
    },
    {
        "uuid": "5bc6fe3b-bf5f-4e10-9d58-33e3b7207190",
        "videoId": "1703517617877",
        "filePath": "/vs_data/citysoft-dev/video/2023/12/25/5b8b176f019ea18e/1703517330494/1703517617877/1703517617877.mp4",
        "sessionId": "1703517330494",
        "deviceId": "5b8b176f019ea18e",
        "descriptions": {
            "onDevice": "VladTest",
            "onServer": "VladTest"
        },
        "numbers": {
            "onDevice": "VladTest",
            "onServer": "VladTest"
        },
        "processingStatus": "CORRUPTED",
        "operatorId": 1,
        "creationDate": "2023-12-25T15:20:17.877Z",
        "processedDate": "2023-12-25T17:01:23.263Z",
        "homographyId": null,
        "mergedPartsCount": 300,
        "fps": 0,
        "size": 4527671,
        "resolution": null,
        "errorReason": null,
        "errorModule": null,
        "errorMessage": null,
        "geoJSON": {
            "type": "FeatureCollection",
            "features": [
                {
                    "type": "Feature",
                    "geometry": {
                        "type": "Point",
                        "coordinates": [
                            49.2541769,
                            55.7872202
                        ]
                    },
                    "properties": {
                        "createdDate": 1703517617877,
                        "bearing": 0.0,
                        "velocity": 6.37525285128504E-4
                    }
                },
                {
                    "type": "Feature",
                    "geometry": {
                        "type": "Point",
                        "coordinates": [
                            49.2541768,
                            55.7872201
                        ]
                    },
                    "properties": {
                        "createdDate": 1703517618869,
                        "bearing": 0.0,
                        "velocity": 7.440475201292429E-6
                    }
                },
                {
                    "type": "Feature",
                    "geometry": {
                        "type": "Point",
                        "coordinates": [
                            49.2541767,
                            55.78722
                        ]
                    },
                    "properties": {
                        "createdDate": 1703517619875,
                        "bearing": 0.0,
                        "velocity": 9.297486030845903E-6
                    }
                },
                {
                    "type": "Feature",
                    "geometry": {
                        "type": "Point",
                        "coordinates": [
                            49.2541978,
                            55.7872202
                        ]
                    },
                    "properties": {
                        "createdDate": 1703517634894,
                        "bearing": 160.1677703857422,
                        "velocity": 0.44739747047424316
                    }
                },
                {
                    "type": "Feature",
                    "geometry": {
                        "type": "Point",
                        "coordinates": [
                            49.2542174,
                            55.7872152
                        ]
                    },
                    "properties": {
                        "createdDate": 1703517635903,
                        "bearing": 149.5132293701172,
                        "velocity": 0.7625022530555725
                    }
                },
                {
                    "type": "Feature",
                    "geometry": {
                        "type": "Point",
                        "coordinates": [
                            49.25423,
                            55.78721
                        ]
                    },
                    "properties": {
                        "createdDate": 1703517636895,
                        "bearing": 154.3621826171875,
                        "velocity": 0.38978102803230286
                    }
                },
                {
                    "type": "Feature",
                    "geometry": {
                        "type": "Point",
                        "coordinates": [
                            49.2542364,
                            55.7872082
                        ]
                    },
                    "properties": {
                        "createdDate": 1703517637903,
                        "bearing": 157.40847778320312,
                        "velocity": 0.19060148298740387
                    }
                },
                {
                    "type": "Feature",
                    "geometry": {
                        "type": "Point",
                        "coordinates": [
                            49.2542385,
                            55.7872086
                        ]
                    },
                    "properties": {
                        "createdDate": 1703517638911,
                        "bearing": 0.0,
                        "velocity": 0.06955187767744064
                    }
                },
                {
                    "type": "Feature",
                    "geometry": {
                        "type": "Point",
                        "coordinates": [
                            49.2542393,
                            55.7872091
                        ]
                    },
                    "properties": {
                        "createdDate": 1703517639902,
                        "bearing": 0.0,
                        "velocity": 0.023938696831464767
                    }
                },
                {
                    "type": "Feature",
                    "geometry": {
                        "type": "Point",
                        "coordinates": [
                            49.2542397,
                            55.7872095
                        ]
                    },
                    "properties": {
                        "createdDate": 1703517640909,
                        "bearing": 0.0,
                        "velocity": 0.00684707285836339
                    }
                },
                {
                    "type": "Feature",
                    "geometry": {
                        "type": "Point",
                        "coordinates": [
                            49.2542399,
                            55.7872097
                        ]
                    },
                    "properties": {
                        "createdDate": 1703517641906,
                        "bearing": 0.0,
                        "velocity": 0.0016464643413200974
                    }
                },
                {
                    "type": "Feature",
                    "geometry": {
                        "type": "Point",
                        "coordinates": [
                            49.2542399,
                            55.7872098
                        ]
                    },
                    "properties": {
                        "createdDate": 1703517642909,
                        "bearing": 0.0,
                        "velocity": 5.396319320425391E-4
                    }
                },
                {
                    "type": "Feature",
                    "geometry": {
                        "type": "Point",
                        "coordinates": [
                            49.25424,
                            55.7872099
                        ]
                    },
                    "properties": {
                        "createdDate": 1703517643906,
                        "bearing": 0.0,
                        "velocity": 3.1679237144999206E-4
                    }
                },
                {
                    "type": "Feature",
                    "geometry": {
                        "type": "Point",
                        "coordinates": [
                            49.25424,
                            55.78721
                        ]
                    },
                    "properties": {
                        "createdDate": 1703517644909,
                        "bearing": 0.0,
                        "velocity": 3.404425806365907E-4
                    }
                },
                {
                    "type": "Feature",
                    "geometry": {
                        "type": "Point",
                        "coordinates": [
                            49.2542851,
                            55.7871992
                        ]
                    },
                    "properties": {
                        "createdDate": 1703517666951,
                        "bearing": 148.93258666992188,
                        "velocity": 1.5843722820281982
                    }
                },
                {
                    "type": "Feature",
                    "geometry": {
                        "type": "Point",
                        "coordinates": [
                            49.2543133,
                            55.7871796
                        ]
                    },
                    "properties": {
                        "createdDate": 1703517667959,
                        "bearing": 155.06275939941406,
                        "velocity": 2.270923614501953
                    }
                },
                {
                    "type": "Feature",
                    "geometry": {
                        "type": "Point",
                        "coordinates": [
                            49.2543318,
                            55.7871554
                        ]
                    },
                    "properties": {
                        "createdDate": 1703517668951,
                        "bearing": 161.28672790527344,
                        "velocity": 2.6327197551727295
                    }
                },
                {
                    "type": "Feature",
                    "geometry": {
                        "type": "Point",
                        "coordinates": [
                            49.25435,
                            55.7871308
                        ]
                    },
                    "properties": {
                        "createdDate": 1703517669946,
                        "bearing": 152.74041748046875,
                        "velocity": 2.718881130218506
                    }
                },
                {
                    "type": "Feature",
                    "geometry": {
                        "type": "Point",
                        "coordinates": [
                            49.2543745,
                            55.7871081
                        ]
                    },
                    "properties": {
                        "createdDate": 1703517670966,
                        "bearing": 146.49362182617188,
                        "velocity": 2.9567549228668213
                    }
                },
                {
                    "type": "Feature",
                    "geometry": {
                        "type": "Point",
                        "coordinates": [
                            49.2543966,
                            55.7870817
                        ]
                    },
                    "properties": {
                        "createdDate": 1703517671958,
                        "bearing": 154.3653564453125,
                        "velocity": 2.9502899646759033
                    }
                },
                {
                    "type": "Feature",
                    "geometry": {
                        "type": "Point",
                        "coordinates": [
                            49.2544169,
                            55.7870546
                        ]
                    },
                    "properties": {
                        "createdDate": 1703517672965,
                        "bearing": 152.12652587890625,
                        "velocity": 3.3820605278015137
                    }
                },
                {
                    "type": "Feature",
                    "geometry": {
                        "type": "Point",
                        "coordinates": [
                            49.2544337,
                            55.7870235
                        ]
                    },
                    "properties": {
                        "createdDate": 1703517673958,
                        "bearing": 157.3076934814453,
                        "velocity": 3.556462287902832
                    }
                },
                {
                    "type": "Feature",
                    "geometry": {
                        "type": "Point",
                        "coordinates": [
                            49.2544451,
                            55.7869948
                        ]
                    },
                    "properties": {
                        "createdDate": 1703517674965,
                        "bearing": 159.8510284423828,
                        "velocity": 3.4121201038360596
                    }
                },
                {
                    "type": "Feature",
                    "geometry": {
                        "type": "Point",
                        "coordinates": [
                            49.2544561,
                            55.7869661
                        ]
                    },
                    "properties": {
                        "createdDate": 1703517675956,
                        "bearing": 161.22340393066406,
                        "velocity": 3.4204628467559814
                    }
                },
                {
                    "type": "Feature",
                    "geometry": {
                        "type": "Point",
                        "coordinates": [
                            49.2544679,
                            55.7869388
                        ]
                    },
                    "properties": {
                        "createdDate": 1703517676966,
                        "bearing": 159.06134033203125,
                        "velocity": 3.335029125213623
                    }
                },
                {
                    "type": "Feature",
                    "geometry": {
                        "type": "Point",
                        "coordinates": [
                            49.2544744,
                            55.7869122
                        ]
                    },
                    "properties": {
                        "createdDate": 1703517677960,
                        "bearing": 162.1146697998047,
                        "velocity": 3.2298946380615234
                    }
                },
                {
                    "type": "Feature",
                    "geometry": {
                        "type": "Point",
                        "coordinates": [
                            49.2544743,
                            55.7868847
                        ]
                    },
                    "properties": {
                        "createdDate": 1703517678965,
                        "bearing": 168.3445281982422,
                        "velocity": 3.1757092475891113
                    }
                },
                {
                    "type": "Feature",
                    "geometry": {
                        "type": "Point",
                        "coordinates": [
                            49.2544712,
                            55.7868578
                        ]
                    },
                    "properties": {
                        "createdDate": 1703517679971,
                        "bearing": 172.2689666748047,
                        "velocity": 3.1027748584747314
                    }
                },
                {
                    "type": "Feature",
                    "geometry": {
                        "type": "Point",
                        "coordinates": [
                            49.2544774,
                            55.7868338
                        ]
                    },
                    "properties": {
                        "createdDate": 1703517680966,
                        "bearing": 169.44525146484375,
                        "velocity": 2.990004062652588
                    }
                },
                {
                    "type": "Feature",
                    "geometry": {
                        "type": "Point",
                        "coordinates": [
                            49.254472,
                            55.7868081
                        ]
                    },
                    "properties": {
                        "createdDate": 1703517681971,
                        "bearing": 168.9971466064453,
                        "velocity": 2.9051129817962646
                    }
                },
                {
                    "type": "Feature",
                    "geometry": {
                        "type": "Point",
                        "coordinates": [
                            49.2544706,
                            55.7867881
                        ]
                    },
                    "properties": {
                        "createdDate": 1703517682979,
                        "bearing": 167.58145141601562,
                        "velocity": 2.4636764526367188
                    }
                },
                {
                    "type": "Feature",
                    "geometry": {
                        "type": "Point",
                        "coordinates": [
                            49.2544776,
                            55.7867719
                        ]
                    },
                    "properties": {
                        "createdDate": 1703517683971,
                        "bearing": 166.31491088867188,
                        "velocity": 1.9704971313476562
                    }
                },
                {
                    "type": "Feature",
                    "geometry": {
                        "type": "Point",
                        "coordinates": [
                            49.2544874,
                            55.7867573
                        ]
                    },
                    "properties": {
                        "createdDate": 1703517684977,
                        "bearing": 164.7157745361328,
                        "velocity": 1.7680567502975464
                    }
                },
                {
                    "type": "Feature",
                    "geometry": {
                        "type": "Point",
                        "coordinates": [
                            49.2544938,
                            55.7867524
                        ]
                    },
                    "properties": {
                        "createdDate": 1703517685968,
                        "bearing": 174.4549102783203,
                        "velocity": 1.0142961740493774
                    }
                },
                {
                    "type": "Feature",
                    "geometry": {
                        "type": "Point",
                        "coordinates": [
                            49.2544995,
                            55.7867517
                        ]
                    },
                    "properties": {
                        "createdDate": 1703517686978,
                        "bearing": 177.0613555908203,
                        "velocity": 0.5611431002616882
                    }
                },
                {
                    "type": "Feature",
                    "geometry": {
                        "type": "Point",
                        "coordinates": [
                            49.254503,
                            55.7867534
                        ]
                    },
                    "properties": {
                        "createdDate": 1703517687985,
                        "bearing": 178.1504364013672,
                        "velocity": 0.29271233081817627
                    }
                },
                {
                    "type": "Feature",
                    "geometry": {
                        "type": "Point",
                        "coordinates": [
                            49.2545048,
                            55.786755
                        ]
                    },
                    "properties": {
                        "createdDate": 1703517688978,
                        "bearing": 178.7081298828125,
                        "velocity": 0.14057569205760956
                    }
                },
                {
                    "type": "Feature",
                    "geometry": {
                        "type": "Point",
                        "coordinates": [
                            49.2545057,
                            55.7867562
                        ]
                    },
                    "properties": {
                        "createdDate": 1703517689985,
                        "bearing": 0.0,
                        "velocity": 0.0670040175318718
                    }
                },
                {
                    "type": "Feature",
                    "geometry": {
                        "type": "Point",
                        "coordinates": [
                            49.2545196,
                            55.7867481
                        ]
                    },
                    "properties": {
                        "createdDate": 1703517690992,
                        "bearing": 165.20687866210938,
                        "velocity": 0.18794186413288116
                    }
                },
                {
                    "type": "Feature",
                    "geometry": {
                        "type": "Point",
                        "coordinates": [
                            49.2545437,
                            55.786738
                        ]
                    },
                    "properties": {
                        "createdDate": 1703517691984,
                        "bearing": 120.77230072021484,
                        "velocity": 0.6263135671615601
                    }
                },
                {
                    "type": "Feature",
                    "geometry": {
                        "type": "Point",
                        "coordinates": [
                            49.2545819,
                            55.7867235
                        ]
                    },
                    "properties": {
                        "createdDate": 1703517692993,
                        "bearing": 111.67872619628906,
                        "velocity": 1.1527811288833618
                    }
                },
                {
                    "type": "Feature",
                    "geometry": {
                        "type": "Point",
                        "coordinates": [
                            49.2546206,
                            55.7867127
                        ]
                    },
                    "properties": {
                        "createdDate": 1703517693985,
                        "bearing": 106.36827087402344,
                        "velocity": 1.467372179031372
                    }
                },
                {
                    "type": "Feature",
                    "geometry": {
                        "type": "Point",
                        "coordinates": [
                            49.2546652,
                            55.7867098
                        ]
                    },
                    "properties": {
                        "createdDate": 1703517694991,
                        "bearing": 92.53108215332031,
                        "velocity": 1.916096568107605
                    }
                },
                {
                    "type": "Feature",
                    "geometry": {
                        "type": "Point",
                        "coordinates": [
                            49.2547149,
                            55.786713
                        ]
                    },
                    "properties": {
                        "createdDate": 1703517695998,
                        "bearing": 83.97553253173828,
                        "velocity": 2.342597007751465
                    }
                },
                {
                    "type": "Feature",
                    "geometry": {
                        "type": "Point",
                        "coordinates": [
                            49.2547677,
                            55.7867182
                        ]
                    },
                    "properties": {
                        "createdDate": 1703517696991,
                        "bearing": 80.68342590332031,
                        "velocity": 2.6934728622436523
                    }
                },
                {
                    "type": "Feature",
                    "geometry": {
                        "type": "Point",
                        "coordinates": [
                            49.2548263,
                            55.7867245
                        ]
                    },
                    "properties": {
                        "createdDate": 1703517697998,
                        "bearing": 77.08750915527344,
                        "velocity": 3.160475969314575
                    }
                },
                {
                    "type": "Feature",
                    "geometry": {
                        "type": "Point",
                        "coordinates": [
                            49.254896,
                            55.7867332
                        ]
                    },
                    "properties": {
                        "createdDate": 1703517698993,
                        "bearing": 74.5299072265625,
                        "velocity": 3.762791395187378
                    }
                },
                {
                    "type": "Feature",
                    "geometry": {
                        "type": "Point",
                        "coordinates": [
                            49.2549647,
                            55.7867382
                        ]
                    },
                    "properties": {
                        "createdDate": 1703517700001,
                        "bearing": 77.60076141357422,
                        "velocity": 3.9369776248931885
                    }
                },
                {
                    "type": "Feature",
                    "geometry": {
                        "type": "Point",
                        "coordinates": [
                            49.255028,
                            55.786743
                        ]
                    },
                    "properties": {
                        "createdDate": 1703517701005,
                        "bearing": 76.60432434082031,
                        "velocity": 3.9099724292755127
                    }
                },
                {
                    "type": "Feature",
                    "geometry": {
                        "type": "Point",
                        "coordinates": [
                            49.255087,
                            55.7867497
                        ]
                    },
                    "properties": {
                        "createdDate": 1703517702015,
                        "bearing": 73.56902313232422,
                        "velocity": 3.873844861984253
                    }
                },
                {
                    "type": "Feature",
                    "geometry": {
                        "type": "Point",
                        "coordinates": [
                            49.255146,
                            55.786758
                        ]
                    },
                    "properties": {
                        "createdDate": 1703517703009,
                        "bearing": 74.7330551147461,
                        "velocity": 3.846022844314575
                    }
                },
                {
                    "type": "Feature",
                    "geometry": {
                        "type": "Point",
                        "coordinates": [
                            49.2552052,
                            55.7867661
                        ]
                    },
                    "properties": {
                        "createdDate": 1703517704015,
                        "bearing": 74.88011169433594,
                        "velocity": 3.91512393951416
                    }
                },
                {
                    "type": "Feature",
                    "geometry": {
                        "type": "Point",
                        "coordinates": [
                            49.2552702,
                            55.7867724
                        ]
                    },
                    "properties": {
                        "createdDate": 1703517705007,
                        "bearing": 76.8110122680664,
                        "velocity": 4.072729110717773
                    }
                },
                {
                    "type": "Feature",
                    "geometry": {
                        "type": "Point",
                        "coordinates": [
                            49.25534,
                            55.7867777
                        ]
                    },
                    "properties": {
                        "createdDate": 1703517706013,
                        "bearing": 78.7163314819336,
                        "velocity": 4.266188621520996
                    }
                },
                {
                    "type": "Feature",
                    "geometry": {
                        "type": "Point",
                        "coordinates": [
                            49.2554102,
                            55.7867856
                        ]
                    },
                    "properties": {
                        "createdDate": 1703517707020,
                        "bearing": 77.42164611816406,
                        "velocity": 4.395552158355713
                    }
                },
                {
                    "type": "Feature",
                    "geometry": {
                        "type": "Point",
                        "coordinates": [
                            49.2554893,
                            55.7867972
                        ]
                    },
                    "properties": {
                        "createdDate": 1703517708014,
                        "bearing": 77.35440826416016,
                        "velocity": 4.574662685394287
                    }
                },
                {
                    "type": "Feature",
                    "geometry": {
                        "type": "Point",
                        "coordinates": [
                            49.2555678,
                            55.7868164
                        ]
                    },
                    "properties": {
                        "createdDate": 1703517709020,
                        "bearing": 74.67256164550781,
                        "velocity": 4.7191643714904785
                    }
                },
                {
                    "type": "Feature",
                    "geometry": {
                        "type": "Point",
                        "coordinates": [
                            49.2556423,
                            55.7868427
                        ]
                    },
                    "properties": {
                        "createdDate": 1703517710027,
                        "bearing": 72.1600570678711,
                        "velocity": 4.850881099700928
                    }
                },
                {
                    "type": "Feature",
                    "geometry": {
                        "type": "Point",
                        "coordinates": [
                            49.2557106,
                            55.7868726
                        ]
                    },
                    "properties": {
                        "createdDate": 1703517711019,
                        "bearing": 69.29547119140625,
                        "velocity": 4.816076278686523
                    }
                },
                {
                    "type": "Feature",
                    "geometry": {
                        "type": "Point",
                        "coordinates": [
                            49.2557722,
                            55.7868964
                        ]
                    },
                    "properties": {
                        "createdDate": 1703517712010,
                        "bearing": 67.0889663696289,
                        "velocity": 4.576958656311035
                    }
                },
                {
                    "type": "Feature",
                    "geometry": {
                        "type": "Point",
                        "coordinates": [
                            49.2558271,
                            55.7869157
                        ]
                    },
                    "properties": {
                        "createdDate": 1703517713019,
                        "bearing": 66.92993927001953,
                        "velocity": 4.24053430557251
                    }
                },
                {
                    "type": "Feature",
                    "geometry": {
                        "type": "Point",
                        "coordinates": [
                            49.2558901,
                            55.7869127
                        ]
                    },
                    "properties": {
                        "createdDate": 1703517714026,
                        "bearing": 74.11148071289062,
                        "velocity": 3.9666383266448975
                    }
                },
                {
                    "type": "Feature",
                    "geometry": {
                        "type": "Point",
                        "coordinates": [
                            49.2559447,
                            55.7869072
                        ]
                    },
                    "properties": {
                        "createdDate": 1703517715023,
                        "bearing": 80.44692993164062,
                        "velocity": 3.671664237976074
                    }
                },
                {
                    "type": "Feature",
                    "geometry": {
                        "type": "Point",
                        "coordinates": [
                            49.255984,
                            55.7869048
                        ]
                    },
                    "properties": {
                        "createdDate": 1703517716026,
                        "bearing": 83.45051574707031,
                        "velocity": 3.2026350498199463
                    }
                },
                {
                    "type": "Feature",
                    "geometry": {
                        "type": "Point",
                        "coordinates": [
                            49.2560155,
                            55.7869048
                        ]
                    },
                    "properties": {
                        "createdDate": 1703517717033,
                        "bearing": 83.42796325683594,
                        "velocity": 2.8016610145568848
                    }
                },
                {
                    "type": "Feature",
                    "geometry": {
                        "type": "Point",
                        "coordinates": [
                            49.2560494,
                            55.7868973
                        ]
                    },
                    "properties": {
                        "createdDate": 1703517718026,
                        "bearing": 84.85694122314453,
                        "velocity": 2.7969298362731934
                    }
                },
                {
                    "type": "Feature",
                    "geometry": {
                        "type": "Point",
                        "coordinates": [
                            49.2560939,
                            55.7868909
                        ]
                    },
                    "properties": {
                        "createdDate": 1703517719033,
                        "bearing": 89.22341918945312,
                        "velocity": 2.918745994567871
                    }
                },
                {
                    "type": "Feature",
                    "geometry": {
                        "type": "Point",
                        "coordinates": [
                            49.2561372,
                            55.7868894
                        ]
                    },
                    "properties": {
                        "createdDate": 1703517720040,
                        "bearing": 87.63220977783203,
                        "velocity": 2.864544630050659
                    }
                },
                {
                    "type": "Feature",
                    "geometry": {
                        "type": "Point",
                        "coordinates": [
                            49.2561784,
                            55.7868904
                        ]
                    },
                    "properties": {
                        "createdDate": 1703517721034,
                        "bearing": 86.53899383544922,
                        "velocity": 2.7627112865448
                    }
                },
                {
                    "type": "Feature",
                    "geometry": {
                        "type": "Point",
                        "coordinates": [
                            49.2562217,
                            55.7868919
                        ]
                    },
                    "properties": {
                        "createdDate": 1703517722041,
                        "bearing": 86.10308074951172,
                        "velocity": 2.7149267196655273
                    }
                },
                {
                    "type": "Feature",
                    "geometry": {
                        "type": "Point",
                        "coordinates": [
                            49.2562595,
                            55.7868957
                        ]
                    },
                    "properties": {
                        "createdDate": 1703517723031,
                        "bearing": 82.57091522216797,
                        "velocity": 2.678100824356079
                    }
                },
                {
                    "type": "Feature",
                    "geometry": {
                        "type": "Point",
                        "coordinates": [
                            49.2563003,
                            55.7869118
                        ]
                    },
                    "properties": {
                        "createdDate": 1703517724041,
                        "bearing": 73.90449523925781,
                        "velocity": 2.8593404293060303
                    }
                },
                {
                    "type": "Feature",
                    "geometry": {
                        "type": "Point",
                        "coordinates": [
                            49.2563475,
                            55.7869267
                        ]
                    },
                    "properties": {
                        "createdDate": 1703517725036,
                        "bearing": 71.31029510498047,
                        "velocity": 3.070944309234619
                    }
                },
                {
                    "type": "Feature",
                    "geometry": {
                        "type": "Point",
                        "coordinates": [
                            49.2563939,
                            55.7869426
                        ]
                    },
                    "properties": {
                        "createdDate": 1703517726041,
                        "bearing": 67.5460433959961,
                        "velocity": 3.169969320297241
                    }
                },
                {
                    "type": "Feature",
                    "geometry": {
                        "type": "Point",
                        "coordinates": [
                            49.2564346,
                            55.78696
                        ]
                    },
                    "properties": {
                        "createdDate": 1703517727047,
                        "bearing": 62.26298141479492,
                        "velocity": 3.075792074203491
                    }
                },
                {
                    "type": "Feature",
                    "geometry": {
                        "type": "Point",
                        "coordinates": [
                            49.2564665,
                            55.7869786
                        ]
                    },
                    "properties": {
                        "createdDate": 1703517728041,
                        "bearing": 56.066741943359375,
                        "velocity": 2.8488526344299316
                    }
                },
                {
                    "type": "Feature",
                    "geometry": {
                        "type": "Point",
                        "coordinates": [
                            49.2564977,
                            55.7869974
                        ]
                    },
                    "properties": {
                        "createdDate": 1703517729047,
                        "bearing": 45.95589828491211,
                        "velocity": 2.323993444442749
                    }
                },
                {
                    "type": "Feature",
                    "geometry": {
                        "type": "Point",
                        "coordinates": [
                            49.2565233,
                            55.787022
                        ]
                    },
                    "properties": {
                        "createdDate": 1703517730055,
                        "bearing": 31.03017807006836,
                        "velocity": 2.231837034225464
                    }
                },
                {
                    "type": "Feature",
                    "geometry": {
                        "type": "Point",
                        "coordinates": [
                            49.2565462,
                            55.7870545
                        ]
                    },
                    "properties": {
                        "createdDate": 1703517731050,
                        "bearing": 17.237285614013672,
                        "velocity": 2.4495205879211426
                    }
                },
                {
                    "type": "Feature",
                    "geometry": {
                        "type": "Point",
                        "coordinates": [
                            49.2565602,
                            55.7870891
                        ]
                    },
                    "properties": {
                        "createdDate": 1703517732055,
                        "bearing": 11.631770133972168,
                        "velocity": 2.7893433570861816
                    }
                },
                {
                    "type": "Feature",
                    "geometry": {
                        "type": "Point",
                        "coordinates": [
                            49.2565646,
                            55.7871266
                        ]
                    },
                    "properties": {
                        "createdDate": 1703517733051,
                        "bearing": 7.282232284545898,
                        "velocity": 3.0944042205810547
                    }
                },
                {
                    "type": "Feature",
                    "geometry": {
                        "type": "Point",
                        "coordinates": [
                            49.2565663,
                            55.7871607
                        ]
                    },
                    "properties": {
                        "createdDate": 1703517734053,
                        "bearing": 6.552358627319336,
                        "velocity": 3.2048988342285156
                    }
                },
                {
                    "type": "Feature",
                    "geometry": {
                        "type": "Point",
                        "coordinates": [
                            49.2565569,
                            55.7871968
                        ]
                    },
                    "properties": {
                        "createdDate": 1703517735047,
                        "bearing": 0.7171699404716492,
                        "velocity": 3.290100336074829
                    }
                },
                {
                    "type": "Feature",
                    "geometry": {
                        "type": "Point",
                        "coordinates": [
                            49.2565474,
                            55.7872252
                        ]
                    },
                    "properties": {
                        "createdDate": 1703517736056,
                        "bearing": 356.16302490234375,
                        "velocity": 3.0019779205322266
                    }
                },
                {
                    "type": "Feature",
                    "geometry": {
                        "type": "Point",
                        "coordinates": [
                            49.2565407,
                            55.787247
                        ]
                    },
                    "properties": {
                        "createdDate": 1703517737061,
                        "bearing": 353.65277099609375,
                        "velocity": 2.659074306488037
                    }
                },
                {
                    "type": "Feature",
                    "geometry": {
                        "type": "Point",
                        "coordinates": [
                            49.2565389,
                            55.7872654
                        ]
                    },
                    "properties": {
                        "createdDate": 1703517738068,
                        "bearing": 353.07177734375,
                        "velocity": 2.291961193084717
                    }
                },
                {
                    "type": "Feature",
                    "geometry": {
                        "type": "Point",
                        "coordinates": [
                            49.2565303,
                            55.7872804
                        ]
                    },
                    "properties": {
                        "createdDate": 1703517739060,
                        "bearing": 349.2142333984375,
                        "velocity": 1.6815863847732544
                    }
                },
                {
                    "type": "Feature",
                    "geometry": {
                        "type": "Point",
                        "coordinates": [
                            49.2565029,
                            55.7872885
                        ]
                    },
                    "properties": {
                        "createdDate": 1703517740067,
                        "bearing": 358.9407653808594,
                        "velocity": 0.3112131655216217
                    }
                },
                {
                    "type": "Feature",
                    "geometry": {
                        "type": "Point",
                        "coordinates": [
                            49.2564975,
                            55.7872915
                        ]
                    },
                    "properties": {
                        "createdDate": 1703517741075,
                        "bearing": 0.0,
                        "velocity": 0.06927144527435303
                    }
                },
                {
                    "type": "Feature",
                    "geometry": {
                        "type": "Point",
                        "coordinates": [
                            49.2565015,
                            55.7872918
                        ]
                    },
                    "properties": {
                        "createdDate": 1703517742065,
                        "bearing": 0.0,
                        "velocity": 0.01421829592436552
                    }
                },
                {
                    "type": "Feature",
                    "geometry": {
                        "type": "Point",
                        "coordinates": [
                            49.2565027,
                            55.7872918
                        ]
                    },
                    "properties": {
                        "createdDate": 1703517743057,
                        "bearing": 0.0,
                        "velocity": 0.002320188796147704
                    }
                },
                {
                    "type": "Feature",
                    "geometry": {
                        "type": "Point",
                        "coordinates": [
                            49.2565031,
                            55.7872917
                        ]
                    },
                    "properties": {
                        "createdDate": 1703517744068,
                        "bearing": 0.0,
                        "velocity": 2.447082952130586E-4
                    }
                },
                {
                    "type": "Feature",
                    "geometry": {
                        "type": "Point",
                        "coordinates": [
                            49.2564441,
                            55.7873264
                        ]
                    },
                    "properties": {
                        "createdDate": 1703517745075,
                        "bearing": 340.0627136230469,
                        "velocity": 2.0952565670013428
                    }
                },
                {
                    "type": "Feature",
                    "geometry": {
                        "type": "Point",
                        "coordinates": [
                            49.2563958,
                            55.7873645
                        ]
                    },
                    "properties": {
                        "createdDate": 1703517746067,
                        "bearing": 349.32232666015625,
                        "velocity": 3.132451295852661
                    }
                },
                {
                    "type": "Feature",
                    "geometry": {
                        "type": "Point",
                        "coordinates": [
                            49.2563547,
                            55.7874077
                        ]
                    },
                    "properties": {
                        "createdDate": 1703517747074,
                        "bearing": 346.8686218261719,
                        "velocity": 3.687755584716797
                    }
                },
                {
                    "type": "Feature",
                    "geometry": {
                        "type": "Point",
                        "coordinates": [
                            49.256324,
                            55.7874461
                        ]
                    },
                    "properties": {
                        "createdDate": 1703517748081,
                        "bearing": 350.2111511230469,
                        "velocity": 3.7263283729553223
                    }
                },
                {
                    "type": "Feature",
                    "geometry": {
                        "type": "Point",
                        "coordinates": [
                            49.2562873,
                            55.7874783
                        ]
                    },
                    "properties": {
                        "createdDate": 1703517749074,
                        "bearing": 342.983154296875,
                        "velocity": 3.334054708480835
                    }
                },
                {
                    "type": "Feature",
                    "geometry": {
                        "type": "Point",
                        "coordinates": [
                            49.2562635,
                            55.7875041
                        ]
                    },
                    "properties": {
                        "createdDate": 1703517750081,
                        "bearing": 340.33746337890625,
                        "velocity": 3.0908420085906982
                    }
                },
                {
                    "type": "Feature",
                    "geometry": {
                        "type": "Point",
                        "coordinates": [
                            49.2562432,
                            55.787525
                        ]
                    },
                    "properties": {
                        "createdDate": 1703517751078,
                        "bearing": 336.79864501953125,
                        "velocity": 2.4717984199523926
                    }
                },
                {
                    "type": "Feature",
                    "geometry": {
                        "type": "Point",
                        "coordinates": [
                            49.25622,
                            55.7875364
                        ]
                    },
                    "properties": {
                        "createdDate": 1703517752081,
                        "bearing": 331.0788269042969,
                        "velocity": 1.8210017681121826
                    }
                },
                {
                    "type": "Feature",
                    "geometry": {
                        "type": "Point",
                        "coordinates": [
                            49.2561959,
                            55.787543
                        ]
                    },
                    "properties": {
                        "createdDate": 1703517753088,
                        "bearing": 329.6948547363281,
                        "velocity": 1.4855555295944214
                    }
                },
                {
                    "type": "Feature",
                    "geometry": {
                        "type": "Point",
                        "coordinates": [
                            49.2561731,
                            55.7875488
                        ]
                    },
                    "properties": {
                        "createdDate": 1703517754096,
                        "bearing": 329.4093322753906,
                        "velocity": 1.3267080783843994
                    }
                },
                {
                    "type": "Feature",
                    "geometry": {
                        "type": "Point",
                        "coordinates": [
                            49.2561476,
                            55.7875588
                        ]
                    },
                    "properties": {
                        "createdDate": 1703517755088,
                        "bearing": 332.89227294921875,
                        "velocity": 1.7932125329971313
                    }
                },
                {
                    "type": "Feature",
                    "geometry": {
                        "type": "Point",
                        "coordinates": [
                            49.2561303,
                            55.7875759
                        ]
                    },
                    "properties": {
                        "createdDate": 1703517756095,
                        "bearing": 342.6552429199219,
                        "velocity": 2.179121732711792
                    }
                },
                {
                    "type": "Feature",
                    "geometry": {
                        "type": "Point",
                        "coordinates": [
                            49.2561328,
                            55.7875911
                        ]
                    },
                    "properties": {
                        "createdDate": 1703517757103,
                        "bearing": 335.3489990234375,
                        "velocity": 1.8129942417144775
                    }
                },
                {
                    "type": "Feature",
                    "geometry": {
                        "type": "Point",
                        "coordinates": [
                            49.2561382,
                            55.7876042
                        ]
                    },
                    "properties": {
                        "createdDate": 1703517758095,
                        "bearing": 351.0871276855469,
                        "velocity": 1.953110933303833
                    }
                },
                {
                    "type": "Feature",
                    "geometry": {
                        "type": "Point",
                        "coordinates": [
                            49.2561554,
                            55.7876192
                        ]
                    },
                    "properties": {
                        "createdDate": 1703517759088,
                        "bearing": 22.10440444946289,
                        "velocity": 1.9583793878555298
                    }
                },
                {
                    "type": "Feature",
                    "geometry": {
                        "type": "Point",
                        "coordinates": [
                            49.2561682,
                            55.7876426
                        ]
                    },
                    "properties": {
                        "createdDate": 1703517760094,
                        "bearing": 23.903989791870117,
                        "velocity": 2.6035356521606445
                    }
                },
                {
                    "type": "Feature",
                    "geometry": {
                        "type": "Point",
                        "coordinates": [
                            49.2561658,
                            55.7876784
                        ]
                    },
                    "properties": {
                        "createdDate": 1703517761101,
                        "bearing": 12.107996940612793,
                        "velocity": 3.2772467136383057
                    }
                },
                {
                    "type": "Feature",
                    "geometry": {
                        "type": "Point",
                        "coordinates": [
                            49.2561455,
                            55.7877231
                        ]
                    },
                    "properties": {
                        "createdDate": 1703517762095,
                        "bearing": 359.8572998046875,
                        "velocity": 4.3453168869018555
                    }
                },
                {
                    "type": "Feature",
                    "geometry": {
                        "type": "Point",
                        "coordinates": [
                            49.2561216,
                            55.7877716
                        ]
                    },
                    "properties": {
                        "createdDate": 1703517763101,
                        "bearing": 0.572837769985199,
                        "velocity": 4.763802528381348
                    }
                },
                {
                    "type": "Feature",
                    "geometry": {
                        "type": "Point",
                        "coordinates": [
                            49.2560886,
                            55.7878233
                        ]
                    },
                    "properties": {
                        "createdDate": 1703517764108,
                        "bearing": 353.63470458984375,
                        "velocity": 5.05792236328125
                    }
                },
                {
                    "type": "Feature",
                    "geometry": {
                        "type": "Point",
                        "coordinates": [
                            49.2560416,
                            55.7878833
                        ]
                    },
                    "properties": {
                        "createdDate": 1703517765099,
                        "bearing": 347.2333068847656,
                        "velocity": 5.943484306335449
                    }
                },
                {
                    "type": "Feature",
                    "geometry": {
                        "type": "Point",
                        "coordinates": [
                            49.2559943,
                            55.7879384
                        ]
                    },
                    "properties": {
                        "createdDate": 1703517766108,
                        "bearing": 339.9296569824219,
                        "velocity": 5.568336009979248
                    }
                },
                {
                    "type": "Feature",
                    "geometry": {
                        "type": "Point",
                        "coordinates": [
                            49.2559413,
                            55.7880113
                        ]
                    },
                    "properties": {
                        "createdDate": 1703517767104,
                        "bearing": 340.0352478027344,
                        "velocity": 5.87408971786499
                    }
                },
                {
                    "type": "Feature",
                    "geometry": {
                        "type": "Point",
                        "coordinates": [
                            49.2559006,
                            55.7880636
                        ]
                    },
                    "properties": {
                        "createdDate": 1703517768130,
                        "bearing": 340.2142028808594,
                        "velocity": 4.883186340332031
                    }
                },
                {
                    "type": "Feature",
                    "geometry": {
                        "type": "Point",
                        "coordinates": [
                            49.2558655,
                            55.7881166
                        ]
                    },
                    "properties": {
                        "createdDate": 1703517769116,
                        "bearing": 336.5627136230469,
                        "velocity": 4.781679153442383
                    }
                },
                {
                    "type": "Feature",
                    "geometry": {
                        "type": "Point",
                        "coordinates": [
                            49.2558314,
                            55.7881635
                        ]
                    },
                    "properties": {
                        "createdDate": 1703517770123,
                        "bearing": 334.6402282714844,
                        "velocity": 4.275784969329834
                    }
                },
                {
                    "type": "Feature",
                    "geometry": {
                        "type": "Point",
                        "coordinates": [
                            49.2558138,
                            55.7882068
                        ]
                    },
                    "properties": {
                        "createdDate": 1703517771115,
                        "bearing": 341.35150146484375,
                        "velocity": 4.593329429626465
                    }
                },
                {
                    "type": "Feature",
                    "geometry": {
                        "type": "Point",
                        "coordinates": [
                            49.2557923,
                            55.7882539
                        ]
                    },
                    "properties": {
                        "createdDate": 1703517772105,
                        "bearing": 342.7655029296875,
                        "velocity": 5.2383599281311035
                    }
                },
                {
                    "type": "Feature",
                    "geometry": {
                        "type": "Point",
                        "coordinates": [
                            49.2557691,
                            55.788297
                        ]
                    },
                    "properties": {
                        "createdDate": 1703517773116,
                        "bearing": 337.00909423828125,
                        "velocity": 4.901252269744873
                    }
                },
                {
                    "type": "Feature",
                    "geometry": {
                        "type": "Point",
                        "coordinates": [
                            49.2557518,
                            55.7883408
                        ]
                    },
                    "properties": {
                        "createdDate": 1703517774122,
                        "bearing": 347.48150634765625,
                        "velocity": 5.060967922210693
                    }
                },
                {
                    "type": "Feature",
                    "geometry": {
                        "type": "Point",
                        "coordinates": [
                            49.2556991,
                            55.7883886
                        ]
                    },
                    "properties": {
                        "createdDate": 1703517775115,
                        "bearing": 341.4913635253906,
                        "velocity": 5.185629367828369
                    }
                },
                {
                    "type": "Feature",
                    "geometry": {
                        "type": "Point",
                        "coordinates": [
                            49.2556508,
                            55.7884368
                        ]
                    },
                    "properties": {
                        "createdDate": 1703517776123,
                        "bearing": 341.7633056640625,
                        "velocity": 5.1949920654296875
                    }
                },
                {
                    "type": "Feature",
                    "geometry": {
                        "type": "Point",
                        "coordinates": [
                            49.2556134,
                            55.7884837
                        ]
                    },
                    "properties": {
                        "createdDate": 1703517777129,
                        "bearing": 342.8269348144531,
                        "velocity": 4.752537250518799
                    }
                },
                {
                    "type": "Feature",
                    "geometry": {
                        "type": "Point",
                        "coordinates": [
                            49.2555856,
                            55.7885307
                        ]
                    },
                    "properties": {
                        "createdDate": 1703517778131,
                        "bearing": 343.07733154296875,
                        "velocity": 4.390143871307373
                    }
                },
                {
                    "type": "Feature",
                    "geometry": {
                        "type": "Point",
                        "coordinates": [
                            49.2555639,
                            55.7885829
                        ]
                    },
                    "properties": {
                        "createdDate": 1703517779129,
                        "bearing": 345.69757080078125,
                        "velocity": 4.699216842651367
                    }
                },
                {
                    "type": "Feature",
                    "geometry": {
                        "type": "Point",
                        "coordinates": [
                            49.2555238,
                            55.7886342
                        ]
                    },
                    "properties": {
                        "createdDate": 1703517780120,
                        "bearing": 344.09661865234375,
                        "velocity": 4.765054702758789
                    }
                },
                {
                    "type": "Feature",
                    "geometry": {
                        "type": "Point",
                        "coordinates": [
                            49.255478,
                            55.7886823
                        ]
                    },
                    "properties": {
                        "createdDate": 1703517781128,
                        "bearing": 338.62164306640625,
                        "velocity": 4.881128311157227
                    }
                },
                {
                    "type": "Feature",
                    "geometry": {
                        "type": "Point",
                        "coordinates": [
                            49.2554369,
                            55.788728
                        ]
                    },
                    "properties": {
                        "createdDate": 1703517782136,
                        "bearing": 338.0509033203125,
                        "velocity": 4.805860996246338
                    }
                },
                {
                    "type": "Feature",
                    "geometry": {
                        "type": "Point",
                        "coordinates": [
                            49.2554262,
                            55.7887681
                        ]
                    },
                    "properties": {
                        "createdDate": 1703517783135,
                        "bearing": 340.0394287109375,
                        "velocity": 4.459784507751465
                    }
                },
                {
                    "type": "Feature",
                    "geometry": {
                        "type": "Point",
                        "coordinates": [
                            49.2554279,
                            55.78881
                        ]
                    },
                    "properties": {
                        "createdDate": 1703517784137,
                        "bearing": 349.4242858886719,
                        "velocity": 4.119976997375488
                    }
                },
                {
                    "type": "Feature",
                    "geometry": {
                        "type": "Point",
                        "coordinates": [
                            49.2554234,
                            55.7888477
                        ]
                    },
                    "properties": {
                        "createdDate": 1703517785143,
                        "bearing": 348.1746826171875,
                        "velocity": 4.067328453063965
                    }
                },
                {
                    "type": "Feature",
                    "geometry": {
                        "type": "Point",
                        "coordinates": [
                            49.2554357,
                            55.7888951
                        ]
                    },
                    "properties": {
                        "createdDate": 1703517786137,
                        "bearing": 356.4156799316406,
                        "velocity": 3.599895477294922
                    }
                },
                {
                    "type": "Feature",
                    "geometry": {
                        "type": "Point",
                        "coordinates": [
                            49.2554632,
                            55.7889493
                        ]
                    },
                    "properties": {
                        "createdDate": 1703517787142,
                        "bearing": 1.7429920434951782,
                        "velocity": 3.8624460697174072
                    }
                },
                {
                    "type": "Feature",
                    "geometry": {
                        "type": "Point",
                        "coordinates": [
                            49.2554707,
                            55.7889894
                        ]
                    },
                    "properties": {
                        "createdDate": 1703517788132,
                        "bearing": 356.4550476074219,
                        "velocity": 3.6666347980499268
                    }
                },
                {
                    "type": "Feature",
                    "geometry": {
                        "type": "Point",
                        "coordinates": [
                            49.2554655,
                            55.7890254
                        ]
                    },
                    "properties": {
                        "createdDate": 1703517789143,
                        "bearing": 350.4382629394531,
                        "velocity": 3.6530263423919678
                    }
                },
                {
                    "type": "Feature",
                    "geometry": {
                        "type": "Point",
                        "coordinates": [
                            49.2554502,
                            55.789061
                        ]
                    },
                    "properties": {
                        "createdDate": 1703517790134,
                        "bearing": 343.5357360839844,
                        "velocity": 4.017402172088623
                    }
                },
                {
                    "type": "Feature",
                    "geometry": {
                        "type": "Point",
                        "coordinates": [
                            49.2554281,
                            55.7891003
                        ]
                    },
                    "properties": {
                        "createdDate": 1703517791142,
                        "bearing": 342.9710693359375,
                        "velocity": 4.351075172424316
                    }
                },
                {
                    "type": "Feature",
                    "geometry": {
                        "type": "Point",
                        "coordinates": [
                            49.2554441,
                            55.7891486
                        ]
                    },
                    "properties": {
                        "createdDate": 1703517792150,
                        "bearing": 346.9291076660156,
                        "velocity": 4.426761150360107
                    }
                },
                {
                    "type": "Feature",
                    "geometry": {
                        "type": "Point",
                        "coordinates": [
                            49.2554316,
                            55.7892173
                        ]
                    },
                    "properties": {
                        "createdDate": 1703517793145,
                        "bearing": 343.43157958984375,
                        "velocity": 4.340737342834473
                    }
                },
                {
                    "type": "Feature",
                    "geometry": {
                        "type": "Point",
                        "coordinates": [
                            49.2554082,
                            55.7892607
                        ]
                    },
                    "properties": {
                        "createdDate": 1703517794150,
                        "bearing": 337.5860900878906,
                        "velocity": 4.041955471038818
                    }
                },
                {
                    "type": "Feature",
                    "geometry": {
                        "type": "Point",
                        "coordinates": [
                            49.2553834,
                            55.789297
                        ]
                    },
                    "properties": {
                        "createdDate": 1703517795157,
                        "bearing": 335.2973327636719,
                        "velocity": 3.7936110496520996
                    }
                },
                {
                    "type": "Feature",
                    "geometry": {
                        "type": "Point",
                        "coordinates": [
                            49.2553488,
                            55.7893246
                        ]
                    },
                    "properties": {
                        "createdDate": 1703517796149,
                        "bearing": 323.39788818359375,
                        "velocity": 3.402261972427368
                    }
                },
                {
                    "type": "Feature",
                    "geometry": {
                        "type": "Point",
                        "coordinates": [
                            49.2553096,
                            55.7893437
                        ]
                    },
                    "properties": {
                        "createdDate": 1703517797159,
                        "bearing": 314.2418212890625,
                        "velocity": 3.0755181312561035
                    }
                },
                {
                    "type": "Feature",
                    "geometry": {
                        "type": "Point",
                        "coordinates": [
                            49.2552842,
                            55.7893584
                        ]
                    },
                    "properties": {
                        "createdDate": 1703517798164,
                        "bearing": 306.7115783691406,
                        "velocity": 2.6905055046081543
                    }
                },
                {
                    "type": "Feature",
                    "geometry": {
                        "type": "Point",
                        "coordinates": [
                            49.2552568,
                            55.7893672
                        ]
                    },
                    "properties": {
                        "createdDate": 1703517799159,
                        "bearing": 281.8047180175781,
                        "velocity": 2.321484088897705
                    }
                },
                {
                    "type": "Feature",
                    "geometry": {
                        "type": "Point",
                        "coordinates": [
                            49.2552224,
                            55.7893681
                        ]
                    },
                    "properties": {
                        "createdDate": 1703517800162,
                        "bearing": 274.43731689453125,
                        "velocity": 2.2137391567230225
                    }
                },
                {
                    "type": "Feature",
                    "geometry": {
                        "type": "Point",
                        "coordinates": [
                            49.2552056,
                            55.7893629
                        ]
                    },
                    "properties": {
                        "createdDate": 1703517801155,
                        "bearing": 253.1168212890625,
                        "velocity": 2.0727715492248535
                    }
                },
                {
                    "type": "Feature",
                    "geometry": {
                        "type": "Point",
                        "coordinates": [
                            49.2551745,
                            55.7893511
                        ]
                    },
                    "properties": {
                        "createdDate": 1703517802162,
                        "bearing": 242.37225341796875,
                        "velocity": 2.7504637241363525
                    }
                },
                {
                    "type": "Feature",
                    "geometry": {
                        "type": "Point",
                        "coordinates": [
                            49.2551302,
                            55.7893376
                        ]
                    },
                    "properties": {
                        "createdDate": 1703517803169,
                        "bearing": 246.60533142089844,
                        "velocity": 3.17397141456604
                    }
                },
                {
                    "type": "Feature",
                    "geometry": {
                        "type": "Point",
                        "coordinates": [
                            49.2550778,
                            55.7893254
                        ]
                    },
                    "properties": {
                        "createdDate": 1703517804161,
                        "bearing": 248.85084533691406,
                        "velocity": 3.0310850143432617
                    }
                },
                {
                    "type": "Feature",
                    "geometry": {
                        "type": "Point",
                        "coordinates": [
                            49.255026,
                            55.7893164
                        ]
                    },
                    "properties": {
                        "createdDate": 1703517805170,
                        "bearing": 253.6934356689453,
                        "velocity": 2.937211275100708
                    }
                },
                {
                    "type": "Feature",
                    "geometry": {
                        "type": "Point",
                        "coordinates": [
                            49.2549694,
                            55.789312
                        ]
                    },
                    "properties": {
                        "createdDate": 1703517806177,
                        "bearing": 257.7491149902344,
                        "velocity": 3.267188787460327
                    }
                },
                {
                    "type": "Feature",
                    "geometry": {
                        "type": "Point",
                        "coordinates": [
                            49.2549076,
                            55.7893052
                        ]
                    },
                    "properties": {
                        "createdDate": 1703517807170,
                        "bearing": 252.23199462890625,
                        "velocity": 3.7658777236938477
                    }
                },
                {
                    "type": "Feature",
                    "geometry": {
                        "type": "Point",
                        "coordinates": [
                            49.2548369,
                            55.7892926
                        ]
                    },
                    "properties": {
                        "createdDate": 1703517808177,
                        "bearing": 251.9072265625,
                        "velocity": 4.361371040344238
                    }
                },
                {
                    "type": "Feature",
                    "geometry": {
                        "type": "Point",
                        "coordinates": [
                            49.254757,
                            55.7892802
                        ]
                    },
                    "properties": {
                        "createdDate": 1703517809184,
                        "bearing": 255.68087768554688,
                        "velocity": 4.890700340270996
                    }
                },
                {
                    "type": "Feature",
                    "geometry": {
                        "type": "Point",
                        "coordinates": [
                            49.2546745,
                            55.7892698
                        ]
                    },
                    "properties": {
                        "createdDate": 1703517810176,
                        "bearing": 257.85162353515625,
                        "velocity": 4.873764514923096
                    }
                },
                {
                    "type": "Feature",
                    "geometry": {
                        "type": "Point",
                        "coordinates": [
                            49.2545936,
                            55.7892602
                        ]
                    },
                    "properties": {
                        "createdDate": 1703517811184,
                        "bearing": 257.0306396484375,
                        "velocity": 5.04395055770874
                    }
                },
                {
                    "type": "Feature",
                    "geometry": {
                        "type": "Point",
                        "coordinates": [
                            49.2545067,
                            55.7892534
                        ]
                    },
                    "properties": {
                        "createdDate": 1703517812176,
                        "bearing": 255.12306213378906,
                        "velocity": 5.25087308883667
                    }
                },
                {
                    "type": "Feature",
                    "geometry": {
                        "type": "Point",
                        "coordinates": [
                            49.2544166,
                            55.7892438
                        ]
                    },
                    "properties": {
                        "createdDate": 1703517813183,
                        "bearing": 256.90020751953125,
                        "velocity": 5.279402256011963
                    }
                },
                {
                    "type": "Feature",
                    "geometry": {
                        "type": "Point",
                        "coordinates": [
                            49.2543317,
                            55.7892332
                        ]
                    },
                    "properties": {
                        "createdDate": 1703517814191,
                        "bearing": 254.2260284423828,
                        "velocity": 5.115428447723389
                    }
                },
                {
                    "type": "Feature",
                    "geometry": {
                        "type": "Point",
                        "coordinates": [
                            49.2542485,
                            55.7892224
                        ]
                    },
                    "properties": {
                        "createdDate": 1703517815186,
                        "bearing": 251.27174377441406,
                        "velocity": 4.81113862991333
                    }
                },
                {
                    "type": "Feature",
                    "geometry": {
                        "type": "Point",
                        "coordinates": [
                            49.2541742,
                            55.7892049
                        ]
                    },
                    "properties": {
                        "createdDate": 1703517816191,
                        "bearing": 247.59849548339844,
                        "velocity": 4.911792278289795
                    }
                },
                {
                    "type": "Feature",
                    "geometry": {
                        "type": "Point",
                        "coordinates": [
                            49.2541009,
                            55.7891865
                        ]
                    },
                    "properties": {
                        "createdDate": 1703517817182,
                        "bearing": 247.17762756347656,
                        "velocity": 4.967442035675049
                    }
                },
                {
                    "type": "Feature",
                    "geometry": {
                        "type": "Point",
                        "coordinates": [
                            49.2540244,
                            55.7891696
                        ]
                    },
                    "properties": {
                        "createdDate": 1703517818192,
                        "bearing": 248.21214294433594,
                        "velocity": 4.5398969650268555
                    }
                },
                {
                    "type": "Feature",
                    "geometry": {
                        "type": "Point",
                        "coordinates": [
                            49.2539489,
                            55.7891548
                        ]
                    },
                    "properties": {
                        "createdDate": 1703517819198,
                        "bearing": 250.19827270507812,
                        "velocity": 4.085230350494385
                    }
                },
                {
                    "type": "Feature",
                    "geometry": {
                        "type": "Point",
                        "coordinates": [
                            49.2538893,
                            55.7891434
                        ]
                    },
                    "properties": {
                        "createdDate": 1703517820205,
                        "bearing": 249.81378173828125,
                        "velocity": 3.438863515853882
                    }
                },
                {
                    "type": "Feature",
                    "geometry": {
                        "type": "Point",
                        "coordinates": [
                            49.2538361,
                            55.7891359
                        ]
                    },
                    "properties": {
                        "createdDate": 1703517821198,
                        "bearing": 248.22805786132812,
                        "velocity": 2.729931116104126
                    }
                },
                {
                    "type": "Feature",
                    "geometry": {
                        "type": "Point",
                        "coordinates": [
                            49.2537906,
                            55.7891255
                        ]
                    },
                    "properties": {
                        "createdDate": 1703517822206,
                        "bearing": 239.49838256835938,
                        "velocity": 2.7271125316619873
                    }
                },
                {
                    "type": "Feature",
                    "geometry": {
                        "type": "Point",
                        "coordinates": [
                            49.253737,
                            55.7891144
                        ]
                    },
                    "properties": {
                        "createdDate": 1703517823200,
                        "bearing": 244.21812438964844,
                        "velocity": 2.868846893310547
                    }
                },
                {
                    "type": "Feature",
                    "geometry": {
                        "type": "Point",
                        "coordinates": [
                            49.2536766,
                            55.7891032
                        ]
                    },
                    "properties": {
                        "createdDate": 1703517824205,
                        "bearing": 245.5804901123047,
                        "velocity": 3.10788893699646
                    }
                },
                {
                    "type": "Feature",
                    "geometry": {
                        "type": "Point",
                        "coordinates": [
                            49.2536097,
                            55.7890898
                        ]
                    },
                    "properties": {
                        "createdDate": 1703517825197,
                        "bearing": 244.1464080810547,
                        "velocity": 3.634108781814575
                    }
                },
                {
                    "type": "Feature",
                    "geometry": {
                        "type": "Point",
                        "coordinates": [
                            49.2535404,
                            55.7890734
                        ]
                    },
                    "properties": {
                        "createdDate": 1703517826204,
                        "bearing": 244.0752716064453,
                        "velocity": 3.996178388595581
                    }
                },
                {
                    "type": "Feature",
                    "geometry": {
                        "type": "Point",
                        "coordinates": [
                            49.2534558,
                            55.7890555
                        ]
                    },
                    "properties": {
                        "createdDate": 1703517827212,
                        "bearing": 245.46034240722656,
                        "velocity": 4.206650733947754
                    }
                },
                {
                    "type": "Feature",
                    "geometry": {
                        "type": "Point",
                        "coordinates": [
                            49.2533754,
                            55.7890389
                        ]
                    },
                    "properties": {
                        "createdDate": 1703517828203,
                        "bearing": 246.3866424560547,
                        "velocity": 4.506422519683838
                    }
                },
                {
                    "type": "Feature",
                    "geometry": {
                        "type": "Point",
                        "coordinates": [
                            49.2532973,
                            55.7890236
                        ]
                    },
                    "properties": {
                        "createdDate": 1703517829211,
                        "bearing": 248.85870361328125,
                        "velocity": 4.592073440551758
                    }
                },
                {
                    "type": "Feature",
                    "geometry": {
                        "type": "Point",
                        "coordinates": [
                            49.2532146,
                            55.7890121
                        ]
                    },
                    "properties": {
                        "createdDate": 1703517830205,
                        "bearing": 251.75161743164062,
                        "velocity": 4.729270935058594
                    }
                },
                {
                    "type": "Feature",
                    "geometry": {
                        "type": "Point",
                        "coordinates": [
                            49.253129,
                            55.7890017
                        ]
                    },
                    "properties": {
                        "createdDate": 1703517831210,
                        "bearing": 253.0301055908203,
                        "velocity": 5.140893459320068
                    }
                },
                {
                    "type": "Feature",
                    "geometry": {
                        "type": "Point",
                        "coordinates": [
                            49.2530449,
                            55.7889876
                        ]
                    },
                    "properties": {
                        "createdDate": 1703517832218,
                        "bearing": 250.4932861328125,
                        "velocity": 5.173663139343262
                    }
                },
                {
                    "type": "Feature",
                    "geometry": {
                        "type": "Point",
                        "coordinates": [
                            49.2529644,
                            55.7889714
                        ]
                    },
                    "properties": {
                        "createdDate": 1703517833212,
                        "bearing": 248.2801055908203,
                        "velocity": 5.044821262359619
                    }
                },
                {
                    "type": "Feature",
                    "geometry": {
                        "type": "Point",
                        "coordinates": [
                            49.2528851,
                            55.788955
                        ]
                    },
                    "properties": {
                        "createdDate": 1703517834219,
                        "bearing": 248.39662170410156,
                        "velocity": 4.922970771789551
                    }
                },
                {
                    "type": "Feature",
                    "geometry": {
                        "type": "Point",
                        "coordinates": [
                            49.2528123,
                            55.7889357
                        ]
                    },
                    "properties": {
                        "createdDate": 1703517835225,
                        "bearing": 249.23387145996094,
                        "velocity": 4.803069591522217
                    }
                },
                {
                    "type": "Feature",
                    "geometry": {
                        "type": "Point",
                        "coordinates": [
                            49.252739,
                            55.7889139
                        ]
                    },
                    "properties": {
                        "createdDate": 1703517836218,
                        "bearing": 252.48960876464844,
                        "velocity": 4.623507022857666
                    }
                },
                {
                    "type": "Feature",
                    "geometry": {
                        "type": "Point",
                        "coordinates": [
                            49.252666,
                            55.7888953
                        ]
                    },
                    "properties": {
                        "createdDate": 1703517837225,
                        "bearing": 252.06874084472656,
                        "velocity": 4.509471416473389
                    }
                },
                {
                    "type": "Feature",
                    "geometry": {
                        "type": "Point",
                        "coordinates": [
                            49.2525924,
                            55.7888735
                        ]
                    },
                    "properties": {
                        "createdDate": 1703517838219,
                        "bearing": 248.9446563720703,
                        "velocity": 4.661884784698486
                    }
                },
                {
                    "type": "Feature",
                    "geometry": {
                        "type": "Point",
                        "coordinates": [
                            49.2525169,
                            55.7888525
                        ]
                    },
                    "properties": {
                        "createdDate": 1703517839226,
                        "bearing": 247.2186279296875,
                        "velocity": 4.672484874725342
                    }
                },
                {
                    "type": "Feature",
                    "geometry": {
                        "type": "Point",
                        "coordinates": [
                            49.2524414,
                            55.788834
                        ]
                    },
                    "properties": {
                        "createdDate": 1703517840232,
                        "bearing": 247.0629119873047,
                        "velocity": 4.746514320373535
                    }
                },
                {
                    "type": "Feature",
                    "geometry": {
                        "type": "Point",
                        "coordinates": [
                            49.2523651,
                            55.7888166
                        ]
                    },
                    "properties": {
                        "createdDate": 1703517841224,
                        "bearing": 245.0835723876953,
                        "velocity": 4.861865997314453
                    }
                },
                {
                    "type": "Feature",
                    "geometry": {
                        "type": "Point",
                        "coordinates": [
                            49.2522872,
                            55.7887973
                        ]
                    },
                    "properties": {
                        "createdDate": 1703517842232,
                        "bearing": 245.5856475830078,
                        "velocity": 4.995368480682373
                    }
                },
                {
                    "type": "Feature",
                    "geometry": {
                        "type": "Point",
                        "coordinates": [
                            49.2522104,
                            55.7887762
                        ]
                    },
                    "properties": {
                        "createdDate": 1703517843230,
                        "bearing": 242.37762451171875,
                        "velocity": 5.053947925567627
                    }
                },
                {
                    "type": "Feature",
                    "geometry": {
                        "type": "Point",
                        "coordinates": [
                            49.2521326,
                            55.7887556
                        ]
                    },
                    "properties": {
                        "createdDate": 1703517844232,
                        "bearing": 244.50335693359375,
                        "velocity": 5.059572696685791
                    }
                },
                {
                    "type": "Feature",
                    "geometry": {
                        "type": "Point",
                        "coordinates": [
                            49.2520545,
                            55.7887359
                        ]
                    },
                    "properties": {
                        "createdDate": 1703517845239,
                        "bearing": 245.4658966064453,
                        "velocity": 5.0051984786987305
                    }
                },
                {
                    "type": "Feature",
                    "geometry": {
                        "type": "Point",
                        "coordinates": [
                            49.2519793,
                            55.7887181
                        ]
                    },
                    "properties": {
                        "createdDate": 1703517846231,
                        "bearing": 246.42269897460938,
                        "velocity": 4.82793664932251
                    }
                },
                {
                    "type": "Feature",
                    "geometry": {
                        "type": "Point",
                        "coordinates": [
                            49.2519077,
                            55.7886992
                        ]
                    },
                    "properties": {
                        "createdDate": 1703517847237,
                        "bearing": 244.11158752441406,
                        "velocity": 4.735763072967529
                    }
                },
                {
                    "type": "Feature",
                    "geometry": {
                        "type": "Point",
                        "coordinates": [
                            49.2518459,
                            55.7886807
                        ]
                    },
                    "properties": {
                        "createdDate": 1703517848234,
                        "bearing": 242.9517059326172,
                        "velocity": 4.209589004516602
                    }
                },
                {
                    "type": "Feature",
                    "geometry": {
                        "type": "Point",
                        "coordinates": [
                            49.251794,
                            55.7886663
                        ]
                    },
                    "properties": {
                        "createdDate": 1703517849238,
                        "bearing": 246.2267303466797,
                        "velocity": 3.513411283493042
                    }
                },
                {
                    "type": "Feature",
                    "geometry": {
                        "type": "Point",
                        "coordinates": [
                            49.2517504,
                            55.7886574
                        ]
                    },
                    "properties": {
                        "createdDate": 1703517850245,
                        "bearing": 252.95901489257812,
                        "velocity": 2.8948581218719482
                    }
                },
                {
                    "type": "Feature",
                    "geometry": {
                        "type": "Point",
                        "coordinates": [
                            49.2517125,
                            55.7886492
                        ]
                    },
                    "properties": {
                        "createdDate": 1703517851255,
                        "bearing": 251.8487091064453,
                        "velocity": 2.536052942276001
                    }
                },
                {
                    "type": "Feature",
                    "geometry": {
                        "type": "Point",
                        "coordinates": [
                            49.2516752,
                            55.788641
                        ]
                    },
                    "properties": {
                        "createdDate": 1703517852245,
                        "bearing": 251.2416534423828,
                        "velocity": 2.5622615814208984
                    }
                },
                {
                    "type": "Feature",
                    "geometry": {
                        "type": "Point",
                        "coordinates": [
                            49.2516346,
                            55.7886376
                        ]
                    },
                    "properties": {
                        "createdDate": 1703517853253,
                        "bearing": 259.4585876464844,
                        "velocity": 2.5007107257843018
                    }
                },
                {
                    "type": "Feature",
                    "geometry": {
                        "type": "Point",
                        "coordinates": [
                            49.2515899,
                            55.7886321
                        ]
                    },
                    "properties": {
                        "createdDate": 1703517854247,
                        "bearing": 255.9429931640625,
                        "velocity": 2.61824369430542
                    }
                },
                {
                    "type": "Feature",
                    "geometry": {
                        "type": "Point",
                        "coordinates": [
                            49.2515459,
                            55.7886252
                        ]
                    },
                    "properties": {
                        "createdDate": 1703517855252,
                        "bearing": 258.109619140625,
                        "velocity": 2.678171157836914
                    }
                },
                {
                    "type": "Feature",
                    "geometry": {
                        "type": "Point",
                        "coordinates": [
                            49.2515035,
                            55.788609
                        ]
                    },
                    "properties": {
                        "createdDate": 1703517856246,
                        "bearing": 252.18807983398438,
                        "velocity": 2.730886936187744
                    }
                },
                {
                    "type": "Feature",
                    "geometry": {
                        "type": "Point",
                        "coordinates": [
                            49.2514626,
                            55.7885881
                        ]
                    },
                    "properties": {
                        "createdDate": 1703517857256,
                        "bearing": 252.08106994628906,
                        "velocity": 2.873739719390869
                    }
                },
                {
                    "type": "Feature",
                    "geometry": {
                        "type": "Point",
                        "coordinates": [
                            49.2514185,
                            55.7885735
                        ]
                    },
                    "properties": {
                        "createdDate": 1703517858259,
                        "bearing": 255.92181396484375,
                        "velocity": 2.8277742862701416
                    }
                },
                {
                    "type": "Feature",
                    "geometry": {
                        "type": "Point",
                        "coordinates": [
                            49.2513675,
                            55.7885558
                        ]
                    },
                    "properties": {
                        "createdDate": 1703517859253,
                        "bearing": 261.8643493652344,
                        "velocity": 3.308736562728882
                    }
                },
                {
                    "type": "Feature",
                    "geometry": {
                        "type": "Point",
                        "coordinates": [
                            49.2513083,
                            55.7885491
                        ]
                    },
                    "properties": {
                        "createdDate": 1703517860257,
                        "bearing": 271.77349853515625,
                        "velocity": 3.496774911880493
                    }
                },
                {
                    "type": "Feature",
                    "geometry": {
                        "type": "Point",
                        "coordinates": [
                            49.2512483,
                            55.7885553
                        ]
                    },
                    "properties": {
                        "createdDate": 1703517861255,
                        "bearing": 283.8394470214844,
                        "velocity": 3.565669059753418
                    }
                },
                {
                    "type": "Feature",
                    "geometry": {
                        "type": "Point",
                        "coordinates": [
                            49.2511974,
                            55.7885768
                        ]
                    },
                    "properties": {
                        "createdDate": 1703517862259,
                        "bearing": 301.1252136230469,
                        "velocity": 3.570291757583618
                    }
                },
                {
                    "type": "Feature",
                    "geometry": {
                        "type": "Point",
                        "coordinates": [
                            49.2511648,
                            55.7886085
                        ]
                    },
                    "properties": {
                        "createdDate": 1703517863266,
                        "bearing": 321.2121887207031,
                        "velocity": 3.5050206184387207
                    }
                },
                {
                    "type": "Feature",
                    "geometry": {
                        "type": "Point",
                        "coordinates": [
                            49.2511465,
                            55.7886529
                        ]
                    },
                    "properties": {
                        "createdDate": 1703517864258,
                        "bearing": 337.8289794921875,
                        "velocity": 4.15976619720459
                    }
                },
                {
                    "type": "Feature",
                    "geometry": {
                        "type": "Point",
                        "coordinates": [
                            49.2511276,
                            55.7887039
                        ]
                    },
                    "properties": {
                        "createdDate": 1703517865265,
                        "bearing": 342.38653564453125,
                        "velocity": 4.855116844177246
                    }
                },
                {
                    "type": "Feature",
                    "geometry": {
                        "type": "Point",
                        "coordinates": [
                            49.2511068,
                            55.7887601
                        ]
                    },
                    "properties": {
                        "createdDate": 1703517866275,
                        "bearing": 343.8658752441406,
                        "velocity": 5.450606346130371
                    }
                },
                {
                    "type": "Feature",
                    "geometry": {
                        "type": "Point",
                        "coordinates": [
                            49.2510982,
                            55.7888007
                        ]
                    },
                    "properties": {
                        "createdDate": 1703517867265,
                        "bearing": 348.8347473144531,
                        "velocity": 4.456723690032959
                    }
                },
                {
                    "type": "Feature",
                    "geometry": {
                        "type": "Point",
                        "coordinates": [
                            49.2510953,
                            55.7888374
                        ]
                    },
                    "properties": {
                        "createdDate": 1703517868273,
                        "bearing": 355.64178466796875,
                        "velocity": 3.4283201694488525
                    }
                },
                {
                    "type": "Feature",
                    "geometry": {
                        "type": "Point",
                        "coordinates": [
                            49.2510962,
                            55.788868
                        ]
                    },
                    "properties": {
                        "createdDate": 1703517869283,
                        "bearing": 1.6254503726959229,
                        "velocity": 2.5963399410247803
                    }
                },
                {
                    "type": "Feature",
                    "geometry": {
                        "type": "Point",
                        "coordinates": [
                            49.2511027,
                            55.7888997
                        ]
                    },
                    "properties": {
                        "createdDate": 1703517870273,
                        "bearing": 6.746605396270752,
                        "velocity": 2.512612819671631
                    }
                },
                {
                    "type": "Feature",
                    "geometry": {
                        "type": "Point",
                        "coordinates": [
                            49.2511139,
                            55.788929
                        ]
                    },
                    "properties": {
                        "createdDate": 1703517871282,
                        "bearing": 12.842938423156738,
                        "velocity": 3.0715925693511963
                    }
                },
                {
                    "type": "Feature",
                    "geometry": {
                        "type": "Point",
                        "coordinates": [
                            49.2511273,
                            55.7889588
                        ]
                    },
                    "properties": {
                        "createdDate": 1703517872272,
                        "bearing": 18.772871017456055,
                        "velocity": 3.4494709968566895
                    }
                },
                {
                    "type": "Feature",
                    "geometry": {
                        "type": "Point",
                        "coordinates": [
                            49.2511487,
                            55.7889826
                        ]
                    },
                    "properties": {
                        "createdDate": 1703517873280,
                        "bearing": 25.747520446777344,
                        "velocity": 4.0237202644348145
                    }
                },
                {
                    "type": "Feature",
                    "geometry": {
                        "type": "Point",
                        "coordinates": [
                            49.2511673,
                            55.7890152
                        ]
                    },
                    "properties": {
                        "createdDate": 1703517874276,
                        "bearing": 21.271751403808594,
                        "velocity": 4.332335948944092
                    }
                },
                {
                    "type": "Feature",
                    "geometry": {
                        "type": "Point",
                        "coordinates": [
                            49.2511791,
                            55.7890553
                        ]
                    },
                    "properties": {
                        "createdDate": 1703517875279,
                        "bearing": 10.465615272521973,
                        "velocity": 5.1364240646362305
                    }
                },
                {
                    "type": "Feature",
                    "geometry": {
                        "type": "Point",
                        "coordinates": [
                            49.2511912,
                            55.7891038
                        ]
                    },
                    "properties": {
                        "createdDate": 1703517876286,
                        "bearing": 7.156691074371338,
                        "velocity": 5.252706050872803
                    }
                },
                {
                    "type": "Feature",
                    "geometry": {
                        "type": "Point",
                        "coordinates": [
                            49.2511933,
                            55.7891559
                        ]
                    },
                    "properties": {
                        "createdDate": 1703517877294,
                        "bearing": 351.84503173828125,
                        "velocity": 5.6991095542907715
                    }
                },
                {
                    "type": "Feature",
                    "geometry": {
                        "type": "Point",
                        "coordinates": [
                            49.251167,
                            55.7892067
                        ]
                    },
                    "properties": {
                        "createdDate": 1703517878286,
                        "bearing": 335.9600524902344,
                        "velocity": 5.649169921875
                    }
                },
                {
                    "type": "Feature",
                    "geometry": {
                        "type": "Point",
                        "coordinates": [
                            49.2511215,
                            55.7892533
                        ]
                    },
                    "properties": {
                        "createdDate": 1703517879294,
                        "bearing": 324.6926574707031,
                        "velocity": 5.969856262207031
                    }
                },
                {
                    "type": "Feature",
                    "geometry": {
                        "type": "Point",
                        "coordinates": [
                            49.2510538,
                            55.7892954
                        ]
                    },
                    "properties": {
                        "createdDate": 1703517880290,
                        "bearing": 314.96246337890625,
                        "velocity": 6.247823715209961
                    }
                },
                {
                    "type": "Feature",
                    "geometry": {
                        "type": "Point",
                        "coordinates": [
                            49.2509772,
                            55.7893338
                        ]
                    },
                    "properties": {
                        "createdDate": 1703517881299,
                        "bearing": 310.3954772949219,
                        "velocity": 6.109460353851318
                    }
                },
                {
                    "type": "Feature",
                    "geometry": {
                        "type": "Point",
                        "coordinates": [
                            49.2509047,
                            55.7893744
                        ]
                    },
                    "properties": {
                        "createdDate": 1703517882300,
                        "bearing": 314.60443115234375,
                        "velocity": 6.388246059417725
                    }
                },
                {
                    "type": "Feature",
                    "geometry": {
                        "type": "Point",
                        "coordinates": [
                            49.2508377,
                            55.789421
                        ]
                    },
                    "properties": {
                        "createdDate": 1703517883297,
                        "bearing": 322.21636962890625,
                        "velocity": 6.190532207489014
                    }
                },
                {
                    "type": "Feature",
                    "geometry": {
                        "type": "Point",
                        "coordinates": [
                            49.2507881,
                            55.7894677
                        ]
                    },
                    "properties": {
                        "createdDate": 1703517884300,
                        "bearing": 325.58843994140625,
                        "velocity": 6.247339248657227
                    }
                },
                {
                    "type": "Feature",
                    "geometry": {
                        "type": "Point",
                        "coordinates": [
                            49.2507442,
                            55.7895251
                        ]
                    },
                    "properties": {
                        "createdDate": 1703517885308,
                        "bearing": 334.2765808105469,
                        "velocity": 6.732010364532471
                    }
                },
                {
                    "type": "Feature",
                    "geometry": {
                        "type": "Point",
                        "coordinates": [
                            49.250706,
                            55.7895822
                        ]
                    },
                    "properties": {
                        "createdDate": 1703517886304,
                        "bearing": 331.3650207519531,
                        "velocity": 6.40363883972168
                    }
                },
                {
                    "type": "Feature",
                    "geometry": {
                        "type": "Point",
                        "coordinates": [
                            49.2506709,
                            55.7896413
                        ]
                    },
                    "properties": {
                        "createdDate": 1703517887308,
                        "bearing": 334.80517578125,
                        "velocity": 5.899059772491455
                    }
                },
                {
                    "type": "Feature",
                    "geometry": {
                        "type": "Point",
                        "coordinates": [
                            49.2506372,
                            55.789692
                        ]
                    },
                    "properties": {
                        "createdDate": 1703517888311,
                        "bearing": 335.08892822265625,
                        "velocity": 5.542352199554443
                    }
                },
                {
                    "type": "Feature",
                    "geometry": {
                        "type": "Point",
                        "coordinates": [
                            49.2506163,
                            55.7897355
                        ]
                    },
                    "properties": {
                        "createdDate": 1703517889307,
                        "bearing": 336.9960632324219,
                        "velocity": 5.031461715698242
                    }
                },
                {
                    "type": "Feature",
                    "geometry": {
                        "type": "Point",
                        "coordinates": [
                            49.2505612,
                            55.789828
                        ]
                    },
                    "properties": {
                        "createdDate": 1703517890314,
                        "bearing": 338.6031799316406,
                        "velocity": 5.297759056091309
                    }
                },
                {
                    "type": "Feature",
                    "geometry": {
                        "type": "Point",
                        "coordinates": [
                            49.250489,
                            55.7899413
                        ]
                    },
                    "properties": {
                        "createdDate": 1703517892314,
                        "bearing": 338.8690185546875,
                        "velocity": 6.8618316650390625
                    }
                },
                {
                    "type": "Feature",
                    "geometry": {
                        "type": "Point",
                        "coordinates": [
                            49.2504521,
                            55.7899997
                        ]
                    },
                    "properties": {
                        "createdDate": 1703517893305,
                        "bearing": 338.15069580078125,
                        "velocity": 6.660449028015137
                    }
                },
                {
                    "type": "Feature",
                    "geometry": {
                        "type": "Point",
                        "coordinates": [
                            49.25042,
                            55.7900565
                        ]
                    },
                    "properties": {
                        "createdDate": 1703517894315,
                        "bearing": 339.8415832519531,
                        "velocity": 6.860846996307373
                    }
                },
                {
                    "type": "Feature",
                    "geometry": {
                        "type": "Point",
                        "coordinates": [
                            49.25039,
                            55.7901109
                        ]
                    },
                    "properties": {
                        "createdDate": 1703517895311,
                        "bearing": 337.4437561035156,
                        "velocity": 6.100937366485596
                    }
                },
                {
                    "type": "Feature",
                    "geometry": {
                        "type": "Point",
                        "coordinates": [
                            49.2503648,
                            55.7901615
                        ]
                    },
                    "properties": {
                        "createdDate": 1703517896317,
                        "bearing": 338.08544921875,
                        "velocity": 5.646527290344238
                    }
                },
                {
                    "type": "Feature",
                    "geometry": {
                        "type": "Point",
                        "coordinates": [
                            49.2503477,
                            55.7902049
                        ]
                    },
                    "properties": {
                        "createdDate": 1703517897320,
                        "bearing": 338.9632263183594,
                        "velocity": 5.600991725921631
                    }
                },
                {
                    "type": "Feature",
                    "geometry": {
                        "type": "Point",
                        "coordinates": [
                            49.2502669,
                            55.7903136
                        ]
                    },
                    "properties": {
                        "createdDate": 1703517899321,
                        "bearing": 333.20758056640625,
                        "velocity": 5.750334739685059
                    }
                },
                {
                    "type": "Feature",
                    "geometry": {
                        "type": "Point",
                        "coordinates": [
                            49.2502217,
                            55.7903634
                        ]
                    },
                    "properties": {
                        "createdDate": 1703517900328,
                        "bearing": 332.1490478515625,
                        "velocity": 5.25998067855835
                    }
                },
                {
                    "type": "Feature",
                    "geometry": {
                        "type": "Point",
                        "coordinates": [
                            49.2501831,
                            55.7904084
                        ]
                    },
                    "properties": {
                        "createdDate": 1703517901339,
                        "bearing": 334.0079040527344,
                        "velocity": 4.623912811279297
                    }
                },
                {
                    "type": "Feature",
                    "geometry": {
                        "type": "Point",
                        "coordinates": [
                            49.2501466,
                            55.7904464
                        ]
                    },
                    "properties": {
                        "createdDate": 1703517902327,
                        "bearing": 328.40716552734375,
                        "velocity": 4.56627082824707
                    }
                },
                {
                    "type": "Feature",
                    "geometry": {
                        "type": "Point",
                        "coordinates": [
                            49.2501143,
                            55.7904767
                        ]
                    },
                    "properties": {
                        "createdDate": 1703517903317,
                        "bearing": 327.2716064453125,
                        "velocity": 3.6766247749328613
                    }
                },
                {
                    "type": "Feature",
                    "geometry": {
                        "type": "Point",
                        "coordinates": [
                            49.2500925,
                            55.7905036
                        ]
                    },
                    "properties": {
                        "createdDate": 1703517904327,
                        "bearing": 335.5834045410156,
                        "velocity": 3.2655277252197266
                    }
                },
                {
                    "type": "Feature",
                    "geometry": {
                        "type": "Point",
                        "coordinates": [
                            49.2500714,
                            55.7905301
                        ]
                    },
                    "properties": {
                        "createdDate": 1703517905318,
                        "bearing": 334.1272888183594,
                        "velocity": 3.1190218925476074
                    }
                },
                {
                    "type": "Feature",
                    "geometry": {
                        "type": "Point",
                        "coordinates": [
                            49.2500441,
                            55.7905503
                        ]
                    },
                    "properties": {
                        "createdDate": 1703517906327,
                        "bearing": 327.4530029296875,
                        "velocity": 2.7937002182006836
                    }
                },
                {
                    "type": "Feature",
                    "geometry": {
                        "type": "Point",
                        "coordinates": [
                            49.2500156,
                            55.7905721
                        ]
                    },
                    "properties": {
                        "createdDate": 1703517907334,
                        "bearing": 324.185791015625,
                        "velocity": 3.1232094764709473
                    }
                },
                {
                    "type": "Feature",
                    "geometry": {
                        "type": "Point",
                        "coordinates": [
                            49.249977,
                            55.7906021
                        ]
                    },
                    "properties": {
                        "createdDate": 1703517908325,
                        "bearing": 320.206298828125,
                        "velocity": 4.0906853675842285
                    }
                },
                {
                    "type": "Feature",
                    "geometry": {
                        "type": "Point",
                        "coordinates": [
                            49.2499303,
                            55.7906347
                        ]
                    },
                    "properties": {
                        "createdDate": 1703517909334,
                        "bearing": 317.3607177734375,
                        "velocity": 4.047247886657715
                    }
                },
                {
                    "type": "Feature",
                    "geometry": {
                        "type": "Point",
                        "coordinates": [
                            49.2498853,
                            55.7906689
                        ]
                    },
                    "properties": {
                        "createdDate": 1703517910341,
                        "bearing": 321.51068115234375,
                        "velocity": 4.6275715827941895
                    }
                },
                {
                    "type": "Feature",
                    "geometry": {
                        "type": "Point",
                        "coordinates": [
                            49.2498373,
                            55.7907125
                        ]
                    },
                    "properties": {
                        "createdDate": 1703517911333,
                        "bearing": 324.6302795410156,
                        "velocity": 5.534591197967529
                    }
                },
                {
                    "type": "Feature",
                    "geometry": {
                        "type": "Point",
                        "coordinates": [
                            49.2497839,
                            55.7907616
                        ]
                    },
                    "properties": {
                        "createdDate": 1703517912341,
                        "bearing": 323.2076110839844,
                        "velocity": 5.642996311187744
                    }
                },
                {
                    "type": "Feature",
                    "geometry": {
                        "type": "Point",
                        "coordinates": [
                            49.2497361,
                            55.7908124
                        ]
                    },
                    "properties": {
                        "createdDate": 1703517913348,
                        "bearing": 330.4100036621094,
                        "velocity": 5.502318859100342
                    }
                },
                {
                    "type": "Feature",
                    "geometry": {
                        "type": "Point",
                        "coordinates": [
                            49.2496954,
                            55.7908586
                        ]
                    },
                    "properties": {
                        "createdDate": 1703517914341,
                        "bearing": 328.3048095703125,
                        "velocity": 5.262438774108887
                    }
                },
                {
                    "type": "Feature",
                    "geometry": {
                        "type": "Point",
                        "coordinates": [
                            49.2496583,
                            55.7909068
                        ]
                    },
                    "properties": {
                        "createdDate": 1703517915348,
                        "bearing": 327.09844970703125,
                        "velocity": 5.782960891723633
                    }
                },
                {
                    "type": "Feature",
                    "geometry": {
                        "type": "Point",
                        "coordinates": [
                            49.2496151,
                            55.7909667
                        ]
                    },
                    "properties": {
                        "createdDate": 1703517916340,
                        "bearing": 330.70050048828125,
                        "velocity": 6.578877925872803
                    }
                },
                {
                    "type": "Feature",
                    "geometry": {
                        "type": "Point",
                        "coordinates": [
                            49.2495623,
                            55.7910252
                        ]
                    },
                    "properties": {
                        "createdDate": 1703517917347,
                        "bearing": 328.18963623046875,
                        "velocity": 7.000224590301514
                    }
                }
            ]
        }
    },
    {
        "uuid": "cae4b86c-3f52-4e47-8c61-e2689daa8c83",
        "videoId": "1703517334472",
        "filePath": "/vs_data/citysoft-dev/video/2023/12/25/5b8b176f019ea18e/1703517330494/1703517334472/1703517334472.mp4",
        "sessionId": "1703517330494",
        "deviceId": "5b8b176f019ea18e",
        "descriptions": {
            "onDevice": "VladTest",
            "onServer": "VladTest"
        },
        "numbers": {
            "onDevice": "VladTest",
            "onServer": "VladTest"
        },
        "processingStatus": "NEW",
        "operatorId": null,
        "creationDate": "2023-12-25T15:15:34.472Z",
        "processedDate": null,
        "homographyId": null,
        "mergedPartsCount": 284,
        "fps": 0,
        "size": 7951752,
        "resolution": null,
        "errorReason": null,
        "errorModule": null,
        "errorMessage": null,
        "geoJSON": {
            "type": "FeatureCollection",
            "features": [
                {
                    "type": "Feature",
                    "geometry": {
                        "type": "Point",
                        "coordinates": [
                            49.2458098,
                            55.7927324
                        ]
                    },
                    "properties": {
                        "createdDate": 1703517334472,
                        "bearing": 0.0,
                        "velocity": 0.0
                    }
                },
                {
                    "type": "Feature",
                    "geometry": {
                        "type": "Point",
                        "coordinates": [
                            49.2457325,
                            55.7926806
                        ]
                    },
                    "properties": {
                        "createdDate": 1703517339421,
                        "bearing": 0.0,
                        "velocity": 0.01885118894279003
                    }
                },
                {
                    "type": "Feature",
                    "geometry": {
                        "type": "Point",
                        "coordinates": [
                            49.2457303,
                            55.7927315
                        ]
                    },
                    "properties": {
                        "createdDate": 1703517340415,
                        "bearing": 0.0,
                        "velocity": 0.2700325548648834
                    }
                },
                {
                    "type": "Feature",
                    "geometry": {
                        "type": "Point",
                        "coordinates": [
                            49.2457191,
                            55.792762
                        ]
                    },
                    "properties": {
                        "createdDate": 1703517341421,
                        "bearing": 0.0,
                        "velocity": 0.47876930236816406
                    }
                },
                {
                    "type": "Feature",
                    "geometry": {
                        "type": "Point",
                        "coordinates": [
                            49.2457283,
                            55.7927784
                        ]
                    },
                    "properties": {
                        "createdDate": 1703517342429,
                        "bearing": 5.896538368688198E-6,
                        "velocity": 0.6797166466712952
                    }
                },
                {
                    "type": "Feature",
                    "geometry": {
                        "type": "Point",
                        "coordinates": [
                            49.2456844,
                            55.7928178
                        ]
                    },
                    "properties": {
                        "createdDate": 1703517343436,
                        "bearing": 0.0,
                        "velocity": 0.8097955584526062
                    }
                },
                {
                    "type": "Feature",
                    "geometry": {
                        "type": "Point",
                        "coordinates": [
                            49.2456593,
                            55.7928398
                        ]
                    },
                    "properties": {
                        "createdDate": 1703517344427,
                        "bearing": 0.0,
                        "velocity": 0.6516135334968567
                    }
                },
                {
                    "type": "Feature",
                    "geometry": {
                        "type": "Point",
                        "coordinates": [
                            49.245617,
                            55.7928607
                        ]
                    },
                    "properties": {
                        "createdDate": 1703517345439,
                        "bearing": 0.0,
                        "velocity": 0.39984846115112305
                    }
                },
                {
                    "type": "Feature",
                    "geometry": {
                        "type": "Point",
                        "coordinates": [
                            49.2456023,
                            55.7928759
                        ]
                    },
                    "properties": {
                        "createdDate": 1703517346427,
                        "bearing": 0.0,
                        "velocity": 0.5318081378936768
                    }
                },
                {
                    "type": "Feature",
                    "geometry": {
                        "type": "Point",
                        "coordinates": [
                            49.2456015,
                            55.7928904
                        ]
                    },
                    "properties": {
                        "createdDate": 1703517347435,
                        "bearing": 0.0,
                        "velocity": 0.3894398808479309
                    }
                },
                {
                    "type": "Feature",
                    "geometry": {
                        "type": "Point",
                        "coordinates": [
                            49.2456094,
                            55.7929046
                        ]
                    },
                    "properties": {
                        "createdDate": 1703517348427,
                        "bearing": 2.0355550198972866E-13,
                        "velocity": 0.4467163383960724
                    }
                },
                {
                    "type": "Feature",
                    "geometry": {
                        "type": "Point",
                        "coordinates": [
                            49.2456108,
                            55.7929568
                        ]
                    },
                    "properties": {
                        "createdDate": 1703517349434,
                        "bearing": 0.0,
                        "velocity": 1.0589699745178223
                    }
                },
                {
                    "type": "Feature",
                    "geometry": {
                        "type": "Point",
                        "coordinates": [
                            49.2456349,
                            55.7930041
                        ]
                    },
                    "properties": {
                        "createdDate": 1703517350443,
                        "bearing": 2.544443876515562E-13,
                        "velocity": 1.5100144147872925
                    }
                },
                {
                    "type": "Feature",
                    "geometry": {
                        "type": "Point",
                        "coordinates": [
                            49.2457021,
                            55.7930384
                        ]
                    },
                    "properties": {
                        "createdDate": 1703517351435,
                        "bearing": 5.088887753031124E-13,
                        "velocity": 1.400170087814331
                    }
                },
                {
                    "type": "Feature",
                    "geometry": {
                        "type": "Point",
                        "coordinates": [
                            49.245699,
                            55.7930026
                        ]
                    },
                    "properties": {
                        "createdDate": 1703517353436,
                        "bearing": 0.0,
                        "velocity": 0.02898710034787655
                    }
                },
                {
                    "type": "Feature",
                    "geometry": {
                        "type": "Point",
                        "coordinates": [
                            49.2457073,
                            55.7929988
                        ]
                    },
                    "properties": {
                        "createdDate": 1703517354440,
                        "bearing": 0.0,
                        "velocity": 0.010578578338027
                    }
                },
                {
                    "type": "Feature",
                    "geometry": {
                        "type": "Point",
                        "coordinates": [
                            49.2457255,
                            55.7929997
                        ]
                    },
                    "properties": {
                        "createdDate": 1703517355449,
                        "bearing": 0.0,
                        "velocity": 0.03042321279644966
                    }
                },
                {
                    "type": "Feature",
                    "geometry": {
                        "type": "Point",
                        "coordinates": [
                            49.2458643,
                            55.7930224
                        ]
                    },
                    "properties": {
                        "createdDate": 1703517356440,
                        "bearing": 77.871826171875,
                        "velocity": 0.44183558225631714
                    }
                },
                {
                    "type": "Feature",
                    "geometry": {
                        "type": "Point",
                        "coordinates": [
                            49.2459929,
                            55.793043
                        ]
                    },
                    "properties": {
                        "createdDate": 1703517357448,
                        "bearing": 74.900146484375,
                        "velocity": 2.133915901184082
                    }
                },
                {
                    "type": "Feature",
                    "geometry": {
                        "type": "Point",
                        "coordinates": [
                            49.2461863,
                            55.7930824
                        ]
                    },
                    "properties": {
                        "createdDate": 1703517358456,
                        "bearing": 69.67724609375,
                        "velocity": 3.7884740829467773
                    }
                },
                {
                    "type": "Feature",
                    "geometry": {
                        "type": "Point",
                        "coordinates": [
                            49.2463365,
                            55.7931209
                        ]
                    },
                    "properties": {
                        "createdDate": 1703517359447,
                        "bearing": 63.99478530883789,
                        "velocity": 4.705001354217529
                    }
                },
                {
                    "type": "Feature",
                    "geometry": {
                        "type": "Point",
                        "coordinates": [
                            49.2464629,
                            55.7931574
                        ]
                    },
                    "properties": {
                        "createdDate": 1703517360458,
                        "bearing": 61.23086929321289,
                        "velocity": 5.2303547859191895
                    }
                },
                {
                    "type": "Feature",
                    "geometry": {
                        "type": "Point",
                        "coordinates": [
                            49.2465816,
                            55.7931798
                        ]
                    },
                    "properties": {
                        "createdDate": 1703517361450,
                        "bearing": 63.65644073486328,
                        "velocity": 5.441447734832764
                    }
                },
                {
                    "type": "Feature",
                    "geometry": {
                        "type": "Point",
                        "coordinates": [
                            49.2466823,
                            55.7931899
                        ]
                    },
                    "properties": {
                        "createdDate": 1703517362454,
                        "bearing": 67.77902221679688,
                        "velocity": 5.39290189743042
                    }
                },
                {
                    "type": "Feature",
                    "geometry": {
                        "type": "Point",
                        "coordinates": [
                            49.2467313,
                            55.7931818
                        ]
                    },
                    "properties": {
                        "createdDate": 1703517363462,
                        "bearing": 86.5577621459961,
                        "velocity": 2.5422146320343018
                    }
                },
                {
                    "type": "Feature",
                    "geometry": {
                        "type": "Point",
                        "coordinates": [
                            49.2467654,
                            55.7931813
                        ]
                    },
                    "properties": {
                        "createdDate": 1703517364456,
                        "bearing": 88.6228256225586,
                        "velocity": 1.37129545211792
                    }
                },
                {
                    "type": "Feature",
                    "geometry": {
                        "type": "Point",
                        "coordinates": [
                            49.2468077,
                            55.7931683
                        ]
                    },
                    "properties": {
                        "createdDate": 1703517365502,
                        "bearing": 89.83475494384766,
                        "velocity": 1.3115639686584473
                    }
                },
                {
                    "type": "Feature",
                    "geometry": {
                        "type": "Point",
                        "coordinates": [
                            49.2468324,
                            55.7931587
                        ]
                    },
                    "properties": {
                        "createdDate": 1703517366471,
                        "bearing": 91.42713165283203,
                        "velocity": 1.1689648628234863
                    }
                },
                {
                    "type": "Feature",
                    "geometry": {
                        "type": "Point",
                        "coordinates": [
                            49.2468553,
                            55.7931477
                        ]
                    },
                    "properties": {
                        "createdDate": 1703517367479,
                        "bearing": 93.33271026611328,
                        "velocity": 1.0528151988983154
                    }
                },
                {
                    "type": "Feature",
                    "geometry": {
                        "type": "Point",
                        "coordinates": [
                            49.2468719,
                            55.7931369
                        ]
                    },
                    "properties": {
                        "createdDate": 1703517368488,
                        "bearing": 94.75426483154297,
                        "velocity": 0.8950183987617493
                    }
                },
                {
                    "type": "Feature",
                    "geometry": {
                        "type": "Point",
                        "coordinates": [
                            49.2468914,
                            55.7931294
                        ]
                    },
                    "properties": {
                        "createdDate": 1703517369480,
                        "bearing": 94.30974578857422,
                        "velocity": 0.7987375259399414
                    }
                },
                {
                    "type": "Feature",
                    "geometry": {
                        "type": "Point",
                        "coordinates": [
                            49.2469063,
                            55.793128
                        ]
                    },
                    "properties": {
                        "createdDate": 1703517370487,
                        "bearing": 92.32937622070312,
                        "velocity": 0.6615695357322693
                    }
                },
                {
                    "type": "Feature",
                    "geometry": {
                        "type": "Point",
                        "coordinates": [
                            49.2469252,
                            55.7931295
                        ]
                    },
                    "properties": {
                        "createdDate": 1703517371496,
                        "bearing": 90.51502990722656,
                        "velocity": 0.6031544804573059
                    }
                },
                {
                    "type": "Feature",
                    "geometry": {
                        "type": "Point",
                        "coordinates": [
                            49.2469283,
                            55.7931312
                        ]
                    },
                    "properties": {
                        "createdDate": 1703517372488,
                        "bearing": 89.71114349365234,
                        "velocity": 0.3928076922893524
                    }
                },
                {
                    "type": "Feature",
                    "geometry": {
                        "type": "Point",
                        "coordinates": [
                            49.2469271,
                            55.7931321
                        ]
                    },
                    "properties": {
                        "createdDate": 1703517373495,
                        "bearing": 89.34107208251953,
                        "velocity": 0.23585312068462372
                    }
                },
                {
                    "type": "Feature",
                    "geometry": {
                        "type": "Point",
                        "coordinates": [
                            49.2469125,
                            55.7931387
                        ]
                    },
                    "properties": {
                        "createdDate": 1703517374486,
                        "bearing": 0.0,
                        "velocity": 0.021143853664398193
                    }
                },
                {
                    "type": "Feature",
                    "geometry": {
                        "type": "Point",
                        "coordinates": [
                            49.2469256,
                            55.7931398
                        ]
                    },
                    "properties": {
                        "createdDate": 1703517375494,
                        "bearing": 106.50605773925781,
                        "velocity": 0.45768892765045166
                    }
                },
                {
                    "type": "Feature",
                    "geometry": {
                        "type": "Point",
                        "coordinates": [
                            49.2469403,
                            55.7931429
                        ]
                    },
                    "properties": {
                        "createdDate": 1703517376502,
                        "bearing": 86.95646667480469,
                        "velocity": 0.7506934404373169
                    }
                },
                {
                    "type": "Feature",
                    "geometry": {
                        "type": "Point",
                        "coordinates": [
                            49.2469519,
                            55.7931479
                        ]
                    },
                    "properties": {
                        "createdDate": 1703517377510,
                        "bearing": 88.88052368164062,
                        "velocity": 0.5438235998153687
                    }
                },
                {
                    "type": "Feature",
                    "geometry": {
                        "type": "Point",
                        "coordinates": [
                            49.2469676,
                            55.793152
                        ]
                    },
                    "properties": {
                        "createdDate": 1703517378507,
                        "bearing": 92.5533676147461,
                        "velocity": 0.8233679533004761
                    }
                },
                {
                    "type": "Feature",
                    "geometry": {
                        "type": "Point",
                        "coordinates": [
                            49.2469942,
                            55.7931553
                        ]
                    },
                    "properties": {
                        "createdDate": 1703517379497,
                        "bearing": 96.9416732788086,
                        "velocity": 1.0408352613449097
                    }
                },
                {
                    "type": "Feature",
                    "geometry": {
                        "type": "Point",
                        "coordinates": [
                            49.2470132,
                            55.7931557
                        ]
                    },
                    "properties": {
                        "createdDate": 1703517380507,
                        "bearing": 116.62979125976562,
                        "velocity": 1.0027650594711304
                    }
                },
                {
                    "type": "Feature",
                    "geometry": {
                        "type": "Point",
                        "coordinates": [
                            49.2470394,
                            55.7931519
                        ]
                    },
                    "properties": {
                        "createdDate": 1703517381510,
                        "bearing": 122.9912338256836,
                        "velocity": 1.0934898853302002
                    }
                },
                {
                    "type": "Feature",
                    "geometry": {
                        "type": "Point",
                        "coordinates": [
                            49.2470703,
                            55.7931471
                        ]
                    },
                    "properties": {
                        "createdDate": 1703517382500,
                        "bearing": 122.81640625,
                        "velocity": 1.2035056352615356
                    }
                },
                {
                    "type": "Feature",
                    "geometry": {
                        "type": "Point",
                        "coordinates": [
                            49.2470986,
                            55.7931505
                        ]
                    },
                    "properties": {
                        "createdDate": 1703517383496,
                        "bearing": 113.74613952636719,
                        "velocity": 0.685492217540741
                    }
                },
                {
                    "type": "Feature",
                    "geometry": {
                        "type": "Point",
                        "coordinates": [
                            49.2471279,
                            55.7931541
                        ]
                    },
                    "properties": {
                        "createdDate": 1703517384499,
                        "bearing": 102.67286682128906,
                        "velocity": 0.8842345476150513
                    }
                },
                {
                    "type": "Feature",
                    "geometry": {
                        "type": "Point",
                        "coordinates": [
                            49.2471526,
                            55.7931586
                        ]
                    },
                    "properties": {
                        "createdDate": 1703517385489,
                        "bearing": 100.73877716064453,
                        "velocity": 0.9857518672943115
                    }
                },
                {
                    "type": "Feature",
                    "geometry": {
                        "type": "Point",
                        "coordinates": [
                            49.2471674,
                            55.7931623
                        ]
                    },
                    "properties": {
                        "createdDate": 1703517386498,
                        "bearing": 102.75230407714844,
                        "velocity": 0.9341923594474792
                    }
                },
                {
                    "type": "Feature",
                    "geometry": {
                        "type": "Point",
                        "coordinates": [
                            49.247181,
                            55.7931702
                        ]
                    },
                    "properties": {
                        "createdDate": 1703517388091,
                        "bearing": 86.97366333007812,
                        "velocity": 0.901209831237793
                    }
                },
                {
                    "type": "Feature",
                    "geometry": {
                        "type": "Point",
                        "coordinates": [
                            49.2471927,
                            55.7931823
                        ]
                    },
                    "properties": {
                        "createdDate": 1703517388497,
                        "bearing": 64.51358795166016,
                        "velocity": 0.8980922698974609
                    }
                },
                {
                    "type": "Feature",
                    "geometry": {
                        "type": "Point",
                        "coordinates": [
                            49.2472046,
                            55.7931954
                        ]
                    },
                    "properties": {
                        "createdDate": 1703517389486,
                        "bearing": 53.23451614379883,
                        "velocity": 0.9473105669021606
                    }
                },
                {
                    "type": "Feature",
                    "geometry": {
                        "type": "Point",
                        "coordinates": [
                            49.247217,
                            55.7932083
                        ]
                    },
                    "properties": {
                        "createdDate": 1703517390495,
                        "bearing": 50.92902374267578,
                        "velocity": 0.6716859936714172
                    }
                },
                {
                    "type": "Feature",
                    "geometry": {
                        "type": "Point",
                        "coordinates": [
                            49.247235,
                            55.7932217
                        ]
                    },
                    "properties": {
                        "createdDate": 1703517391503,
                        "bearing": 51.105342864990234,
                        "velocity": 0.45508983731269836
                    }
                },
                {
                    "type": "Feature",
                    "geometry": {
                        "type": "Point",
                        "coordinates": [
                            49.2472528,
                            55.793234
                        ]
                    },
                    "properties": {
                        "createdDate": 1703517392497,
                        "bearing": 51.450111389160156,
                        "velocity": 0.3556334674358368
                    }
                },
                {
                    "type": "Feature",
                    "geometry": {
                        "type": "Point",
                        "coordinates": [
                            49.2472545,
                            55.793259
                        ]
                    },
                    "properties": {
                        "createdDate": 1703517393507,
                        "bearing": 42.40608215332031,
                        "velocity": 0.7631484270095825
                    }
                },
                {
                    "type": "Feature",
                    "geometry": {
                        "type": "Point",
                        "coordinates": [
                            49.2472671,
                            55.7932763
                        ]
                    },
                    "properties": {
                        "createdDate": 1703517394511,
                        "bearing": 45.9032096862793,
                        "velocity": 0.46447136998176575
                    }
                },
                {
                    "type": "Feature",
                    "geometry": {
                        "type": "Point",
                        "coordinates": [
                            49.2472868,
                            55.7932871
                        ]
                    },
                    "properties": {
                        "createdDate": 1703517395520,
                        "bearing": 55.83795166015625,
                        "velocity": 0.31221485137939453
                    }
                },
                {
                    "type": "Feature",
                    "geometry": {
                        "type": "Point",
                        "coordinates": [
                            49.2473146,
                            55.7932858
                        ]
                    },
                    "properties": {
                        "createdDate": 1703517396513,
                        "bearing": 74.8193130493164,
                        "velocity": 0.28564172983169556
                    }
                },
                {
                    "type": "Feature",
                    "geometry": {
                        "type": "Point",
                        "coordinates": [
                            49.2473454,
                            55.7932769
                        ]
                    },
                    "properties": {
                        "createdDate": 1703517397519,
                        "bearing": 91.46516418457031,
                        "velocity": 0.32356545329093933
                    }
                },
                {
                    "type": "Feature",
                    "geometry": {
                        "type": "Point",
                        "coordinates": [
                            49.2473773,
                            55.7932667
                        ]
                    },
                    "properties": {
                        "createdDate": 1703517398510,
                        "bearing": 121.16432189941406,
                        "velocity": 0.8827235102653503
                    }
                },
                {
                    "type": "Feature",
                    "geometry": {
                        "type": "Point",
                        "coordinates": [
                            49.2474141,
                            55.7932488
                        ]
                    },
                    "properties": {
                        "createdDate": 1703517399520,
                        "bearing": 129.9855194091797,
                        "velocity": 1.3832519054412842
                    }
                },
                {
                    "type": "Feature",
                    "geometry": {
                        "type": "Point",
                        "coordinates": [
                            49.2474562,
                            55.7932283
                        ]
                    },
                    "properties": {
                        "createdDate": 1703517400509,
                        "bearing": 132.96917724609375,
                        "velocity": 1.8238699436187744
                    }
                },
                {
                    "type": "Feature",
                    "geometry": {
                        "type": "Point",
                        "coordinates": [
                            49.2474951,
                            55.7932078
                        ]
                    },
                    "properties": {
                        "createdDate": 1703517401520,
                        "bearing": 135.23800659179688,
                        "velocity": 2.1118502616882324
                    }
                },
                {
                    "type": "Feature",
                    "geometry": {
                        "type": "Point",
                        "coordinates": [
                            49.2475258,
                            55.793187
                        ]
                    },
                    "properties": {
                        "createdDate": 1703517402526,
                        "bearing": 139.953125,
                        "velocity": 2.272186279296875
                    }
                },
                {
                    "type": "Feature",
                    "geometry": {
                        "type": "Point",
                        "coordinates": [
                            49.2475535,
                            55.7931666
                        ]
                    },
                    "properties": {
                        "createdDate": 1703517403535,
                        "bearing": 143.1672821044922,
                        "velocity": 2.410337448120117
                    }
                },
                {
                    "type": "Feature",
                    "geometry": {
                        "type": "Point",
                        "coordinates": [
                            49.247584,
                            55.7931385
                        ]
                    },
                    "properties": {
                        "createdDate": 1703517404527,
                        "bearing": 147.08660888671875,
                        "velocity": 2.6601274013519287
                    }
                },
                {
                    "type": "Feature",
                    "geometry": {
                        "type": "Point",
                        "coordinates": [
                            49.2476176,
                            55.7931066
                        ]
                    },
                    "properties": {
                        "createdDate": 1703517405515,
                        "bearing": 147.48825073242188,
                        "velocity": 2.9640402793884277
                    }
                },
                {
                    "type": "Feature",
                    "geometry": {
                        "type": "Point",
                        "coordinates": [
                            49.2476535,
                            55.7930685
                        ]
                    },
                    "properties": {
                        "createdDate": 1703517406529,
                        "bearing": 148.8406982421875,
                        "velocity": 3.304396390914917
                    }
                },
                {
                    "type": "Feature",
                    "geometry": {
                        "type": "Point",
                        "coordinates": [
                            49.2476964,
                            55.793028
                        ]
                    },
                    "properties": {
                        "createdDate": 1703517407534,
                        "bearing": 148.41746520996094,
                        "velocity": 3.6510133743286133
                    }
                },
                {
                    "type": "Feature",
                    "geometry": {
                        "type": "Point",
                        "coordinates": [
                            49.2477461,
                            55.792985
                        ]
                    },
                    "properties": {
                        "createdDate": 1703517408540,
                        "bearing": 147.59796142578125,
                        "velocity": 4.019502639770508
                    }
                },
                {
                    "type": "Feature",
                    "geometry": {
                        "type": "Point",
                        "coordinates": [
                            49.247799,
                            55.7929276
                        ]
                    },
                    "properties": {
                        "createdDate": 1703517409532,
                        "bearing": 150.07472229003906,
                        "velocity": 4.547554016113281
                    }
                },
                {
                    "type": "Feature",
                    "geometry": {
                        "type": "Point",
                        "coordinates": [
                            49.2478456,
                            55.7928622
                        ]
                    },
                    "properties": {
                        "createdDate": 1703517410539,
                        "bearing": 153.61978149414062,
                        "velocity": 5.765282154083252
                    }
                },
                {
                    "type": "Feature",
                    "geometry": {
                        "type": "Point",
                        "coordinates": [
                            49.2479012,
                            55.7927969
                        ]
                    },
                    "properties": {
                        "createdDate": 1703517411530,
                        "bearing": 153.26808166503906,
                        "velocity": 6.707451343536377
                    }
                },
                {
                    "type": "Feature",
                    "geometry": {
                        "type": "Point",
                        "coordinates": [
                            49.247963,
                            55.7927331
                        ]
                    },
                    "properties": {
                        "createdDate": 1703517412539,
                        "bearing": 152.1815948486328,
                        "velocity": 7.250429153442383
                    }
                },
                {
                    "type": "Feature",
                    "geometry": {
                        "type": "Point",
                        "coordinates": [
                            49.2480314,
                            55.7926729
                        ]
                    },
                    "properties": {
                        "createdDate": 1703517413547,
                        "bearing": 149.9745330810547,
                        "velocity": 7.5404582023620605
                    }
                },
                {
                    "type": "Feature",
                    "geometry": {
                        "type": "Point",
                        "coordinates": [
                            49.2480979,
                            55.7926132
                        ]
                    },
                    "properties": {
                        "createdDate": 1703517414556,
                        "bearing": 149.36526489257812,
                        "velocity": 7.705522537231445
                    }
                },
                {
                    "type": "Feature",
                    "geometry": {
                        "type": "Point",
                        "coordinates": [
                            49.2481578,
                            55.7925574
                        ]
                    },
                    "properties": {
                        "createdDate": 1703517415547,
                        "bearing": 148.8810577392578,
                        "velocity": 7.626710414886475
                    }
                },
                {
                    "type": "Feature",
                    "geometry": {
                        "type": "Point",
                        "coordinates": [
                            49.2482179,
                            55.7925043
                        ]
                    },
                    "properties": {
                        "createdDate": 1703517416553,
                        "bearing": 148.1671142578125,
                        "velocity": 7.445939064025879
                    }
                },
                {
                    "type": "Feature",
                    "geometry": {
                        "type": "Point",
                        "coordinates": [
                            49.2482774,
                            55.7924523
                        ]
                    },
                    "properties": {
                        "createdDate": 1703517417546,
                        "bearing": 147.63685607910156,
                        "velocity": 7.38812255859375
                    }
                },
                {
                    "type": "Feature",
                    "geometry": {
                        "type": "Point",
                        "coordinates": [
                            49.2483348,
                            55.7924006
                        ]
                    },
                    "properties": {
                        "createdDate": 1703517418555,
                        "bearing": 148.09951782226562,
                        "velocity": 7.256856918334961
                    }
                },
                {
                    "type": "Feature",
                    "geometry": {
                        "type": "Point",
                        "coordinates": [
                            49.2483972,
                            55.7923468
                        ]
                    },
                    "properties": {
                        "createdDate": 1703517419544,
                        "bearing": 148.25111389160156,
                        "velocity": 7.278683185577393
                    }
                },
                {
                    "type": "Feature",
                    "geometry": {
                        "type": "Point",
                        "coordinates": [
                            49.2484547,
                            55.7922909
                        ]
                    },
                    "properties": {
                        "createdDate": 1703517420536,
                        "bearing": 149.83065795898438,
                        "velocity": 7.251412391662598
                    }
                },
                {
                    "type": "Feature",
                    "geometry": {
                        "type": "Point",
                        "coordinates": [
                            49.2485114,
                            55.792232
                        ]
                    },
                    "properties": {
                        "createdDate": 1703517421545,
                        "bearing": 151.17263793945312,
                        "velocity": 7.278218746185303
                    }
                },
                {
                    "type": "Feature",
                    "geometry": {
                        "type": "Point",
                        "coordinates": [
                            49.2485737,
                            55.792174
                        ]
                    },
                    "properties": {
                        "createdDate": 1703517422553,
                        "bearing": 150.17532348632812,
                        "velocity": 7.327747821807861
                    }
                },
                {
                    "type": "Feature",
                    "geometry": {
                        "type": "Point",
                        "coordinates": [
                            49.2486405,
                            55.792118
                        ]
                    },
                    "properties": {
                        "createdDate": 1703517423560,
                        "bearing": 149.07489013671875,
                        "velocity": 7.320352077484131
                    }
                },
                {
                    "type": "Feature",
                    "geometry": {
                        "type": "Point",
                        "coordinates": [
                            49.2486982,
                            55.7920595
                        ]
                    },
                    "properties": {
                        "createdDate": 1703517424553,
                        "bearing": 150.00384521484375,
                        "velocity": 7.3373942375183105
                    }
                },
                {
                    "type": "Feature",
                    "geometry": {
                        "type": "Point",
                        "coordinates": [
                            49.2487549,
                            55.7920078
                        ]
                    },
                    "properties": {
                        "createdDate": 1703517425561,
                        "bearing": 148.5970001220703,
                        "velocity": 6.934266567230225
                    }
                },
                {
                    "type": "Feature",
                    "geometry": {
                        "type": "Point",
                        "coordinates": [
                            49.2488023,
                            55.7919635
                        ]
                    },
                    "properties": {
                        "createdDate": 1703517426550,
                        "bearing": 149.06634521484375,
                        "velocity": 6.307967185974121
                    }
                },
                {
                    "type": "Feature",
                    "geometry": {
                        "type": "Point",
                        "coordinates": [
                            49.2488442,
                            55.7919249
                        ]
                    },
                    "properties": {
                        "createdDate": 1703517427560,
                        "bearing": 148.88531494140625,
                        "velocity": 5.729394435882568
                    }
                },
                {
                    "type": "Feature",
                    "geometry": {
                        "type": "Point",
                        "coordinates": [
                            49.2488832,
                            55.7918884
                        ]
                    },
                    "properties": {
                        "createdDate": 1703517428567,
                        "bearing": 148.3041229248047,
                        "velocity": 5.40723991394043
                    }
                },
                {
                    "type": "Feature",
                    "geometry": {
                        "type": "Point",
                        "coordinates": [
                            49.2489201,
                            55.7918534
                        ]
                    },
                    "properties": {
                        "createdDate": 1703517429562,
                        "bearing": 147.70242309570312,
                        "velocity": 5.083202838897705
                    }
                },
                {
                    "type": "Feature",
                    "geometry": {
                        "type": "Point",
                        "coordinates": [
                            49.2489503,
                            55.7918244
                        ]
                    },
                    "properties": {
                        "createdDate": 1703517430567,
                        "bearing": 148.26031494140625,
                        "velocity": 4.48244571685791
                    }
                },
                {
                    "type": "Feature",
                    "geometry": {
                        "type": "Point",
                        "coordinates": [
                            49.2489739,
                            55.7918019
                        ]
                    },
                    "properties": {
                        "createdDate": 1703517431575,
                        "bearing": 148.44407653808594,
                        "velocity": 3.772914171218872
                    }
                },
                {
                    "type": "Feature",
                    "geometry": {
                        "type": "Point",
                        "coordinates": [
                            49.2489891,
                            55.7917881
                        ]
                    },
                    "properties": {
                        "createdDate": 1703517432567,
                        "bearing": 147.692626953125,
                        "velocity": 3.012239933013916
                    }
                },
                {
                    "type": "Feature",
                    "geometry": {
                        "type": "Point",
                        "coordinates": [
                            49.2489946,
                            55.7917804
                        ]
                    },
                    "properties": {
                        "createdDate": 1703517433574,
                        "bearing": 147.94798278808594,
                        "velocity": 2.1811723709106445
                    }
                },
                {
                    "type": "Feature",
                    "geometry": {
                        "type": "Point",
                        "coordinates": [
                            49.2489945,
                            55.7917814
                        ]
                    },
                    "properties": {
                        "createdDate": 1703517434569,
                        "bearing": 153.1949005126953,
                        "velocity": 1.0245658159255981
                    }
                },
                {
                    "type": "Feature",
                    "geometry": {
                        "type": "Point",
                        "coordinates": [
                            49.2489921,
                            55.791784
                        ]
                    },
                    "properties": {
                        "createdDate": 1703517435575,
                        "bearing": 156.11228942871094,
                        "velocity": 0.518147349357605
                    }
                },
                {
                    "type": "Feature",
                    "geometry": {
                        "type": "Point",
                        "coordinates": [
                            49.2489881,
                            55.7917899
                        ]
                    },
                    "properties": {
                        "createdDate": 1703517436580,
                        "bearing": 157.2241973876953,
                        "velocity": 0.204868346452713
                    }
                },
                {
                    "type": "Feature",
                    "geometry": {
                        "type": "Point",
                        "coordinates": [
                            49.2489854,
                            55.7917935
                        ]
                    },
                    "properties": {
                        "createdDate": 1703517437575,
                        "bearing": 0.0,
                        "velocity": 0.0751415267586708
                    }
                },
                {
                    "type": "Feature",
                    "geometry": {
                        "type": "Point",
                        "coordinates": [
                            49.2489838,
                            55.7917957
                        ]
                    },
                    "properties": {
                        "createdDate": 1703517438583,
                        "bearing": 0.0,
                        "velocity": 0.01759425178170204
                    }
                },
                {
                    "type": "Feature",
                    "geometry": {
                        "type": "Point",
                        "coordinates": [
                            49.2489828,
                            55.7917969
                        ]
                    },
                    "properties": {
                        "createdDate": 1703517439587,
                        "bearing": 0.0,
                        "velocity": 0.0019229893805459142
                    }
                },
                {
                    "type": "Feature",
                    "geometry": {
                        "type": "Point",
                        "coordinates": [
                            49.2489823,
                            55.7917976
                        ]
                    },
                    "properties": {
                        "createdDate": 1703517440583,
                        "bearing": 0.0,
                        "velocity": 0.00553611246868968
                    }
                },
                {
                    "type": "Feature",
                    "geometry": {
                        "type": "Point",
                        "coordinates": [
                            49.2489894,
                            55.7917896
                        ]
                    },
                    "properties": {
                        "createdDate": 1703517441593,
                        "bearing": 147.87278747558594,
                        "velocity": 0.126189723610878
                    }
                },
                {
                    "type": "Feature",
                    "geometry": {
                        "type": "Point",
                        "coordinates": [
                            49.2490014,
                            55.7917795
                        ]
                    },
                    "properties": {
                        "createdDate": 1703517442578,
                        "bearing": 149.16329956054688,
                        "velocity": 0.2093568742275238
                    }
                },
                {
                    "type": "Feature",
                    "geometry": {
                        "type": "Point",
                        "coordinates": [
                            49.249021,
                            55.7917633
                        ]
                    },
                    "properties": {
                        "createdDate": 1703517443588,
                        "bearing": 138.25360107421875,
                        "velocity": 1.0573012828826904
                    }
                },
                {
                    "type": "Feature",
                    "geometry": {
                        "type": "Point",
                        "coordinates": [
                            49.2490019,
                            55.7917029
                        ]
                    },
                    "properties": {
                        "createdDate": 1703517444595,
                        "bearing": 153.40771484375,
                        "velocity": 2.1301190853118896
                    }
                },
                {
                    "type": "Feature",
                    "geometry": {
                        "type": "Point",
                        "coordinates": [
                            49.2490004,
                            55.7916455
                        ]
                    },
                    "properties": {
                        "createdDate": 1703517445603,
                        "bearing": 153.9868927001953,
                        "velocity": 2.8497886657714844
                    }
                },
                {
                    "type": "Feature",
                    "geometry": {
                        "type": "Point",
                        "coordinates": [
                            49.2490232,
                            55.7915897
                        ]
                    },
                    "properties": {
                        "createdDate": 1703517446595,
                        "bearing": 152.8977508544922,
                        "velocity": 3.3210244178771973
                    }
                },
                {
                    "type": "Feature",
                    "geometry": {
                        "type": "Point",
                        "coordinates": [
                            49.249077,
                            55.7915245
                        ]
                    },
                    "properties": {
                        "createdDate": 1703517448611,
                        "bearing": 151.7115020751953,
                        "velocity": 3.7271080017089844
                    }
                },
                {
                    "type": "Feature",
                    "geometry": {
                        "type": "Point",
                        "coordinates": [
                            49.2491007,
                            55.7914787
                        ]
                    },
                    "properties": {
                        "createdDate": 1703517449600,
                        "bearing": 155.18191528320312,
                        "velocity": 4.095655918121338
                    }
                },
                {
                    "type": "Feature",
                    "geometry": {
                        "type": "Point",
                        "coordinates": [
                            49.249133,
                            55.7914349
                        ]
                    },
                    "properties": {
                        "createdDate": 1703517450591,
                        "bearing": 155.04367065429688,
                        "velocity": 4.3447418212890625
                    }
                },
                {
                    "type": "Feature",
                    "geometry": {
                        "type": "Point",
                        "coordinates": [
                            49.2491863,
                            55.791378
                        ]
                    },
                    "properties": {
                        "createdDate": 1703517451601,
                        "bearing": 151.38038635253906,
                        "velocity": 5.353183269500732
                    }
                },
                {
                    "type": "Feature",
                    "geometry": {
                        "type": "Point",
                        "coordinates": [
                            49.2492429,
                            55.7913206
                        ]
                    },
                    "properties": {
                        "createdDate": 1703517452609,
                        "bearing": 149.05331420898438,
                        "velocity": 6.11117696762085
                    }
                },
                {
                    "type": "Feature",
                    "geometry": {
                        "type": "Point",
                        "coordinates": [
                            49.249305,
                            55.7912598
                        ]
                    },
                    "properties": {
                        "createdDate": 1703517453617,
                        "bearing": 148.418212890625,
                        "velocity": 6.857398509979248
                    }
                },
                {
                    "type": "Feature",
                    "geometry": {
                        "type": "Point",
                        "coordinates": [
                            49.2493572,
                            55.7911889
                        ]
                    },
                    "properties": {
                        "createdDate": 1703517454609,
                        "bearing": 150.4519500732422,
                        "velocity": 7.339009761810303
                    }
                },
                {
                    "type": "Feature",
                    "geometry": {
                        "type": "Point",
                        "coordinates": [
                            49.2494161,
                            55.7911134
                        ]
                    },
                    "properties": {
                        "createdDate": 1703517455603,
                        "bearing": 151.8437957763672,
                        "velocity": 7.938403129577637
                    }
                },
                {
                    "type": "Feature",
                    "geometry": {
                        "type": "Point",
                        "coordinates": [
                            49.249481,
                            55.7910334
                        ]
                    },
                    "properties": {
                        "createdDate": 1703517456608,
                        "bearing": 152.8831024169922,
                        "velocity": 8.681797981262207
                    }
                },
                {
                    "type": "Feature",
                    "geometry": {
                        "type": "Point",
                        "coordinates": [
                            49.2495546,
                            55.7909516
                        ]
                    },
                    "properties": {
                        "createdDate": 1703517457616,
                        "bearing": 152.2568359375,
                        "velocity": 9.175682067871094
                    }
                },
                {
                    "type": "Feature",
                    "geometry": {
                        "type": "Point",
                        "coordinates": [
                            49.2495982,
                            55.7908528
                        ]
                    },
                    "properties": {
                        "createdDate": 1703517458607,
                        "bearing": 154.16712951660156,
                        "velocity": 9.474918365478516
                    }
                },
                {
                    "type": "Feature",
                    "geometry": {
                        "type": "Point",
                        "coordinates": [
                            49.2496592,
                            55.7907648
                        ]
                    },
                    "properties": {
                        "createdDate": 1703517459615,
                        "bearing": 152.86016845703125,
                        "velocity": 9.648691177368164
                    }
                },
                {
                    "type": "Feature",
                    "geometry": {
                        "type": "Point",
                        "coordinates": [
                            49.2497217,
                            55.7906868
                        ]
                    },
                    "properties": {
                        "createdDate": 1703517460623,
                        "bearing": 152.70103454589844,
                        "velocity": 9.391955375671387
                    }
                },
                {
                    "type": "Feature",
                    "geometry": {
                        "type": "Point",
                        "coordinates": [
                            49.249781,
                            55.7906163
                        ]
                    },
                    "properties": {
                        "createdDate": 1703517461616,
                        "bearing": 152.80032348632812,
                        "velocity": 8.958002090454102
                    }
                },
                {
                    "type": "Feature",
                    "geometry": {
                        "type": "Point",
                        "coordinates": [
                            49.2498157,
                            55.7905368
                        ]
                    },
                    "properties": {
                        "createdDate": 1703517462622,
                        "bearing": 154.4302520751953,
                        "velocity": 8.56664752960205
                    }
                },
                {
                    "type": "Feature",
                    "geometry": {
                        "type": "Point",
                        "coordinates": [
                            49.2498546,
                            55.7904717
                        ]
                    },
                    "properties": {
                        "createdDate": 1703517463630,
                        "bearing": 154.5167694091797,
                        "velocity": 7.989469051361084
                    }
                },
                {
                    "type": "Feature",
                    "geometry": {
                        "type": "Point",
                        "coordinates": [
                            49.2498957,
                            55.7904188
                        ]
                    },
                    "properties": {
                        "createdDate": 1703517464621,
                        "bearing": 153.3595733642578,
                        "velocity": 7.235935211181641
                    }
                },
                {
                    "type": "Feature",
                    "geometry": {
                        "type": "Point",
                        "coordinates": [
                            49.2499294,
                            55.7903764
                        ]
                    },
                    "properties": {
                        "createdDate": 1703517465629,
                        "bearing": 154.26406860351562,
                        "velocity": 6.432100772857666
                    }
                },
                {
                    "type": "Feature",
                    "geometry": {
                        "type": "Point",
                        "coordinates": [
                            49.2499574,
                            55.7903462
                        ]
                    },
                    "properties": {
                        "createdDate": 1703517466621,
                        "bearing": 153.1425018310547,
                        "velocity": 5.3260416984558105
                    }
                },
                {
                    "type": "Feature",
                    "geometry": {
                        "type": "Point",
                        "coordinates": [
                            49.2499847,
                            55.790325
                        ]
                    },
                    "properties": {
                        "createdDate": 1703517467628,
                        "bearing": 150.24411010742188,
                        "velocity": 4.290557384490967
                    }
                },
                {
                    "type": "Feature",
                    "geometry": {
                        "type": "Point",
                        "coordinates": [
                            49.2500106,
                            55.7903048
                        ]
                    },
                    "properties": {
                        "createdDate": 1703517468638,
                        "bearing": 148.4377899169922,
                        "velocity": 3.660104751586914
                    }
                },
                {
                    "type": "Feature",
                    "geometry": {
                        "type": "Point",
                        "coordinates": [
                            49.2500128,
                            55.7902614
                        ]
                    },
                    "properties": {
                        "createdDate": 1703517469632,
                        "bearing": 151.8131103515625,
                        "velocity": 3.8944098949432373
                    }
                },
                {
                    "type": "Feature",
                    "geometry": {
                        "type": "Point",
                        "coordinates": [
                            49.2500349,
                            55.7902196
                        ]
                    },
                    "properties": {
                        "createdDate": 1703517470635,
                        "bearing": 151.7168426513672,
                        "velocity": 4.224589824676514
                    }
                },
                {
                    "type": "Feature",
                    "geometry": {
                        "type": "Point",
                        "coordinates": [
                            49.2500691,
                            55.790177
                        ]
                    },
                    "properties": {
                        "createdDate": 1703517471643,
                        "bearing": 150.9468536376953,
                        "velocity": 4.617335796356201
                    }
                },
                {
                    "type": "Feature",
                    "geometry": {
                        "type": "Point",
                        "coordinates": [
                            49.2501075,
                            55.7901298
                        ]
                    },
                    "properties": {
                        "createdDate": 1703517472635,
                        "bearing": 153.23748779296875,
                        "velocity": 5.0015764236450195
                    }
                },
                {
                    "type": "Feature",
                    "geometry": {
                        "type": "Point",
                        "coordinates": [
                            49.2501498,
                            55.7900841
                        ]
                    },
                    "properties": {
                        "createdDate": 1703517473643,
                        "bearing": 152.956298828125,
                        "velocity": 5.291019916534424
                    }
                },
                {
                    "type": "Feature",
                    "geometry": {
                        "type": "Point",
                        "coordinates": [
                            49.2501944,
                            55.7900365
                        ]
                    },
                    "properties": {
                        "createdDate": 1703517474640,
                        "bearing": 152.34609985351562,
                        "velocity": 5.59276819229126
                    }
                },
                {
                    "type": "Feature",
                    "geometry": {
                        "type": "Point",
                        "coordinates": [
                            49.2502385,
                            55.7899833
                        ]
                    },
                    "properties": {
                        "createdDate": 1703517475642,
                        "bearing": 154.7759246826172,
                        "velocity": 6.089712619781494
                    }
                },
                {
                    "type": "Feature",
                    "geometry": {
                        "type": "Point",
                        "coordinates": [
                            49.250283,
                            55.7899193
                        ]
                    },
                    "properties": {
                        "createdDate": 1703517476650,
                        "bearing": 157.1915283203125,
                        "velocity": 6.932821273803711
                    }
                },
                {
                    "type": "Feature",
                    "geometry": {
                        "type": "Point",
                        "coordinates": [
                            49.2503623,
                            55.7898718
                        ]
                    },
                    "properties": {
                        "createdDate": 1703517477645,
                        "bearing": 156.49105834960938,
                        "velocity": 7.697409152984619
                    }
                },
                {
                    "type": "Feature",
                    "geometry": {
                        "type": "Point",
                        "coordinates": [
                            49.2504292,
                            55.7898108
                        ]
                    },
                    "properties": {
                        "createdDate": 1703517478649,
                        "bearing": 157.4203643798828,
                        "velocity": 8.099074363708496
                    }
                },
                {
                    "type": "Feature",
                    "geometry": {
                        "type": "Point",
                        "coordinates": [
                            49.2504878,
                            55.7897352
                        ]
                    },
                    "properties": {
                        "createdDate": 1703517479642,
                        "bearing": 159.10975646972656,
                        "velocity": 8.852416038513184
                    }
                },
                {
                    "type": "Feature",
                    "geometry": {
                        "type": "Point",
                        "coordinates": [
                            49.2505364,
                            55.7896513
                        ]
                    },
                    "properties": {
                        "createdDate": 1703517480649,
                        "bearing": 162.22360229492188,
                        "velocity": 9.337091445922852
                    }
                },
                {
                    "type": "Feature",
                    "geometry": {
                        "type": "Point",
                        "coordinates": [
                            49.250586,
                            55.7895715
                        ]
                    },
                    "properties": {
                        "createdDate": 1703517481658,
                        "bearing": 163.87611389160156,
                        "velocity": 9.470977783203125
                    }
                },
                {
                    "type": "Feature",
                    "geometry": {
                        "type": "Point",
                        "coordinates": [
                            49.2506238,
                            55.7895022
                        ]
                    },
                    "properties": {
                        "createdDate": 1703517482650,
                        "bearing": 166.09429931640625,
                        "velocity": 8.935704231262207
                    }
                },
                {
                    "type": "Feature",
                    "geometry": {
                        "type": "Point",
                        "coordinates": [
                            49.2506439,
                            55.7894436
                        ]
                    },
                    "properties": {
                        "createdDate": 1703517483656,
                        "bearing": 170.5218505859375,
                        "velocity": 8.244468688964844
                    }
                },
                {
                    "type": "Feature",
                    "geometry": {
                        "type": "Point",
                        "coordinates": [
                            49.2506462,
                            55.7893849
                        ]
                    },
                    "properties": {
                        "createdDate": 1703517484651,
                        "bearing": 176.858154296875,
                        "velocity": 7.50744104385376
                    }
                },
                {
                    "type": "Feature",
                    "geometry": {
                        "type": "Point",
                        "coordinates": [
                            49.250629,
                            55.7893313
                        ]
                    },
                    "properties": {
                        "createdDate": 1703517485655,
                        "bearing": 183.56590270996094,
                        "velocity": 6.858942031860352
                    }
                },
                {
                    "type": "Feature",
                    "geometry": {
                        "type": "Point",
                        "coordinates": [
                            49.2505912,
                            55.7892855
                        ]
                    },
                    "properties": {
                        "createdDate": 1703517486648,
                        "bearing": 191.93174743652344,
                        "velocity": 6.395185470581055
                    }
                },
                {
                    "type": "Feature",
                    "geometry": {
                        "type": "Point",
                        "coordinates": [
                            49.2505452,
                            55.789245
                        ]
                    },
                    "properties": {
                        "createdDate": 1703517487655,
                        "bearing": 196.6090850830078,
                        "velocity": 5.924003601074219
                    }
                },
                {
                    "type": "Feature",
                    "geometry": {
                        "type": "Point",
                        "coordinates": [
                            49.2504986,
                            55.7892006
                        ]
                    },
                    "properties": {
                        "createdDate": 1703517488663,
                        "bearing": 198.64865112304688,
                        "velocity": 5.991823673248291
                    }
                },
                {
                    "type": "Feature",
                    "geometry": {
                        "type": "Point",
                        "coordinates": [
                            49.2504671,
                            55.7891508
                        ]
                    },
                    "properties": {
                        "createdDate": 1703517489671,
                        "bearing": 192.09725952148438,
                        "velocity": 5.979074001312256
                    }
                },
                {
                    "type": "Feature",
                    "geometry": {
                        "type": "Point",
                        "coordinates": [
                            49.2504607,
                            55.7890982
                        ]
                    },
                    "properties": {
                        "createdDate": 1703517490663,
                        "bearing": 181.23666381835938,
                        "velocity": 5.848594665527344
                    }
                },
                {
                    "type": "Feature",
                    "geometry": {
                        "type": "Point",
                        "coordinates": [
                            49.2504798,
                            55.7890483
                        ]
                    },
                    "properties": {
                        "createdDate": 1703517491670,
                        "bearing": 169.3896484375,
                        "velocity": 5.616279125213623
                    }
                },
                {
                    "type": "Feature",
                    "geometry": {
                        "type": "Point",
                        "coordinates": [
                            49.250524,
                            55.7890112
                        ]
                    },
                    "properties": {
                        "createdDate": 1703517492662,
                        "bearing": 158.1363983154297,
                        "velocity": 5.448715686798096
                    }
                },
                {
                    "type": "Feature",
                    "geometry": {
                        "type": "Point",
                        "coordinates": [
                            49.2505875,
                            55.7889739
                        ]
                    },
                    "properties": {
                        "createdDate": 1703517493670,
                        "bearing": 144.58262634277344,
                        "velocity": 5.515100002288818
                    }
                },
                {
                    "type": "Feature",
                    "geometry": {
                        "type": "Point",
                        "coordinates": [
                            49.2506566,
                            55.7889539
                        ]
                    },
                    "properties": {
                        "createdDate": 1703517494665,
                        "bearing": 131.61019897460938,
                        "velocity": 5.615871429443359
                    }
                },
                {
                    "type": "Feature",
                    "geometry": {
                        "type": "Point",
                        "coordinates": [
                            49.2507317,
                            55.7889256
                        ]
                    },
                    "properties": {
                        "createdDate": 1703517495669,
                        "bearing": 131.7735595703125,
                        "velocity": 6.017846584320068
                    }
                },
                {
                    "type": "Feature",
                    "geometry": {
                        "type": "Point",
                        "coordinates": [
                            49.2508023,
                            55.7888907
                        ]
                    },
                    "properties": {
                        "createdDate": 1703517496677,
                        "bearing": 134.20704650878906,
                        "velocity": 6.009136199951172
                    }
                },
                {
                    "type": "Feature",
                    "geometry": {
                        "type": "Point",
                        "coordinates": [
                            49.2508533,
                            55.7888455
                        ]
                    },
                    "properties": {
                        "createdDate": 1703517497683,
                        "bearing": 141.32020568847656,
                        "velocity": 6.103181838989258
                    }
                },
                {
                    "type": "Feature",
                    "geometry": {
                        "type": "Point",
                        "coordinates": [
                            49.2508921,
                            55.7887866
                        ]
                    },
                    "properties": {
                        "createdDate": 1703517498676,
                        "bearing": 150.58314514160156,
                        "velocity": 6.380576133728027
                    }
                },
                {
                    "type": "Feature",
                    "geometry": {
                        "type": "Point",
                        "coordinates": [
                            49.2509239,
                            55.7887139
                        ]
                    },
                    "properties": {
                        "createdDate": 1703517499671,
                        "bearing": 156.7899932861328,
                        "velocity": 6.618844509124756
                    }
                },
                {
                    "type": "Feature",
                    "geometry": {
                        "type": "Point",
                        "coordinates": [
                            49.2509529,
                            55.7886445
                        ]
                    },
                    "properties": {
                        "createdDate": 1703517500676,
                        "bearing": 160.84317016601562,
                        "velocity": 6.7805657386779785
                    }
                },
                {
                    "type": "Feature",
                    "geometry": {
                        "type": "Point",
                        "coordinates": [
                            49.2509818,
                            55.788579
                        ]
                    },
                    "properties": {
                        "createdDate": 1703517501683,
                        "bearing": 162.68382263183594,
                        "velocity": 6.874715805053711
                    }
                },
                {
                    "type": "Feature",
                    "geometry": {
                        "type": "Point",
                        "coordinates": [
                            49.2510227,
                            55.7885133
                        ]
                    },
                    "properties": {
                        "createdDate": 1703517502692,
                        "bearing": 163.8761444091797,
                        "velocity": 6.866764068603516
                    }
                },
                {
                    "type": "Feature",
                    "geometry": {
                        "type": "Point",
                        "coordinates": [
                            49.2510703,
                            55.7884541
                        ]
                    },
                    "properties": {
                        "createdDate": 1703517503683,
                        "bearing": 163.83428955078125,
                        "velocity": 6.550817489624023
                    }
                },
                {
                    "type": "Feature",
                    "geometry": {
                        "type": "Point",
                        "coordinates": [
                            49.2511176,
                            55.7884092
                        ]
                    },
                    "properties": {
                        "createdDate": 1703517504691,
                        "bearing": 162.04843139648438,
                        "velocity": 5.751302719116211
                    }
                },
                {
                    "type": "Feature",
                    "geometry": {
                        "type": "Point",
                        "coordinates": [
                            49.2511606,
                            55.7883712
                        ]
                    },
                    "properties": {
                        "createdDate": 1703517505685,
                        "bearing": 161.49899291992188,
                        "velocity": 5.1101765632629395
                    }
                },
                {
                    "type": "Feature",
                    "geometry": {
                        "type": "Point",
                        "coordinates": [
                            49.2512041,
                            55.7883398
                        ]
                    },
                    "properties": {
                        "createdDate": 1703517506689,
                        "bearing": 158.42132568359375,
                        "velocity": 4.245666027069092
                    }
                },
                {
                    "type": "Feature",
                    "geometry": {
                        "type": "Point",
                        "coordinates": [
                            49.2512367,
                            55.7883143
                        ]
                    },
                    "properties": {
                        "createdDate": 1703517507680,
                        "bearing": 159.85440063476562,
                        "velocity": 3.7486414909362793
                    }
                },
                {
                    "type": "Feature",
                    "geometry": {
                        "type": "Point",
                        "coordinates": [
                            49.2512639,
                            55.7882852
                        ]
                    },
                    "properties": {
                        "createdDate": 1703517508690,
                        "bearing": 163.6720428466797,
                        "velocity": 4.185127258300781
                    }
                },
                {
                    "type": "Feature",
                    "geometry": {
                        "type": "Point",
                        "coordinates": [
                            49.2512913,
                            55.7882412
                        ]
                    },
                    "properties": {
                        "createdDate": 1703517509697,
                        "bearing": 164.8395233154297,
                        "velocity": 4.915415287017822
                    }
                },
                {
                    "type": "Feature",
                    "geometry": {
                        "type": "Point",
                        "coordinates": [
                            49.2513151,
                            55.7881903
                        ]
                    },
                    "properties": {
                        "createdDate": 1703517510692,
                        "bearing": 165.88131713867188,
                        "velocity": 5.424635887145996
                    }
                },
                {
                    "type": "Feature",
                    "geometry": {
                        "type": "Point",
                        "coordinates": [
                            49.2513456,
                            55.78812
                        ]
                    },
                    "properties": {
                        "createdDate": 1703517511697,
                        "bearing": 166.924072265625,
                        "velocity": 5.695374011993408
                    }
                },
                {
                    "type": "Feature",
                    "geometry": {
                        "type": "Point",
                        "coordinates": [
                            49.2513817,
                            55.7880618
                        ]
                    },
                    "properties": {
                        "createdDate": 1703517512705,
                        "bearing": 165.14967346191406,
                        "velocity": 5.726090908050537
                    }
                },
                {
                    "type": "Feature",
                    "geometry": {
                        "type": "Point",
                        "coordinates": [
                            49.2514191,
                            55.7880033
                        ]
                    },
                    "properties": {
                        "createdDate": 1703517513695,
                        "bearing": 164.02540588378906,
                        "velocity": 6.126432418823242
                    }
                },
                {
                    "type": "Feature",
                    "geometry": {
                        "type": "Point",
                        "coordinates": [
                            49.2514616,
                            55.7879442
                        ]
                    },
                    "properties": {
                        "createdDate": 1703517514704,
                        "bearing": 163.0343780517578,
                        "velocity": 6.288322925567627
                    }
                },
                {
                    "type": "Feature",
                    "geometry": {
                        "type": "Point",
                        "coordinates": [
                            49.2515064,
                            55.7878865
                        ]
                    },
                    "properties": {
                        "createdDate": 1703517515711,
                        "bearing": 162.973876953125,
                        "velocity": 6.292959213256836
                    }
                },
                {
                    "type": "Feature",
                    "geometry": {
                        "type": "Point",
                        "coordinates": [
                            49.251554,
                            55.7878307
                        ]
                    },
                    "properties": {
                        "createdDate": 1703517516705,
                        "bearing": 159.32704162597656,
                        "velocity": 6.049590110778809
                    }
                },
                {
                    "type": "Feature",
                    "geometry": {
                        "type": "Point",
                        "coordinates": [
                            49.2516022,
                            55.7877776
                        ]
                    },
                    "properties": {
                        "createdDate": 1703517517712,
                        "bearing": 158.07179260253906,
                        "velocity": 6.034387588500977
                    }
                },
                {
                    "type": "Feature",
                    "geometry": {
                        "type": "Point",
                        "coordinates": [
                            49.2516393,
                            55.7877198
                        ]
                    },
                    "properties": {
                        "createdDate": 1703517518719,
                        "bearing": 162.69277954101562,
                        "velocity": 6.240930080413818
                    }
                },
                {
                    "type": "Feature",
                    "geometry": {
                        "type": "Point",
                        "coordinates": [
                            49.2516709,
                            55.7876619
                        ]
                    },
                    "properties": {
                        "createdDate": 1703517519711,
                        "bearing": 160.19131469726562,
                        "velocity": 6.111972332000732
                    }
                },
                {
                    "type": "Feature",
                    "geometry": {
                        "type": "Point",
                        "coordinates": [
                            49.2516965,
                            55.7876043
                        ]
                    },
                    "properties": {
                        "createdDate": 1703517520718,
                        "bearing": 165.6793975830078,
                        "velocity": 5.9860005378723145
                    }
                },
                {
                    "type": "Feature",
                    "geometry": {
                        "type": "Point",
                        "coordinates": [
                            49.2517213,
                            55.7875505
                        ]
                    },
                    "properties": {
                        "createdDate": 1703517521711,
                        "bearing": 163.1488037109375,
                        "velocity": 6.004717826843262
                    }
                },
                {
                    "type": "Feature",
                    "geometry": {
                        "type": "Point",
                        "coordinates": [
                            49.2517486,
                            55.7874961
                        ]
                    },
                    "properties": {
                        "createdDate": 1703517522716,
                        "bearing": 163.9123992919922,
                        "velocity": 6.275972843170166
                    }
                },
                {
                    "type": "Feature",
                    "geometry": {
                        "type": "Point",
                        "coordinates": [
                            49.2517777,
                            55.7874418
                        ]
                    },
                    "properties": {
                        "createdDate": 1703517523711,
                        "bearing": 162.1398468017578,
                        "velocity": 6.217067241668701
                    }
                },
                {
                    "type": "Feature",
                    "geometry": {
                        "type": "Point",
                        "coordinates": [
                            49.251799,
                            55.7873718
                        ]
                    },
                    "properties": {
                        "createdDate": 1703517524721,
                        "bearing": 165.83120727539062,
                        "velocity": 6.2518310546875
                    }
                },
                {
                    "type": "Feature",
                    "geometry": {
                        "type": "Point",
                        "coordinates": [
                            49.251821,
                            55.7873135
                        ]
                    },
                    "properties": {
                        "createdDate": 1703517525725,
                        "bearing": 166.0401153564453,
                        "velocity": 5.982889652252197
                    }
                },
                {
                    "type": "Feature",
                    "geometry": {
                        "type": "Point",
                        "coordinates": [
                            49.2518285,
                            55.7872497
                        ]
                    },
                    "properties": {
                        "createdDate": 1703517526716,
                        "bearing": 170.76321411132812,
                        "velocity": 6.1898088455200195
                    }
                },
                {
                    "type": "Feature",
                    "geometry": {
                        "type": "Point",
                        "coordinates": [
                            49.251839,
                            55.7871902
                        ]
                    },
                    "properties": {
                        "createdDate": 1703517527724,
                        "bearing": 172.8849334716797,
                        "velocity": 6.374258041381836
                    }
                },
                {
                    "type": "Feature",
                    "geometry": {
                        "type": "Point",
                        "coordinates": [
                            49.2518657,
                            55.7871429
                        ]
                    },
                    "properties": {
                        "createdDate": 1703517528733,
                        "bearing": 165.5862579345703,
                        "velocity": 6.005974769592285
                    }
                },
                {
                    "type": "Feature",
                    "geometry": {
                        "type": "Point",
                        "coordinates": [
                            49.2518945,
                            55.7870972
                        ]
                    },
                    "properties": {
                        "createdDate": 1703517529724,
                        "bearing": 165.02288818359375,
                        "velocity": 5.875543594360352
                    }
                },
                {
                    "type": "Feature",
                    "geometry": {
                        "type": "Point",
                        "coordinates": [
                            49.2519232,
                            55.7870464
                        ]
                    },
                    "properties": {
                        "createdDate": 1703517530732,
                        "bearing": 163.99612426757812,
                        "velocity": 6.325937747955322
                    }
                },
                {
                    "type": "Feature",
                    "geometry": {
                        "type": "Point",
                        "coordinates": [
                            49.2519527,
                            55.7869929
                        ]
                    },
                    "properties": {
                        "createdDate": 1703517531727,
                        "bearing": 162.11410522460938,
                        "velocity": 6.363949298858643
                    }
                },
                {
                    "type": "Feature",
                    "geometry": {
                        "type": "Point",
                        "coordinates": [
                            49.2519892,
                            55.7869442
                        ]
                    },
                    "properties": {
                        "createdDate": 1703517532732,
                        "bearing": 165.72952270507812,
                        "velocity": 6.164166450500488
                    }
                },
                {
                    "type": "Feature",
                    "geometry": {
                        "type": "Point",
                        "coordinates": [
                            49.2520227,
                            55.7868959
                        ]
                    },
                    "properties": {
                        "createdDate": 1703517533741,
                        "bearing": 165.01919555664062,
                        "velocity": 6.068088531494141
                    }
                },
                {
                    "type": "Feature",
                    "geometry": {
                        "type": "Point",
                        "coordinates": [
                            49.2520504,
                            55.7868468
                        ]
                    },
                    "properties": {
                        "createdDate": 1703517534733,
                        "bearing": 168.73797607421875,
                        "velocity": 6.122364044189453
                    }
                },
                {
                    "type": "Feature",
                    "geometry": {
                        "type": "Point",
                        "coordinates": [
                            49.2520768,
                            55.7868004
                        ]
                    },
                    "properties": {
                        "createdDate": 1703517535738,
                        "bearing": 165.32220458984375,
                        "velocity": 5.5683441162109375
                    }
                },
                {
                    "type": "Feature",
                    "geometry": {
                        "type": "Point",
                        "coordinates": [
                            49.2520951,
                            55.7867565
                        ]
                    },
                    "properties": {
                        "createdDate": 1703517536735,
                        "bearing": 166.92320251464844,
                        "velocity": 5.278679847717285
                    }
                },
                {
                    "type": "Feature",
                    "geometry": {
                        "type": "Point",
                        "coordinates": [
                            49.2521078,
                            55.7867242
                        ]
                    },
                    "properties": {
                        "createdDate": 1703517537739,
                        "bearing": 167.0511932373047,
                        "velocity": 4.746275424957275
                    }
                },
                {
                    "type": "Feature",
                    "geometry": {
                        "type": "Point",
                        "coordinates": [
                            49.2521179,
                            55.7866842
                        ]
                    },
                    "properties": {
                        "createdDate": 1703517538727,
                        "bearing": 171.7689666748047,
                        "velocity": 5.225174903869629
                    }
                },
                {
                    "type": "Feature",
                    "geometry": {
                        "type": "Point",
                        "coordinates": [
                            49.2521376,
                            55.7866392
                        ]
                    },
                    "properties": {
                        "createdDate": 1703517539738,
                        "bearing": 167.05328369140625,
                        "velocity": 5.247250080108643
                    }
                },
                {
                    "type": "Feature",
                    "geometry": {
                        "type": "Point",
                        "coordinates": [
                            49.2521593,
                            55.7865969
                        ]
                    },
                    "properties": {
                        "createdDate": 1703517540745,
                        "bearing": 167.01956176757812,
                        "velocity": 5.025827884674072
                    }
                },
                {
                    "type": "Feature",
                    "geometry": {
                        "type": "Point",
                        "coordinates": [
                            49.2521877,
                            55.7865533
                        ]
                    },
                    "properties": {
                        "createdDate": 1703517541752,
                        "bearing": 164.380615234375,
                        "velocity": 4.993013381958008
                    }
                },
                {
                    "type": "Feature",
                    "geometry": {
                        "type": "Point",
                        "coordinates": [
                            49.2522163,
                            55.7865133
                        ]
                    },
                    "properties": {
                        "createdDate": 1703517542748,
                        "bearing": 162.68348693847656,
                        "velocity": 4.795448303222656
                    }
                },
                {
                    "type": "Feature",
                    "geometry": {
                        "type": "Point",
                        "coordinates": [
                            49.2522486,
                            55.7864772
                        ]
                    },
                    "properties": {
                        "createdDate": 1703517543752,
                        "bearing": 158.93936157226562,
                        "velocity": 4.601445198059082
                    }
                },
                {
                    "type": "Feature",
                    "geometry": {
                        "type": "Point",
                        "coordinates": [
                            49.2522857,
                            55.7864458
                        ]
                    },
                    "properties": {
                        "createdDate": 1703517544760,
                        "bearing": 152.5581817626953,
                        "velocity": 4.295663356781006
                    }
                },
                {
                    "type": "Feature",
                    "geometry": {
                        "type": "Point",
                        "coordinates": [
                            49.2523251,
                            55.7864167
                        ]
                    },
                    "properties": {
                        "createdDate": 1703517545752,
                        "bearing": 148.7173614501953,
                        "velocity": 4.179544925689697
                    }
                },
                {
                    "type": "Feature",
                    "geometry": {
                        "type": "Point",
                        "coordinates": [
                            49.2523722,
                            55.7863901
                        ]
                    },
                    "properties": {
                        "createdDate": 1703517546759,
                        "bearing": 143.78085327148438,
                        "velocity": 3.987182140350342
                    }
                },
                {
                    "type": "Feature",
                    "geometry": {
                        "type": "Point",
                        "coordinates": [
                            49.2524403,
                            55.7863632
                        ]
                    },
                    "properties": {
                        "createdDate": 1703517547751,
                        "bearing": 133.5662078857422,
                        "velocity": 3.7225561141967773
                    }
                },
                {
                    "type": "Feature",
                    "geometry": {
                        "type": "Point",
                        "coordinates": [
                            49.2524907,
                            55.7863473
                        ]
                    },
                    "properties": {
                        "createdDate": 1703517548758,
                        "bearing": 120.52435302734375,
                        "velocity": 3.2830634117126465
                    }
                },
                {
                    "type": "Feature",
                    "geometry": {
                        "type": "Point",
                        "coordinates": [
                            49.2525412,
                            55.7863445
                        ]
                    },
                    "properties": {
                        "createdDate": 1703517549767,
                        "bearing": 102.13154602050781,
                        "velocity": 3.0804693698883057
                    }
                },
                {
                    "type": "Feature",
                    "geometry": {
                        "type": "Point",
                        "coordinates": [
                            49.2525951,
                            55.7863493
                        ]
                    },
                    "properties": {
                        "createdDate": 1703517550758,
                        "bearing": 90.97755432128906,
                        "velocity": 3.223681926727295
                    }
                },
                {
                    "type": "Feature",
                    "geometry": {
                        "type": "Point",
                        "coordinates": [
                            49.2526586,
                            55.7863588
                        ]
                    },
                    "properties": {
                        "createdDate": 1703517551765,
                        "bearing": 83.43155670166016,
                        "velocity": 3.5751006603240967
                    }
                },
                {
                    "type": "Feature",
                    "geometry": {
                        "type": "Point",
                        "coordinates": [
                            49.2527286,
                            55.7863718
                        ]
                    },
                    "properties": {
                        "createdDate": 1703517552761,
                        "bearing": 79.86859130859375,
                        "velocity": 3.873474359512329
                    }
                },
                {
                    "type": "Feature",
                    "geometry": {
                        "type": "Point",
                        "coordinates": [
                            49.2528007,
                            55.7863822
                        ]
                    },
                    "properties": {
                        "createdDate": 1703517553765,
                        "bearing": 79.95507049560547,
                        "velocity": 4.094944000244141
                    }
                },
                {
                    "type": "Feature",
                    "geometry": {
                        "type": "Point",
                        "coordinates": [
                            49.2528796,
                            55.7863949
                        ]
                    },
                    "properties": {
                        "createdDate": 1703517554773,
                        "bearing": 77.48036193847656,
                        "velocity": 4.436675548553467
                    }
                },
                {
                    "type": "Feature",
                    "geometry": {
                        "type": "Point",
                        "coordinates": [
                            49.2529744,
                            55.7864141
                        ]
                    },
                    "properties": {
                        "createdDate": 1703517555764,
                        "bearing": 74.78108978271484,
                        "velocity": 4.930574893951416
                    }
                },
                {
                    "type": "Feature",
                    "geometry": {
                        "type": "Point",
                        "coordinates": [
                            49.2530631,
                            55.7864341
                        ]
                    },
                    "properties": {
                        "createdDate": 1703517556773,
                        "bearing": 72.9928207397461,
                        "velocity": 5.174084186553955
                    }
                },
                {
                    "type": "Feature",
                    "geometry": {
                        "type": "Point",
                        "coordinates": [
                            49.2531456,
                            55.7864542
                        ]
                    },
                    "properties": {
                        "createdDate": 1703517557766,
                        "bearing": 71.13363647460938,
                        "velocity": 5.209428310394287
                    }
                },
                {
                    "type": "Feature",
                    "geometry": {
                        "type": "Point",
                        "coordinates": [
                            49.2532265,
                            55.7864722
                        ]
                    },
                    "properties": {
                        "createdDate": 1703517558772,
                        "bearing": 70.85971069335938,
                        "velocity": 5.2670369148254395
                    }
                },
                {
                    "type": "Feature",
                    "geometry": {
                        "type": "Point",
                        "coordinates": [
                            49.2533199,
                            55.786492
                        ]
                    },
                    "properties": {
                        "createdDate": 1703517559779,
                        "bearing": 71.49259948730469,
                        "velocity": 5.41506290435791
                    }
                },
                {
                    "type": "Feature",
                    "geometry": {
                        "type": "Point",
                        "coordinates": [
                            49.253404,
                            55.7865138
                        ]
                    },
                    "properties": {
                        "createdDate": 1703517560770,
                        "bearing": 67.7845687866211,
                        "velocity": 5.153665065765381
                    }
                },
                {
                    "type": "Feature",
                    "geometry": {
                        "type": "Point",
                        "coordinates": [
                            49.2534764,
                            55.7865302
                        ]
                    },
                    "properties": {
                        "createdDate": 1703517561780,
                        "bearing": 75.09309387207031,
                        "velocity": 4.77321720123291
                    }
                },
                {
                    "type": "Feature",
                    "geometry": {
                        "type": "Point",
                        "coordinates": [
                            49.2535487,
                            55.7865427
                        ]
                    },
                    "properties": {
                        "createdDate": 1703517562772,
                        "bearing": 74.09934997558594,
                        "velocity": 4.801332473754883
                    }
                },
                {
                    "type": "Feature",
                    "geometry": {
                        "type": "Point",
                        "coordinates": [
                            49.2536233,
                            55.7865548
                        ]
                    },
                    "properties": {
                        "createdDate": 1703517563779,
                        "bearing": 76.6033706665039,
                        "velocity": 4.9000163078308105
                    }
                },
                {
                    "type": "Feature",
                    "geometry": {
                        "type": "Point",
                        "coordinates": [
                            49.2537137,
                            55.7865663
                        ]
                    },
                    "properties": {
                        "createdDate": 1703517564786,
                        "bearing": 75.10908508300781,
                        "velocity": 5.4724602699279785
                    }
                },
                {
                    "type": "Feature",
                    "geometry": {
                        "type": "Point",
                        "coordinates": [
                            49.2538096,
                            55.7865797
                        ]
                    },
                    "properties": {
                        "createdDate": 1703517565780,
                        "bearing": 74.94918823242188,
                        "velocity": 5.945761680603027
                    }
                },
                {
                    "type": "Feature",
                    "geometry": {
                        "type": "Point",
                        "coordinates": [
                            49.2539001,
                            55.786598
                        ]
                    },
                    "properties": {
                        "createdDate": 1703517566787,
                        "bearing": 75.76790618896484,
                        "velocity": 5.994675159454346
                    }
                },
                {
                    "type": "Feature",
                    "geometry": {
                        "type": "Point",
                        "coordinates": [
                            49.2539774,
                            55.7866164
                        ]
                    },
                    "properties": {
                        "createdDate": 1703517567794,
                        "bearing": 72.56912231445312,
                        "velocity": 5.436461448669434
                    }
                },
                {
                    "type": "Feature",
                    "geometry": {
                        "type": "Point",
                        "coordinates": [
                            49.2540477,
                            55.7866387
                        ]
                    },
                    "properties": {
                        "createdDate": 1703517568787,
                        "bearing": 69.3052978515625,
                        "velocity": 5.314521312713623
                    }
                },
                {
                    "type": "Feature",
                    "geometry": {
                        "type": "Point",
                        "coordinates": [
                            49.2541195,
                            55.7866539
                        ]
                    },
                    "properties": {
                        "createdDate": 1703517569793,
                        "bearing": 71.62083435058594,
                        "velocity": 5.0474700927734375
                    }
                },
                {
                    "type": "Feature",
                    "geometry": {
                        "type": "Point",
                        "coordinates": [
                            49.2541856,
                            55.7866645
                        ]
                    },
                    "properties": {
                        "createdDate": 1703517570788,
                        "bearing": 77.18797302246094,
                        "velocity": 4.70395565032959
                    }
                },
                {
                    "type": "Feature",
                    "geometry": {
                        "type": "Point",
                        "coordinates": [
                            49.2542523,
                            55.7866759
                        ]
                    },
                    "properties": {
                        "createdDate": 1703517571794,
                        "bearing": 76.01272583007812,
                        "velocity": 4.82322883605957
                    }
                },
                {
                    "type": "Feature",
                    "geometry": {
                        "type": "Point",
                        "coordinates": [
                            49.2543233,
                            55.7866866
                        ]
                    },
                    "properties": {
                        "createdDate": 1703517572800,
                        "bearing": 75.98685455322266,
                        "velocity": 4.751443386077881
                    }
                },
                {
                    "type": "Feature",
                    "geometry": {
                        "type": "Point",
                        "coordinates": [
                            49.254385,
                            55.7866991
                        ]
                    },
                    "properties": {
                        "createdDate": 1703517573795,
                        "bearing": 71.08485412597656,
                        "velocity": 3.915027141571045
                    }
                },
                {
                    "type": "Feature",
                    "geometry": {
                        "type": "Point",
                        "coordinates": [
                            49.2544398,
                            55.7867113
                        ]
                    },
                    "properties": {
                        "createdDate": 1703517574799,
                        "bearing": 72.78843688964844,
                        "velocity": 3.616875648498535
                    }
                },
                {
                    "type": "Feature",
                    "geometry": {
                        "type": "Point",
                        "coordinates": [
                            49.2544879,
                            55.7867274
                        ]
                    },
                    "properties": {
                        "createdDate": 1703517575807,
                        "bearing": 71.93546295166016,
                        "velocity": 3.4400362968444824
                    }
                },
                {
                    "type": "Feature",
                    "geometry": {
                        "type": "Point",
                        "coordinates": [
                            49.2545361,
                            55.7867426
                        ]
                    },
                    "properties": {
                        "createdDate": 1703517576801,
                        "bearing": 70.99626159667969,
                        "velocity": 3.3313393592834473
                    }
                },
                {
                    "type": "Feature",
                    "geometry": {
                        "type": "Point",
                        "coordinates": [
                            49.2545887,
                            55.7867564
                        ]
                    },
                    "properties": {
                        "createdDate": 1703517577807,
                        "bearing": 72.79230499267578,
                        "velocity": 3.070329427719116
                    }
                },
                {
                    "type": "Feature",
                    "geometry": {
                        "type": "Point",
                        "coordinates": [
                            49.254664,
                            55.7867485
                        ]
                    },
                    "properties": {
                        "createdDate": 1703517578801,
                        "bearing": 71.1769027709961,
                        "velocity": 2.932518720626831
                    }
                },
                {
                    "type": "Feature",
                    "geometry": {
                        "type": "Point",
                        "coordinates": [
                            49.2547258,
                            55.7867368
                        ]
                    },
                    "properties": {
                        "createdDate": 1703517579807,
                        "bearing": 70.44794464111328,
                        "velocity": 2.3769679069519043
                    }
                },
                {
                    "type": "Feature",
                    "geometry": {
                        "type": "Point",
                        "coordinates": [
                            49.2547765,
                            55.7867294
                        ]
                    },
                    "properties": {
                        "createdDate": 1703517580799,
                        "bearing": 68.97754669189453,
                        "velocity": 1.7880779504776
                    }
                },
                {
                    "type": "Feature",
                    "geometry": {
                        "type": "Point",
                        "coordinates": [
                            49.254809,
                            55.7867268
                        ]
                    },
                    "properties": {
                        "createdDate": 1703517581811,
                        "bearing": 68.2659912109375,
                        "velocity": 1.3867988586425781
                    }
                },
                {
                    "type": "Feature",
                    "geometry": {
                        "type": "Point",
                        "coordinates": [
                            49.254831,
                            55.7867329
                        ]
                    },
                    "properties": {
                        "createdDate": 1703517582814,
                        "bearing": 47.55988693237305,
                        "velocity": 1.482971429824829
                    }
                },
                {
                    "type": "Feature",
                    "geometry": {
                        "type": "Point",
                        "coordinates": [
                            49.2548371,
                            55.7867493
                        ]
                    },
                    "properties": {
                        "createdDate": 1703517583809,
                        "bearing": 15.140233993530273,
                        "velocity": 1.8919192552566528
                    }
                },
                {
                    "type": "Feature",
                    "geometry": {
                        "type": "Point",
                        "coordinates": [
                            49.2548267,
                            55.786764
                        ]
                    },
                    "properties": {
                        "createdDate": 1703517584813,
                        "bearing": 345.2586364746094,
                        "velocity": 1.9648224115371704
                    }
                },
                {
                    "type": "Feature",
                    "geometry": {
                        "type": "Point",
                        "coordinates": [
                            49.2548078,
                            55.786778
                        ]
                    },
                    "properties": {
                        "createdDate": 1703517585821,
                        "bearing": 343.70892333984375,
                        "velocity": 2.1536920070648193
                    }
                },
                {
                    "type": "Feature",
                    "geometry": {
                        "type": "Point",
                        "coordinates": [
                            49.2547805,
                            55.7867906
                        ]
                    },
                    "properties": {
                        "createdDate": 1703517586814,
                        "bearing": 335.07354736328125,
                        "velocity": 2.0330307483673096
                    }
                },
                {
                    "type": "Feature",
                    "geometry": {
                        "type": "Point",
                        "coordinates": [
                            49.2547475,
                            55.7868066
                        ]
                    },
                    "properties": {
                        "createdDate": 1703517587821,
                        "bearing": 320.1497497558594,
                        "velocity": 1.929522156715393
                    }
                },
                {
                    "type": "Feature",
                    "geometry": {
                        "type": "Point",
                        "coordinates": [
                            49.2547147,
                            55.7868174
                        ]
                    },
                    "properties": {
                        "createdDate": 1703517588814,
                        "bearing": 305.7042236328125,
                        "velocity": 1.9737714529037476
                    }
                },
                {
                    "type": "Feature",
                    "geometry": {
                        "type": "Point",
                        "coordinates": [
                            49.2546899,
                            55.7868332
                        ]
                    },
                    "properties": {
                        "createdDate": 1703517589820,
                        "bearing": 317.12860107421875,
                        "velocity": 2.0622398853302
                    }
                },
                {
                    "type": "Feature",
                    "geometry": {
                        "type": "Point",
                        "coordinates": [
                            49.2546718,
                            55.7868516
                        ]
                    },
                    "properties": {
                        "createdDate": 1703517590828,
                        "bearing": 324.8121032714844,
                        "velocity": 2.152224540710449
                    }
                },
                {
                    "type": "Feature",
                    "geometry": {
                        "type": "Point",
                        "coordinates": [
                            49.2546316,
                            55.7868694
                        ]
                    },
                    "properties": {
                        "createdDate": 1703517591823,
                        "bearing": 330.8903503417969,
                        "velocity": 2.1632211208343506
                    }
                },
                {
                    "type": "Feature",
                    "geometry": {
                        "type": "Point",
                        "coordinates": [
                            49.2545947,
                            55.7868816
                        ]
                    },
                    "properties": {
                        "createdDate": 1703517592826,
                        "bearing": 321.84429931640625,
                        "velocity": 2.037559986114502
                    }
                },
                {
                    "type": "Feature",
                    "geometry": {
                        "type": "Point",
                        "coordinates": [
                            49.2545603,
                            55.7868939
                        ]
                    },
                    "properties": {
                        "createdDate": 1703517593835,
                        "bearing": 306.6640625,
                        "velocity": 1.9988713264465332
                    }
                },
                {
                    "type": "Feature",
                    "geometry": {
                        "type": "Point",
                        "coordinates": [
                            49.2545314,
                            55.7869025
                        ]
                    },
                    "properties": {
                        "createdDate": 1703517594826,
                        "bearing": 306.4764709472656,
                        "velocity": 1.7754305601119995
                    }
                },
                {
                    "type": "Feature",
                    "geometry": {
                        "type": "Point",
                        "coordinates": [
                            49.2545159,
                            55.7869128
                        ]
                    },
                    "properties": {
                        "createdDate": 1703517595834,
                        "bearing": 307.1470031738281,
                        "velocity": 1.4164209365844727
                    }
                },
                {
                    "type": "Feature",
                    "geometry": {
                        "type": "Point",
                        "coordinates": [
                            49.2544902,
                            55.7869322
                        ]
                    },
                    "properties": {
                        "createdDate": 1703517596829,
                        "bearing": 333.6435546875,
                        "velocity": 1.7650039196014404
                    }
                },
                {
                    "type": "Feature",
                    "geometry": {
                        "type": "Point",
                        "coordinates": [
                            49.2544673,
                            55.7869553
                        ]
                    },
                    "properties": {
                        "createdDate": 1703517597837,
                        "bearing": 334.5258483886719,
                        "velocity": 2.5446112155914307
                    }
                },
                {
                    "type": "Feature",
                    "geometry": {
                        "type": "Point",
                        "coordinates": [
                            49.2544415,
                            55.7869777
                        ]
                    },
                    "properties": {
                        "createdDate": 1703517598841,
                        "bearing": 330.543701171875,
                        "velocity": 2.6729559898376465
                    }
                },
                {
                    "type": "Feature",
                    "geometry": {
                        "type": "Point",
                        "coordinates": [
                            49.2544142,
                            55.7869933
                        ]
                    },
                    "properties": {
                        "createdDate": 1703517599848,
                        "bearing": 322.3621520996094,
                        "velocity": 2.198606491088867
                    }
                },
                {
                    "type": "Feature",
                    "geometry": {
                        "type": "Point",
                        "coordinates": [
                            49.2543847,
                            55.7870037
                        ]
                    },
                    "properties": {
                        "createdDate": 1703517600841,
                        "bearing": 312.28509521484375,
                        "velocity": 2.155783176422119
                    }
                },
                {
                    "type": "Feature",
                    "geometry": {
                        "type": "Point",
                        "coordinates": [
                            49.2543451,
                            55.7870179
                        ]
                    },
                    "properties": {
                        "createdDate": 1703517601848,
                        "bearing": 306.70281982421875,
                        "velocity": 2.8002593517303467
                    }
                },
                {
                    "type": "Feature",
                    "geometry": {
                        "type": "Point",
                        "coordinates": [
                            49.2543086,
                            55.7870358
                        ]
                    },
                    "properties": {
                        "createdDate": 1703517602841,
                        "bearing": 314.5370178222656,
                        "velocity": 2.8965792655944824
                    }
                },
                {
                    "type": "Feature",
                    "geometry": {
                        "type": "Point",
                        "coordinates": [
                            49.2542766,
                            55.7870586
                        ]
                    },
                    "properties": {
                        "createdDate": 1703517603830,
                        "bearing": 325.2779846191406,
                        "velocity": 3.1780200004577637
                    }
                },
                {
                    "type": "Feature",
                    "geometry": {
                        "type": "Point",
                        "coordinates": [
                            49.2542569,
                            55.7870805
                        ]
                    },
                    "properties": {
                        "createdDate": 1703517604843,
                        "bearing": 336.23309326171875,
                        "velocity": 2.8288185596466064
                    }
                },
                {
                    "type": "Feature",
                    "geometry": {
                        "type": "Point",
                        "coordinates": [
                            49.2542446,
                            55.7871073
                        ]
                    },
                    "properties": {
                        "createdDate": 1703517605849,
                        "bearing": 347.6206970214844,
                        "velocity": 3.098411798477173
                    }
                },
                {
                    "type": "Feature",
                    "geometry": {
                        "type": "Point",
                        "coordinates": [
                            49.2542299,
                            55.7871348
                        ]
                    },
                    "properties": {
                        "createdDate": 1703517606856,
                        "bearing": 344.2950744628906,
                        "velocity": 3.065004587173462
                    }
                },
                {
                    "type": "Feature",
                    "geometry": {
                        "type": "Point",
                        "coordinates": [
                            49.2542239,
                            55.7871578
                        ]
                    },
                    "properties": {
                        "createdDate": 1703517607845,
                        "bearing": 353.26654052734375,
                        "velocity": 2.4099442958831787
                    }
                },
                {
                    "type": "Feature",
                    "geometry": {
                        "type": "Point",
                        "coordinates": [
                            49.254214,
                            55.7871832
                        ]
                    },
                    "properties": {
                        "createdDate": 1703517608854,
                        "bearing": 350.51922607421875,
                        "velocity": 1.897912621498108
                    }
                },
                {
                    "type": "Feature",
                    "geometry": {
                        "type": "Point",
                        "coordinates": [
                            49.2542001,
                            55.7872043
                        ]
                    },
                    "properties": {
                        "createdDate": 1703517609862,
                        "bearing": 350.1523742675781,
                        "velocity": 1.612735390663147
                    }
                },
                {
                    "type": "Feature",
                    "geometry": {
                        "type": "Point",
                        "coordinates": [
                            49.2541928,
                            55.7872156
                        ]
                    },
                    "properties": {
                        "createdDate": 1703517610856,
                        "bearing": 358.87152099609375,
                        "velocity": 0.9261633157730103
                    }
                },
                {
                    "type": "Feature",
                    "geometry": {
                        "type": "Point",
                        "coordinates": [
                            49.2541906,
                            55.7872211
                        ]
                    },
                    "properties": {
                        "createdDate": 1703517611862,
                        "bearing": 359.7925720214844,
                        "velocity": 0.5479691624641418
                    }
                },
                {
                    "type": "Feature",
                    "geometry": {
                        "type": "Point",
                        "coordinates": [
                            49.2541842,
                            55.7872221
                        ]
                    },
                    "properties": {
                        "createdDate": 1703517612851,
                        "bearing": 359.89398193359375,
                        "velocity": 0.29480910301208496
                    }
                },
                {
                    "type": "Feature",
                    "geometry": {
                        "type": "Point",
                        "coordinates": [
                            49.2541808,
                            55.7872219
                        ]
                    },
                    "properties": {
                        "createdDate": 1703517613862,
                        "bearing": 359.91644287109375,
                        "velocity": 0.15676379203796387
                    }
                },
                {
                    "type": "Feature",
                    "geometry": {
                        "type": "Point",
                        "coordinates": [
                            49.2541789,
                            55.7872214
                        ]
                    },
                    "properties": {
                        "createdDate": 1703517614869,
                        "bearing": 0.0,
                        "velocity": 0.08027128875255585
                    }
                },
                {
                    "type": "Feature",
                    "geometry": {
                        "type": "Point",
                        "coordinates": [
                            49.2541779,
                            55.7872209
                        ]
                    },
                    "properties": {
                        "createdDate": 1703517615866,
                        "bearing": 0.0,
                        "velocity": 0.04264865070581436
                    }
                },
                {
                    "type": "Feature",
                    "geometry": {
                        "type": "Point",
                        "coordinates": [
                            49.2541773,
                            55.7872205
                        ]
                    },
                    "properties": {
                        "createdDate": 1703517616870,
                        "bearing": 0.0,
                        "velocity": 0.015357362106442451
                    }
                }
            ]
        }
    },
    {
        "uuid": "793bbe1c-8f88-4ece-b06d-e5124ea3fe71",
        "videoId": "1703516097487",
        "filePath": "/vs_data/citysoft-dev/video/2023/12/25/5b8b176f019ea18e/1703514900141/1703516097487/1703516097487.mp4",
        "sessionId": "1703514900141",
        "deviceId": "5b8b176f019ea18e",
        "descriptions": {
            "onDevice": "VladTest",
            "onServer": "VladTest"
        },
        "numbers": {
            "onDevice": "VladTest",
            "onServer": "VladTest"
        },
        "processingStatus": "NEW",
        "operatorId": null,
        "creationDate": "2023-12-25T14:54:57.487Z",
        "processedDate": null,
        "homographyId": null,
        "mergedPartsCount": 300,
        "fps": 0,
        "size": 46998844,
        "resolution": null,
        "errorReason": null,
        "errorModule": null,
        "errorMessage": null,
        "geoJSON": {
            "type": "FeatureCollection",
            "features": [
                {
                    "type": "Feature",
                    "geometry": {
                        "type": "Point",
                        "coordinates": [
                            49.24604,
                            55.7938231
                        ]
                    },
                    "properties": {
                        "createdDate": 1703516097487,
                        "bearing": 228.7855224609375,
                        "velocity": 0.1687546670436859
                    }
                },
                {
                    "type": "Feature",
                    "geometry": {
                        "type": "Point",
                        "coordinates": [
                            49.2460508,
                            55.7938309
                        ]
                    },
                    "properties": {
                        "createdDate": 1703516102495,
                        "bearing": 0.0,
                        "velocity": 0.04486483335494995
                    }
                },
                {
                    "type": "Feature",
                    "geometry": {
                        "type": "Point",
                        "coordinates": [
                            49.2460558,
                            55.7938373
                        ]
                    },
                    "properties": {
                        "createdDate": 1703516107500,
                        "bearing": 23.075204849243164,
                        "velocity": 0.11272978037595749
                    }
                },
                {
                    "type": "Feature",
                    "geometry": {
                        "type": "Point",
                        "coordinates": [
                            49.2460495,
                            55.793833
                        ]
                    },
                    "properties": {
                        "createdDate": 1703516112507,
                        "bearing": 0.0,
                        "velocity": 0.04086850583553314
                    }
                },
                {
                    "type": "Feature",
                    "geometry": {
                        "type": "Point",
                        "coordinates": [
                            49.246046,
                            55.7938313
                        ]
                    },
                    "properties": {
                        "createdDate": 1703516117513,
                        "bearing": 0.0,
                        "velocity": 0.05104944109916687
                    }
                },
                {
                    "type": "Feature",
                    "geometry": {
                        "type": "Point",
                        "coordinates": [
                            49.2460524,
                            55.7938339
                        ]
                    },
                    "properties": {
                        "createdDate": 1703516122520,
                        "bearing": 0.0,
                        "velocity": 0.044536150991916656
                    }
                },
                {
                    "type": "Feature",
                    "geometry": {
                        "type": "Point",
                        "coordinates": [
                            49.2460398,
                            55.793829
                        ]
                    },
                    "properties": {
                        "createdDate": 1703516127525,
                        "bearing": 235.084228515625,
                        "velocity": 0.10412551462650299
                    }
                },
                {
                    "type": "Feature",
                    "geometry": {
                        "type": "Point",
                        "coordinates": [
                            49.246033,
                            55.7938237
                        ]
                    },
                    "properties": {
                        "createdDate": 1703516132533,
                        "bearing": 221.27951049804688,
                        "velocity": 0.12815146148204803
                    }
                },
                {
                    "type": "Feature",
                    "geometry": {
                        "type": "Point",
                        "coordinates": [
                            49.2460523,
                            55.7938304
                        ]
                    },
                    "properties": {
                        "createdDate": 1703516137543,
                        "bearing": 0.0,
                        "velocity": 0.0998527854681015
                    }
                },
                {
                    "type": "Feature",
                    "geometry": {
                        "type": "Point",
                        "coordinates": [
                            49.246057,
                            55.793832
                        ]
                    },
                    "properties": {
                        "createdDate": 1703516142546,
                        "bearing": 0.0,
                        "velocity": 0.08111415803432465
                    }
                },
                {
                    "type": "Feature",
                    "geometry": {
                        "type": "Point",
                        "coordinates": [
                            49.2460404,
                            55.7938231
                        ]
                    },
                    "properties": {
                        "createdDate": 1703516147558,
                        "bearing": 222.99713134765625,
                        "velocity": 0.15360000729560852
                    }
                },
                {
                    "type": "Feature",
                    "geometry": {
                        "type": "Point",
                        "coordinates": [
                            49.2460438,
                            55.7938268
                        ]
                    },
                    "properties": {
                        "createdDate": 1703516152562,
                        "bearing": 0.0,
                        "velocity": 0.015885647386312485
                    }
                },
                {
                    "type": "Feature",
                    "geometry": {
                        "type": "Point",
                        "coordinates": [
                            49.2460461,
                            55.7938277
                        ]
                    },
                    "properties": {
                        "createdDate": 1703516157582,
                        "bearing": 0.0,
                        "velocity": 0.020466869696974754
                    }
                },
                {
                    "type": "Feature",
                    "geometry": {
                        "type": "Point",
                        "coordinates": [
                            49.2460639,
                            55.7938332
                        ]
                    },
                    "properties": {
                        "createdDate": 1703516162588,
                        "bearing": 60.13015365600586,
                        "velocity": 0.16729456186294556
                    }
                },
                {
                    "type": "Feature",
                    "geometry": {
                        "type": "Point",
                        "coordinates": [
                            49.2460649,
                            55.7938309
                        ]
                    },
                    "properties": {
                        "createdDate": 1703516167596,
                        "bearing": 0.0,
                        "velocity": 0.06465400755405426
                    }
                },
                {
                    "type": "Feature",
                    "geometry": {
                        "type": "Point",
                        "coordinates": [
                            49.2460536,
                            55.7938267
                        ]
                    },
                    "properties": {
                        "createdDate": 1703516172602,
                        "bearing": 0.0,
                        "velocity": 0.08769327402114868
                    }
                },
                {
                    "type": "Feature",
                    "geometry": {
                        "type": "Point",
                        "coordinates": [
                            49.2460523,
                            55.7938274
                        ]
                    },
                    "properties": {
                        "createdDate": 1703516177610,
                        "bearing": 0.0,
                        "velocity": 0.03601067140698433
                    }
                },
                {
                    "type": "Feature",
                    "geometry": {
                        "type": "Point",
                        "coordinates": [
                            49.2460494,
                            55.793825
                        ]
                    },
                    "properties": {
                        "createdDate": 1703516182617,
                        "bearing": 0.0,
                        "velocity": 0.051519595086574554
                    }
                },
                {
                    "type": "Feature",
                    "geometry": {
                        "type": "Point",
                        "coordinates": [
                            49.2460474,
                            55.7938234
                        ]
                    },
                    "properties": {
                        "createdDate": 1703516187622,
                        "bearing": 0.0,
                        "velocity": 0.04664967581629753
                    }
                },
                {
                    "type": "Feature",
                    "geometry": {
                        "type": "Point",
                        "coordinates": [
                            49.2460414,
                            55.7938267
                        ]
                    },
                    "properties": {
                        "createdDate": 1703516192629,
                        "bearing": 0.0,
                        "velocity": 0.06550778448581696
                    }
                },
                {
                    "type": "Feature",
                    "geometry": {
                        "type": "Point",
                        "coordinates": [
                            49.2460463,
                            55.7938284
                        ]
                    },
                    "properties": {
                        "createdDate": 1703516197636,
                        "bearing": 0.0,
                        "velocity": 0.040044285356998444
                    }
                },
                {
                    "type": "Feature",
                    "geometry": {
                        "type": "Point",
                        "coordinates": [
                            49.2460549,
                            55.7938296
                        ]
                    },
                    "properties": {
                        "createdDate": 1703516202642,
                        "bearing": 0.0,
                        "velocity": 0.0810338705778122
                    }
                },
                {
                    "type": "Feature",
                    "geometry": {
                        "type": "Point",
                        "coordinates": [
                            49.2460585,
                            55.793828
                        ]
                    },
                    "properties": {
                        "createdDate": 1703516207651,
                        "bearing": 0.0,
                        "velocity": 0.05685596540570259
                    }
                },
                {
                    "type": "Feature",
                    "geometry": {
                        "type": "Point",
                        "coordinates": [
                            49.2460516,
                            55.7938308
                        ]
                    },
                    "properties": {
                        "createdDate": 1703516212658,
                        "bearing": 0.0,
                        "velocity": 0.04802219569683075
                    }
                },
                {
                    "type": "Feature",
                    "geometry": {
                        "type": "Point",
                        "coordinates": [
                            49.2460444,
                            55.793828
                        ]
                    },
                    "properties": {
                        "createdDate": 1703516217667,
                        "bearing": 0.0,
                        "velocity": 0.07322943210601807
                    }
                },
                {
                    "type": "Feature",
                    "geometry": {
                        "type": "Point",
                        "coordinates": [
                            49.2460492,
                            55.7938291
                        ]
                    },
                    "properties": {
                        "createdDate": 1703516222684,
                        "bearing": 0.0,
                        "velocity": 0.012526614591479301
                    }
                },
                {
                    "type": "Feature",
                    "geometry": {
                        "type": "Point",
                        "coordinates": [
                            49.2460575,
                            55.7938303
                        ]
                    },
                    "properties": {
                        "createdDate": 1703516227691,
                        "bearing": 0.0,
                        "velocity": 0.07208897173404694
                    }
                },
                {
                    "type": "Feature",
                    "geometry": {
                        "type": "Point",
                        "coordinates": [
                            49.2460646,
                            55.7938311
                        ]
                    },
                    "properties": {
                        "createdDate": 1703516232699,
                        "bearing": 0.0,
                        "velocity": 0.08318933099508286
                    }
                },
                {
                    "type": "Feature",
                    "geometry": {
                        "type": "Point",
                        "coordinates": [
                            49.2460718,
                            55.7938285
                        ]
                    },
                    "properties": {
                        "createdDate": 1703516237706,
                        "bearing": 0.0,
                        "velocity": 0.0904993787407875
                    }
                },
                {
                    "type": "Feature",
                    "geometry": {
                        "type": "Point",
                        "coordinates": [
                            49.2460818,
                            55.7938295
                        ]
                    },
                    "properties": {
                        "createdDate": 1703516242711,
                        "bearing": 88.67179870605469,
                        "velocity": 0.1096143051981926
                    }
                },
                {
                    "type": "Feature",
                    "geometry": {
                        "type": "Point",
                        "coordinates": [
                            49.2460721,
                            55.79383
                        ]
                    },
                    "properties": {
                        "createdDate": 1703516247720,
                        "bearing": 0.0,
                        "velocity": 0.032219529151916504
                    }
                },
                {
                    "type": "Feature",
                    "geometry": {
                        "type": "Point",
                        "coordinates": [
                            49.2460575,
                            55.7938313
                        ]
                    },
                    "properties": {
                        "createdDate": 1703516252725,
                        "bearing": 279.4860534667969,
                        "velocity": 0.1252027302980423
                    }
                },
                {
                    "type": "Feature",
                    "geometry": {
                        "type": "Point",
                        "coordinates": [
                            49.2460505,
                            55.7938354
                        ]
                    },
                    "properties": {
                        "createdDate": 1703516257731,
                        "bearing": 302.7186279296875,
                        "velocity": 0.11984143406152725
                    }
                },
                {
                    "type": "Feature",
                    "geometry": {
                        "type": "Point",
                        "coordinates": [
                            49.2460505,
                            55.7938327
                        ]
                    },
                    "properties": {
                        "createdDate": 1703516262740,
                        "bearing": 0.0,
                        "velocity": 0.0394374243915081
                    }
                },
                {
                    "type": "Feature",
                    "geometry": {
                        "type": "Point",
                        "coordinates": [
                            49.2460568,
                            55.7938326
                        ]
                    },
                    "properties": {
                        "createdDate": 1703516267761,
                        "bearing": 0.0,
                        "velocity": 0.03544383868575096
                    }
                },
                {
                    "type": "Feature",
                    "geometry": {
                        "type": "Point",
                        "coordinates": [
                            49.2460653,
                            55.7938276
                        ]
                    },
                    "properties": {
                        "createdDate": 1703516272767,
                        "bearing": 132.26853942871094,
                        "velocity": 0.10747570544481277
                    }
                },
                {
                    "type": "Feature",
                    "geometry": {
                        "type": "Point",
                        "coordinates": [
                            49.2460605,
                            55.7938242
                        ]
                    },
                    "properties": {
                        "createdDate": 1703516277774,
                        "bearing": 0.0,
                        "velocity": 0.07398416101932526
                    }
                },
                {
                    "type": "Feature",
                    "geometry": {
                        "type": "Point",
                        "coordinates": [
                            49.246073,
                            55.7938296
                        ]
                    },
                    "properties": {
                        "createdDate": 1703516282780,
                        "bearing": 63.719322204589844,
                        "velocity": 0.10605498403310776
                    }
                },
                {
                    "type": "Feature",
                    "geometry": {
                        "type": "Point",
                        "coordinates": [
                            49.2460773,
                            55.7938288
                        ]
                    },
                    "properties": {
                        "createdDate": 1703516287787,
                        "bearing": 0.0,
                        "velocity": 0.06947998702526093
                    }
                },
                {
                    "type": "Feature",
                    "geometry": {
                        "type": "Point",
                        "coordinates": [
                            49.2460612,
                            55.7938284
                        ]
                    },
                    "properties": {
                        "createdDate": 1703516292795,
                        "bearing": 0.0,
                        "velocity": 0.09624149650335312
                    }
                },
                {
                    "type": "Feature",
                    "geometry": {
                        "type": "Point",
                        "coordinates": [
                            49.246057,
                            55.7938284
                        ]
                    },
                    "properties": {
                        "createdDate": 1703516297801,
                        "bearing": 0.0,
                        "velocity": 0.06952743232250214
                    }
                },
                {
                    "type": "Feature",
                    "geometry": {
                        "type": "Point",
                        "coordinates": [
                            49.2460687,
                            55.793829
                        ]
                    },
                    "properties": {
                        "createdDate": 1703516302807,
                        "bearing": 0.0,
                        "velocity": 0.06126803532242775
                    }
                },
                {
                    "type": "Feature",
                    "geometry": {
                        "type": "Point",
                        "coordinates": [
                            49.2460771,
                            55.7938328
                        ]
                    },
                    "properties": {
                        "createdDate": 1703516307815,
                        "bearing": 58.1492919921875,
                        "velocity": 0.10512508451938629
                    }
                },
                {
                    "type": "Feature",
                    "geometry": {
                        "type": "Point",
                        "coordinates": [
                            49.2460645,
                            55.7938302
                        ]
                    },
                    "properties": {
                        "createdDate": 1703516312823,
                        "bearing": 0.0,
                        "velocity": 0.061296120285987854
                    }
                },
                {
                    "type": "Feature",
                    "geometry": {
                        "type": "Point",
                        "coordinates": [
                            49.246059,
                            55.7938311
                        ]
                    },
                    "properties": {
                        "createdDate": 1703516317828,
                        "bearing": 0.0,
                        "velocity": 0.06544049829244614
                    }
                },
                {
                    "type": "Feature",
                    "geometry": {
                        "type": "Point",
                        "coordinates": [
                            49.246055,
                            55.7938269
                        ]
                    },
                    "properties": {
                        "createdDate": 1703516322833,
                        "bearing": 0.0,
                        "velocity": 0.07642964273691177
                    }
                },
                {
                    "type": "Feature",
                    "geometry": {
                        "type": "Point",
                        "coordinates": [
                            49.2460526,
                            55.7938283
                        ]
                    },
                    "properties": {
                        "createdDate": 1703516327825,
                        "bearing": 0.0,
                        "velocity": 0.040102969855070114
                    }
                },
                {
                    "type": "Feature",
                    "geometry": {
                        "type": "Point",
                        "coordinates": [
                            49.24607,
                            55.7938252
                        ]
                    },
                    "properties": {
                        "createdDate": 1703516332830,
                        "bearing": 109.98250579833984,
                        "velocity": 0.127136692404747
                    }
                },
                {
                    "type": "Feature",
                    "geometry": {
                        "type": "Point",
                        "coordinates": [
                            49.2460733,
                            55.7938275
                        ]
                    },
                    "properties": {
                        "createdDate": 1703516337825,
                        "bearing": 0.0,
                        "velocity": 0.07145754247903824
                    }
                },
                {
                    "type": "Feature",
                    "geometry": {
                        "type": "Point",
                        "coordinates": [
                            49.2460738,
                            55.7938393
                        ]
                    },
                    "properties": {
                        "createdDate": 1703516342828,
                        "bearing": 10.512857437133789,
                        "velocity": 0.1716942936182022
                    }
                },
                {
                    "type": "Feature",
                    "geometry": {
                        "type": "Point",
                        "coordinates": [
                            49.2460625,
                            55.7938343
                        ]
                    },
                    "properties": {
                        "createdDate": 1703516347849,
                        "bearing": 0.0,
                        "velocity": 0.07412750273942947
                    }
                },
                {
                    "type": "Feature",
                    "geometry": {
                        "type": "Point",
                        "coordinates": [
                            49.2460733,
                            55.7938274
                        ]
                    },
                    "properties": {
                        "createdDate": 1703516352857,
                        "bearing": 149.46775817871094,
                        "velocity": 0.11252270638942719
                    }
                },
                {
                    "type": "Feature",
                    "geometry": {
                        "type": "Point",
                        "coordinates": [
                            49.2460835,
                            55.7938297
                        ]
                    },
                    "properties": {
                        "createdDate": 1703516357863,
                        "bearing": 93.19011688232422,
                        "velocity": 0.10045100003480911
                    }
                },
                {
                    "type": "Feature",
                    "geometry": {
                        "type": "Point",
                        "coordinates": [
                            49.2460823,
                            55.7938334
                        ]
                    },
                    "properties": {
                        "createdDate": 1703516362869,
                        "bearing": 0.0,
                        "velocity": 0.05621964484453201
                    }
                },
                {
                    "type": "Feature",
                    "geometry": {
                        "type": "Point",
                        "coordinates": [
                            49.2460761,
                            55.793831
                        ]
                    },
                    "properties": {
                        "createdDate": 1703516367877,
                        "bearing": 0.0,
                        "velocity": 0.03795381262898445
                    }
                },
                {
                    "type": "Feature",
                    "geometry": {
                        "type": "Point",
                        "coordinates": [
                            49.2460578,
                            55.7938277
                        ]
                    },
                    "properties": {
                        "createdDate": 1703516372883,
                        "bearing": 252.2386474609375,
                        "velocity": 0.16042229533195496
                    }
                },
                {
                    "type": "Feature",
                    "geometry": {
                        "type": "Point",
                        "coordinates": [
                            49.2460647,
                            55.7938343
                        ]
                    },
                    "properties": {
                        "createdDate": 1703516377889,
                        "bearing": 0.0,
                        "velocity": 0.06193522736430168
                    }
                },
                {
                    "type": "Feature",
                    "geometry": {
                        "type": "Point",
                        "coordinates": [
                            49.246076,
                            55.7938334
                        ]
                    },
                    "properties": {
                        "createdDate": 1703516382903,
                        "bearing": 0.0,
                        "velocity": 0.07408436387777328
                    }
                },
                {
                    "type": "Feature",
                    "geometry": {
                        "type": "Point",
                        "coordinates": [
                            49.24607,
                            55.7938308
                        ]
                    },
                    "properties": {
                        "createdDate": 1703516387907,
                        "bearing": 0.0,
                        "velocity": 0.03622005879878998
                    }
                },
                {
                    "type": "Feature",
                    "geometry": {
                        "type": "Point",
                        "coordinates": [
                            49.2460874,
                            55.7938308
                        ]
                    },
                    "properties": {
                        "createdDate": 1703516392912,
                        "bearing": 97.58550262451172,
                        "velocity": 0.11044038087129593
                    }
                }
            ]
        }
    },
    {
        "uuid": "f6df7d6f-0765-4b70-8a40-e15e69cff35d",
        "videoId": "1703515796992",
        "filePath": "/vs_data/citysoft-dev/video/2023/12/25/5b8b176f019ea18e/1703514900141/1703515796992/1703515796992.mp4",
        "sessionId": "1703514900141",
        "deviceId": "5b8b176f019ea18e",
        "descriptions": {
            "onDevice": "VladTest",
            "onServer": "VladTest"
        },
        "numbers": {
            "onDevice": "VladTest",
            "onServer": "VladTest"
        },
        "processingStatus": "NEW",
        "operatorId": null,
        "creationDate": "2023-12-25T14:49:56.992Z",
        "processedDate": null,
        "homographyId": null,
        "mergedPartsCount": 300,
        "fps": 0,
        "size": 51795154,
        "resolution": null,
        "errorReason": null,
        "errorModule": null,
        "errorMessage": null,
        "geoJSON": {
            "type": "FeatureCollection",
            "features": [
                {
                    "type": "Feature",
                    "geometry": {
                        "type": "Point",
                        "coordinates": [
                            49.2460374,
                            55.7938202
                        ]
                    },
                    "properties": {
                        "createdDate": 1703515796992,
                        "bearing": 226.48609924316406,
                        "velocity": 0.2166501134634018
                    }
                },
                {
                    "type": "Feature",
                    "geometry": {
                        "type": "Point",
                        "coordinates": [
                            49.2460349,
                            55.79383
                        ]
                    },
                    "properties": {
                        "createdDate": 1703515802001,
                        "bearing": 299.8214111328125,
                        "velocity": 0.1024232804775238
                    }
                },
                {
                    "type": "Feature",
                    "geometry": {
                        "type": "Point",
                        "coordinates": [
                            49.2460556,
                            55.7938278
                        ]
                    },
                    "properties": {
                        "createdDate": 1703515807003,
                        "bearing": 94.72660827636719,
                        "velocity": 0.12767358124256134
                    }
                },
                {
                    "type": "Feature",
                    "geometry": {
                        "type": "Point",
                        "coordinates": [
                            49.246055,
                            55.7938263
                        ]
                    },
                    "properties": {
                        "createdDate": 1703515812028,
                        "bearing": 0.0,
                        "velocity": 0.05038972198963165
                    }
                },
                {
                    "type": "Feature",
                    "geometry": {
                        "type": "Point",
                        "coordinates": [
                            49.2460646,
                            55.7938284
                        ]
                    },
                    "properties": {
                        "createdDate": 1703515817035,
                        "bearing": 0.0,
                        "velocity": 0.09184355288743973
                    }
                },
                {
                    "type": "Feature",
                    "geometry": {
                        "type": "Point",
                        "coordinates": [
                            49.2460582,
                            55.7938312
                        ]
                    },
                    "properties": {
                        "createdDate": 1703515822041,
                        "bearing": 0.0,
                        "velocity": 0.048119451850652695
                    }
                },
                {
                    "type": "Feature",
                    "geometry": {
                        "type": "Point",
                        "coordinates": [
                            49.2460397,
                            55.7938262
                        ]
                    },
                    "properties": {
                        "createdDate": 1703515827048,
                        "bearing": 250.776123046875,
                        "velocity": 0.15967726707458496
                    }
                },
                {
                    "type": "Feature",
                    "geometry": {
                        "type": "Point",
                        "coordinates": [
                            49.2460533,
                            55.7938256
                        ]
                    },
                    "properties": {
                        "createdDate": 1703515832054,
                        "bearing": 0.0,
                        "velocity": 0.039683930575847626
                    }
                },
                {
                    "type": "Feature",
                    "geometry": {
                        "type": "Point",
                        "coordinates": [
                            49.2460589,
                            55.7938288
                        ]
                    },
                    "properties": {
                        "createdDate": 1703515837062,
                        "bearing": 0.0,
                        "velocity": 0.06215478479862213
                    }
                },
                {
                    "type": "Feature",
                    "geometry": {
                        "type": "Point",
                        "coordinates": [
                            49.246061,
                            55.7938291
                        ]
                    },
                    "properties": {
                        "createdDate": 1703515842068,
                        "bearing": 0.0,
                        "velocity": 0.038954686373472214
                    }
                },
                {
                    "type": "Feature",
                    "geometry": {
                        "type": "Point",
                        "coordinates": [
                            49.2460531,
                            55.7938205
                        ]
                    },
                    "properties": {
                        "createdDate": 1703515847074,
                        "bearing": 202.9548797607422,
                        "velocity": 0.12393046915531158
                    }
                },
                {
                    "type": "Feature",
                    "geometry": {
                        "type": "Point",
                        "coordinates": [
                            49.2460554,
                            55.7938273
                        ]
                    },
                    "properties": {
                        "createdDate": 1703515852080,
                        "bearing": 0.0,
                        "velocity": 0.031425658613443375
                    }
                },
                {
                    "type": "Feature",
                    "geometry": {
                        "type": "Point",
                        "coordinates": [
                            49.2460586,
                            55.7938274
                        ]
                    },
                    "properties": {
                        "createdDate": 1703515857088,
                        "bearing": 0.0,
                        "velocity": 0.026042988523840904
                    }
                },
                {
                    "type": "Feature",
                    "geometry": {
                        "type": "Point",
                        "coordinates": [
                            49.2460632,
                            55.7938287
                        ]
                    },
                    "properties": {
                        "createdDate": 1703515862093,
                        "bearing": 0.0,
                        "velocity": 0.05053693428635597
                    }
                },
                {
                    "type": "Feature",
                    "geometry": {
                        "type": "Point",
                        "coordinates": [
                            49.2460459,
                            55.7938216
                        ]
                    },
                    "properties": {
                        "createdDate": 1703515867118,
                        "bearing": 232.78274536132812,
                        "velocity": 0.1503830850124359
                    }
                },
                {
                    "type": "Feature",
                    "geometry": {
                        "type": "Point",
                        "coordinates": [
                            49.2460547,
                            55.7938265
                        ]
                    },
                    "properties": {
                        "createdDate": 1703515872113,
                        "bearing": 0.0,
                        "velocity": 0.018595358356833458
                    }
                },
                {
                    "type": "Feature",
                    "geometry": {
                        "type": "Point",
                        "coordinates": [
                            49.2460554,
                            55.7938265
                        ]
                    },
                    "properties": {
                        "createdDate": 1703515877117,
                        "bearing": 0.0,
                        "velocity": 0.010287418030202389
                    }
                },
                {
                    "type": "Feature",
                    "geometry": {
                        "type": "Point",
                        "coordinates": [
                            49.2460614,
                            55.7938279
                        ]
                    },
                    "properties": {
                        "createdDate": 1703515882122,
                        "bearing": 0.0,
                        "velocity": 0.054826509207487106
                    }
                },
                {
                    "type": "Feature",
                    "geometry": {
                        "type": "Point",
                        "coordinates": [
                            49.2460692,
                            55.7938275
                        ]
                    },
                    "properties": {
                        "createdDate": 1703515887143,
                        "bearing": 0.0,
                        "velocity": 0.07914161682128906
                    }
                },
                {
                    "type": "Feature",
                    "geometry": {
                        "type": "Point",
                        "coordinates": [
                            49.2460615,
                            55.7938273
                        ]
                    },
                    "properties": {
                        "createdDate": 1703515892151,
                        "bearing": 0.0,
                        "velocity": 0.03155476227402687
                    }
                },
                {
                    "type": "Feature",
                    "geometry": {
                        "type": "Point",
                        "coordinates": [
                            49.2460568,
                            55.7938341
                        ]
                    },
                    "properties": {
                        "createdDate": 1703515897157,
                        "bearing": 332.6490173339844,
                        "velocity": 0.10419896245002747
                    }
                },
                {
                    "type": "Feature",
                    "geometry": {
                        "type": "Point",
                        "coordinates": [
                            49.2460526,
                            55.793831
                        ]
                    },
                    "properties": {
                        "createdDate": 1703515902164,
                        "bearing": 0.0,
                        "velocity": 0.05202377587556839
                    }
                },
                {
                    "type": "Feature",
                    "geometry": {
                        "type": "Point",
                        "coordinates": [
                            49.2460574,
                            55.7938265
                        ]
                    },
                    "properties": {
                        "createdDate": 1703515907171,
                        "bearing": 0.0,
                        "velocity": 0.06758668273687363
                    }
                },
                {
                    "type": "Feature",
                    "geometry": {
                        "type": "Point",
                        "coordinates": [
                            49.2460526,
                            55.7938254
                        ]
                    },
                    "properties": {
                        "createdDate": 1703515912180,
                        "bearing": 0.0,
                        "velocity": 0.05143732577562332
                    }
                },
                {
                    "type": "Feature",
                    "geometry": {
                        "type": "Point",
                        "coordinates": [
                            49.2460503,
                            55.7938257
                        ]
                    },
                    "properties": {
                        "createdDate": 1703515917185,
                        "bearing": 0.0,
                        "velocity": 0.030110208317637444
                    }
                },
                {
                    "type": "Feature",
                    "geometry": {
                        "type": "Point",
                        "coordinates": [
                            49.2460517,
                            55.7938284
                        ]
                    },
                    "properties": {
                        "createdDate": 1703515922188,
                        "bearing": 0.0,
                        "velocity": 0.033038441091775894
                    }
                },
                {
                    "type": "Feature",
                    "geometry": {
                        "type": "Point",
                        "coordinates": [
                            49.2460582,
                            55.7938313
                        ]
                    },
                    "properties": {
                        "createdDate": 1703515927196,
                        "bearing": 0.0,
                        "velocity": 0.07291597872972488
                    }
                },
                {
                    "type": "Feature",
                    "geometry": {
                        "type": "Point",
                        "coordinates": [
                            49.2460556,
                            55.7938324
                        ]
                    },
                    "properties": {
                        "createdDate": 1703515932204,
                        "bearing": 0.0,
                        "velocity": 0.035297296941280365
                    }
                },
                {
                    "type": "Feature",
                    "geometry": {
                        "type": "Point",
                        "coordinates": [
                            49.2460555,
                            55.7938283
                        ]
                    },
                    "properties": {
                        "createdDate": 1703515937213,
                        "bearing": 0.0,
                        "velocity": 0.04347730427980423
                    }
                },
                {
                    "type": "Feature",
                    "geometry": {
                        "type": "Point",
                        "coordinates": [
                            49.2460555,
                            55.7938263
                        ]
                    },
                    "properties": {
                        "createdDate": 1703515942232,
                        "bearing": 0.0,
                        "velocity": 0.044192470610141754
                    }
                },
                {
                    "type": "Feature",
                    "geometry": {
                        "type": "Point",
                        "coordinates": [
                            49.2460532,
                            55.7938263
                        ]
                    },
                    "properties": {
                        "createdDate": 1703515947239,
                        "bearing": 0.0,
                        "velocity": 0.024204028770327568
                    }
                },
                {
                    "type": "Feature",
                    "geometry": {
                        "type": "Point",
                        "coordinates": [
                            49.2460815,
                            55.7938284
                        ]
                    },
                    "properties": {
                        "createdDate": 1703515952246,
                        "bearing": 84.02444458007812,
                        "velocity": 0.2138717621564865
                    }
                },
                {
                    "type": "Feature",
                    "geometry": {
                        "type": "Point",
                        "coordinates": [
                            49.2460762,
                            55.7938357
                        ]
                    },
                    "properties": {
                        "createdDate": 1703515957254,
                        "bearing": 20.89348030090332,
                        "velocity": 0.11634348332881927
                    }
                },
                {
                    "type": "Feature",
                    "geometry": {
                        "type": "Point",
                        "coordinates": [
                            49.2460592,
                            55.7938337
                        ]
                    },
                    "properties": {
                        "createdDate": 1703515962260,
                        "bearing": 276.9002380371094,
                        "velocity": 0.11687222123146057
                    }
                },
                {
                    "type": "Feature",
                    "geometry": {
                        "type": "Point",
                        "coordinates": [
                            49.2460546,
                            55.7938329
                        ]
                    },
                    "properties": {
                        "createdDate": 1703515967269,
                        "bearing": 0.0,
                        "velocity": 0.08017166703939438
                    }
                },
                {
                    "type": "Feature",
                    "geometry": {
                        "type": "Point",
                        "coordinates": [
                            49.2460616,
                            55.7938311
                        ]
                    },
                    "properties": {
                        "createdDate": 1703515972274,
                        "bearing": 0.0,
                        "velocity": 0.03450022265315056
                    }
                },
                {
                    "type": "Feature",
                    "geometry": {
                        "type": "Point",
                        "coordinates": [
                            49.2460579,
                            55.7938278
                        ]
                    },
                    "properties": {
                        "createdDate": 1703515977277,
                        "bearing": 0.0,
                        "velocity": 0.05931764841079712
                    }
                },
                {
                    "type": "Feature",
                    "geometry": {
                        "type": "Point",
                        "coordinates": [
                            49.2460561,
                            55.7938276
                        ]
                    },
                    "properties": {
                        "createdDate": 1703515982284,
                        "bearing": 0.0,
                        "velocity": 0.03270728141069412
                    }
                },
                {
                    "type": "Feature",
                    "geometry": {
                        "type": "Point",
                        "coordinates": [
                            49.2460739,
                            55.7938327
                        ]
                    },
                    "properties": {
                        "createdDate": 1703515987296,
                        "bearing": 64.60982513427734,
                        "velocity": 0.14223022758960724
                    }
                },
                {
                    "type": "Feature",
                    "geometry": {
                        "type": "Point",
                        "coordinates": [
                            49.2460641,
                            55.7938318
                        ]
                    },
                    "properties": {
                        "createdDate": 1703515992317,
                        "bearing": 0.0,
                        "velocity": 0.02903045527637005
                    }
                },
                {
                    "type": "Feature",
                    "geometry": {
                        "type": "Point",
                        "coordinates": [
                            49.2460606,
                            55.7938297
                        ]
                    },
                    "properties": {
                        "createdDate": 1703515997322,
                        "bearing": 0.0,
                        "velocity": 0.04626794531941414
                    }
                },
                {
                    "type": "Feature",
                    "geometry": {
                        "type": "Point",
                        "coordinates": [
                            49.2460661,
                            55.793834
                        ]
                    },
                    "properties": {
                        "createdDate": 1703516002329,
                        "bearing": 0.0,
                        "velocity": 0.05680868774652481
                    }
                },
                {
                    "type": "Feature",
                    "geometry": {
                        "type": "Point",
                        "coordinates": [
                            49.2460678,
                            55.7938306
                        ]
                    },
                    "properties": {
                        "createdDate": 1703516007337,
                        "bearing": 0.0,
                        "velocity": 0.03708570823073387
                    }
                },
                {
                    "type": "Feature",
                    "geometry": {
                        "type": "Point",
                        "coordinates": [
                            49.2460671,
                            55.7938288
                        ]
                    },
                    "properties": {
                        "createdDate": 1703516012341,
                        "bearing": 0.0,
                        "velocity": 0.035193972289562225
                    }
                },
                {
                    "type": "Feature",
                    "geometry": {
                        "type": "Point",
                        "coordinates": [
                            49.24607,
                            55.7938287
                        ]
                    },
                    "properties": {
                        "createdDate": 1703516017349,
                        "bearing": 0.0,
                        "velocity": 0.02822135016322136
                    }
                },
                {
                    "type": "Feature",
                    "geometry": {
                        "type": "Point",
                        "coordinates": [
                            49.2460711,
                            55.7938275
                        ]
                    },
                    "properties": {
                        "createdDate": 1703516022355,
                        "bearing": 0.0,
                        "velocity": 0.02925502508878708
                    }
                },
                {
                    "type": "Feature",
                    "geometry": {
                        "type": "Point",
                        "coordinates": [
                            49.2460581,
                            55.7938271
                        ]
                    },
                    "properties": {
                        "createdDate": 1703516027363,
                        "bearing": 0.0,
                        "velocity": 0.09394928067922592
                    }
                },
                {
                    "type": "Feature",
                    "geometry": {
                        "type": "Point",
                        "coordinates": [
                            49.2460463,
                            55.7938285
                        ]
                    },
                    "properties": {
                        "createdDate": 1703516032369,
                        "bearing": 276.6058044433594,
                        "velocity": 0.12583917379379272
                    }
                },
                {
                    "type": "Feature",
                    "geometry": {
                        "type": "Point",
                        "coordinates": [
                            49.2460463,
                            55.793831
                        ]
                    },
                    "properties": {
                        "createdDate": 1703516037377,
                        "bearing": 0.0,
                        "velocity": 0.06233515217900276
                    }
                },
                {
                    "type": "Feature",
                    "geometry": {
                        "type": "Point",
                        "coordinates": [
                            49.2460383,
                            55.793828
                        ]
                    },
                    "properties": {
                        "createdDate": 1703516042380,
                        "bearing": 0.0,
                        "velocity": 0.08226481825113297
                    }
                },
                {
                    "type": "Feature",
                    "geometry": {
                        "type": "Point",
                        "coordinates": [
                            49.2460539,
                            55.793835
                        ]
                    },
                    "properties": {
                        "createdDate": 1703516047392,
                        "bearing": 46.366390228271484,
                        "velocity": 0.13001680374145508
                    }
                },
                {
                    "type": "Feature",
                    "geometry": {
                        "type": "Point",
                        "coordinates": [
                            49.2460808,
                            55.7938403
                        ]
                    },
                    "properties": {
                        "createdDate": 1703516052411,
                        "bearing": 66.52127075195312,
                        "velocity": 0.27133065462112427
                    }
                },
                {
                    "type": "Feature",
                    "geometry": {
                        "type": "Point",
                        "coordinates": [
                            49.246055,
                            55.7938323
                        ]
                    },
                    "properties": {
                        "createdDate": 1703516057418,
                        "bearing": 235.73623657226562,
                        "velocity": 0.10874195396900177
                    }
                },
                {
                    "type": "Feature",
                    "geometry": {
                        "type": "Point",
                        "coordinates": [
                            49.2460571,
                            55.7938319
                        ]
                    },
                    "properties": {
                        "createdDate": 1703516062424,
                        "bearing": 0.0,
                        "velocity": 0.0329069085419178
                    }
                },
                {
                    "type": "Feature",
                    "geometry": {
                        "type": "Point",
                        "coordinates": [
                            49.2460441,
                            55.7938248
                        ]
                    },
                    "properties": {
                        "createdDate": 1703516067432,
                        "bearing": 224.675537109375,
                        "velocity": 0.15189267694950104
                    }
                },
                {
                    "type": "Feature",
                    "geometry": {
                        "type": "Point",
                        "coordinates": [
                            49.2460479,
                            55.7938283
                        ]
                    },
                    "properties": {
                        "createdDate": 1703516072438,
                        "bearing": 0.0,
                        "velocity": 0.013067827560007572
                    }
                },
                {
                    "type": "Feature",
                    "geometry": {
                        "type": "Point",
                        "coordinates": [
                            49.2460615,
                            55.7938352
                        ]
                    },
                    "properties": {
                        "createdDate": 1703516077444,
                        "bearing": 46.24715805053711,
                        "velocity": 0.1410861313343048
                    }
                },
                {
                    "type": "Feature",
                    "geometry": {
                        "type": "Point",
                        "coordinates": [
                            49.2460634,
                            55.7938342
                        ]
                    },
                    "properties": {
                        "createdDate": 1703516082450,
                        "bearing": 0.0,
                        "velocity": 0.05821051821112633
                    }
                },
                {
                    "type": "Feature",
                    "geometry": {
                        "type": "Point",
                        "coordinates": [
                            49.2460535,
                            55.7938315
                        ]
                    },
                    "properties": {
                        "createdDate": 1703516087461,
                        "bearing": 0.0,
                        "velocity": 0.0638207197189331
                    }
                },
                {
                    "type": "Feature",
                    "geometry": {
                        "type": "Point",
                        "coordinates": [
                            49.2460566,
                            55.7938305
                        ]
                    },
                    "properties": {
                        "createdDate": 1703516092466,
                        "bearing": 0.0,
                        "velocity": 0.024627171456813812
                    }
                }
            ]
        }
    },
    {
        "uuid": "e68a5676-9a64-4081-89ab-ff2f28899b01",
        "videoId": "1703515496512",
        "filePath": "/vs_data/citysoft-dev/video/2023/12/25/5b8b176f019ea18e/1703514900141/1703515496512/1703515496512.mp4",
        "sessionId": "1703514900141",
        "deviceId": "5b8b176f019ea18e",
        "descriptions": {
            "onDevice": "VladTest",
            "onServer": "VladTest"
        },
        "numbers": {
            "onDevice": "VladTest",
            "onServer": "VladTest"
        },
        "processingStatus": "NEW",
        "operatorId": null,
        "creationDate": "2023-12-25T14:44:56.512Z",
        "processedDate": null,
        "homographyId": null,
        "mergedPartsCount": 300,
        "fps": 0,
        "size": 61543907,
        "resolution": null,
        "errorReason": null,
        "errorModule": null,
        "errorMessage": null,
        "geoJSON": {
            "type": "FeatureCollection",
            "features": [
                {
                    "type": "Feature",
                    "geometry": {
                        "type": "Point",
                        "coordinates": [
                            49.246082,
                            55.7938291
                        ]
                    },
                    "properties": {
                        "createdDate": 1703515496512,
                        "bearing": 0.0,
                        "velocity": 0.02895045280456543
                    }
                },
                {
                    "type": "Feature",
                    "geometry": {
                        "type": "Point",
                        "coordinates": [
                            49.2460735,
                            55.7938262
                        ]
                    },
                    "properties": {
                        "createdDate": 1703515501521,
                        "bearing": 0.0,
                        "velocity": 0.06458155065774918
                    }
                },
                {
                    "type": "Feature",
                    "geometry": {
                        "type": "Point",
                        "coordinates": [
                            49.2460792,
                            55.7938447
                        ]
                    },
                    "properties": {
                        "createdDate": 1703515506541,
                        "bearing": 5.252308368682861,
                        "velocity": 0.23714005947113037
                    }
                },
                {
                    "type": "Feature",
                    "geometry": {
                        "type": "Point",
                        "coordinates": [
                            49.2460717,
                            55.7938415
                        ]
                    },
                    "properties": {
                        "createdDate": 1703515511531,
                        "bearing": 0.0,
                        "velocity": 0.06941656768321991
                    }
                },
                {
                    "type": "Feature",
                    "geometry": {
                        "type": "Point",
                        "coordinates": [
                            49.246082,
                            55.7938322
                        ]
                    },
                    "properties": {
                        "createdDate": 1703515516555,
                        "bearing": 150.97732543945312,
                        "velocity": 0.12375710904598236
                    }
                },
                {
                    "type": "Feature",
                    "geometry": {
                        "type": "Point",
                        "coordinates": [
                            49.2460763,
                            55.7938316
                        ]
                    },
                    "properties": {
                        "createdDate": 1703515521562,
                        "bearing": 0.0,
                        "velocity": 0.05427156016230583
                    }
                },
                {
                    "type": "Feature",
                    "geometry": {
                        "type": "Point",
                        "coordinates": [
                            49.2460663,
                            55.7938351
                        ]
                    },
                    "properties": {
                        "createdDate": 1703515526554,
                        "bearing": 0.0,
                        "velocity": 0.08716586232185364
                    }
                },
                {
                    "type": "Feature",
                    "geometry": {
                        "type": "Point",
                        "coordinates": [
                            49.2460733,
                            55.793835
                        ]
                    },
                    "properties": {
                        "createdDate": 1703515531562,
                        "bearing": 0.0,
                        "velocity": 0.024132616817951202
                    }
                },
                {
                    "type": "Feature",
                    "geometry": {
                        "type": "Point",
                        "coordinates": [
                            49.2460674,
                            55.7938331
                        ]
                    },
                    "properties": {
                        "createdDate": 1703515536582,
                        "bearing": 0.0,
                        "velocity": 0.04237339645624161
                    }
                },
                {
                    "type": "Feature",
                    "geometry": {
                        "type": "Point",
                        "coordinates": [
                            49.2460559,
                            55.793837
                        ]
                    },
                    "properties": {
                        "createdDate": 1703515541589,
                        "bearing": 293.5076599121094,
                        "velocity": 0.11142343282699585
                    }
                },
                {
                    "type": "Feature",
                    "geometry": {
                        "type": "Point",
                        "coordinates": [
                            49.2460701,
                            55.7938283
                        ]
                    },
                    "properties": {
                        "createdDate": 1703515546595,
                        "bearing": 145.54310607910156,
                        "velocity": 0.1242690160870552
                    }
                },
                {
                    "type": "Feature",
                    "geometry": {
                        "type": "Point",
                        "coordinates": [
                            49.2460755,
                            55.7938261
                        ]
                    },
                    "properties": {
                        "createdDate": 1703515551603,
                        "bearing": 0.0,
                        "velocity": 0.09758978337049484
                    }
                },
                {
                    "type": "Feature",
                    "geometry": {
                        "type": "Point",
                        "coordinates": [
                            49.2460754,
                            55.7938328
                        ]
                    },
                    "properties": {
                        "createdDate": 1703515556609,
                        "bearing": 0.0,
                        "velocity": 0.07060376554727554
                    }
                },
                {
                    "type": "Feature",
                    "geometry": {
                        "type": "Point",
                        "coordinates": [
                            49.2460718,
                            55.7938309
                        ]
                    },
                    "properties": {
                        "createdDate": 1703515561616,
                        "bearing": 0.0,
                        "velocity": 0.018472569063305855
                    }
                },
                {
                    "type": "Feature",
                    "geometry": {
                        "type": "Point",
                        "coordinates": [
                            49.2460625,
                            55.7938311
                        ]
                    },
                    "properties": {
                        "createdDate": 1703515566625,
                        "bearing": 0.0,
                        "velocity": 0.08021903783082962
                    }
                },
                {
                    "type": "Feature",
                    "geometry": {
                        "type": "Point",
                        "coordinates": [
                            49.2460487,
                            55.7938285
                        ]
                    },
                    "properties": {
                        "createdDate": 1703515571644,
                        "bearing": 255.4097900390625,
                        "velocity": 0.14154747128486633
                    }
                },
                {
                    "type": "Feature",
                    "geometry": {
                        "type": "Point",
                        "coordinates": [
                            49.2460381,
                            55.7938271
                        ]
                    },
                    "properties": {
                        "createdDate": 1703515576638,
                        "bearing": 256.62506103515625,
                        "velocity": 0.1373642086982727
                    }
                },
                {
                    "type": "Feature",
                    "geometry": {
                        "type": "Point",
                        "coordinates": [
                            49.2460354,
                            55.7938284
                        ]
                    },
                    "properties": {
                        "createdDate": 1703515581657,
                        "bearing": 0.0,
                        "velocity": 0.07151323556900024
                    }
                },
                {
                    "type": "Feature",
                    "geometry": {
                        "type": "Point",
                        "coordinates": [
                            49.2460224,
                            55.7938223
                        ]
                    },
                    "properties": {
                        "createdDate": 1703515586650,
                        "bearing": 237.12510681152344,
                        "velocity": 0.15176071226596832
                    }
                },
                {
                    "type": "Feature",
                    "geometry": {
                        "type": "Point",
                        "coordinates": [
                            49.2460304,
                            55.793822
                        ]
                    },
                    "properties": {
                        "createdDate": 1703515591670,
                        "bearing": 0.0,
                        "velocity": 0.04193240776658058
                    }
                },
                {
                    "type": "Feature",
                    "geometry": {
                        "type": "Point",
                        "coordinates": [
                            49.246043,
                            55.7938247
                        ]
                    },
                    "properties": {
                        "createdDate": 1703515596677,
                        "bearing": 0.0,
                        "velocity": 0.07823214679956436
                    }
                },
                {
                    "type": "Feature",
                    "geometry": {
                        "type": "Point",
                        "coordinates": [
                            49.2460551,
                            55.7938257
                        ]
                    },
                    "properties": {
                        "createdDate": 1703515601684,
                        "bearing": 82.0893325805664,
                        "velocity": 0.12297631055116653
                    }
                },
                {
                    "type": "Feature",
                    "geometry": {
                        "type": "Point",
                        "coordinates": [
                            49.2460459,
                            55.7938251
                        ]
                    },
                    "properties": {
                        "createdDate": 1703515606693,
                        "bearing": 0.0,
                        "velocity": 0.025770902633666992
                    }
                },
                {
                    "type": "Feature",
                    "geometry": {
                        "type": "Point",
                        "coordinates": [
                            49.2460485,
                            55.793824
                        ]
                    },
                    "properties": {
                        "createdDate": 1703515611697,
                        "bearing": 0.0,
                        "velocity": 0.01824907772243023
                    }
                },
                {
                    "type": "Feature",
                    "geometry": {
                        "type": "Point",
                        "coordinates": [
                            49.2460492,
                            55.7938252
                        ]
                    },
                    "properties": {
                        "createdDate": 1703515616705,
                        "bearing": 0.0,
                        "velocity": 0.014090110547840595
                    }
                },
                {
                    "type": "Feature",
                    "geometry": {
                        "type": "Point",
                        "coordinates": [
                            49.2460511,
                            55.7938282
                        ]
                    },
                    "properties": {
                        "createdDate": 1703515621710,
                        "bearing": 0.0,
                        "velocity": 0.04866596311330795
                    }
                },
                {
                    "type": "Feature",
                    "geometry": {
                        "type": "Point",
                        "coordinates": [
                            49.2460601,
                            55.7938262
                        ]
                    },
                    "properties": {
                        "createdDate": 1703515626718,
                        "bearing": 0.0,
                        "velocity": 0.07731030136346817
                    }
                },
                {
                    "type": "Feature",
                    "geometry": {
                        "type": "Point",
                        "coordinates": [
                            49.2460584,
                            55.7938288
                        ]
                    },
                    "properties": {
                        "createdDate": 1703515631740,
                        "bearing": 0.0,
                        "velocity": 0.03578415885567665
                    }
                },
                {
                    "type": "Feature",
                    "geometry": {
                        "type": "Point",
                        "coordinates": [
                            49.246061,
                            55.7938274
                        ]
                    },
                    "properties": {
                        "createdDate": 1703515636748,
                        "bearing": 0.0,
                        "velocity": 0.02697363682091236
                    }
                },
                {
                    "type": "Feature",
                    "geometry": {
                        "type": "Point",
                        "coordinates": [
                            49.2460595,
                            55.7938245
                        ]
                    },
                    "properties": {
                        "createdDate": 1703515641753,
                        "bearing": 0.0,
                        "velocity": 0.04096914827823639
                    }
                },
                {
                    "type": "Feature",
                    "geometry": {
                        "type": "Point",
                        "coordinates": [
                            49.2460442,
                            55.7938235
                        ]
                    },
                    "properties": {
                        "createdDate": 1703515646760,
                        "bearing": 255.76611328125,
                        "velocity": 0.12173650413751602
                    }
                },
                {
                    "type": "Feature",
                    "geometry": {
                        "type": "Point",
                        "coordinates": [
                            49.2460474,
                            55.7938272
                        ]
                    },
                    "properties": {
                        "createdDate": 1703515651767,
                        "bearing": 0.0,
                        "velocity": 0.04419645667076111
                    }
                },
                {
                    "type": "Feature",
                    "geometry": {
                        "type": "Point",
                        "coordinates": [
                            49.246058,
                            55.7938299
                        ]
                    },
                    "properties": {
                        "createdDate": 1703515656773,
                        "bearing": 0.0,
                        "velocity": 0.08678115159273148
                    }
                },
                {
                    "type": "Feature",
                    "geometry": {
                        "type": "Point",
                        "coordinates": [
                            49.2460548,
                            55.7938279
                        ]
                    },
                    "properties": {
                        "createdDate": 1703515661781,
                        "bearing": 0.0,
                        "velocity": 0.010348901152610779
                    }
                },
                {
                    "type": "Feature",
                    "geometry": {
                        "type": "Point",
                        "coordinates": [
                            49.2460584,
                            55.793828
                        ]
                    },
                    "properties": {
                        "createdDate": 1703515666786,
                        "bearing": 0.0,
                        "velocity": 0.028204133734107018
                    }
                },
                {
                    "type": "Feature",
                    "geometry": {
                        "type": "Point",
                        "coordinates": [
                            49.2460589,
                            55.7938267
                        ]
                    },
                    "properties": {
                        "createdDate": 1703515671794,
                        "bearing": 0.0,
                        "velocity": 0.02366877906024456
                    }
                },
                {
                    "type": "Feature",
                    "geometry": {
                        "type": "Point",
                        "coordinates": [
                            49.2460414,
                            55.7938225
                        ]
                    },
                    "properties": {
                        "createdDate": 1703515676802,
                        "bearing": 243.74942016601562,
                        "velocity": 0.14518003165721893
                    }
                },
                {
                    "type": "Feature",
                    "geometry": {
                        "type": "Point",
                        "coordinates": [
                            49.2460709,
                            55.7938311
                        ]
                    },
                    "properties": {
                        "createdDate": 1703515681811,
                        "bearing": 62.342185974121094,
                        "velocity": 0.15660712122917175
                    }
                },
                {
                    "type": "Feature",
                    "geometry": {
                        "type": "Point",
                        "coordinates": [
                            49.2460765,
                            55.7938344
                        ]
                    },
                    "properties": {
                        "createdDate": 1703515686830,
                        "bearing": 53.046749114990234,
                        "velocity": 0.12083219736814499
                    }
                },
                {
                    "type": "Feature",
                    "geometry": {
                        "type": "Point",
                        "coordinates": [
                            49.2460782,
                            55.7938335
                        ]
                    },
                    "properties": {
                        "createdDate": 1703515691836,
                        "bearing": 0.0,
                        "velocity": 0.05133642628788948
                    }
                },
                {
                    "type": "Feature",
                    "geometry": {
                        "type": "Point",
                        "coordinates": [
                            49.2460698,
                            55.7938322
                        ]
                    },
                    "properties": {
                        "createdDate": 1703515696842,
                        "bearing": 0.0,
                        "velocity": 0.04817298799753189
                    }
                },
                {
                    "type": "Feature",
                    "geometry": {
                        "type": "Point",
                        "coordinates": [
                            49.2460641,
                            55.7938319
                        ]
                    },
                    "properties": {
                        "createdDate": 1703515701849,
                        "bearing": 0.0,
                        "velocity": 0.062233664095401764
                    }
                },
                {
                    "type": "Feature",
                    "geometry": {
                        "type": "Point",
                        "coordinates": [
                            49.2460469,
                            55.7938281
                        ]
                    },
                    "properties": {
                        "createdDate": 1703515706856,
                        "bearing": 250.4375762939453,
                        "velocity": 0.16609850525856018
                    }
                },
                {
                    "type": "Feature",
                    "geometry": {
                        "type": "Point",
                        "coordinates": [
                            49.2460513,
                            55.7938275
                        ]
                    },
                    "properties": {
                        "createdDate": 1703515711862,
                        "bearing": 0.0,
                        "velocity": 0.037789810448884964
                    }
                },
                {
                    "type": "Feature",
                    "geometry": {
                        "type": "Point",
                        "coordinates": [
                            49.2460401,
                            55.7938265
                        ]
                    },
                    "properties": {
                        "createdDate": 1703515716870,
                        "bearing": 0.0,
                        "velocity": 0.09787336736917496
                    }
                },
                {
                    "type": "Feature",
                    "geometry": {
                        "type": "Point",
                        "coordinates": [
                            49.2460428,
                            55.7938257
                        ]
                    },
                    "properties": {
                        "createdDate": 1703515721876,
                        "bearing": 0.0,
                        "velocity": 0.03339216113090515
                    }
                },
                {
                    "type": "Feature",
                    "geometry": {
                        "type": "Point",
                        "coordinates": [
                            49.2460653,
                            55.7938269
                        ]
                    },
                    "properties": {
                        "createdDate": 1703515726883,
                        "bearing": 87.43790435791016,
                        "velocity": 0.16087524592876434
                    }
                },
                {
                    "type": "Feature",
                    "geometry": {
                        "type": "Point",
                        "coordinates": [
                            49.2460526,
                            55.7938252
                        ]
                    },
                    "properties": {
                        "createdDate": 1703515731890,
                        "bearing": 0.0,
                        "velocity": 0.04038845747709274
                    }
                },
                {
                    "type": "Feature",
                    "geometry": {
                        "type": "Point",
                        "coordinates": [
                            49.2460591,
                            55.7938292
                        ]
                    },
                    "properties": {
                        "createdDate": 1703515736895,
                        "bearing": 0.0,
                        "velocity": 0.04686553031206131
                    }
                },
                {
                    "type": "Feature",
                    "geometry": {
                        "type": "Point",
                        "coordinates": [
                            49.2460515,
                            55.793821
                        ]
                    },
                    "properties": {
                        "createdDate": 1703515741905,
                        "bearing": 206.0641632080078,
                        "velocity": 0.1081218495965004
                    }
                },
                {
                    "type": "Feature",
                    "geometry": {
                        "type": "Point",
                        "coordinates": [
                            49.2460579,
                            55.7938252
                        ]
                    },
                    "properties": {
                        "createdDate": 1703515746912,
                        "bearing": 0.0,
                        "velocity": 0.019911080598831177
                    }
                },
                {
                    "type": "Feature",
                    "geometry": {
                        "type": "Point",
                        "coordinates": [
                            49.246067,
                            55.7938295
                        ]
                    },
                    "properties": {
                        "createdDate": 1703515751933,
                        "bearing": 0.0,
                        "velocity": 0.09915415197610855
                    }
                },
                {
                    "type": "Feature",
                    "geometry": {
                        "type": "Point",
                        "coordinates": [
                            49.2460607,
                            55.7938331
                        ]
                    },
                    "properties": {
                        "createdDate": 1703515756938,
                        "bearing": 0.0,
                        "velocity": 0.0755273625254631
                    }
                },
                {
                    "type": "Feature",
                    "geometry": {
                        "type": "Point",
                        "coordinates": [
                            49.2460681,
                            55.7938285
                        ]
                    },
                    "properties": {
                        "createdDate": 1703515761945,
                        "bearing": 0.0,
                        "velocity": 0.06193775683641434
                    }
                },
                {
                    "type": "Feature",
                    "geometry": {
                        "type": "Point",
                        "coordinates": [
                            49.2460656,
                            55.793831
                        ]
                    },
                    "properties": {
                        "createdDate": 1703515766951,
                        "bearing": 0.0,
                        "velocity": 0.02103319764137268
                    }
                },
                {
                    "type": "Feature",
                    "geometry": {
                        "type": "Point",
                        "coordinates": [
                            49.2460626,
                            55.7938302
                        ]
                    },
                    "properties": {
                        "createdDate": 1703515771958,
                        "bearing": 0.0,
                        "velocity": 0.02413829229772091
                    }
                },
                {
                    "type": "Feature",
                    "geometry": {
                        "type": "Point",
                        "coordinates": [
                            49.2460495,
                            55.7938295
                        ]
                    },
                    "properties": {
                        "createdDate": 1703515776965,
                        "bearing": 264.4757385253906,
                        "velocity": 0.11163567751646042
                    }
                },
                {
                    "type": "Feature",
                    "geometry": {
                        "type": "Point",
                        "coordinates": [
                            49.2460451,
                            55.7938288
                        ]
                    },
                    "properties": {
                        "createdDate": 1703515781972,
                        "bearing": 0.0,
                        "velocity": 0.07735911011695862
                    }
                },
                {
                    "type": "Feature",
                    "geometry": {
                        "type": "Point",
                        "coordinates": [
                            49.2460562,
                            55.7938331
                        ]
                    },
                    "properties": {
                        "createdDate": 1703515786978,
                        "bearing": 0.0,
                        "velocity": 0.08031637221574783
                    }
                },
                {
                    "type": "Feature",
                    "geometry": {
                        "type": "Point",
                        "coordinates": [
                            49.2460603,
                            55.7938306
                        ]
                    },
                    "properties": {
                        "createdDate": 1703515791985,
                        "bearing": 0.0,
                        "velocity": 0.05574536696076393
                    }
                }
            ]
        }
    },
    {
        "uuid": "47a997d8-7ddc-48b6-8d7d-6ce06b2adbf5",
        "videoId": "1703515192021",
        "filePath": "/vs_data/citysoft-dev/video/2023/12/25/5b8b176f019ea18e/1703514900141/1703515192021/1703515192021.mp4",
        "sessionId": "1703514900141",
        "deviceId": "5b8b176f019ea18e",
        "descriptions": {
            "onDevice": "VladTest",
            "onServer": "VladTest"
        },
        "numbers": {
            "onDevice": "VladTest",
            "onServer": "VladTest"
        },
        "processingStatus": "NEW",
        "operatorId": null,
        "creationDate": "2023-12-25T14:39:52.021Z",
        "processedDate": null,
        "homographyId": null,
        "mergedPartsCount": 304,
        "fps": 0,
        "size": 59272404,
        "resolution": null,
        "errorReason": null,
        "errorModule": null,
        "errorMessage": null,
        "geoJSON": {
            "type": "FeatureCollection",
            "features": [
                {
                    "type": "Feature",
                    "geometry": {
                        "type": "Point",
                        "coordinates": [
                            49.2453905,
                            55.793244
                        ]
                    },
                    "properties": {
                        "createdDate": 1703515192021,
                        "bearing": 180.0,
                        "velocity": 0.49994710087776184
                    }
                },
                {
                    "type": "Feature",
                    "geometry": {
                        "type": "Point",
                        "coordinates": [
                            49.2453437,
                            55.7932403
                        ]
                    },
                    "properties": {
                        "createdDate": 1703515193026,
                        "bearing": 180.0000762939453,
                        "velocity": 0.3459998667240143
                    }
                },
                {
                    "type": "Feature",
                    "geometry": {
                        "type": "Point",
                        "coordinates": [
                            49.2453249,
                            55.7932456
                        ]
                    },
                    "properties": {
                        "createdDate": 1703515194034,
                        "bearing": 180.0,
                        "velocity": 0.14957460761070251
                    }
                },
                {
                    "type": "Feature",
                    "geometry": {
                        "type": "Point",
                        "coordinates": [
                            49.2453175,
                            55.793253
                        ]
                    },
                    "properties": {
                        "createdDate": 1703515195027,
                        "bearing": 0.0,
                        "velocity": 0.006473859306424856
                    }
                },
                {
                    "type": "Feature",
                    "geometry": {
                        "type": "Point",
                        "coordinates": [
                            49.2453167,
                            55.7932611
                        ]
                    },
                    "properties": {
                        "createdDate": 1703515196036,
                        "bearing": 0.0,
                        "velocity": 0.09041991084814072
                    }
                },
                {
                    "type": "Feature",
                    "geometry": {
                        "type": "Point",
                        "coordinates": [
                            49.2453263,
                            55.7932709
                        ]
                    },
                    "properties": {
                        "createdDate": 1703515197029,
                        "bearing": 9.970148040494564E-10,
                        "velocity": 0.17042434215545654
                    }
                },
                {
                    "type": "Feature",
                    "geometry": {
                        "type": "Point",
                        "coordinates": [
                            49.2453382,
                            55.7932817
                        ]
                    },
                    "properties": {
                        "createdDate": 1703515198035,
                        "bearing": 9.43988665014217E-10,
                        "velocity": 0.2322547435760498
                    }
                },
                {
                    "type": "Feature",
                    "geometry": {
                        "type": "Point",
                        "coordinates": [
                            49.2453515,
                            55.7932943
                        ]
                    },
                    "properties": {
                        "createdDate": 1703515199041,
                        "bearing": 7.233344478940751E-10,
                        "velocity": 0.2922056317329407
                    }
                },
                {
                    "type": "Feature",
                    "geometry": {
                        "type": "Point",
                        "coordinates": [
                            49.2453584,
                            55.7933002
                        ]
                    },
                    "properties": {
                        "createdDate": 1703515200032,
                        "bearing": 4.680758558528453E-10,
                        "velocity": 0.251471608877182
                    }
                },
                {
                    "type": "Feature",
                    "geometry": {
                        "type": "Point",
                        "coordinates": [
                            49.2453605,
                            55.793301
                        ]
                    },
                    "properties": {
                        "createdDate": 1703515201040,
                        "bearing": 2.5317214991105175E-10,
                        "velocity": 0.16677451133728027
                    }
                },
                {
                    "type": "Feature",
                    "geometry": {
                        "type": "Point",
                        "coordinates": [
                            49.2453567,
                            55.7933006
                        ]
                    },
                    "properties": {
                        "createdDate": 1703515202048,
                        "bearing": 0.0,
                        "velocity": 0.09901370853185654
                    }
                },
                {
                    "type": "Feature",
                    "geometry": {
                        "type": "Point",
                        "coordinates": [
                            49.2453489,
                            55.7932988
                        ]
                    },
                    "properties": {
                        "createdDate": 1703515203039,
                        "bearing": 0.0,
                        "velocity": 0.04078194126486778
                    }
                },
                {
                    "type": "Feature",
                    "geometry": {
                        "type": "Point",
                        "coordinates": [
                            49.2453414,
                            55.7932968
                        ]
                    },
                    "properties": {
                        "createdDate": 1703515204047,
                        "bearing": 0.0,
                        "velocity": 0.002597046783193946
                    }
                },
                {
                    "type": "Feature",
                    "geometry": {
                        "type": "Point",
                        "coordinates": [
                            49.2453343,
                            55.7932955
                        ]
                    },
                    "properties": {
                        "createdDate": 1703515205040,
                        "bearing": 0.0,
                        "velocity": 0.014518204145133495
                    }
                },
                {
                    "type": "Feature",
                    "geometry": {
                        "type": "Point",
                        "coordinates": [
                            49.2453279,
                            55.793294
                        ]
                    },
                    "properties": {
                        "createdDate": 1703515206047,
                        "bearing": 0.0,
                        "velocity": 0.027302410453557968
                    }
                },
                {
                    "type": "Feature",
                    "geometry": {
                        "type": "Point",
                        "coordinates": [
                            49.2453189,
                            55.7932917
                        ]
                    },
                    "properties": {
                        "createdDate": 1703515207054,
                        "bearing": 0.0,
                        "velocity": 0.045010603964328766
                    }
                },
                {
                    "type": "Feature",
                    "geometry": {
                        "type": "Point",
                        "coordinates": [
                            49.2453062,
                            55.7932915
                        ]
                    },
                    "properties": {
                        "createdDate": 1703515208046,
                        "bearing": 0.0,
                        "velocity": 0.03129700571298599
                    }
                },
                {
                    "type": "Feature",
                    "geometry": {
                        "type": "Point",
                        "coordinates": [
                            49.2452913,
                            55.7932934
                        ]
                    },
                    "properties": {
                        "createdDate": 1703515209054,
                        "bearing": 0.0,
                        "velocity": 0.003029758110642433
                    }
                },
                {
                    "type": "Feature",
                    "geometry": {
                        "type": "Point",
                        "coordinates": [
                            49.2452778,
                            55.7932959
                        ]
                    },
                    "properties": {
                        "createdDate": 1703515210050,
                        "bearing": 0.0,
                        "velocity": 0.034034211188554764
                    }
                },
                {
                    "type": "Feature",
                    "geometry": {
                        "type": "Point",
                        "coordinates": [
                            49.2452648,
                            55.7932983
                        ]
                    },
                    "properties": {
                        "createdDate": 1703515211054,
                        "bearing": 0.0,
                        "velocity": 0.051329825073480606
                    }
                },
                {
                    "type": "Feature",
                    "geometry": {
                        "type": "Point",
                        "coordinates": [
                            49.245252,
                            55.793301
                        ]
                    },
                    "properties": {
                        "createdDate": 1703515212047,
                        "bearing": 0.0,
                        "velocity": 0.06749280542135239
                    }
                },
                {
                    "type": "Feature",
                    "geometry": {
                        "type": "Point",
                        "coordinates": [
                            49.2452384,
                            55.793304
                        ]
                    },
                    "properties": {
                        "createdDate": 1703515213055,
                        "bearing": 0.0,
                        "velocity": 0.08146775513887405
                    }
                },
                {
                    "type": "Feature",
                    "geometry": {
                        "type": "Point",
                        "coordinates": [
                            49.24605,
                            55.7938293
                        ]
                    },
                    "properties": {
                        "createdDate": 1703515230073,
                        "bearing": 0.0,
                        "velocity": 0.0
                    }
                },
                {
                    "type": "Feature",
                    "geometry": {
                        "type": "Point",
                        "coordinates": [
                            49.2461192,
                            55.7938534
                        ]
                    },
                    "properties": {
                        "createdDate": 1703515235096,
                        "bearing": 58.2625617980957,
                        "velocity": 0.7834421992301941
                    }
                },
                {
                    "type": "Feature",
                    "geometry": {
                        "type": "Point",
                        "coordinates": [
                            49.2460683,
                            55.793833
                        ]
                    },
                    "properties": {
                        "createdDate": 1703515240101,
                        "bearing": 231.60923767089844,
                        "velocity": 0.29727238416671753
                    }
                },
                {
                    "type": "Feature",
                    "geometry": {
                        "type": "Point",
                        "coordinates": [
                            49.246069,
                            55.7938371
                        ]
                    },
                    "properties": {
                        "createdDate": 1703515245109,
                        "bearing": 251.25416564941406,
                        "velocity": 0.10666049271821976
                    }
                },
                {
                    "type": "Feature",
                    "geometry": {
                        "type": "Point",
                        "coordinates": [
                            49.246059,
                            55.7938333
                        ]
                    },
                    "properties": {
                        "createdDate": 1703515250117,
                        "bearing": 240.31846618652344,
                        "velocity": 0.1322914958000183
                    }
                },
                {
                    "type": "Feature",
                    "geometry": {
                        "type": "Point",
                        "coordinates": [
                            49.2460514,
                            55.7938313
                        ]
                    },
                    "properties": {
                        "createdDate": 1703515255119,
                        "bearing": 243.1188201904297,
                        "velocity": 0.1141061931848526
                    }
                },
                {
                    "type": "Feature",
                    "geometry": {
                        "type": "Point",
                        "coordinates": [
                            49.2460588,
                            55.7938239
                        ]
                    },
                    "properties": {
                        "createdDate": 1703515260129,
                        "bearing": 172.3095245361328,
                        "velocity": 0.12342947721481323
                    }
                },
                {
                    "type": "Feature",
                    "geometry": {
                        "type": "Point",
                        "coordinates": [
                            49.2460541,
                            55.7938256
                        ]
                    },
                    "properties": {
                        "createdDate": 1703515265138,
                        "bearing": 0.0,
                        "velocity": 0.03743002563714981
                    }
                },
                {
                    "type": "Feature",
                    "geometry": {
                        "type": "Point",
                        "coordinates": [
                            49.2460552,
                            55.793826
                        ]
                    },
                    "properties": {
                        "createdDate": 1703515270156,
                        "bearing": 0.0,
                        "velocity": 0.0026855217292904854
                    }
                },
                {
                    "type": "Feature",
                    "geometry": {
                        "type": "Point",
                        "coordinates": [
                            49.2460525,
                            55.7938295
                        ]
                    },
                    "properties": {
                        "createdDate": 1703515275164,
                        "bearing": 0.0,
                        "velocity": 0.05309230089187622
                    }
                },
                {
                    "type": "Feature",
                    "geometry": {
                        "type": "Point",
                        "coordinates": [
                            49.2460541,
                            55.7938297
                        ]
                    },
                    "properties": {
                        "createdDate": 1703515280170,
                        "bearing": 0.0,
                        "velocity": 0.02058439329266548
                    }
                },
                {
                    "type": "Feature",
                    "geometry": {
                        "type": "Point",
                        "coordinates": [
                            49.2460395,
                            55.7938233
                        ]
                    },
                    "properties": {
                        "createdDate": 1703515285177,
                        "bearing": 234.13816833496094,
                        "velocity": 0.1365693211555481
                    }
                },
                {
                    "type": "Feature",
                    "geometry": {
                        "type": "Point",
                        "coordinates": [
                            49.2460536,
                            55.7938271
                        ]
                    },
                    "properties": {
                        "createdDate": 1703515290183,
                        "bearing": 0.0,
                        "velocity": 0.06972026079893112
                    }
                },
                {
                    "type": "Feature",
                    "geometry": {
                        "type": "Point",
                        "coordinates": [
                            49.246062,
                            55.7938245
                        ]
                    },
                    "properties": {
                        "createdDate": 1703515295191,
                        "bearing": 0.0,
                        "velocity": 0.09447275102138519
                    }
                },
                {
                    "type": "Feature",
                    "geometry": {
                        "type": "Point",
                        "coordinates": [
                            49.2460606,
                            55.793832
                        ]
                    },
                    "properties": {
                        "createdDate": 1703515300197,
                        "bearing": 0.0,
                        "velocity": 0.09565424174070358
                    }
                },
                {
                    "type": "Feature",
                    "geometry": {
                        "type": "Point",
                        "coordinates": [
                            49.2460613,
                            55.7938272
                        ]
                    },
                    "properties": {
                        "createdDate": 1703515306212,
                        "bearing": 0.0,
                        "velocity": 0.020210567861795425
                    }
                },
                {
                    "type": "Feature",
                    "geometry": {
                        "type": "Point",
                        "coordinates": [
                            49.2460581,
                            55.7938276
                        ]
                    },
                    "properties": {
                        "createdDate": 1703515311218,
                        "bearing": 0.0,
                        "velocity": 0.0188443660736084
                    }
                },
                {
                    "type": "Feature",
                    "geometry": {
                        "type": "Point",
                        "coordinates": [
                            49.2460527,
                            55.793827
                        ]
                    },
                    "properties": {
                        "createdDate": 1703515315217,
                        "bearing": 0.0,
                        "velocity": 0.04975000023841858
                    }
                },
                {
                    "type": "Feature",
                    "geometry": {
                        "type": "Point",
                        "coordinates": [
                            49.2460399,
                            55.7938253
                        ]
                    },
                    "properties": {
                        "createdDate": 1703515320223,
                        "bearing": 257.2688293457031,
                        "velocity": 0.1214752346277237
                    }
                },
                {
                    "type": "Feature",
                    "geometry": {
                        "type": "Point",
                        "coordinates": [
                            49.2460578,
                            55.7938248
                        ]
                    },
                    "properties": {
                        "createdDate": 1703515325229,
                        "bearing": 0.0,
                        "velocity": 0.06889466196298599
                    }
                },
                {
                    "type": "Feature",
                    "geometry": {
                        "type": "Point",
                        "coordinates": [
                            49.2460674,
                            55.7938303
                        ]
                    },
                    "properties": {
                        "createdDate": 1703515330253,
                        "bearing": 56.85346984863281,
                        "velocity": 0.116324283182621
                    }
                },
                {
                    "type": "Feature",
                    "geometry": {
                        "type": "Point",
                        "coordinates": [
                            49.2460623,
                            55.7938319
                        ]
                    },
                    "properties": {
                        "createdDate": 1703515335259,
                        "bearing": 0.0,
                        "velocity": 0.04605711251497269
                    }
                },
                {
                    "type": "Feature",
                    "geometry": {
                        "type": "Point",
                        "coordinates": [
                            49.2460566,
                            55.7938278
                        ]
                    },
                    "properties": {
                        "createdDate": 1703515340266,
                        "bearing": 0.0,
                        "velocity": 0.06073358282446861
                    }
                },
                {
                    "type": "Feature",
                    "geometry": {
                        "type": "Point",
                        "coordinates": [
                            49.2460608,
                            55.7938279
                        ]
                    },
                    "properties": {
                        "createdDate": 1703515345258,
                        "bearing": 0.0,
                        "velocity": 0.021015342324972153
                    }
                },
                {
                    "type": "Feature",
                    "geometry": {
                        "type": "Point",
                        "coordinates": [
                            49.2460752,
                            55.7938249
                        ]
                    },
                    "properties": {
                        "createdDate": 1703515350281,
                        "bearing": 111.8990478515625,
                        "velocity": 0.12555499374866486
                    }
                },
                {
                    "type": "Feature",
                    "geometry": {
                        "type": "Point",
                        "coordinates": [
                            49.2460618,
                            55.7938325
                        ]
                    },
                    "properties": {
                        "createdDate": 1703515355286,
                        "bearing": 325.9159851074219,
                        "velocity": 0.10481143742799759
                    }
                },
                {
                    "type": "Feature",
                    "geometry": {
                        "type": "Point",
                        "coordinates": [
                            49.2460542,
                            55.7938275
                        ]
                    },
                    "properties": {
                        "createdDate": 1703515360293,
                        "bearing": 0.0,
                        "velocity": 0.08928487449884415
                    }
                },
                {
                    "type": "Feature",
                    "geometry": {
                        "type": "Point",
                        "coordinates": [
                            49.2460558,
                            55.7938292
                        ]
                    },
                    "properties": {
                        "createdDate": 1703515365300,
                        "bearing": 0.0,
                        "velocity": 0.021207455545663834
                    }
                },
                {
                    "type": "Feature",
                    "geometry": {
                        "type": "Point",
                        "coordinates": [
                            49.2460556,
                            55.7938309
                        ]
                    },
                    "properties": {
                        "createdDate": 1703515370313,
                        "bearing": 0.0,
                        "velocity": 0.02818462811410427
                    }
                },
                {
                    "type": "Feature",
                    "geometry": {
                        "type": "Point",
                        "coordinates": [
                            49.2460593,
                            55.7938243
                        ]
                    },
                    "properties": {
                        "createdDate": 1703515376321,
                        "bearing": 0.0,
                        "velocity": 0.08391231298446655
                    }
                },
                {
                    "type": "Feature",
                    "geometry": {
                        "type": "Point",
                        "coordinates": [
                            49.2460701,
                            55.7938303
                        ]
                    },
                    "properties": {
                        "createdDate": 1703515380318,
                        "bearing": 61.867218017578125,
                        "velocity": 0.10792110115289688
                    }
                },
                {
                    "type": "Feature",
                    "geometry": {
                        "type": "Point",
                        "coordinates": [
                            49.2460702,
                            55.7938309
                        ]
                    },
                    "properties": {
                        "createdDate": 1703515385342,
                        "bearing": 0.0,
                        "velocity": 0.04433499276638031
                    }
                },
                {
                    "type": "Feature",
                    "geometry": {
                        "type": "Point",
                        "coordinates": [
                            49.2460662,
                            55.7938279
                        ]
                    },
                    "properties": {
                        "createdDate": 1703515390350,
                        "bearing": 0.0,
                        "velocity": 0.03683735057711601
                    }
                },
                {
                    "type": "Feature",
                    "geometry": {
                        "type": "Point",
                        "coordinates": [
                            49.2460662,
                            55.7938278
                        ]
                    },
                    "properties": {
                        "createdDate": 1703515395356,
                        "bearing": 0.0,
                        "velocity": 0.015495567582547665
                    }
                },
                {
                    "type": "Feature",
                    "geometry": {
                        "type": "Point",
                        "coordinates": [
                            49.2460782,
                            55.7938288
                        ]
                    },
                    "properties": {
                        "createdDate": 1703515400362,
                        "bearing": 0.0,
                        "velocity": 0.08932691812515259
                    }
                },
                {
                    "type": "Feature",
                    "geometry": {
                        "type": "Point",
                        "coordinates": [
                            49.2460686,
                            55.7938208
                        ]
                    },
                    "properties": {
                        "createdDate": 1703515405370,
                        "bearing": 200.716796875,
                        "velocity": 0.11668764054775238
                    }
                },
                {
                    "type": "Feature",
                    "geometry": {
                        "type": "Point",
                        "coordinates": [
                            49.2460586,
                            55.7938309
                        ]
                    },
                    "properties": {
                        "createdDate": 1703515411384,
                        "bearing": 310.1794128417969,
                        "velocity": 0.11222611367702484
                    }
                },
                {
                    "type": "Feature",
                    "geometry": {
                        "type": "Point",
                        "coordinates": [
                            49.2460597,
                            55.7938306
                        ]
                    },
                    "properties": {
                        "createdDate": 1703515415382,
                        "bearing": 0.0,
                        "velocity": 0.03489425405859947
                    }
                },
                {
                    "type": "Feature",
                    "geometry": {
                        "type": "Point",
                        "coordinates": [
                            49.2460619,
                            55.7938343
                        ]
                    },
                    "properties": {
                        "createdDate": 1703515421397,
                        "bearing": 0.0,
                        "velocity": 0.06104182079434395
                    }
                },
                {
                    "type": "Feature",
                    "geometry": {
                        "type": "Point",
                        "coordinates": [
                            49.2460723,
                            55.7938287
                        ]
                    },
                    "properties": {
                        "createdDate": 1703515425411,
                        "bearing": 0.0,
                        "velocity": 0.09756610542535782
                    }
                },
                {
                    "type": "Feature",
                    "geometry": {
                        "type": "Point",
                        "coordinates": [
                            49.2460691,
                            55.7938294
                        ]
                    },
                    "properties": {
                        "createdDate": 1703515430406,
                        "bearing": 0.0,
                        "velocity": 0.013536103069782257
                    }
                },
                {
                    "type": "Feature",
                    "geometry": {
                        "type": "Point",
                        "coordinates": [
                            49.2460688,
                            55.7938276
                        ]
                    },
                    "properties": {
                        "createdDate": 1703515436417,
                        "bearing": 0.0,
                        "velocity": 0.028756294399499893
                    }
                },
                {
                    "type": "Feature",
                    "geometry": {
                        "type": "Point",
                        "coordinates": [
                            49.2460804,
                            55.7938291
                        ]
                    },
                    "properties": {
                        "createdDate": 1703515441424,
                        "bearing": 0.0,
                        "velocity": 0.08921894431114197
                    }
                },
                {
                    "type": "Feature",
                    "geometry": {
                        "type": "Point",
                        "coordinates": [
                            49.2460665,
                            55.7938364
                        ]
                    },
                    "properties": {
                        "createdDate": 1703515446433,
                        "bearing": 324.220703125,
                        "velocity": 0.1320340931415558
                    }
                },
                {
                    "type": "Feature",
                    "geometry": {
                        "type": "Point",
                        "coordinates": [
                            49.2460719,
                            55.7938326
                        ]
                    },
                    "properties": {
                        "createdDate": 1703515451439,
                        "bearing": 0.0,
                        "velocity": 0.0034610603470355272
                    }
                },
                {
                    "type": "Feature",
                    "geometry": {
                        "type": "Point",
                        "coordinates": [
                            49.2460706,
                            55.7938332
                        ]
                    },
                    "properties": {
                        "createdDate": 1703515456446,
                        "bearing": 0.0,
                        "velocity": 0.009439344517886639
                    }
                },
                {
                    "type": "Feature",
                    "geometry": {
                        "type": "Point",
                        "coordinates": [
                            49.2460802,
                            55.7938301
                        ]
                    },
                    "properties": {
                        "createdDate": 1703515461453,
                        "bearing": 0.0,
                        "velocity": 0.08537568151950836
                    }
                },
                {
                    "type": "Feature",
                    "geometry": {
                        "type": "Point",
                        "coordinates": [
                            49.2460767,
                            55.7938349
                        ]
                    },
                    "properties": {
                        "createdDate": 1703515466473,
                        "bearing": 0.0,
                        "velocity": 0.05265991389751434
                    }
                },
                {
                    "type": "Feature",
                    "geometry": {
                        "type": "Point",
                        "coordinates": [
                            49.2460828,
                            55.793835
                        ]
                    },
                    "properties": {
                        "createdDate": 1703515471479,
                        "bearing": 0.0,
                        "velocity": 0.05207138881087303
                    }
                },
                {
                    "type": "Feature",
                    "geometry": {
                        "type": "Point",
                        "coordinates": [
                            49.2460716,
                            55.7938336
                        ]
                    },
                    "properties": {
                        "createdDate": 1703515476487,
                        "bearing": 0.0,
                        "velocity": 0.06846852600574493
                    }
                },
                {
                    "type": "Feature",
                    "geometry": {
                        "type": "Point",
                        "coordinates": [
                            49.2460669,
                            55.7938283
                        ]
                    },
                    "properties": {
                        "createdDate": 1703515481493,
                        "bearing": 0.0,
                        "velocity": 0.09912528842687607
                    }
                },
                {
                    "type": "Feature",
                    "geometry": {
                        "type": "Point",
                        "coordinates": [
                            49.2460739,
                            55.7938265
                        ]
                    },
                    "properties": {
                        "createdDate": 1703515486500,
                        "bearing": 0.0,
                        "velocity": 0.0623747818171978
                    }
                },
                {
                    "type": "Feature",
                    "geometry": {
                        "type": "Point",
                        "coordinates": [
                            49.2460826,
                            55.7938282
                        ]
                    },
                    "properties": {
                        "createdDate": 1703515491511,
                        "bearing": 0.0,
                        "velocity": 0.07846198976039886
                    }
                }
            ]
        }
    },
    {
        "uuid": "49883550-9c1f-4e1e-875a-5c1152e75c90",
        "videoId": "1703514908649",
        "filePath": "/vs_data/citysoft-dev/video/2023/12/25/5b8b176f019ea18e/1703514900141/1703514908649/1703514908649.mp4",
        "sessionId": "1703514900141",
        "deviceId": "5b8b176f019ea18e",
        "descriptions": {
            "onDevice": "VladTest",
            "onServer": "VladTest"
        },
        "numbers": {
            "onDevice": "VladTest",
            "onServer": "VladTest"
        },
        "processingStatus": "NEW",
        "operatorId": null,
        "creationDate": "2023-12-25T14:35:08.649Z",
        "processedDate": null,
        "homographyId": null,
        "mergedPartsCount": 203,
        "fps": 0,
        "size": 37880675,
        "resolution": null,
        "errorReason": null,
        "errorModule": null,
        "errorMessage": null,
        "geoJSON": {
            "type": "FeatureCollection",
            "features": [
                {
                    "type": "Feature",
                    "geometry": {
                        "type": "Point",
                        "coordinates": [
                            49.2460347,
                            55.7938156
                        ]
                    },
                    "properties": {
                        "createdDate": 1703514908649,
                        "bearing": 234.2604522705078,
                        "velocity": 0.17380809783935547
                    }
                },
                {
                    "type": "Feature",
                    "geometry": {
                        "type": "Point",
                        "coordinates": [
                            49.246023,
                            55.7938158
                        ]
                    },
                    "properties": {
                        "createdDate": 1703514914571,
                        "bearing": 254.82778930664062,
                        "velocity": 0.14874345064163208
                    }
                },
                {
                    "type": "Feature",
                    "geometry": {
                        "type": "Point",
                        "coordinates": [
                            49.2460582,
                            55.7938277
                        ]
                    },
                    "properties": {
                        "createdDate": 1703514919583,
                        "bearing": 54.20270538330078,
                        "velocity": 0.22366513311862946
                    }
                },
                {
                    "type": "Feature",
                    "geometry": {
                        "type": "Point",
                        "coordinates": [
                            49.2460585,
                            55.7938299
                        ]
                    },
                    "properties": {
                        "createdDate": 1703514924603,
                        "bearing": 41.55644607543945,
                        "velocity": 0.10399293154478073
                    }
                },
                {
                    "type": "Feature",
                    "geometry": {
                        "type": "Point",
                        "coordinates": [
                            49.246071,
                            55.7938285
                        ]
                    },
                    "properties": {
                        "createdDate": 1703514929607,
                        "bearing": 85.43085479736328,
                        "velocity": 0.12330109626054764
                    }
                },
                {
                    "type": "Feature",
                    "geometry": {
                        "type": "Point",
                        "coordinates": [
                            49.2460638,
                            55.7938302
                        ]
                    },
                    "properties": {
                        "createdDate": 1703514934615,
                        "bearing": 0.0,
                        "velocity": 0.029562976211309433
                    }
                },
                {
                    "type": "Feature",
                    "geometry": {
                        "type": "Point",
                        "coordinates": [
                            49.2460652,
                            55.7938305
                        ]
                    },
                    "properties": {
                        "createdDate": 1703514939623,
                        "bearing": 0.0,
                        "velocity": 0.016282273456454277
                    }
                },
                {
                    "type": "Feature",
                    "geometry": {
                        "type": "Point",
                        "coordinates": [
                            49.2460608,
                            55.7938288
                        ]
                    },
                    "properties": {
                        "createdDate": 1703514944629,
                        "bearing": 0.0,
                        "velocity": 0.036715924739837646
                    }
                },
                {
                    "type": "Feature",
                    "geometry": {
                        "type": "Point",
                        "coordinates": [
                            49.2460454,
                            55.7938232
                        ]
                    },
                    "properties": {
                        "createdDate": 1703514949637,
                        "bearing": 237.13331604003906,
                        "velocity": 0.15513451397418976
                    }
                },
                {
                    "type": "Feature",
                    "geometry": {
                        "type": "Point",
                        "coordinates": [
                            49.2460574,
                            55.7938311
                        ]
                    },
                    "properties": {
                        "createdDate": 1703514954643,
                        "bearing": 0.0,
                        "velocity": 0.059309110045433044
                    }
                },
                {
                    "type": "Feature",
                    "geometry": {
                        "type": "Point",
                        "coordinates": [
                            49.2460585,
                            55.7938323
                        ]
                    },
                    "properties": {
                        "createdDate": 1703514959649,
                        "bearing": 0.0,
                        "velocity": 0.04161496087908745
                    }
                },
                {
                    "type": "Feature",
                    "geometry": {
                        "type": "Point",
                        "coordinates": [
                            49.2460608,
                            55.7938315
                        ]
                    },
                    "properties": {
                        "createdDate": 1703514964656,
                        "bearing": 0.0,
                        "velocity": 0.024053357541561127
                    }
                },
                {
                    "type": "Feature",
                    "geometry": {
                        "type": "Point",
                        "coordinates": [
                            49.2460529,
                            55.7938287
                        ]
                    },
                    "properties": {
                        "createdDate": 1703514969679,
                        "bearing": 0.0,
                        "velocity": 0.06493782252073288
                    }
                },
                {
                    "type": "Feature",
                    "geometry": {
                        "type": "Point",
                        "coordinates": [
                            49.2460532,
                            55.7938313
                        ]
                    },
                    "properties": {
                        "createdDate": 1703514974669,
                        "bearing": 0.0,
                        "velocity": 0.027126988396048546
                    }
                },
                {
                    "type": "Feature",
                    "geometry": {
                        "type": "Point",
                        "coordinates": [
                            49.2460496,
                            55.7938277
                        ]
                    },
                    "properties": {
                        "createdDate": 1703514979692,
                        "bearing": 0.0,
                        "velocity": 0.055123575031757355
                    }
                },
                {
                    "type": "Feature",
                    "geometry": {
                        "type": "Point",
                        "coordinates": [
                            49.2460571,
                            55.7938283
                        ]
                    },
                    "properties": {
                        "createdDate": 1703514984698,
                        "bearing": 0.0,
                        "velocity": 0.04565718024969101
                    }
                },
                {
                    "type": "Feature",
                    "geometry": {
                        "type": "Point",
                        "coordinates": [
                            49.2460431,
                            55.7938223
                        ]
                    },
                    "properties": {
                        "createdDate": 1703514989703,
                        "bearing": 227.35780334472656,
                        "velocity": 0.1251966506242752
                    }
                },
                {
                    "type": "Feature",
                    "geometry": {
                        "type": "Point",
                        "coordinates": [
                            49.2460513,
                            55.7938268
                        ]
                    },
                    "properties": {
                        "createdDate": 1703514994711,
                        "bearing": 0.0,
                        "velocity": 0.02134549804031849
                    }
                },
                {
                    "type": "Feature",
                    "geometry": {
                        "type": "Point",
                        "coordinates": [
                            49.2460497,
                            55.7938265
                        ]
                    },
                    "properties": {
                        "createdDate": 1703514999718,
                        "bearing": 0.0,
                        "velocity": 0.0072407531552016735
                    }
                },
                {
                    "type": "Feature",
                    "geometry": {
                        "type": "Point",
                        "coordinates": [
                            49.24604,
                            55.7938232
                        ]
                    },
                    "properties": {
                        "createdDate": 1703515004726,
                        "bearing": 0.0,
                        "velocity": 0.09101081639528275
                    }
                },
                {
                    "type": "Feature",
                    "geometry": {
                        "type": "Point",
                        "coordinates": [
                            49.2460343,
                            55.7938181
                        ]
                    },
                    "properties": {
                        "createdDate": 1703515009733,
                        "bearing": 222.2281951904297,
                        "velocity": 0.1109100952744484
                    }
                },
                {
                    "type": "Feature",
                    "geometry": {
                        "type": "Point",
                        "coordinates": [
                            49.2460518,
                            55.7938272
                        ]
                    },
                    "properties": {
                        "createdDate": 1703515014739,
                        "bearing": 49.52742004394531,
                        "velocity": 0.10380832850933075
                    }
                },
                {
                    "type": "Feature",
                    "geometry": {
                        "type": "Point",
                        "coordinates": [
                            49.246056,
                            55.7938285
                        ]
                    },
                    "properties": {
                        "createdDate": 1703515018754,
                        "bearing": 0.0,
                        "velocity": 0.07661604136228561
                    }
                },
                {
                    "type": "Feature",
                    "geometry": {
                        "type": "Point",
                        "coordinates": [
                            49.2460592,
                            55.7938269
                        ]
                    },
                    "properties": {
                        "createdDate": 1703515024752,
                        "bearing": 0.0,
                        "velocity": 0.04816200211644173
                    }
                },
                {
                    "type": "Feature",
                    "geometry": {
                        "type": "Point",
                        "coordinates": [
                            49.2460609,
                            55.7938311
                        ]
                    },
                    "properties": {
                        "createdDate": 1703515029761,
                        "bearing": 0.0,
                        "velocity": 0.06357062608003616
                    }
                },
                {
                    "type": "Feature",
                    "geometry": {
                        "type": "Point",
                        "coordinates": [
                            49.2460605,
                            55.7938293
                        ]
                    },
                    "properties": {
                        "createdDate": 1703515034781,
                        "bearing": 0.0,
                        "velocity": 0.00903957337141037
                    }
                },
                {
                    "type": "Feature",
                    "geometry": {
                        "type": "Point",
                        "coordinates": [
                            49.2460485,
                            55.7938261
                        ]
                    },
                    "properties": {
                        "createdDate": 1703515039787,
                        "bearing": 242.99383544921875,
                        "velocity": 0.10123009979724884
                    }
                },
                {
                    "type": "Feature",
                    "geometry": {
                        "type": "Point",
                        "coordinates": [
                            49.2460506,
                            55.793827
                        ]
                    },
                    "properties": {
                        "createdDate": 1703515044795,
                        "bearing": 0.0,
                        "velocity": 0.01929955743253231
                    }
                },
                {
                    "type": "Feature",
                    "geometry": {
                        "type": "Point",
                        "coordinates": [
                            49.2460509,
                            55.7938261
                        ]
                    },
                    "properties": {
                        "createdDate": 1703515049782,
                        "bearing": 0.0,
                        "velocity": 0.01493817288428545
                    }
                },
                {
                    "type": "Feature",
                    "geometry": {
                        "type": "Point",
                        "coordinates": [
                            49.24605,
                            55.793828
                        ]
                    },
                    "properties": {
                        "createdDate": 1703515054808,
                        "bearing": 0.0,
                        "velocity": 0.02267010137438774
                    }
                },
                {
                    "type": "Feature",
                    "geometry": {
                        "type": "Point",
                        "coordinates": [
                            49.2460444,
                            55.793825
                        ]
                    },
                    "properties": {
                        "createdDate": 1703515059814,
                        "bearing": 0.0,
                        "velocity": 0.05692519620060921
                    }
                },
                {
                    "type": "Feature",
                    "geometry": {
                        "type": "Point",
                        "coordinates": [
                            49.2460396,
                            55.793822
                        ]
                    },
                    "properties": {
                        "createdDate": 1703515064821,
                        "bearing": 0.0,
                        "velocity": 0.0775306299328804
                    }
                },
                {
                    "type": "Feature",
                    "geometry": {
                        "type": "Point",
                        "coordinates": [
                            49.2459843,
                            55.7938131
                        ]
                    },
                    "properties": {
                        "createdDate": 1703515066821,
                        "bearing": 180.0006103515625,
                        "velocity": 0.1122584342956543
                    }
                },
                {
                    "type": "Feature",
                    "geometry": {
                        "type": "Point",
                        "coordinates": [
                            49.2459721,
                            55.7938129
                        ]
                    },
                    "properties": {
                        "createdDate": 1703515067829,
                        "bearing": 0.0,
                        "velocity": 0.06781605631113052
                    }
                },
                {
                    "type": "Feature",
                    "geometry": {
                        "type": "Point",
                        "coordinates": [
                            49.2459637,
                            55.7938137
                        ]
                    },
                    "properties": {
                        "createdDate": 1703515068819,
                        "bearing": 0.0,
                        "velocity": 0.029933586716651917
                    }
                },
                {
                    "type": "Feature",
                    "geometry": {
                        "type": "Point",
                        "coordinates": [
                            49.2459636,
                            55.7938135
                        ]
                    },
                    "properties": {
                        "createdDate": 1703515069829,
                        "bearing": 0.0,
                        "velocity": 0.029638921841979027
                    }
                },
                {
                    "type": "Feature",
                    "geometry": {
                        "type": "Point",
                        "coordinates": [
                            49.2459479,
                            55.7938162
                        ]
                    },
                    "properties": {
                        "createdDate": 1703515070835,
                        "bearing": 0.0,
                        "velocity": 0.025190945714712143
                    }
                },
                {
                    "type": "Feature",
                    "geometry": {
                        "type": "Point",
                        "coordinates": [
                            49.2459345,
                            55.7938173
                        ]
                    },
                    "properties": {
                        "createdDate": 1703515071829,
                        "bearing": 0.0,
                        "velocity": 0.031749263405799866
                    }
                },
                {
                    "type": "Feature",
                    "geometry": {
                        "type": "Point",
                        "coordinates": [
                            49.2459206,
                            55.7938186
                        ]
                    },
                    "properties": {
                        "createdDate": 1703515072838,
                        "bearing": 0.0,
                        "velocity": 0.039423633366823196
                    }
                },
                {
                    "type": "Feature",
                    "geometry": {
                        "type": "Point",
                        "coordinates": [
                            49.2459054,
                            55.7938194
                        ]
                    },
                    "properties": {
                        "createdDate": 1703515073842,
                        "bearing": 0.0,
                        "velocity": 0.03509906306862831
                    }
                },
                {
                    "type": "Feature",
                    "geometry": {
                        "type": "Point",
                        "coordinates": [
                            49.2458917,
                            55.7938183
                        ]
                    },
                    "properties": {
                        "createdDate": 1703515074837,
                        "bearing": 0.0,
                        "velocity": 0.00752260023728013
                    }
                },
                {
                    "type": "Feature",
                    "geometry": {
                        "type": "Point",
                        "coordinates": [
                            49.2458795,
                            55.793814
                        ]
                    },
                    "properties": {
                        "createdDate": 1703515075841,
                        "bearing": 0.0,
                        "velocity": 0.05470842495560646
                    }
                },
                {
                    "type": "Feature",
                    "geometry": {
                        "type": "Point",
                        "coordinates": [
                            49.2457952,
                            55.7938042
                        ]
                    },
                    "properties": {
                        "createdDate": 1703515076836,
                        "bearing": 180.0,
                        "velocity": 0.16930486261844635
                    }
                },
                {
                    "type": "Feature",
                    "geometry": {
                        "type": "Point",
                        "coordinates": [
                            49.2457297,
                            55.7937962
                        ]
                    },
                    "properties": {
                        "createdDate": 1703515077843,
                        "bearing": 180.0,
                        "velocity": 0.2175493687391281
                    }
                },
                {
                    "type": "Feature",
                    "geometry": {
                        "type": "Point",
                        "coordinates": [
                            49.2456755,
                            55.7937899
                        ]
                    },
                    "properties": {
                        "createdDate": 1703515078849,
                        "bearing": 180.0,
                        "velocity": 0.2236909419298172
                    }
                },
                {
                    "type": "Feature",
                    "geometry": {
                        "type": "Point",
                        "coordinates": [
                            49.2456293,
                            55.7937842
                        ]
                    },
                    "properties": {
                        "createdDate": 1703515079838,
                        "bearing": 180.0,
                        "velocity": 0.22408410906791687
                    }
                },
                {
                    "type": "Feature",
                    "geometry": {
                        "type": "Point",
                        "coordinates": [
                            49.2455889,
                            55.7937789
                        ]
                    },
                    "properties": {
                        "createdDate": 1703515080848,
                        "bearing": 180.0,
                        "velocity": 0.2196715921163559
                    }
                },
                {
                    "type": "Feature",
                    "geometry": {
                        "type": "Point",
                        "coordinates": [
                            49.2455531,
                            55.7937737
                        ]
                    },
                    "properties": {
                        "createdDate": 1703515081846,
                        "bearing": 180.0,
                        "velocity": 0.21385756134986877
                    }
                },
                {
                    "type": "Feature",
                    "geometry": {
                        "type": "Point",
                        "coordinates": [
                            49.2455206,
                            55.7937694
                        ]
                    },
                    "properties": {
                        "createdDate": 1703515082849,
                        "bearing": 180.0,
                        "velocity": 0.19846156239509583
                    }
                },
                {
                    "type": "Feature",
                    "geometry": {
                        "type": "Point",
                        "coordinates": [
                            49.2454893,
                            55.7937648
                        ]
                    },
                    "properties": {
                        "createdDate": 1703515083856,
                        "bearing": 180.0,
                        "velocity": 0.19446004927158356
                    }
                },
                {
                    "type": "Feature",
                    "geometry": {
                        "type": "Point",
                        "coordinates": [
                            49.2454625,
                            55.7937567
                        ]
                    },
                    "properties": {
                        "createdDate": 1703515084848,
                        "bearing": 180.0,
                        "velocity": 0.23861320316791534
                    }
                },
                {
                    "type": "Feature",
                    "geometry": {
                        "type": "Point",
                        "coordinates": [
                            49.24544,
                            55.7937469
                        ]
                    },
                    "properties": {
                        "createdDate": 1703515085855,
                        "bearing": 180.0,
                        "velocity": 0.28916114568710327
                    }
                },
                {
                    "type": "Feature",
                    "geometry": {
                        "type": "Point",
                        "coordinates": [
                            49.2454398,
                            55.7937441
                        ]
                    },
                    "properties": {
                        "createdDate": 1703515086862,
                        "bearing": 180.0,
                        "velocity": 0.2911711633205414
                    }
                },
                {
                    "type": "Feature",
                    "geometry": {
                        "type": "Point",
                        "coordinates": [
                            49.2454043,
                            55.793724
                        ]
                    },
                    "properties": {
                        "createdDate": 1703515087855,
                        "bearing": 180.00001525878906,
                        "velocity": 0.4638999104499817
                    }
                },
                {
                    "type": "Feature",
                    "geometry": {
                        "type": "Point",
                        "coordinates": [
                            49.2453742,
                            55.7937102
                        ]
                    },
                    "properties": {
                        "createdDate": 1703515088863,
                        "bearing": 180.0,
                        "velocity": 0.47364938259124756
                    }
                },
                {
                    "type": "Feature",
                    "geometry": {
                        "type": "Point",
                        "coordinates": [
                            49.2453445,
                            55.7936979
                        ]
                    },
                    "properties": {
                        "createdDate": 1703515089859,
                        "bearing": 180.0,
                        "velocity": 0.46206924319267273
                    }
                },
                {
                    "type": "Feature",
                    "geometry": {
                        "type": "Point",
                        "coordinates": [
                            49.2453148,
                            55.7936867
                        ]
                    },
                    "properties": {
                        "createdDate": 1703515090863,
                        "bearing": 180.0,
                        "velocity": 0.439822256565094
                    }
                },
                {
                    "type": "Feature",
                    "geometry": {
                        "type": "Point",
                        "coordinates": [
                            49.2452875,
                            55.7936783
                        ]
                    },
                    "properties": {
                        "createdDate": 1703515091869,
                        "bearing": 180.0,
                        "velocity": 0.39138826727867126
                    }
                },
                {
                    "type": "Feature",
                    "geometry": {
                        "type": "Point",
                        "coordinates": [
                            49.2452599,
                            55.7936695
                        ]
                    },
                    "properties": {
                        "createdDate": 1703515092863,
                        "bearing": 180.0,
                        "velocity": 0.35849839448928833
                    }
                },
                {
                    "type": "Feature",
                    "geometry": {
                        "type": "Point",
                        "coordinates": [
                            49.2452333,
                            55.793659
                        ]
                    },
                    "properties": {
                        "createdDate": 1703515093869,
                        "bearing": 180.0,
                        "velocity": 0.3593257665634155
                    }
                },
                {
                    "type": "Feature",
                    "geometry": {
                        "type": "Point",
                        "coordinates": [
                            49.2452076,
                            55.7936481
                        ]
                    },
                    "properties": {
                        "createdDate": 1703515094865,
                        "bearing": 180.0,
                        "velocity": 0.36363568902015686
                    }
                },
                {
                    "type": "Feature",
                    "geometry": {
                        "type": "Point",
                        "coordinates": [
                            49.2451875,
                            55.7936355
                        ]
                    },
                    "properties": {
                        "createdDate": 1703515095871,
                        "bearing": 180.0,
                        "velocity": 0.38726261258125305
                    }
                },
                {
                    "type": "Feature",
                    "geometry": {
                        "type": "Point",
                        "coordinates": [
                            49.2451767,
                            55.7936218
                        ]
                    },
                    "properties": {
                        "createdDate": 1703515096876,
                        "bearing": 180.0,
                        "velocity": 0.4276655316352844
                    }
                },
                {
                    "type": "Feature",
                    "geometry": {
                        "type": "Point",
                        "coordinates": [
                            49.2451767,
                            55.7936078
                        ]
                    },
                    "properties": {
                        "createdDate": 1703515097871,
                        "bearing": 180.0,
                        "velocity": 0.4601241946220398
                    }
                },
                {
                    "type": "Feature",
                    "geometry": {
                        "type": "Point",
                        "coordinates": [
                            49.245183,
                            55.7935937
                        ]
                    },
                    "properties": {
                        "createdDate": 1703515098876,
                        "bearing": 180.0,
                        "velocity": 0.4785259962081909
                    }
                },
                {
                    "type": "Feature",
                    "geometry": {
                        "type": "Point",
                        "coordinates": [
                            49.2451937,
                            55.7935805
                        ]
                    },
                    "properties": {
                        "createdDate": 1703515099884,
                        "bearing": 180.0,
                        "velocity": 0.4787828326225281
                    }
                },
                {
                    "type": "Feature",
                    "geometry": {
                        "type": "Point",
                        "coordinates": [
                            49.2452035,
                            55.7935681
                        ]
                    },
                    "properties": {
                        "createdDate": 1703515100880,
                        "bearing": 180.0,
                        "velocity": 0.46903884410858154
                    }
                },
                {
                    "type": "Feature",
                    "geometry": {
                        "type": "Point",
                        "coordinates": [
                            49.2452097,
                            55.7935553
                        ]
                    },
                    "properties": {
                        "createdDate": 1703515101883,
                        "bearing": 180.0,
                        "velocity": 0.46675413846969604
                    }
                },
                {
                    "type": "Feature",
                    "geometry": {
                        "type": "Point",
                        "coordinates": [
                            49.2452156,
                            55.7935428
                        ]
                    },
                    "properties": {
                        "createdDate": 1703515102878,
                        "bearing": 180.0,
                        "velocity": 0.45932406187057495
                    }
                },
                {
                    "type": "Feature",
                    "geometry": {
                        "type": "Point",
                        "coordinates": [
                            49.2452206,
                            55.7935296
                        ]
                    },
                    "properties": {
                        "createdDate": 1703515103881,
                        "bearing": 180.0,
                        "velocity": 0.4654710292816162
                    }
                },
                {
                    "type": "Feature",
                    "geometry": {
                        "type": "Point",
                        "coordinates": [
                            49.2452235,
                            55.7935169
                        ]
                    },
                    "properties": {
                        "createdDate": 1703515104890,
                        "bearing": 180.0,
                        "velocity": 0.46144744753837585
                    }
                },
                {
                    "type": "Feature",
                    "geometry": {
                        "type": "Point",
                        "coordinates": [
                            49.2452265,
                            55.7935041
                        ]
                    },
                    "properties": {
                        "createdDate": 1703515105885,
                        "bearing": 180.0,
                        "velocity": 0.46033596992492676
                    }
                },
                {
                    "type": "Feature",
                    "geometry": {
                        "type": "Point",
                        "coordinates": [
                            49.2452265,
                            55.7934999
                        ]
                    },
                    "properties": {
                        "createdDate": 1703515106892,
                        "bearing": 180.0,
                        "velocity": 0.4626205563545227
                    }
                },
                {
                    "type": "Feature",
                    "geometry": {
                        "type": "Point",
                        "coordinates": [
                            49.2452228,
                            55.7934765
                        ]
                    },
                    "properties": {
                        "createdDate": 1703515107897,
                        "bearing": 180.0,
                        "velocity": 0.6006645560264587
                    }
                },
                {
                    "type": "Feature",
                    "geometry": {
                        "type": "Point",
                        "coordinates": [
                            49.2452186,
                            55.7934583
                        ]
                    },
                    "properties": {
                        "createdDate": 1703515108891,
                        "bearing": 180.0,
                        "velocity": 0.6132141351699829
                    }
                },
                {
                    "type": "Feature",
                    "geometry": {
                        "type": "Point",
                        "coordinates": [
                            49.245218,
                            55.7934467
                        ]
                    },
                    "properties": {
                        "createdDate": 1703515109894,
                        "bearing": 180.0,
                        "velocity": 0.538519024848938
                    }
                }
            ]
        }
    },
    {
        "uuid": "d873e1a3-15cb-4112-97b2-4f5122d7ab00",
        "videoId": "1703514078325",
        "filePath": "/vs_data/citysoft-dev/video/2023/12/25/5b8b176f019ea18e/1703513788320/1703514078325/1703514078325.mp4",
        "sessionId": "1703513788320",
        "deviceId": "5b8b176f019ea18e",
        "descriptions": {
            "onDevice": "VladTest",
            "onServer": "VladTest"
        },
        "numbers": {
            "onDevice": "VladTest",
            "onServer": "VladTest"
        },
        "processingStatus": "NEW",
        "operatorId": null,
        "creationDate": "2023-12-25T14:21:18.325Z",
        "processedDate": null,
        "homographyId": null,
        "mergedPartsCount": 300,
        "fps": 0,
        "size": 43822269,
        "resolution": null,
        "errorReason": null,
        "errorModule": null,
        "errorMessage": null,
        "geoJSON": {
            "type": "FeatureCollection",
            "features": [
                {
                    "type": "Feature",
                    "geometry": {
                        "type": "Point",
                        "coordinates": [
                            49.2460556,
                            55.7938309
                        ]
                    },
                    "properties": {
                        "createdDate": 1703514078325,
                        "bearing": 0.0,
                        "velocity": 0.05683985352516174
                    }
                },
                {
                    "type": "Feature",
                    "geometry": {
                        "type": "Point",
                        "coordinates": [
                            49.2460768,
                            55.7938307
                        ]
                    },
                    "properties": {
                        "createdDate": 1703514083330,
                        "bearing": 87.38630676269531,
                        "velocity": 0.18186891078948975
                    }
                },
                {
                    "type": "Feature",
                    "geometry": {
                        "type": "Point",
                        "coordinates": [
                            49.2460653,
                            55.7938282
                        ]
                    },
                    "properties": {
                        "createdDate": 1703514088337,
                        "bearing": 0.0,
                        "velocity": 0.03513328358530998
                    }
                },
                {
                    "type": "Feature",
                    "geometry": {
                        "type": "Point",
                        "coordinates": [
                            49.2460559,
                            55.7938275
                        ]
                    },
                    "properties": {
                        "createdDate": 1703514093345,
                        "bearing": 0.0,
                        "velocity": 0.08159585297107697
                    }
                },
                {
                    "type": "Feature",
                    "geometry": {
                        "type": "Point",
                        "coordinates": [
                            49.2460615,
                            55.7938274
                        ]
                    },
                    "properties": {
                        "createdDate": 1703514098351,
                        "bearing": 0.0,
                        "velocity": 0.015487916767597198
                    }
                },
                {
                    "type": "Feature",
                    "geometry": {
                        "type": "Point",
                        "coordinates": [
                            49.2460374,
                            55.7938232
                        ]
                    },
                    "properties": {
                        "createdDate": 1703514103373,
                        "bearing": 251.49717712402344,
                        "velocity": 0.19326409697532654
                    }
                },
                {
                    "type": "Feature",
                    "geometry": {
                        "type": "Point",
                        "coordinates": [
                            49.2460465,
                            55.7938262
                        ]
                    },
                    "properties": {
                        "createdDate": 1703514108380,
                        "bearing": 0.0,
                        "velocity": 0.061212148517370224
                    }
                },
                {
                    "type": "Feature",
                    "geometry": {
                        "type": "Point",
                        "coordinates": [
                            49.2460305,
                            55.7938191
                        ]
                    },
                    "properties": {
                        "createdDate": 1703514113386,
                        "bearing": 235.6508331298828,
                        "velocity": 0.12795548141002655
                    }
                },
                {
                    "type": "Feature",
                    "geometry": {
                        "type": "Point",
                        "coordinates": [
                            49.2460519,
                            55.7938283
                        ]
                    },
                    "properties": {
                        "createdDate": 1703514118377,
                        "bearing": 51.2636833190918,
                        "velocity": 0.1266699880361557
                    }
                },
                {
                    "type": "Feature",
                    "geometry": {
                        "type": "Point",
                        "coordinates": [
                            49.2460533,
                            55.7938312
                        ]
                    },
                    "properties": {
                        "createdDate": 1703514123399,
                        "bearing": 0.0,
                        "velocity": 0.08504639565944672
                    }
                },
                {
                    "type": "Feature",
                    "geometry": {
                        "type": "Point",
                        "coordinates": [
                            49.2460524,
                            55.793831
                        ]
                    },
                    "properties": {
                        "createdDate": 1703514128406,
                        "bearing": 0.0,
                        "velocity": 0.024325454607605934
                    }
                },
                {
                    "type": "Feature",
                    "geometry": {
                        "type": "Point",
                        "coordinates": [
                            49.2460619,
                            55.7938358
                        ]
                    },
                    "properties": {
                        "createdDate": 1703514133414,
                        "bearing": 45.87345886230469,
                        "velocity": 0.10849805176258087
                    }
                },
                {
                    "type": "Feature",
                    "geometry": {
                        "type": "Point",
                        "coordinates": [
                            49.2460785,
                            55.7938421
                        ]
                    },
                    "properties": {
                        "createdDate": 1703514138419,
                        "bearing": 53.95903396606445,
                        "velocity": 0.1981985867023468
                    }
                },
                {
                    "type": "Feature",
                    "geometry": {
                        "type": "Point",
                        "coordinates": [
                            49.246058,
                            55.7938319
                        ]
                    },
                    "properties": {
                        "createdDate": 1703514143427,
                        "bearing": 225.78968811035156,
                        "velocity": 0.13880367577075958
                    }
                },
                {
                    "type": "Feature",
                    "geometry": {
                        "type": "Point",
                        "coordinates": [
                            49.2460511,
                            55.7938302
                        ]
                    },
                    "properties": {
                        "createdDate": 1703514148434,
                        "bearing": 236.3453369140625,
                        "velocity": 0.10997037589550018
                    }
                },
                {
                    "type": "Feature",
                    "geometry": {
                        "type": "Point",
                        "coordinates": [
                            49.2460357,
                            55.7938233
                        ]
                    },
                    "properties": {
                        "createdDate": 1703514153438,
                        "bearing": 232.43319702148438,
                        "velocity": 0.19443365931510925
                    }
                },
                {
                    "type": "Feature",
                    "geometry": {
                        "type": "Point",
                        "coordinates": [
                            49.2460504,
                            55.7938299
                        ]
                    },
                    "properties": {
                        "createdDate": 1703514158445,
                        "bearing": 0.0,
                        "velocity": 0.040474120527505875
                    }
                },
                {
                    "type": "Feature",
                    "geometry": {
                        "type": "Point",
                        "coordinates": [
                            49.2460537,
                            55.7938312
                        ]
                    },
                    "properties": {
                        "createdDate": 1703514163468,
                        "bearing": 0.0,
                        "velocity": 0.0463804192841053
                    }
                },
                {
                    "type": "Feature",
                    "geometry": {
                        "type": "Point",
                        "coordinates": [
                            49.2460564,
                            55.7938316
                        ]
                    },
                    "properties": {
                        "createdDate": 1703514168457,
                        "bearing": 0.0,
                        "velocity": 0.038401152938604355
                    }
                },
                {
                    "type": "Feature",
                    "geometry": {
                        "type": "Point",
                        "coordinates": [
                            49.2460425,
                            55.7938254
                        ]
                    },
                    "properties": {
                        "createdDate": 1703514173482,
                        "bearing": 229.73385620117188,
                        "velocity": 0.12310373038053513
                    }
                },
                {
                    "type": "Feature",
                    "geometry": {
                        "type": "Point",
                        "coordinates": [
                            49.2460603,
                            55.7938293
                        ]
                    },
                    "properties": {
                        "createdDate": 1703514178489,
                        "bearing": 0.0,
                        "velocity": 0.07833821326494217
                    }
                },
                {
                    "type": "Feature",
                    "geometry": {
                        "type": "Point",
                        "coordinates": [
                            49.2460584,
                            55.7938324
                        ]
                    },
                    "properties": {
                        "createdDate": 1703514183495,
                        "bearing": 0.0,
                        "velocity": 0.04872727021574974
                    }
                },
                {
                    "type": "Feature",
                    "geometry": {
                        "type": "Point",
                        "coordinates": [
                            49.2460429,
                            55.7938251
                        ]
                    },
                    "properties": {
                        "createdDate": 1703514188502,
                        "bearing": 234.19970703125,
                        "velocity": 0.14365249872207642
                    }
                },
                {
                    "type": "Feature",
                    "geometry": {
                        "type": "Point",
                        "coordinates": [
                            49.2460556,
                            55.7938328
                        ]
                    },
                    "properties": {
                        "createdDate": 1703514193509,
                        "bearing": 0.0,
                        "velocity": 0.06486216932535172
                    }
                },
                {
                    "type": "Feature",
                    "geometry": {
                        "type": "Point",
                        "coordinates": [
                            49.2460537,
                            55.7938329
                        ]
                    },
                    "properties": {
                        "createdDate": 1703514198520,
                        "bearing": 0.0,
                        "velocity": 0.021582497283816338
                    }
                },
                {
                    "type": "Feature",
                    "geometry": {
                        "type": "Point",
                        "coordinates": [
                            49.2460574,
                            55.7938299
                        ]
                    },
                    "properties": {
                        "createdDate": 1703514203522,
                        "bearing": 0.0,
                        "velocity": 0.04443228244781494
                    }
                },
                {
                    "type": "Feature",
                    "geometry": {
                        "type": "Point",
                        "coordinates": [
                            49.246055,
                            55.7938353
                        ]
                    },
                    "properties": {
                        "createdDate": 1703514208538,
                        "bearing": 0.0,
                        "velocity": 0.06276264041662216
                    }
                },
                {
                    "type": "Feature",
                    "geometry": {
                        "type": "Point",
                        "coordinates": [
                            49.246041,
                            55.7938253
                        ]
                    },
                    "properties": {
                        "createdDate": 1703514213534,
                        "bearing": 223.79307556152344,
                        "velocity": 0.16657674312591553
                    }
                },
                {
                    "type": "Feature",
                    "geometry": {
                        "type": "Point",
                        "coordinates": [
                            49.2460325,
                            55.7938211
                        ]
                    },
                    "properties": {
                        "createdDate": 1703514218545,
                        "bearing": 226.3634033203125,
                        "velocity": 0.1515597552061081
                    }
                },
                {
                    "type": "Feature",
                    "geometry": {
                        "type": "Point",
                        "coordinates": [
                            49.2460227,
                            55.7938169
                        ]
                    },
                    "properties": {
                        "createdDate": 1703514223548,
                        "bearing": 229.6940155029297,
                        "velocity": 0.15227118134498596
                    }
                },
                {
                    "type": "Feature",
                    "geometry": {
                        "type": "Point",
                        "coordinates": [
                            49.2460216,
                            55.793813
                        ]
                    },
                    "properties": {
                        "createdDate": 1703514228559,
                        "bearing": 213.85638427734375,
                        "velocity": 0.11129056662321091
                    }
                },
                {
                    "type": "Feature",
                    "geometry": {
                        "type": "Point",
                        "coordinates": [
                            49.2460483,
                            55.7938256
                        ]
                    },
                    "properties": {
                        "createdDate": 1703514233577,
                        "bearing": 54.748390197753906,
                        "velocity": 0.17845633625984192
                    }
                },
                {
                    "type": "Feature",
                    "geometry": {
                        "type": "Point",
                        "coordinates": [
                            49.2460487,
                            55.7938299
                        ]
                    },
                    "properties": {
                        "createdDate": 1703514238584,
                        "bearing": 30.827224731445312,
                        "velocity": 0.11476937681436539
                    }
                },
                {
                    "type": "Feature",
                    "geometry": {
                        "type": "Point",
                        "coordinates": [
                            49.2460708,
                            55.7938336
                        ]
                    },
                    "properties": {
                        "createdDate": 1703514243592,
                        "bearing": 65.64775085449219,
                        "velocity": 0.21413548290729523
                    }
                },
                {
                    "type": "Feature",
                    "geometry": {
                        "type": "Point",
                        "coordinates": [
                            49.2460478,
                            55.7938314
                        ]
                    },
                    "properties": {
                        "createdDate": 1703514248598,
                        "bearing": 271.5620422363281,
                        "velocity": 0.10206114500761032
                    }
                },
                {
                    "type": "Feature",
                    "geometry": {
                        "type": "Point",
                        "coordinates": [
                            49.2460452,
                            55.793829
                        ]
                    },
                    "properties": {
                        "createdDate": 1703514253605,
                        "bearing": 0.0,
                        "velocity": 0.06734489649534225
                    }
                },
                {
                    "type": "Feature",
                    "geometry": {
                        "type": "Point",
                        "coordinates": [
                            49.2460307,
                            55.7938222
                        ]
                    },
                    "properties": {
                        "createdDate": 1703514258614,
                        "bearing": 231.69053649902344,
                        "velocity": 0.17286448180675507
                    }
                },
                {
                    "type": "Feature",
                    "geometry": {
                        "type": "Point",
                        "coordinates": [
                            49.2460338,
                            55.7938265
                        ]
                    },
                    "properties": {
                        "createdDate": 1703514263620,
                        "bearing": 0.0,
                        "velocity": 0.04057588428258896
                    }
                },
                {
                    "type": "Feature",
                    "geometry": {
                        "type": "Point",
                        "coordinates": [
                            49.2460474,
                            55.7938281
                        ]
                    },
                    "properties": {
                        "createdDate": 1703514268631,
                        "bearing": 0.0,
                        "velocity": 0.09463411569595337
                    }
                },
                {
                    "type": "Feature",
                    "geometry": {
                        "type": "Point",
                        "coordinates": [
                            49.2460463,
                            55.7938293
                        ]
                    },
                    "properties": {
                        "createdDate": 1703514273628,
                        "bearing": 0.0,
                        "velocity": 0.036578062921762466
                    }
                },
                {
                    "type": "Feature",
                    "geometry": {
                        "type": "Point",
                        "coordinates": [
                            49.2460525,
                            55.7938299
                        ]
                    },
                    "properties": {
                        "createdDate": 1703514278640,
                        "bearing": 0.0,
                        "velocity": 0.06021387130022049
                    }
                },
                {
                    "type": "Feature",
                    "geometry": {
                        "type": "Point",
                        "coordinates": [
                            49.2460428,
                            55.793828
                        ]
                    },
                    "properties": {
                        "createdDate": 1703514283644,
                        "bearing": 0.0,
                        "velocity": 0.057362280786037445
                    }
                },
                {
                    "type": "Feature",
                    "geometry": {
                        "type": "Point",
                        "coordinates": [
                            49.246042,
                            55.7938261
                        ]
                    },
                    "properties": {
                        "createdDate": 1703514288667,
                        "bearing": 0.0,
                        "velocity": 0.04228532686829567
                    }
                },
                {
                    "type": "Feature",
                    "geometry": {
                        "type": "Point",
                        "coordinates": [
                            49.2460398,
                            55.7938237
                        ]
                    },
                    "properties": {
                        "createdDate": 1703514293674,
                        "bearing": 0.0,
                        "velocity": 0.05283338949084282
                    }
                },
                {
                    "type": "Feature",
                    "geometry": {
                        "type": "Point",
                        "coordinates": [
                            49.2460345,
                            55.7938264
                        ]
                    },
                    "properties": {
                        "createdDate": 1703514298681,
                        "bearing": 0.0,
                        "velocity": 0.05491216480731964
                    }
                },
                {
                    "type": "Feature",
                    "geometry": {
                        "type": "Point",
                        "coordinates": [
                            49.2460493,
                            55.7938276
                        ]
                    },
                    "properties": {
                        "createdDate": 1703514303688,
                        "bearing": 0.0,
                        "velocity": 0.09694647789001465
                    }
                },
                {
                    "type": "Feature",
                    "geometry": {
                        "type": "Point",
                        "coordinates": [
                            49.2460385,
                            55.7938298
                        ]
                    },
                    "properties": {
                        "createdDate": 1703514308696,
                        "bearing": 0.0,
                        "velocity": 0.060550007969141006
                    }
                },
                {
                    "type": "Feature",
                    "geometry": {
                        "type": "Point",
                        "coordinates": [
                            49.2460391,
                            55.793831
                        ]
                    },
                    "properties": {
                        "createdDate": 1703514313701,
                        "bearing": 0.0,
                        "velocity": 0.0331013947725296
                    }
                },
                {
                    "type": "Feature",
                    "geometry": {
                        "type": "Point",
                        "coordinates": [
                            49.246044,
                            55.7938328
                        ]
                    },
                    "properties": {
                        "createdDate": 1703514318709,
                        "bearing": 0.0,
                        "velocity": 0.049781136214733124
                    }
                },
                {
                    "type": "Feature",
                    "geometry": {
                        "type": "Point",
                        "coordinates": [
                            49.2460592,
                            55.7938315
                        ]
                    },
                    "properties": {
                        "createdDate": 1703514323714,
                        "bearing": 91.54182434082031,
                        "velocity": 0.1268588751554489
                    }
                },
                {
                    "type": "Feature",
                    "geometry": {
                        "type": "Point",
                        "coordinates": [
                            49.246047,
                            55.7938318
                        ]
                    },
                    "properties": {
                        "createdDate": 1703514328735,
                        "bearing": 0.0,
                        "velocity": 0.047214098274707794
                    }
                },
                {
                    "type": "Feature",
                    "geometry": {
                        "type": "Point",
                        "coordinates": [
                            49.2460485,
                            55.79383
                        ]
                    },
                    "properties": {
                        "createdDate": 1703514333728,
                        "bearing": 0.0,
                        "velocity": 0.023987066000699997
                    }
                },
                {
                    "type": "Feature",
                    "geometry": {
                        "type": "Point",
                        "coordinates": [
                            49.2460506,
                            55.7938268
                        ]
                    },
                    "properties": {
                        "createdDate": 1703514338751,
                        "bearing": 0.0,
                        "velocity": 0.056162431836128235
                    }
                },
                {
                    "type": "Feature",
                    "geometry": {
                        "type": "Point",
                        "coordinates": [
                            49.2460469,
                            55.7938254
                        ]
                    },
                    "properties": {
                        "createdDate": 1703514343757,
                        "bearing": 0.0,
                        "velocity": 0.046244487166404724
                    }
                },
                {
                    "type": "Feature",
                    "geometry": {
                        "type": "Point",
                        "coordinates": [
                            49.246052,
                            55.7938286
                        ]
                    },
                    "properties": {
                        "createdDate": 1703514348762,
                        "bearing": 0.0,
                        "velocity": 0.04248925298452377
                    }
                },
                {
                    "type": "Feature",
                    "geometry": {
                        "type": "Point",
                        "coordinates": [
                            49.2460499,
                            55.7938282
                        ]
                    },
                    "properties": {
                        "createdDate": 1703514353770,
                        "bearing": 0.0,
                        "velocity": 0.007322727236896753
                    }
                },
                {
                    "type": "Feature",
                    "geometry": {
                        "type": "Point",
                        "coordinates": [
                            49.2460373,
                            55.7938266
                        ]
                    },
                    "properties": {
                        "createdDate": 1703514358775,
                        "bearing": 258.5700988769531,
                        "velocity": 0.10515400022268295
                    }
                },
                {
                    "type": "Feature",
                    "geometry": {
                        "type": "Point",
                        "coordinates": [
                            49.2460643,
                            55.7938262
                        ]
                    },
                    "properties": {
                        "createdDate": 1703514363782,
                        "bearing": 93.98745727539062,
                        "velocity": 0.17891283333301544
                    }
                },
                {
                    "type": "Feature",
                    "geometry": {
                        "type": "Point",
                        "coordinates": [
                            49.2460435,
                            55.7938283
                        ]
                    },
                    "properties": {
                        "createdDate": 1703514368793,
                        "bearing": 0.0,
                        "velocity": 0.09629077464342117
                    }
                },
                {
                    "type": "Feature",
                    "geometry": {
                        "type": "Point",
                        "coordinates": [
                            49.246042,
                            55.7938307
                        ]
                    },
                    "properties": {
                        "createdDate": 1703514373796,
                        "bearing": 0.0,
                        "velocity": 0.0634261965751648
                    }
                }
            ]
        }
    }
]
dca08ba4-4cd9-452d-b970-0d34e7dd37cc
Request method:	PUT
Request URI:	https://devcs.avtodoria.ru/terminal/api/rest/video/markAsCorrupted/dca08ba4-4cd9-452d-b970-0d34e7dd37cc
Proxy:			<none>
Request params:	<none>
Query params:	<none>
Form params:	<none>
Path params:	<none>
Headers:		Accept=*/*
				Content-Type=application/json
Cookies:		<none>
Multiparts:		<none>
Body:			<none>
HTTP/1.1 404 
Server: nginx
Date: Mon, 25 Dec 2023 17:13:41 GMT
Content-Type: application/json
Transfer-Encoding: chunked
Connection: keep-alive
Vary: Origin
Vary: Access-Control-Request-Method
Vary: Access-Control-Request-Headers
Content-Encoding: gzip

{
    "timestamp": "2023-12-25T17:13:41.944+00:00",
    "status": 404,
    "error": "Not Found",
    "path": "//rest/video/markAsCorrupted/dca08ba4-4cd9-452d-b970-0d34e7dd37cc"
}
CORRUPTED
]]></system-out>
  </testcase>
  <testcase name="checkAllLastWeek" classname="API.APITest" time="2.064">
    <error type="java.lang.ClassCastException"><![CDATA[java.lang.ClassCastException: Cannot convert class java.lang.String to class API.VideoData.
	at API.APITest.checkAllLastWeek(APITest.java:296)
]]></error>
    <system-out><![CDATA[HTTP/1.1 200 
Server: nginx
Date: Mon, 25 Dec 2023 17:13:43 GMT
Content-Type: application/json
Transfer-Encoding: chunked
Connection: keep-alive
Vary: Origin
Vary: Access-Control-Request-Method
Vary: Access-Control-Request-Headers
Strict-Transport-Security: max-age=15768000; includeSubDomains; preload;
X-Content-Type-Options: nosniff
X-Frame-Options: SAMEORIGIN
X-XSS-Protection: 1; mode=block
X-Robots-Tag: none
X-Download-Options: noopen
X-Permitted-Cross-Domain-Policies: none
Content-Encoding: gzip

[
    {
        "uuid": "dca08ba4-4cd9-452d-b970-0d34e7dd37cc",
        "videoId": "1703518222663",
        "filePath": "/vs_data/citysoft-dev/video/2023/12/25/5b8b176f019ea18e/1703517330494/1703518222663/1703518222663.mp4",
        "sessionId": "1703517330494",
        "deviceId": "5b8b176f019ea18e",
        "descriptions": {
            "onDevice": "VladTest",
            "onServer": "VladTest"
        },
        "numbers": {
            "onDevice": "VladTest",
            "onServer": "VladTest"
        },
        "processingStatus": "CORRUPTED",
        "operatorId": 1,
        "creationDate": "2023-12-25T15:30:22.663Z",
        "processedDate": "2023-12-25T17:00:55.032Z",
        "homographyId": null,
        "mergedPartsCount": 298,
        "fps": 0,
        "size": 22083271,
        "resolution": null,
        "errorReason": null,
        "errorModule": null,
        "errorMessage": null,
        "geoJSON": {
            "type": "FeatureCollection",
            "features": [
                {
                    "type": "Feature",
                    "geometry": {
                        "type": "Point",
                        "coordinates": [
                            49.2460768,
                            55.7937654
                        ]
                    },
                    "properties": {
                        "createdDate": 1703518222663,
                        "bearing": 8.009675979614258,
                        "velocity": 1.5237579345703125
                    }
                },
                {
                    "type": "Feature",
                    "geometry": {
                        "type": "Point",
                        "coordinates": [
                            49.2460875,
                            55.7937664
                        ]
                    },
                    "properties": {
                        "createdDate": 1703518227687,
                        "bearing": 15.544713973999023,
                        "velocity": 0.6066791415214539
                    }
                },
                {
                    "type": "Feature",
                    "geometry": {
                        "type": "Point",
                        "coordinates": [
                            49.2460922,
                            55.7937681
                        ]
                    },
                    "properties": {
                        "createdDate": 1703518232678,
                        "bearing": 21.54412841796875,
                        "velocity": 0.2695994973182678
                    }
                },
                {
                    "type": "Feature",
                    "geometry": {
                        "type": "Point",
                        "coordinates": [
                            49.2460932,
                            55.7937536
                        ]
                    },
                    "properties": {
                        "createdDate": 1703518237663,
                        "bearing": 0.0,
                        "velocity": 0.07170948386192322
                    }
                },
                {
                    "type": "Feature",
                    "geometry": {
                        "type": "Point",
                        "coordinates": [
                            49.2460913,
                            55.793747
                        ]
                    },
                    "properties": {
                        "createdDate": 1703518242669,
                        "bearing": 173.68568420410156,
                        "velocity": 0.10246352851390839
                    }
                },
                {
                    "type": "Feature",
                    "geometry": {
                        "type": "Point",
                        "coordinates": [
                            49.2461008,
                            55.7937586
                        ]
                    },
                    "properties": {
                        "createdDate": 1703518247660,
                        "bearing": 35.372684478759766,
                        "velocity": 0.12293567508459091
                    }
                },
                {
                    "type": "Feature",
                    "geometry": {
                        "type": "Point",
                        "coordinates": [
                            49.2460336,
                            55.7937341
                        ]
                    },
                    "properties": {
                        "createdDate": 1703518252666,
                        "bearing": 240.21194458007812,
                        "velocity": 0.4297782778739929
                    }
                },
                {
                    "type": "Feature",
                    "geometry": {
                        "type": "Point",
                        "coordinates": [
                            49.2464806,
                            55.7939017
                        ]
                    },
                    "properties": {
                        "createdDate": 1703518257673,
                        "bearing": 56.264549255371094,
                        "velocity": 5.6056623458862305
                    }
                },
                {
                    "type": "Feature",
                    "geometry": {
                        "type": "Point",
                        "coordinates": [
                            49.2460679,
                            55.7938278
                        ]
                    },
                    "properties": {
                        "createdDate": 1703518262663,
                        "bearing": 256.1566467285156,
                        "velocity": 3.540994167327881
                    }
                },
                {
                    "type": "Feature",
                    "geometry": {
                        "type": "Point",
                        "coordinates": [
                            49.2460679,
                            55.7937912
                        ]
                    },
                    "properties": {
                        "createdDate": 1703518264661,
                        "bearing": 209.87806701660156,
                        "velocity": 2.5167667865753174
                    }
                },
                {
                    "type": "Feature",
                    "geometry": {
                        "type": "Point",
                        "coordinates": [
                            49.2460772,
                            55.7937803
                        ]
                    },
                    "properties": {
                        "createdDate": 1703518265669,
                        "bearing": 193.1800079345703,
                        "velocity": 1.5955955982208252
                    }
                },
                {
                    "type": "Feature",
                    "geometry": {
                        "type": "Point",
                        "coordinates": [
                            49.2460654,
                            55.7937937
                        ]
                    },
                    "properties": {
                        "createdDate": 1703518266660,
                        "bearing": 260.1146545410156,
                        "velocity": 0.4951695203781128
                    }
                },
                {
                    "type": "Feature",
                    "geometry": {
                        "type": "Point",
                        "coordinates": [
                            49.2460486,
                            55.7937985
                        ]
                    },
                    "properties": {
                        "createdDate": 1703518270681,
                        "bearing": 283.0601501464844,
                        "velocity": 0.28936687111854553
                    }
                },
                {
                    "type": "Feature",
                    "geometry": {
                        "type": "Point",
                        "coordinates": [
                            49.2460501,
                            55.793798
                        ]
                    },
                    "properties": {
                        "createdDate": 1703518272676,
                        "bearing": 281.5151062011719,
                        "velocity": 0.20205867290496826
                    }
                },
                {
                    "type": "Feature",
                    "geometry": {
                        "type": "Point",
                        "coordinates": [
                            49.2460432,
                            55.793799
                        ]
                    },
                    "properties": {
                        "createdDate": 1703518273665,
                        "bearing": 282.2598876953125,
                        "velocity": 0.2208535224199295
                    }
                },
                {
                    "type": "Feature",
                    "geometry": {
                        "type": "Point",
                        "coordinates": [
                            49.2460406,
                            55.7937987
                        ]
                    },
                    "properties": {
                        "createdDate": 1703518275665,
                        "bearing": 278.04669189453125,
                        "velocity": 0.18087756633758545
                    }
                },
                {
                    "type": "Feature",
                    "geometry": {
                        "type": "Point",
                        "coordinates": [
                            49.2460347,
                            55.793803
                        ]
                    },
                    "properties": {
                        "createdDate": 1703518277682,
                        "bearing": 299.45562744140625,
                        "velocity": 0.21085943281650543
                    }
                },
                {
                    "type": "Feature",
                    "geometry": {
                        "type": "Point",
                        "coordinates": [
                            49.2460295,
                            55.7938069
                        ]
                    },
                    "properties": {
                        "createdDate": 1703518280672,
                        "bearing": 309.9014892578125,
                        "velocity": 0.18645605444908142
                    }
                },
                {
                    "type": "Feature",
                    "geometry": {
                        "type": "Point",
                        "coordinates": [
                            49.2460275,
                            55.7938117
                        ]
                    },
                    "properties": {
                        "createdDate": 1703518282673,
                        "bearing": 324.7928771972656,
                        "velocity": 0.21133072674274445
                    }
                },
                {
                    "type": "Feature",
                    "geometry": {
                        "type": "Point",
                        "coordinates": [
                            49.2460258,
                            55.7938127
                        ]
                    },
                    "properties": {
                        "createdDate": 1703518283678,
                        "bearing": 323.49981689453125,
                        "velocity": 0.1903470903635025
                    }
                },
                {
                    "type": "Feature",
                    "geometry": {
                        "type": "Point",
                        "coordinates": [
                            49.2460262,
                            55.7938111
                        ]
                    },
                    "properties": {
                        "createdDate": 1703518285677,
                        "bearing": 314.2458801269531,
                        "velocity": 0.10195310413837433
                    }
                },
                {
                    "type": "Feature",
                    "geometry": {
                        "type": "Point",
                        "coordinates": [
                            49.2460281,
                            55.7938081
                        ]
                    },
                    "properties": {
                        "createdDate": 1703518286685,
                        "bearing": 0.0,
                        "velocity": 0.03356069326400757
                    }
                },
                {
                    "type": "Feature",
                    "geometry": {
                        "type": "Point",
                        "coordinates": [
                            49.2460304,
                            55.7938045
                        ]
                    },
                    "properties": {
                        "createdDate": 1703518288687,
                        "bearing": 0.0,
                        "velocity": 0.0912705808877945
                    }
                },
                {
                    "type": "Feature",
                    "geometry": {
                        "type": "Point",
                        "coordinates": [
                            49.2460331,
                            55.7938006
                        ]
                    },
                    "properties": {
                        "createdDate": 1703518289694,
                        "bearing": 165.53887939453125,
                        "velocity": 0.16118863224983215
                    }
                },
                {
                    "type": "Feature",
                    "geometry": {
                        "type": "Point",
                        "coordinates": [
                            49.2460349,
                            55.7937984
                        ]
                    },
                    "properties": {
                        "createdDate": 1703518290702,
                        "bearing": 162.0603485107422,
                        "velocity": 0.17739157378673553
                    }
                },
                {
                    "type": "Feature",
                    "geometry": {
                        "type": "Point",
                        "coordinates": [
                            49.2460381,
                            55.7937974
                        ]
                    },
                    "properties": {
                        "createdDate": 1703518291691,
                        "bearing": 150.97213745117188,
                        "velocity": 0.15770423412322998
                    }
                },
                {
                    "type": "Feature",
                    "geometry": {
                        "type": "Point",
                        "coordinates": [
                            49.2460419,
                            55.7937958
                        ]
                    },
                    "properties": {
                        "createdDate": 1703518293691,
                        "bearing": 143.049072265625,
                        "velocity": 0.18006712198257446
                    }
                },
                {
                    "type": "Feature",
                    "geometry": {
                        "type": "Point",
                        "coordinates": [
                            49.2460464,
                            55.7937934
                        ]
                    },
                    "properties": {
                        "createdDate": 1703518294699,
                        "bearing": 139.4827423095703,
                        "velocity": 0.21977566182613373
                    }
                },
                {
                    "type": "Feature",
                    "geometry": {
                        "type": "Point",
                        "coordinates": [
                            49.2460502,
                            55.7937902
                        ]
                    },
                    "properties": {
                        "createdDate": 1703518295708,
                        "bearing": 141.6785888671875,
                        "velocity": 0.2655404210090637
                    }
                },
                {
                    "type": "Feature",
                    "geometry": {
                        "type": "Point",
                        "coordinates": [
                            49.2460544,
                            55.7937926
                        ]
                    },
                    "properties": {
                        "createdDate": 1703518297707,
                        "bearing": 114.18772888183594,
                        "velocity": 0.1583123803138733
                    }
                },
                {
                    "type": "Feature",
                    "geometry": {
                        "type": "Point",
                        "coordinates": [
                            49.2460553,
                            55.793799
                        ]
                    },
                    "properties": {
                        "createdDate": 1703518298697,
                        "bearing": 53.754817962646484,
                        "velocity": 0.1521141231060028
                    }
                },
                {
                    "type": "Feature",
                    "geometry": {
                        "type": "Point",
                        "coordinates": [
                            49.2460531,
                            55.7938037
                        ]
                    },
                    "properties": {
                        "createdDate": 1703518299706,
                        "bearing": 19.6738224029541,
                        "velocity": 0.18594565987586975
                    }
                },
                {
                    "type": "Feature",
                    "geometry": {
                        "type": "Point",
                        "coordinates": [
                            49.2460474,
                            55.7938083
                        ]
                    },
                    "properties": {
                        "createdDate": 1703518300714,
                        "bearing": 351.8588562011719,
                        "velocity": 0.24971002340316772
                    }
                },
                {
                    "type": "Feature",
                    "geometry": {
                        "type": "Point",
                        "coordinates": [
                            49.2460304,
                            55.7938197
                        ]
                    },
                    "properties": {
                        "createdDate": 1703518305720,
                        "bearing": 328.3346252441406,
                        "velocity": 0.29923221468925476
                    }
                },
                {
                    "type": "Feature",
                    "geometry": {
                        "type": "Point",
                        "coordinates": [
                            49.2460261,
                            55.7938232
                        ]
                    },
                    "properties": {
                        "createdDate": 1703518308711,
                        "bearing": 327.37994384765625,
                        "velocity": 0.23365946114063263
                    }
                },
                {
                    "type": "Feature",
                    "geometry": {
                        "type": "Point",
                        "coordinates": [
                            49.2460258,
                            55.7938232
                        ]
                    },
                    "properties": {
                        "createdDate": 1703518309719,
                        "bearing": 326.2429504394531,
                        "velocity": 0.2042107880115509
                    }
                },
                {
                    "type": "Feature",
                    "geometry": {
                        "type": "Point",
                        "coordinates": [
                            49.2460243,
                            55.7938234
                        ]
                    },
                    "properties": {
                        "createdDate": 1703518310728,
                        "bearing": 322.43829345703125,
                        "velocity": 0.1708776354789734
                    }
                },
                {
                    "type": "Feature",
                    "geometry": {
                        "type": "Point",
                        "coordinates": [
                            49.2460234,
                            55.7938242
                        ]
                    },
                    "properties": {
                        "createdDate": 1703518311738,
                        "bearing": 322.9154052734375,
                        "velocity": 0.15259453654289246
                    }
                },
                {
                    "type": "Feature",
                    "geometry": {
                        "type": "Point",
                        "coordinates": [
                            49.2460234,
                            55.793826
                        ]
                    },
                    "properties": {
                        "createdDate": 1703518312744,
                        "bearing": 333.6366271972656,
                        "velocity": 0.15300072729587555
                    }
                },
                {
                    "type": "Feature",
                    "geometry": {
                        "type": "Point",
                        "coordinates": [
                            49.2460243,
                            55.7938281
                        ]
                    },
                    "properties": {
                        "createdDate": 1703518313744,
                        "bearing": 345.9977722167969,
                        "velocity": 0.17905095219612122
                    }
                },
                {
                    "type": "Feature",
                    "geometry": {
                        "type": "Point",
                        "coordinates": [
                            49.2460261,
                            55.793832
                        ]
                    },
                    "properties": {
                        "createdDate": 1703518314746,
                        "bearing": 358.2995300292969,
                        "velocity": 0.23341451585292816
                    }
                },
                {
                    "type": "Feature",
                    "geometry": {
                        "type": "Point",
                        "coordinates": [
                            49.2460292,
                            55.7938368
                        ]
                    },
                    "properties": {
                        "createdDate": 1703518315738,
                        "bearing": 7.509226322174072,
                        "velocity": 0.27838966250419617
                    }
                },
                {
                    "type": "Feature",
                    "geometry": {
                        "type": "Point",
                        "coordinates": [
                            49.246046,
                            55.7938403
                        ]
                    },
                    "properties": {
                        "createdDate": 1703518316743,
                        "bearing": 39.4787712097168,
                        "velocity": 0.36156854033470154
                    }
                },
                {
                    "type": "Feature",
                    "geometry": {
                        "type": "Point",
                        "coordinates": [
                            49.2460576,
                            55.7938394
                        ]
                    },
                    "properties": {
                        "createdDate": 1703518320744,
                        "bearing": 62.01357650756836,
                        "velocity": 0.23846958577632904
                    }
                },
                {
                    "type": "Feature",
                    "geometry": {
                        "type": "Point",
                        "coordinates": [
                            49.2460656,
                            55.7938351
                        ]
                    },
                    "properties": {
                        "createdDate": 1703518325766,
                        "bearing": 87.30220794677734,
                        "velocity": 0.15456067025661469
                    }
                },
                {
                    "type": "Feature",
                    "geometry": {
                        "type": "Point",
                        "coordinates": [
                            49.2460635,
                            55.7938313
                        ]
                    },
                    "properties": {
                        "createdDate": 1703518332773,
                        "bearing": 0.0,
                        "velocity": 0.060148436576128006
                    }
                },
                {
                    "type": "Feature",
                    "geometry": {
                        "type": "Point",
                        "coordinates": [
                            49.2460608,
                            55.7938278
                        ]
                    },
                    "properties": {
                        "createdDate": 1703518335780,
                        "bearing": 203.39634704589844,
                        "velocity": 0.1265150010585785
                    }
                },
                {
                    "type": "Feature",
                    "geometry": {
                        "type": "Point",
                        "coordinates": [
                            49.2460478,
                            55.7938278
                        ]
                    },
                    "properties": {
                        "createdDate": 1703518340787,
                        "bearing": 266.05950927734375,
                        "velocity": 0.15156441926956177
                    }
                },
                {
                    "type": "Feature",
                    "geometry": {
                        "type": "Point",
                        "coordinates": [
                            49.2460506,
                            55.7938293
                        ]
                    },
                    "properties": {
                        "createdDate": 1703518345792,
                        "bearing": 0.0,
                        "velocity": 0.03644691780209541
                    }
                },
                {
                    "type": "Feature",
                    "geometry": {
                        "type": "Point",
                        "coordinates": [
                            49.2460457,
                            55.7938268
                        ]
                    },
                    "properties": {
                        "createdDate": 1703518350797,
                        "bearing": 0.0,
                        "velocity": 0.07342123985290527
                    }
                },
                {
                    "type": "Feature",
                    "geometry": {
                        "type": "Point",
                        "coordinates": [
                            49.2460444,
                            55.7938263
                        ]
                    },
                    "properties": {
                        "createdDate": 1703518355804,
                        "bearing": 0.0,
                        "velocity": 0.02419358678162098
                    }
                },
                {
                    "type": "Feature",
                    "geometry": {
                        "type": "Point",
                        "coordinates": [
                            49.246051,
                            55.7938268
                        ]
                    },
                    "properties": {
                        "createdDate": 1703518360810,
                        "bearing": 0.0,
                        "velocity": 0.07553211599588394
                    }
                },
                {
                    "type": "Feature",
                    "geometry": {
                        "type": "Point",
                        "coordinates": [
                            49.2460863,
                            55.7938292
                        ]
                    },
                    "properties": {
                        "createdDate": 1703518365804,
                        "bearing": 82.86801147460938,
                        "velocity": 0.40884512662887573
                    }
                },
                {
                    "type": "Feature",
                    "geometry": {
                        "type": "Point",
                        "coordinates": [
                            49.2460791,
                            55.7938283
                        ]
                    },
                    "properties": {
                        "createdDate": 1703518370811,
                        "bearing": 0.0,
                        "velocity": 0.05529734864830971
                    }
                },
                {
                    "type": "Feature",
                    "geometry": {
                        "type": "Point",
                        "coordinates": [
                            49.2460452,
                            55.7938259
                        ]
                    },
                    "properties": {
                        "createdDate": 1703518375829,
                        "bearing": 262.8329772949219,
                        "velocity": 0.3906266391277313
                    }
                },
                {
                    "type": "Feature",
                    "geometry": {
                        "type": "Point",
                        "coordinates": [
                            49.2460723,
                            55.7938316
                        ]
                    },
                    "properties": {
                        "createdDate": 1703518380839,
                        "bearing": 68.50923156738281,
                        "velocity": 0.3085423409938812
                    }
                },
                {
                    "type": "Feature",
                    "geometry": {
                        "type": "Point",
                        "coordinates": [
                            49.2460473,
                            55.7938248
                        ]
                    },
                    "properties": {
                        "createdDate": 1703518385842,
                        "bearing": 244.01516723632812,
                        "velocity": 0.2939596176147461
                    }
                },
                {
                    "type": "Feature",
                    "geometry": {
                        "type": "Point",
                        "coordinates": [
                            49.246073,
                            55.7938331
                        ]
                    },
                    "properties": {
                        "createdDate": 1703518392848,
                        "bearing": 59.84147644042969,
                        "velocity": 0.2437974363565445
                    }
                },
                {
                    "type": "Feature",
                    "geometry": {
                        "type": "Point",
                        "coordinates": [
                            49.2460696,
                            55.7938325
                        ]
                    },
                    "properties": {
                        "createdDate": 1703518395856,
                        "bearing": 0.0,
                        "velocity": 0.03832840546965599
                    }
                },
                {
                    "type": "Feature",
                    "geometry": {
                        "type": "Point",
                        "coordinates": [
                            49.2460443,
                            55.7938257
                        ]
                    },
                    "properties": {
                        "createdDate": 1703518400862,
                        "bearing": 244.4982452392578,
                        "velocity": 0.3193436563014984
                    }
                },
                {
                    "type": "Feature",
                    "geometry": {
                        "type": "Point",
                        "coordinates": [
                            49.2460592,
                            55.7938331
                        ]
                    },
                    "properties": {
                        "createdDate": 1703518405868,
                        "bearing": 46.019744873046875,
                        "velocity": 0.20069894194602966
                    }
                },
                {
                    "type": "Feature",
                    "geometry": {
                        "type": "Point",
                        "coordinates": [
                            49.2460455,
                            55.7938292
                        ]
                    },
                    "properties": {
                        "createdDate": 1703518410878,
                        "bearing": 244.29251098632812,
                        "velocity": 0.16431376338005066
                    }
                },
                {
                    "type": "Feature",
                    "geometry": {
                        "type": "Point",
                        "coordinates": [
                            49.2460552,
                            55.7938357
                        ]
                    },
                    "properties": {
                        "createdDate": 1703518415900,
                        "bearing": 38.002811431884766,
                        "velocity": 0.1631731390953064
                    }
                },
                {
                    "type": "Feature",
                    "geometry": {
                        "type": "Point",
                        "coordinates": [
                            49.2460498,
                            55.7938318
                        ]
                    },
                    "properties": {
                        "createdDate": 1703518420906,
                        "bearing": 0.0,
                        "velocity": 0.0891440138220787
                    }
                },
                {
                    "type": "Feature",
                    "geometry": {
                        "type": "Point",
                        "coordinates": [
                            49.2460561,
                            55.7938295
                        ]
                    },
                    "properties": {
                        "createdDate": 1703518425916,
                        "bearing": 0.0,
                        "velocity": 0.08648109436035156
                    }
                },
                {
                    "type": "Feature",
                    "geometry": {
                        "type": "Point",
                        "coordinates": [
                            49.2460517,
                            55.7938295
                        ]
                    },
                    "properties": {
                        "createdDate": 1703518430919,
                        "bearing": 0.0,
                        "velocity": 0.045632679015398026
                    }
                },
                {
                    "type": "Feature",
                    "geometry": {
                        "type": "Point",
                        "coordinates": [
                            49.2460481,
                            55.7938283
                        ]
                    },
                    "properties": {
                        "createdDate": 1703518435929,
                        "bearing": 0.0,
                        "velocity": 0.05100123956799507
                    }
                },
                {
                    "type": "Feature",
                    "geometry": {
                        "type": "Point",
                        "coordinates": [
                            49.246054,
                            55.7938325
                        ]
                    },
                    "properties": {
                        "createdDate": 1703518440931,
                        "bearing": 37.49431228637695,
                        "velocity": 0.10654355585575104
                    }
                },
                {
                    "type": "Feature",
                    "geometry": {
                        "type": "Point",
                        "coordinates": [
                            49.2460485,
                            55.7938285
                        ]
                    },
                    "properties": {
                        "createdDate": 1703518446947,
                        "bearing": 0.0,
                        "velocity": 0.09466544538736343
                    }
                },
                {
                    "type": "Feature",
                    "geometry": {
                        "type": "Point",
                        "coordinates": [
                            49.2460564,
                            55.7938267
                        ]
                    },
                    "properties": {
                        "createdDate": 1703518452962,
                        "bearing": 0.0,
                        "velocity": 0.0735321193933487
                    }
                },
                {
                    "type": "Feature",
                    "geometry": {
                        "type": "Point",
                        "coordinates": [
                            49.2460376,
                            55.7938212
                        ]
                    },
                    "properties": {
                        "createdDate": 1703518455952,
                        "bearing": 241.5950469970703,
                        "velocity": 0.37108153104782104
                    }
                },
                {
                    "type": "Feature",
                    "geometry": {
                        "type": "Point",
                        "coordinates": [
                            49.24604,
                            55.7938252
                        ]
                    },
                    "properties": {
                        "createdDate": 1703518460960,
                        "bearing": 0.0,
                        "velocity": 0.05922190099954605
                    }
                },
                {
                    "type": "Feature",
                    "geometry": {
                        "type": "Point",
                        "coordinates": [
                            49.2460644,
                            55.7938326
                        ]
                    },
                    "properties": {
                        "createdDate": 1703518465968,
                        "bearing": 60.66328048706055,
                        "velocity": 0.32235783338546753
                    }
                },
                {
                    "type": "Feature",
                    "geometry": {
                        "type": "Point",
                        "coordinates": [
                            49.2460557,
                            55.7938284
                        ]
                    },
                    "properties": {
                        "createdDate": 1703518471979,
                        "bearing": 226.3665771484375,
                        "velocity": 0.10509244352579117
                    }
                },
                {
                    "type": "Feature",
                    "geometry": {
                        "type": "Point",
                        "coordinates": [
                            49.2460482,
                            55.7938271
                        ]
                    },
                    "properties": {
                        "createdDate": 1703518475979,
                        "bearing": 0.0,
                        "velocity": 0.09767426550388336
                    }
                },
                {
                    "type": "Feature",
                    "geometry": {
                        "type": "Point",
                        "coordinates": [
                            49.2460469,
                            55.7938306
                        ]
                    },
                    "properties": {
                        "createdDate": 1703518481001,
                        "bearing": 0.0,
                        "velocity": 0.07118984311819077
                    }
                },
                {
                    "type": "Feature",
                    "geometry": {
                        "type": "Point",
                        "coordinates": [
                            49.2460478,
                            55.7938284
                        ]
                    },
                    "properties": {
                        "createdDate": 1703518485997,
                        "bearing": 0.0,
                        "velocity": 0.04147369787096977
                    }
                },
                {
                    "type": "Feature",
                    "geometry": {
                        "type": "Point",
                        "coordinates": [
                            49.2460439,
                            55.7938302
                        ]
                    },
                    "properties": {
                        "createdDate": 1703518491017,
                        "bearing": 0.0,
                        "velocity": 0.056224457919597626
                    }
                },
                {
                    "type": "Feature",
                    "geometry": {
                        "type": "Point",
                        "coordinates": [
                            49.2460489,
                            55.7938345
                        ]
                    },
                    "properties": {
                        "createdDate": 1703518496020,
                        "bearing": 30.406734466552734,
                        "velocity": 0.10556800663471222
                    }
                },
                {
                    "type": "Feature",
                    "geometry": {
                        "type": "Point",
                        "coordinates": [
                            49.2460509,
                            55.7938327
                        ]
                    },
                    "properties": {
                        "createdDate": 1703518501028,
                        "bearing": 0.0,
                        "velocity": 0.04114397615194321
                    }
                },
                {
                    "type": "Feature",
                    "geometry": {
                        "type": "Point",
                        "coordinates": [
                            49.2460481,
                            55.793835
                        ]
                    },
                    "properties": {
                        "createdDate": 1703518507042,
                        "bearing": 0.0,
                        "velocity": 0.054364658892154694
                    }
                },
                {
                    "type": "Feature",
                    "geometry": {
                        "type": "Point",
                        "coordinates": [
                            49.246047,
                            55.7938271
                        ]
                    },
                    "properties": {
                        "createdDate": 1703518513056,
                        "bearing": 185.437744140625,
                        "velocity": 0.12034191191196442
                    }
                },
                {
                    "type": "Feature",
                    "geometry": {
                        "type": "Point",
                        "coordinates": [
                            49.2460473,
                            55.7938256
                        ]
                    },
                    "properties": {
                        "createdDate": 1703518516047,
                        "bearing": 0.0,
                        "velocity": 0.06246359646320343
                    }
                }
            ]
        }
    },
    {
        "uuid": "1a9b3e44-8d4d-4992-9593-4fe1b1a3e081",
        "videoId": "1703517918355",
        "filePath": "/vs_data/citysoft-dev/video/2023/12/25/5b8b176f019ea18e/1703517330494/1703517918355/1703517918355.mp4",
        "sessionId": "1703517330494",
        "deviceId": "5b8b176f019ea18e",
        "descriptions": {
            "onDevice": "VladTest",
            "onServer": "VladTest"
        },
        "numbers": {
            "onDevice": "VladTest",
            "onServer": "VladTest"
        },
        "processingStatus": "CORRUPTED",
        "operatorId": 1,
        "creationDate": "2023-12-25T15:25:18.355Z",
        "processedDate": "2023-12-25T16:20:10.664Z",
        "homographyId": null,
        "mergedPartsCount": 304,
        "fps": 0,
        "size": 42698367,
        "resolution": null,
        "errorReason": null,
        "errorModule": null,
        "errorMessage": null,
        "geoJSON": {
            "type": "FeatureCollection",
            "features": [
                {
                    "type": "Feature",
                    "geometry": {
                        "type": "Point",
                        "coordinates": [
                            49.2495055,
                            55.7910845
                        ]
                    },
                    "properties": {
                        "createdDate": 1703517918355,
                        "bearing": 329.8983154296875,
                        "velocity": 6.874040603637695
                    }
                },
                {
                    "type": "Feature",
                    "geometry": {
                        "type": "Point",
                        "coordinates": [
                            49.2494537,
                            55.7911392
                        ]
                    },
                    "properties": {
                        "createdDate": 1703517919346,
                        "bearing": 328.27764892578125,
                        "velocity": 6.218581676483154
                    }
                },
                {
                    "type": "Feature",
                    "geometry": {
                        "type": "Point",
                        "coordinates": [
                            49.2494039,
                            55.791183
                        ]
                    },
                    "properties": {
                        "createdDate": 1703517920355,
                        "bearing": 325.37646484375,
                        "velocity": 5.5836076736450195
                    }
                },
                {
                    "type": "Feature",
                    "geometry": {
                        "type": "Point",
                        "coordinates": [
                            49.2493638,
                            55.7912285
                        ]
                    },
                    "properties": {
                        "createdDate": 1703517921362,
                        "bearing": 330.5852355957031,
                        "velocity": 5.69921875
                    }
                },
                {
                    "type": "Feature",
                    "geometry": {
                        "type": "Point",
                        "coordinates": [
                            49.2493254,
                            55.791278
                        ]
                    },
                    "properties": {
                        "createdDate": 1703517922354,
                        "bearing": 329.21453857421875,
                        "velocity": 5.716132640838623
                    }
                },
                {
                    "type": "Feature",
                    "geometry": {
                        "type": "Point",
                        "coordinates": [
                            49.2492806,
                            55.7913206
                        ]
                    },
                    "properties": {
                        "createdDate": 1703517923362,
                        "bearing": 325.3934326171875,
                        "velocity": 5.710542678833008
                    }
                },
                {
                    "type": "Feature",
                    "geometry": {
                        "type": "Point",
                        "coordinates": [
                            49.2492305,
                            55.7913628
                        ]
                    },
                    "properties": {
                        "createdDate": 1703517924355,
                        "bearing": 325.2698974609375,
                        "velocity": 5.726926803588867
                    }
                },
                {
                    "type": "Feature",
                    "geometry": {
                        "type": "Point",
                        "coordinates": [
                            49.2491822,
                            55.7914029
                        ]
                    },
                    "properties": {
                        "createdDate": 1703517925360,
                        "bearing": 325.2523193359375,
                        "velocity": 5.521074295043945
                    }
                },
                {
                    "type": "Feature",
                    "geometry": {
                        "type": "Point",
                        "coordinates": [
                            49.249135,
                            55.7914404
                        ]
                    },
                    "properties": {
                        "createdDate": 1703517926370,
                        "bearing": 324.3489074707031,
                        "velocity": 5.345754623413086
                    }
                },
                {
                    "type": "Feature",
                    "geometry": {
                        "type": "Point",
                        "coordinates": [
                            49.2490961,
                            55.7914752
                        ]
                    },
                    "properties": {
                        "createdDate": 1703517927364,
                        "bearing": 325.44964599609375,
                        "velocity": 4.899221420288086
                    }
                },
                {
                    "type": "Feature",
                    "geometry": {
                        "type": "Point",
                        "coordinates": [
                            49.2490639,
                            55.7915116
                        ]
                    },
                    "properties": {
                        "createdDate": 1703517928368,
                        "bearing": 325.6664733886719,
                        "velocity": 4.651284694671631
                    }
                },
                {
                    "type": "Feature",
                    "geometry": {
                        "type": "Point",
                        "coordinates": [
                            49.2490418,
                            55.7915428
                        ]
                    },
                    "properties": {
                        "createdDate": 1703517929365,
                        "bearing": 327.53955078125,
                        "velocity": 3.949481725692749
                    }
                },
                {
                    "type": "Feature",
                    "geometry": {
                        "type": "Point",
                        "coordinates": [
                            49.249031,
                            55.7915672
                        ]
                    },
                    "properties": {
                        "createdDate": 1703517930369,
                        "bearing": 326.823974609375,
                        "velocity": 2.3659720420837402
                    }
                },
                {
                    "type": "Feature",
                    "geometry": {
                        "type": "Point",
                        "coordinates": [
                            49.2490305,
                            55.7915841
                        ]
                    },
                    "properties": {
                        "createdDate": 1703517931360,
                        "bearing": 330.4071044921875,
                        "velocity": 1.935361623764038
                    }
                },
                {
                    "type": "Feature",
                    "geometry": {
                        "type": "Point",
                        "coordinates": [
                            49.2490241,
                            55.7916035
                        ]
                    },
                    "properties": {
                        "createdDate": 1703517932368,
                        "bearing": 328.978515625,
                        "velocity": 2.6199862957000732
                    }
                },
                {
                    "type": "Feature",
                    "geometry": {
                        "type": "Point",
                        "coordinates": [
                            49.2490101,
                            55.791634
                        ]
                    },
                    "properties": {
                        "createdDate": 1703517933376,
                        "bearing": 336.6162414550781,
                        "velocity": 2.941232442855835
                    }
                },
                {
                    "type": "Feature",
                    "geometry": {
                        "type": "Point",
                        "coordinates": [
                            49.248995,
                            55.7916641
                        ]
                    },
                    "properties": {
                        "createdDate": 1703517934367,
                        "bearing": 334.2757873535156,
                        "velocity": 2.699836254119873
                    }
                },
                {
                    "type": "Feature",
                    "geometry": {
                        "type": "Point",
                        "coordinates": [
                            49.2489777,
                            55.7916839
                        ]
                    },
                    "properties": {
                        "createdDate": 1703517935375,
                        "bearing": 324.3741455078125,
                        "velocity": 2.0107603073120117
                    }
                },
                {
                    "type": "Feature",
                    "geometry": {
                        "type": "Point",
                        "coordinates": [
                            49.2489598,
                            55.7916972
                        ]
                    },
                    "properties": {
                        "createdDate": 1703517936382,
                        "bearing": 323.3171081542969,
                        "velocity": 1.3625177145004272
                    }
                },
                {
                    "type": "Feature",
                    "geometry": {
                        "type": "Point",
                        "coordinates": [
                            49.2489419,
                            55.7917115
                        ]
                    },
                    "properties": {
                        "createdDate": 1703517937372,
                        "bearing": 319.1644287109375,
                        "velocity": 2.117475986480713
                    }
                },
                {
                    "type": "Feature",
                    "geometry": {
                        "type": "Point",
                        "coordinates": [
                            49.2489127,
                            55.7917324
                        ]
                    },
                    "properties": {
                        "createdDate": 1703517938382,
                        "bearing": 318.04095458984375,
                        "velocity": 3.011770486831665
                    }
                },
                {
                    "type": "Feature",
                    "geometry": {
                        "type": "Point",
                        "coordinates": [
                            49.2488777,
                            55.7917496
                        ]
                    },
                    "properties": {
                        "createdDate": 1703517939388,
                        "bearing": 314.31640625,
                        "velocity": 3.3157143592834473
                    }
                },
                {
                    "type": "Feature",
                    "geometry": {
                        "type": "Point",
                        "coordinates": [
                            49.2488376,
                            55.7917716
                        ]
                    },
                    "properties": {
                        "createdDate": 1703517940381,
                        "bearing": 324.19610595703125,
                        "velocity": 4.427911281585693
                    }
                },
                {
                    "type": "Feature",
                    "geometry": {
                        "type": "Point",
                        "coordinates": [
                            49.2487903,
                            55.7918061
                        ]
                    },
                    "properties": {
                        "createdDate": 1703517941389,
                        "bearing": 322.99993896484375,
                        "velocity": 5.22259521484375
                    }
                },
                {
                    "type": "Feature",
                    "geometry": {
                        "type": "Point",
                        "coordinates": [
                            49.248739,
                            55.7918458
                        ]
                    },
                    "properties": {
                        "createdDate": 1703517942382,
                        "bearing": 324.7375183105469,
                        "velocity": 5.584164619445801
                    }
                },
                {
                    "type": "Feature",
                    "geometry": {
                        "type": "Point",
                        "coordinates": [
                            49.2486842,
                            55.7918904
                        ]
                    },
                    "properties": {
                        "createdDate": 1703517943389,
                        "bearing": 323.11944580078125,
                        "velocity": 6.323318958282471
                    }
                },
                {
                    "type": "Feature",
                    "geometry": {
                        "type": "Point",
                        "coordinates": [
                            49.2486272,
                            55.7919187
                        ]
                    },
                    "properties": {
                        "createdDate": 1703517944398,
                        "bearing": 324.61572265625,
                        "velocity": 6.0540337562561035
                    }
                },
                {
                    "type": "Feature",
                    "geometry": {
                        "type": "Point",
                        "coordinates": [
                            49.2485894,
                            55.7919601
                        ]
                    },
                    "properties": {
                        "createdDate": 1703517945389,
                        "bearing": 333.4649658203125,
                        "velocity": 5.704037666320801
                    }
                },
                {
                    "type": "Feature",
                    "geometry": {
                        "type": "Point",
                        "coordinates": [
                            49.2485628,
                            55.7920125
                        ]
                    },
                    "properties": {
                        "createdDate": 1703517946398,
                        "bearing": 336.6781921386719,
                        "velocity": 6.049870491027832
                    }
                },
                {
                    "type": "Feature",
                    "geometry": {
                        "type": "Point",
                        "coordinates": [
                            49.2485438,
                            55.7920607
                        ]
                    },
                    "properties": {
                        "createdDate": 1703517947403,
                        "bearing": 338.8460693359375,
                        "velocity": 5.928400039672852
                    }
                },
                {
                    "type": "Feature",
                    "geometry": {
                        "type": "Point",
                        "coordinates": [
                            49.2485026,
                            55.7921063
                        ]
                    },
                    "properties": {
                        "createdDate": 1703517948399,
                        "bearing": 333.6404113769531,
                        "velocity": 5.899876117706299
                    }
                },
                {
                    "type": "Feature",
                    "geometry": {
                        "type": "Point",
                        "coordinates": [
                            49.2484541,
                            55.792151
                        ]
                    },
                    "properties": {
                        "createdDate": 1703517949402,
                        "bearing": 329.5148620605469,
                        "velocity": 5.869614124298096
                    }
                },
                {
                    "type": "Feature",
                    "geometry": {
                        "type": "Point",
                        "coordinates": [
                            49.2483995,
                            55.7922029
                        ]
                    },
                    "properties": {
                        "createdDate": 1703517950410,
                        "bearing": 331.6188049316406,
                        "velocity": 6.719793319702148
                    }
                },
                {
                    "type": "Feature",
                    "geometry": {
                        "type": "Point",
                        "coordinates": [
                            49.2483509,
                            55.792254
                        ]
                    },
                    "properties": {
                        "createdDate": 1703517951404,
                        "bearing": 332.8812255859375,
                        "velocity": 6.39484167098999
                    }
                },
                {
                    "type": "Feature",
                    "geometry": {
                        "type": "Point",
                        "coordinates": [
                            49.2483034,
                            55.7923088
                        ]
                    },
                    "properties": {
                        "createdDate": 1703517952410,
                        "bearing": 332.98162841796875,
                        "velocity": 6.563343048095703
                    }
                },
                {
                    "type": "Feature",
                    "geometry": {
                        "type": "Point",
                        "coordinates": [
                            49.2482575,
                            55.7923664
                        ]
                    },
                    "properties": {
                        "createdDate": 1703517953407,
                        "bearing": 333.9261169433594,
                        "velocity": 6.6710076332092285
                    }
                },
                {
                    "type": "Feature",
                    "geometry": {
                        "type": "Point",
                        "coordinates": [
                            49.2482114,
                            55.7924295
                        ]
                    },
                    "properties": {
                        "createdDate": 1703517954409,
                        "bearing": 333.98809814453125,
                        "velocity": 7.1308112144470215
                    }
                },
                {
                    "type": "Feature",
                    "geometry": {
                        "type": "Point",
                        "coordinates": [
                            49.2481661,
                            55.7924915
                        ]
                    },
                    "properties": {
                        "createdDate": 1703517955405,
                        "bearing": 332.3321228027344,
                        "velocity": 6.789205551147461
                    }
                },
                {
                    "type": "Feature",
                    "geometry": {
                        "type": "Point",
                        "coordinates": [
                            49.2481187,
                            55.7925511
                        ]
                    },
                    "properties": {
                        "createdDate": 1703517956414,
                        "bearing": 332.99639892578125,
                        "velocity": 6.725211143493652
                    }
                },
                {
                    "type": "Feature",
                    "geometry": {
                        "type": "Point",
                        "coordinates": [
                            49.2480652,
                            55.7926097
                        ]
                    },
                    "properties": {
                        "createdDate": 1703517957416,
                        "bearing": 331.171142578125,
                        "velocity": 7.027792930603027
                    }
                },
                {
                    "type": "Feature",
                    "geometry": {
                        "type": "Point",
                        "coordinates": [
                            49.2480032,
                            55.7926661
                        ]
                    },
                    "properties": {
                        "createdDate": 1703517958407,
                        "bearing": 327.5030212402344,
                        "velocity": 6.9487690925598145
                    }
                },
                {
                    "type": "Feature",
                    "geometry": {
                        "type": "Point",
                        "coordinates": [
                            49.2479459,
                            55.7927352
                        ]
                    },
                    "properties": {
                        "createdDate": 1703517959417,
                        "bearing": 330.7748107910156,
                        "velocity": 7.190607070922852
                    }
                },
                {
                    "type": "Feature",
                    "geometry": {
                        "type": "Point",
                        "coordinates": [
                            49.2478802,
                            55.792801
                        ]
                    },
                    "properties": {
                        "createdDate": 1703517960406,
                        "bearing": 323.88323974609375,
                        "velocity": 7.595381259918213
                    }
                },
                {
                    "type": "Feature",
                    "geometry": {
                        "type": "Point",
                        "coordinates": [
                            49.2478123,
                            55.7928683
                        ]
                    },
                    "properties": {
                        "createdDate": 1703517961415,
                        "bearing": 328.55145263671875,
                        "velocity": 7.378050804138184
                    }
                },
                {
                    "type": "Feature",
                    "geometry": {
                        "type": "Point",
                        "coordinates": [
                            49.2477493,
                            55.7929247
                        ]
                    },
                    "properties": {
                        "createdDate": 1703517962423,
                        "bearing": 329.96844482421875,
                        "velocity": 6.3651251792907715
                    }
                },
                {
                    "type": "Feature",
                    "geometry": {
                        "type": "Point",
                        "coordinates": [
                            49.2476916,
                            55.7929725
                        ]
                    },
                    "properties": {
                        "createdDate": 1703517963417,
                        "bearing": 334.55657958984375,
                        "velocity": 5.966530799865723
                    }
                },
                {
                    "type": "Feature",
                    "geometry": {
                        "type": "Point",
                        "coordinates": [
                            49.2476467,
                            55.7930189
                        ]
                    },
                    "properties": {
                        "createdDate": 1703517964423,
                        "bearing": 333.2610168457031,
                        "velocity": 5.252971649169922
                    }
                },
                {
                    "type": "Feature",
                    "geometry": {
                        "type": "Point",
                        "coordinates": [
                            49.247605,
                            55.793065
                        ]
                    },
                    "properties": {
                        "createdDate": 1703517965430,
                        "bearing": 333.0495300292969,
                        "velocity": 5.14705228805542
                    }
                },
                {
                    "type": "Feature",
                    "geometry": {
                        "type": "Point",
                        "coordinates": [
                            49.2475694,
                            55.7931099
                        ]
                    },
                    "properties": {
                        "createdDate": 1703517966421,
                        "bearing": 334.9698791503906,
                        "velocity": 4.611275672912598
                    }
                },
                {
                    "type": "Feature",
                    "geometry": {
                        "type": "Point",
                        "coordinates": [
                            49.2475406,
                            55.7931503
                        ]
                    },
                    "properties": {
                        "createdDate": 1703517967431,
                        "bearing": 332.3537292480469,
                        "velocity": 4.459042549133301
                    }
                },
                {
                    "type": "Feature",
                    "geometry": {
                        "type": "Point",
                        "coordinates": [
                            49.247514,
                            55.7931923
                        ]
                    },
                    "properties": {
                        "createdDate": 1703517968421,
                        "bearing": 333.9819030761719,
                        "velocity": 4.243897438049316
                    }
                },
                {
                    "type": "Feature",
                    "geometry": {
                        "type": "Point",
                        "coordinates": [
                            49.247487,
                            55.7932265
                        ]
                    },
                    "properties": {
                        "createdDate": 1703517969429,
                        "bearing": 329.8822021484375,
                        "velocity": 3.524209976196289
                    }
                },
                {
                    "type": "Feature",
                    "geometry": {
                        "type": "Point",
                        "coordinates": [
                            49.2474679,
                            55.7932605
                        ]
                    },
                    "properties": {
                        "createdDate": 1703517970437,
                        "bearing": 332.8803405761719,
                        "velocity": 3.440375566482544
                    }
                },
                {
                    "type": "Feature",
                    "geometry": {
                        "type": "Point",
                        "coordinates": [
                            49.2474489,
                            55.7932942
                        ]
                    },
                    "properties": {
                        "createdDate": 1703517971428,
                        "bearing": 330.5431213378906,
                        "velocity": 3.4285659790039062
                    }
                },
                {
                    "type": "Feature",
                    "geometry": {
                        "type": "Point",
                        "coordinates": [
                            49.2474302,
                            55.7933224
                        ]
                    },
                    "properties": {
                        "createdDate": 1703517972437,
                        "bearing": 332.97955322265625,
                        "velocity": 3.013176202774048
                    }
                },
                {
                    "type": "Feature",
                    "geometry": {
                        "type": "Point",
                        "coordinates": [
                            49.2474215,
                            55.7933453
                        ]
                    },
                    "properties": {
                        "createdDate": 1703517973426,
                        "bearing": 336.8982849121094,
                        "velocity": 2.4880759716033936
                    }
                },
                {
                    "type": "Feature",
                    "geometry": {
                        "type": "Point",
                        "coordinates": [
                            49.2474157,
                            55.7933724
                        ]
                    },
                    "properties": {
                        "createdDate": 1703517974439,
                        "bearing": 333.72576904296875,
                        "velocity": 2.5196614265441895
                    }
                },
                {
                    "type": "Feature",
                    "geometry": {
                        "type": "Point",
                        "coordinates": [
                            49.2474077,
                            55.7933965
                        ]
                    },
                    "properties": {
                        "createdDate": 1703517975444,
                        "bearing": 334.4924621582031,
                        "velocity": 2.051234722137451
                    }
                },
                {
                    "type": "Feature",
                    "geometry": {
                        "type": "Point",
                        "coordinates": [
                            49.2473993,
                            55.793418
                        ]
                    },
                    "properties": {
                        "createdDate": 1703517976441,
                        "bearing": 338.8549499511719,
                        "velocity": 1.8789511919021606
                    }
                },
                {
                    "type": "Feature",
                    "geometry": {
                        "type": "Point",
                        "coordinates": [
                            49.2473875,
                            55.7934306
                        ]
                    },
                    "properties": {
                        "createdDate": 1703517977444,
                        "bearing": 356.0165710449219,
                        "velocity": 0.24206215143203735
                    }
                },
                {
                    "type": "Feature",
                    "geometry": {
                        "type": "Point",
                        "coordinates": [
                            49.2473811,
                            55.7934307
                        ]
                    },
                    "properties": {
                        "createdDate": 1703517978451,
                        "bearing": 0.0,
                        "velocity": 0.03959339112043381
                    }
                },
                {
                    "type": "Feature",
                    "geometry": {
                        "type": "Point",
                        "coordinates": [
                            49.2473781,
                            55.7934315
                        ]
                    },
                    "properties": {
                        "createdDate": 1703517979446,
                        "bearing": 0.0,
                        "velocity": 0.005424243398010731
                    }
                },
                {
                    "type": "Feature",
                    "geometry": {
                        "type": "Point",
                        "coordinates": [
                            49.2473771,
                            55.7934317
                        ]
                    },
                    "properties": {
                        "createdDate": 1703517980451,
                        "bearing": 0.0,
                        "velocity": 5.795664619654417E-4
                    }
                },
                {
                    "type": "Feature",
                    "geometry": {
                        "type": "Point",
                        "coordinates": [
                            49.2473768,
                            55.7934317
                        ]
                    },
                    "properties": {
                        "createdDate": 1703517981458,
                        "bearing": 0.0,
                        "velocity": 6.568300887010992E-5
                    }
                },
                {
                    "type": "Feature",
                    "geometry": {
                        "type": "Point",
                        "coordinates": [
                            49.2473767,
                            55.7934317
                        ]
                    },
                    "properties": {
                        "createdDate": 1703517982450,
                        "bearing": 0.0,
                        "velocity": 6.856776508357143E-6
                    }
                },
                {
                    "type": "Feature",
                    "geometry": {
                        "type": "Point",
                        "coordinates": [
                            49.2473468,
                            55.7934347
                        ]
                    },
                    "properties": {
                        "createdDate": 1703517994479,
                        "bearing": 262.6614685058594,
                        "velocity": 0.3270682394504547
                    }
                },
                {
                    "type": "Feature",
                    "geometry": {
                        "type": "Point",
                        "coordinates": [
                            49.2473162,
                            55.7934363
                        ]
                    },
                    "properties": {
                        "createdDate": 1703517995474,
                        "bearing": 267.7400207519531,
                        "velocity": 0.7350159883499146
                    }
                },
                {
                    "type": "Feature",
                    "geometry": {
                        "type": "Point",
                        "coordinates": [
                            49.2472814,
                            55.7934346
                        ]
                    },
                    "properties": {
                        "createdDate": 1703517996477,
                        "bearing": 254.9658660888672,
                        "velocity": 1.2093547582626343
                    }
                },
                {
                    "type": "Feature",
                    "geometry": {
                        "type": "Point",
                        "coordinates": [
                            49.2472406,
                            55.7934243
                        ]
                    },
                    "properties": {
                        "createdDate": 1703517997470,
                        "bearing": 240.02877807617188,
                        "velocity": 1.7746386528015137
                    }
                },
                {
                    "type": "Feature",
                    "geometry": {
                        "type": "Point",
                        "coordinates": [
                            49.2471887,
                            55.7934068
                        ]
                    },
                    "properties": {
                        "createdDate": 1703517998478,
                        "bearing": 236.4480438232422,
                        "velocity": 2.5383522510528564
                    }
                },
                {
                    "type": "Feature",
                    "geometry": {
                        "type": "Point",
                        "coordinates": [
                            49.2471236,
                            55.7933855
                        ]
                    },
                    "properties": {
                        "createdDate": 1703517999470,
                        "bearing": 235.8783721923828,
                        "velocity": 3.3439579010009766
                    }
                },
                {
                    "type": "Feature",
                    "geometry": {
                        "type": "Point",
                        "coordinates": [
                            49.2470511,
                            55.7933622
                        ]
                    },
                    "properties": {
                        "createdDate": 1703518000477,
                        "bearing": 235.58364868164062,
                        "velocity": 3.9734156131744385
                    }
                },
                {
                    "type": "Feature",
                    "geometry": {
                        "type": "Point",
                        "coordinates": [
                            49.2469742,
                            55.7933376
                        ]
                    },
                    "properties": {
                        "createdDate": 1703518001484,
                        "bearing": 236.02586364746094,
                        "velocity": 4.39971923828125
                    }
                },
                {
                    "type": "Feature",
                    "geometry": {
                        "type": "Point",
                        "coordinates": [
                            49.2468944,
                            55.7933104
                        ]
                    },
                    "properties": {
                        "createdDate": 1703518002480,
                        "bearing": 236.12564086914062,
                        "velocity": 4.804082870483398
                    }
                },
                {
                    "type": "Feature",
                    "geometry": {
                        "type": "Point",
                        "coordinates": [
                            49.2468125,
                            55.7932834
                        ]
                    },
                    "properties": {
                        "createdDate": 1703518003472,
                        "bearing": 236.875244140625,
                        "velocity": 5.135968208312988
                    }
                },
                {
                    "type": "Feature",
                    "geometry": {
                        "type": "Point",
                        "coordinates": [
                            49.2467205,
                            55.7932561
                        ]
                    },
                    "properties": {
                        "createdDate": 1703518004491,
                        "bearing": 238.2773895263672,
                        "velocity": 5.453858852386475
                    }
                },
                {
                    "type": "Feature",
                    "geometry": {
                        "type": "Point",
                        "coordinates": [
                            49.2466259,
                            55.7932328
                        ]
                    },
                    "properties": {
                        "createdDate": 1703518005500,
                        "bearing": 241.544677734375,
                        "velocity": 5.639899253845215
                    }
                },
                {
                    "type": "Feature",
                    "geometry": {
                        "type": "Point",
                        "coordinates": [
                            49.2465252,
                            55.7932105
                        ]
                    },
                    "properties": {
                        "createdDate": 1703518006492,
                        "bearing": 243.6067352294922,
                        "velocity": 5.805354595184326
                    }
                },
                {
                    "type": "Feature",
                    "geometry": {
                        "type": "Point",
                        "coordinates": [
                            49.2464239,
                            55.7931936
                        ]
                    },
                    "properties": {
                        "createdDate": 1703518007499,
                        "bearing": 246.3289794921875,
                        "velocity": 5.898522853851318
                    }
                },
                {
                    "type": "Feature",
                    "geometry": {
                        "type": "Point",
                        "coordinates": [
                            49.2463251,
                            55.793176
                        ]
                    },
                    "properties": {
                        "createdDate": 1703518008496,
                        "bearing": 248.4237823486328,
                        "velocity": 5.9513044357299805
                    }
                },
                {
                    "type": "Feature",
                    "geometry": {
                        "type": "Point",
                        "coordinates": [
                            49.2462379,
                            55.7931532
                        ]
                    },
                    "properties": {
                        "createdDate": 1703518009498,
                        "bearing": 246.4234619140625,
                        "velocity": 5.934239864349365
                    }
                },
                {
                    "type": "Feature",
                    "geometry": {
                        "type": "Point",
                        "coordinates": [
                            49.2461502,
                            55.7931307
                        ]
                    },
                    "properties": {
                        "createdDate": 1703518010505,
                        "bearing": 245.6729736328125,
                        "velocity": 5.939643859863281
                    }
                },
                {
                    "type": "Feature",
                    "geometry": {
                        "type": "Point",
                        "coordinates": [
                            49.2460654,
                            55.7931109
                        ]
                    },
                    "properties": {
                        "createdDate": 1703518011498,
                        "bearing": 247.1015625,
                        "velocity": 5.814320087432861
                    }
                },
                {
                    "type": "Feature",
                    "geometry": {
                        "type": "Point",
                        "coordinates": [
                            49.2459935,
                            55.7930991
                        ]
                    },
                    "properties": {
                        "createdDate": 1703518012506,
                        "bearing": 249.59156799316406,
                        "velocity": 5.4376420974731445
                    }
                },
                {
                    "type": "Feature",
                    "geometry": {
                        "type": "Point",
                        "coordinates": [
                            49.2459295,
                            55.7930955
                        ]
                    },
                    "properties": {
                        "createdDate": 1703518013498,
                        "bearing": 252.22808837890625,
                        "velocity": 5.102055549621582
                    }
                },
                {
                    "type": "Feature",
                    "geometry": {
                        "type": "Point",
                        "coordinates": [
                            49.2458679,
                            55.7930948
                        ]
                    },
                    "properties": {
                        "createdDate": 1703518014507,
                        "bearing": 256.0904541015625,
                        "velocity": 4.738828182220459
                    }
                },
                {
                    "type": "Feature",
                    "geometry": {
                        "type": "Point",
                        "coordinates": [
                            49.2458117,
                            55.7930847
                        ]
                    },
                    "properties": {
                        "createdDate": 1703518015513,
                        "bearing": 254.7883758544922,
                        "velocity": 4.421695709228516
                    }
                },
                {
                    "type": "Feature",
                    "geometry": {
                        "type": "Point",
                        "coordinates": [
                            49.2457475,
                            55.7930757
                        ]
                    },
                    "properties": {
                        "createdDate": 1703518016506,
                        "bearing": 254.57492065429688,
                        "velocity": 4.116838455200195
                    }
                },
                {
                    "type": "Feature",
                    "geometry": {
                        "type": "Point",
                        "coordinates": [
                            49.2456773,
                            55.7930664
                        ]
                    },
                    "properties": {
                        "createdDate": 1703518017512,
                        "bearing": 252.28089904785156,
                        "velocity": 4.165397644042969
                    }
                },
                {
                    "type": "Feature",
                    "geometry": {
                        "type": "Point",
                        "coordinates": [
                            49.2455997,
                            55.7930504
                        ]
                    },
                    "properties": {
                        "createdDate": 1703518018519,
                        "bearing": 248.54644775390625,
                        "velocity": 4.3529372215271
                    }
                },
                {
                    "type": "Feature",
                    "geometry": {
                        "type": "Point",
                        "coordinates": [
                            49.2455268,
                            55.793035
                        ]
                    },
                    "properties": {
                        "createdDate": 1703518019512,
                        "bearing": 248.8524169921875,
                        "velocity": 4.2198567390441895
                    }
                },
                {
                    "type": "Feature",
                    "geometry": {
                        "type": "Point",
                        "coordinates": [
                            49.2454632,
                            55.7930232
                        ]
                    },
                    "properties": {
                        "createdDate": 1703518020518,
                        "bearing": 251.12013244628906,
                        "velocity": 3.9961657524108887
                    }
                },
                {
                    "type": "Feature",
                    "geometry": {
                        "type": "Point",
                        "coordinates": [
                            49.2454031,
                            55.7930084
                        ]
                    },
                    "properties": {
                        "createdDate": 1703518021514,
                        "bearing": 248.00991821289062,
                        "velocity": 3.9391050338745117
                    }
                },
                {
                    "type": "Feature",
                    "geometry": {
                        "type": "Point",
                        "coordinates": [
                            49.245353,
                            55.7929914
                        ]
                    },
                    "properties": {
                        "createdDate": 1703518022518,
                        "bearing": 244.468505859375,
                        "velocity": 3.684730052947998
                    }
                },
                {
                    "type": "Feature",
                    "geometry": {
                        "type": "Point",
                        "coordinates": [
                            49.2453152,
                            55.7929759
                        ]
                    },
                    "properties": {
                        "createdDate": 1703518023526,
                        "bearing": 244.22518920898438,
                        "velocity": 3.251598834991455
                    }
                },
                {
                    "type": "Feature",
                    "geometry": {
                        "type": "Point",
                        "coordinates": [
                            49.2452896,
                            55.792968
                        ]
                    },
                    "properties": {
                        "createdDate": 1703518024521,
                        "bearing": 246.6251678466797,
                        "velocity": 1.7457481622695923
                    }
                },
                {
                    "type": "Feature",
                    "geometry": {
                        "type": "Point",
                        "coordinates": [
                            49.2452733,
                            55.7929664
                        ]
                    },
                    "properties": {
                        "createdDate": 1703518025526,
                        "bearing": 246.3193359375,
                        "velocity": 1.441938042640686
                    }
                },
                {
                    "type": "Feature",
                    "geometry": {
                        "type": "Point",
                        "coordinates": [
                            49.2452457,
                            55.7929704
                        ]
                    },
                    "properties": {
                        "createdDate": 1703518026518,
                        "bearing": 316.9669189453125,
                        "velocity": 2.1154844760894775
                    }
                },
                {
                    "type": "Feature",
                    "geometry": {
                        "type": "Point",
                        "coordinates": [
                            49.2452324,
                            55.7929897
                        ]
                    },
                    "properties": {
                        "createdDate": 1703518027527,
                        "bearing": 323.4759521484375,
                        "velocity": 2.855924606323242
                    }
                },
                {
                    "type": "Feature",
                    "geometry": {
                        "type": "Point",
                        "coordinates": [
                            49.2452165,
                            55.7930116
                        ]
                    },
                    "properties": {
                        "createdDate": 1703518028535,
                        "bearing": 327.51220703125,
                        "velocity": 4.005667209625244
                    }
                },
                {
                    "type": "Feature",
                    "geometry": {
                        "type": "Point",
                        "coordinates": [
                            49.2451839,
                            55.7930467
                        ]
                    },
                    "properties": {
                        "createdDate": 1703518029531,
                        "bearing": 326.98681640625,
                        "velocity": 4.827807903289795
                    }
                },
                {
                    "type": "Feature",
                    "geometry": {
                        "type": "Point",
                        "coordinates": [
                            49.2451361,
                            55.7930748
                        ]
                    },
                    "properties": {
                        "createdDate": 1703518030532,
                        "bearing": 329.2798767089844,
                        "velocity": 5.0002546310424805
                    }
                },
                {
                    "type": "Feature",
                    "geometry": {
                        "type": "Point",
                        "coordinates": [
                            49.2450951,
                            55.7931087
                        ]
                    },
                    "properties": {
                        "createdDate": 1703518031542,
                        "bearing": 328.93243408203125,
                        "velocity": 5.2284417152404785
                    }
                },
                {
                    "type": "Feature",
                    "geometry": {
                        "type": "Point",
                        "coordinates": [
                            49.2450354,
                            55.7931342
                        ]
                    },
                    "properties": {
                        "createdDate": 1703518032533,
                        "bearing": 328.692138671875,
                        "velocity": 4.919325351715088
                    }
                },
                {
                    "type": "Feature",
                    "geometry": {
                        "type": "Point",
                        "coordinates": [
                            49.2449642,
                            55.7931501
                        ]
                    },
                    "properties": {
                        "createdDate": 1703518033541,
                        "bearing": 319.8188781738281,
                        "velocity": 4.362066745758057
                    }
                },
                {
                    "type": "Feature",
                    "geometry": {
                        "type": "Point",
                        "coordinates": [
                            49.2449215,
                            55.7931692
                        ]
                    },
                    "properties": {
                        "createdDate": 1703518034534,
                        "bearing": 324.93634033203125,
                        "velocity": 3.4886679649353027
                    }
                },
                {
                    "type": "Feature",
                    "geometry": {
                        "type": "Point",
                        "coordinates": [
                            49.2448878,
                            55.7931877
                        ]
                    },
                    "properties": {
                        "createdDate": 1703518035541,
                        "bearing": 328.4163513183594,
                        "velocity": 2.8409125804901123
                    }
                },
                {
                    "type": "Feature",
                    "geometry": {
                        "type": "Point",
                        "coordinates": [
                            49.2448635,
                            55.7932039
                        ]
                    },
                    "properties": {
                        "createdDate": 1703518036535,
                        "bearing": 327.1281433105469,
                        "velocity": 2.5412631034851074
                    }
                },
                {
                    "type": "Feature",
                    "geometry": {
                        "type": "Point",
                        "coordinates": [
                            49.2448525,
                            55.7932208
                        ]
                    },
                    "properties": {
                        "createdDate": 1703518037541,
                        "bearing": 336.3914489746094,
                        "velocity": 1.9357558488845825
                    }
                },
                {
                    "type": "Feature",
                    "geometry": {
                        "type": "Point",
                        "coordinates": [
                            49.2448471,
                            55.7932319
                        ]
                    },
                    "properties": {
                        "createdDate": 1703518038547,
                        "bearing": 345.32623291015625,
                        "velocity": 1.5770647525787354
                    }
                },
                {
                    "type": "Feature",
                    "geometry": {
                        "type": "Point",
                        "coordinates": [
                            49.2448438,
                            55.7932441
                        ]
                    },
                    "properties": {
                        "createdDate": 1703518039544,
                        "bearing": 0.9952270984649658,
                        "velocity": 1.694801688194275
                    }
                },
                {
                    "type": "Feature",
                    "geometry": {
                        "type": "Point",
                        "coordinates": [
                            49.2448471,
                            55.793251
                        ]
                    },
                    "properties": {
                        "createdDate": 1703518040548,
                        "bearing": 0.002062218263745308,
                        "velocity": 0.15827523171901703
                    }
                },
                {
                    "type": "Feature",
                    "geometry": {
                        "type": "Point",
                        "coordinates": [
                            49.244857,
                            55.793253
                        ]
                    },
                    "properties": {
                        "createdDate": 1703518041554,
                        "bearing": 0.0,
                        "velocity": 0.022310076281428337
                    }
                },
                {
                    "type": "Feature",
                    "geometry": {
                        "type": "Point",
                        "coordinates": [
                            49.2448692,
                            55.7932568
                        ]
                    },
                    "properties": {
                        "createdDate": 1703518042550,
                        "bearing": 0.0,
                        "velocity": 0.00612488342449069
                    }
                },
                {
                    "type": "Feature",
                    "geometry": {
                        "type": "Point",
                        "coordinates": [
                            49.2448731,
                            55.7932579
                        ]
                    },
                    "properties": {
                        "createdDate": 1703518043554,
                        "bearing": 0.0,
                        "velocity": 0.0015759060624986887
                    }
                },
                {
                    "type": "Feature",
                    "geometry": {
                        "type": "Point",
                        "coordinates": [
                            49.2448744,
                            55.7932582
                        ]
                    },
                    "properties": {
                        "createdDate": 1703518044562,
                        "bearing": 0.0,
                        "velocity": 4.625558212865144E-4
                    }
                },
                {
                    "type": "Feature",
                    "geometry": {
                        "type": "Point",
                        "coordinates": [
                            49.2448748,
                            55.7932583
                        ]
                    },
                    "properties": {
                        "createdDate": 1703518045553,
                        "bearing": 0.0,
                        "velocity": 1.3532687444239855E-4
                    }
                },
                {
                    "type": "Feature",
                    "geometry": {
                        "type": "Point",
                        "coordinates": [
                            49.2448749,
                            55.7932583
                        ]
                    },
                    "properties": {
                        "createdDate": 1703518046561,
                        "bearing": 0.0,
                        "velocity": 8.376593177672476E-5
                    }
                },
                {
                    "type": "Feature",
                    "geometry": {
                        "type": "Point",
                        "coordinates": [
                            49.244875,
                            55.7932583
                        ]
                    },
                    "properties": {
                        "createdDate": 1703518047553,
                        "bearing": 0.0,
                        "velocity": 1.4562179785571061E-5
                    }
                },
                {
                    "type": "Feature",
                    "geometry": {
                        "type": "Point",
                        "coordinates": [
                            49.2449609,
                            55.793302
                        ]
                    },
                    "properties": {
                        "createdDate": 1703518052563,
                        "bearing": 1.2971501350402832,
                        "velocity": 0.22669751942157745
                    }
                },
                {
                    "type": "Feature",
                    "geometry": {
                        "type": "Point",
                        "coordinates": [
                            49.2450078,
                            55.793324
                        ]
                    },
                    "properties": {
                        "createdDate": 1703518053567,
                        "bearing": 52.09567642211914,
                        "velocity": 1.614786148071289
                    }
                },
                {
                    "type": "Feature",
                    "geometry": {
                        "type": "Point",
                        "coordinates": [
                            49.2450321,
                            55.7933356
                        ]
                    },
                    "properties": {
                        "createdDate": 1703518054575,
                        "bearing": 63.188720703125,
                        "velocity": 1.822792649269104
                    }
                },
                {
                    "type": "Feature",
                    "geometry": {
                        "type": "Point",
                        "coordinates": [
                            49.2450316,
                            55.7933384
                        ]
                    },
                    "properties": {
                        "createdDate": 1703518055568,
                        "bearing": 68.59578704833984,
                        "velocity": 1.5997802019119263
                    }
                },
                {
                    "type": "Feature",
                    "geometry": {
                        "type": "Point",
                        "coordinates": [
                            49.2450498,
                            55.7933407
                        ]
                    },
                    "properties": {
                        "createdDate": 1703518056575,
                        "bearing": 71.0280532836914,
                        "velocity": 1.4254882335662842
                    }
                },
                {
                    "type": "Feature",
                    "geometry": {
                        "type": "Point",
                        "coordinates": [
                            49.2450817,
                            55.7933449
                        ]
                    },
                    "properties": {
                        "createdDate": 1703518057565,
                        "bearing": 73.74857330322266,
                        "velocity": 1.5960636138916016
                    }
                },
                {
                    "type": "Feature",
                    "geometry": {
                        "type": "Point",
                        "coordinates": [
                            49.2451364,
                            55.7933358
                        ]
                    },
                    "properties": {
                        "createdDate": 1703518058575,
                        "bearing": 90.92522430419922,
                        "velocity": 2.153087615966797
                    }
                },
                {
                    "type": "Feature",
                    "geometry": {
                        "type": "Point",
                        "coordinates": [
                            49.2451962,
                            55.7933173
                        ]
                    },
                    "properties": {
                        "createdDate": 1703518059581,
                        "bearing": 103.64340209960938,
                        "velocity": 2.6923727989196777
                    }
                },
                {
                    "type": "Feature",
                    "geometry": {
                        "type": "Point",
                        "coordinates": [
                            49.2452408,
                            55.7933079
                        ]
                    },
                    "properties": {
                        "createdDate": 1703518060588,
                        "bearing": 104.87612915039062,
                        "velocity": 2.6727187633514404
                    }
                },
                {
                    "type": "Feature",
                    "geometry": {
                        "type": "Point",
                        "coordinates": [
                            49.245281,
                            55.7933018
                        ]
                    },
                    "properties": {
                        "createdDate": 1703518061584,
                        "bearing": 103.88860321044922,
                        "velocity": 2.606109619140625
                    }
                },
                {
                    "type": "Feature",
                    "geometry": {
                        "type": "Point",
                        "coordinates": [
                            49.2453204,
                            55.793299
                        ]
                    },
                    "properties": {
                        "createdDate": 1703518062587,
                        "bearing": 101.693115234375,
                        "velocity": 2.5299596786499023
                    }
                },
                {
                    "type": "Feature",
                    "geometry": {
                        "type": "Point",
                        "coordinates": [
                            49.2453586,
                            55.7932996
                        ]
                    },
                    "properties": {
                        "createdDate": 1703518063581,
                        "bearing": 97.8066635131836,
                        "velocity": 2.47611141204834
                    }
                },
                {
                    "type": "Feature",
                    "geometry": {
                        "type": "Point",
                        "coordinates": [
                            49.2453994,
                            55.7932989
                        ]
                    },
                    "properties": {
                        "createdDate": 1703518064587,
                        "bearing": 96.94542694091797,
                        "velocity": 2.502143383026123
                    }
                },
                {
                    "type": "Feature",
                    "geometry": {
                        "type": "Point",
                        "coordinates": [
                            49.2454326,
                            55.7933055
                        ]
                    },
                    "properties": {
                        "createdDate": 1703518065579,
                        "bearing": 90.30657196044922,
                        "velocity": 2.332136869430542
                    }
                },
                {
                    "type": "Feature",
                    "geometry": {
                        "type": "Point",
                        "coordinates": [
                            49.2458602,
                            55.7933046
                        ]
                    },
                    "properties": {
                        "createdDate": 1703518081606,
                        "bearing": 90.21634674072266,
                        "velocity": 2.0556418895721436
                    }
                },
                {
                    "type": "Feature",
                    "geometry": {
                        "type": "Point",
                        "coordinates": [
                            49.2459582,
                            55.7933047
                        ]
                    },
                    "properties": {
                        "createdDate": 1703518086612,
                        "bearing": 90.13416290283203,
                        "velocity": 1.80905282497406
                    }
                },
                {
                    "type": "Feature",
                    "geometry": {
                        "type": "Point",
                        "coordinates": [
                            49.2429275,
                            55.7886688
                        ]
                    },
                    "properties": {
                        "createdDate": 1703518146640,
                        "bearing": 0.0,
                        "velocity": 0.0
                    }
                },
                {
                    "type": "Feature",
                    "geometry": {
                        "type": "Point",
                        "coordinates": [
                            49.24566,
                            55.7936783
                        ]
                    },
                    "properties": {
                        "createdDate": 1703518160651,
                        "bearing": 359.0,
                        "velocity": 2.5036089420318604
                    }
                },
                {
                    "type": "Feature",
                    "geometry": {
                        "type": "Point",
                        "coordinates": [
                            49.245597,
                            55.793652
                        ]
                    },
                    "properties": {
                        "createdDate": 1703518161659,
                        "bearing": 348.17449951171875,
                        "velocity": 1.5397840738296509
                    }
                },
                {
                    "type": "Feature",
                    "geometry": {
                        "type": "Point",
                        "coordinates": [
                            49.2456357,
                            55.7936694
                        ]
                    },
                    "properties": {
                        "createdDate": 1703518162650,
                        "bearing": 0.7249393463134766,
                        "velocity": 1.0456470251083374
                    }
                },
                {
                    "type": "Feature",
                    "geometry": {
                        "type": "Point",
                        "coordinates": [
                            49.2456496,
                            55.7936325
                        ]
                    },
                    "properties": {
                        "createdDate": 1703518163641,
                        "bearing": 176.3511505126953,
                        "velocity": 0.2913624942302704
                    }
                },
                {
                    "type": "Feature",
                    "geometry": {
                        "type": "Point",
                        "coordinates": [
                            49.245659,
                            55.7936065
                        ]
                    },
                    "properties": {
                        "createdDate": 1703518164650,
                        "bearing": 178.45201110839844,
                        "velocity": 0.6679039001464844
                    }
                },
                {
                    "type": "Feature",
                    "geometry": {
                        "type": "Point",
                        "coordinates": [
                            49.2456635,
                            55.7935956
                        ]
                    },
                    "properties": {
                        "createdDate": 1703518165658,
                        "bearing": 178.86688232421875,
                        "velocity": 0.5556783676147461
                    }
                },
                {
                    "type": "Feature",
                    "geometry": {
                        "type": "Point",
                        "coordinates": [
                            49.2456939,
                            55.7935792
                        ]
                    },
                    "properties": {
                        "createdDate": 1703518166651,
                        "bearing": 158.6641845703125,
                        "velocity": 0.2014549970626831
                    }
                },
                {
                    "type": "Feature",
                    "geometry": {
                        "type": "Point",
                        "coordinates": [
                            49.2457196,
                            55.793562
                        ]
                    },
                    "properties": {
                        "createdDate": 1703518167639,
                        "bearing": 126.31336212158203,
                        "velocity": 0.15332365036010742
                    }
                },
                {
                    "type": "Feature",
                    "geometry": {
                        "type": "Point",
                        "coordinates": [
                            49.2457337,
                            55.7935441
                        ]
                    },
                    "properties": {
                        "createdDate": 1703518168648,
                        "bearing": 138.25286865234375,
                        "velocity": 0.19166092574596405
                    }
                },
                {
                    "type": "Feature",
                    "geometry": {
                        "type": "Point",
                        "coordinates": [
                            49.2457434,
                            55.7935352
                        ]
                    },
                    "properties": {
                        "createdDate": 1703518169656,
                        "bearing": 137.46002197265625,
                        "velocity": 0.1912742257118225
                    }
                },
                {
                    "type": "Feature",
                    "geometry": {
                        "type": "Point",
                        "coordinates": [
                            49.2457525,
                            55.7935405
                        ]
                    },
                    "properties": {
                        "createdDate": 1703518170648,
                        "bearing": 125.82249450683594,
                        "velocity": 0.16052350401878357
                    }
                },
                {
                    "type": "Feature",
                    "geometry": {
                        "type": "Point",
                        "coordinates": [
                            49.2457571,
                            55.7935432
                        ]
                    },
                    "properties": {
                        "createdDate": 1703518171656,
                        "bearing": 118.86246490478516,
                        "velocity": 0.14588360488414764
                    }
                },
                {
                    "type": "Feature",
                    "geometry": {
                        "type": "Point",
                        "coordinates": [
                            49.2457595,
                            55.7935447
                        ]
                    },
                    "properties": {
                        "createdDate": 1703518172647,
                        "bearing": 114.39286804199219,
                        "velocity": 0.1353367120027542
                    }
                },
                {
                    "type": "Feature",
                    "geometry": {
                        "type": "Point",
                        "coordinates": [
                            49.2457607,
                            55.7935455
                        ]
                    },
                    "properties": {
                        "createdDate": 1703518173655,
                        "bearing": 111.36917877197266,
                        "velocity": 0.12628965079784393
                    }
                },
                {
                    "type": "Feature",
                    "geometry": {
                        "type": "Point",
                        "coordinates": [
                            49.2457613,
                            55.7935459
                        ]
                    },
                    "properties": {
                        "createdDate": 1703518174646,
                        "bearing": 109.47593688964844,
                        "velocity": 0.11906559765338898
                    }
                },
                {
                    "type": "Feature",
                    "geometry": {
                        "type": "Point",
                        "coordinates": [
                            49.2457615,
                            55.7935461
                        ]
                    },
                    "properties": {
                        "createdDate": 1703518175639,
                        "bearing": 108.01264190673828,
                        "velocity": 0.11209287494421005
                    }
                },
                {
                    "type": "Feature",
                    "geometry": {
                        "type": "Point",
                        "coordinates": [
                            49.2457602,
                            55.7935461
                        ]
                    },
                    "properties": {
                        "createdDate": 1703518177656,
                        "bearing": 0.0,
                        "velocity": 0.04374280199408531
                    }
                },
                {
                    "type": "Feature",
                    "geometry": {
                        "type": "Point",
                        "coordinates": [
                            49.2457616,
                            55.7935462
                        ]
                    },
                    "properties": {
                        "createdDate": 1703518178644,
                        "bearing": 0.0,
                        "velocity": 0.04103901982307434
                    }
                },
                {
                    "type": "Feature",
                    "geometry": {
                        "type": "Point",
                        "coordinates": [
                            49.2457619,
                            55.7935463
                        ]
                    },
                    "properties": {
                        "createdDate": 1703518179653,
                        "bearing": 0.0,
                        "velocity": 0.02825416810810566
                    }
                },
                {
                    "type": "Feature",
                    "geometry": {
                        "type": "Point",
                        "coordinates": [
                            49.2457622,
                            55.7935462
                        ]
                    },
                    "properties": {
                        "createdDate": 1703518181651,
                        "bearing": 0.0,
                        "velocity": 0.012155669741332531
                    }
                },
                {
                    "type": "Feature",
                    "geometry": {
                        "type": "Point",
                        "coordinates": [
                            49.2457615,
                            55.7935465
                        ]
                    },
                    "properties": {
                        "createdDate": 1703518182660,
                        "bearing": 0.0,
                        "velocity": 0.0046530431136488914
                    }
                },
                {
                    "type": "Feature",
                    "geometry": {
                        "type": "Point",
                        "coordinates": [
                            49.2457668,
                            55.7935502
                        ]
                    },
                    "properties": {
                        "createdDate": 1703518183651,
                        "bearing": 0.0,
                        "velocity": 0.0056390948593616486
                    }
                },
                {
                    "type": "Feature",
                    "geometry": {
                        "type": "Point",
                        "coordinates": [
                            49.2457689,
                            55.7935521
                        ]
                    },
                    "properties": {
                        "createdDate": 1703518184659,
                        "bearing": 0.0,
                        "velocity": 0.0065559642389416695
                    }
                },
                {
                    "type": "Feature",
                    "geometry": {
                        "type": "Point",
                        "coordinates": [
                            49.2457726,
                            55.7935528
                        ]
                    },
                    "properties": {
                        "createdDate": 1703518185649,
                        "bearing": 0.0,
                        "velocity": 0.06899859756231308
                    }
                },
                {
                    "type": "Feature",
                    "geometry": {
                        "type": "Point",
                        "coordinates": [
                            49.2457746,
                            55.7935511
                        ]
                    },
                    "properties": {
                        "createdDate": 1703518186658,
                        "bearing": 0.0,
                        "velocity": 0.04815506935119629
                    }
                },
                {
                    "type": "Feature",
                    "geometry": {
                        "type": "Point",
                        "coordinates": [
                            49.245778,
                            55.7935451
                        ]
                    },
                    "properties": {
                        "createdDate": 1703518187666,
                        "bearing": 0.0,
                        "velocity": 0.08210247755050659
                    }
                },
                {
                    "type": "Feature",
                    "geometry": {
                        "type": "Point",
                        "coordinates": [
                            49.2457933,
                            55.793547
                        ]
                    },
                    "properties": {
                        "createdDate": 1703518188657,
                        "bearing": 135.88323974609375,
                        "velocity": 0.1470041126012802
                    }
                },
                {
                    "type": "Feature",
                    "geometry": {
                        "type": "Point",
                        "coordinates": [
                            49.2458053,
                            55.7935426
                        ]
                    },
                    "properties": {
                        "createdDate": 1703518189665,
                        "bearing": 129.43649291992188,
                        "velocity": 0.2398906648159027
                    }
                },
                {
                    "type": "Feature",
                    "geometry": {
                        "type": "Point",
                        "coordinates": [
                            49.2458119,
                            55.7935341
                        ]
                    },
                    "properties": {
                        "createdDate": 1703518190659,
                        "bearing": 141.78408813476562,
                        "velocity": 0.29876407980918884
                    }
                },
                {
                    "type": "Feature",
                    "geometry": {
                        "type": "Point",
                        "coordinates": [
                            49.2458137,
                            55.7935239
                        ]
                    },
                    "properties": {
                        "createdDate": 1703518191666,
                        "bearing": 152.64366149902344,
                        "velocity": 0.3197486996650696
                    }
                },
                {
                    "type": "Feature",
                    "geometry": {
                        "type": "Point",
                        "coordinates": [
                            49.2458133,
                            55.7935081
                        ]
                    },
                    "properties": {
                        "createdDate": 1703518192673,
                        "bearing": 157.85861206054688,
                        "velocity": 0.4042096436023712
                    }
                },
                {
                    "type": "Feature",
                    "geometry": {
                        "type": "Point",
                        "coordinates": [
                            49.245817,
                            55.7934929
                        ]
                    },
                    "properties": {
                        "createdDate": 1703518193666,
                        "bearing": 152.86553955078125,
                        "velocity": 0.49314019083976746
                    }
                },
                {
                    "type": "Feature",
                    "geometry": {
                        "type": "Point",
                        "coordinates": [
                            49.2458224,
                            55.793486
                        ]
                    },
                    "properties": {
                        "createdDate": 1703518194672,
                        "bearing": 145.6671142578125,
                        "velocity": 0.48191162943840027
                    }
                },
                {
                    "type": "Feature",
                    "geometry": {
                        "type": "Point",
                        "coordinates": [
                            49.2458323,
                            55.7934218
                        ]
                    },
                    "properties": {
                        "createdDate": 1703518195681,
                        "bearing": 152.1212158203125,
                        "velocity": 0.6525318622589111
                    }
                },
                {
                    "type": "Feature",
                    "geometry": {
                        "type": "Point",
                        "coordinates": [
                            49.2458398,
                            55.7933958
                        ]
                    },
                    "properties": {
                        "createdDate": 1703518196672,
                        "bearing": 150.65081787109375,
                        "velocity": 0.7186979055404663
                    }
                },
                {
                    "type": "Feature",
                    "geometry": {
                        "type": "Point",
                        "coordinates": [
                            49.2458538,
                            55.7933593
                        ]
                    },
                    "properties": {
                        "createdDate": 1703518197679,
                        "bearing": 147.53839111328125,
                        "velocity": 0.8240274786949158
                    }
                },
                {
                    "type": "Feature",
                    "geometry": {
                        "type": "Point",
                        "coordinates": [
                            49.2458624,
                            55.7933432
                        ]
                    },
                    "properties": {
                        "createdDate": 1703518198670,
                        "bearing": 148.0771942138672,
                        "velocity": 0.839634120464325
                    }
                },
                {
                    "type": "Feature",
                    "geometry": {
                        "type": "Point",
                        "coordinates": [
                            49.2458711,
                            55.7933293
                        ]
                    },
                    "properties": {
                        "createdDate": 1703518199662,
                        "bearing": 148.4801788330078,
                        "velocity": 0.8523028492927551
                    }
                },
                {
                    "type": "Feature",
                    "geometry": {
                        "type": "Point",
                        "coordinates": [
                            49.2458922,
                            55.7933034
                        ]
                    },
                    "properties": {
                        "createdDate": 1703518202669,
                        "bearing": 148.9111785888672,
                        "velocity": 0.8621636629104614
                    }
                },
                {
                    "type": "Feature",
                    "geometry": {
                        "type": "Point",
                        "coordinates": [
                            49.245953,
                            55.7933489
                        ]
                    },
                    "properties": {
                        "createdDate": 1703518207661,
                        "bearing": 138.3579864501953,
                        "velocity": 0.7207552790641785
                    }
                },
                {
                    "type": "Feature",
                    "geometry": {
                        "type": "Point",
                        "coordinates": [
                            49.2460465,
                            55.7936089
                        ]
                    },
                    "properties": {
                        "createdDate": 1703518212664,
                        "bearing": 14.761248588562012,
                        "velocity": 3.5778775215148926
                    }
                },
                {
                    "type": "Feature",
                    "geometry": {
                        "type": "Point",
                        "coordinates": [
                            49.2460753,
                            55.7937368
                        ]
                    },
                    "properties": {
                        "createdDate": 1703518217673,
                        "bearing": 10.319397926330566,
                        "velocity": 3.1441454887390137
                    }
                }
            ]
        }
    },
    {
        "uuid": "5bc6fe3b-bf5f-4e10-9d58-33e3b7207190",
        "videoId": "1703517617877",
        "filePath": "/vs_data/citysoft-dev/video/2023/12/25/5b8b176f019ea18e/1703517330494/1703517617877/1703517617877.mp4",
        "sessionId": "1703517330494",
        "deviceId": "5b8b176f019ea18e",
        "descriptions": {
            "onDevice": "VladTest",
            "onServer": "VladTest"
        },
        "numbers": {
            "onDevice": "VladTest",
            "onServer": "VladTest"
        },
        "processingStatus": "CORRUPTED",
        "operatorId": 1,
        "creationDate": "2023-12-25T15:20:17.877Z",
        "processedDate": "2023-12-25T17:01:23.263Z",
        "homographyId": null,
        "mergedPartsCount": 300,
        "fps": 0,
        "size": 4527671,
        "resolution": null,
        "errorReason": null,
        "errorModule": null,
        "errorMessage": null,
        "geoJSON": {
            "type": "FeatureCollection",
            "features": [
                {
                    "type": "Feature",
                    "geometry": {
                        "type": "Point",
                        "coordinates": [
                            49.2541769,
                            55.7872202
                        ]
                    },
                    "properties": {
                        "createdDate": 1703517617877,
                        "bearing": 0.0,
                        "velocity": 6.37525285128504E-4
                    }
                },
                {
                    "type": "Feature",
                    "geometry": {
                        "type": "Point",
                        "coordinates": [
                            49.2541768,
                            55.7872201
                        ]
                    },
                    "properties": {
                        "createdDate": 1703517618869,
                        "bearing": 0.0,
                        "velocity": 7.440475201292429E-6
                    }
                },
                {
                    "type": "Feature",
                    "geometry": {
                        "type": "Point",
                        "coordinates": [
                            49.2541767,
                            55.78722
                        ]
                    },
                    "properties": {
                        "createdDate": 1703517619875,
                        "bearing": 0.0,
                        "velocity": 9.297486030845903E-6
                    }
                },
                {
                    "type": "Feature",
                    "geometry": {
                        "type": "Point",
                        "coordinates": [
                            49.2541978,
                            55.7872202
                        ]
                    },
                    "properties": {
                        "createdDate": 1703517634894,
                        "bearing": 160.1677703857422,
                        "velocity": 0.44739747047424316
                    }
                },
                {
                    "type": "Feature",
                    "geometry": {
                        "type": "Point",
                        "coordinates": [
                            49.2542174,
                            55.7872152
                        ]
                    },
                    "properties": {
                        "createdDate": 1703517635903,
                        "bearing": 149.5132293701172,
                        "velocity": 0.7625022530555725
                    }
                },
                {
                    "type": "Feature",
                    "geometry": {
                        "type": "Point",
                        "coordinates": [
                            49.25423,
                            55.78721
                        ]
                    },
                    "properties": {
                        "createdDate": 1703517636895,
                        "bearing": 154.3621826171875,
                        "velocity": 0.38978102803230286
                    }
                },
                {
                    "type": "Feature",
                    "geometry": {
                        "type": "Point",
                        "coordinates": [
                            49.2542364,
                            55.7872082
                        ]
                    },
                    "properties": {
                        "createdDate": 1703517637903,
                        "bearing": 157.40847778320312,
                        "velocity": 0.19060148298740387
                    }
                },
                {
                    "type": "Feature",
                    "geometry": {
                        "type": "Point",
                        "coordinates": [
                            49.2542385,
                            55.7872086
                        ]
                    },
                    "properties": {
                        "createdDate": 1703517638911,
                        "bearing": 0.0,
                        "velocity": 0.06955187767744064
                    }
                },
                {
                    "type": "Feature",
                    "geometry": {
                        "type": "Point",
                        "coordinates": [
                            49.2542393,
                            55.7872091
                        ]
                    },
                    "properties": {
                        "createdDate": 1703517639902,
                        "bearing": 0.0,
                        "velocity": 0.023938696831464767
                    }
                },
                {
                    "type": "Feature",
                    "geometry": {
                        "type": "Point",
                        "coordinates": [
                            49.2542397,
                            55.7872095
                        ]
                    },
                    "properties": {
                        "createdDate": 1703517640909,
                        "bearing": 0.0,
                        "velocity": 0.00684707285836339
                    }
                },
                {
                    "type": "Feature",
                    "geometry": {
                        "type": "Point",
                        "coordinates": [
                            49.2542399,
                            55.7872097
                        ]
                    },
                    "properties": {
                        "createdDate": 1703517641906,
                        "bearing": 0.0,
                        "velocity": 0.0016464643413200974
                    }
                },
                {
                    "type": "Feature",
                    "geometry": {
                        "type": "Point",
                        "coordinates": [
                            49.2542399,
                            55.7872098
                        ]
                    },
                    "properties": {
                        "createdDate": 1703517642909,
                        "bearing": 0.0,
                        "velocity": 5.396319320425391E-4
                    }
                },
                {
                    "type": "Feature",
                    "geometry": {
                        "type": "Point",
                        "coordinates": [
                            49.25424,
                            55.7872099
                        ]
                    },
                    "properties": {
                        "createdDate": 1703517643906,
                        "bearing": 0.0,
                        "velocity": 3.1679237144999206E-4
                    }
                },
                {
                    "type": "Feature",
                    "geometry": {
                        "type": "Point",
                        "coordinates": [
                            49.25424,
                            55.78721
                        ]
                    },
                    "properties": {
                        "createdDate": 1703517644909,
                        "bearing": 0.0,
                        "velocity": 3.404425806365907E-4
                    }
                },
                {
                    "type": "Feature",
                    "geometry": {
                        "type": "Point",
                        "coordinates": [
                            49.2542851,
                            55.7871992
                        ]
                    },
                    "properties": {
                        "createdDate": 1703517666951,
                        "bearing": 148.93258666992188,
                        "velocity": 1.5843722820281982
                    }
                },
                {
                    "type": "Feature",
                    "geometry": {
                        "type": "Point",
                        "coordinates": [
                            49.2543133,
                            55.7871796
                        ]
                    },
                    "properties": {
                        "createdDate": 1703517667959,
                        "bearing": 155.06275939941406,
                        "velocity": 2.270923614501953
                    }
                },
                {
                    "type": "Feature",
                    "geometry": {
                        "type": "Point",
                        "coordinates": [
                            49.2543318,
                            55.7871554
                        ]
                    },
                    "properties": {
                        "createdDate": 1703517668951,
                        "bearing": 161.28672790527344,
                        "velocity": 2.6327197551727295
                    }
                },
                {
                    "type": "Feature",
                    "geometry": {
                        "type": "Point",
                        "coordinates": [
                            49.25435,
                            55.7871308
                        ]
                    },
                    "properties": {
                        "createdDate": 1703517669946,
                        "bearing": 152.74041748046875,
                        "velocity": 2.718881130218506
                    }
                },
                {
                    "type": "Feature",
                    "geometry": {
                        "type": "Point",
                        "coordinates": [
                            49.2543745,
                            55.7871081
                        ]
                    },
                    "properties": {
                        "createdDate": 1703517670966,
                        "bearing": 146.49362182617188,
                        "velocity": 2.9567549228668213
                    }
                },
                {
                    "type": "Feature",
                    "geometry": {
                        "type": "Point",
                        "coordinates": [
                            49.2543966,
                            55.7870817
                        ]
                    },
                    "properties": {
                        "createdDate": 1703517671958,
                        "bearing": 154.3653564453125,
                        "velocity": 2.9502899646759033
                    }
                },
                {
                    "type": "Feature",
                    "geometry": {
                        "type": "Point",
                        "coordinates": [
                            49.2544169,
                            55.7870546
                        ]
                    },
                    "properties": {
                        "createdDate": 1703517672965,
                        "bearing": 152.12652587890625,
                        "velocity": 3.3820605278015137
                    }
                },
                {
                    "type": "Feature",
                    "geometry": {
                        "type": "Point",
                        "coordinates": [
                            49.2544337,
                            55.7870235
                        ]
                    },
                    "properties": {
                        "createdDate": 1703517673958,
                        "bearing": 157.3076934814453,
                        "velocity": 3.556462287902832
                    }
                },
                {
                    "type": "Feature",
                    "geometry": {
                        "type": "Point",
                        "coordinates": [
                            49.2544451,
                            55.7869948
                        ]
                    },
                    "properties": {
                        "createdDate": 1703517674965,
                        "bearing": 159.8510284423828,
                        "velocity": 3.4121201038360596
                    }
                },
                {
                    "type": "Feature",
                    "geometry": {
                        "type": "Point",
                        "coordinates": [
                            49.2544561,
                            55.7869661
                        ]
                    },
                    "properties": {
                        "createdDate": 1703517675956,
                        "bearing": 161.22340393066406,
                        "velocity": 3.4204628467559814
                    }
                },
                {
                    "type": "Feature",
                    "geometry": {
                        "type": "Point",
                        "coordinates": [
                            49.2544679,
                            55.7869388
                        ]
                    },
                    "properties": {
                        "createdDate": 1703517676966,
                        "bearing": 159.06134033203125,
                        "velocity": 3.335029125213623
                    }
                },
                {
                    "type": "Feature",
                    "geometry": {
                        "type": "Point",
                        "coordinates": [
                            49.2544744,
                            55.7869122
                        ]
                    },
                    "properties": {
                        "createdDate": 1703517677960,
                        "bearing": 162.1146697998047,
                        "velocity": 3.2298946380615234
                    }
                },
                {
                    "type": "Feature",
                    "geometry": {
                        "type": "Point",
                        "coordinates": [
                            49.2544743,
                            55.7868847
                        ]
                    },
                    "properties": {
                        "createdDate": 1703517678965,
                        "bearing": 168.3445281982422,
                        "velocity": 3.1757092475891113
                    }
                },
                {
                    "type": "Feature",
                    "geometry": {
                        "type": "Point",
                        "coordinates": [
                            49.2544712,
                            55.7868578
                        ]
                    },
                    "properties": {
                        "createdDate": 1703517679971,
                        "bearing": 172.2689666748047,
                        "velocity": 3.1027748584747314
                    }
                },
                {
                    "type": "Feature",
                    "geometry": {
                        "type": "Point",
                        "coordinates": [
                            49.2544774,
                            55.7868338
                        ]
                    },
                    "properties": {
                        "createdDate": 1703517680966,
                        "bearing": 169.44525146484375,
                        "velocity": 2.990004062652588
                    }
                },
                {
                    "type": "Feature",
                    "geometry": {
                        "type": "Point",
                        "coordinates": [
                            49.254472,
                            55.7868081
                        ]
                    },
                    "properties": {
                        "createdDate": 1703517681971,
                        "bearing": 168.9971466064453,
                        "velocity": 2.9051129817962646
                    }
                },
                {
                    "type": "Feature",
                    "geometry": {
                        "type": "Point",
                        "coordinates": [
                            49.2544706,
                            55.7867881
                        ]
                    },
                    "properties": {
                        "createdDate": 1703517682979,
                        "bearing": 167.58145141601562,
                        "velocity": 2.4636764526367188
                    }
                },
                {
                    "type": "Feature",
                    "geometry": {
                        "type": "Point",
                        "coordinates": [
                            49.2544776,
                            55.7867719
                        ]
                    },
                    "properties": {
                        "createdDate": 1703517683971,
                        "bearing": 166.31491088867188,
                        "velocity": 1.9704971313476562
                    }
                },
                {
                    "type": "Feature",
                    "geometry": {
                        "type": "Point",
                        "coordinates": [
                            49.2544874,
                            55.7867573
                        ]
                    },
                    "properties": {
                        "createdDate": 1703517684977,
                        "bearing": 164.7157745361328,
                        "velocity": 1.7680567502975464
                    }
                },
                {
                    "type": "Feature",
                    "geometry": {
                        "type": "Point",
                        "coordinates": [
                            49.2544938,
                            55.7867524
                        ]
                    },
                    "properties": {
                        "createdDate": 1703517685968,
                        "bearing": 174.4549102783203,
                        "velocity": 1.0142961740493774
                    }
                },
                {
                    "type": "Feature",
                    "geometry": {
                        "type": "Point",
                        "coordinates": [
                            49.2544995,
                            55.7867517
                        ]
                    },
                    "properties": {
                        "createdDate": 1703517686978,
                        "bearing": 177.0613555908203,
                        "velocity": 0.5611431002616882
                    }
                },
                {
                    "type": "Feature",
                    "geometry": {
                        "type": "Point",
                        "coordinates": [
                            49.254503,
                            55.7867534
                        ]
                    },
                    "properties": {
                        "createdDate": 1703517687985,
                        "bearing": 178.1504364013672,
                        "velocity": 0.29271233081817627
                    }
                },
                {
                    "type": "Feature",
                    "geometry": {
                        "type": "Point",
                        "coordinates": [
                            49.2545048,
                            55.786755
                        ]
                    },
                    "properties": {
                        "createdDate": 1703517688978,
                        "bearing": 178.7081298828125,
                        "velocity": 0.14057569205760956
                    }
                },
                {
                    "type": "Feature",
                    "geometry": {
                        "type": "Point",
                        "coordinates": [
                            49.2545057,
                            55.7867562
                        ]
                    },
                    "properties": {
                        "createdDate": 1703517689985,
                        "bearing": 0.0,
                        "velocity": 0.0670040175318718
                    }
                },
                {
                    "type": "Feature",
                    "geometry": {
                        "type": "Point",
                        "coordinates": [
                            49.2545196,
                            55.7867481
                        ]
                    },
                    "properties": {
                        "createdDate": 1703517690992,
                        "bearing": 165.20687866210938,
                        "velocity": 0.18794186413288116
                    }
                },
                {
                    "type": "Feature",
                    "geometry": {
                        "type": "Point",
                        "coordinates": [
                            49.2545437,
                            55.786738
                        ]
                    },
                    "properties": {
                        "createdDate": 1703517691984,
                        "bearing": 120.77230072021484,
                        "velocity": 0.6263135671615601
                    }
                },
                {
                    "type": "Feature",
                    "geometry": {
                        "type": "Point",
                        "coordinates": [
                            49.2545819,
                            55.7867235
                        ]
                    },
                    "properties": {
                        "createdDate": 1703517692993,
                        "bearing": 111.67872619628906,
                        "velocity": 1.1527811288833618
                    }
                },
                {
                    "type": "Feature",
                    "geometry": {
                        "type": "Point",
                        "coordinates": [
                            49.2546206,
                            55.7867127
                        ]
                    },
                    "properties": {
                        "createdDate": 1703517693985,
                        "bearing": 106.36827087402344,
                        "velocity": 1.467372179031372
                    }
                },
                {
                    "type": "Feature",
                    "geometry": {
                        "type": "Point",
                        "coordinates": [
                            49.2546652,
                            55.7867098
                        ]
                    },
                    "properties": {
                        "createdDate": 1703517694991,
                        "bearing": 92.53108215332031,
                        "velocity": 1.916096568107605
                    }
                },
                {
                    "type": "Feature",
                    "geometry": {
                        "type": "Point",
                        "coordinates": [
                            49.2547149,
                            55.786713
                        ]
                    },
                    "properties": {
                        "createdDate": 1703517695998,
                        "bearing": 83.97553253173828,
                        "velocity": 2.342597007751465
                    }
                },
                {
                    "type": "Feature",
                    "geometry": {
                        "type": "Point",
                        "coordinates": [
                            49.2547677,
                            55.7867182
                        ]
                    },
                    "properties": {
                        "createdDate": 1703517696991,
                        "bearing": 80.68342590332031,
                        "velocity": 2.6934728622436523
                    }
                },
                {
                    "type": "Feature",
                    "geometry": {
                        "type": "Point",
                        "coordinates": [
                            49.2548263,
                            55.7867245
                        ]
                    },
                    "properties": {
                        "createdDate": 1703517697998,
                        "bearing": 77.08750915527344,
                        "velocity": 3.160475969314575
                    }
                },
                {
                    "type": "Feature",
                    "geometry": {
                        "type": "Point",
                        "coordinates": [
                            49.254896,
                            55.7867332
                        ]
                    },
                    "properties": {
                        "createdDate": 1703517698993,
                        "bearing": 74.5299072265625,
                        "velocity": 3.762791395187378
                    }
                },
                {
                    "type": "Feature",
                    "geometry": {
                        "type": "Point",
                        "coordinates": [
                            49.2549647,
                            55.7867382
                        ]
                    },
                    "properties": {
                        "createdDate": 1703517700001,
                        "bearing": 77.60076141357422,
                        "velocity": 3.9369776248931885
                    }
                },
                {
                    "type": "Feature",
                    "geometry": {
                        "type": "Point",
                        "coordinates": [
                            49.255028,
                            55.786743
                        ]
                    },
                    "properties": {
                        "createdDate": 1703517701005,
                        "bearing": 76.60432434082031,
                        "velocity": 3.9099724292755127
                    }
                },
                {
                    "type": "Feature",
                    "geometry": {
                        "type": "Point",
                        "coordinates": [
                            49.255087,
                            55.7867497
                        ]
                    },
                    "properties": {
                        "createdDate": 1703517702015,
                        "bearing": 73.56902313232422,
                        "velocity": 3.873844861984253
                    }
                },
                {
                    "type": "Feature",
                    "geometry": {
                        "type": "Point",
                        "coordinates": [
                            49.255146,
                            55.786758
                        ]
                    },
                    "properties": {
                        "createdDate": 1703517703009,
                        "bearing": 74.7330551147461,
                        "velocity": 3.846022844314575
                    }
                },
                {
                    "type": "Feature",
                    "geometry": {
                        "type": "Point",
                        "coordinates": [
                            49.2552052,
                            55.7867661
                        ]
                    },
                    "properties": {
                        "createdDate": 1703517704015,
                        "bearing": 74.88011169433594,
                        "velocity": 3.91512393951416
                    }
                },
                {
                    "type": "Feature",
                    "geometry": {
                        "type": "Point",
                        "coordinates": [
                            49.2552702,
                            55.7867724
                        ]
                    },
                    "properties": {
                        "createdDate": 1703517705007,
                        "bearing": 76.8110122680664,
                        "velocity": 4.072729110717773
                    }
                },
                {
                    "type": "Feature",
                    "geometry": {
                        "type": "Point",
                        "coordinates": [
                            49.25534,
                            55.7867777
                        ]
                    },
                    "properties": {
                        "createdDate": 1703517706013,
                        "bearing": 78.7163314819336,
                        "velocity": 4.266188621520996
                    }
                },
                {
                    "type": "Feature",
                    "geometry": {
                        "type": "Point",
                        "coordinates": [
                            49.2554102,
                            55.7867856
                        ]
                    },
                    "properties": {
                        "createdDate": 1703517707020,
                        "bearing": 77.42164611816406,
                        "velocity": 4.395552158355713
                    }
                },
                {
                    "type": "Feature",
                    "geometry": {
                        "type": "Point",
                        "coordinates": [
                            49.2554893,
                            55.7867972
                        ]
                    },
                    "properties": {
                        "createdDate": 1703517708014,
                        "bearing": 77.35440826416016,
                        "velocity": 4.574662685394287
                    }
                },
                {
                    "type": "Feature",
                    "geometry": {
                        "type": "Point",
                        "coordinates": [
                            49.2555678,
                            55.7868164
                        ]
                    },
                    "properties": {
                        "createdDate": 1703517709020,
                        "bearing": 74.67256164550781,
                        "velocity": 4.7191643714904785
                    }
                },
                {
                    "type": "Feature",
                    "geometry": {
                        "type": "Point",
                        "coordinates": [
                            49.2556423,
                            55.7868427
                        ]
                    },
                    "properties": {
                        "createdDate": 1703517710027,
                        "bearing": 72.1600570678711,
                        "velocity": 4.850881099700928
                    }
                },
                {
                    "type": "Feature",
                    "geometry": {
                        "type": "Point",
                        "coordinates": [
                            49.2557106,
                            55.7868726
                        ]
                    },
                    "properties": {
                        "createdDate": 1703517711019,
                        "bearing": 69.29547119140625,
                        "velocity": 4.816076278686523
                    }
                },
                {
                    "type": "Feature",
                    "geometry": {
                        "type": "Point",
                        "coordinates": [
                            49.2557722,
                            55.7868964
                        ]
                    },
                    "properties": {
                        "createdDate": 1703517712010,
                        "bearing": 67.0889663696289,
                        "velocity": 4.576958656311035
                    }
                },
                {
                    "type": "Feature",
                    "geometry": {
                        "type": "Point",
                        "coordinates": [
                            49.2558271,
                            55.7869157
                        ]
                    },
                    "properties": {
                        "createdDate": 1703517713019,
                        "bearing": 66.92993927001953,
                        "velocity": 4.24053430557251
                    }
                },
                {
                    "type": "Feature",
                    "geometry": {
                        "type": "Point",
                        "coordinates": [
                            49.2558901,
                            55.7869127
                        ]
                    },
                    "properties": {
                        "createdDate": 1703517714026,
                        "bearing": 74.11148071289062,
                        "velocity": 3.9666383266448975
                    }
                },
                {
                    "type": "Feature",
                    "geometry": {
                        "type": "Point",
                        "coordinates": [
                            49.2559447,
                            55.7869072
                        ]
                    },
                    "properties": {
                        "createdDate": 1703517715023,
                        "bearing": 80.44692993164062,
                        "velocity": 3.671664237976074
                    }
                },
                {
                    "type": "Feature",
                    "geometry": {
                        "type": "Point",
                        "coordinates": [
                            49.255984,
                            55.7869048
                        ]
                    },
                    "properties": {
                        "createdDate": 1703517716026,
                        "bearing": 83.45051574707031,
                        "velocity": 3.2026350498199463
                    }
                },
                {
                    "type": "Feature",
                    "geometry": {
                        "type": "Point",
                        "coordinates": [
                            49.2560155,
                            55.7869048
                        ]
                    },
                    "properties": {
                        "createdDate": 1703517717033,
                        "bearing": 83.42796325683594,
                        "velocity": 2.8016610145568848
                    }
                },
                {
                    "type": "Feature",
                    "geometry": {
                        "type": "Point",
                        "coordinates": [
                            49.2560494,
                            55.7868973
                        ]
                    },
                    "properties": {
                        "createdDate": 1703517718026,
                        "bearing": 84.85694122314453,
                        "velocity": 2.7969298362731934
                    }
                },
                {
                    "type": "Feature",
                    "geometry": {
                        "type": "Point",
                        "coordinates": [
                            49.2560939,
                            55.7868909
                        ]
                    },
                    "properties": {
                        "createdDate": 1703517719033,
                        "bearing": 89.22341918945312,
                        "velocity": 2.918745994567871
                    }
                },
                {
                    "type": "Feature",
                    "geometry": {
                        "type": "Point",
                        "coordinates": [
                            49.2561372,
                            55.7868894
                        ]
                    },
                    "properties": {
                        "createdDate": 1703517720040,
                        "bearing": 87.63220977783203,
                        "velocity": 2.864544630050659
                    }
                },
                {
                    "type": "Feature",
                    "geometry": {
                        "type": "Point",
                        "coordinates": [
                            49.2561784,
                            55.7868904
                        ]
                    },
                    "properties": {
                        "createdDate": 1703517721034,
                        "bearing": 86.53899383544922,
                        "velocity": 2.7627112865448
                    }
                },
                {
                    "type": "Feature",
                    "geometry": {
                        "type": "Point",
                        "coordinates": [
                            49.2562217,
                            55.7868919
                        ]
                    },
                    "properties": {
                        "createdDate": 1703517722041,
                        "bearing": 86.10308074951172,
                        "velocity": 2.7149267196655273
                    }
                },
                {
                    "type": "Feature",
                    "geometry": {
                        "type": "Point",
                        "coordinates": [
                            49.2562595,
                            55.7868957
                        ]
                    },
                    "properties": {
                        "createdDate": 1703517723031,
                        "bearing": 82.57091522216797,
                        "velocity": 2.678100824356079
                    }
                },
                {
                    "type": "Feature",
                    "geometry": {
                        "type": "Point",
                        "coordinates": [
                            49.2563003,
                            55.7869118
                        ]
                    },
                    "properties": {
                        "createdDate": 1703517724041,
                        "bearing": 73.90449523925781,
                        "velocity": 2.8593404293060303
                    }
                },
                {
                    "type": "Feature",
                    "geometry": {
                        "type": "Point",
                        "coordinates": [
                            49.2563475,
                            55.7869267
                        ]
                    },
                    "properties": {
                        "createdDate": 1703517725036,
                        "bearing": 71.31029510498047,
                        "velocity": 3.070944309234619
                    }
                },
                {
                    "type": "Feature",
                    "geometry": {
                        "type": "Point",
                        "coordinates": [
                            49.2563939,
                            55.7869426
                        ]
                    },
                    "properties": {
                        "createdDate": 1703517726041,
                        "bearing": 67.5460433959961,
                        "velocity": 3.169969320297241
                    }
                },
                {
                    "type": "Feature",
                    "geometry": {
                        "type": "Point",
                        "coordinates": [
                            49.2564346,
                            55.78696
                        ]
                    },
                    "properties": {
                        "createdDate": 1703517727047,
                        "bearing": 62.26298141479492,
                        "velocity": 3.075792074203491
                    }
                },
                {
                    "type": "Feature",
                    "geometry": {
                        "type": "Point",
                        "coordinates": [
                            49.2564665,
                            55.7869786
                        ]
                    },
                    "properties": {
                        "createdDate": 1703517728041,
                        "bearing": 56.066741943359375,
                        "velocity": 2.8488526344299316
                    }
                },
                {
                    "type": "Feature",
                    "geometry": {
                        "type": "Point",
                        "coordinates": [
                            49.2564977,
                            55.7869974
                        ]
                    },
                    "properties": {
                        "createdDate": 1703517729047,
                        "bearing": 45.95589828491211,
                        "velocity": 2.323993444442749
                    }
                },
                {
                    "type": "Feature",
                    "geometry": {
                        "type": "Point",
                        "coordinates": [
                            49.2565233,
                            55.787022
                        ]
                    },
                    "properties": {
                        "createdDate": 1703517730055,
                        "bearing": 31.03017807006836,
                        "velocity": 2.231837034225464
                    }
                },
                {
                    "type": "Feature",
                    "geometry": {
                        "type": "Point",
                        "coordinates": [
                            49.2565462,
                            55.7870545
                        ]
                    },
                    "properties": {
                        "createdDate": 1703517731050,
                        "bearing": 17.237285614013672,
                        "velocity": 2.4495205879211426
                    }
                },
                {
                    "type": "Feature",
                    "geometry": {
                        "type": "Point",
                        "coordinates": [
                            49.2565602,
                            55.7870891
                        ]
                    },
                    "properties": {
                        "createdDate": 1703517732055,
                        "bearing": 11.631770133972168,
                        "velocity": 2.7893433570861816
                    }
                },
                {
                    "type": "Feature",
                    "geometry": {
                        "type": "Point",
                        "coordinates": [
                            49.2565646,
                            55.7871266
                        ]
                    },
                    "properties": {
                        "createdDate": 1703517733051,
                        "bearing": 7.282232284545898,
                        "velocity": 3.0944042205810547
                    }
                },
                {
                    "type": "Feature",
                    "geometry": {
                        "type": "Point",
                        "coordinates": [
                            49.2565663,
                            55.7871607
                        ]
                    },
                    "properties": {
                        "createdDate": 1703517734053,
                        "bearing": 6.552358627319336,
                        "velocity": 3.2048988342285156
                    }
                },
                {
                    "type": "Feature",
                    "geometry": {
                        "type": "Point",
                        "coordinates": [
                            49.2565569,
                            55.7871968
                        ]
                    },
                    "properties": {
                        "createdDate": 1703517735047,
                        "bearing": 0.7171699404716492,
                        "velocity": 3.290100336074829
                    }
                },
                {
                    "type": "Feature",
                    "geometry": {
                        "type": "Point",
                        "coordinates": [
                            49.2565474,
                            55.7872252
                        ]
                    },
                    "properties": {
                        "createdDate": 1703517736056,
                        "bearing": 356.16302490234375,
                        "velocity": 3.0019779205322266
                    }
                },
                {
                    "type": "Feature",
                    "geometry": {
                        "type": "Point",
                        "coordinates": [
                            49.2565407,
                            55.787247
                        ]
                    },
                    "properties": {
                        "createdDate": 1703517737061,
                        "bearing": 353.65277099609375,
                        "velocity": 2.659074306488037
                    }
                },
                {
                    "type": "Feature",
                    "geometry": {
                        "type": "Point",
                        "coordinates": [
                            49.2565389,
                            55.7872654
                        ]
                    },
                    "properties": {
                        "createdDate": 1703517738068,
                        "bearing": 353.07177734375,
                        "velocity": 2.291961193084717
                    }
                },
                {
                    "type": "Feature",
                    "geometry": {
                        "type": "Point",
                        "coordinates": [
                            49.2565303,
                            55.7872804
                        ]
                    },
                    "properties": {
                        "createdDate": 1703517739060,
                        "bearing": 349.2142333984375,
                        "velocity": 1.6815863847732544
                    }
                },
                {
                    "type": "Feature",
                    "geometry": {
                        "type": "Point",
                        "coordinates": [
                            49.2565029,
                            55.7872885
                        ]
                    },
                    "properties": {
                        "createdDate": 1703517740067,
                        "bearing": 358.9407653808594,
                        "velocity": 0.3112131655216217
                    }
                },
                {
                    "type": "Feature",
                    "geometry": {
                        "type": "Point",
                        "coordinates": [
                            49.2564975,
                            55.7872915
                        ]
                    },
                    "properties": {
                        "createdDate": 1703517741075,
                        "bearing": 0.0,
                        "velocity": 0.06927144527435303
                    }
                },
                {
                    "type": "Feature",
                    "geometry": {
                        "type": "Point",
                        "coordinates": [
                            49.2565015,
                            55.7872918
                        ]
                    },
                    "properties": {
                        "createdDate": 1703517742065,
                        "bearing": 0.0,
                        "velocity": 0.01421829592436552
                    }
                },
                {
                    "type": "Feature",
                    "geometry": {
                        "type": "Point",
                        "coordinates": [
                            49.2565027,
                            55.7872918
                        ]
                    },
                    "properties": {
                        "createdDate": 1703517743057,
                        "bearing": 0.0,
                        "velocity": 0.002320188796147704
                    }
                },
                {
                    "type": "Feature",
                    "geometry": {
                        "type": "Point",
                        "coordinates": [
                            49.2565031,
                            55.7872917
                        ]
                    },
                    "properties": {
                        "createdDate": 1703517744068,
                        "bearing": 0.0,
                        "velocity": 2.447082952130586E-4
                    }
                },
                {
                    "type": "Feature",
                    "geometry": {
                        "type": "Point",
                        "coordinates": [
                            49.2564441,
                            55.7873264
                        ]
                    },
                    "properties": {
                        "createdDate": 1703517745075,
                        "bearing": 340.0627136230469,
                        "velocity": 2.0952565670013428
                    }
                },
                {
                    "type": "Feature",
                    "geometry": {
                        "type": "Point",
                        "coordinates": [
                            49.2563958,
                            55.7873645
                        ]
                    },
                    "properties": {
                        "createdDate": 1703517746067,
                        "bearing": 349.32232666015625,
                        "velocity": 3.132451295852661
                    }
                },
                {
                    "type": "Feature",
                    "geometry": {
                        "type": "Point",
                        "coordinates": [
                            49.2563547,
                            55.7874077
                        ]
                    },
                    "properties": {
                        "createdDate": 1703517747074,
                        "bearing": 346.8686218261719,
                        "velocity": 3.687755584716797
                    }
                },
                {
                    "type": "Feature",
                    "geometry": {
                        "type": "Point",
                        "coordinates": [
                            49.256324,
                            55.7874461
                        ]
                    },
                    "properties": {
                        "createdDate": 1703517748081,
                        "bearing": 350.2111511230469,
                        "velocity": 3.7263283729553223
                    }
                },
                {
                    "type": "Feature",
                    "geometry": {
                        "type": "Point",
                        "coordinates": [
                            49.2562873,
                            55.7874783
                        ]
                    },
                    "properties": {
                        "createdDate": 1703517749074,
                        "bearing": 342.983154296875,
                        "velocity": 3.334054708480835
                    }
                },
                {
                    "type": "Feature",
                    "geometry": {
                        "type": "Point",
                        "coordinates": [
                            49.2562635,
                            55.7875041
                        ]
                    },
                    "properties": {
                        "createdDate": 1703517750081,
                        "bearing": 340.33746337890625,
                        "velocity": 3.0908420085906982
                    }
                },
                {
                    "type": "Feature",
                    "geometry": {
                        "type": "Point",
                        "coordinates": [
                            49.2562432,
                            55.787525
                        ]
                    },
                    "properties": {
                        "createdDate": 1703517751078,
                        "bearing": 336.79864501953125,
                        "velocity": 2.4717984199523926
                    }
                },
                {
                    "type": "Feature",
                    "geometry": {
                        "type": "Point",
                        "coordinates": [
                            49.25622,
                            55.7875364
                        ]
                    },
                    "properties": {
                        "createdDate": 1703517752081,
                        "bearing": 331.0788269042969,
                        "velocity": 1.8210017681121826
                    }
                },
                {
                    "type": "Feature",
                    "geometry": {
                        "type": "Point",
                        "coordinates": [
                            49.2561959,
                            55.787543
                        ]
                    },
                    "properties": {
                        "createdDate": 1703517753088,
                        "bearing": 329.6948547363281,
                        "velocity": 1.4855555295944214
                    }
                },
                {
                    "type": "Feature",
                    "geometry": {
                        "type": "Point",
                        "coordinates": [
                            49.2561731,
                            55.7875488
                        ]
                    },
                    "properties": {
                        "createdDate": 1703517754096,
                        "bearing": 329.4093322753906,
                        "velocity": 1.3267080783843994
                    }
                },
                {
                    "type": "Feature",
                    "geometry": {
                        "type": "Point",
                        "coordinates": [
                            49.2561476,
                            55.7875588
                        ]
                    },
                    "properties": {
                        "createdDate": 1703517755088,
                        "bearing": 332.89227294921875,
                        "velocity": 1.7932125329971313
                    }
                },
                {
                    "type": "Feature",
                    "geometry": {
                        "type": "Point",
                        "coordinates": [
                            49.2561303,
                            55.7875759
                        ]
                    },
                    "properties": {
                        "createdDate": 1703517756095,
                        "bearing": 342.6552429199219,
                        "velocity": 2.179121732711792
                    }
                },
                {
                    "type": "Feature",
                    "geometry": {
                        "type": "Point",
                        "coordinates": [
                            49.2561328,
                            55.7875911
                        ]
                    },
                    "properties": {
                        "createdDate": 1703517757103,
                        "bearing": 335.3489990234375,
                        "velocity": 1.8129942417144775
                    }
                },
                {
                    "type": "Feature",
                    "geometry": {
                        "type": "Point",
                        "coordinates": [
                            49.2561382,
                            55.7876042
                        ]
                    },
                    "properties": {
                        "createdDate": 1703517758095,
                        "bearing": 351.0871276855469,
                        "velocity": 1.953110933303833
                    }
                },
                {
                    "type": "Feature",
                    "geometry": {
                        "type": "Point",
                        "coordinates": [
                            49.2561554,
                            55.7876192
                        ]
                    },
                    "properties": {
                        "createdDate": 1703517759088,
                        "bearing": 22.10440444946289,
                        "velocity": 1.9583793878555298
                    }
                },
                {
                    "type": "Feature",
                    "geometry": {
                        "type": "Point",
                        "coordinates": [
                            49.2561682,
                            55.7876426
                        ]
                    },
                    "properties": {
                        "createdDate": 1703517760094,
                        "bearing": 23.903989791870117,
                        "velocity": 2.6035356521606445
                    }
                },
                {
                    "type": "Feature",
                    "geometry": {
                        "type": "Point",
                        "coordinates": [
                            49.2561658,
                            55.7876784
                        ]
                    },
                    "properties": {
                        "createdDate": 1703517761101,
                        "bearing": 12.107996940612793,
                        "velocity": 3.2772467136383057
                    }
                },
                {
                    "type": "Feature",
                    "geometry": {
                        "type": "Point",
                        "coordinates": [
                            49.2561455,
                            55.7877231
                        ]
                    },
                    "properties": {
                        "createdDate": 1703517762095,
                        "bearing": 359.8572998046875,
                        "velocity": 4.3453168869018555
                    }
                },
                {
                    "type": "Feature",
                    "geometry": {
                        "type": "Point",
                        "coordinates": [
                            49.2561216,
                            55.7877716
                        ]
                    },
                    "properties": {
                        "createdDate": 1703517763101,
                        "bearing": 0.572837769985199,
                        "velocity": 4.763802528381348
                    }
                },
                {
                    "type": "Feature",
                    "geometry": {
                        "type": "Point",
                        "coordinates": [
                            49.2560886,
                            55.7878233
                        ]
                    },
                    "properties": {
                        "createdDate": 1703517764108,
                        "bearing": 353.63470458984375,
                        "velocity": 5.05792236328125
                    }
                },
                {
                    "type": "Feature",
                    "geometry": {
                        "type": "Point",
                        "coordinates": [
                            49.2560416,
                            55.7878833
                        ]
                    },
                    "properties": {
                        "createdDate": 1703517765099,
                        "bearing": 347.2333068847656,
                        "velocity": 5.943484306335449
                    }
                },
                {
                    "type": "Feature",
                    "geometry": {
                        "type": "Point",
                        "coordinates": [
                            49.2559943,
                            55.7879384
                        ]
                    },
                    "properties": {
                        "createdDate": 1703517766108,
                        "bearing": 339.9296569824219,
                        "velocity": 5.568336009979248
                    }
                },
                {
                    "type": "Feature",
                    "geometry": {
                        "type": "Point",
                        "coordinates": [
                            49.2559413,
                            55.7880113
                        ]
                    },
                    "properties": {
                        "createdDate": 1703517767104,
                        "bearing": 340.0352478027344,
                        "velocity": 5.87408971786499
                    }
                },
                {
                    "type": "Feature",
                    "geometry": {
                        "type": "Point",
                        "coordinates": [
                            49.2559006,
                            55.7880636
                        ]
                    },
                    "properties": {
                        "createdDate": 1703517768130,
                        "bearing": 340.2142028808594,
                        "velocity": 4.883186340332031
                    }
                },
                {
                    "type": "Feature",
                    "geometry": {
                        "type": "Point",
                        "coordinates": [
                            49.2558655,
                            55.7881166
                        ]
                    },
                    "properties": {
                        "createdDate": 1703517769116,
                        "bearing": 336.5627136230469,
                        "velocity": 4.781679153442383
                    }
                },
                {
                    "type": "Feature",
                    "geometry": {
                        "type": "Point",
                        "coordinates": [
                            49.2558314,
                            55.7881635
                        ]
                    },
                    "properties": {
                        "createdDate": 1703517770123,
                        "bearing": 334.6402282714844,
                        "velocity": 4.275784969329834
                    }
                },
                {
                    "type": "Feature",
                    "geometry": {
                        "type": "Point",
                        "coordinates": [
                            49.2558138,
                            55.7882068
                        ]
                    },
                    "properties": {
                        "createdDate": 1703517771115,
                        "bearing": 341.35150146484375,
                        "velocity": 4.593329429626465
                    }
                },
                {
                    "type": "Feature",
                    "geometry": {
                        "type": "Point",
                        "coordinates": [
                            49.2557923,
                            55.7882539
                        ]
                    },
                    "properties": {
                        "createdDate": 1703517772105,
                        "bearing": 342.7655029296875,
                        "velocity": 5.2383599281311035
                    }
                },
                {
                    "type": "Feature",
                    "geometry": {
                        "type": "Point",
                        "coordinates": [
                            49.2557691,
                            55.788297
                        ]
                    },
                    "properties": {
                        "createdDate": 1703517773116,
                        "bearing": 337.00909423828125,
                        "velocity": 4.901252269744873
                    }
                },
                {
                    "type": "Feature",
                    "geometry": {
                        "type": "Point",
                        "coordinates": [
                            49.2557518,
                            55.7883408
                        ]
                    },
                    "properties": {
                        "createdDate": 1703517774122,
                        "bearing": 347.48150634765625,
                        "velocity": 5.060967922210693
                    }
                },
                {
                    "type": "Feature",
                    "geometry": {
                        "type": "Point",
                        "coordinates": [
                            49.2556991,
                            55.7883886
                        ]
                    },
                    "properties": {
                        "createdDate": 1703517775115,
                        "bearing": 341.4913635253906,
                        "velocity": 5.185629367828369
                    }
                },
                {
                    "type": "Feature",
                    "geometry": {
                        "type": "Point",
                        "coordinates": [
                            49.2556508,
                            55.7884368
                        ]
                    },
                    "properties": {
                        "createdDate": 1703517776123,
                        "bearing": 341.7633056640625,
                        "velocity": 5.1949920654296875
                    }
                },
                {
                    "type": "Feature",
                    "geometry": {
                        "type": "Point",
                        "coordinates": [
                            49.2556134,
                            55.7884837
                        ]
                    },
                    "properties": {
                        "createdDate": 1703517777129,
                        "bearing": 342.8269348144531,
                        "velocity": 4.752537250518799
                    }
                },
                {
                    "type": "Feature",
                    "geometry": {
                        "type": "Point",
                        "coordinates": [
                            49.2555856,
                            55.7885307
                        ]
                    },
                    "properties": {
                        "createdDate": 1703517778131,
                        "bearing": 343.07733154296875,
                        "velocity": 4.390143871307373
                    }
                },
                {
                    "type": "Feature",
                    "geometry": {
                        "type": "Point",
                        "coordinates": [
                            49.2555639,
                            55.7885829
                        ]
                    },
                    "properties": {
                        "createdDate": 1703517779129,
                        "bearing": 345.69757080078125,
                        "velocity": 4.699216842651367
                    }
                },
                {
                    "type": "Feature",
                    "geometry": {
                        "type": "Point",
                        "coordinates": [
                            49.2555238,
                            55.7886342
                        ]
                    },
                    "properties": {
                        "createdDate": 1703517780120,
                        "bearing": 344.09661865234375,
                        "velocity": 4.765054702758789
                    }
                },
                {
                    "type": "Feature",
                    "geometry": {
                        "type": "Point",
                        "coordinates": [
                            49.255478,
                            55.7886823
                        ]
                    },
                    "properties": {
                        "createdDate": 1703517781128,
                        "bearing": 338.62164306640625,
                        "velocity": 4.881128311157227
                    }
                },
                {
                    "type": "Feature",
                    "geometry": {
                        "type": "Point",
                        "coordinates": [
                            49.2554369,
                            55.788728
                        ]
                    },
                    "properties": {
                        "createdDate": 1703517782136,
                        "bearing": 338.0509033203125,
                        "velocity": 4.805860996246338
                    }
                },
                {
                    "type": "Feature",
                    "geometry": {
                        "type": "Point",
                        "coordinates": [
                            49.2554262,
                            55.7887681
                        ]
                    },
                    "properties": {
                        "createdDate": 1703517783135,
                        "bearing": 340.0394287109375,
                        "velocity": 4.459784507751465
                    }
                },
                {
                    "type": "Feature",
                    "geometry": {
                        "type": "Point",
                        "coordinates": [
                            49.2554279,
                            55.78881
                        ]
                    },
                    "properties": {
                        "createdDate": 1703517784137,
                        "bearing": 349.4242858886719,
                        "velocity": 4.119976997375488
                    }
                },
                {
                    "type": "Feature",
                    "geometry": {
                        "type": "Point",
                        "coordinates": [
                            49.2554234,
                            55.7888477
                        ]
                    },
                    "properties": {
                        "createdDate": 1703517785143,
                        "bearing": 348.1746826171875,
                        "velocity": 4.067328453063965
                    }
                },
                {
                    "type": "Feature",
                    "geometry": {
                        "type": "Point",
                        "coordinates": [
                            49.2554357,
                            55.7888951
                        ]
                    },
                    "properties": {
                        "createdDate": 1703517786137,
                        "bearing": 356.4156799316406,
                        "velocity": 3.599895477294922
                    }
                },
                {
                    "type": "Feature",
                    "geometry": {
                        "type": "Point",
                        "coordinates": [
                            49.2554632,
                            55.7889493
                        ]
                    },
                    "properties": {
                        "createdDate": 1703517787142,
                        "bearing": 1.7429920434951782,
                        "velocity": 3.8624460697174072
                    }
                },
                {
                    "type": "Feature",
                    "geometry": {
                        "type": "Point",
                        "coordinates": [
                            49.2554707,
                            55.7889894
                        ]
                    },
                    "properties": {
                        "createdDate": 1703517788132,
                        "bearing": 356.4550476074219,
                        "velocity": 3.6666347980499268
                    }
                },
                {
                    "type": "Feature",
                    "geometry": {
                        "type": "Point",
                        "coordinates": [
                            49.2554655,
                            55.7890254
                        ]
                    },
                    "properties": {
                        "createdDate": 1703517789143,
                        "bearing": 350.4382629394531,
                        "velocity": 3.6530263423919678
                    }
                },
                {
                    "type": "Feature",
                    "geometry": {
                        "type": "Point",
                        "coordinates": [
                            49.2554502,
                            55.789061
                        ]
                    },
                    "properties": {
                        "createdDate": 1703517790134,
                        "bearing": 343.5357360839844,
                        "velocity": 4.017402172088623
                    }
                },
                {
                    "type": "Feature",
                    "geometry": {
                        "type": "Point",
                        "coordinates": [
                            49.2554281,
                            55.7891003
                        ]
                    },
                    "properties": {
                        "createdDate": 1703517791142,
                        "bearing": 342.9710693359375,
                        "velocity": 4.351075172424316
                    }
                },
                {
                    "type": "Feature",
                    "geometry": {
                        "type": "Point",
                        "coordinates": [
                            49.2554441,
                            55.7891486
                        ]
                    },
                    "properties": {
                        "createdDate": 1703517792150,
                        "bearing": 346.9291076660156,
                        "velocity": 4.426761150360107
                    }
                },
                {
                    "type": "Feature",
                    "geometry": {
                        "type": "Point",
                        "coordinates": [
                            49.2554316,
                            55.7892173
                        ]
                    },
                    "properties": {
                        "createdDate": 1703517793145,
                        "bearing": 343.43157958984375,
                        "velocity": 4.340737342834473
                    }
                },
                {
                    "type": "Feature",
                    "geometry": {
                        "type": "Point",
                        "coordinates": [
                            49.2554082,
                            55.7892607
                        ]
                    },
                    "properties": {
                        "createdDate": 1703517794150,
                        "bearing": 337.5860900878906,
                        "velocity": 4.041955471038818
                    }
                },
                {
                    "type": "Feature",
                    "geometry": {
                        "type": "Point",
                        "coordinates": [
                            49.2553834,
                            55.789297
                        ]
                    },
                    "properties": {
                        "createdDate": 1703517795157,
                        "bearing": 335.2973327636719,
                        "velocity": 3.7936110496520996
                    }
                },
                {
                    "type": "Feature",
                    "geometry": {
                        "type": "Point",
                        "coordinates": [
                            49.2553488,
                            55.7893246
                        ]
                    },
                    "properties": {
                        "createdDate": 1703517796149,
                        "bearing": 323.39788818359375,
                        "velocity": 3.402261972427368
                    }
                },
                {
                    "type": "Feature",
                    "geometry": {
                        "type": "Point",
                        "coordinates": [
                            49.2553096,
                            55.7893437
                        ]
                    },
                    "properties": {
                        "createdDate": 1703517797159,
                        "bearing": 314.2418212890625,
                        "velocity": 3.0755181312561035
                    }
                },
                {
                    "type": "Feature",
                    "geometry": {
                        "type": "Point",
                        "coordinates": [
                            49.2552842,
                            55.7893584
                        ]
                    },
                    "properties": {
                        "createdDate": 1703517798164,
                        "bearing": 306.7115783691406,
                        "velocity": 2.6905055046081543
                    }
                },
                {
                    "type": "Feature",
                    "geometry": {
                        "type": "Point",
                        "coordinates": [
                            49.2552568,
                            55.7893672
                        ]
                    },
                    "properties": {
                        "createdDate": 1703517799159,
                        "bearing": 281.8047180175781,
                        "velocity": 2.321484088897705
                    }
                },
                {
                    "type": "Feature",
                    "geometry": {
                        "type": "Point",
                        "coordinates": [
                            49.2552224,
                            55.7893681
                        ]
                    },
                    "properties": {
                        "createdDate": 1703517800162,
                        "bearing": 274.43731689453125,
                        "velocity": 2.2137391567230225
                    }
                },
                {
                    "type": "Feature",
                    "geometry": {
                        "type": "Point",
                        "coordinates": [
                            49.2552056,
                            55.7893629
                        ]
                    },
                    "properties": {
                        "createdDate": 1703517801155,
                        "bearing": 253.1168212890625,
                        "velocity": 2.0727715492248535
                    }
                },
                {
                    "type": "Feature",
                    "geometry": {
                        "type": "Point",
                        "coordinates": [
                            49.2551745,
                            55.7893511
                        ]
                    },
                    "properties": {
                        "createdDate": 1703517802162,
                        "bearing": 242.37225341796875,
                        "velocity": 2.7504637241363525
                    }
                },
                {
                    "type": "Feature",
                    "geometry": {
                        "type": "Point",
                        "coordinates": [
                            49.2551302,
                            55.7893376
                        ]
                    },
                    "properties": {
                        "createdDate": 1703517803169,
                        "bearing": 246.60533142089844,
                        "velocity": 3.17397141456604
                    }
                },
                {
                    "type": "Feature",
                    "geometry": {
                        "type": "Point",
                        "coordinates": [
                            49.2550778,
                            55.7893254
                        ]
                    },
                    "properties": {
                        "createdDate": 1703517804161,
                        "bearing": 248.85084533691406,
                        "velocity": 3.0310850143432617
                    }
                },
                {
                    "type": "Feature",
                    "geometry": {
                        "type": "Point",
                        "coordinates": [
                            49.255026,
                            55.7893164
                        ]
                    },
                    "properties": {
                        "createdDate": 1703517805170,
                        "bearing": 253.6934356689453,
                        "velocity": 2.937211275100708
                    }
                },
                {
                    "type": "Feature",
                    "geometry": {
                        "type": "Point",
                        "coordinates": [
                            49.2549694,
                            55.789312
                        ]
                    },
                    "properties": {
                        "createdDate": 1703517806177,
                        "bearing": 257.7491149902344,
                        "velocity": 3.267188787460327
                    }
                },
                {
                    "type": "Feature",
                    "geometry": {
                        "type": "Point",
                        "coordinates": [
                            49.2549076,
                            55.7893052
                        ]
                    },
                    "properties": {
                        "createdDate": 1703517807170,
                        "bearing": 252.23199462890625,
                        "velocity": 3.7658777236938477
                    }
                },
                {
                    "type": "Feature",
                    "geometry": {
                        "type": "Point",
                        "coordinates": [
                            49.2548369,
                            55.7892926
                        ]
                    },
                    "properties": {
                        "createdDate": 1703517808177,
                        "bearing": 251.9072265625,
                        "velocity": 4.361371040344238
                    }
                },
                {
                    "type": "Feature",
                    "geometry": {
                        "type": "Point",
                        "coordinates": [
                            49.254757,
                            55.7892802
                        ]
                    },
                    "properties": {
                        "createdDate": 1703517809184,
                        "bearing": 255.68087768554688,
                        "velocity": 4.890700340270996
                    }
                },
                {
                    "type": "Feature",
                    "geometry": {
                        "type": "Point",
                        "coordinates": [
                            49.2546745,
                            55.7892698
                        ]
                    },
                    "properties": {
                        "createdDate": 1703517810176,
                        "bearing": 257.85162353515625,
                        "velocity": 4.873764514923096
                    }
                },
                {
                    "type": "Feature",
                    "geometry": {
                        "type": "Point",
                        "coordinates": [
                            49.2545936,
                            55.7892602
                        ]
                    },
                    "properties": {
                        "createdDate": 1703517811184,
                        "bearing": 257.0306396484375,
                        "velocity": 5.04395055770874
                    }
                },
                {
                    "type": "Feature",
                    "geometry": {
                        "type": "Point",
                        "coordinates": [
                            49.2545067,
                            55.7892534
                        ]
                    },
                    "properties": {
                        "createdDate": 1703517812176,
                        "bearing": 255.12306213378906,
                        "velocity": 5.25087308883667
                    }
                },
                {
                    "type": "Feature",
                    "geometry": {
                        "type": "Point",
                        "coordinates": [
                            49.2544166,
                            55.7892438
                        ]
                    },
                    "properties": {
                        "createdDate": 1703517813183,
                        "bearing": 256.90020751953125,
                        "velocity": 5.279402256011963
                    }
                },
                {
                    "type": "Feature",
                    "geometry": {
                        "type": "Point",
                        "coordinates": [
                            49.2543317,
                            55.7892332
                        ]
                    },
                    "properties": {
                        "createdDate": 1703517814191,
                        "bearing": 254.2260284423828,
                        "velocity": 5.115428447723389
                    }
                },
                {
                    "type": "Feature",
                    "geometry": {
                        "type": "Point",
                        "coordinates": [
                            49.2542485,
                            55.7892224
                        ]
                    },
                    "properties": {
                        "createdDate": 1703517815186,
                        "bearing": 251.27174377441406,
                        "velocity": 4.81113862991333
                    }
                },
                {
                    "type": "Feature",
                    "geometry": {
                        "type": "Point",
                        "coordinates": [
                            49.2541742,
                            55.7892049
                        ]
                    },
                    "properties": {
                        "createdDate": 1703517816191,
                        "bearing": 247.59849548339844,
                        "velocity": 4.911792278289795
                    }
                },
                {
                    "type": "Feature",
                    "geometry": {
                        "type": "Point",
                        "coordinates": [
                            49.2541009,
                            55.7891865
                        ]
                    },
                    "properties": {
                        "createdDate": 1703517817182,
                        "bearing": 247.17762756347656,
                        "velocity": 4.967442035675049
                    }
                },
                {
                    "type": "Feature",
                    "geometry": {
                        "type": "Point",
                        "coordinates": [
                            49.2540244,
                            55.7891696
                        ]
                    },
                    "properties": {
                        "createdDate": 1703517818192,
                        "bearing": 248.21214294433594,
                        "velocity": 4.5398969650268555
                    }
                },
                {
                    "type": "Feature",
                    "geometry": {
                        "type": "Point",
                        "coordinates": [
                            49.2539489,
                            55.7891548
                        ]
                    },
                    "properties": {
                        "createdDate": 1703517819198,
                        "bearing": 250.19827270507812,
                        "velocity": 4.085230350494385
                    }
                },
                {
                    "type": "Feature",
                    "geometry": {
                        "type": "Point",
                        "coordinates": [
                            49.2538893,
                            55.7891434
                        ]
                    },
                    "properties": {
                        "createdDate": 1703517820205,
                        "bearing": 249.81378173828125,
                        "velocity": 3.438863515853882
                    }
                },
                {
                    "type": "Feature",
                    "geometry": {
                        "type": "Point",
                        "coordinates": [
                            49.2538361,
                            55.7891359
                        ]
                    },
                    "properties": {
                        "createdDate": 1703517821198,
                        "bearing": 248.22805786132812,
                        "velocity": 2.729931116104126
                    }
                },
                {
                    "type": "Feature",
                    "geometry": {
                        "type": "Point",
                        "coordinates": [
                            49.2537906,
                            55.7891255
                        ]
                    },
                    "properties": {
                        "createdDate": 1703517822206,
                        "bearing": 239.49838256835938,
                        "velocity": 2.7271125316619873
                    }
                },
                {
                    "type": "Feature",
                    "geometry": {
                        "type": "Point",
                        "coordinates": [
                            49.253737,
                            55.7891144
                        ]
                    },
                    "properties": {
                        "createdDate": 1703517823200,
                        "bearing": 244.21812438964844,
                        "velocity": 2.868846893310547
                    }
                },
                {
                    "type": "Feature",
                    "geometry": {
                        "type": "Point",
                        "coordinates": [
                            49.2536766,
                            55.7891032
                        ]
                    },
                    "properties": {
                        "createdDate": 1703517824205,
                        "bearing": 245.5804901123047,
                        "velocity": 3.10788893699646
                    }
                },
                {
                    "type": "Feature",
                    "geometry": {
                        "type": "Point",
                        "coordinates": [
                            49.2536097,
                            55.7890898
                        ]
                    },
                    "properties": {
                        "createdDate": 1703517825197,
                        "bearing": 244.1464080810547,
                        "velocity": 3.634108781814575
                    }
                },
                {
                    "type": "Feature",
                    "geometry": {
                        "type": "Point",
                        "coordinates": [
                            49.2535404,
                            55.7890734
                        ]
                    },
                    "properties": {
                        "createdDate": 1703517826204,
                        "bearing": 244.0752716064453,
                        "velocity": 3.996178388595581
                    }
                },
                {
                    "type": "Feature",
                    "geometry": {
                        "type": "Point",
                        "coordinates": [
                            49.2534558,
                            55.7890555
                        ]
                    },
                    "properties": {
                        "createdDate": 1703517827212,
                        "bearing": 245.46034240722656,
                        "velocity": 4.206650733947754
                    }
                },
                {
                    "type": "Feature",
                    "geometry": {
                        "type": "Point",
                        "coordinates": [
                            49.2533754,
                            55.7890389
                        ]
                    },
                    "properties": {
                        "createdDate": 1703517828203,
                        "bearing": 246.3866424560547,
                        "velocity": 4.506422519683838
                    }
                },
                {
                    "type": "Feature",
                    "geometry": {
                        "type": "Point",
                        "coordinates": [
                            49.2532973,
                            55.7890236
                        ]
                    },
                    "properties": {
                        "createdDate": 1703517829211,
                        "bearing": 248.85870361328125,
                        "velocity": 4.592073440551758
                    }
                },
                {
                    "type": "Feature",
                    "geometry": {
                        "type": "Point",
                        "coordinates": [
                            49.2532146,
                            55.7890121
                        ]
                    },
                    "properties": {
                        "createdDate": 1703517830205,
                        "bearing": 251.75161743164062,
                        "velocity": 4.729270935058594
                    }
                },
                {
                    "type": "Feature",
                    "geometry": {
                        "type": "Point",
                        "coordinates": [
                            49.253129,
                            55.7890017
                        ]
                    },
                    "properties": {
                        "createdDate": 1703517831210,
                        "bearing": 253.0301055908203,
                        "velocity": 5.140893459320068
                    }
                },
                {
                    "type": "Feature",
                    "geometry": {
                        "type": "Point",
                        "coordinates": [
                            49.2530449,
                            55.7889876
                        ]
                    },
                    "properties": {
                        "createdDate": 1703517832218,
                        "bearing": 250.4932861328125,
                        "velocity": 5.173663139343262
                    }
                },
                {
                    "type": "Feature",
                    "geometry": {
                        "type": "Point",
                        "coordinates": [
                            49.2529644,
                            55.7889714
                        ]
                    },
                    "properties": {
                        "createdDate": 1703517833212,
                        "bearing": 248.2801055908203,
                        "velocity": 5.044821262359619
                    }
                },
                {
                    "type": "Feature",
                    "geometry": {
                        "type": "Point",
                        "coordinates": [
                            49.2528851,
                            55.788955
                        ]
                    },
                    "properties": {
                        "createdDate": 1703517834219,
                        "bearing": 248.39662170410156,
                        "velocity": 4.922970771789551
                    }
                },
                {
                    "type": "Feature",
                    "geometry": {
                        "type": "Point",
                        "coordinates": [
                            49.2528123,
                            55.7889357
                        ]
                    },
                    "properties": {
                        "createdDate": 1703517835225,
                        "bearing": 249.23387145996094,
                        "velocity": 4.803069591522217
                    }
                },
                {
                    "type": "Feature",
                    "geometry": {
                        "type": "Point",
                        "coordinates": [
                            49.252739,
                            55.7889139
                        ]
                    },
                    "properties": {
                        "createdDate": 1703517836218,
                        "bearing": 252.48960876464844,
                        "velocity": 4.623507022857666
                    }
                },
                {
                    "type": "Feature",
                    "geometry": {
                        "type": "Point",
                        "coordinates": [
                            49.252666,
                            55.7888953
                        ]
                    },
                    "properties": {
                        "createdDate": 1703517837225,
                        "bearing": 252.06874084472656,
                        "velocity": 4.509471416473389
                    }
                },
                {
                    "type": "Feature",
                    "geometry": {
                        "type": "Point",
                        "coordinates": [
                            49.2525924,
                            55.7888735
                        ]
                    },
                    "properties": {
                        "createdDate": 1703517838219,
                        "bearing": 248.9446563720703,
                        "velocity": 4.661884784698486
                    }
                },
                {
                    "type": "Feature",
                    "geometry": {
                        "type": "Point",
                        "coordinates": [
                            49.2525169,
                            55.7888525
                        ]
                    },
                    "properties": {
                        "createdDate": 1703517839226,
                        "bearing": 247.2186279296875,
                        "velocity": 4.672484874725342
                    }
                },
                {
                    "type": "Feature",
                    "geometry": {
                        "type": "Point",
                        "coordinates": [
                            49.2524414,
                            55.788834
                        ]
                    },
                    "properties": {
                        "createdDate": 1703517840232,
                        "bearing": 247.0629119873047,
                        "velocity": 4.746514320373535
                    }
                },
                {
                    "type": "Feature",
                    "geometry": {
                        "type": "Point",
                        "coordinates": [
                            49.2523651,
                            55.7888166
                        ]
                    },
                    "properties": {
                        "createdDate": 1703517841224,
                        "bearing": 245.0835723876953,
                        "velocity": 4.861865997314453
                    }
                },
                {
                    "type": "Feature",
                    "geometry": {
                        "type": "Point",
                        "coordinates": [
                            49.2522872,
                            55.7887973
                        ]
                    },
                    "properties": {
                        "createdDate": 1703517842232,
                        "bearing": 245.5856475830078,
                        "velocity": 4.995368480682373
                    }
                },
                {
                    "type": "Feature",
                    "geometry": {
                        "type": "Point",
                        "coordinates": [
                            49.2522104,
                            55.7887762
                        ]
                    },
                    "properties": {
                        "createdDate": 1703517843230,
                        "bearing": 242.37762451171875,
                        "velocity": 5.053947925567627
                    }
                },
                {
                    "type": "Feature",
                    "geometry": {
                        "type": "Point",
                        "coordinates": [
                            49.2521326,
                            55.7887556
                        ]
                    },
                    "properties": {
                        "createdDate": 1703517844232,
                        "bearing": 244.50335693359375,
                        "velocity": 5.059572696685791
                    }
                },
                {
                    "type": "Feature",
                    "geometry": {
                        "type": "Point",
                        "coordinates": [
                            49.2520545,
                            55.7887359
                        ]
                    },
                    "properties": {
                        "createdDate": 1703517845239,
                        "bearing": 245.4658966064453,
                        "velocity": 5.0051984786987305
                    }
                },
                {
                    "type": "Feature",
                    "geometry": {
                        "type": "Point",
                        "coordinates": [
                            49.2519793,
                            55.7887181
                        ]
                    },
                    "properties": {
                        "createdDate": 1703517846231,
                        "bearing": 246.42269897460938,
                        "velocity": 4.82793664932251
                    }
                },
                {
                    "type": "Feature",
                    "geometry": {
                        "type": "Point",
                        "coordinates": [
                            49.2519077,
                            55.7886992
                        ]
                    },
                    "properties": {
                        "createdDate": 1703517847237,
                        "bearing": 244.11158752441406,
                        "velocity": 4.735763072967529
                    }
                },
                {
                    "type": "Feature",
                    "geometry": {
                        "type": "Point",
                        "coordinates": [
                            49.2518459,
                            55.7886807
                        ]
                    },
                    "properties": {
                        "createdDate": 1703517848234,
                        "bearing": 242.9517059326172,
                        "velocity": 4.209589004516602
                    }
                },
                {
                    "type": "Feature",
                    "geometry": {
                        "type": "Point",
                        "coordinates": [
                            49.251794,
                            55.7886663
                        ]
                    },
                    "properties": {
                        "createdDate": 1703517849238,
                        "bearing": 246.2267303466797,
                        "velocity": 3.513411283493042
                    }
                },
                {
                    "type": "Feature",
                    "geometry": {
                        "type": "Point",
                        "coordinates": [
                            49.2517504,
                            55.7886574
                        ]
                    },
                    "properties": {
                        "createdDate": 1703517850245,
                        "bearing": 252.95901489257812,
                        "velocity": 2.8948581218719482
                    }
                },
                {
                    "type": "Feature",
                    "geometry": {
                        "type": "Point",
                        "coordinates": [
                            49.2517125,
                            55.7886492
                        ]
                    },
                    "properties": {
                        "createdDate": 1703517851255,
                        "bearing": 251.8487091064453,
                        "velocity": 2.536052942276001
                    }
                },
                {
                    "type": "Feature",
                    "geometry": {
                        "type": "Point",
                        "coordinates": [
                            49.2516752,
                            55.788641
                        ]
                    },
                    "properties": {
                        "createdDate": 1703517852245,
                        "bearing": 251.2416534423828,
                        "velocity": 2.5622615814208984
                    }
                },
                {
                    "type": "Feature",
                    "geometry": {
                        "type": "Point",
                        "coordinates": [
                            49.2516346,
                            55.7886376
                        ]
                    },
                    "properties": {
                        "createdDate": 1703517853253,
                        "bearing": 259.4585876464844,
                        "velocity": 2.5007107257843018
                    }
                },
                {
                    "type": "Feature",
                    "geometry": {
                        "type": "Point",
                        "coordinates": [
                            49.2515899,
                            55.7886321
                        ]
                    },
                    "properties": {
                        "createdDate": 1703517854247,
                        "bearing": 255.9429931640625,
                        "velocity": 2.61824369430542
                    }
                },
                {
                    "type": "Feature",
                    "geometry": {
                        "type": "Point",
                        "coordinates": [
                            49.2515459,
                            55.7886252
                        ]
                    },
                    "properties": {
                        "createdDate": 1703517855252,
                        "bearing": 258.109619140625,
                        "velocity": 2.678171157836914
                    }
                },
                {
                    "type": "Feature",
                    "geometry": {
                        "type": "Point",
                        "coordinates": [
                            49.2515035,
                            55.788609
                        ]
                    },
                    "properties": {
                        "createdDate": 1703517856246,
                        "bearing": 252.18807983398438,
                        "velocity": 2.730886936187744
                    }
                },
                {
                    "type": "Feature",
                    "geometry": {
                        "type": "Point",
                        "coordinates": [
                            49.2514626,
                            55.7885881
                        ]
                    },
                    "properties": {
                        "createdDate": 1703517857256,
                        "bearing": 252.08106994628906,
                        "velocity": 2.873739719390869
                    }
                },
                {
                    "type": "Feature",
                    "geometry": {
                        "type": "Point",
                        "coordinates": [
                            49.2514185,
                            55.7885735
                        ]
                    },
                    "properties": {
                        "createdDate": 1703517858259,
                        "bearing": 255.92181396484375,
                        "velocity": 2.8277742862701416
                    }
                },
                {
                    "type": "Feature",
                    "geometry": {
                        "type": "Point",
                        "coordinates": [
                            49.2513675,
                            55.7885558
                        ]
                    },
                    "properties": {
                        "createdDate": 1703517859253,
                        "bearing": 261.8643493652344,
                        "velocity": 3.308736562728882
                    }
                },
                {
                    "type": "Feature",
                    "geometry": {
                        "type": "Point",
                        "coordinates": [
                            49.2513083,
                            55.7885491
                        ]
                    },
                    "properties": {
                        "createdDate": 1703517860257,
                        "bearing": 271.77349853515625,
                        "velocity": 3.496774911880493
                    }
                },
                {
                    "type": "Feature",
                    "geometry": {
                        "type": "Point",
                        "coordinates": [
                            49.2512483,
                            55.7885553
                        ]
                    },
                    "properties": {
                        "createdDate": 1703517861255,
                        "bearing": 283.8394470214844,
                        "velocity": 3.565669059753418
                    }
                },
                {
                    "type": "Feature",
                    "geometry": {
                        "type": "Point",
                        "coordinates": [
                            49.2511974,
                            55.7885768
                        ]
                    },
                    "properties": {
                        "createdDate": 1703517862259,
                        "bearing": 301.1252136230469,
                        "velocity": 3.570291757583618
                    }
                },
                {
                    "type": "Feature",
                    "geometry": {
                        "type": "Point",
                        "coordinates": [
                            49.2511648,
                            55.7886085
                        ]
                    },
                    "properties": {
                        "createdDate": 1703517863266,
                        "bearing": 321.2121887207031,
                        "velocity": 3.5050206184387207
                    }
                },
                {
                    "type": "Feature",
                    "geometry": {
                        "type": "Point",
                        "coordinates": [
                            49.2511465,
                            55.7886529
                        ]
                    },
                    "properties": {
                        "createdDate": 1703517864258,
                        "bearing": 337.8289794921875,
                        "velocity": 4.15976619720459
                    }
                },
                {
                    "type": "Feature",
                    "geometry": {
                        "type": "Point",
                        "coordinates": [
                            49.2511276,
                            55.7887039
                        ]
                    },
                    "properties": {
                        "createdDate": 1703517865265,
                        "bearing": 342.38653564453125,
                        "velocity": 4.855116844177246
                    }
                },
                {
                    "type": "Feature",
                    "geometry": {
                        "type": "Point",
                        "coordinates": [
                            49.2511068,
                            55.7887601
                        ]
                    },
                    "properties": {
                        "createdDate": 1703517866275,
                        "bearing": 343.8658752441406,
                        "velocity": 5.450606346130371
                    }
                },
                {
                    "type": "Feature",
                    "geometry": {
                        "type": "Point",
                        "coordinates": [
                            49.2510982,
                            55.7888007
                        ]
                    },
                    "properties": {
                        "createdDate": 1703517867265,
                        "bearing": 348.8347473144531,
                        "velocity": 4.456723690032959
                    }
                },
                {
                    "type": "Feature",
                    "geometry": {
                        "type": "Point",
                        "coordinates": [
                            49.2510953,
                            55.7888374
                        ]
                    },
                    "properties": {
                        "createdDate": 1703517868273,
                        "bearing": 355.64178466796875,
                        "velocity": 3.4283201694488525
                    }
                },
                {
                    "type": "Feature",
                    "geometry": {
                        "type": "Point",
                        "coordinates": [
                            49.2510962,
                            55.788868
                        ]
                    },
                    "properties": {
                        "createdDate": 1703517869283,
                        "bearing": 1.6254503726959229,
                        "velocity": 2.5963399410247803
                    }
                },
                {
                    "type": "Feature",
                    "geometry": {
                        "type": "Point",
                        "coordinates": [
                            49.2511027,
                            55.7888997
                        ]
                    },
                    "properties": {
                        "createdDate": 1703517870273,
                        "bearing": 6.746605396270752,
                        "velocity": 2.512612819671631
                    }
                },
                {
                    "type": "Feature",
                    "geometry": {
                        "type": "Point",
                        "coordinates": [
                            49.2511139,
                            55.788929
                        ]
                    },
                    "properties": {
                        "createdDate": 1703517871282,
                        "bearing": 12.842938423156738,
                        "velocity": 3.0715925693511963
                    }
                },
                {
                    "type": "Feature",
                    "geometry": {
                        "type": "Point",
                        "coordinates": [
                            49.2511273,
                            55.7889588
                        ]
                    },
                    "properties": {
                        "createdDate": 1703517872272,
                        "bearing": 18.772871017456055,
                        "velocity": 3.4494709968566895
                    }
                },
                {
                    "type": "Feature",
                    "geometry": {
                        "type": "Point",
                        "coordinates": [
                            49.2511487,
                            55.7889826
                        ]
                    },
                    "properties": {
                        "createdDate": 1703517873280,
                        "bearing": 25.747520446777344,
                        "velocity": 4.0237202644348145
                    }
                },
                {
                    "type": "Feature",
                    "geometry": {
                        "type": "Point",
                        "coordinates": [
                            49.2511673,
                            55.7890152
                        ]
                    },
                    "properties": {
                        "createdDate": 1703517874276,
                        "bearing": 21.271751403808594,
                        "velocity": 4.332335948944092
                    }
                },
                {
                    "type": "Feature",
                    "geometry": {
                        "type": "Point",
                        "coordinates": [
                            49.2511791,
                            55.7890553
                        ]
                    },
                    "properties": {
                        "createdDate": 1703517875279,
                        "bearing": 10.465615272521973,
                        "velocity": 5.1364240646362305
                    }
                },
                {
                    "type": "Feature",
                    "geometry": {
                        "type": "Point",
                        "coordinates": [
                            49.2511912,
                            55.7891038
                        ]
                    },
                    "properties": {
                        "createdDate": 1703517876286,
                        "bearing": 7.156691074371338,
                        "velocity": 5.252706050872803
                    }
                },
                {
                    "type": "Feature",
                    "geometry": {
                        "type": "Point",
                        "coordinates": [
                            49.2511933,
                            55.7891559
                        ]
                    },
                    "properties": {
                        "createdDate": 1703517877294,
                        "bearing": 351.84503173828125,
                        "velocity": 5.6991095542907715
                    }
                },
                {
                    "type": "Feature",
                    "geometry": {
                        "type": "Point",
                        "coordinates": [
                            49.251167,
                            55.7892067
                        ]
                    },
                    "properties": {
                        "createdDate": 1703517878286,
                        "bearing": 335.9600524902344,
                        "velocity": 5.649169921875
                    }
                },
                {
                    "type": "Feature",
                    "geometry": {
                        "type": "Point",
                        "coordinates": [
                            49.2511215,
                            55.7892533
                        ]
                    },
                    "properties": {
                        "createdDate": 1703517879294,
                        "bearing": 324.6926574707031,
                        "velocity": 5.969856262207031
                    }
                },
                {
                    "type": "Feature",
                    "geometry": {
                        "type": "Point",
                        "coordinates": [
                            49.2510538,
                            55.7892954
                        ]
                    },
                    "properties": {
                        "createdDate": 1703517880290,
                        "bearing": 314.96246337890625,
                        "velocity": 6.247823715209961
                    }
                },
                {
                    "type": "Feature",
                    "geometry": {
                        "type": "Point",
                        "coordinates": [
                            49.2509772,
                            55.7893338
                        ]
                    },
                    "properties": {
                        "createdDate": 1703517881299,
                        "bearing": 310.3954772949219,
                        "velocity": 6.109460353851318
                    }
                },
                {
                    "type": "Feature",
                    "geometry": {
                        "type": "Point",
                        "coordinates": [
                            49.2509047,
                            55.7893744
                        ]
                    },
                    "properties": {
                        "createdDate": 1703517882300,
                        "bearing": 314.60443115234375,
                        "velocity": 6.388246059417725
                    }
                },
                {
                    "type": "Feature",
                    "geometry": {
                        "type": "Point",
                        "coordinates": [
                            49.2508377,
                            55.789421
                        ]
                    },
                    "properties": {
                        "createdDate": 1703517883297,
                        "bearing": 322.21636962890625,
                        "velocity": 6.190532207489014
                    }
                },
                {
                    "type": "Feature",
                    "geometry": {
                        "type": "Point",
                        "coordinates": [
                            49.2507881,
                            55.7894677
                        ]
                    },
                    "properties": {
                        "createdDate": 1703517884300,
                        "bearing": 325.58843994140625,
                        "velocity": 6.247339248657227
                    }
                },
                {
                    "type": "Feature",
                    "geometry": {
                        "type": "Point",
                        "coordinates": [
                            49.2507442,
                            55.7895251
                        ]
                    },
                    "properties": {
                        "createdDate": 1703517885308,
                        "bearing": 334.2765808105469,
                        "velocity": 6.732010364532471
                    }
                },
                {
                    "type": "Feature",
                    "geometry": {
                        "type": "Point",
                        "coordinates": [
                            49.250706,
                            55.7895822
                        ]
                    },
                    "properties": {
                        "createdDate": 1703517886304,
                        "bearing": 331.3650207519531,
                        "velocity": 6.40363883972168
                    }
                },
                {
                    "type": "Feature",
                    "geometry": {
                        "type": "Point",
                        "coordinates": [
                            49.2506709,
                            55.7896413
                        ]
                    },
                    "properties": {
                        "createdDate": 1703517887308,
                        "bearing": 334.80517578125,
                        "velocity": 5.899059772491455
                    }
                },
                {
                    "type": "Feature",
                    "geometry": {
                        "type": "Point",
                        "coordinates": [
                            49.2506372,
                            55.789692
                        ]
                    },
                    "properties": {
                        "createdDate": 1703517888311,
                        "bearing": 335.08892822265625,
                        "velocity": 5.542352199554443
                    }
                },
                {
                    "type": "Feature",
                    "geometry": {
                        "type": "Point",
                        "coordinates": [
                            49.2506163,
                            55.7897355
                        ]
                    },
                    "properties": {
                        "createdDate": 1703517889307,
                        "bearing": 336.9960632324219,
                        "velocity": 5.031461715698242
                    }
                },
                {
                    "type": "Feature",
                    "geometry": {
                        "type": "Point",
                        "coordinates": [
                            49.2505612,
                            55.789828
                        ]
                    },
                    "properties": {
                        "createdDate": 1703517890314,
                        "bearing": 338.6031799316406,
                        "velocity": 5.297759056091309
                    }
                },
                {
                    "type": "Feature",
                    "geometry": {
                        "type": "Point",
                        "coordinates": [
                            49.250489,
                            55.7899413
                        ]
                    },
                    "properties": {
                        "createdDate": 1703517892314,
                        "bearing": 338.8690185546875,
                        "velocity": 6.8618316650390625
                    }
                },
                {
                    "type": "Feature",
                    "geometry": {
                        "type": "Point",
                        "coordinates": [
                            49.2504521,
                            55.7899997
                        ]
                    },
                    "properties": {
                        "createdDate": 1703517893305,
                        "bearing": 338.15069580078125,
                        "velocity": 6.660449028015137
                    }
                },
                {
                    "type": "Feature",
                    "geometry": {
                        "type": "Point",
                        "coordinates": [
                            49.25042,
                            55.7900565
                        ]
                    },
                    "properties": {
                        "createdDate": 1703517894315,
                        "bearing": 339.8415832519531,
                        "velocity": 6.860846996307373
                    }
                },
                {
                    "type": "Feature",
                    "geometry": {
                        "type": "Point",
                        "coordinates": [
                            49.25039,
                            55.7901109
                        ]
                    },
                    "properties": {
                        "createdDate": 1703517895311,
                        "bearing": 337.4437561035156,
                        "velocity": 6.100937366485596
                    }
                },
                {
                    "type": "Feature",
                    "geometry": {
                        "type": "Point",
                        "coordinates": [
                            49.2503648,
                            55.7901615
                        ]
                    },
                    "properties": {
                        "createdDate": 1703517896317,
                        "bearing": 338.08544921875,
                        "velocity": 5.646527290344238
                    }
                },
                {
                    "type": "Feature",
                    "geometry": {
                        "type": "Point",
                        "coordinates": [
                            49.2503477,
                            55.7902049
                        ]
                    },
                    "properties": {
                        "createdDate": 1703517897320,
                        "bearing": 338.9632263183594,
                        "velocity": 5.600991725921631
                    }
                },
                {
                    "type": "Feature",
                    "geometry": {
                        "type": "Point",
                        "coordinates": [
                            49.2502669,
                            55.7903136
                        ]
                    },
                    "properties": {
                        "createdDate": 1703517899321,
                        "bearing": 333.20758056640625,
                        "velocity": 5.750334739685059
                    }
                },
                {
                    "type": "Feature",
                    "geometry": {
                        "type": "Point",
                        "coordinates": [
                            49.2502217,
                            55.7903634
                        ]
                    },
                    "properties": {
                        "createdDate": 1703517900328,
                        "bearing": 332.1490478515625,
                        "velocity": 5.25998067855835
                    }
                },
                {
                    "type": "Feature",
                    "geometry": {
                        "type": "Point",
                        "coordinates": [
                            49.2501831,
                            55.7904084
                        ]
                    },
                    "properties": {
                        "createdDate": 1703517901339,
                        "bearing": 334.0079040527344,
                        "velocity": 4.623912811279297
                    }
                },
                {
                    "type": "Feature",
                    "geometry": {
                        "type": "Point",
                        "coordinates": [
                            49.2501466,
                            55.7904464
                        ]
                    },
                    "properties": {
                        "createdDate": 1703517902327,
                        "bearing": 328.40716552734375,
                        "velocity": 4.56627082824707
                    }
                },
                {
                    "type": "Feature",
                    "geometry": {
                        "type": "Point",
                        "coordinates": [
                            49.2501143,
                            55.7904767
                        ]
                    },
                    "properties": {
                        "createdDate": 1703517903317,
                        "bearing": 327.2716064453125,
                        "velocity": 3.6766247749328613
                    }
                },
                {
                    "type": "Feature",
                    "geometry": {
                        "type": "Point",
                        "coordinates": [
                            49.2500925,
                            55.7905036
                        ]
                    },
                    "properties": {
                        "createdDate": 1703517904327,
                        "bearing": 335.5834045410156,
                        "velocity": 3.2655277252197266
                    }
                },
                {
                    "type": "Feature",
                    "geometry": {
                        "type": "Point",
                        "coordinates": [
                            49.2500714,
                            55.7905301
                        ]
                    },
                    "properties": {
                        "createdDate": 1703517905318,
                        "bearing": 334.1272888183594,
                        "velocity": 3.1190218925476074
                    }
                },
                {
                    "type": "Feature",
                    "geometry": {
                        "type": "Point",
                        "coordinates": [
                            49.2500441,
                            55.7905503
                        ]
                    },
                    "properties": {
                        "createdDate": 1703517906327,
                        "bearing": 327.4530029296875,
                        "velocity": 2.7937002182006836
                    }
                },
                {
                    "type": "Feature",
                    "geometry": {
                        "type": "Point",
                        "coordinates": [
                            49.2500156,
                            55.7905721
                        ]
                    },
                    "properties": {
                        "createdDate": 1703517907334,
                        "bearing": 324.185791015625,
                        "velocity": 3.1232094764709473
                    }
                },
                {
                    "type": "Feature",
                    "geometry": {
                        "type": "Point",
                        "coordinates": [
                            49.249977,
                            55.7906021
                        ]
                    },
                    "properties": {
                        "createdDate": 1703517908325,
                        "bearing": 320.206298828125,
                        "velocity": 4.0906853675842285
                    }
                },
                {
                    "type": "Feature",
                    "geometry": {
                        "type": "Point",
                        "coordinates": [
                            49.2499303,
                            55.7906347
                        ]
                    },
                    "properties": {
                        "createdDate": 1703517909334,
                        "bearing": 317.3607177734375,
                        "velocity": 4.047247886657715
                    }
                },
                {
                    "type": "Feature",
                    "geometry": {
                        "type": "Point",
                        "coordinates": [
                            49.2498853,
                            55.7906689
                        ]
                    },
                    "properties": {
                        "createdDate": 1703517910341,
                        "bearing": 321.51068115234375,
                        "velocity": 4.6275715827941895
                    }
                },
                {
                    "type": "Feature",
                    "geometry": {
                        "type": "Point",
                        "coordinates": [
                            49.2498373,
                            55.7907125
                        ]
                    },
                    "properties": {
                        "createdDate": 1703517911333,
                        "bearing": 324.6302795410156,
                        "velocity": 5.534591197967529
                    }
                },
                {
                    "type": "Feature",
                    "geometry": {
                        "type": "Point",
                        "coordinates": [
                            49.2497839,
                            55.7907616
                        ]
                    },
                    "properties": {
                        "createdDate": 1703517912341,
                        "bearing": 323.2076110839844,
                        "velocity": 5.642996311187744
                    }
                },
                {
                    "type": "Feature",
                    "geometry": {
                        "type": "Point",
                        "coordinates": [
                            49.2497361,
                            55.7908124
                        ]
                    },
                    "properties": {
                        "createdDate": 1703517913348,
                        "bearing": 330.4100036621094,
                        "velocity": 5.502318859100342
                    }
                },
                {
                    "type": "Feature",
                    "geometry": {
                        "type": "Point",
                        "coordinates": [
                            49.2496954,
                            55.7908586
                        ]
                    },
                    "properties": {
                        "createdDate": 1703517914341,
                        "bearing": 328.3048095703125,
                        "velocity": 5.262438774108887
                    }
                },
                {
                    "type": "Feature",
                    "geometry": {
                        "type": "Point",
                        "coordinates": [
                            49.2496583,
                            55.7909068
                        ]
                    },
                    "properties": {
                        "createdDate": 1703517915348,
                        "bearing": 327.09844970703125,
                        "velocity": 5.782960891723633
                    }
                },
                {
                    "type": "Feature",
                    "geometry": {
                        "type": "Point",
                        "coordinates": [
                            49.2496151,
                            55.7909667
                        ]
                    },
                    "properties": {
                        "createdDate": 1703517916340,
                        "bearing": 330.70050048828125,
                        "velocity": 6.578877925872803
                    }
                },
                {
                    "type": "Feature",
                    "geometry": {
                        "type": "Point",
                        "coordinates": [
                            49.2495623,
                            55.7910252
                        ]
                    },
                    "properties": {
                        "createdDate": 1703517917347,
                        "bearing": 328.18963623046875,
                        "velocity": 7.000224590301514
                    }
                }
            ]
        }
    },
    {
        "uuid": "cae4b86c-3f52-4e47-8c61-e2689daa8c83",
        "videoId": "1703517334472",
        "filePath": "/vs_data/citysoft-dev/video/2023/12/25/5b8b176f019ea18e/1703517330494/1703517334472/1703517334472.mp4",
        "sessionId": "1703517330494",
        "deviceId": "5b8b176f019ea18e",
        "descriptions": {
            "onDevice": "VladTest",
            "onServer": "VladTest"
        },
        "numbers": {
            "onDevice": "VladTest",
            "onServer": "VladTest"
        },
        "processingStatus": "NEW",
        "operatorId": null,
        "creationDate": "2023-12-25T15:15:34.472Z",
        "processedDate": null,
        "homographyId": null,
        "mergedPartsCount": 284,
        "fps": 0,
        "size": 7951752,
        "resolution": null,
        "errorReason": null,
        "errorModule": null,
        "errorMessage": null,
        "geoJSON": {
            "type": "FeatureCollection",
            "features": [
                {
                    "type": "Feature",
                    "geometry": {
                        "type": "Point",
                        "coordinates": [
                            49.2458098,
                            55.7927324
                        ]
                    },
                    "properties": {
                        "createdDate": 1703517334472,
                        "bearing": 0.0,
                        "velocity": 0.0
                    }
                },
                {
                    "type": "Feature",
                    "geometry": {
                        "type": "Point",
                        "coordinates": [
                            49.2457325,
                            55.7926806
                        ]
                    },
                    "properties": {
                        "createdDate": 1703517339421,
                        "bearing": 0.0,
                        "velocity": 0.01885118894279003
                    }
                },
                {
                    "type": "Feature",
                    "geometry": {
                        "type": "Point",
                        "coordinates": [
                            49.2457303,
                            55.7927315
                        ]
                    },
                    "properties": {
                        "createdDate": 1703517340415,
                        "bearing": 0.0,
                        "velocity": 0.2700325548648834
                    }
                },
                {
                    "type": "Feature",
                    "geometry": {
                        "type": "Point",
                        "coordinates": [
                            49.2457191,
                            55.792762
                        ]
                    },
                    "properties": {
                        "createdDate": 1703517341421,
                        "bearing": 0.0,
                        "velocity": 0.47876930236816406
                    }
                },
                {
                    "type": "Feature",
                    "geometry": {
                        "type": "Point",
                        "coordinates": [
                            49.2457283,
                            55.7927784
                        ]
                    },
                    "properties": {
                        "createdDate": 1703517342429,
                        "bearing": 5.896538368688198E-6,
                        "velocity": 0.6797166466712952
                    }
                },
                {
                    "type": "Feature",
                    "geometry": {
                        "type": "Point",
                        "coordinates": [
                            49.2456844,
                            55.7928178
                        ]
                    },
                    "properties": {
                        "createdDate": 1703517343436,
                        "bearing": 0.0,
                        "velocity": 0.8097955584526062
                    }
                },
                {
                    "type": "Feature",
                    "geometry": {
                        "type": "Point",
                        "coordinates": [
                            49.2456593,
                            55.7928398
                        ]
                    },
                    "properties": {
                        "createdDate": 1703517344427,
                        "bearing": 0.0,
                        "velocity": 0.6516135334968567
                    }
                },
                {
                    "type": "Feature",
                    "geometry": {
                        "type": "Point",
                        "coordinates": [
                            49.245617,
                            55.7928607
                        ]
                    },
                    "properties": {
                        "createdDate": 1703517345439,
                        "bearing": 0.0,
                        "velocity": 0.39984846115112305
                    }
                },
                {
                    "type": "Feature",
                    "geometry": {
                        "type": "Point",
                        "coordinates": [
                            49.2456023,
                            55.7928759
                        ]
                    },
                    "properties": {
                        "createdDate": 1703517346427,
                        "bearing": 0.0,
                        "velocity": 0.5318081378936768
                    }
                },
                {
                    "type": "Feature",
                    "geometry": {
                        "type": "Point",
                        "coordinates": [
                            49.2456015,
                            55.7928904
                        ]
                    },
                    "properties": {
                        "createdDate": 1703517347435,
                        "bearing": 0.0,
                        "velocity": 0.3894398808479309
                    }
                },
                {
                    "type": "Feature",
                    "geometry": {
                        "type": "Point",
                        "coordinates": [
                            49.2456094,
                            55.7929046
                        ]
                    },
                    "properties": {
                        "createdDate": 1703517348427,
                        "bearing": 2.0355550198972866E-13,
                        "velocity": 0.4467163383960724
                    }
                },
                {
                    "type": "Feature",
                    "geometry": {
                        "type": "Point",
                        "coordinates": [
                            49.2456108,
                            55.7929568
                        ]
                    },
                    "properties": {
                        "createdDate": 1703517349434,
                        "bearing": 0.0,
                        "velocity": 1.0589699745178223
                    }
                },
                {
                    "type": "Feature",
                    "geometry": {
                        "type": "Point",
                        "coordinates": [
                            49.2456349,
                            55.7930041
                        ]
                    },
                    "properties": {
                        "createdDate": 1703517350443,
                        "bearing": 2.544443876515562E-13,
                        "velocity": 1.5100144147872925
                    }
                },
                {
                    "type": "Feature",
                    "geometry": {
                        "type": "Point",
                        "coordinates": [
                            49.2457021,
                            55.7930384
                        ]
                    },
                    "properties": {
                        "createdDate": 1703517351435,
                        "bearing": 5.088887753031124E-13,
                        "velocity": 1.400170087814331
                    }
                },
                {
                    "type": "Feature",
                    "geometry": {
                        "type": "Point",
                        "coordinates": [
                            49.245699,
                            55.7930026
                        ]
                    },
                    "properties": {
                        "createdDate": 1703517353436,
                        "bearing": 0.0,
                        "velocity": 0.02898710034787655
                    }
                },
                {
                    "type": "Feature",
                    "geometry": {
                        "type": "Point",
                        "coordinates": [
                            49.2457073,
                            55.7929988
                        ]
                    },
                    "properties": {
                        "createdDate": 1703517354440,
                        "bearing": 0.0,
                        "velocity": 0.010578578338027
                    }
                },
                {
                    "type": "Feature",
                    "geometry": {
                        "type": "Point",
                        "coordinates": [
                            49.2457255,
                            55.7929997
                        ]
                    },
                    "properties": {
                        "createdDate": 1703517355449,
                        "bearing": 0.0,
                        "velocity": 0.03042321279644966
                    }
                },
                {
                    "type": "Feature",
                    "geometry": {
                        "type": "Point",
                        "coordinates": [
                            49.2458643,
                            55.7930224
                        ]
                    },
                    "properties": {
                        "createdDate": 1703517356440,
                        "bearing": 77.871826171875,
                        "velocity": 0.44183558225631714
                    }
                },
                {
                    "type": "Feature",
                    "geometry": {
                        "type": "Point",
                        "coordinates": [
                            49.2459929,
                            55.793043
                        ]
                    },
                    "properties": {
                        "createdDate": 1703517357448,
                        "bearing": 74.900146484375,
                        "velocity": 2.133915901184082
                    }
                },
                {
                    "type": "Feature",
                    "geometry": {
                        "type": "Point",
                        "coordinates": [
                            49.2461863,
                            55.7930824
                        ]
                    },
                    "properties": {
                        "createdDate": 1703517358456,
                        "bearing": 69.67724609375,
                        "velocity": 3.7884740829467773
                    }
                },
                {
                    "type": "Feature",
                    "geometry": {
                        "type": "Point",
                        "coordinates": [
                            49.2463365,
                            55.7931209
                        ]
                    },
                    "properties": {
                        "createdDate": 1703517359447,
                        "bearing": 63.99478530883789,
                        "velocity": 4.705001354217529
                    }
                },
                {
                    "type": "Feature",
                    "geometry": {
                        "type": "Point",
                        "coordinates": [
                            49.2464629,
                            55.7931574
                        ]
                    },
                    "properties": {
                        "createdDate": 1703517360458,
                        "bearing": 61.23086929321289,
                        "velocity": 5.2303547859191895
                    }
                },
                {
                    "type": "Feature",
                    "geometry": {
                        "type": "Point",
                        "coordinates": [
                            49.2465816,
                            55.7931798
                        ]
                    },
                    "properties": {
                        "createdDate": 1703517361450,
                        "bearing": 63.65644073486328,
                        "velocity": 5.441447734832764
                    }
                },
                {
                    "type": "Feature",
                    "geometry": {
                        "type": "Point",
                        "coordinates": [
                            49.2466823,
                            55.7931899
                        ]
                    },
                    "properties": {
                        "createdDate": 1703517362454,
                        "bearing": 67.77902221679688,
                        "velocity": 5.39290189743042
                    }
                },
                {
                    "type": "Feature",
                    "geometry": {
                        "type": "Point",
                        "coordinates": [
                            49.2467313,
                            55.7931818
                        ]
                    },
                    "properties": {
                        "createdDate": 1703517363462,
                        "bearing": 86.5577621459961,
                        "velocity": 2.5422146320343018
                    }
                },
                {
                    "type": "Feature",
                    "geometry": {
                        "type": "Point",
                        "coordinates": [
                            49.2467654,
                            55.7931813
                        ]
                    },
                    "properties": {
                        "createdDate": 1703517364456,
                        "bearing": 88.6228256225586,
                        "velocity": 1.37129545211792
                    }
                },
                {
                    "type": "Feature",
                    "geometry": {
                        "type": "Point",
                        "coordinates": [
                            49.2468077,
                            55.7931683
                        ]
                    },
                    "properties": {
                        "createdDate": 1703517365502,
                        "bearing": 89.83475494384766,
                        "velocity": 1.3115639686584473
                    }
                },
                {
                    "type": "Feature",
                    "geometry": {
                        "type": "Point",
                        "coordinates": [
                            49.2468324,
                            55.7931587
                        ]
                    },
                    "properties": {
                        "createdDate": 1703517366471,
                        "bearing": 91.42713165283203,
                        "velocity": 1.1689648628234863
                    }
                },
                {
                    "type": "Feature",
                    "geometry": {
                        "type": "Point",
                        "coordinates": [
                            49.2468553,
                            55.7931477
                        ]
                    },
                    "properties": {
                        "createdDate": 1703517367479,
                        "bearing": 93.33271026611328,
                        "velocity": 1.0528151988983154
                    }
                },
                {
                    "type": "Feature",
                    "geometry": {
                        "type": "Point",
                        "coordinates": [
                            49.2468719,
                            55.7931369
                        ]
                    },
                    "properties": {
                        "createdDate": 1703517368488,
                        "bearing": 94.75426483154297,
                        "velocity": 0.8950183987617493
                    }
                },
                {
                    "type": "Feature",
                    "geometry": {
                        "type": "Point",
                        "coordinates": [
                            49.2468914,
                            55.7931294
                        ]
                    },
                    "properties": {
                        "createdDate": 1703517369480,
                        "bearing": 94.30974578857422,
                        "velocity": 0.7987375259399414
                    }
                },
                {
                    "type": "Feature",
                    "geometry": {
                        "type": "Point",
                        "coordinates": [
                            49.2469063,
                            55.793128
                        ]
                    },
                    "properties": {
                        "createdDate": 1703517370487,
                        "bearing": 92.32937622070312,
                        "velocity": 0.6615695357322693
                    }
                },
                {
                    "type": "Feature",
                    "geometry": {
                        "type": "Point",
                        "coordinates": [
                            49.2469252,
                            55.7931295
                        ]
                    },
                    "properties": {
                        "createdDate": 1703517371496,
                        "bearing": 90.51502990722656,
                        "velocity": 0.6031544804573059
                    }
                },
                {
                    "type": "Feature",
                    "geometry": {
                        "type": "Point",
                        "coordinates": [
                            49.2469283,
                            55.7931312
                        ]
                    },
                    "properties": {
                        "createdDate": 1703517372488,
                        "bearing": 89.71114349365234,
                        "velocity": 0.3928076922893524
                    }
                },
                {
                    "type": "Feature",
                    "geometry": {
                        "type": "Point",
                        "coordinates": [
                            49.2469271,
                            55.7931321
                        ]
                    },
                    "properties": {
                        "createdDate": 1703517373495,
                        "bearing": 89.34107208251953,
                        "velocity": 0.23585312068462372
                    }
                },
                {
                    "type": "Feature",
                    "geometry": {
                        "type": "Point",
                        "coordinates": [
                            49.2469125,
                            55.7931387
                        ]
                    },
                    "properties": {
                        "createdDate": 1703517374486,
                        "bearing": 0.0,
                        "velocity": 0.021143853664398193
                    }
                },
                {
                    "type": "Feature",
                    "geometry": {
                        "type": "Point",
                        "coordinates": [
                            49.2469256,
                            55.7931398
                        ]
                    },
                    "properties": {
                        "createdDate": 1703517375494,
                        "bearing": 106.50605773925781,
                        "velocity": 0.45768892765045166
                    }
                },
                {
                    "type": "Feature",
                    "geometry": {
                        "type": "Point",
                        "coordinates": [
                            49.2469403,
                            55.7931429
                        ]
                    },
                    "properties": {
                        "createdDate": 1703517376502,
                        "bearing": 86.95646667480469,
                        "velocity": 0.7506934404373169
                    }
                },
                {
                    "type": "Feature",
                    "geometry": {
                        "type": "Point",
                        "coordinates": [
                            49.2469519,
                            55.7931479
                        ]
                    },
                    "properties": {
                        "createdDate": 1703517377510,
                        "bearing": 88.88052368164062,
                        "velocity": 0.5438235998153687
                    }
                },
                {
                    "type": "Feature",
                    "geometry": {
                        "type": "Point",
                        "coordinates": [
                            49.2469676,
                            55.793152
                        ]
                    },
                    "properties": {
                        "createdDate": 1703517378507,
                        "bearing": 92.5533676147461,
                        "velocity": 0.8233679533004761
                    }
                },
                {
                    "type": "Feature",
                    "geometry": {
                        "type": "Point",
                        "coordinates": [
                            49.2469942,
                            55.7931553
                        ]
                    },
                    "properties": {
                        "createdDate": 1703517379497,
                        "bearing": 96.9416732788086,
                        "velocity": 1.0408352613449097
                    }
                },
                {
                    "type": "Feature",
                    "geometry": {
                        "type": "Point",
                        "coordinates": [
                            49.2470132,
                            55.7931557
                        ]
                    },
                    "properties": {
                        "createdDate": 1703517380507,
                        "bearing": 116.62979125976562,
                        "velocity": 1.0027650594711304
                    }
                },
                {
                    "type": "Feature",
                    "geometry": {
                        "type": "Point",
                        "coordinates": [
                            49.2470394,
                            55.7931519
                        ]
                    },
                    "properties": {
                        "createdDate": 1703517381510,
                        "bearing": 122.9912338256836,
                        "velocity": 1.0934898853302002
                    }
                },
                {
                    "type": "Feature",
                    "geometry": {
                        "type": "Point",
                        "coordinates": [
                            49.2470703,
                            55.7931471
                        ]
                    },
                    "properties": {
                        "createdDate": 1703517382500,
                        "bearing": 122.81640625,
                        "velocity": 1.2035056352615356
                    }
                },
                {
                    "type": "Feature",
                    "geometry": {
                        "type": "Point",
                        "coordinates": [
                            49.2470986,
                            55.7931505
                        ]
                    },
                    "properties": {
                        "createdDate": 1703517383496,
                        "bearing": 113.74613952636719,
                        "velocity": 0.685492217540741
                    }
                },
                {
                    "type": "Feature",
                    "geometry": {
                        "type": "Point",
                        "coordinates": [
                            49.2471279,
                            55.7931541
                        ]
                    },
                    "properties": {
                        "createdDate": 1703517384499,
                        "bearing": 102.67286682128906,
                        "velocity": 0.8842345476150513
                    }
                },
                {
                    "type": "Feature",
                    "geometry": {
                        "type": "Point",
                        "coordinates": [
                            49.2471526,
                            55.7931586
                        ]
                    },
                    "properties": {
                        "createdDate": 1703517385489,
                        "bearing": 100.73877716064453,
                        "velocity": 0.9857518672943115
                    }
                },
                {
                    "type": "Feature",
                    "geometry": {
                        "type": "Point",
                        "coordinates": [
                            49.2471674,
                            55.7931623
                        ]
                    },
                    "properties": {
                        "createdDate": 1703517386498,
                        "bearing": 102.75230407714844,
                        "velocity": 0.9341923594474792
                    }
                },
                {
                    "type": "Feature",
                    "geometry": {
                        "type": "Point",
                        "coordinates": [
                            49.247181,
                            55.7931702
                        ]
                    },
                    "properties": {
                        "createdDate": 1703517388091,
                        "bearing": 86.97366333007812,
                        "velocity": 0.901209831237793
                    }
                },
                {
                    "type": "Feature",
                    "geometry": {
                        "type": "Point",
                        "coordinates": [
                            49.2471927,
                            55.7931823
                        ]
                    },
                    "properties": {
                        "createdDate": 1703517388497,
                        "bearing": 64.51358795166016,
                        "velocity": 0.8980922698974609
                    }
                },
                {
                    "type": "Feature",
                    "geometry": {
                        "type": "Point",
                        "coordinates": [
                            49.2472046,
                            55.7931954
                        ]
                    },
                    "properties": {
                        "createdDate": 1703517389486,
                        "bearing": 53.23451614379883,
                        "velocity": 0.9473105669021606
                    }
                },
                {
                    "type": "Feature",
                    "geometry": {
                        "type": "Point",
                        "coordinates": [
                            49.247217,
                            55.7932083
                        ]
                    },
                    "properties": {
                        "createdDate": 1703517390495,
                        "bearing": 50.92902374267578,
                        "velocity": 0.6716859936714172
                    }
                },
                {
                    "type": "Feature",
                    "geometry": {
                        "type": "Point",
                        "coordinates": [
                            49.247235,
                            55.7932217
                        ]
                    },
                    "properties": {
                        "createdDate": 1703517391503,
                        "bearing": 51.105342864990234,
                        "velocity": 0.45508983731269836
                    }
                },
                {
                    "type": "Feature",
                    "geometry": {
                        "type": "Point",
                        "coordinates": [
                            49.2472528,
                            55.793234
                        ]
                    },
                    "properties": {
                        "createdDate": 1703517392497,
                        "bearing": 51.450111389160156,
                        "velocity": 0.3556334674358368
                    }
                },
                {
                    "type": "Feature",
                    "geometry": {
                        "type": "Point",
                        "coordinates": [
                            49.2472545,
                            55.793259
                        ]
                    },
                    "properties": {
                        "createdDate": 1703517393507,
                        "bearing": 42.40608215332031,
                        "velocity": 0.7631484270095825
                    }
                },
                {
                    "type": "Feature",
                    "geometry": {
                        "type": "Point",
                        "coordinates": [
                            49.2472671,
                            55.7932763
                        ]
                    },
                    "properties": {
                        "createdDate": 1703517394511,
                        "bearing": 45.9032096862793,
                        "velocity": 0.46447136998176575
                    }
                },
                {
                    "type": "Feature",
                    "geometry": {
                        "type": "Point",
                        "coordinates": [
                            49.2472868,
                            55.7932871
                        ]
                    },
                    "properties": {
                        "createdDate": 1703517395520,
                        "bearing": 55.83795166015625,
                        "velocity": 0.31221485137939453
                    }
                },
                {
                    "type": "Feature",
                    "geometry": {
                        "type": "Point",
                        "coordinates": [
                            49.2473146,
                            55.7932858
                        ]
                    },
                    "properties": {
                        "createdDate": 1703517396513,
                        "bearing": 74.8193130493164,
                        "velocity": 0.28564172983169556
                    }
                },
                {
                    "type": "Feature",
                    "geometry": {
                        "type": "Point",
                        "coordinates": [
                            49.2473454,
                            55.7932769
                        ]
                    },
                    "properties": {
                        "createdDate": 1703517397519,
                        "bearing": 91.46516418457031,
                        "velocity": 0.32356545329093933
                    }
                },
                {
                    "type": "Feature",
                    "geometry": {
                        "type": "Point",
                        "coordinates": [
                            49.2473773,
                            55.7932667
                        ]
                    },
                    "properties": {
                        "createdDate": 1703517398510,
                        "bearing": 121.16432189941406,
                        "velocity": 0.8827235102653503
                    }
                },
                {
                    "type": "Feature",
                    "geometry": {
                        "type": "Point",
                        "coordinates": [
                            49.2474141,
                            55.7932488
                        ]
                    },
                    "properties": {
                        "createdDate": 1703517399520,
                        "bearing": 129.9855194091797,
                        "velocity": 1.3832519054412842
                    }
                },
                {
                    "type": "Feature",
                    "geometry": {
                        "type": "Point",
                        "coordinates": [
                            49.2474562,
                            55.7932283
                        ]
                    },
                    "properties": {
                        "createdDate": 1703517400509,
                        "bearing": 132.96917724609375,
                        "velocity": 1.8238699436187744
                    }
                },
                {
                    "type": "Feature",
                    "geometry": {
                        "type": "Point",
                        "coordinates": [
                            49.2474951,
                            55.7932078
                        ]
                    },
                    "properties": {
                        "createdDate": 1703517401520,
                        "bearing": 135.23800659179688,
                        "velocity": 2.1118502616882324
                    }
                },
                {
                    "type": "Feature",
                    "geometry": {
                        "type": "Point",
                        "coordinates": [
                            49.2475258,
                            55.793187
                        ]
                    },
                    "properties": {
                        "createdDate": 1703517402526,
                        "bearing": 139.953125,
                        "velocity": 2.272186279296875
                    }
                },
                {
                    "type": "Feature",
                    "geometry": {
                        "type": "Point",
                        "coordinates": [
                            49.2475535,
                            55.7931666
                        ]
                    },
                    "properties": {
                        "createdDate": 1703517403535,
                        "bearing": 143.1672821044922,
                        "velocity": 2.410337448120117
                    }
                },
                {
                    "type": "Feature",
                    "geometry": {
                        "type": "Point",
                        "coordinates": [
                            49.247584,
                            55.7931385
                        ]
                    },
                    "properties": {
                        "createdDate": 1703517404527,
                        "bearing": 147.08660888671875,
                        "velocity": 2.6601274013519287
                    }
                },
                {
                    "type": "Feature",
                    "geometry": {
                        "type": "Point",
                        "coordinates": [
                            49.2476176,
                            55.7931066
                        ]
                    },
                    "properties": {
                        "createdDate": 1703517405515,
                        "bearing": 147.48825073242188,
                        "velocity": 2.9640402793884277
                    }
                },
                {
                    "type": "Feature",
                    "geometry": {
                        "type": "Point",
                        "coordinates": [
                            49.2476535,
                            55.7930685
                        ]
                    },
                    "properties": {
                        "createdDate": 1703517406529,
                        "bearing": 148.8406982421875,
                        "velocity": 3.304396390914917
                    }
                },
                {
                    "type": "Feature",
                    "geometry": {
                        "type": "Point",
                        "coordinates": [
                            49.2476964,
                            55.793028
                        ]
                    },
                    "properties": {
                        "createdDate": 1703517407534,
                        "bearing": 148.41746520996094,
                        "velocity": 3.6510133743286133
                    }
                },
                {
                    "type": "Feature",
                    "geometry": {
                        "type": "Point",
                        "coordinates": [
                            49.2477461,
                            55.792985
                        ]
                    },
                    "properties": {
                        "createdDate": 1703517408540,
                        "bearing": 147.59796142578125,
                        "velocity": 4.019502639770508
                    }
                },
                {
                    "type": "Feature",
                    "geometry": {
                        "type": "Point",
                        "coordinates": [
                            49.247799,
                            55.7929276
                        ]
                    },
                    "properties": {
                        "createdDate": 1703517409532,
                        "bearing": 150.07472229003906,
                        "velocity": 4.547554016113281
                    }
                },
                {
                    "type": "Feature",
                    "geometry": {
                        "type": "Point",
                        "coordinates": [
                            49.2478456,
                            55.7928622
                        ]
                    },
                    "properties": {
                        "createdDate": 1703517410539,
                        "bearing": 153.61978149414062,
                        "velocity": 5.765282154083252
                    }
                },
                {
                    "type": "Feature",
                    "geometry": {
                        "type": "Point",
                        "coordinates": [
                            49.2479012,
                            55.7927969
                        ]
                    },
                    "properties": {
                        "createdDate": 1703517411530,
                        "bearing": 153.26808166503906,
                        "velocity": 6.707451343536377
                    }
                },
                {
                    "type": "Feature",
                    "geometry": {
                        "type": "Point",
                        "coordinates": [
                            49.247963,
                            55.7927331
                        ]
                    },
                    "properties": {
                        "createdDate": 1703517412539,
                        "bearing": 152.1815948486328,
                        "velocity": 7.250429153442383
                    }
                },
                {
                    "type": "Feature",
                    "geometry": {
                        "type": "Point",
                        "coordinates": [
                            49.2480314,
                            55.7926729
                        ]
                    },
                    "properties": {
                        "createdDate": 1703517413547,
                        "bearing": 149.9745330810547,
                        "velocity": 7.5404582023620605
                    }
                },
                {
                    "type": "Feature",
                    "geometry": {
                        "type": "Point",
                        "coordinates": [
                            49.2480979,
                            55.7926132
                        ]
                    },
                    "properties": {
                        "createdDate": 1703517414556,
                        "bearing": 149.36526489257812,
                        "velocity": 7.705522537231445
                    }
                },
                {
                    "type": "Feature",
                    "geometry": {
                        "type": "Point",
                        "coordinates": [
                            49.2481578,
                            55.7925574
                        ]
                    },
                    "properties": {
                        "createdDate": 1703517415547,
                        "bearing": 148.8810577392578,
                        "velocity": 7.626710414886475
                    }
                },
                {
                    "type": "Feature",
                    "geometry": {
                        "type": "Point",
                        "coordinates": [
                            49.2482179,
                            55.7925043
                        ]
                    },
                    "properties": {
                        "createdDate": 1703517416553,
                        "bearing": 148.1671142578125,
                        "velocity": 7.445939064025879
                    }
                },
                {
                    "type": "Feature",
                    "geometry": {
                        "type": "Point",
                        "coordinates": [
                            49.2482774,
                            55.7924523
                        ]
                    },
                    "properties": {
                        "createdDate": 1703517417546,
                        "bearing": 147.63685607910156,
                        "velocity": 7.38812255859375
                    }
                },
                {
                    "type": "Feature",
                    "geometry": {
                        "type": "Point",
                        "coordinates": [
                            49.2483348,
                            55.7924006
                        ]
                    },
                    "properties": {
                        "createdDate": 1703517418555,
                        "bearing": 148.09951782226562,
                        "velocity": 7.256856918334961
                    }
                },
                {
                    "type": "Feature",
                    "geometry": {
                        "type": "Point",
                        "coordinates": [
                            49.2483972,
                            55.7923468
                        ]
                    },
                    "properties": {
                        "createdDate": 1703517419544,
                        "bearing": 148.25111389160156,
                        "velocity": 7.278683185577393
                    }
                },
                {
                    "type": "Feature",
                    "geometry": {
                        "type": "Point",
                        "coordinates": [
                            49.2484547,
                            55.7922909
                        ]
                    },
                    "properties": {
                        "createdDate": 1703517420536,
                        "bearing": 149.83065795898438,
                        "velocity": 7.251412391662598
                    }
                },
                {
                    "type": "Feature",
                    "geometry": {
                        "type": "Point",
                        "coordinates": [
                            49.2485114,
                            55.792232
                        ]
                    },
                    "properties": {
                        "createdDate": 1703517421545,
                        "bearing": 151.17263793945312,
                        "velocity": 7.278218746185303
                    }
                },
                {
                    "type": "Feature",
                    "geometry": {
                        "type": "Point",
                        "coordinates": [
                            49.2485737,
                            55.792174
                        ]
                    },
                    "properties": {
                        "createdDate": 1703517422553,
                        "bearing": 150.17532348632812,
                        "velocity": 7.327747821807861
                    }
                },
                {
                    "type": "Feature",
                    "geometry": {
                        "type": "Point",
                        "coordinates": [
                            49.2486405,
                            55.792118
                        ]
                    },
                    "properties": {
                        "createdDate": 1703517423560,
                        "bearing": 149.07489013671875,
                        "velocity": 7.320352077484131
                    }
                },
                {
                    "type": "Feature",
                    "geometry": {
                        "type": "Point",
                        "coordinates": [
                            49.2486982,
                            55.7920595
                        ]
                    },
                    "properties": {
                        "createdDate": 1703517424553,
                        "bearing": 150.00384521484375,
                        "velocity": 7.3373942375183105
                    }
                },
                {
                    "type": "Feature",
                    "geometry": {
                        "type": "Point",
                        "coordinates": [
                            49.2487549,
                            55.7920078
                        ]
                    },
                    "properties": {
                        "createdDate": 1703517425561,
                        "bearing": 148.5970001220703,
                        "velocity": 6.934266567230225
                    }
                },
                {
                    "type": "Feature",
                    "geometry": {
                        "type": "Point",
                        "coordinates": [
                            49.2488023,
                            55.7919635
                        ]
                    },
                    "properties": {
                        "createdDate": 1703517426550,
                        "bearing": 149.06634521484375,
                        "velocity": 6.307967185974121
                    }
                },
                {
                    "type": "Feature",
                    "geometry": {
                        "type": "Point",
                        "coordinates": [
                            49.2488442,
                            55.7919249
                        ]
                    },
                    "properties": {
                        "createdDate": 1703517427560,
                        "bearing": 148.88531494140625,
                        "velocity": 5.729394435882568
                    }
                },
                {
                    "type": "Feature",
                    "geometry": {
                        "type": "Point",
                        "coordinates": [
                            49.2488832,
                            55.7918884
                        ]
                    },
                    "properties": {
                        "createdDate": 1703517428567,
                        "bearing": 148.3041229248047,
                        "velocity": 5.40723991394043
                    }
                },
                {
                    "type": "Feature",
                    "geometry": {
                        "type": "Point",
                        "coordinates": [
                            49.2489201,
                            55.7918534
                        ]
                    },
                    "properties": {
                        "createdDate": 1703517429562,
                        "bearing": 147.70242309570312,
                        "velocity": 5.083202838897705
                    }
                },
                {
                    "type": "Feature",
                    "geometry": {
                        "type": "Point",
                        "coordinates": [
                            49.2489503,
                            55.7918244
                        ]
                    },
                    "properties": {
                        "createdDate": 1703517430567,
                        "bearing": 148.26031494140625,
                        "velocity": 4.48244571685791
                    }
                },
                {
                    "type": "Feature",
                    "geometry": {
                        "type": "Point",
                        "coordinates": [
                            49.2489739,
                            55.7918019
                        ]
                    },
                    "properties": {
                        "createdDate": 1703517431575,
                        "bearing": 148.44407653808594,
                        "velocity": 3.772914171218872
                    }
                },
                {
                    "type": "Feature",
                    "geometry": {
                        "type": "Point",
                        "coordinates": [
                            49.2489891,
                            55.7917881
                        ]
                    },
                    "properties": {
                        "createdDate": 1703517432567,
                        "bearing": 147.692626953125,
                        "velocity": 3.012239933013916
                    }
                },
                {
                    "type": "Feature",
                    "geometry": {
                        "type": "Point",
                        "coordinates": [
                            49.2489946,
                            55.7917804
                        ]
                    },
                    "properties": {
                        "createdDate": 1703517433574,
                        "bearing": 147.94798278808594,
                        "velocity": 2.1811723709106445
                    }
                },
                {
                    "type": "Feature",
                    "geometry": {
                        "type": "Point",
                        "coordinates": [
                            49.2489945,
                            55.7917814
                        ]
                    },
                    "properties": {
                        "createdDate": 1703517434569,
                        "bearing": 153.1949005126953,
                        "velocity": 1.0245658159255981
                    }
                },
                {
                    "type": "Feature",
                    "geometry": {
                        "type": "Point",
                        "coordinates": [
                            49.2489921,
                            55.791784
                        ]
                    },
                    "properties": {
                        "createdDate": 1703517435575,
                        "bearing": 156.11228942871094,
                        "velocity": 0.518147349357605
                    }
                },
                {
                    "type": "Feature",
                    "geometry": {
                        "type": "Point",
                        "coordinates": [
                            49.2489881,
                            55.7917899
                        ]
                    },
                    "properties": {
                        "createdDate": 1703517436580,
                        "bearing": 157.2241973876953,
                        "velocity": 0.204868346452713
                    }
                },
                {
                    "type": "Feature",
                    "geometry": {
                        "type": "Point",
                        "coordinates": [
                            49.2489854,
                            55.7917935
                        ]
                    },
                    "properties": {
                        "createdDate": 1703517437575,
                        "bearing": 0.0,
                        "velocity": 0.0751415267586708
                    }
                },
                {
                    "type": "Feature",
                    "geometry": {
                        "type": "Point",
                        "coordinates": [
                            49.2489838,
                            55.7917957
                        ]
                    },
                    "properties": {
                        "createdDate": 1703517438583,
                        "bearing": 0.0,
                        "velocity": 0.01759425178170204
                    }
                },
                {
                    "type": "Feature",
                    "geometry": {
                        "type": "Point",
                        "coordinates": [
                            49.2489828,
                            55.7917969
                        ]
                    },
                    "properties": {
                        "createdDate": 1703517439587,
                        "bearing": 0.0,
                        "velocity": 0.0019229893805459142
                    }
                },
                {
                    "type": "Feature",
                    "geometry": {
                        "type": "Point",
                        "coordinates": [
                            49.2489823,
                            55.7917976
                        ]
                    },
                    "properties": {
                        "createdDate": 1703517440583,
                        "bearing": 0.0,
                        "velocity": 0.00553611246868968
                    }
                },
                {
                    "type": "Feature",
                    "geometry": {
                        "type": "Point",
                        "coordinates": [
                            49.2489894,
                            55.7917896
                        ]
                    },
                    "properties": {
                        "createdDate": 1703517441593,
                        "bearing": 147.87278747558594,
                        "velocity": 0.126189723610878
                    }
                },
                {
                    "type": "Feature",
                    "geometry": {
                        "type": "Point",
                        "coordinates": [
                            49.2490014,
                            55.7917795
                        ]
                    },
                    "properties": {
                        "createdDate": 1703517442578,
                        "bearing": 149.16329956054688,
                        "velocity": 0.2093568742275238
                    }
                },
                {
                    "type": "Feature",
                    "geometry": {
                        "type": "Point",
                        "coordinates": [
                            49.249021,
                            55.7917633
                        ]
                    },
                    "properties": {
                        "createdDate": 1703517443588,
                        "bearing": 138.25360107421875,
                        "velocity": 1.0573012828826904
                    }
                },
                {
                    "type": "Feature",
                    "geometry": {
                        "type": "Point",
                        "coordinates": [
                            49.2490019,
                            55.7917029
                        ]
                    },
                    "properties": {
                        "createdDate": 1703517444595,
                        "bearing": 153.40771484375,
                        "velocity": 2.1301190853118896
                    }
                },
                {
                    "type": "Feature",
                    "geometry": {
                        "type": "Point",
                        "coordinates": [
                            49.2490004,
                            55.7916455
                        ]
                    },
                    "properties": {
                        "createdDate": 1703517445603,
                        "bearing": 153.9868927001953,
                        "velocity": 2.8497886657714844
                    }
                },
                {
                    "type": "Feature",
                    "geometry": {
                        "type": "Point",
                        "coordinates": [
                            49.2490232,
                            55.7915897
                        ]
                    },
                    "properties": {
                        "createdDate": 1703517446595,
                        "bearing": 152.8977508544922,
                        "velocity": 3.3210244178771973
                    }
                },
                {
                    "type": "Feature",
                    "geometry": {
                        "type": "Point",
                        "coordinates": [
                            49.249077,
                            55.7915245
                        ]
                    },
                    "properties": {
                        "createdDate": 1703517448611,
                        "bearing": 151.7115020751953,
                        "velocity": 3.7271080017089844
                    }
                },
                {
                    "type": "Feature",
                    "geometry": {
                        "type": "Point",
                        "coordinates": [
                            49.2491007,
                            55.7914787
                        ]
                    },
                    "properties": {
                        "createdDate": 1703517449600,
                        "bearing": 155.18191528320312,
                        "velocity": 4.095655918121338
                    }
                },
                {
                    "type": "Feature",
                    "geometry": {
                        "type": "Point",
                        "coordinates": [
                            49.249133,
                            55.7914349
                        ]
                    },
                    "properties": {
                        "createdDate": 1703517450591,
                        "bearing": 155.04367065429688,
                        "velocity": 4.3447418212890625
                    }
                },
                {
                    "type": "Feature",
                    "geometry": {
                        "type": "Point",
                        "coordinates": [
                            49.2491863,
                            55.791378
                        ]
                    },
                    "properties": {
                        "createdDate": 1703517451601,
                        "bearing": 151.38038635253906,
                        "velocity": 5.353183269500732
                    }
                },
                {
                    "type": "Feature",
                    "geometry": {
                        "type": "Point",
                        "coordinates": [
                            49.2492429,
                            55.7913206
                        ]
                    },
                    "properties": {
                        "createdDate": 1703517452609,
                        "bearing": 149.05331420898438,
                        "velocity": 6.11117696762085
                    }
                },
                {
                    "type": "Feature",
                    "geometry": {
                        "type": "Point",
                        "coordinates": [
                            49.249305,
                            55.7912598
                        ]
                    },
                    "properties": {
                        "createdDate": 1703517453617,
                        "bearing": 148.418212890625,
                        "velocity": 6.857398509979248
                    }
                },
                {
                    "type": "Feature",
                    "geometry": {
                        "type": "Point",
                        "coordinates": [
                            49.2493572,
                            55.7911889
                        ]
                    },
                    "properties": {
                        "createdDate": 1703517454609,
                        "bearing": 150.4519500732422,
                        "velocity": 7.339009761810303
                    }
                },
                {
                    "type": "Feature",
                    "geometry": {
                        "type": "Point",
                        "coordinates": [
                            49.2494161,
                            55.7911134
                        ]
                    },
                    "properties": {
                        "createdDate": 1703517455603,
                        "bearing": 151.8437957763672,
                        "velocity": 7.938403129577637
                    }
                },
                {
                    "type": "Feature",
                    "geometry": {
                        "type": "Point",
                        "coordinates": [
                            49.249481,
                            55.7910334
                        ]
                    },
                    "properties": {
                        "createdDate": 1703517456608,
                        "bearing": 152.8831024169922,
                        "velocity": 8.681797981262207
                    }
                },
                {
                    "type": "Feature",
                    "geometry": {
                        "type": "Point",
                        "coordinates": [
                            49.2495546,
                            55.7909516
                        ]
                    },
                    "properties": {
                        "createdDate": 1703517457616,
                        "bearing": 152.2568359375,
                        "velocity": 9.175682067871094
                    }
                },
                {
                    "type": "Feature",
                    "geometry": {
                        "type": "Point",
                        "coordinates": [
                            49.2495982,
                            55.7908528
                        ]
                    },
                    "properties": {
                        "createdDate": 1703517458607,
                        "bearing": 154.16712951660156,
                        "velocity": 9.474918365478516
                    }
                },
                {
                    "type": "Feature",
                    "geometry": {
                        "type": "Point",
                        "coordinates": [
                            49.2496592,
                            55.7907648
                        ]
                    },
                    "properties": {
                        "createdDate": 1703517459615,
                        "bearing": 152.86016845703125,
                        "velocity": 9.648691177368164
                    }
                },
                {
                    "type": "Feature",
                    "geometry": {
                        "type": "Point",
                        "coordinates": [
                            49.2497217,
                            55.7906868
                        ]
                    },
                    "properties": {
                        "createdDate": 1703517460623,
                        "bearing": 152.70103454589844,
                        "velocity": 9.391955375671387
                    }
                },
                {
                    "type": "Feature",
                    "geometry": {
                        "type": "Point",
                        "coordinates": [
                            49.249781,
                            55.7906163
                        ]
                    },
                    "properties": {
                        "createdDate": 1703517461616,
                        "bearing": 152.80032348632812,
                        "velocity": 8.958002090454102
                    }
                },
                {
                    "type": "Feature",
                    "geometry": {
                        "type": "Point",
                        "coordinates": [
                            49.2498157,
                            55.7905368
                        ]
                    },
                    "properties": {
                        "createdDate": 1703517462622,
                        "bearing": 154.4302520751953,
                        "velocity": 8.56664752960205
                    }
                },
                {
                    "type": "Feature",
                    "geometry": {
                        "type": "Point",
                        "coordinates": [
                            49.2498546,
                            55.7904717
                        ]
                    },
                    "properties": {
                        "createdDate": 1703517463630,
                        "bearing": 154.5167694091797,
                        "velocity": 7.989469051361084
                    }
                },
                {
                    "type": "Feature",
                    "geometry": {
                        "type": "Point",
                        "coordinates": [
                            49.2498957,
                            55.7904188
                        ]
                    },
                    "properties": {
                        "createdDate": 1703517464621,
                        "bearing": 153.3595733642578,
                        "velocity": 7.235935211181641
                    }
                },
                {
                    "type": "Feature",
                    "geometry": {
                        "type": "Point",
                        "coordinates": [
                            49.2499294,
                            55.7903764
                        ]
                    },
                    "properties": {
                        "createdDate": 1703517465629,
                        "bearing": 154.26406860351562,
                        "velocity": 6.432100772857666
                    }
                },
                {
                    "type": "Feature",
                    "geometry": {
                        "type": "Point",
                        "coordinates": [
                            49.2499574,
                            55.7903462
                        ]
                    },
                    "properties": {
                        "createdDate": 1703517466621,
                        "bearing": 153.1425018310547,
                        "velocity": 5.3260416984558105
                    }
                },
                {
                    "type": "Feature",
                    "geometry": {
                        "type": "Point",
                        "coordinates": [
                            49.2499847,
                            55.790325
                        ]
                    },
                    "properties": {
                        "createdDate": 1703517467628,
                        "bearing": 150.24411010742188,
                        "velocity": 4.290557384490967
                    }
                },
                {
                    "type": "Feature",
                    "geometry": {
                        "type": "Point",
                        "coordinates": [
                            49.2500106,
                            55.7903048
                        ]
                    },
                    "properties": {
                        "createdDate": 1703517468638,
                        "bearing": 148.4377899169922,
                        "velocity": 3.660104751586914
                    }
                },
                {
                    "type": "Feature",
                    "geometry": {
                        "type": "Point",
                        "coordinates": [
                            49.2500128,
                            55.7902614
                        ]
                    },
                    "properties": {
                        "createdDate": 1703517469632,
                        "bearing": 151.8131103515625,
                        "velocity": 3.8944098949432373
                    }
                },
                {
                    "type": "Feature",
                    "geometry": {
                        "type": "Point",
                        "coordinates": [
                            49.2500349,
                            55.7902196
                        ]
                    },
                    "properties": {
                        "createdDate": 1703517470635,
                        "bearing": 151.7168426513672,
                        "velocity": 4.224589824676514
                    }
                },
                {
                    "type": "Feature",
                    "geometry": {
                        "type": "Point",
                        "coordinates": [
                            49.2500691,
                            55.790177
                        ]
                    },
                    "properties": {
                        "createdDate": 1703517471643,
                        "bearing": 150.9468536376953,
                        "velocity": 4.617335796356201
                    }
                },
                {
                    "type": "Feature",
                    "geometry": {
                        "type": "Point",
                        "coordinates": [
                            49.2501075,
                            55.7901298
                        ]
                    },
                    "properties": {
                        "createdDate": 1703517472635,
                        "bearing": 153.23748779296875,
                        "velocity": 5.0015764236450195
                    }
                },
                {
                    "type": "Feature",
                    "geometry": {
                        "type": "Point",
                        "coordinates": [
                            49.2501498,
                            55.7900841
                        ]
                    },
                    "properties": {
                        "createdDate": 1703517473643,
                        "bearing": 152.956298828125,
                        "velocity": 5.291019916534424
                    }
                },
                {
                    "type": "Feature",
                    "geometry": {
                        "type": "Point",
                        "coordinates": [
                            49.2501944,
                            55.7900365
                        ]
                    },
                    "properties": {
                        "createdDate": 1703517474640,
                        "bearing": 152.34609985351562,
                        "velocity": 5.59276819229126
                    }
                },
                {
                    "type": "Feature",
                    "geometry": {
                        "type": "Point",
                        "coordinates": [
                            49.2502385,
                            55.7899833
                        ]
                    },
                    "properties": {
                        "createdDate": 1703517475642,
                        "bearing": 154.7759246826172,
                        "velocity": 6.089712619781494
                    }
                },
                {
                    "type": "Feature",
                    "geometry": {
                        "type": "Point",
                        "coordinates": [
                            49.250283,
                            55.7899193
                        ]
                    },
                    "properties": {
                        "createdDate": 1703517476650,
                        "bearing": 157.1915283203125,
                        "velocity": 6.932821273803711
                    }
                },
                {
                    "type": "Feature",
                    "geometry": {
                        "type": "Point",
                        "coordinates": [
                            49.2503623,
                            55.7898718
                        ]
                    },
                    "properties": {
                        "createdDate": 1703517477645,
                        "bearing": 156.49105834960938,
                        "velocity": 7.697409152984619
                    }
                },
                {
                    "type": "Feature",
                    "geometry": {
                        "type": "Point",
                        "coordinates": [
                            49.2504292,
                            55.7898108
                        ]
                    },
                    "properties": {
                        "createdDate": 1703517478649,
                        "bearing": 157.4203643798828,
                        "velocity": 8.099074363708496
                    }
                },
                {
                    "type": "Feature",
                    "geometry": {
                        "type": "Point",
                        "coordinates": [
                            49.2504878,
                            55.7897352
                        ]
                    },
                    "properties": {
                        "createdDate": 1703517479642,
                        "bearing": 159.10975646972656,
                        "velocity": 8.852416038513184
                    }
                },
                {
                    "type": "Feature",
                    "geometry": {
                        "type": "Point",
                        "coordinates": [
                            49.2505364,
                            55.7896513
                        ]
                    },
                    "properties": {
                        "createdDate": 1703517480649,
                        "bearing": 162.22360229492188,
                        "velocity": 9.337091445922852
                    }
                },
                {
                    "type": "Feature",
                    "geometry": {
                        "type": "Point",
                        "coordinates": [
                            49.250586,
                            55.7895715
                        ]
                    },
                    "properties": {
                        "createdDate": 1703517481658,
                        "bearing": 163.87611389160156,
                        "velocity": 9.470977783203125
                    }
                },
                {
                    "type": "Feature",
                    "geometry": {
                        "type": "Point",
                        "coordinates": [
                            49.2506238,
                            55.7895022
                        ]
                    },
                    "properties": {
                        "createdDate": 1703517482650,
                        "bearing": 166.09429931640625,
                        "velocity": 8.935704231262207
                    }
                },
                {
                    "type": "Feature",
                    "geometry": {
                        "type": "Point",
                        "coordinates": [
                            49.2506439,
                            55.7894436
                        ]
                    },
                    "properties": {
                        "createdDate": 1703517483656,
                        "bearing": 170.5218505859375,
                        "velocity": 8.244468688964844
                    }
                },
                {
                    "type": "Feature",
                    "geometry": {
                        "type": "Point",
                        "coordinates": [
                            49.2506462,
                            55.7893849
                        ]
                    },
                    "properties": {
                        "createdDate": 1703517484651,
                        "bearing": 176.858154296875,
                        "velocity": 7.50744104385376
                    }
                },
                {
                    "type": "Feature",
                    "geometry": {
                        "type": "Point",
                        "coordinates": [
                            49.250629,
                            55.7893313
                        ]
                    },
                    "properties": {
                        "createdDate": 1703517485655,
                        "bearing": 183.56590270996094,
                        "velocity": 6.858942031860352
                    }
                },
                {
                    "type": "Feature",
                    "geometry": {
                        "type": "Point",
                        "coordinates": [
                            49.2505912,
                            55.7892855
                        ]
                    },
                    "properties": {
                        "createdDate": 1703517486648,
                        "bearing": 191.93174743652344,
                        "velocity": 6.395185470581055
                    }
                },
                {
                    "type": "Feature",
                    "geometry": {
                        "type": "Point",
                        "coordinates": [
                            49.2505452,
                            55.789245
                        ]
                    },
                    "properties": {
                        "createdDate": 1703517487655,
                        "bearing": 196.6090850830078,
                        "velocity": 5.924003601074219
                    }
                },
                {
                    "type": "Feature",
                    "geometry": {
                        "type": "Point",
                        "coordinates": [
                            49.2504986,
                            55.7892006
                        ]
                    },
                    "properties": {
                        "createdDate": 1703517488663,
                        "bearing": 198.64865112304688,
                        "velocity": 5.991823673248291
                    }
                },
                {
                    "type": "Feature",
                    "geometry": {
                        "type": "Point",
                        "coordinates": [
                            49.2504671,
                            55.7891508
                        ]
                    },
                    "properties": {
                        "createdDate": 1703517489671,
                        "bearing": 192.09725952148438,
                        "velocity": 5.979074001312256
                    }
                },
                {
                    "type": "Feature",
                    "geometry": {
                        "type": "Point",
                        "coordinates": [
                            49.2504607,
                            55.7890982
                        ]
                    },
                    "properties": {
                        "createdDate": 1703517490663,
                        "bearing": 181.23666381835938,
                        "velocity": 5.848594665527344
                    }
                },
                {
                    "type": "Feature",
                    "geometry": {
                        "type": "Point",
                        "coordinates": [
                            49.2504798,
                            55.7890483
                        ]
                    },
                    "properties": {
                        "createdDate": 1703517491670,
                        "bearing": 169.3896484375,
                        "velocity": 5.616279125213623
                    }
                },
                {
                    "type": "Feature",
                    "geometry": {
                        "type": "Point",
                        "coordinates": [
                            49.250524,
                            55.7890112
                        ]
                    },
                    "properties": {
                        "createdDate": 1703517492662,
                        "bearing": 158.1363983154297,
                        "velocity": 5.448715686798096
                    }
                },
                {
                    "type": "Feature",
                    "geometry": {
                        "type": "Point",
                        "coordinates": [
                            49.2505875,
                            55.7889739
                        ]
                    },
                    "properties": {
                        "createdDate": 1703517493670,
                        "bearing": 144.58262634277344,
                        "velocity": 5.515100002288818
                    }
                },
                {
                    "type": "Feature",
                    "geometry": {
                        "type": "Point",
                        "coordinates": [
                            49.2506566,
                            55.7889539
                        ]
                    },
                    "properties": {
                        "createdDate": 1703517494665,
                        "bearing": 131.61019897460938,
                        "velocity": 5.615871429443359
                    }
                },
                {
                    "type": "Feature",
                    "geometry": {
                        "type": "Point",
                        "coordinates": [
                            49.2507317,
                            55.7889256
                        ]
                    },
                    "properties": {
                        "createdDate": 1703517495669,
                        "bearing": 131.7735595703125,
                        "velocity": 6.017846584320068
                    }
                },
                {
                    "type": "Feature",
                    "geometry": {
                        "type": "Point",
                        "coordinates": [
                            49.2508023,
                            55.7888907
                        ]
                    },
                    "properties": {
                        "createdDate": 1703517496677,
                        "bearing": 134.20704650878906,
                        "velocity": 6.009136199951172
                    }
                },
                {
                    "type": "Feature",
                    "geometry": {
                        "type": "Point",
                        "coordinates": [
                            49.2508533,
                            55.7888455
                        ]
                    },
                    "properties": {
                        "createdDate": 1703517497683,
                        "bearing": 141.32020568847656,
                        "velocity": 6.103181838989258
                    }
                },
                {
                    "type": "Feature",
                    "geometry": {
                        "type": "Point",
                        "coordinates": [
                            49.2508921,
                            55.7887866
                        ]
                    },
                    "properties": {
                        "createdDate": 1703517498676,
                        "bearing": 150.58314514160156,
                        "velocity": 6.380576133728027
                    }
                },
                {
                    "type": "Feature",
                    "geometry": {
                        "type": "Point",
                        "coordinates": [
                            49.2509239,
                            55.7887139
                        ]
                    },
                    "properties": {
                        "createdDate": 1703517499671,
                        "bearing": 156.7899932861328,
                        "velocity": 6.618844509124756
                    }
                },
                {
                    "type": "Feature",
                    "geometry": {
                        "type": "Point",
                        "coordinates": [
                            49.2509529,
                            55.7886445
                        ]
                    },
                    "properties": {
                        "createdDate": 1703517500676,
                        "bearing": 160.84317016601562,
                        "velocity": 6.7805657386779785
                    }
                },
                {
                    "type": "Feature",
                    "geometry": {
                        "type": "Point",
                        "coordinates": [
                            49.2509818,
                            55.788579
                        ]
                    },
                    "properties": {
                        "createdDate": 1703517501683,
                        "bearing": 162.68382263183594,
                        "velocity": 6.874715805053711
                    }
                },
                {
                    "type": "Feature",
                    "geometry": {
                        "type": "Point",
                        "coordinates": [
                            49.2510227,
                            55.7885133
                        ]
                    },
                    "properties": {
                        "createdDate": 1703517502692,
                        "bearing": 163.8761444091797,
                        "velocity": 6.866764068603516
                    }
                },
                {
                    "type": "Feature",
                    "geometry": {
                        "type": "Point",
                        "coordinates": [
                            49.2510703,
                            55.7884541
                        ]
                    },
                    "properties": {
                        "createdDate": 1703517503683,
                        "bearing": 163.83428955078125,
                        "velocity": 6.550817489624023
                    }
                },
                {
                    "type": "Feature",
                    "geometry": {
                        "type": "Point",
                        "coordinates": [
                            49.2511176,
                            55.7884092
                        ]
                    },
                    "properties": {
                        "createdDate": 1703517504691,
                        "bearing": 162.04843139648438,
                        "velocity": 5.751302719116211
                    }
                },
                {
                    "type": "Feature",
                    "geometry": {
                        "type": "Point",
                        "coordinates": [
                            49.2511606,
                            55.7883712
                        ]
                    },
                    "properties": {
                        "createdDate": 1703517505685,
                        "bearing": 161.49899291992188,
                        "velocity": 5.1101765632629395
                    }
                },
                {
                    "type": "Feature",
                    "geometry": {
                        "type": "Point",
                        "coordinates": [
                            49.2512041,
                            55.7883398
                        ]
                    },
                    "properties": {
                        "createdDate": 1703517506689,
                        "bearing": 158.42132568359375,
                        "velocity": 4.245666027069092
                    }
                },
                {
                    "type": "Feature",
                    "geometry": {
                        "type": "Point",
                        "coordinates": [
                            49.2512367,
                            55.7883143
                        ]
                    },
                    "properties": {
                        "createdDate": 1703517507680,
                        "bearing": 159.85440063476562,
                        "velocity": 3.7486414909362793
                    }
                },
                {
                    "type": "Feature",
                    "geometry": {
                        "type": "Point",
                        "coordinates": [
                            49.2512639,
                            55.7882852
                        ]
                    },
                    "properties": {
                        "createdDate": 1703517508690,
                        "bearing": 163.6720428466797,
                        "velocity": 4.185127258300781
                    }
                },
                {
                    "type": "Feature",
                    "geometry": {
                        "type": "Point",
                        "coordinates": [
                            49.2512913,
                            55.7882412
                        ]
                    },
                    "properties": {
                        "createdDate": 1703517509697,
                        "bearing": 164.8395233154297,
                        "velocity": 4.915415287017822
                    }
                },
                {
                    "type": "Feature",
                    "geometry": {
                        "type": "Point",
                        "coordinates": [
                            49.2513151,
                            55.7881903
                        ]
                    },
                    "properties": {
                        "createdDate": 1703517510692,
                        "bearing": 165.88131713867188,
                        "velocity": 5.424635887145996
                    }
                },
                {
                    "type": "Feature",
                    "geometry": {
                        "type": "Point",
                        "coordinates": [
                            49.2513456,
                            55.78812
                        ]
                    },
                    "properties": {
                        "createdDate": 1703517511697,
                        "bearing": 166.924072265625,
                        "velocity": 5.695374011993408
                    }
                },
                {
                    "type": "Feature",
                    "geometry": {
                        "type": "Point",
                        "coordinates": [
                            49.2513817,
                            55.7880618
                        ]
                    },
                    "properties": {
                        "createdDate": 1703517512705,
                        "bearing": 165.14967346191406,
                        "velocity": 5.726090908050537
                    }
                },
                {
                    "type": "Feature",
                    "geometry": {
                        "type": "Point",
                        "coordinates": [
                            49.2514191,
                            55.7880033
                        ]
                    },
                    "properties": {
                        "createdDate": 1703517513695,
                        "bearing": 164.02540588378906,
                        "velocity": 6.126432418823242
                    }
                },
                {
                    "type": "Feature",
                    "geometry": {
                        "type": "Point",
                        "coordinates": [
                            49.2514616,
                            55.7879442
                        ]
                    },
                    "properties": {
                        "createdDate": 1703517514704,
                        "bearing": 163.0343780517578,
                        "velocity": 6.288322925567627
                    }
                },
                {
                    "type": "Feature",
                    "geometry": {
                        "type": "Point",
                        "coordinates": [
                            49.2515064,
                            55.7878865
                        ]
                    },
                    "properties": {
                        "createdDate": 1703517515711,
                        "bearing": 162.973876953125,
                        "velocity": 6.292959213256836
                    }
                },
                {
                    "type": "Feature",
                    "geometry": {
                        "type": "Point",
                        "coordinates": [
                            49.251554,
                            55.7878307
                        ]
                    },
                    "properties": {
                        "createdDate": 1703517516705,
                        "bearing": 159.32704162597656,
                        "velocity": 6.049590110778809
                    }
                },
                {
                    "type": "Feature",
                    "geometry": {
                        "type": "Point",
                        "coordinates": [
                            49.2516022,
                            55.7877776
                        ]
                    },
                    "properties": {
                        "createdDate": 1703517517712,
                        "bearing": 158.07179260253906,
                        "velocity": 6.034387588500977
                    }
                },
                {
                    "type": "Feature",
                    "geometry": {
                        "type": "Point",
                        "coordinates": [
                            49.2516393,
                            55.7877198
                        ]
                    },
                    "properties": {
                        "createdDate": 1703517518719,
                        "bearing": 162.69277954101562,
                        "velocity": 6.240930080413818
                    }
                },
                {
                    "type": "Feature",
                    "geometry": {
                        "type": "Point",
                        "coordinates": [
                            49.2516709,
                            55.7876619
                        ]
                    },
                    "properties": {
                        "createdDate": 1703517519711,
                        "bearing": 160.19131469726562,
                        "velocity": 6.111972332000732
                    }
                },
                {
                    "type": "Feature",
                    "geometry": {
                        "type": "Point",
                        "coordinates": [
                            49.2516965,
                            55.7876043
                        ]
                    },
                    "properties": {
                        "createdDate": 1703517520718,
                        "bearing": 165.6793975830078,
                        "velocity": 5.9860005378723145
                    }
                },
                {
                    "type": "Feature",
                    "geometry": {
                        "type": "Point",
                        "coordinates": [
                            49.2517213,
                            55.7875505
                        ]
                    },
                    "properties": {
                        "createdDate": 1703517521711,
                        "bearing": 163.1488037109375,
                        "velocity": 6.004717826843262
                    }
                },
                {
                    "type": "Feature",
                    "geometry": {
                        "type": "Point",
                        "coordinates": [
                            49.2517486,
                            55.7874961
                        ]
                    },
                    "properties": {
                        "createdDate": 1703517522716,
                        "bearing": 163.9123992919922,
                        "velocity": 6.275972843170166
                    }
                },
                {
                    "type": "Feature",
                    "geometry": {
                        "type": "Point",
                        "coordinates": [
                            49.2517777,
                            55.7874418
                        ]
                    },
                    "properties": {
                        "createdDate": 1703517523711,
                        "bearing": 162.1398468017578,
                        "velocity": 6.217067241668701
                    }
                },
                {
                    "type": "Feature",
                    "geometry": {
                        "type": "Point",
                        "coordinates": [
                            49.251799,
                            55.7873718
                        ]
                    },
                    "properties": {
                        "createdDate": 1703517524721,
                        "bearing": 165.83120727539062,
                        "velocity": 6.2518310546875
                    }
                },
                {
                    "type": "Feature",
                    "geometry": {
                        "type": "Point",
                        "coordinates": [
                            49.251821,
                            55.7873135
                        ]
                    },
                    "properties": {
                        "createdDate": 1703517525725,
                        "bearing": 166.0401153564453,
                        "velocity": 5.982889652252197
                    }
                },
                {
                    "type": "Feature",
                    "geometry": {
                        "type": "Point",
                        "coordinates": [
                            49.2518285,
                            55.7872497
                        ]
                    },
                    "properties": {
                        "createdDate": 1703517526716,
                        "bearing": 170.76321411132812,
                        "velocity": 6.1898088455200195
                    }
                },
                {
                    "type": "Feature",
                    "geometry": {
                        "type": "Point",
                        "coordinates": [
                            49.251839,
                            55.7871902
                        ]
                    },
                    "properties": {
                        "createdDate": 1703517527724,
                        "bearing": 172.8849334716797,
                        "velocity": 6.374258041381836
                    }
                },
                {
                    "type": "Feature",
                    "geometry": {
                        "type": "Point",
                        "coordinates": [
                            49.2518657,
                            55.7871429
                        ]
                    },
                    "properties": {
                        "createdDate": 1703517528733,
                        "bearing": 165.5862579345703,
                        "velocity": 6.005974769592285
                    }
                },
                {
                    "type": "Feature",
                    "geometry": {
                        "type": "Point",
                        "coordinates": [
                            49.2518945,
                            55.7870972
                        ]
                    },
                    "properties": {
                        "createdDate": 1703517529724,
                        "bearing": 165.02288818359375,
                        "velocity": 5.875543594360352
                    }
                },
                {
                    "type": "Feature",
                    "geometry": {
                        "type": "Point",
                        "coordinates": [
                            49.2519232,
                            55.7870464
                        ]
                    },
                    "properties": {
                        "createdDate": 1703517530732,
                        "bearing": 163.99612426757812,
                        "velocity": 6.325937747955322
                    }
                },
                {
                    "type": "Feature",
                    "geometry": {
                        "type": "Point",
                        "coordinates": [
                            49.2519527,
                            55.7869929
                        ]
                    },
                    "properties": {
                        "createdDate": 1703517531727,
                        "bearing": 162.11410522460938,
                        "velocity": 6.363949298858643
                    }
                },
                {
                    "type": "Feature",
                    "geometry": {
                        "type": "Point",
                        "coordinates": [
                            49.2519892,
                            55.7869442
                        ]
                    },
                    "properties": {
                        "createdDate": 1703517532732,
                        "bearing": 165.72952270507812,
                        "velocity": 6.164166450500488
                    }
                },
                {
                    "type": "Feature",
                    "geometry": {
                        "type": "Point",
                        "coordinates": [
                            49.2520227,
                            55.7868959
                        ]
                    },
                    "properties": {
                        "createdDate": 1703517533741,
                        "bearing": 165.01919555664062,
                        "velocity": 6.068088531494141
                    }
                },
                {
                    "type": "Feature",
                    "geometry": {
                        "type": "Point",
                        "coordinates": [
                            49.2520504,
                            55.7868468
                        ]
                    },
                    "properties": {
                        "createdDate": 1703517534733,
                        "bearing": 168.73797607421875,
                        "velocity": 6.122364044189453
                    }
                },
                {
                    "type": "Feature",
                    "geometry": {
                        "type": "Point",
                        "coordinates": [
                            49.2520768,
                            55.7868004
                        ]
                    },
                    "properties": {
                        "createdDate": 1703517535738,
                        "bearing": 165.32220458984375,
                        "velocity": 5.5683441162109375
                    }
                },
                {
                    "type": "Feature",
                    "geometry": {
                        "type": "Point",
                        "coordinates": [
                            49.2520951,
                            55.7867565
                        ]
                    },
                    "properties": {
                        "createdDate": 1703517536735,
                        "bearing": 166.92320251464844,
                        "velocity": 5.278679847717285
                    }
                },
                {
                    "type": "Feature",
                    "geometry": {
                        "type": "Point",
                        "coordinates": [
                            49.2521078,
                            55.7867242
                        ]
                    },
                    "properties": {
                        "createdDate": 1703517537739,
                        "bearing": 167.0511932373047,
                        "velocity": 4.746275424957275
                    }
                },
                {
                    "type": "Feature",
                    "geometry": {
                        "type": "Point",
                        "coordinates": [
                            49.2521179,
                            55.7866842
                        ]
                    },
                    "properties": {
                        "createdDate": 1703517538727,
                        "bearing": 171.7689666748047,
                        "velocity": 5.225174903869629
                    }
                },
                {
                    "type": "Feature",
                    "geometry": {
                        "type": "Point",
                        "coordinates": [
                            49.2521376,
                            55.7866392
                        ]
                    },
                    "properties": {
                        "createdDate": 1703517539738,
                        "bearing": 167.05328369140625,
                        "velocity": 5.247250080108643
                    }
                },
                {
                    "type": "Feature",
                    "geometry": {
                        "type": "Point",
                        "coordinates": [
                            49.2521593,
                            55.7865969
                        ]
                    },
                    "properties": {
                        "createdDate": 1703517540745,
                        "bearing": 167.01956176757812,
                        "velocity": 5.025827884674072
                    }
                },
                {
                    "type": "Feature",
                    "geometry": {
                        "type": "Point",
                        "coordinates": [
                            49.2521877,
                            55.7865533
                        ]
                    },
                    "properties": {
                        "createdDate": 1703517541752,
                        "bearing": 164.380615234375,
                        "velocity": 4.993013381958008
                    }
                },
                {
                    "type": "Feature",
                    "geometry": {
                        "type": "Point",
                        "coordinates": [
                            49.2522163,
                            55.7865133
                        ]
                    },
                    "properties": {
                        "createdDate": 1703517542748,
                        "bearing": 162.68348693847656,
                        "velocity": 4.795448303222656
                    }
                },
                {
                    "type": "Feature",
                    "geometry": {
                        "type": "Point",
                        "coordinates": [
                            49.2522486,
                            55.7864772
                        ]
                    },
                    "properties": {
                        "createdDate": 1703517543752,
                        "bearing": 158.93936157226562,
                        "velocity": 4.601445198059082
                    }
                },
                {
                    "type": "Feature",
                    "geometry": {
                        "type": "Point",
                        "coordinates": [
                            49.2522857,
                            55.7864458
                        ]
                    },
                    "properties": {
                        "createdDate": 1703517544760,
                        "bearing": 152.5581817626953,
                        "velocity": 4.295663356781006
                    }
                },
                {
                    "type": "Feature",
                    "geometry": {
                        "type": "Point",
                        "coordinates": [
                            49.2523251,
                            55.7864167
                        ]
                    },
                    "properties": {
                        "createdDate": 1703517545752,
                        "bearing": 148.7173614501953,
                        "velocity": 4.179544925689697
                    }
                },
                {
                    "type": "Feature",
                    "geometry": {
                        "type": "Point",
                        "coordinates": [
                            49.2523722,
                            55.7863901
                        ]
                    },
                    "properties": {
                        "createdDate": 1703517546759,
                        "bearing": 143.78085327148438,
                        "velocity": 3.987182140350342
                    }
                },
                {
                    "type": "Feature",
                    "geometry": {
                        "type": "Point",
                        "coordinates": [
                            49.2524403,
                            55.7863632
                        ]
                    },
                    "properties": {
                        "createdDate": 1703517547751,
                        "bearing": 133.5662078857422,
                        "velocity": 3.7225561141967773
                    }
                },
                {
                    "type": "Feature",
                    "geometry": {
                        "type": "Point",
                        "coordinates": [
                            49.2524907,
                            55.7863473
                        ]
                    },
                    "properties": {
                        "createdDate": 1703517548758,
                        "bearing": 120.52435302734375,
                        "velocity": 3.2830634117126465
                    }
                },
                {
                    "type": "Feature",
                    "geometry": {
                        "type": "Point",
                        "coordinates": [
                            49.2525412,
                            55.7863445
                        ]
                    },
                    "properties": {
                        "createdDate": 1703517549767,
                        "bearing": 102.13154602050781,
                        "velocity": 3.0804693698883057
                    }
                },
                {
                    "type": "Feature",
                    "geometry": {
                        "type": "Point",
                        "coordinates": [
                            49.2525951,
                            55.7863493
                        ]
                    },
                    "properties": {
                        "createdDate": 1703517550758,
                        "bearing": 90.97755432128906,
                        "velocity": 3.223681926727295
                    }
                },
                {
                    "type": "Feature",
                    "geometry": {
                        "type": "Point",
                        "coordinates": [
                            49.2526586,
                            55.7863588
                        ]
                    },
                    "properties": {
                        "createdDate": 1703517551765,
                        "bearing": 83.43155670166016,
                        "velocity": 3.5751006603240967
                    }
                },
                {
                    "type": "Feature",
                    "geometry": {
                        "type": "Point",
                        "coordinates": [
                            49.2527286,
                            55.7863718
                        ]
                    },
                    "properties": {
                        "createdDate": 1703517552761,
                        "bearing": 79.86859130859375,
                        "velocity": 3.873474359512329
                    }
                },
                {
                    "type": "Feature",
                    "geometry": {
                        "type": "Point",
                        "coordinates": [
                            49.2528007,
                            55.7863822
                        ]
                    },
                    "properties": {
                        "createdDate": 1703517553765,
                        "bearing": 79.95507049560547,
                        "velocity": 4.094944000244141
                    }
                },
                {
                    "type": "Feature",
                    "geometry": {
                        "type": "Point",
                        "coordinates": [
                            49.2528796,
                            55.7863949
                        ]
                    },
                    "properties": {
                        "createdDate": 1703517554773,
                        "bearing": 77.48036193847656,
                        "velocity": 4.436675548553467
                    }
                },
                {
                    "type": "Feature",
                    "geometry": {
                        "type": "Point",
                        "coordinates": [
                            49.2529744,
                            55.7864141
                        ]
                    },
                    "properties": {
                        "createdDate": 1703517555764,
                        "bearing": 74.78108978271484,
                        "velocity": 4.930574893951416
                    }
                },
                {
                    "type": "Feature",
                    "geometry": {
                        "type": "Point",
                        "coordinates": [
                            49.2530631,
                            55.7864341
                        ]
                    },
                    "properties": {
                        "createdDate": 1703517556773,
                        "bearing": 72.9928207397461,
                        "velocity": 5.174084186553955
                    }
                },
                {
                    "type": "Feature",
                    "geometry": {
                        "type": "Point",
                        "coordinates": [
                            49.2531456,
                            55.7864542
                        ]
                    },
                    "properties": {
                        "createdDate": 1703517557766,
                        "bearing": 71.13363647460938,
                        "velocity": 5.209428310394287
                    }
                },
                {
                    "type": "Feature",
                    "geometry": {
                        "type": "Point",
                        "coordinates": [
                            49.2532265,
                            55.7864722
                        ]
                    },
                    "properties": {
                        "createdDate": 1703517558772,
                        "bearing": 70.85971069335938,
                        "velocity": 5.2670369148254395
                    }
                },
                {
                    "type": "Feature",
                    "geometry": {
                        "type": "Point",
                        "coordinates": [
                            49.2533199,
                            55.786492
                        ]
                    },
                    "properties": {
                        "createdDate": 1703517559779,
                        "bearing": 71.49259948730469,
                        "velocity": 5.41506290435791
                    }
                },
                {
                    "type": "Feature",
                    "geometry": {
                        "type": "Point",
                        "coordinates": [
                            49.253404,
                            55.7865138
                        ]
                    },
                    "properties": {
                        "createdDate": 1703517560770,
                        "bearing": 67.7845687866211,
                        "velocity": 5.153665065765381
                    }
                },
                {
                    "type": "Feature",
                    "geometry": {
                        "type": "Point",
                        "coordinates": [
                            49.2534764,
                            55.7865302
                        ]
                    },
                    "properties": {
                        "createdDate": 1703517561780,
                        "bearing": 75.09309387207031,
                        "velocity": 4.77321720123291
                    }
                },
                {
                    "type": "Feature",
                    "geometry": {
                        "type": "Point",
                        "coordinates": [
                            49.2535487,
                            55.7865427
                        ]
                    },
                    "properties": {
                        "createdDate": 1703517562772,
                        "bearing": 74.09934997558594,
                        "velocity": 4.801332473754883
                    }
                },
                {
                    "type": "Feature",
                    "geometry": {
                        "type": "Point",
                        "coordinates": [
                            49.2536233,
                            55.7865548
                        ]
                    },
                    "properties": {
                        "createdDate": 1703517563779,
                        "bearing": 76.6033706665039,
                        "velocity": 4.9000163078308105
                    }
                },
                {
                    "type": "Feature",
                    "geometry": {
                        "type": "Point",
                        "coordinates": [
                            49.2537137,
                            55.7865663
                        ]
                    },
                    "properties": {
                        "createdDate": 1703517564786,
                        "bearing": 75.10908508300781,
                        "velocity": 5.4724602699279785
                    }
                },
                {
                    "type": "Feature",
                    "geometry": {
                        "type": "Point",
                        "coordinates": [
                            49.2538096,
                            55.7865797
                        ]
                    },
                    "properties": {
                        "createdDate": 1703517565780,
                        "bearing": 74.94918823242188,
                        "velocity": 5.945761680603027
                    }
                },
                {
                    "type": "Feature",
                    "geometry": {
                        "type": "Point",
                        "coordinates": [
                            49.2539001,
                            55.786598
                        ]
                    },
                    "properties": {
                        "createdDate": 1703517566787,
                        "bearing": 75.76790618896484,
                        "velocity": 5.994675159454346
                    }
                },
                {
                    "type": "Feature",
                    "geometry": {
                        "type": "Point",
                        "coordinates": [
                            49.2539774,
                            55.7866164
                        ]
                    },
                    "properties": {
                        "createdDate": 1703517567794,
                        "bearing": 72.56912231445312,
                        "velocity": 5.436461448669434
                    }
                },
                {
                    "type": "Feature",
                    "geometry": {
                        "type": "Point",
                        "coordinates": [
                            49.2540477,
                            55.7866387
                        ]
                    },
                    "properties": {
                        "createdDate": 1703517568787,
                        "bearing": 69.3052978515625,
                        "velocity": 5.314521312713623
                    }
                },
                {
                    "type": "Feature",
                    "geometry": {
                        "type": "Point",
                        "coordinates": [
                            49.2541195,
                            55.7866539
                        ]
                    },
                    "properties": {
                        "createdDate": 1703517569793,
                        "bearing": 71.62083435058594,
                        "velocity": 5.0474700927734375
                    }
                },
                {
                    "type": "Feature",
                    "geometry": {
                        "type": "Point",
                        "coordinates": [
                            49.2541856,
                            55.7866645
                        ]
                    },
                    "properties": {
                        "createdDate": 1703517570788,
                        "bearing": 77.18797302246094,
                        "velocity": 4.70395565032959
                    }
                },
                {
                    "type": "Feature",
                    "geometry": {
                        "type": "Point",
                        "coordinates": [
                            49.2542523,
                            55.7866759
                        ]
                    },
                    "properties": {
                        "createdDate": 1703517571794,
                        "bearing": 76.01272583007812,
                        "velocity": 4.82322883605957
                    }
                },
                {
                    "type": "Feature",
                    "geometry": {
                        "type": "Point",
                        "coordinates": [
                            49.2543233,
                            55.7866866
                        ]
                    },
                    "properties": {
                        "createdDate": 1703517572800,
                        "bearing": 75.98685455322266,
                        "velocity": 4.751443386077881
                    }
                },
                {
                    "type": "Feature",
                    "geometry": {
                        "type": "Point",
                        "coordinates": [
                            49.254385,
                            55.7866991
                        ]
                    },
                    "properties": {
                        "createdDate": 1703517573795,
                        "bearing": 71.08485412597656,
                        "velocity": 3.915027141571045
                    }
                },
                {
                    "type": "Feature",
                    "geometry": {
                        "type": "Point",
                        "coordinates": [
                            49.2544398,
                            55.7867113
                        ]
                    },
                    "properties": {
                        "createdDate": 1703517574799,
                        "bearing": 72.78843688964844,
                        "velocity": 3.616875648498535
                    }
                },
                {
                    "type": "Feature",
                    "geometry": {
                        "type": "Point",
                        "coordinates": [
                            49.2544879,
                            55.7867274
                        ]
                    },
                    "properties": {
                        "createdDate": 1703517575807,
                        "bearing": 71.93546295166016,
                        "velocity": 3.4400362968444824
                    }
                },
                {
                    "type": "Feature",
                    "geometry": {
                        "type": "Point",
                        "coordinates": [
                            49.2545361,
                            55.7867426
                        ]
                    },
                    "properties": {
                        "createdDate": 1703517576801,
                        "bearing": 70.99626159667969,
                        "velocity": 3.3313393592834473
                    }
                },
                {
                    "type": "Feature",
                    "geometry": {
                        "type": "Point",
                        "coordinates": [
                            49.2545887,
                            55.7867564
                        ]
                    },
                    "properties": {
                        "createdDate": 1703517577807,
                        "bearing": 72.79230499267578,
                        "velocity": 3.070329427719116
                    }
                },
                {
                    "type": "Feature",
                    "geometry": {
                        "type": "Point",
                        "coordinates": [
                            49.254664,
                            55.7867485
                        ]
                    },
                    "properties": {
                        "createdDate": 1703517578801,
                        "bearing": 71.1769027709961,
                        "velocity": 2.932518720626831
                    }
                },
                {
                    "type": "Feature",
                    "geometry": {
                        "type": "Point",
                        "coordinates": [
                            49.2547258,
                            55.7867368
                        ]
                    },
                    "properties": {
                        "createdDate": 1703517579807,
                        "bearing": 70.44794464111328,
                        "velocity": 2.3769679069519043
                    }
                },
                {
                    "type": "Feature",
                    "geometry": {
                        "type": "Point",
                        "coordinates": [
                            49.2547765,
                            55.7867294
                        ]
                    },
                    "properties": {
                        "createdDate": 1703517580799,
                        "bearing": 68.97754669189453,
                        "velocity": 1.7880779504776
                    }
                },
                {
                    "type": "Feature",
                    "geometry": {
                        "type": "Point",
                        "coordinates": [
                            49.254809,
                            55.7867268
                        ]
                    },
                    "properties": {
                        "createdDate": 1703517581811,
                        "bearing": 68.2659912109375,
                        "velocity": 1.3867988586425781
                    }
                },
                {
                    "type": "Feature",
                    "geometry": {
                        "type": "Point",
                        "coordinates": [
                            49.254831,
                            55.7867329
                        ]
                    },
                    "properties": {
                        "createdDate": 1703517582814,
                        "bearing": 47.55988693237305,
                        "velocity": 1.482971429824829
                    }
                },
                {
                    "type": "Feature",
                    "geometry": {
                        "type": "Point",
                        "coordinates": [
                            49.2548371,
                            55.7867493
                        ]
                    },
                    "properties": {
                        "createdDate": 1703517583809,
                        "bearing": 15.140233993530273,
                        "velocity": 1.8919192552566528
                    }
                },
                {
                    "type": "Feature",
                    "geometry": {
                        "type": "Point",
                        "coordinates": [
                            49.2548267,
                            55.786764
                        ]
                    },
                    "properties": {
                        "createdDate": 1703517584813,
                        "bearing": 345.2586364746094,
                        "velocity": 1.9648224115371704
                    }
                },
                {
                    "type": "Feature",
                    "geometry": {
                        "type": "Point",
                        "coordinates": [
                            49.2548078,
                            55.786778
                        ]
                    },
                    "properties": {
                        "createdDate": 1703517585821,
                        "bearing": 343.70892333984375,
                        "velocity": 2.1536920070648193
                    }
                },
                {
                    "type": "Feature",
                    "geometry": {
                        "type": "Point",
                        "coordinates": [
                            49.2547805,
                            55.7867906
                        ]
                    },
                    "properties": {
                        "createdDate": 1703517586814,
                        "bearing": 335.07354736328125,
                        "velocity": 2.0330307483673096
                    }
                },
                {
                    "type": "Feature",
                    "geometry": {
                        "type": "Point",
                        "coordinates": [
                            49.2547475,
                            55.7868066
                        ]
                    },
                    "properties": {
                        "createdDate": 1703517587821,
                        "bearing": 320.1497497558594,
                        "velocity": 1.929522156715393
                    }
                },
                {
                    "type": "Feature",
                    "geometry": {
                        "type": "Point",
                        "coordinates": [
                            49.2547147,
                            55.7868174
                        ]
                    },
                    "properties": {
                        "createdDate": 1703517588814,
                        "bearing": 305.7042236328125,
                        "velocity": 1.9737714529037476
                    }
                },
                {
                    "type": "Feature",
                    "geometry": {
                        "type": "Point",
                        "coordinates": [
                            49.2546899,
                            55.7868332
                        ]
                    },
                    "properties": {
                        "createdDate": 1703517589820,
                        "bearing": 317.12860107421875,
                        "velocity": 2.0622398853302
                    }
                },
                {
                    "type": "Feature",
                    "geometry": {
                        "type": "Point",
                        "coordinates": [
                            49.2546718,
                            55.7868516
                        ]
                    },
                    "properties": {
                        "createdDate": 1703517590828,
                        "bearing": 324.8121032714844,
                        "velocity": 2.152224540710449
                    }
                },
                {
                    "type": "Feature",
                    "geometry": {
                        "type": "Point",
                        "coordinates": [
                            49.2546316,
                            55.7868694
                        ]
                    },
                    "properties": {
                        "createdDate": 1703517591823,
                        "bearing": 330.8903503417969,
                        "velocity": 2.1632211208343506
                    }
                },
                {
                    "type": "Feature",
                    "geometry": {
                        "type": "Point",
                        "coordinates": [
                            49.2545947,
                            55.7868816
                        ]
                    },
                    "properties": {
                        "createdDate": 1703517592826,
                        "bearing": 321.84429931640625,
                        "velocity": 2.037559986114502
                    }
                },
                {
                    "type": "Feature",
                    "geometry": {
                        "type": "Point",
                        "coordinates": [
                            49.2545603,
                            55.7868939
                        ]
                    },
                    "properties": {
                        "createdDate": 1703517593835,
                        "bearing": 306.6640625,
                        "velocity": 1.9988713264465332
                    }
                },
                {
                    "type": "Feature",
                    "geometry": {
                        "type": "Point",
                        "coordinates": [
                            49.2545314,
                            55.7869025
                        ]
                    },
                    "properties": {
                        "createdDate": 1703517594826,
                        "bearing": 306.4764709472656,
                        "velocity": 1.7754305601119995
                    }
                },
                {
                    "type": "Feature",
                    "geometry": {
                        "type": "Point",
                        "coordinates": [
                            49.2545159,
                            55.7869128
                        ]
                    },
                    "properties": {
                        "createdDate": 1703517595834,
                        "bearing": 307.1470031738281,
                        "velocity": 1.4164209365844727
                    }
                },
                {
                    "type": "Feature",
                    "geometry": {
                        "type": "Point",
                        "coordinates": [
                            49.2544902,
                            55.7869322
                        ]
                    },
                    "properties": {
                        "createdDate": 1703517596829,
                        "bearing": 333.6435546875,
                        "velocity": 1.7650039196014404
                    }
                },
                {
                    "type": "Feature",
                    "geometry": {
                        "type": "Point",
                        "coordinates": [
                            49.2544673,
                            55.7869553
                        ]
                    },
                    "properties": {
                        "createdDate": 1703517597837,
                        "bearing": 334.5258483886719,
                        "velocity": 2.5446112155914307
                    }
                },
                {
                    "type": "Feature",
                    "geometry": {
                        "type": "Point",
                        "coordinates": [
                            49.2544415,
                            55.7869777
                        ]
                    },
                    "properties": {
                        "createdDate": 1703517598841,
                        "bearing": 330.543701171875,
                        "velocity": 2.6729559898376465
                    }
                },
                {
                    "type": "Feature",
                    "geometry": {
                        "type": "Point",
                        "coordinates": [
                            49.2544142,
                            55.7869933
                        ]
                    },
                    "properties": {
                        "createdDate": 1703517599848,
                        "bearing": 322.3621520996094,
                        "velocity": 2.198606491088867
                    }
                },
                {
                    "type": "Feature",
                    "geometry": {
                        "type": "Point",
                        "coordinates": [
                            49.2543847,
                            55.7870037
                        ]
                    },
                    "properties": {
                        "createdDate": 1703517600841,
                        "bearing": 312.28509521484375,
                        "velocity": 2.155783176422119
                    }
                },
                {
                    "type": "Feature",
                    "geometry": {
                        "type": "Point",
                        "coordinates": [
                            49.2543451,
                            55.7870179
                        ]
                    },
                    "properties": {
                        "createdDate": 1703517601848,
                        "bearing": 306.70281982421875,
                        "velocity": 2.8002593517303467
                    }
                },
                {
                    "type": "Feature",
                    "geometry": {
                        "type": "Point",
                        "coordinates": [
                            49.2543086,
                            55.7870358
                        ]
                    },
                    "properties": {
                        "createdDate": 1703517602841,
                        "bearing": 314.5370178222656,
                        "velocity": 2.8965792655944824
                    }
                },
                {
                    "type": "Feature",
                    "geometry": {
                        "type": "Point",
                        "coordinates": [
                            49.2542766,
                            55.7870586
                        ]
                    },
                    "properties": {
                        "createdDate": 1703517603830,
                        "bearing": 325.2779846191406,
                        "velocity": 3.1780200004577637
                    }
                },
                {
                    "type": "Feature",
                    "geometry": {
                        "type": "Point",
                        "coordinates": [
                            49.2542569,
                            55.7870805
                        ]
                    },
                    "properties": {
                        "createdDate": 1703517604843,
                        "bearing": 336.23309326171875,
                        "velocity": 2.8288185596466064
                    }
                },
                {
                    "type": "Feature",
                    "geometry": {
                        "type": "Point",
                        "coordinates": [
                            49.2542446,
                            55.7871073
                        ]
                    },
                    "properties": {
                        "createdDate": 1703517605849,
                        "bearing": 347.6206970214844,
                        "velocity": 3.098411798477173
                    }
                },
                {
                    "type": "Feature",
                    "geometry": {
                        "type": "Point",
                        "coordinates": [
                            49.2542299,
                            55.7871348
                        ]
                    },
                    "properties": {
                        "createdDate": 1703517606856,
                        "bearing": 344.2950744628906,
                        "velocity": 3.065004587173462
                    }
                },
                {
                    "type": "Feature",
                    "geometry": {
                        "type": "Point",
                        "coordinates": [
                            49.2542239,
                            55.7871578
                        ]
                    },
                    "properties": {
                        "createdDate": 1703517607845,
                        "bearing": 353.26654052734375,
                        "velocity": 2.4099442958831787
                    }
                },
                {
                    "type": "Feature",
                    "geometry": {
                        "type": "Point",
                        "coordinates": [
                            49.254214,
                            55.7871832
                        ]
                    },
                    "properties": {
                        "createdDate": 1703517608854,
                        "bearing": 350.51922607421875,
                        "velocity": 1.897912621498108
                    }
                },
                {
                    "type": "Feature",
                    "geometry": {
                        "type": "Point",
                        "coordinates": [
                            49.2542001,
                            55.7872043
                        ]
                    },
                    "properties": {
                        "createdDate": 1703517609862,
                        "bearing": 350.1523742675781,
                        "velocity": 1.612735390663147
                    }
                },
                {
                    "type": "Feature",
                    "geometry": {
                        "type": "Point",
                        "coordinates": [
                            49.2541928,
                            55.7872156
                        ]
                    },
                    "properties": {
                        "createdDate": 1703517610856,
                        "bearing": 358.87152099609375,
                        "velocity": 0.9261633157730103
                    }
                },
                {
                    "type": "Feature",
                    "geometry": {
                        "type": "Point",
                        "coordinates": [
                            49.2541906,
                            55.7872211
                        ]
                    },
                    "properties": {
                        "createdDate": 1703517611862,
                        "bearing": 359.7925720214844,
                        "velocity": 0.5479691624641418
                    }
                },
                {
                    "type": "Feature",
                    "geometry": {
                        "type": "Point",
                        "coordinates": [
                            49.2541842,
                            55.7872221
                        ]
                    },
                    "properties": {
                        "createdDate": 1703517612851,
                        "bearing": 359.89398193359375,
                        "velocity": 0.29480910301208496
                    }
                },
                {
                    "type": "Feature",
                    "geometry": {
                        "type": "Point",
                        "coordinates": [
                            49.2541808,
                            55.7872219
                        ]
                    },
                    "properties": {
                        "createdDate": 1703517613862,
                        "bearing": 359.91644287109375,
                        "velocity": 0.15676379203796387
                    }
                },
                {
                    "type": "Feature",
                    "geometry": {
                        "type": "Point",
                        "coordinates": [
                            49.2541789,
                            55.7872214
                        ]
                    },
                    "properties": {
                        "createdDate": 1703517614869,
                        "bearing": 0.0,
                        "velocity": 0.08027128875255585
                    }
                },
                {
                    "type": "Feature",
                    "geometry": {
                        "type": "Point",
                        "coordinates": [
                            49.2541779,
                            55.7872209
                        ]
                    },
                    "properties": {
                        "createdDate": 1703517615866,
                        "bearing": 0.0,
                        "velocity": 0.04264865070581436
                    }
                },
                {
                    "type": "Feature",
                    "geometry": {
                        "type": "Point",
                        "coordinates": [
                            49.2541773,
                            55.7872205
                        ]
                    },
                    "properties": {
                        "createdDate": 1703517616870,
                        "bearing": 0.0,
                        "velocity": 0.015357362106442451
                    }
                }
            ]
        }
    },
    {
        "uuid": "793bbe1c-8f88-4ece-b06d-e5124ea3fe71",
        "videoId": "1703516097487",
        "filePath": "/vs_data/citysoft-dev/video/2023/12/25/5b8b176f019ea18e/1703514900141/1703516097487/1703516097487.mp4",
        "sessionId": "1703514900141",
        "deviceId": "5b8b176f019ea18e",
        "descriptions": {
            "onDevice": "VladTest",
            "onServer": "VladTest"
        },
        "numbers": {
            "onDevice": "VladTest",
            "onServer": "VladTest"
        },
        "processingStatus": "NEW",
        "operatorId": null,
        "creationDate": "2023-12-25T14:54:57.487Z",
        "processedDate": null,
        "homographyId": null,
        "mergedPartsCount": 300,
        "fps": 0,
        "size": 46998844,
        "resolution": null,
        "errorReason": null,
        "errorModule": null,
        "errorMessage": null,
        "geoJSON": {
            "type": "FeatureCollection",
            "features": [
                {
                    "type": "Feature",
                    "geometry": {
                        "type": "Point",
                        "coordinates": [
                            49.24604,
                            55.7938231
                        ]
                    },
                    "properties": {
                        "createdDate": 1703516097487,
                        "bearing": 228.7855224609375,
                        "velocity": 0.1687546670436859
                    }
                },
                {
                    "type": "Feature",
                    "geometry": {
                        "type": "Point",
                        "coordinates": [
                            49.2460508,
                            55.7938309
                        ]
                    },
                    "properties": {
                        "createdDate": 1703516102495,
                        "bearing": 0.0,
                        "velocity": 0.04486483335494995
                    }
                },
                {
                    "type": "Feature",
                    "geometry": {
                        "type": "Point",
                        "coordinates": [
                            49.2460558,
                            55.7938373
                        ]
                    },
                    "properties": {
                        "createdDate": 1703516107500,
                        "bearing": 23.075204849243164,
                        "velocity": 0.11272978037595749
                    }
                },
                {
                    "type": "Feature",
                    "geometry": {
                        "type": "Point",
                        "coordinates": [
                            49.2460495,
                            55.793833
                        ]
                    },
                    "properties": {
                        "createdDate": 1703516112507,
                        "bearing": 0.0,
                        "velocity": 0.04086850583553314
                    }
                },
                {
                    "type": "Feature",
                    "geometry": {
                        "type": "Point",
                        "coordinates": [
                            49.246046,
                            55.7938313
                        ]
                    },
                    "properties": {
                        "createdDate": 1703516117513,
                        "bearing": 0.0,
                        "velocity": 0.05104944109916687
                    }
                },
                {
                    "type": "Feature",
                    "geometry": {
                        "type": "Point",
                        "coordinates": [
                            49.2460524,
                            55.7938339
                        ]
                    },
                    "properties": {
                        "createdDate": 1703516122520,
                        "bearing": 0.0,
                        "velocity": 0.044536150991916656
                    }
                },
                {
                    "type": "Feature",
                    "geometry": {
                        "type": "Point",
                        "coordinates": [
                            49.2460398,
                            55.793829
                        ]
                    },
                    "properties": {
                        "createdDate": 1703516127525,
                        "bearing": 235.084228515625,
                        "velocity": 0.10412551462650299
                    }
                },
                {
                    "type": "Feature",
                    "geometry": {
                        "type": "Point",
                        "coordinates": [
                            49.246033,
                            55.7938237
                        ]
                    },
                    "properties": {
                        "createdDate": 1703516132533,
                        "bearing": 221.27951049804688,
                        "velocity": 0.12815146148204803
                    }
                },
                {
                    "type": "Feature",
                    "geometry": {
                        "type": "Point",
                        "coordinates": [
                            49.2460523,
                            55.7938304
                        ]
                    },
                    "properties": {
                        "createdDate": 1703516137543,
                        "bearing": 0.0,
                        "velocity": 0.0998527854681015
                    }
                },
                {
                    "type": "Feature",
                    "geometry": {
                        "type": "Point",
                        "coordinates": [
                            49.246057,
                            55.793832
                        ]
                    },
                    "properties": {
                        "createdDate": 1703516142546,
                        "bearing": 0.0,
                        "velocity": 0.08111415803432465
                    }
                },
                {
                    "type": "Feature",
                    "geometry": {
                        "type": "Point",
                        "coordinates": [
                            49.2460404,
                            55.7938231
                        ]
                    },
                    "properties": {
                        "createdDate": 1703516147558,
                        "bearing": 222.99713134765625,
                        "velocity": 0.15360000729560852
                    }
                },
                {
                    "type": "Feature",
                    "geometry": {
                        "type": "Point",
                        "coordinates": [
                            49.2460438,
                            55.7938268
                        ]
                    },
                    "properties": {
                        "createdDate": 1703516152562,
                        "bearing": 0.0,
                        "velocity": 0.015885647386312485
                    }
                },
                {
                    "type": "Feature",
                    "geometry": {
                        "type": "Point",
                        "coordinates": [
                            49.2460461,
                            55.7938277
                        ]
                    },
                    "properties": {
                        "createdDate": 1703516157582,
                        "bearing": 0.0,
                        "velocity": 0.020466869696974754
                    }
                },
                {
                    "type": "Feature",
                    "geometry": {
                        "type": "Point",
                        "coordinates": [
                            49.2460639,
                            55.7938332
                        ]
                    },
                    "properties": {
                        "createdDate": 1703516162588,
                        "bearing": 60.13015365600586,
                        "velocity": 0.16729456186294556
                    }
                },
                {
                    "type": "Feature",
                    "geometry": {
                        "type": "Point",
                        "coordinates": [
                            49.2460649,
                            55.7938309
                        ]
                    },
                    "properties": {
                        "createdDate": 1703516167596,
                        "bearing": 0.0,
                        "velocity": 0.06465400755405426
                    }
                },
                {
                    "type": "Feature",
                    "geometry": {
                        "type": "Point",
                        "coordinates": [
                            49.2460536,
                            55.7938267
                        ]
                    },
                    "properties": {
                        "createdDate": 1703516172602,
                        "bearing": 0.0,
                        "velocity": 0.08769327402114868
                    }
                },
                {
                    "type": "Feature",
                    "geometry": {
                        "type": "Point",
                        "coordinates": [
                            49.2460523,
                            55.7938274
                        ]
                    },
                    "properties": {
                        "createdDate": 1703516177610,
                        "bearing": 0.0,
                        "velocity": 0.03601067140698433
                    }
                },
                {
                    "type": "Feature",
                    "geometry": {
                        "type": "Point",
                        "coordinates": [
                            49.2460494,
                            55.793825
                        ]
                    },
                    "properties": {
                        "createdDate": 1703516182617,
                        "bearing": 0.0,
                        "velocity": 0.051519595086574554
                    }
                },
                {
                    "type": "Feature",
                    "geometry": {
                        "type": "Point",
                        "coordinates": [
                            49.2460474,
                            55.7938234
                        ]
                    },
                    "properties": {
                        "createdDate": 1703516187622,
                        "bearing": 0.0,
                        "velocity": 0.04664967581629753
                    }
                },
                {
                    "type": "Feature",
                    "geometry": {
                        "type": "Point",
                        "coordinates": [
                            49.2460414,
                            55.7938267
                        ]
                    },
                    "properties": {
                        "createdDate": 1703516192629,
                        "bearing": 0.0,
                        "velocity": 0.06550778448581696
                    }
                },
                {
                    "type": "Feature",
                    "geometry": {
                        "type": "Point",
                        "coordinates": [
                            49.2460463,
                            55.7938284
                        ]
                    },
                    "properties": {
                        "createdDate": 1703516197636,
                        "bearing": 0.0,
                        "velocity": 0.040044285356998444
                    }
                },
                {
                    "type": "Feature",
                    "geometry": {
                        "type": "Point",
                        "coordinates": [
                            49.2460549,
                            55.7938296
                        ]
                    },
                    "properties": {
                        "createdDate": 1703516202642,
                        "bearing": 0.0,
                        "velocity": 0.0810338705778122
                    }
                },
                {
                    "type": "Feature",
                    "geometry": {
                        "type": "Point",
                        "coordinates": [
                            49.2460585,
                            55.793828
                        ]
                    },
                    "properties": {
                        "createdDate": 1703516207651,
                        "bearing": 0.0,
                        "velocity": 0.05685596540570259
                    }
                },
                {
                    "type": "Feature",
                    "geometry": {
                        "type": "Point",
                        "coordinates": [
                            49.2460516,
                            55.7938308
                        ]
                    },
                    "properties": {
                        "createdDate": 1703516212658,
                        "bearing": 0.0,
                        "velocity": 0.04802219569683075
                    }
                },
                {
                    "type": "Feature",
                    "geometry": {
                        "type": "Point",
                        "coordinates": [
                            49.2460444,
                            55.793828
                        ]
                    },
                    "properties": {
                        "createdDate": 1703516217667,
                        "bearing": 0.0,
                        "velocity": 0.07322943210601807
                    }
                },
                {
                    "type": "Feature",
                    "geometry": {
                        "type": "Point",
                        "coordinates": [
                            49.2460492,
                            55.7938291
                        ]
                    },
                    "properties": {
                        "createdDate": 1703516222684,
                        "bearing": 0.0,
                        "velocity": 0.012526614591479301
                    }
                },
                {
                    "type": "Feature",
                    "geometry": {
                        "type": "Point",
                        "coordinates": [
                            49.2460575,
                            55.7938303
                        ]
                    },
                    "properties": {
                        "createdDate": 1703516227691,
                        "bearing": 0.0,
                        "velocity": 0.07208897173404694
                    }
                },
                {
                    "type": "Feature",
                    "geometry": {
                        "type": "Point",
                        "coordinates": [
                            49.2460646,
                            55.7938311
                        ]
                    },
                    "properties": {
                        "createdDate": 1703516232699,
                        "bearing": 0.0,
                        "velocity": 0.08318933099508286
                    }
                },
                {
                    "type": "Feature",
                    "geometry": {
                        "type": "Point",
                        "coordinates": [
                            49.2460718,
                            55.7938285
                        ]
                    },
                    "properties": {
                        "createdDate": 1703516237706,
                        "bearing": 0.0,
                        "velocity": 0.0904993787407875
                    }
                },
                {
                    "type": "Feature",
                    "geometry": {
                        "type": "Point",
                        "coordinates": [
                            49.2460818,
                            55.7938295
                        ]
                    },
                    "properties": {
                        "createdDate": 1703516242711,
                        "bearing": 88.67179870605469,
                        "velocity": 0.1096143051981926
                    }
                },
                {
                    "type": "Feature",
                    "geometry": {
                        "type": "Point",
                        "coordinates": [
                            49.2460721,
                            55.79383
                        ]
                    },
                    "properties": {
                        "createdDate": 1703516247720,
                        "bearing": 0.0,
                        "velocity": 0.032219529151916504
                    }
                },
                {
                    "type": "Feature",
                    "geometry": {
                        "type": "Point",
                        "coordinates": [
                            49.2460575,
                            55.7938313
                        ]
                    },
                    "properties": {
                        "createdDate": 1703516252725,
                        "bearing": 279.4860534667969,
                        "velocity": 0.1252027302980423
                    }
                },
                {
                    "type": "Feature",
                    "geometry": {
                        "type": "Point",
                        "coordinates": [
                            49.2460505,
                            55.7938354
                        ]
                    },
                    "properties": {
                        "createdDate": 1703516257731,
                        "bearing": 302.7186279296875,
                        "velocity": 0.11984143406152725
                    }
                },
                {
                    "type": "Feature",
                    "geometry": {
                        "type": "Point",
                        "coordinates": [
                            49.2460505,
                            55.7938327
                        ]
                    },
                    "properties": {
                        "createdDate": 1703516262740,
                        "bearing": 0.0,
                        "velocity": 0.0394374243915081
                    }
                },
                {
                    "type": "Feature",
                    "geometry": {
                        "type": "Point",
                        "coordinates": [
                            49.2460568,
                            55.7938326
                        ]
                    },
                    "properties": {
                        "createdDate": 1703516267761,
                        "bearing": 0.0,
                        "velocity": 0.03544383868575096
                    }
                },
                {
                    "type": "Feature",
                    "geometry": {
                        "type": "Point",
                        "coordinates": [
                            49.2460653,
                            55.7938276
                        ]
                    },
                    "properties": {
                        "createdDate": 1703516272767,
                        "bearing": 132.26853942871094,
                        "velocity": 0.10747570544481277
                    }
                },
                {
                    "type": "Feature",
                    "geometry": {
                        "type": "Point",
                        "coordinates": [
                            49.2460605,
                            55.7938242
                        ]
                    },
                    "properties": {
                        "createdDate": 1703516277774,
                        "bearing": 0.0,
                        "velocity": 0.07398416101932526
                    }
                },
                {
                    "type": "Feature",
                    "geometry": {
                        "type": "Point",
                        "coordinates": [
                            49.246073,
                            55.7938296
                        ]
                    },
                    "properties": {
                        "createdDate": 1703516282780,
                        "bearing": 63.719322204589844,
                        "velocity": 0.10605498403310776
                    }
                },
                {
                    "type": "Feature",
                    "geometry": {
                        "type": "Point",
                        "coordinates": [
                            49.2460773,
                            55.7938288
                        ]
                    },
                    "properties": {
                        "createdDate": 1703516287787,
                        "bearing": 0.0,
                        "velocity": 0.06947998702526093
                    }
                },
                {
                    "type": "Feature",
                    "geometry": {
                        "type": "Point",
                        "coordinates": [
                            49.2460612,
                            55.7938284
                        ]
                    },
                    "properties": {
                        "createdDate": 1703516292795,
                        "bearing": 0.0,
                        "velocity": 0.09624149650335312
                    }
                },
                {
                    "type": "Feature",
                    "geometry": {
                        "type": "Point",
                        "coordinates": [
                            49.246057,
                            55.7938284
                        ]
                    },
                    "properties": {
                        "createdDate": 1703516297801,
                        "bearing": 0.0,
                        "velocity": 0.06952743232250214
                    }
                },
                {
                    "type": "Feature",
                    "geometry": {
                        "type": "Point",
                        "coordinates": [
                            49.2460687,
                            55.793829
                        ]
                    },
                    "properties": {
                        "createdDate": 1703516302807,
                        "bearing": 0.0,
                        "velocity": 0.06126803532242775
                    }
                },
                {
                    "type": "Feature",
                    "geometry": {
                        "type": "Point",
                        "coordinates": [
                            49.2460771,
                            55.7938328
                        ]
                    },
                    "properties": {
                        "createdDate": 1703516307815,
                        "bearing": 58.1492919921875,
                        "velocity": 0.10512508451938629
                    }
                },
                {
                    "type": "Feature",
                    "geometry": {
                        "type": "Point",
                        "coordinates": [
                            49.2460645,
                            55.7938302
                        ]
                    },
                    "properties": {
                        "createdDate": 1703516312823,
                        "bearing": 0.0,
                        "velocity": 0.061296120285987854
                    }
                },
                {
                    "type": "Feature",
                    "geometry": {
                        "type": "Point",
                        "coordinates": [
                            49.246059,
                            55.7938311
                        ]
                    },
                    "properties": {
                        "createdDate": 1703516317828,
                        "bearing": 0.0,
                        "velocity": 0.06544049829244614
                    }
                },
                {
                    "type": "Feature",
                    "geometry": {
                        "type": "Point",
                        "coordinates": [
                            49.246055,
                            55.7938269
                        ]
                    },
                    "properties": {
                        "createdDate": 1703516322833,
                        "bearing": 0.0,
                        "velocity": 0.07642964273691177
                    }
                },
                {
                    "type": "Feature",
                    "geometry": {
                        "type": "Point",
                        "coordinates": [
                            49.2460526,
                            55.7938283
                        ]
                    },
                    "properties": {
                        "createdDate": 1703516327825,
                        "bearing": 0.0,
                        "velocity": 0.040102969855070114
                    }
                },
                {
                    "type": "Feature",
                    "geometry": {
                        "type": "Point",
                        "coordinates": [
                            49.24607,
                            55.7938252
                        ]
                    },
                    "properties": {
                        "createdDate": 1703516332830,
                        "bearing": 109.98250579833984,
                        "velocity": 0.127136692404747
                    }
                },
                {
                    "type": "Feature",
                    "geometry": {
                        "type": "Point",
                        "coordinates": [
                            49.2460733,
                            55.7938275
                        ]
                    },
                    "properties": {
                        "createdDate": 1703516337825,
                        "bearing": 0.0,
                        "velocity": 0.07145754247903824
                    }
                },
                {
                    "type": "Feature",
                    "geometry": {
                        "type": "Point",
                        "coordinates": [
                            49.2460738,
                            55.7938393
                        ]
                    },
                    "properties": {
                        "createdDate": 1703516342828,
                        "bearing": 10.512857437133789,
                        "velocity": 0.1716942936182022
                    }
                },
                {
                    "type": "Feature",
                    "geometry": {
                        "type": "Point",
                        "coordinates": [
                            49.2460625,
                            55.7938343
                        ]
                    },
                    "properties": {
                        "createdDate": 1703516347849,
                        "bearing": 0.0,
                        "velocity": 0.07412750273942947
                    }
                },
                {
                    "type": "Feature",
                    "geometry": {
                        "type": "Point",
                        "coordinates": [
                            49.2460733,
                            55.7938274
                        ]
                    },
                    "properties": {
                        "createdDate": 1703516352857,
                        "bearing": 149.46775817871094,
                        "velocity": 0.11252270638942719
                    }
                },
                {
                    "type": "Feature",
                    "geometry": {
                        "type": "Point",
                        "coordinates": [
                            49.2460835,
                            55.7938297
                        ]
                    },
                    "properties": {
                        "createdDate": 1703516357863,
                        "bearing": 93.19011688232422,
                        "velocity": 0.10045100003480911
                    }
                },
                {
                    "type": "Feature",
                    "geometry": {
                        "type": "Point",
                        "coordinates": [
                            49.2460823,
                            55.7938334
                        ]
                    },
                    "properties": {
                        "createdDate": 1703516362869,
                        "bearing": 0.0,
                        "velocity": 0.05621964484453201
                    }
                },
                {
                    "type": "Feature",
                    "geometry": {
                        "type": "Point",
                        "coordinates": [
                            49.2460761,
                            55.793831
                        ]
                    },
                    "properties": {
                        "createdDate": 1703516367877,
                        "bearing": 0.0,
                        "velocity": 0.03795381262898445
                    }
                },
                {
                    "type": "Feature",
                    "geometry": {
                        "type": "Point",
                        "coordinates": [
                            49.2460578,
                            55.7938277
                        ]
                    },
                    "properties": {
                        "createdDate": 1703516372883,
                        "bearing": 252.2386474609375,
                        "velocity": 0.16042229533195496
                    }
                },
                {
                    "type": "Feature",
                    "geometry": {
                        "type": "Point",
                        "coordinates": [
                            49.2460647,
                            55.7938343
                        ]
                    },
                    "properties": {
                        "createdDate": 1703516377889,
                        "bearing": 0.0,
                        "velocity": 0.06193522736430168
                    }
                },
                {
                    "type": "Feature",
                    "geometry": {
                        "type": "Point",
                        "coordinates": [
                            49.246076,
                            55.7938334
                        ]
                    },
                    "properties": {
                        "createdDate": 1703516382903,
                        "bearing": 0.0,
                        "velocity": 0.07408436387777328
                    }
                },
                {
                    "type": "Feature",
                    "geometry": {
                        "type": "Point",
                        "coordinates": [
                            49.24607,
                            55.7938308
                        ]
                    },
                    "properties": {
                        "createdDate": 1703516387907,
                        "bearing": 0.0,
                        "velocity": 0.03622005879878998
                    }
                },
                {
                    "type": "Feature",
                    "geometry": {
                        "type": "Point",
                        "coordinates": [
                            49.2460874,
                            55.7938308
                        ]
                    },
                    "properties": {
                        "createdDate": 1703516392912,
                        "bearing": 97.58550262451172,
                        "velocity": 0.11044038087129593
                    }
                }
            ]
        }
    },
    {
        "uuid": "f6df7d6f-0765-4b70-8a40-e15e69cff35d",
        "videoId": "1703515796992",
        "filePath": "/vs_data/citysoft-dev/video/2023/12/25/5b8b176f019ea18e/1703514900141/1703515796992/1703515796992.mp4",
        "sessionId": "1703514900141",
        "deviceId": "5b8b176f019ea18e",
        "descriptions": {
            "onDevice": "VladTest",
            "onServer": "VladTest"
        },
        "numbers": {
            "onDevice": "VladTest",
            "onServer": "VladTest"
        },
        "processingStatus": "NEW",
        "operatorId": null,
        "creationDate": "2023-12-25T14:49:56.992Z",
        "processedDate": null,
        "homographyId": null,
        "mergedPartsCount": 300,
        "fps": 0,
        "size": 51795154,
        "resolution": null,
        "errorReason": null,
        "errorModule": null,
        "errorMessage": null,
        "geoJSON": {
            "type": "FeatureCollection",
            "features": [
                {
                    "type": "Feature",
                    "geometry": {
                        "type": "Point",
                        "coordinates": [
                            49.2460374,
                            55.7938202
                        ]
                    },
                    "properties": {
                        "createdDate": 1703515796992,
                        "bearing": 226.48609924316406,
                        "velocity": 0.2166501134634018
                    }
                },
                {
                    "type": "Feature",
                    "geometry": {
                        "type": "Point",
                        "coordinates": [
                            49.2460349,
                            55.79383
                        ]
                    },
                    "properties": {
                        "createdDate": 1703515802001,
                        "bearing": 299.8214111328125,
                        "velocity": 0.1024232804775238
                    }
                },
                {
                    "type": "Feature",
                    "geometry": {
                        "type": "Point",
                        "coordinates": [
                            49.2460556,
                            55.7938278
                        ]
                    },
                    "properties": {
                        "createdDate": 1703515807003,
                        "bearing": 94.72660827636719,
                        "velocity": 0.12767358124256134
                    }
                },
                {
                    "type": "Feature",
                    "geometry": {
                        "type": "Point",
                        "coordinates": [
                            49.246055,
                            55.7938263
                        ]
                    },
                    "properties": {
                        "createdDate": 1703515812028,
                        "bearing": 0.0,
                        "velocity": 0.05038972198963165
                    }
                },
                {
                    "type": "Feature",
                    "geometry": {
                        "type": "Point",
                        "coordinates": [
                            49.2460646,
                            55.7938284
                        ]
                    },
                    "properties": {
                        "createdDate": 1703515817035,
                        "bearing": 0.0,
                        "velocity": 0.09184355288743973
                    }
                },
                {
                    "type": "Feature",
                    "geometry": {
                        "type": "Point",
                        "coordinates": [
                            49.2460582,
                            55.7938312
                        ]
                    },
                    "properties": {
                        "createdDate": 1703515822041,
                        "bearing": 0.0,
                        "velocity": 0.048119451850652695
                    }
                },
                {
                    "type": "Feature",
                    "geometry": {
                        "type": "Point",
                        "coordinates": [
                            49.2460397,
                            55.7938262
                        ]
                    },
                    "properties": {
                        "createdDate": 1703515827048,
                        "bearing": 250.776123046875,
                        "velocity": 0.15967726707458496
                    }
                },
                {
                    "type": "Feature",
                    "geometry": {
                        "type": "Point",
                        "coordinates": [
                            49.2460533,
                            55.7938256
                        ]
                    },
                    "properties": {
                        "createdDate": 1703515832054,
                        "bearing": 0.0,
                        "velocity": 0.039683930575847626
                    }
                },
                {
                    "type": "Feature",
                    "geometry": {
                        "type": "Point",
                        "coordinates": [
                            49.2460589,
                            55.7938288
                        ]
                    },
                    "properties": {
                        "createdDate": 1703515837062,
                        "bearing": 0.0,
                        "velocity": 0.06215478479862213
                    }
                },
                {
                    "type": "Feature",
                    "geometry": {
                        "type": "Point",
                        "coordinates": [
                            49.246061,
                            55.7938291
                        ]
                    },
                    "properties": {
                        "createdDate": 1703515842068,
                        "bearing": 0.0,
                        "velocity": 0.038954686373472214
                    }
                },
                {
                    "type": "Feature",
                    "geometry": {
                        "type": "Point",
                        "coordinates": [
                            49.2460531,
                            55.7938205
                        ]
                    },
                    "properties": {
                        "createdDate": 1703515847074,
                        "bearing": 202.9548797607422,
                        "velocity": 0.12393046915531158
                    }
                },
                {
                    "type": "Feature",
                    "geometry": {
                        "type": "Point",
                        "coordinates": [
                            49.2460554,
                            55.7938273
                        ]
                    },
                    "properties": {
                        "createdDate": 1703515852080,
                        "bearing": 0.0,
                        "velocity": 0.031425658613443375
                    }
                },
                {
                    "type": "Feature",
                    "geometry": {
                        "type": "Point",
                        "coordinates": [
                            49.2460586,
                            55.7938274
                        ]
                    },
                    "properties": {
                        "createdDate": 1703515857088,
                        "bearing": 0.0,
                        "velocity": 0.026042988523840904
                    }
                },
                {
                    "type": "Feature",
                    "geometry": {
                        "type": "Point",
                        "coordinates": [
                            49.2460632,
                            55.7938287
                        ]
                    },
                    "properties": {
                        "createdDate": 1703515862093,
                        "bearing": 0.0,
                        "velocity": 0.05053693428635597
                    }
                },
                {
                    "type": "Feature",
                    "geometry": {
                        "type": "Point",
                        "coordinates": [
                            49.2460459,
                            55.7938216
                        ]
                    },
                    "properties": {
                        "createdDate": 1703515867118,
                        "bearing": 232.78274536132812,
                        "velocity": 0.1503830850124359
                    }
                },
                {
                    "type": "Feature",
                    "geometry": {
                        "type": "Point",
                        "coordinates": [
                            49.2460547,
                            55.7938265
                        ]
                    },
                    "properties": {
                        "createdDate": 1703515872113,
                        "bearing": 0.0,
                        "velocity": 0.018595358356833458
                    }
                },
                {
                    "type": "Feature",
                    "geometry": {
                        "type": "Point",
                        "coordinates": [
                            49.2460554,
                            55.7938265
                        ]
                    },
                    "properties": {
                        "createdDate": 1703515877117,
                        "bearing": 0.0,
                        "velocity": 0.010287418030202389
                    }
                },
                {
                    "type": "Feature",
                    "geometry": {
                        "type": "Point",
                        "coordinates": [
                            49.2460614,
                            55.7938279
                        ]
                    },
                    "properties": {
                        "createdDate": 1703515882122,
                        "bearing": 0.0,
                        "velocity": 0.054826509207487106
                    }
                },
                {
                    "type": "Feature",
                    "geometry": {
                        "type": "Point",
                        "coordinates": [
                            49.2460692,
                            55.7938275
                        ]
                    },
                    "properties": {
                        "createdDate": 1703515887143,
                        "bearing": 0.0,
                        "velocity": 0.07914161682128906
                    }
                },
                {
                    "type": "Feature",
                    "geometry": {
                        "type": "Point",
                        "coordinates": [
                            49.2460615,
                            55.7938273
                        ]
                    },
                    "properties": {
                        "createdDate": 1703515892151,
                        "bearing": 0.0,
                        "velocity": 0.03155476227402687
                    }
                },
                {
                    "type": "Feature",
                    "geometry": {
                        "type": "Point",
                        "coordinates": [
                            49.2460568,
                            55.7938341
                        ]
                    },
                    "properties": {
                        "createdDate": 1703515897157,
                        "bearing": 332.6490173339844,
                        "velocity": 0.10419896245002747
                    }
                },
                {
                    "type": "Feature",
                    "geometry": {
                        "type": "Point",
                        "coordinates": [
                            49.2460526,
                            55.793831
                        ]
                    },
                    "properties": {
                        "createdDate": 1703515902164,
                        "bearing": 0.0,
                        "velocity": 0.05202377587556839
                    }
                },
                {
                    "type": "Feature",
                    "geometry": {
                        "type": "Point",
                        "coordinates": [
                            49.2460574,
                            55.7938265
                        ]
                    },
                    "properties": {
                        "createdDate": 1703515907171,
                        "bearing": 0.0,
                        "velocity": 0.06758668273687363
                    }
                },
                {
                    "type": "Feature",
                    "geometry": {
                        "type": "Point",
                        "coordinates": [
                            49.2460526,
                            55.7938254
                        ]
                    },
                    "properties": {
                        "createdDate": 1703515912180,
                        "bearing": 0.0,
                        "velocity": 0.05143732577562332
                    }
                },
                {
                    "type": "Feature",
                    "geometry": {
                        "type": "Point",
                        "coordinates": [
                            49.2460503,
                            55.7938257
                        ]
                    },
                    "properties": {
                        "createdDate": 1703515917185,
                        "bearing": 0.0,
                        "velocity": 0.030110208317637444
                    }
                },
                {
                    "type": "Feature",
                    "geometry": {
                        "type": "Point",
                        "coordinates": [
                            49.2460517,
                            55.7938284
                        ]
                    },
                    "properties": {
                        "createdDate": 1703515922188,
                        "bearing": 0.0,
                        "velocity": 0.033038441091775894
                    }
                },
                {
                    "type": "Feature",
                    "geometry": {
                        "type": "Point",
                        "coordinates": [
                            49.2460582,
                            55.7938313
                        ]
                    },
                    "properties": {
                        "createdDate": 1703515927196,
                        "bearing": 0.0,
                        "velocity": 0.07291597872972488
                    }
                },
                {
                    "type": "Feature",
                    "geometry": {
                        "type": "Point",
                        "coordinates": [
                            49.2460556,
                            55.7938324
                        ]
                    },
                    "properties": {
                        "createdDate": 1703515932204,
                        "bearing": 0.0,
                        "velocity": 0.035297296941280365
                    }
                },
                {
                    "type": "Feature",
                    "geometry": {
                        "type": "Point",
                        "coordinates": [
                            49.2460555,
                            55.7938283
                        ]
                    },
                    "properties": {
                        "createdDate": 1703515937213,
                        "bearing": 0.0,
                        "velocity": 0.04347730427980423
                    }
                },
                {
                    "type": "Feature",
                    "geometry": {
                        "type": "Point",
                        "coordinates": [
                            49.2460555,
                            55.7938263
                        ]
                    },
                    "properties": {
                        "createdDate": 1703515942232,
                        "bearing": 0.0,
                        "velocity": 0.044192470610141754
                    }
                },
                {
                    "type": "Feature",
                    "geometry": {
                        "type": "Point",
                        "coordinates": [
                            49.2460532,
                            55.7938263
                        ]
                    },
                    "properties": {
                        "createdDate": 1703515947239,
                        "bearing": 0.0,
                        "velocity": 0.024204028770327568
                    }
                },
                {
                    "type": "Feature",
                    "geometry": {
                        "type": "Point",
                        "coordinates": [
                            49.2460815,
                            55.7938284
                        ]
                    },
                    "properties": {
                        "createdDate": 1703515952246,
                        "bearing": 84.02444458007812,
                        "velocity": 0.2138717621564865
                    }
                },
                {
                    "type": "Feature",
                    "geometry": {
                        "type": "Point",
                        "coordinates": [
                            49.2460762,
                            55.7938357
                        ]
                    },
                    "properties": {
                        "createdDate": 1703515957254,
                        "bearing": 20.89348030090332,
                        "velocity": 0.11634348332881927
                    }
                },
                {
                    "type": "Feature",
                    "geometry": {
                        "type": "Point",
                        "coordinates": [
                            49.2460592,
                            55.7938337
                        ]
                    },
                    "properties": {
                        "createdDate": 1703515962260,
                        "bearing": 276.9002380371094,
                        "velocity": 0.11687222123146057
                    }
                },
                {
                    "type": "Feature",
                    "geometry": {
                        "type": "Point",
                        "coordinates": [
                            49.2460546,
                            55.7938329
                        ]
                    },
                    "properties": {
                        "createdDate": 1703515967269,
                        "bearing": 0.0,
                        "velocity": 0.08017166703939438
                    }
                },
                {
                    "type": "Feature",
                    "geometry": {
                        "type": "Point",
                        "coordinates": [
                            49.2460616,
                            55.7938311
                        ]
                    },
                    "properties": {
                        "createdDate": 1703515972274,
                        "bearing": 0.0,
                        "velocity": 0.03450022265315056
                    }
                },
                {
                    "type": "Feature",
                    "geometry": {
                        "type": "Point",
                        "coordinates": [
                            49.2460579,
                            55.7938278
                        ]
                    },
                    "properties": {
                        "createdDate": 1703515977277,
                        "bearing": 0.0,
                        "velocity": 0.05931764841079712
                    }
                },
                {
                    "type": "Feature",
                    "geometry": {
                        "type": "Point",
                        "coordinates": [
                            49.2460561,
                            55.7938276
                        ]
                    },
                    "properties": {
                        "createdDate": 1703515982284,
                        "bearing": 0.0,
                        "velocity": 0.03270728141069412
                    }
                },
                {
                    "type": "Feature",
                    "geometry": {
                        "type": "Point",
                        "coordinates": [
                            49.2460739,
                            55.7938327
                        ]
                    },
                    "properties": {
                        "createdDate": 1703515987296,
                        "bearing": 64.60982513427734,
                        "velocity": 0.14223022758960724
                    }
                },
                {
                    "type": "Feature",
                    "geometry": {
                        "type": "Point",
                        "coordinates": [
                            49.2460641,
                            55.7938318
                        ]
                    },
                    "properties": {
                        "createdDate": 1703515992317,
                        "bearing": 0.0,
                        "velocity": 0.02903045527637005
                    }
                },
                {
                    "type": "Feature",
                    "geometry": {
                        "type": "Point",
                        "coordinates": [
                            49.2460606,
                            55.7938297
                        ]
                    },
                    "properties": {
                        "createdDate": 1703515997322,
                        "bearing": 0.0,
                        "velocity": 0.04626794531941414
                    }
                },
                {
                    "type": "Feature",
                    "geometry": {
                        "type": "Point",
                        "coordinates": [
                            49.2460661,
                            55.793834
                        ]
                    },
                    "properties": {
                        "createdDate": 1703516002329,
                        "bearing": 0.0,
                        "velocity": 0.05680868774652481
                    }
                },
                {
                    "type": "Feature",
                    "geometry": {
                        "type": "Point",
                        "coordinates": [
                            49.2460678,
                            55.7938306
                        ]
                    },
                    "properties": {
                        "createdDate": 1703516007337,
                        "bearing": 0.0,
                        "velocity": 0.03708570823073387
                    }
                },
                {
                    "type": "Feature",
                    "geometry": {
                        "type": "Point",
                        "coordinates": [
                            49.2460671,
                            55.7938288
                        ]
                    },
                    "properties": {
                        "createdDate": 1703516012341,
                        "bearing": 0.0,
                        "velocity": 0.035193972289562225
                    }
                },
                {
                    "type": "Feature",
                    "geometry": {
                        "type": "Point",
                        "coordinates": [
                            49.24607,
                            55.7938287
                        ]
                    },
                    "properties": {
                        "createdDate": 1703516017349,
                        "bearing": 0.0,
                        "velocity": 0.02822135016322136
                    }
                },
                {
                    "type": "Feature",
                    "geometry": {
                        "type": "Point",
                        "coordinates": [
                            49.2460711,
                            55.7938275
                        ]
                    },
                    "properties": {
                        "createdDate": 1703516022355,
                        "bearing": 0.0,
                        "velocity": 0.02925502508878708
                    }
                },
                {
                    "type": "Feature",
                    "geometry": {
                        "type": "Point",
                        "coordinates": [
                            49.2460581,
                            55.7938271
                        ]
                    },
                    "properties": {
                        "createdDate": 1703516027363,
                        "bearing": 0.0,
                        "velocity": 0.09394928067922592
                    }
                },
                {
                    "type": "Feature",
                    "geometry": {
                        "type": "Point",
                        "coordinates": [
                            49.2460463,
                            55.7938285
                        ]
                    },
                    "properties": {
                        "createdDate": 1703516032369,
                        "bearing": 276.6058044433594,
                        "velocity": 0.12583917379379272
                    }
                },
                {
                    "type": "Feature",
                    "geometry": {
                        "type": "Point",
                        "coordinates": [
                            49.2460463,
                            55.793831
                        ]
                    },
                    "properties": {
                        "createdDate": 1703516037377,
                        "bearing": 0.0,
                        "velocity": 0.06233515217900276
                    }
                },
                {
                    "type": "Feature",
                    "geometry": {
                        "type": "Point",
                        "coordinates": [
                            49.2460383,
                            55.793828
                        ]
                    },
                    "properties": {
                        "createdDate": 1703516042380,
                        "bearing": 0.0,
                        "velocity": 0.08226481825113297
                    }
                },
                {
                    "type": "Feature",
                    "geometry": {
                        "type": "Point",
                        "coordinates": [
                            49.2460539,
                            55.793835
                        ]
                    },
                    "properties": {
                        "createdDate": 1703516047392,
                        "bearing": 46.366390228271484,
                        "velocity": 0.13001680374145508
                    }
                },
                {
                    "type": "Feature",
                    "geometry": {
                        "type": "Point",
                        "coordinates": [
                            49.2460808,
                            55.7938403
                        ]
                    },
                    "properties": {
                        "createdDate": 1703516052411,
                        "bearing": 66.52127075195312,
                        "velocity": 0.27133065462112427
                    }
                },
                {
                    "type": "Feature",
                    "geometry": {
                        "type": "Point",
                        "coordinates": [
                            49.246055,
                            55.7938323
                        ]
                    },
                    "properties": {
                        "createdDate": 1703516057418,
                        "bearing": 235.73623657226562,
                        "velocity": 0.10874195396900177
                    }
                },
                {
                    "type": "Feature",
                    "geometry": {
                        "type": "Point",
                        "coordinates": [
                            49.2460571,
                            55.7938319
                        ]
                    },
                    "properties": {
                        "createdDate": 1703516062424,
                        "bearing": 0.0,
                        "velocity": 0.0329069085419178
                    }
                },
                {
                    "type": "Feature",
                    "geometry": {
                        "type": "Point",
                        "coordinates": [
                            49.2460441,
                            55.7938248
                        ]
                    },
                    "properties": {
                        "createdDate": 1703516067432,
                        "bearing": 224.675537109375,
                        "velocity": 0.15189267694950104
                    }
                },
                {
                    "type": "Feature",
                    "geometry": {
                        "type": "Point",
                        "coordinates": [
                            49.2460479,
                            55.7938283
                        ]
                    },
                    "properties": {
                        "createdDate": 1703516072438,
                        "bearing": 0.0,
                        "velocity": 0.013067827560007572
                    }
                },
                {
                    "type": "Feature",
                    "geometry": {
                        "type": "Point",
                        "coordinates": [
                            49.2460615,
                            55.7938352
                        ]
                    },
                    "properties": {
                        "createdDate": 1703516077444,
                        "bearing": 46.24715805053711,
                        "velocity": 0.1410861313343048
                    }
                },
                {
                    "type": "Feature",
                    "geometry": {
                        "type": "Point",
                        "coordinates": [
                            49.2460634,
                            55.7938342
                        ]
                    },
                    "properties": {
                        "createdDate": 1703516082450,
                        "bearing": 0.0,
                        "velocity": 0.05821051821112633
                    }
                },
                {
                    "type": "Feature",
                    "geometry": {
                        "type": "Point",
                        "coordinates": [
                            49.2460535,
                            55.7938315
                        ]
                    },
                    "properties": {
                        "createdDate": 1703516087461,
                        "bearing": 0.0,
                        "velocity": 0.0638207197189331
                    }
                },
                {
                    "type": "Feature",
                    "geometry": {
                        "type": "Point",
                        "coordinates": [
                            49.2460566,
                            55.7938305
                        ]
                    },
                    "properties": {
                        "createdDate": 1703516092466,
                        "bearing": 0.0,
                        "velocity": 0.024627171456813812
                    }
                }
            ]
        }
    },
    {
        "uuid": "e68a5676-9a64-4081-89ab-ff2f28899b01",
        "videoId": "1703515496512",
        "filePath": "/vs_data/citysoft-dev/video/2023/12/25/5b8b176f019ea18e/1703514900141/1703515496512/1703515496512.mp4",
        "sessionId": "1703514900141",
        "deviceId": "5b8b176f019ea18e",
        "descriptions": {
            "onDevice": "VladTest",
            "onServer": "VladTest"
        },
        "numbers": {
            "onDevice": "VladTest",
            "onServer": "VladTest"
        },
        "processingStatus": "NEW",
        "operatorId": null,
        "creationDate": "2023-12-25T14:44:56.512Z",
        "processedDate": null,
        "homographyId": null,
        "mergedPartsCount": 300,
        "fps": 0,
        "size": 61543907,
        "resolution": null,
        "errorReason": null,
        "errorModule": null,
        "errorMessage": null,
        "geoJSON": {
            "type": "FeatureCollection",
            "features": [
                {
                    "type": "Feature",
                    "geometry": {
                        "type": "Point",
                        "coordinates": [
                            49.246082,
                            55.7938291
                        ]
                    },
                    "properties": {
                        "createdDate": 1703515496512,
                        "bearing": 0.0,
                        "velocity": 0.02895045280456543
                    }
                },
                {
                    "type": "Feature",
                    "geometry": {
                        "type": "Point",
                        "coordinates": [
                            49.2460735,
                            55.7938262
                        ]
                    },
                    "properties": {
                        "createdDate": 1703515501521,
                        "bearing": 0.0,
                        "velocity": 0.06458155065774918
                    }
                },
                {
                    "type": "Feature",
                    "geometry": {
                        "type": "Point",
                        "coordinates": [
                            49.2460792,
                            55.7938447
                        ]
                    },
                    "properties": {
                        "createdDate": 1703515506541,
                        "bearing": 5.252308368682861,
                        "velocity": 0.23714005947113037
                    }
                },
                {
                    "type": "Feature",
                    "geometry": {
                        "type": "Point",
                        "coordinates": [
                            49.2460717,
                            55.7938415
                        ]
                    },
                    "properties": {
                        "createdDate": 1703515511531,
                        "bearing": 0.0,
                        "velocity": 0.06941656768321991
                    }
                },
                {
                    "type": "Feature",
                    "geometry": {
                        "type": "Point",
                        "coordinates": [
                            49.246082,
                            55.7938322
                        ]
                    },
                    "properties": {
                        "createdDate": 1703515516555,
                        "bearing": 150.97732543945312,
                        "velocity": 0.12375710904598236
                    }
                },
                {
                    "type": "Feature",
                    "geometry": {
                        "type": "Point",
                        "coordinates": [
                            49.2460763,
                            55.7938316
                        ]
                    },
                    "properties": {
                        "createdDate": 1703515521562,
                        "bearing": 0.0,
                        "velocity": 0.05427156016230583
                    }
                },
                {
                    "type": "Feature",
                    "geometry": {
                        "type": "Point",
                        "coordinates": [
                            49.2460663,
                            55.7938351
                        ]
                    },
                    "properties": {
                        "createdDate": 1703515526554,
                        "bearing": 0.0,
                        "velocity": 0.08716586232185364
                    }
                },
                {
                    "type": "Feature",
                    "geometry": {
                        "type": "Point",
                        "coordinates": [
                            49.2460733,
                            55.793835
                        ]
                    },
                    "properties": {
                        "createdDate": 1703515531562,
                        "bearing": 0.0,
                        "velocity": 0.024132616817951202
                    }
                },
                {
                    "type": "Feature",
                    "geometry": {
                        "type": "Point",
                        "coordinates": [
                            49.2460674,
                            55.7938331
                        ]
                    },
                    "properties": {
                        "createdDate": 1703515536582,
                        "bearing": 0.0,
                        "velocity": 0.04237339645624161
                    }
                },
                {
                    "type": "Feature",
                    "geometry": {
                        "type": "Point",
                        "coordinates": [
                            49.2460559,
                            55.793837
                        ]
                    },
                    "properties": {
                        "createdDate": 1703515541589,
                        "bearing": 293.5076599121094,
                        "velocity": 0.11142343282699585
                    }
                },
                {
                    "type": "Feature",
                    "geometry": {
                        "type": "Point",
                        "coordinates": [
                            49.2460701,
                            55.7938283
                        ]
                    },
                    "properties": {
                        "createdDate": 1703515546595,
                        "bearing": 145.54310607910156,
                        "velocity": 0.1242690160870552
                    }
                },
                {
                    "type": "Feature",
                    "geometry": {
                        "type": "Point",
                        "coordinates": [
                            49.2460755,
                            55.7938261
                        ]
                    },
                    "properties": {
                        "createdDate": 1703515551603,
                        "bearing": 0.0,
                        "velocity": 0.09758978337049484
                    }
                },
                {
                    "type": "Feature",
                    "geometry": {
                        "type": "Point",
                        "coordinates": [
                            49.2460754,
                            55.7938328
                        ]
                    },
                    "properties": {
                        "createdDate": 1703515556609,
                        "bearing": 0.0,
                        "velocity": 0.07060376554727554
                    }
                },
                {
                    "type": "Feature",
                    "geometry": {
                        "type": "Point",
                        "coordinates": [
                            49.2460718,
                            55.7938309
                        ]
                    },
                    "properties": {
                        "createdDate": 1703515561616,
                        "bearing": 0.0,
                        "velocity": 0.018472569063305855
                    }
                },
                {
                    "type": "Feature",
                    "geometry": {
                        "type": "Point",
                        "coordinates": [
                            49.2460625,
                            55.7938311
                        ]
                    },
                    "properties": {
                        "createdDate": 1703515566625,
                        "bearing": 0.0,
                        "velocity": 0.08021903783082962
                    }
                },
                {
                    "type": "Feature",
                    "geometry": {
                        "type": "Point",
                        "coordinates": [
                            49.2460487,
                            55.7938285
                        ]
                    },
                    "properties": {
                        "createdDate": 1703515571644,
                        "bearing": 255.4097900390625,
                        "velocity": 0.14154747128486633
                    }
                },
                {
                    "type": "Feature",
                    "geometry": {
                        "type": "Point",
                        "coordinates": [
                            49.2460381,
                            55.7938271
                        ]
                    },
                    "properties": {
                        "createdDate": 1703515576638,
                        "bearing": 256.62506103515625,
                        "velocity": 0.1373642086982727
                    }
                },
                {
                    "type": "Feature",
                    "geometry": {
                        "type": "Point",
                        "coordinates": [
                            49.2460354,
                            55.7938284
                        ]
                    },
                    "properties": {
                        "createdDate": 1703515581657,
                        "bearing": 0.0,
                        "velocity": 0.07151323556900024
                    }
                },
                {
                    "type": "Feature",
                    "geometry": {
                        "type": "Point",
                        "coordinates": [
                            49.2460224,
                            55.7938223
                        ]
                    },
                    "properties": {
                        "createdDate": 1703515586650,
                        "bearing": 237.12510681152344,
                        "velocity": 0.15176071226596832
                    }
                },
                {
                    "type": "Feature",
                    "geometry": {
                        "type": "Point",
                        "coordinates": [
                            49.2460304,
                            55.793822
                        ]
                    },
                    "properties": {
                        "createdDate": 1703515591670,
                        "bearing": 0.0,
                        "velocity": 0.04193240776658058
                    }
                },
                {
                    "type": "Feature",
                    "geometry": {
                        "type": "Point",
                        "coordinates": [
                            49.246043,
                            55.7938247
                        ]
                    },
                    "properties": {
                        "createdDate": 1703515596677,
                        "bearing": 0.0,
                        "velocity": 0.07823214679956436
                    }
                },
                {
                    "type": "Feature",
                    "geometry": {
                        "type": "Point",
                        "coordinates": [
                            49.2460551,
                            55.7938257
                        ]
                    },
                    "properties": {
                        "createdDate": 1703515601684,
                        "bearing": 82.0893325805664,
                        "velocity": 0.12297631055116653
                    }
                },
                {
                    "type": "Feature",
                    "geometry": {
                        "type": "Point",
                        "coordinates": [
                            49.2460459,
                            55.7938251
                        ]
                    },
                    "properties": {
                        "createdDate": 1703515606693,
                        "bearing": 0.0,
                        "velocity": 0.025770902633666992
                    }
                },
                {
                    "type": "Feature",
                    "geometry": {
                        "type": "Point",
                        "coordinates": [
                            49.2460485,
                            55.793824
                        ]
                    },
                    "properties": {
                        "createdDate": 1703515611697,
                        "bearing": 0.0,
                        "velocity": 0.01824907772243023
                    }
                },
                {
                    "type": "Feature",
                    "geometry": {
                        "type": "Point",
                        "coordinates": [
                            49.2460492,
                            55.7938252
                        ]
                    },
                    "properties": {
                        "createdDate": 1703515616705,
                        "bearing": 0.0,
                        "velocity": 0.014090110547840595
                    }
                },
                {
                    "type": "Feature",
                    "geometry": {
                        "type": "Point",
                        "coordinates": [
                            49.2460511,
                            55.7938282
                        ]
                    },
                    "properties": {
                        "createdDate": 1703515621710,
                        "bearing": 0.0,
                        "velocity": 0.04866596311330795
                    }
                },
                {
                    "type": "Feature",
                    "geometry": {
                        "type": "Point",
                        "coordinates": [
                            49.2460601,
                            55.7938262
                        ]
                    },
                    "properties": {
                        "createdDate": 1703515626718,
                        "bearing": 0.0,
                        "velocity": 0.07731030136346817
                    }
                },
                {
                    "type": "Feature",
                    "geometry": {
                        "type": "Point",
                        "coordinates": [
                            49.2460584,
                            55.7938288
                        ]
                    },
                    "properties": {
                        "createdDate": 1703515631740,
                        "bearing": 0.0,
                        "velocity": 0.03578415885567665
                    }
                },
                {
                    "type": "Feature",
                    "geometry": {
                        "type": "Point",
                        "coordinates": [
                            49.246061,
                            55.7938274
                        ]
                    },
                    "properties": {
                        "createdDate": 1703515636748,
                        "bearing": 0.0,
                        "velocity": 0.02697363682091236
                    }
                },
                {
                    "type": "Feature",
                    "geometry": {
                        "type": "Point",
                        "coordinates": [
                            49.2460595,
                            55.7938245
                        ]
                    },
                    "properties": {
                        "createdDate": 1703515641753,
                        "bearing": 0.0,
                        "velocity": 0.04096914827823639
                    }
                },
                {
                    "type": "Feature",
                    "geometry": {
                        "type": "Point",
                        "coordinates": [
                            49.2460442,
                            55.7938235
                        ]
                    },
                    "properties": {
                        "createdDate": 1703515646760,
                        "bearing": 255.76611328125,
                        "velocity": 0.12173650413751602
                    }
                },
                {
                    "type": "Feature",
                    "geometry": {
                        "type": "Point",
                        "coordinates": [
                            49.2460474,
                            55.7938272
                        ]
                    },
                    "properties": {
                        "createdDate": 1703515651767,
                        "bearing": 0.0,
                        "velocity": 0.04419645667076111
                    }
                },
                {
                    "type": "Feature",
                    "geometry": {
                        "type": "Point",
                        "coordinates": [
                            49.246058,
                            55.7938299
                        ]
                    },
                    "properties": {
                        "createdDate": 1703515656773,
                        "bearing": 0.0,
                        "velocity": 0.08678115159273148
                    }
                },
                {
                    "type": "Feature",
                    "geometry": {
                        "type": "Point",
                        "coordinates": [
                            49.2460548,
                            55.7938279
                        ]
                    },
                    "properties": {
                        "createdDate": 1703515661781,
                        "bearing": 0.0,
                        "velocity": 0.010348901152610779
                    }
                },
                {
                    "type": "Feature",
                    "geometry": {
                        "type": "Point",
                        "coordinates": [
                            49.2460584,
                            55.793828
                        ]
                    },
                    "properties": {
                        "createdDate": 1703515666786,
                        "bearing": 0.0,
                        "velocity": 0.028204133734107018
                    }
                },
                {
                    "type": "Feature",
                    "geometry": {
                        "type": "Point",
                        "coordinates": [
                            49.2460589,
                            55.7938267
                        ]
                    },
                    "properties": {
                        "createdDate": 1703515671794,
                        "bearing": 0.0,
                        "velocity": 0.02366877906024456
                    }
                },
                {
                    "type": "Feature",
                    "geometry": {
                        "type": "Point",
                        "coordinates": [
                            49.2460414,
                            55.7938225
                        ]
                    },
                    "properties": {
                        "createdDate": 1703515676802,
                        "bearing": 243.74942016601562,
                        "velocity": 0.14518003165721893
                    }
                },
                {
                    "type": "Feature",
                    "geometry": {
                        "type": "Point",
                        "coordinates": [
                            49.2460709,
                            55.7938311
                        ]
                    },
                    "properties": {
                        "createdDate": 1703515681811,
                        "bearing": 62.342185974121094,
                        "velocity": 0.15660712122917175
                    }
                },
                {
                    "type": "Feature",
                    "geometry": {
                        "type": "Point",
                        "coordinates": [
                            49.2460765,
                            55.7938344
                        ]
                    },
                    "properties": {
                        "createdDate": 1703515686830,
                        "bearing": 53.046749114990234,
                        "velocity": 0.12083219736814499
                    }
                },
                {
                    "type": "Feature",
                    "geometry": {
                        "type": "Point",
                        "coordinates": [
                            49.2460782,
                            55.7938335
                        ]
                    },
                    "properties": {
                        "createdDate": 1703515691836,
                        "bearing": 0.0,
                        "velocity": 0.05133642628788948
                    }
                },
                {
                    "type": "Feature",
                    "geometry": {
                        "type": "Point",
                        "coordinates": [
                            49.2460698,
                            55.7938322
                        ]
                    },
                    "properties": {
                        "createdDate": 1703515696842,
                        "bearing": 0.0,
                        "velocity": 0.04817298799753189
                    }
                },
                {
                    "type": "Feature",
                    "geometry": {
                        "type": "Point",
                        "coordinates": [
                            49.2460641,
                            55.7938319
                        ]
                    },
                    "properties": {
                        "createdDate": 1703515701849,
                        "bearing": 0.0,
                        "velocity": 0.062233664095401764
                    }
                },
                {
                    "type": "Feature",
                    "geometry": {
                        "type": "Point",
                        "coordinates": [
                            49.2460469,
                            55.7938281
                        ]
                    },
                    "properties": {
                        "createdDate": 1703515706856,
                        "bearing": 250.4375762939453,
                        "velocity": 0.16609850525856018
                    }
                },
                {
                    "type": "Feature",
                    "geometry": {
                        "type": "Point",
                        "coordinates": [
                            49.2460513,
                            55.7938275
                        ]
                    },
                    "properties": {
                        "createdDate": 1703515711862,
                        "bearing": 0.0,
                        "velocity": 0.037789810448884964
                    }
                },
                {
                    "type": "Feature",
                    "geometry": {
                        "type": "Point",
                        "coordinates": [
                            49.2460401,
                            55.7938265
                        ]
                    },
                    "properties": {
                        "createdDate": 1703515716870,
                        "bearing": 0.0,
                        "velocity": 0.09787336736917496
                    }
                },
                {
                    "type": "Feature",
                    "geometry": {
                        "type": "Point",
                        "coordinates": [
                            49.2460428,
                            55.7938257
                        ]
                    },
                    "properties": {
                        "createdDate": 1703515721876,
                        "bearing": 0.0,
                        "velocity": 0.03339216113090515
                    }
                },
                {
                    "type": "Feature",
                    "geometry": {
                        "type": "Point",
                        "coordinates": [
                            49.2460653,
                            55.7938269
                        ]
                    },
                    "properties": {
                        "createdDate": 1703515726883,
                        "bearing": 87.43790435791016,
                        "velocity": 0.16087524592876434
                    }
                },
                {
                    "type": "Feature",
                    "geometry": {
                        "type": "Point",
                        "coordinates": [
                            49.2460526,
                            55.7938252
                        ]
                    },
                    "properties": {
                        "createdDate": 1703515731890,
                        "bearing": 0.0,
                        "velocity": 0.04038845747709274
                    }
                },
                {
                    "type": "Feature",
                    "geometry": {
                        "type": "Point",
                        "coordinates": [
                            49.2460591,
                            55.7938292
                        ]
                    },
                    "properties": {
                        "createdDate": 1703515736895,
                        "bearing": 0.0,
                        "velocity": 0.04686553031206131
                    }
                },
                {
                    "type": "Feature",
                    "geometry": {
                        "type": "Point",
                        "coordinates": [
                            49.2460515,
                            55.793821
                        ]
                    },
                    "properties": {
                        "createdDate": 1703515741905,
                        "bearing": 206.0641632080078,
                        "velocity": 0.1081218495965004
                    }
                },
                {
                    "type": "Feature",
                    "geometry": {
                        "type": "Point",
                        "coordinates": [
                            49.2460579,
                            55.7938252
                        ]
                    },
                    "properties": {
                        "createdDate": 1703515746912,
                        "bearing": 0.0,
                        "velocity": 0.019911080598831177
                    }
                },
                {
                    "type": "Feature",
                    "geometry": {
                        "type": "Point",
                        "coordinates": [
                            49.246067,
                            55.7938295
                        ]
                    },
                    "properties": {
                        "createdDate": 1703515751933,
                        "bearing": 0.0,
                        "velocity": 0.09915415197610855
                    }
                },
                {
                    "type": "Feature",
                    "geometry": {
                        "type": "Point",
                        "coordinates": [
                            49.2460607,
                            55.7938331
                        ]
                    },
                    "properties": {
                        "createdDate": 1703515756938,
                        "bearing": 0.0,
                        "velocity": 0.0755273625254631
                    }
                },
                {
                    "type": "Feature",
                    "geometry": {
                        "type": "Point",
                        "coordinates": [
                            49.2460681,
                            55.7938285
                        ]
                    },
                    "properties": {
                        "createdDate": 1703515761945,
                        "bearing": 0.0,
                        "velocity": 0.06193775683641434
                    }
                },
                {
                    "type": "Feature",
                    "geometry": {
                        "type": "Point",
                        "coordinates": [
                            49.2460656,
                            55.793831
                        ]
                    },
                    "properties": {
                        "createdDate": 1703515766951,
                        "bearing": 0.0,
                        "velocity": 0.02103319764137268
                    }
                },
                {
                    "type": "Feature",
                    "geometry": {
                        "type": "Point",
                        "coordinates": [
                            49.2460626,
                            55.7938302
                        ]
                    },
                    "properties": {
                        "createdDate": 1703515771958,
                        "bearing": 0.0,
                        "velocity": 0.02413829229772091
                    }
                },
                {
                    "type": "Feature",
                    "geometry": {
                        "type": "Point",
                        "coordinates": [
                            49.2460495,
                            55.7938295
                        ]
                    },
                    "properties": {
                        "createdDate": 1703515776965,
                        "bearing": 264.4757385253906,
                        "velocity": 0.11163567751646042
                    }
                },
                {
                    "type": "Feature",
                    "geometry": {
                        "type": "Point",
                        "coordinates": [
                            49.2460451,
                            55.7938288
                        ]
                    },
                    "properties": {
                        "createdDate": 1703515781972,
                        "bearing": 0.0,
                        "velocity": 0.07735911011695862
                    }
                },
                {
                    "type": "Feature",
                    "geometry": {
                        "type": "Point",
                        "coordinates": [
                            49.2460562,
                            55.7938331
                        ]
                    },
                    "properties": {
                        "createdDate": 1703515786978,
                        "bearing": 0.0,
                        "velocity": 0.08031637221574783
                    }
                },
                {
                    "type": "Feature",
                    "geometry": {
                        "type": "Point",
                        "coordinates": [
                            49.2460603,
                            55.7938306
                        ]
                    },
                    "properties": {
                        "createdDate": 1703515791985,
                        "bearing": 0.0,
                        "velocity": 0.05574536696076393
                    }
                }
            ]
        }
    },
    {
        "uuid": "47a997d8-7ddc-48b6-8d7d-6ce06b2adbf5",
        "videoId": "1703515192021",
        "filePath": "/vs_data/citysoft-dev/video/2023/12/25/5b8b176f019ea18e/1703514900141/1703515192021/1703515192021.mp4",
        "sessionId": "1703514900141",
        "deviceId": "5b8b176f019ea18e",
        "descriptions": {
            "onDevice": "VladTest",
            "onServer": "VladTest"
        },
        "numbers": {
            "onDevice": "VladTest",
            "onServer": "VladTest"
        },
        "processingStatus": "NEW",
        "operatorId": null,
        "creationDate": "2023-12-25T14:39:52.021Z",
        "processedDate": null,
        "homographyId": null,
        "mergedPartsCount": 304,
        "fps": 0,
        "size": 59272404,
        "resolution": null,
        "errorReason": null,
        "errorModule": null,
        "errorMessage": null,
        "geoJSON": {
            "type": "FeatureCollection",
            "features": [
                {
                    "type": "Feature",
                    "geometry": {
                        "type": "Point",
                        "coordinates": [
                            49.2453905,
                            55.793244
                        ]
                    },
                    "properties": {
                        "createdDate": 1703515192021,
                        "bearing": 180.0,
                        "velocity": 0.49994710087776184
                    }
                },
                {
                    "type": "Feature",
                    "geometry": {
                        "type": "Point",
                        "coordinates": [
                            49.2453437,
                            55.7932403
                        ]
                    },
                    "properties": {
                        "createdDate": 1703515193026,
                        "bearing": 180.0000762939453,
                        "velocity": 0.3459998667240143
                    }
                },
                {
                    "type": "Feature",
                    "geometry": {
                        "type": "Point",
                        "coordinates": [
                            49.2453249,
                            55.7932456
                        ]
                    },
                    "properties": {
                        "createdDate": 1703515194034,
                        "bearing": 180.0,
                        "velocity": 0.14957460761070251
                    }
                },
                {
                    "type": "Feature",
                    "geometry": {
                        "type": "Point",
                        "coordinates": [
                            49.2453175,
                            55.793253
                        ]
                    },
                    "properties": {
                        "createdDate": 1703515195027,
                        "bearing": 0.0,
                        "velocity": 0.006473859306424856
                    }
                },
                {
                    "type": "Feature",
                    "geometry": {
                        "type": "Point",
                        "coordinates": [
                            49.2453167,
                            55.7932611
                        ]
                    },
                    "properties": {
                        "createdDate": 1703515196036,
                        "bearing": 0.0,
                        "velocity": 0.09041991084814072
                    }
                },
                {
                    "type": "Feature",
                    "geometry": {
                        "type": "Point",
                        "coordinates": [
                            49.2453263,
                            55.7932709
                        ]
                    },
                    "properties": {
                        "createdDate": 1703515197029,
                        "bearing": 9.970148040494564E-10,
                        "velocity": 0.17042434215545654
                    }
                },
                {
                    "type": "Feature",
                    "geometry": {
                        "type": "Point",
                        "coordinates": [
                            49.2453382,
                            55.7932817
                        ]
                    },
                    "properties": {
                        "createdDate": 1703515198035,
                        "bearing": 9.43988665014217E-10,
                        "velocity": 0.2322547435760498
                    }
                },
                {
                    "type": "Feature",
                    "geometry": {
                        "type": "Point",
                        "coordinates": [
                            49.2453515,
                            55.7932943
                        ]
                    },
                    "properties": {
                        "createdDate": 1703515199041,
                        "bearing": 7.233344478940751E-10,
                        "velocity": 0.2922056317329407
                    }
                },
                {
                    "type": "Feature",
                    "geometry": {
                        "type": "Point",
                        "coordinates": [
                            49.2453584,
                            55.7933002
                        ]
                    },
                    "properties": {
                        "createdDate": 1703515200032,
                        "bearing": 4.680758558528453E-10,
                        "velocity": 0.251471608877182
                    }
                },
                {
                    "type": "Feature",
                    "geometry": {
                        "type": "Point",
                        "coordinates": [
                            49.2453605,
                            55.793301
                        ]
                    },
                    "properties": {
                        "createdDate": 1703515201040,
                        "bearing": 2.5317214991105175E-10,
                        "velocity": 0.16677451133728027
                    }
                },
                {
                    "type": "Feature",
                    "geometry": {
                        "type": "Point",
                        "coordinates": [
                            49.2453567,
                            55.7933006
                        ]
                    },
                    "properties": {
                        "createdDate": 1703515202048,
                        "bearing": 0.0,
                        "velocity": 0.09901370853185654
                    }
                },
                {
                    "type": "Feature",
                    "geometry": {
                        "type": "Point",
                        "coordinates": [
                            49.2453489,
                            55.7932988
                        ]
                    },
                    "properties": {
                        "createdDate": 1703515203039,
                        "bearing": 0.0,
                        "velocity": 0.04078194126486778
                    }
                },
                {
                    "type": "Feature",
                    "geometry": {
                        "type": "Point",
                        "coordinates": [
                            49.2453414,
                            55.7932968
                        ]
                    },
                    "properties": {
                        "createdDate": 1703515204047,
                        "bearing": 0.0,
                        "velocity": 0.002597046783193946
                    }
                },
                {
                    "type": "Feature",
                    "geometry": {
                        "type": "Point",
                        "coordinates": [
                            49.2453343,
                            55.7932955
                        ]
                    },
                    "properties": {
                        "createdDate": 1703515205040,
                        "bearing": 0.0,
                        "velocity": 0.014518204145133495
                    }
                },
                {
                    "type": "Feature",
                    "geometry": {
                        "type": "Point",
                        "coordinates": [
                            49.2453279,
                            55.793294
                        ]
                    },
                    "properties": {
                        "createdDate": 1703515206047,
                        "bearing": 0.0,
                        "velocity": 0.027302410453557968
                    }
                },
                {
                    "type": "Feature",
                    "geometry": {
                        "type": "Point",
                        "coordinates": [
                            49.2453189,
                            55.7932917
                        ]
                    },
                    "properties": {
                        "createdDate": 1703515207054,
                        "bearing": 0.0,
                        "velocity": 0.045010603964328766
                    }
                },
                {
                    "type": "Feature",
                    "geometry": {
                        "type": "Point",
                        "coordinates": [
                            49.2453062,
                            55.7932915
                        ]
                    },
                    "properties": {
                        "createdDate": 1703515208046,
                        "bearing": 0.0,
                        "velocity": 0.03129700571298599
                    }
                },
                {
                    "type": "Feature",
                    "geometry": {
                        "type": "Point",
                        "coordinates": [
                            49.2452913,
                            55.7932934
                        ]
                    },
                    "properties": {
                        "createdDate": 1703515209054,
                        "bearing": 0.0,
                        "velocity": 0.003029758110642433
                    }
                },
                {
                    "type": "Feature",
                    "geometry": {
                        "type": "Point",
                        "coordinates": [
                            49.2452778,
                            55.7932959
                        ]
                    },
                    "properties": {
                        "createdDate": 1703515210050,
                        "bearing": 0.0,
                        "velocity": 0.034034211188554764
                    }
                },
                {
                    "type": "Feature",
                    "geometry": {
                        "type": "Point",
                        "coordinates": [
                            49.2452648,
                            55.7932983
                        ]
                    },
                    "properties": {
                        "createdDate": 1703515211054,
                        "bearing": 0.0,
                        "velocity": 0.051329825073480606
                    }
                },
                {
                    "type": "Feature",
                    "geometry": {
                        "type": "Point",
                        "coordinates": [
                            49.245252,
                            55.793301
                        ]
                    },
                    "properties": {
                        "createdDate": 1703515212047,
                        "bearing": 0.0,
                        "velocity": 0.06749280542135239
                    }
                },
                {
                    "type": "Feature",
                    "geometry": {
                        "type": "Point",
                        "coordinates": [
                            49.2452384,
                            55.793304
                        ]
                    },
                    "properties": {
                        "createdDate": 1703515213055,
                        "bearing": 0.0,
                        "velocity": 0.08146775513887405
                    }
                },
                {
                    "type": "Feature",
                    "geometry": {
                        "type": "Point",
                        "coordinates": [
                            49.24605,
                            55.7938293
                        ]
                    },
                    "properties": {
                        "createdDate": 1703515230073,
                        "bearing": 0.0,
                        "velocity": 0.0
                    }
                },
                {
                    "type": "Feature",
                    "geometry": {
                        "type": "Point",
                        "coordinates": [
                            49.2461192,
                            55.7938534
                        ]
                    },
                    "properties": {
                        "createdDate": 1703515235096,
                        "bearing": 58.2625617980957,
                        "velocity": 0.7834421992301941
                    }
                },
                {
                    "type": "Feature",
                    "geometry": {
                        "type": "Point",
                        "coordinates": [
                            49.2460683,
                            55.793833
                        ]
                    },
                    "properties": {
                        "createdDate": 1703515240101,
                        "bearing": 231.60923767089844,
                        "velocity": 0.29727238416671753
                    }
                },
                {
                    "type": "Feature",
                    "geometry": {
                        "type": "Point",
                        "coordinates": [
                            49.246069,
                            55.7938371
                        ]
                    },
                    "properties": {
                        "createdDate": 1703515245109,
                        "bearing": 251.25416564941406,
                        "velocity": 0.10666049271821976
                    }
                },
                {
                    "type": "Feature",
                    "geometry": {
                        "type": "Point",
                        "coordinates": [
                            49.246059,
                            55.7938333
                        ]
                    },
                    "properties": {
                        "createdDate": 1703515250117,
                        "bearing": 240.31846618652344,
                        "velocity": 0.1322914958000183
                    }
                },
                {
                    "type": "Feature",
                    "geometry": {
                        "type": "Point",
                        "coordinates": [
                            49.2460514,
                            55.7938313
                        ]
                    },
                    "properties": {
                        "createdDate": 1703515255119,
                        "bearing": 243.1188201904297,
                        "velocity": 0.1141061931848526
                    }
                },
                {
                    "type": "Feature",
                    "geometry": {
                        "type": "Point",
                        "coordinates": [
                            49.2460588,
                            55.7938239
                        ]
                    },
                    "properties": {
                        "createdDate": 1703515260129,
                        "bearing": 172.3095245361328,
                        "velocity": 0.12342947721481323
                    }
                },
                {
                    "type": "Feature",
                    "geometry": {
                        "type": "Point",
                        "coordinates": [
                            49.2460541,
                            55.7938256
                        ]
                    },
                    "properties": {
                        "createdDate": 1703515265138,
                        "bearing": 0.0,
                        "velocity": 0.03743002563714981
                    }
                },
                {
                    "type": "Feature",
                    "geometry": {
                        "type": "Point",
                        "coordinates": [
                            49.2460552,
                            55.793826
                        ]
                    },
                    "properties": {
                        "createdDate": 1703515270156,
                        "bearing": 0.0,
                        "velocity": 0.0026855217292904854
                    }
                },
                {
                    "type": "Feature",
                    "geometry": {
                        "type": "Point",
                        "coordinates": [
                            49.2460525,
                            55.7938295
                        ]
                    },
                    "properties": {
                        "createdDate": 1703515275164,
                        "bearing": 0.0,
                        "velocity": 0.05309230089187622
                    }
                },
                {
                    "type": "Feature",
                    "geometry": {
                        "type": "Point",
                        "coordinates": [
                            49.2460541,
                            55.7938297
                        ]
                    },
                    "properties": {
                        "createdDate": 1703515280170,
                        "bearing": 0.0,
                        "velocity": 0.02058439329266548
                    }
                },
                {
                    "type": "Feature",
                    "geometry": {
                        "type": "Point",
                        "coordinates": [
                            49.2460395,
                            55.7938233
                        ]
                    },
                    "properties": {
                        "createdDate": 1703515285177,
                        "bearing": 234.13816833496094,
                        "velocity": 0.1365693211555481
                    }
                },
                {
                    "type": "Feature",
                    "geometry": {
                        "type": "Point",
                        "coordinates": [
                            49.2460536,
                            55.7938271
                        ]
                    },
                    "properties": {
                        "createdDate": 1703515290183,
                        "bearing": 0.0,
                        "velocity": 0.06972026079893112
                    }
                },
                {
                    "type": "Feature",
                    "geometry": {
                        "type": "Point",
                        "coordinates": [
                            49.246062,
                            55.7938245
                        ]
                    },
                    "properties": {
                        "createdDate": 1703515295191,
                        "bearing": 0.0,
                        "velocity": 0.09447275102138519
                    }
                },
                {
                    "type": "Feature",
                    "geometry": {
                        "type": "Point",
                        "coordinates": [
                            49.2460606,
                            55.793832
                        ]
                    },
                    "properties": {
                        "createdDate": 1703515300197,
                        "bearing": 0.0,
                        "velocity": 0.09565424174070358
                    }
                },
                {
                    "type": "Feature",
                    "geometry": {
                        "type": "Point",
                        "coordinates": [
                            49.2460613,
                            55.7938272
                        ]
                    },
                    "properties": {
                        "createdDate": 1703515306212,
                        "bearing": 0.0,
                        "velocity": 0.020210567861795425
                    }
                },
                {
                    "type": "Feature",
                    "geometry": {
                        "type": "Point",
                        "coordinates": [
                            49.2460581,
                            55.7938276
                        ]
                    },
                    "properties": {
                        "createdDate": 1703515311218,
                        "bearing": 0.0,
                        "velocity": 0.0188443660736084
                    }
                },
                {
                    "type": "Feature",
                    "geometry": {
                        "type": "Point",
                        "coordinates": [
                            49.2460527,
                            55.793827
                        ]
                    },
                    "properties": {
                        "createdDate": 1703515315217,
                        "bearing": 0.0,
                        "velocity": 0.04975000023841858
                    }
                },
                {
                    "type": "Feature",
                    "geometry": {
                        "type": "Point",
                        "coordinates": [
                            49.2460399,
                            55.7938253
                        ]
                    },
                    "properties": {
                        "createdDate": 1703515320223,
                        "bearing": 257.2688293457031,
                        "velocity": 0.1214752346277237
                    }
                },
                {
                    "type": "Feature",
                    "geometry": {
                        "type": "Point",
                        "coordinates": [
                            49.2460578,
                            55.7938248
                        ]
                    },
                    "properties": {
                        "createdDate": 1703515325229,
                        "bearing": 0.0,
                        "velocity": 0.06889466196298599
                    }
                },
                {
                    "type": "Feature",
                    "geometry": {
                        "type": "Point",
                        "coordinates": [
                            49.2460674,
                            55.7938303
                        ]
                    },
                    "properties": {
                        "createdDate": 1703515330253,
                        "bearing": 56.85346984863281,
                        "velocity": 0.116324283182621
                    }
                },
                {
                    "type": "Feature",
                    "geometry": {
                        "type": "Point",
                        "coordinates": [
                            49.2460623,
                            55.7938319
                        ]
                    },
                    "properties": {
                        "createdDate": 1703515335259,
                        "bearing": 0.0,
                        "velocity": 0.04605711251497269
                    }
                },
                {
                    "type": "Feature",
                    "geometry": {
                        "type": "Point",
                        "coordinates": [
                            49.2460566,
                            55.7938278
                        ]
                    },
                    "properties": {
                        "createdDate": 1703515340266,
                        "bearing": 0.0,
                        "velocity": 0.06073358282446861
                    }
                },
                {
                    "type": "Feature",
                    "geometry": {
                        "type": "Point",
                        "coordinates": [
                            49.2460608,
                            55.7938279
                        ]
                    },
                    "properties": {
                        "createdDate": 1703515345258,
                        "bearing": 0.0,
                        "velocity": 0.021015342324972153
                    }
                },
                {
                    "type": "Feature",
                    "geometry": {
                        "type": "Point",
                        "coordinates": [
                            49.2460752,
                            55.7938249
                        ]
                    },
                    "properties": {
                        "createdDate": 1703515350281,
                        "bearing": 111.8990478515625,
                        "velocity": 0.12555499374866486
                    }
                },
                {
                    "type": "Feature",
                    "geometry": {
                        "type": "Point",
                        "coordinates": [
                            49.2460618,
                            55.7938325
                        ]
                    },
                    "properties": {
                        "createdDate": 1703515355286,
                        "bearing": 325.9159851074219,
                        "velocity": 0.10481143742799759
                    }
                },
                {
                    "type": "Feature",
                    "geometry": {
                        "type": "Point",
                        "coordinates": [
                            49.2460542,
                            55.7938275
                        ]
                    },
                    "properties": {
                        "createdDate": 1703515360293,
                        "bearing": 0.0,
                        "velocity": 0.08928487449884415
                    }
                },
                {
                    "type": "Feature",
                    "geometry": {
                        "type": "Point",
                        "coordinates": [
                            49.2460558,
                            55.7938292
                        ]
                    },
                    "properties": {
                        "createdDate": 1703515365300,
                        "bearing": 0.0,
                        "velocity": 0.021207455545663834
                    }
                },
                {
                    "type": "Feature",
                    "geometry": {
                        "type": "Point",
                        "coordinates": [
                            49.2460556,
                            55.7938309
                        ]
                    },
                    "properties": {
                        "createdDate": 1703515370313,
                        "bearing": 0.0,
                        "velocity": 0.02818462811410427
                    }
                },
                {
                    "type": "Feature",
                    "geometry": {
                        "type": "Point",
                        "coordinates": [
                            49.2460593,
                            55.7938243
                        ]
                    },
                    "properties": {
                        "createdDate": 1703515376321,
                        "bearing": 0.0,
                        "velocity": 0.08391231298446655
                    }
                },
                {
                    "type": "Feature",
                    "geometry": {
                        "type": "Point",
                        "coordinates": [
                            49.2460701,
                            55.7938303
                        ]
                    },
                    "properties": {
                        "createdDate": 1703515380318,
                        "bearing": 61.867218017578125,
                        "velocity": 0.10792110115289688
                    }
                },
                {
                    "type": "Feature",
                    "geometry": {
                        "type": "Point",
                        "coordinates": [
                            49.2460702,
                            55.7938309
                        ]
                    },
                    "properties": {
                        "createdDate": 1703515385342,
                        "bearing": 0.0,
                        "velocity": 0.04433499276638031
                    }
                },
                {
                    "type": "Feature",
                    "geometry": {
                        "type": "Point",
                        "coordinates": [
                            49.2460662,
                            55.7938279
                        ]
                    },
                    "properties": {
                        "createdDate": 1703515390350,
                        "bearing": 0.0,
                        "velocity": 0.03683735057711601
                    }
                },
                {
                    "type": "Feature",
                    "geometry": {
                        "type": "Point",
                        "coordinates": [
                            49.2460662,
                            55.7938278
                        ]
                    },
                    "properties": {
                        "createdDate": 1703515395356,
                        "bearing": 0.0,
                        "velocity": 0.015495567582547665
                    }
                },
                {
                    "type": "Feature",
                    "geometry": {
                        "type": "Point",
                        "coordinates": [
                            49.2460782,
                            55.7938288
                        ]
                    },
                    "properties": {
                        "createdDate": 1703515400362,
                        "bearing": 0.0,
                        "velocity": 0.08932691812515259
                    }
                },
                {
                    "type": "Feature",
                    "geometry": {
                        "type": "Point",
                        "coordinates": [
                            49.2460686,
                            55.7938208
                        ]
                    },
                    "properties": {
                        "createdDate": 1703515405370,
                        "bearing": 200.716796875,
                        "velocity": 0.11668764054775238
                    }
                },
                {
                    "type": "Feature",
                    "geometry": {
                        "type": "Point",
                        "coordinates": [
                            49.2460586,
                            55.7938309
                        ]
                    },
                    "properties": {
                        "createdDate": 1703515411384,
                        "bearing": 310.1794128417969,
                        "velocity": 0.11222611367702484
                    }
                },
                {
                    "type": "Feature",
                    "geometry": {
                        "type": "Point",
                        "coordinates": [
                            49.2460597,
                            55.7938306
                        ]
                    },
                    "properties": {
                        "createdDate": 1703515415382,
                        "bearing": 0.0,
                        "velocity": 0.03489425405859947
                    }
                },
                {
                    "type": "Feature",
                    "geometry": {
                        "type": "Point",
                        "coordinates": [
                            49.2460619,
                            55.7938343
                        ]
                    },
                    "properties": {
                        "createdDate": 1703515421397,
                        "bearing": 0.0,
                        "velocity": 0.06104182079434395
                    }
                },
                {
                    "type": "Feature",
                    "geometry": {
                        "type": "Point",
                        "coordinates": [
                            49.2460723,
                            55.7938287
                        ]
                    },
                    "properties": {
                        "createdDate": 1703515425411,
                        "bearing": 0.0,
                        "velocity": 0.09756610542535782
                    }
                },
                {
                    "type": "Feature",
                    "geometry": {
                        "type": "Point",
                        "coordinates": [
                            49.2460691,
                            55.7938294
                        ]
                    },
                    "properties": {
                        "createdDate": 1703515430406,
                        "bearing": 0.0,
                        "velocity": 0.013536103069782257
                    }
                },
                {
                    "type": "Feature",
                    "geometry": {
                        "type": "Point",
                        "coordinates": [
                            49.2460688,
                            55.7938276
                        ]
                    },
                    "properties": {
                        "createdDate": 1703515436417,
                        "bearing": 0.0,
                        "velocity": 0.028756294399499893
                    }
                },
                {
                    "type": "Feature",
                    "geometry": {
                        "type": "Point",
                        "coordinates": [
                            49.2460804,
                            55.7938291
                        ]
                    },
                    "properties": {
                        "createdDate": 1703515441424,
                        "bearing": 0.0,
                        "velocity": 0.08921894431114197
                    }
                },
                {
                    "type": "Feature",
                    "geometry": {
                        "type": "Point",
                        "coordinates": [
                            49.2460665,
                            55.7938364
                        ]
                    },
                    "properties": {
                        "createdDate": 1703515446433,
                        "bearing": 324.220703125,
                        "velocity": 0.1320340931415558
                    }
                },
                {
                    "type": "Feature",
                    "geometry": {
                        "type": "Point",
                        "coordinates": [
                            49.2460719,
                            55.7938326
                        ]
                    },
                    "properties": {
                        "createdDate": 1703515451439,
                        "bearing": 0.0,
                        "velocity": 0.0034610603470355272
                    }
                },
                {
                    "type": "Feature",
                    "geometry": {
                        "type": "Point",
                        "coordinates": [
                            49.2460706,
                            55.7938332
                        ]
                    },
                    "properties": {
                        "createdDate": 1703515456446,
                        "bearing": 0.0,
                        "velocity": 0.009439344517886639
                    }
                },
                {
                    "type": "Feature",
                    "geometry": {
                        "type": "Point",
                        "coordinates": [
                            49.2460802,
                            55.7938301
                        ]
                    },
                    "properties": {
                        "createdDate": 1703515461453,
                        "bearing": 0.0,
                        "velocity": 0.08537568151950836
                    }
                },
                {
                    "type": "Feature",
                    "geometry": {
                        "type": "Point",
                        "coordinates": [
                            49.2460767,
                            55.7938349
                        ]
                    },
                    "properties": {
                        "createdDate": 1703515466473,
                        "bearing": 0.0,
                        "velocity": 0.05265991389751434
                    }
                },
                {
                    "type": "Feature",
                    "geometry": {
                        "type": "Point",
                        "coordinates": [
                            49.2460828,
                            55.793835
                        ]
                    },
                    "properties": {
                        "createdDate": 1703515471479,
                        "bearing": 0.0,
                        "velocity": 0.05207138881087303
                    }
                },
                {
                    "type": "Feature",
                    "geometry": {
                        "type": "Point",
                        "coordinates": [
                            49.2460716,
                            55.7938336
                        ]
                    },
                    "properties": {
                        "createdDate": 1703515476487,
                        "bearing": 0.0,
                        "velocity": 0.06846852600574493
                    }
                },
                {
                    "type": "Feature",
                    "geometry": {
                        "type": "Point",
                        "coordinates": [
                            49.2460669,
                            55.7938283
                        ]
                    },
                    "properties": {
                        "createdDate": 1703515481493,
                        "bearing": 0.0,
                        "velocity": 0.09912528842687607
                    }
                },
                {
                    "type": "Feature",
                    "geometry": {
                        "type": "Point",
                        "coordinates": [
                            49.2460739,
                            55.7938265
                        ]
                    },
                    "properties": {
                        "createdDate": 1703515486500,
                        "bearing": 0.0,
                        "velocity": 0.0623747818171978
                    }
                },
                {
                    "type": "Feature",
                    "geometry": {
                        "type": "Point",
                        "coordinates": [
                            49.2460826,
                            55.7938282
                        ]
                    },
                    "properties": {
                        "createdDate": 1703515491511,
                        "bearing": 0.0,
                        "velocity": 0.07846198976039886
                    }
                }
            ]
        }
    },
    {
        "uuid": "49883550-9c1f-4e1e-875a-5c1152e75c90",
        "videoId": "1703514908649",
        "filePath": "/vs_data/citysoft-dev/video/2023/12/25/5b8b176f019ea18e/1703514900141/1703514908649/1703514908649.mp4",
        "sessionId": "1703514900141",
        "deviceId": "5b8b176f019ea18e",
        "descriptions": {
            "onDevice": "VladTest",
            "onServer": "VladTest"
        },
        "numbers": {
            "onDevice": "VladTest",
            "onServer": "VladTest"
        },
        "processingStatus": "NEW",
        "operatorId": null,
        "creationDate": "2023-12-25T14:35:08.649Z",
        "processedDate": null,
        "homographyId": null,
        "mergedPartsCount": 203,
        "fps": 0,
        "size": 37880675,
        "resolution": null,
        "errorReason": null,
        "errorModule": null,
        "errorMessage": null,
        "geoJSON": {
            "type": "FeatureCollection",
            "features": [
                {
                    "type": "Feature",
                    "geometry": {
                        "type": "Point",
                        "coordinates": [
                            49.2460347,
                            55.7938156
                        ]
                    },
                    "properties": {
                        "createdDate": 1703514908649,
                        "bearing": 234.2604522705078,
                        "velocity": 0.17380809783935547
                    }
                },
                {
                    "type": "Feature",
                    "geometry": {
                        "type": "Point",
                        "coordinates": [
                            49.246023,
                            55.7938158
                        ]
                    },
                    "properties": {
                        "createdDate": 1703514914571,
                        "bearing": 254.82778930664062,
                        "velocity": 0.14874345064163208
                    }
                },
                {
                    "type": "Feature",
                    "geometry": {
                        "type": "Point",
                        "coordinates": [
                            49.2460582,
                            55.7938277
                        ]
                    },
                    "properties": {
                        "createdDate": 1703514919583,
                        "bearing": 54.20270538330078,
                        "velocity": 0.22366513311862946
                    }
                },
                {
                    "type": "Feature",
                    "geometry": {
                        "type": "Point",
                        "coordinates": [
                            49.2460585,
                            55.7938299
                        ]
                    },
                    "properties": {
                        "createdDate": 1703514924603,
                        "bearing": 41.55644607543945,
                        "velocity": 0.10399293154478073
                    }
                },
                {
                    "type": "Feature",
                    "geometry": {
                        "type": "Point",
                        "coordinates": [
                            49.246071,
                            55.7938285
                        ]
                    },
                    "properties": {
                        "createdDate": 1703514929607,
                        "bearing": 85.43085479736328,
                        "velocity": 0.12330109626054764
                    }
                },
                {
                    "type": "Feature",
                    "geometry": {
                        "type": "Point",
                        "coordinates": [
                            49.2460638,
                            55.7938302
                        ]
                    },
                    "properties": {
                        "createdDate": 1703514934615,
                        "bearing": 0.0,
                        "velocity": 0.029562976211309433
                    }
                },
                {
                    "type": "Feature",
                    "geometry": {
                        "type": "Point",
                        "coordinates": [
                            49.2460652,
                            55.7938305
                        ]
                    },
                    "properties": {
                        "createdDate": 1703514939623,
                        "bearing": 0.0,
                        "velocity": 0.016282273456454277
                    }
                },
                {
                    "type": "Feature",
                    "geometry": {
                        "type": "Point",
                        "coordinates": [
                            49.2460608,
                            55.7938288
                        ]
                    },
                    "properties": {
                        "createdDate": 1703514944629,
                        "bearing": 0.0,
                        "velocity": 0.036715924739837646
                    }
                },
                {
                    "type": "Feature",
                    "geometry": {
                        "type": "Point",
                        "coordinates": [
                            49.2460454,
                            55.7938232
                        ]
                    },
                    "properties": {
                        "createdDate": 1703514949637,
                        "bearing": 237.13331604003906,
                        "velocity": 0.15513451397418976
                    }
                },
                {
                    "type": "Feature",
                    "geometry": {
                        "type": "Point",
                        "coordinates": [
                            49.2460574,
                            55.7938311
                        ]
                    },
                    "properties": {
                        "createdDate": 1703514954643,
                        "bearing": 0.0,
                        "velocity": 0.059309110045433044
                    }
                },
                {
                    "type": "Feature",
                    "geometry": {
                        "type": "Point",
                        "coordinates": [
                            49.2460585,
                            55.7938323
                        ]
                    },
                    "properties": {
                        "createdDate": 1703514959649,
                        "bearing": 0.0,
                        "velocity": 0.04161496087908745
                    }
                },
                {
                    "type": "Feature",
                    "geometry": {
                        "type": "Point",
                        "coordinates": [
                            49.2460608,
                            55.7938315
                        ]
                    },
                    "properties": {
                        "createdDate": 1703514964656,
                        "bearing": 0.0,
                        "velocity": 0.024053357541561127
                    }
                },
                {
                    "type": "Feature",
                    "geometry": {
                        "type": "Point",
                        "coordinates": [
                            49.2460529,
                            55.7938287
                        ]
                    },
                    "properties": {
                        "createdDate": 1703514969679,
                        "bearing": 0.0,
                        "velocity": 0.06493782252073288
                    }
                },
                {
                    "type": "Feature",
                    "geometry": {
                        "type": "Point",
                        "coordinates": [
                            49.2460532,
                            55.7938313
                        ]
                    },
                    "properties": {
                        "createdDate": 1703514974669,
                        "bearing": 0.0,
                        "velocity": 0.027126988396048546
                    }
                },
                {
                    "type": "Feature",
                    "geometry": {
                        "type": "Point",
                        "coordinates": [
                            49.2460496,
                            55.7938277
                        ]
                    },
                    "properties": {
                        "createdDate": 1703514979692,
                        "bearing": 0.0,
                        "velocity": 0.055123575031757355
                    }
                },
                {
                    "type": "Feature",
                    "geometry": {
                        "type": "Point",
                        "coordinates": [
                            49.2460571,
                            55.7938283
                        ]
                    },
                    "properties": {
                        "createdDate": 1703514984698,
                        "bearing": 0.0,
                        "velocity": 0.04565718024969101
                    }
                },
                {
                    "type": "Feature",
                    "geometry": {
                        "type": "Point",
                        "coordinates": [
                            49.2460431,
                            55.7938223
                        ]
                    },
                    "properties": {
                        "createdDate": 1703514989703,
                        "bearing": 227.35780334472656,
                        "velocity": 0.1251966506242752
                    }
                },
                {
                    "type": "Feature",
                    "geometry": {
                        "type": "Point",
                        "coordinates": [
                            49.2460513,
                            55.7938268
                        ]
                    },
                    "properties": {
                        "createdDate": 1703514994711,
                        "bearing": 0.0,
                        "velocity": 0.02134549804031849
                    }
                },
                {
                    "type": "Feature",
                    "geometry": {
                        "type": "Point",
                        "coordinates": [
                            49.2460497,
                            55.7938265
                        ]
                    },
                    "properties": {
                        "createdDate": 1703514999718,
                        "bearing": 0.0,
                        "velocity": 0.0072407531552016735
                    }
                },
                {
                    "type": "Feature",
                    "geometry": {
                        "type": "Point",
                        "coordinates": [
                            49.24604,
                            55.7938232
                        ]
                    },
                    "properties": {
                        "createdDate": 1703515004726,
                        "bearing": 0.0,
                        "velocity": 0.09101081639528275
                    }
                },
                {
                    "type": "Feature",
                    "geometry": {
                        "type": "Point",
                        "coordinates": [
                            49.2460343,
                            55.7938181
                        ]
                    },
                    "properties": {
                        "createdDate": 1703515009733,
                        "bearing": 222.2281951904297,
                        "velocity": 0.1109100952744484
                    }
                },
                {
                    "type": "Feature",
                    "geometry": {
                        "type": "Point",
                        "coordinates": [
                            49.2460518,
                            55.7938272
                        ]
                    },
                    "properties": {
                        "createdDate": 1703515014739,
                        "bearing": 49.52742004394531,
                        "velocity": 0.10380832850933075
                    }
                },
                {
                    "type": "Feature",
                    "geometry": {
                        "type": "Point",
                        "coordinates": [
                            49.246056,
                            55.7938285
                        ]
                    },
                    "properties": {
                        "createdDate": 1703515018754,
                        "bearing": 0.0,
                        "velocity": 0.07661604136228561
                    }
                },
                {
                    "type": "Feature",
                    "geometry": {
                        "type": "Point",
                        "coordinates": [
                            49.2460592,
                            55.7938269
                        ]
                    },
                    "properties": {
                        "createdDate": 1703515024752,
                        "bearing": 0.0,
                        "velocity": 0.04816200211644173
                    }
                },
                {
                    "type": "Feature",
                    "geometry": {
                        "type": "Point",
                        "coordinates": [
                            49.2460609,
                            55.7938311
                        ]
                    },
                    "properties": {
                        "createdDate": 1703515029761,
                        "bearing": 0.0,
                        "velocity": 0.06357062608003616
                    }
                },
                {
                    "type": "Feature",
                    "geometry": {
                        "type": "Point",
                        "coordinates": [
                            49.2460605,
                            55.7938293
                        ]
                    },
                    "properties": {
                        "createdDate": 1703515034781,
                        "bearing": 0.0,
                        "velocity": 0.00903957337141037
                    }
                },
                {
                    "type": "Feature",
                    "geometry": {
                        "type": "Point",
                        "coordinates": [
                            49.2460485,
                            55.7938261
                        ]
                    },
                    "properties": {
                        "createdDate": 1703515039787,
                        "bearing": 242.99383544921875,
                        "velocity": 0.10123009979724884
                    }
                },
                {
                    "type": "Feature",
                    "geometry": {
                        "type": "Point",
                        "coordinates": [
                            49.2460506,
                            55.793827
                        ]
                    },
                    "properties": {
                        "createdDate": 1703515044795,
                        "bearing": 0.0,
                        "velocity": 0.01929955743253231
                    }
                },
                {
                    "type": "Feature",
                    "geometry": {
                        "type": "Point",
                        "coordinates": [
                            49.2460509,
                            55.7938261
                        ]
                    },
                    "properties": {
                        "createdDate": 1703515049782,
                        "bearing": 0.0,
                        "velocity": 0.01493817288428545
                    }
                },
                {
                    "type": "Feature",
                    "geometry": {
                        "type": "Point",
                        "coordinates": [
                            49.24605,
                            55.793828
                        ]
                    },
                    "properties": {
                        "createdDate": 1703515054808,
                        "bearing": 0.0,
                        "velocity": 0.02267010137438774
                    }
                },
                {
                    "type": "Feature",
                    "geometry": {
                        "type": "Point",
                        "coordinates": [
                            49.2460444,
                            55.793825
                        ]
                    },
                    "properties": {
                        "createdDate": 1703515059814,
                        "bearing": 0.0,
                        "velocity": 0.05692519620060921
                    }
                },
                {
                    "type": "Feature",
                    "geometry": {
                        "type": "Point",
                        "coordinates": [
                            49.2460396,
                            55.793822
                        ]
                    },
                    "properties": {
                        "createdDate": 1703515064821,
                        "bearing": 0.0,
                        "velocity": 0.0775306299328804
                    }
                },
                {
                    "type": "Feature",
                    "geometry": {
                        "type": "Point",
                        "coordinates": [
                            49.2459843,
                            55.7938131
                        ]
                    },
                    "properties": {
                        "createdDate": 1703515066821,
                        "bearing": 180.0006103515625,
                        "velocity": 0.1122584342956543
                    }
                },
                {
                    "type": "Feature",
                    "geometry": {
                        "type": "Point",
                        "coordinates": [
                            49.2459721,
                            55.7938129
                        ]
                    },
                    "properties": {
                        "createdDate": 1703515067829,
                        "bearing": 0.0,
                        "velocity": 0.06781605631113052
                    }
                },
                {
                    "type": "Feature",
                    "geometry": {
                        "type": "Point",
                        "coordinates": [
                            49.2459637,
                            55.7938137
                        ]
                    },
                    "properties": {
                        "createdDate": 1703515068819,
                        "bearing": 0.0,
                        "velocity": 0.029933586716651917
                    }
                },
                {
                    "type": "Feature",
                    "geometry": {
                        "type": "Point",
                        "coordinates": [
                            49.2459636,
                            55.7938135
                        ]
                    },
                    "properties": {
                        "createdDate": 1703515069829,
                        "bearing": 0.0,
                        "velocity": 0.029638921841979027
                    }
                },
                {
                    "type": "Feature",
                    "geometry": {
                        "type": "Point",
                        "coordinates": [
                            49.2459479,
                            55.7938162
                        ]
                    },
                    "properties": {
                        "createdDate": 1703515070835,
                        "bearing": 0.0,
                        "velocity": 0.025190945714712143
                    }
                },
                {
                    "type": "Feature",
                    "geometry": {
                        "type": "Point",
                        "coordinates": [
                            49.2459345,
                            55.7938173
                        ]
                    },
                    "properties": {
                        "createdDate": 1703515071829,
                        "bearing": 0.0,
                        "velocity": 0.031749263405799866
                    }
                },
                {
                    "type": "Feature",
                    "geometry": {
                        "type": "Point",
                        "coordinates": [
                            49.2459206,
                            55.7938186
                        ]
                    },
                    "properties": {
                        "createdDate": 1703515072838,
                        "bearing": 0.0,
                        "velocity": 0.039423633366823196
                    }
                },
                {
                    "type": "Feature",
                    "geometry": {
                        "type": "Point",
                        "coordinates": [
                            49.2459054,
                            55.7938194
                        ]
                    },
                    "properties": {
                        "createdDate": 1703515073842,
                        "bearing": 0.0,
                        "velocity": 0.03509906306862831
                    }
                },
                {
                    "type": "Feature",
                    "geometry": {
                        "type": "Point",
                        "coordinates": [
                            49.2458917,
                            55.7938183
                        ]
                    },
                    "properties": {
                        "createdDate": 1703515074837,
                        "bearing": 0.0,
                        "velocity": 0.00752260023728013
                    }
                },
                {
                    "type": "Feature",
                    "geometry": {
                        "type": "Point",
                        "coordinates": [
                            49.2458795,
                            55.793814
                        ]
                    },
                    "properties": {
                        "createdDate": 1703515075841,
                        "bearing": 0.0,
                        "velocity": 0.05470842495560646
                    }
                },
                {
                    "type": "Feature",
                    "geometry": {
                        "type": "Point",
                        "coordinates": [
                            49.2457952,
                            55.7938042
                        ]
                    },
                    "properties": {
                        "createdDate": 1703515076836,
                        "bearing": 180.0,
                        "velocity": 0.16930486261844635
                    }
                },
                {
                    "type": "Feature",
                    "geometry": {
                        "type": "Point",
                        "coordinates": [
                            49.2457297,
                            55.7937962
                        ]
                    },
                    "properties": {
                        "createdDate": 1703515077843,
                        "bearing": 180.0,
                        "velocity": 0.2175493687391281
                    }
                },
                {
                    "type": "Feature",
                    "geometry": {
                        "type": "Point",
                        "coordinates": [
                            49.2456755,
                            55.7937899
                        ]
                    },
                    "properties": {
                        "createdDate": 1703515078849,
                        "bearing": 180.0,
                        "velocity": 0.2236909419298172
                    }
                },
                {
                    "type": "Feature",
                    "geometry": {
                        "type": "Point",
                        "coordinates": [
                            49.2456293,
                            55.7937842
                        ]
                    },
                    "properties": {
                        "createdDate": 1703515079838,
                        "bearing": 180.0,
                        "velocity": 0.22408410906791687
                    }
                },
                {
                    "type": "Feature",
                    "geometry": {
                        "type": "Point",
                        "coordinates": [
                            49.2455889,
                            55.7937789
                        ]
                    },
                    "properties": {
                        "createdDate": 1703515080848,
                        "bearing": 180.0,
                        "velocity": 0.2196715921163559
                    }
                },
                {
                    "type": "Feature",
                    "geometry": {
                        "type": "Point",
                        "coordinates": [
                            49.2455531,
                            55.7937737
                        ]
                    },
                    "properties": {
                        "createdDate": 1703515081846,
                        "bearing": 180.0,
                        "velocity": 0.21385756134986877
                    }
                },
                {
                    "type": "Feature",
                    "geometry": {
                        "type": "Point",
                        "coordinates": [
                            49.2455206,
                            55.7937694
                        ]
                    },
                    "properties": {
                        "createdDate": 1703515082849,
                        "bearing": 180.0,
                        "velocity": 0.19846156239509583
                    }
                },
                {
                    "type": "Feature",
                    "geometry": {
                        "type": "Point",
                        "coordinates": [
                            49.2454893,
                            55.7937648
                        ]
                    },
                    "properties": {
                        "createdDate": 1703515083856,
                        "bearing": 180.0,
                        "velocity": 0.19446004927158356
                    }
                },
                {
                    "type": "Feature",
                    "geometry": {
                        "type": "Point",
                        "coordinates": [
                            49.2454625,
                            55.7937567
                        ]
                    },
                    "properties": {
                        "createdDate": 1703515084848,
                        "bearing": 180.0,
                        "velocity": 0.23861320316791534
                    }
                },
                {
                    "type": "Feature",
                    "geometry": {
                        "type": "Point",
                        "coordinates": [
                            49.24544,
                            55.7937469
                        ]
                    },
                    "properties": {
                        "createdDate": 1703515085855,
                        "bearing": 180.0,
                        "velocity": 0.28916114568710327
                    }
                },
                {
                    "type": "Feature",
                    "geometry": {
                        "type": "Point",
                        "coordinates": [
                            49.2454398,
                            55.7937441
                        ]
                    },
                    "properties": {
                        "createdDate": 1703515086862,
                        "bearing": 180.0,
                        "velocity": 0.2911711633205414
                    }
                },
                {
                    "type": "Feature",
                    "geometry": {
                        "type": "Point",
                        "coordinates": [
                            49.2454043,
                            55.793724
                        ]
                    },
                    "properties": {
                        "createdDate": 1703515087855,
                        "bearing": 180.00001525878906,
                        "velocity": 0.4638999104499817
                    }
                },
                {
                    "type": "Feature",
                    "geometry": {
                        "type": "Point",
                        "coordinates": [
                            49.2453742,
                            55.7937102
                        ]
                    },
                    "properties": {
                        "createdDate": 1703515088863,
                        "bearing": 180.0,
                        "velocity": 0.47364938259124756
                    }
                },
                {
                    "type": "Feature",
                    "geometry": {
                        "type": "Point",
                        "coordinates": [
                            49.2453445,
                            55.7936979
                        ]
                    },
                    "properties": {
                        "createdDate": 1703515089859,
                        "bearing": 180.0,
                        "velocity": 0.46206924319267273
                    }
                },
                {
                    "type": "Feature",
                    "geometry": {
                        "type": "Point",
                        "coordinates": [
                            49.2453148,
                            55.7936867
                        ]
                    },
                    "properties": {
                        "createdDate": 1703515090863,
                        "bearing": 180.0,
                        "velocity": 0.439822256565094
                    }
                },
                {
                    "type": "Feature",
                    "geometry": {
                        "type": "Point",
                        "coordinates": [
                            49.2452875,
                            55.7936783
                        ]
                    },
                    "properties": {
                        "createdDate": 1703515091869,
                        "bearing": 180.0,
                        "velocity": 0.39138826727867126
                    }
                },
                {
                    "type": "Feature",
                    "geometry": {
                        "type": "Point",
                        "coordinates": [
                            49.2452599,
                            55.7936695
                        ]
                    },
                    "properties": {
                        "createdDate": 1703515092863,
                        "bearing": 180.0,
                        "velocity": 0.35849839448928833
                    }
                },
                {
                    "type": "Feature",
                    "geometry": {
                        "type": "Point",
                        "coordinates": [
                            49.2452333,
                            55.793659
                        ]
                    },
                    "properties": {
                        "createdDate": 1703515093869,
                        "bearing": 180.0,
                        "velocity": 0.3593257665634155
                    }
                },
                {
                    "type": "Feature",
                    "geometry": {
                        "type": "Point",
                        "coordinates": [
                            49.2452076,
                            55.7936481
                        ]
                    },
                    "properties": {
                        "createdDate": 1703515094865,
                        "bearing": 180.0,
                        "velocity": 0.36363568902015686
                    }
                },
                {
                    "type": "Feature",
                    "geometry": {
                        "type": "Point",
                        "coordinates": [
                            49.2451875,
                            55.7936355
                        ]
                    },
                    "properties": {
                        "createdDate": 1703515095871,
                        "bearing": 180.0,
                        "velocity": 0.38726261258125305
                    }
                },
                {
                    "type": "Feature",
                    "geometry": {
                        "type": "Point",
                        "coordinates": [
                            49.2451767,
                            55.7936218
                        ]
                    },
                    "properties": {
                        "createdDate": 1703515096876,
                        "bearing": 180.0,
                        "velocity": 0.4276655316352844
                    }
                },
                {
                    "type": "Feature",
                    "geometry": {
                        "type": "Point",
                        "coordinates": [
                            49.2451767,
                            55.7936078
                        ]
                    },
                    "properties": {
                        "createdDate": 1703515097871,
                        "bearing": 180.0,
                        "velocity": 0.4601241946220398
                    }
                },
                {
                    "type": "Feature",
                    "geometry": {
                        "type": "Point",
                        "coordinates": [
                            49.245183,
                            55.7935937
                        ]
                    },
                    "properties": {
                        "createdDate": 1703515098876,
                        "bearing": 180.0,
                        "velocity": 0.4785259962081909
                    }
                },
                {
                    "type": "Feature",
                    "geometry": {
                        "type": "Point",
                        "coordinates": [
                            49.2451937,
                            55.7935805
                        ]
                    },
                    "properties": {
                        "createdDate": 1703515099884,
                        "bearing": 180.0,
                        "velocity": 0.4787828326225281
                    }
                },
                {
                    "type": "Feature",
                    "geometry": {
                        "type": "Point",
                        "coordinates": [
                            49.2452035,
                            55.7935681
                        ]
                    },
                    "properties": {
                        "createdDate": 1703515100880,
                        "bearing": 180.0,
                        "velocity": 0.46903884410858154
                    }
                },
                {
                    "type": "Feature",
                    "geometry": {
                        "type": "Point",
                        "coordinates": [
                            49.2452097,
                            55.7935553
                        ]
                    },
                    "properties": {
                        "createdDate": 1703515101883,
                        "bearing": 180.0,
                        "velocity": 0.46675413846969604
                    }
                },
                {
                    "type": "Feature",
                    "geometry": {
                        "type": "Point",
                        "coordinates": [
                            49.2452156,
                            55.7935428
                        ]
                    },
                    "properties": {
                        "createdDate": 1703515102878,
                        "bearing": 180.0,
                        "velocity": 0.45932406187057495
                    }
                },
                {
                    "type": "Feature",
                    "geometry": {
                        "type": "Point",
                        "coordinates": [
                            49.2452206,
                            55.7935296
                        ]
                    },
                    "properties": {
                        "createdDate": 1703515103881,
                        "bearing": 180.0,
                        "velocity": 0.4654710292816162
                    }
                },
                {
                    "type": "Feature",
                    "geometry": {
                        "type": "Point",
                        "coordinates": [
                            49.2452235,
                            55.7935169
                        ]
                    },
                    "properties": {
                        "createdDate": 1703515104890,
                        "bearing": 180.0,
                        "velocity": 0.46144744753837585
                    }
                },
                {
                    "type": "Feature",
                    "geometry": {
                        "type": "Point",
                        "coordinates": [
                            49.2452265,
                            55.7935041
                        ]
                    },
                    "properties": {
                        "createdDate": 1703515105885,
                        "bearing": 180.0,
                        "velocity": 0.46033596992492676
                    }
                },
                {
                    "type": "Feature",
                    "geometry": {
                        "type": "Point",
                        "coordinates": [
                            49.2452265,
                            55.7934999
                        ]
                    },
                    "properties": {
                        "createdDate": 1703515106892,
                        "bearing": 180.0,
                        "velocity": 0.4626205563545227
                    }
                },
                {
                    "type": "Feature",
                    "geometry": {
                        "type": "Point",
                        "coordinates": [
                            49.2452228,
                            55.7934765
                        ]
                    },
                    "properties": {
                        "createdDate": 1703515107897,
                        "bearing": 180.0,
                        "velocity": 0.6006645560264587
                    }
                },
                {
                    "type": "Feature",
                    "geometry": {
                        "type": "Point",
                        "coordinates": [
                            49.2452186,
                            55.7934583
                        ]
                    },
                    "properties": {
                        "createdDate": 1703515108891,
                        "bearing": 180.0,
                        "velocity": 0.6132141351699829
                    }
                },
                {
                    "type": "Feature",
                    "geometry": {
                        "type": "Point",
                        "coordinates": [
                            49.245218,
                            55.7934467
                        ]
                    },
                    "properties": {
                        "createdDate": 1703515109894,
                        "bearing": 180.0,
                        "velocity": 0.538519024848938
                    }
                }
            ]
        }
    },
    {
        "uuid": "d873e1a3-15cb-4112-97b2-4f5122d7ab00",
        "videoId": "1703514078325",
        "filePath": "/vs_data/citysoft-dev/video/2023/12/25/5b8b176f019ea18e/1703513788320/1703514078325/1703514078325.mp4",
        "sessionId": "1703513788320",
        "deviceId": "5b8b176f019ea18e",
        "descriptions": {
            "onDevice": "VladTest",
            "onServer": "VladTest"
        },
        "numbers": {
            "onDevice": "VladTest",
            "onServer": "VladTest"
        },
        "processingStatus": "NEW",
        "operatorId": null,
        "creationDate": "2023-12-25T14:21:18.325Z",
        "processedDate": null,
        "homographyId": null,
        "mergedPartsCount": 300,
        "fps": 0,
        "size": 43822269,
        "resolution": null,
        "errorReason": null,
        "errorModule": null,
        "errorMessage": null,
        "geoJSON": {
            "type": "FeatureCollection",
            "features": [
                {
                    "type": "Feature",
                    "geometry": {
                        "type": "Point",
                        "coordinates": [
                            49.2460556,
                            55.7938309
                        ]
                    },
                    "properties": {
                        "createdDate": 1703514078325,
                        "bearing": 0.0,
                        "velocity": 0.05683985352516174
                    }
                },
                {
                    "type": "Feature",
                    "geometry": {
                        "type": "Point",
                        "coordinates": [
                            49.2460768,
                            55.7938307
                        ]
                    },
                    "properties": {
                        "createdDate": 1703514083330,
                        "bearing": 87.38630676269531,
                        "velocity": 0.18186891078948975
                    }
                },
                {
                    "type": "Feature",
                    "geometry": {
                        "type": "Point",
                        "coordinates": [
                            49.2460653,
                            55.7938282
                        ]
                    },
                    "properties": {
                        "createdDate": 1703514088337,
                        "bearing": 0.0,
                        "velocity": 0.03513328358530998
                    }
                },
                {
                    "type": "Feature",
                    "geometry": {
                        "type": "Point",
                        "coordinates": [
                            49.2460559,
                            55.7938275
                        ]
                    },
                    "properties": {
                        "createdDate": 1703514093345,
                        "bearing": 0.0,
                        "velocity": 0.08159585297107697
                    }
                },
                {
                    "type": "Feature",
                    "geometry": {
                        "type": "Point",
                        "coordinates": [
                            49.2460615,
                            55.7938274
                        ]
                    },
                    "properties": {
                        "createdDate": 1703514098351,
                        "bearing": 0.0,
                        "velocity": 0.015487916767597198
                    }
                },
                {
                    "type": "Feature",
                    "geometry": {
                        "type": "Point",
                        "coordinates": [
                            49.2460374,
                            55.7938232
                        ]
                    },
                    "properties": {
                        "createdDate": 1703514103373,
                        "bearing": 251.49717712402344,
                        "velocity": 0.19326409697532654
                    }
                },
                {
                    "type": "Feature",
                    "geometry": {
                        "type": "Point",
                        "coordinates": [
                            49.2460465,
                            55.7938262
                        ]
                    },
                    "properties": {
                        "createdDate": 1703514108380,
                        "bearing": 0.0,
                        "velocity": 0.061212148517370224
                    }
                },
                {
                    "type": "Feature",
                    "geometry": {
                        "type": "Point",
                        "coordinates": [
                            49.2460305,
                            55.7938191
                        ]
                    },
                    "properties": {
                        "createdDate": 1703514113386,
                        "bearing": 235.6508331298828,
                        "velocity": 0.12795548141002655
                    }
                },
                {
                    "type": "Feature",
                    "geometry": {
                        "type": "Point",
                        "coordinates": [
                            49.2460519,
                            55.7938283
                        ]
                    },
                    "properties": {
                        "createdDate": 1703514118377,
                        "bearing": 51.2636833190918,
                        "velocity": 0.1266699880361557
                    }
                },
                {
                    "type": "Feature",
                    "geometry": {
                        "type": "Point",
                        "coordinates": [
                            49.2460533,
                            55.7938312
                        ]
                    },
                    "properties": {
                        "createdDate": 1703514123399,
                        "bearing": 0.0,
                        "velocity": 0.08504639565944672
                    }
                },
                {
                    "type": "Feature",
                    "geometry": {
                        "type": "Point",
                        "coordinates": [
                            49.2460524,
                            55.793831
                        ]
                    },
                    "properties": {
                        "createdDate": 1703514128406,
                        "bearing": 0.0,
                        "velocity": 0.024325454607605934
                    }
                },
                {
                    "type": "Feature",
                    "geometry": {
                        "type": "Point",
                        "coordinates": [
                            49.2460619,
                            55.7938358
                        ]
                    },
                    "properties": {
                        "createdDate": 1703514133414,
                        "bearing": 45.87345886230469,
                        "velocity": 0.10849805176258087
                    }
                },
                {
                    "type": "Feature",
                    "geometry": {
                        "type": "Point",
                        "coordinates": [
                            49.2460785,
                            55.7938421
                        ]
                    },
                    "properties": {
                        "createdDate": 1703514138419,
                        "bearing": 53.95903396606445,
                        "velocity": 0.1981985867023468
                    }
                },
                {
                    "type": "Feature",
                    "geometry": {
                        "type": "Point",
                        "coordinates": [
                            49.246058,
                            55.7938319
                        ]
                    },
                    "properties": {
                        "createdDate": 1703514143427,
                        "bearing": 225.78968811035156,
                        "velocity": 0.13880367577075958
                    }
                },
                {
                    "type": "Feature",
                    "geometry": {
                        "type": "Point",
                        "coordinates": [
                            49.2460511,
                            55.7938302
                        ]
                    },
                    "properties": {
                        "createdDate": 1703514148434,
                        "bearing": 236.3453369140625,
                        "velocity": 0.10997037589550018
                    }
                },
                {
                    "type": "Feature",
                    "geometry": {
                        "type": "Point",
                        "coordinates": [
                            49.2460357,
                            55.7938233
                        ]
                    },
                    "properties": {
                        "createdDate": 1703514153438,
                        "bearing": 232.43319702148438,
                        "velocity": 0.19443365931510925
                    }
                },
                {
                    "type": "Feature",
                    "geometry": {
                        "type": "Point",
                        "coordinates": [
                            49.2460504,
                            55.7938299
                        ]
                    },
                    "properties": {
                        "createdDate": 1703514158445,
                        "bearing": 0.0,
                        "velocity": 0.040474120527505875
                    }
                },
                {
                    "type": "Feature",
                    "geometry": {
                        "type": "Point",
                        "coordinates": [
                            49.2460537,
                            55.7938312
                        ]
                    },
                    "properties": {
                        "createdDate": 1703514163468,
                        "bearing": 0.0,
                        "velocity": 0.0463804192841053
                    }
                },
                {
                    "type": "Feature",
                    "geometry": {
                        "type": "Point",
                        "coordinates": [
                            49.2460564,
                            55.7938316
                        ]
                    },
                    "properties": {
                        "createdDate": 1703514168457,
                        "bearing": 0.0,
                        "velocity": 0.038401152938604355
                    }
                },
                {
                    "type": "Feature",
                    "geometry": {
                        "type": "Point",
                        "coordinates": [
                            49.2460425,
                            55.7938254
                        ]
                    },
                    "properties": {
                        "createdDate": 1703514173482,
                        "bearing": 229.73385620117188,
                        "velocity": 0.12310373038053513
                    }
                },
                {
                    "type": "Feature",
                    "geometry": {
                        "type": "Point",
                        "coordinates": [
                            49.2460603,
                            55.7938293
                        ]
                    },
                    "properties": {
                        "createdDate": 1703514178489,
                        "bearing": 0.0,
                        "velocity": 0.07833821326494217
                    }
                },
                {
                    "type": "Feature",
                    "geometry": {
                        "type": "Point",
                        "coordinates": [
                            49.2460584,
                            55.7938324
                        ]
                    },
                    "properties": {
                        "createdDate": 1703514183495,
                        "bearing": 0.0,
                        "velocity": 0.04872727021574974
                    }
                },
                {
                    "type": "Feature",
                    "geometry": {
                        "type": "Point",
                        "coordinates": [
                            49.2460429,
                            55.7938251
                        ]
                    },
                    "properties": {
                        "createdDate": 1703514188502,
                        "bearing": 234.19970703125,
                        "velocity": 0.14365249872207642
                    }
                },
                {
                    "type": "Feature",
                    "geometry": {
                        "type": "Point",
                        "coordinates": [
                            49.2460556,
                            55.7938328
                        ]
                    },
                    "properties": {
                        "createdDate": 1703514193509,
                        "bearing": 0.0,
                        "velocity": 0.06486216932535172
                    }
                },
                {
                    "type": "Feature",
                    "geometry": {
                        "type": "Point",
                        "coordinates": [
                            49.2460537,
                            55.7938329
                        ]
                    },
                    "properties": {
                        "createdDate": 1703514198520,
                        "bearing": 0.0,
                        "velocity": 0.021582497283816338
                    }
                },
                {
                    "type": "Feature",
                    "geometry": {
                        "type": "Point",
                        "coordinates": [
                            49.2460574,
                            55.7938299
                        ]
                    },
                    "properties": {
                        "createdDate": 1703514203522,
                        "bearing": 0.0,
                        "velocity": 0.04443228244781494
                    }
                },
                {
                    "type": "Feature",
                    "geometry": {
                        "type": "Point",
                        "coordinates": [
                            49.246055,
                            55.7938353
                        ]
                    },
                    "properties": {
                        "createdDate": 1703514208538,
                        "bearing": 0.0,
                        "velocity": 0.06276264041662216
                    }
                },
                {
                    "type": "Feature",
                    "geometry": {
                        "type": "Point",
                        "coordinates": [
                            49.246041,
                            55.7938253
                        ]
                    },
                    "properties": {
                        "createdDate": 1703514213534,
                        "bearing": 223.79307556152344,
                        "velocity": 0.16657674312591553
                    }
                },
                {
                    "type": "Feature",
                    "geometry": {
                        "type": "Point",
                        "coordinates": [
                            49.2460325,
                            55.7938211
                        ]
                    },
                    "properties": {
                        "createdDate": 1703514218545,
                        "bearing": 226.3634033203125,
                        "velocity": 0.1515597552061081
                    }
                },
                {
                    "type": "Feature",
                    "geometry": {
                        "type": "Point",
                        "coordinates": [
                            49.2460227,
                            55.7938169
                        ]
                    },
                    "properties": {
                        "createdDate": 1703514223548,
                        "bearing": 229.6940155029297,
                        "velocity": 0.15227118134498596
                    }
                },
                {
                    "type": "Feature",
                    "geometry": {
                        "type": "Point",
                        "coordinates": [
                            49.2460216,
                            55.793813
                        ]
                    },
                    "properties": {
                        "createdDate": 1703514228559,
                        "bearing": 213.85638427734375,
                        "velocity": 0.11129056662321091
                    }
                },
                {
                    "type": "Feature",
                    "geometry": {
                        "type": "Point",
                        "coordinates": [
                            49.2460483,
                            55.7938256
                        ]
                    },
                    "properties": {
                        "createdDate": 1703514233577,
                        "bearing": 54.748390197753906,
                        "velocity": 0.17845633625984192
                    }
                },
                {
                    "type": "Feature",
                    "geometry": {
                        "type": "Point",
                        "coordinates": [
                            49.2460487,
                            55.7938299
                        ]
                    },
                    "properties": {
                        "createdDate": 1703514238584,
                        "bearing": 30.827224731445312,
                        "velocity": 0.11476937681436539
                    }
                },
                {
                    "type": "Feature",
                    "geometry": {
                        "type": "Point",
                        "coordinates": [
                            49.2460708,
                            55.7938336
                        ]
                    },
                    "properties": {
                        "createdDate": 1703514243592,
                        "bearing": 65.64775085449219,
                        "velocity": 0.21413548290729523
                    }
                },
                {
                    "type": "Feature",
                    "geometry": {
                        "type": "Point",
                        "coordinates": [
                            49.2460478,
                            55.7938314
                        ]
                    },
                    "properties": {
                        "createdDate": 1703514248598,
                        "bearing": 271.5620422363281,
                        "velocity": 0.10206114500761032
                    }
                },
                {
                    "type": "Feature",
                    "geometry": {
                        "type": "Point",
                        "coordinates": [
                            49.2460452,
                            55.793829
                        ]
                    },
                    "properties": {
                        "createdDate": 1703514253605,
                        "bearing": 0.0,
                        "velocity": 0.06734489649534225
                    }
                },
                {
                    "type": "Feature",
                    "geometry": {
                        "type": "Point",
                        "coordinates": [
                            49.2460307,
                            55.7938222
                        ]
                    },
                    "properties": {
                        "createdDate": 1703514258614,
                        "bearing": 231.69053649902344,
                        "velocity": 0.17286448180675507
                    }
                },
                {
                    "type": "Feature",
                    "geometry": {
                        "type": "Point",
                        "coordinates": [
                            49.2460338,
                            55.7938265
                        ]
                    },
                    "properties": {
                        "createdDate": 1703514263620,
                        "bearing": 0.0,
                        "velocity": 0.04057588428258896
                    }
                },
                {
                    "type": "Feature",
                    "geometry": {
                        "type": "Point",
                        "coordinates": [
                            49.2460474,
                            55.7938281
                        ]
                    },
                    "properties": {
                        "createdDate": 1703514268631,
                        "bearing": 0.0,
                        "velocity": 0.09463411569595337
                    }
                },
                {
                    "type": "Feature",
                    "geometry": {
                        "type": "Point",
                        "coordinates": [
                            49.2460463,
                            55.7938293
                        ]
                    },
                    "properties": {
                        "createdDate": 1703514273628,
                        "bearing": 0.0,
                        "velocity": 0.036578062921762466
                    }
                },
                {
                    "type": "Feature",
                    "geometry": {
                        "type": "Point",
                        "coordinates": [
                            49.2460525,
                            55.7938299
                        ]
                    },
                    "properties": {
                        "createdDate": 1703514278640,
                        "bearing": 0.0,
                        "velocity": 0.06021387130022049
                    }
                },
                {
                    "type": "Feature",
                    "geometry": {
                        "type": "Point",
                        "coordinates": [
                            49.2460428,
                            55.793828
                        ]
                    },
                    "properties": {
                        "createdDate": 1703514283644,
                        "bearing": 0.0,
                        "velocity": 0.057362280786037445
                    }
                },
                {
                    "type": "Feature",
                    "geometry": {
                        "type": "Point",
                        "coordinates": [
                            49.246042,
                            55.7938261
                        ]
                    },
                    "properties": {
                        "createdDate": 1703514288667,
                        "bearing": 0.0,
                        "velocity": 0.04228532686829567
                    }
                },
                {
                    "type": "Feature",
                    "geometry": {
                        "type": "Point",
                        "coordinates": [
                            49.2460398,
                            55.7938237
                        ]
                    },
                    "properties": {
                        "createdDate": 1703514293674,
                        "bearing": 0.0,
                        "velocity": 0.05283338949084282
                    }
                },
                {
                    "type": "Feature",
                    "geometry": {
                        "type": "Point",
                        "coordinates": [
                            49.2460345,
                            55.7938264
                        ]
                    },
                    "properties": {
                        "createdDate": 1703514298681,
                        "bearing": 0.0,
                        "velocity": 0.05491216480731964
                    }
                },
                {
                    "type": "Feature",
                    "geometry": {
                        "type": "Point",
                        "coordinates": [
                            49.2460493,
                            55.7938276
                        ]
                    },
                    "properties": {
                        "createdDate": 1703514303688,
                        "bearing": 0.0,
                        "velocity": 0.09694647789001465
                    }
                },
                {
                    "type": "Feature",
                    "geometry": {
                        "type": "Point",
                        "coordinates": [
                            49.2460385,
                            55.7938298
                        ]
                    },
                    "properties": {
                        "createdDate": 1703514308696,
                        "bearing": 0.0,
                        "velocity": 0.060550007969141006
                    }
                },
                {
                    "type": "Feature",
                    "geometry": {
                        "type": "Point",
                        "coordinates": [
                            49.2460391,
                            55.793831
                        ]
                    },
                    "properties": {
                        "createdDate": 1703514313701,
                        "bearing": 0.0,
                        "velocity": 0.0331013947725296
                    }
                },
                {
                    "type": "Feature",
                    "geometry": {
                        "type": "Point",
                        "coordinates": [
                            49.246044,
                            55.7938328
                        ]
                    },
                    "properties": {
                        "createdDate": 1703514318709,
                        "bearing": 0.0,
                        "velocity": 0.049781136214733124
                    }
                },
                {
                    "type": "Feature",
                    "geometry": {
                        "type": "Point",
                        "coordinates": [
                            49.2460592,
                            55.7938315
                        ]
                    },
                    "properties": {
                        "createdDate": 1703514323714,
                        "bearing": 91.54182434082031,
                        "velocity": 0.1268588751554489
                    }
                },
                {
                    "type": "Feature",
                    "geometry": {
                        "type": "Point",
                        "coordinates": [
                            49.246047,
                            55.7938318
                        ]
                    },
                    "properties": {
                        "createdDate": 1703514328735,
                        "bearing": 0.0,
                        "velocity": 0.047214098274707794
                    }
                },
                {
                    "type": "Feature",
                    "geometry": {
                        "type": "Point",
                        "coordinates": [
                            49.2460485,
                            55.79383
                        ]
                    },
                    "properties": {
                        "createdDate": 1703514333728,
                        "bearing": 0.0,
                        "velocity": 0.023987066000699997
                    }
                },
                {
                    "type": "Feature",
                    "geometry": {
                        "type": "Point",
                        "coordinates": [
                            49.2460506,
                            55.7938268
                        ]
                    },
                    "properties": {
                        "createdDate": 1703514338751,
                        "bearing": 0.0,
                        "velocity": 0.056162431836128235
                    }
                },
                {
                    "type": "Feature",
                    "geometry": {
                        "type": "Point",
                        "coordinates": [
                            49.2460469,
                            55.7938254
                        ]
                    },
                    "properties": {
                        "createdDate": 1703514343757,
                        "bearing": 0.0,
                        "velocity": 0.046244487166404724
                    }
                },
                {
                    "type": "Feature",
                    "geometry": {
                        "type": "Point",
                        "coordinates": [
                            49.246052,
                            55.7938286
                        ]
                    },
                    "properties": {
                        "createdDate": 1703514348762,
                        "bearing": 0.0,
                        "velocity": 0.04248925298452377
                    }
                },
                {
                    "type": "Feature",
                    "geometry": {
                        "type": "Point",
                        "coordinates": [
                            49.2460499,
                            55.7938282
                        ]
                    },
                    "properties": {
                        "createdDate": 1703514353770,
                        "bearing": 0.0,
                        "velocity": 0.007322727236896753
                    }
                },
                {
                    "type": "Feature",
                    "geometry": {
                        "type": "Point",
                        "coordinates": [
                            49.2460373,
                            55.7938266
                        ]
                    },
                    "properties": {
                        "createdDate": 1703514358775,
                        "bearing": 258.5700988769531,
                        "velocity": 0.10515400022268295
                    }
                },
                {
                    "type": "Feature",
                    "geometry": {
                        "type": "Point",
                        "coordinates": [
                            49.2460643,
                            55.7938262
                        ]
                    },
                    "properties": {
                        "createdDate": 1703514363782,
                        "bearing": 93.98745727539062,
                        "velocity": 0.17891283333301544
                    }
                },
                {
                    "type": "Feature",
                    "geometry": {
                        "type": "Point",
                        "coordinates": [
                            49.2460435,
                            55.7938283
                        ]
                    },
                    "properties": {
                        "createdDate": 1703514368793,
                        "bearing": 0.0,
                        "velocity": 0.09629077464342117
                    }
                },
                {
                    "type": "Feature",
                    "geometry": {
                        "type": "Point",
                        "coordinates": [
                            49.246042,
                            55.7938307
                        ]
                    },
                    "properties": {
                        "createdDate": 1703514373796,
                        "bearing": 0.0,
                        "velocity": 0.0634261965751648
                    }
                }
            ]
        }
    }
]
HTTP/1.1 200 
Server: nginx
Date: Mon, 25 Dec 2023 17:13:43 GMT
Content-Type: application/json
Transfer-Encoding: chunked
Connection: keep-alive
Vary: Origin
Vary: Access-Control-Request-Method
Vary: Access-Control-Request-Headers
Strict-Transport-Security: max-age=15768000; includeSubDomains; preload;
X-Content-Type-Options: nosniff
X-Frame-Options: SAMEORIGIN
X-XSS-Protection: 1; mode=block
X-Robots-Tag: none
X-Download-Options: noopen
X-Permitted-Cross-Domain-Policies: none
Content-Encoding: gzip

[
    {
        "uuid": "dca08ba4-4cd9-452d-b970-0d34e7dd37cc",
        "videoId": "1703518222663",
        "filePath": "/vs_data/citysoft-dev/video/2023/12/25/5b8b176f019ea18e/1703517330494/1703518222663/1703518222663.mp4",
        "sessionId": "1703517330494",
        "deviceId": "5b8b176f019ea18e",
        "descriptions": {
            "onDevice": "VladTest",
            "onServer": "VladTest"
        },
        "numbers": {
            "onDevice": "VladTest",
            "onServer": "VladTest"
        },
        "processingStatus": "CORRUPTED",
        "operatorId": 1,
        "creationDate": "2023-12-25T15:30:22.663Z",
        "processedDate": "2023-12-25T17:00:55.032Z",
        "homographyId": null,
        "mergedPartsCount": 298,
        "fps": 0,
        "size": 22083271,
        "resolution": null,
        "errorReason": null,
        "errorModule": null,
        "errorMessage": null,
        "geoJSON": {
            "type": "FeatureCollection",
            "features": [
                {
                    "type": "Feature",
                    "geometry": {
                        "type": "Point",
                        "coordinates": [
                            49.2460768,
                            55.7937654
                        ]
                    },
                    "properties": {
                        "createdDate": 1703518222663,
                        "bearing": 8.009675979614258,
                        "velocity": 1.5237579345703125
                    }
                },
                {
                    "type": "Feature",
                    "geometry": {
                        "type": "Point",
                        "coordinates": [
                            49.2460875,
                            55.7937664
                        ]
                    },
                    "properties": {
                        "createdDate": 1703518227687,
                        "bearing": 15.544713973999023,
                        "velocity": 0.6066791415214539
                    }
                },
                {
                    "type": "Feature",
                    "geometry": {
                        "type": "Point",
                        "coordinates": [
                            49.2460922,
                            55.7937681
                        ]
                    },
                    "properties": {
                        "createdDate": 1703518232678,
                        "bearing": 21.54412841796875,
                        "velocity": 0.2695994973182678
                    }
                },
                {
                    "type": "Feature",
                    "geometry": {
                        "type": "Point",
                        "coordinates": [
                            49.2460932,
                            55.7937536
                        ]
                    },
                    "properties": {
                        "createdDate": 1703518237663,
                        "bearing": 0.0,
                        "velocity": 0.07170948386192322
                    }
                },
                {
                    "type": "Feature",
                    "geometry": {
                        "type": "Point",
                        "coordinates": [
                            49.2460913,
                            55.793747
                        ]
                    },
                    "properties": {
                        "createdDate": 1703518242669,
                        "bearing": 173.68568420410156,
                        "velocity": 0.10246352851390839
                    }
                },
                {
                    "type": "Feature",
                    "geometry": {
                        "type": "Point",
                        "coordinates": [
                            49.2461008,
                            55.7937586
                        ]
                    },
                    "properties": {
                        "createdDate": 1703518247660,
                        "bearing": 35.372684478759766,
                        "velocity": 0.12293567508459091
                    }
                },
                {
                    "type": "Feature",
                    "geometry": {
                        "type": "Point",
                        "coordinates": [
                            49.2460336,
                            55.7937341
                        ]
                    },
                    "properties": {
                        "createdDate": 1703518252666,
                        "bearing": 240.21194458007812,
                        "velocity": 0.4297782778739929
                    }
                },
                {
                    "type": "Feature",
                    "geometry": {
                        "type": "Point",
                        "coordinates": [
                            49.2464806,
                            55.7939017
                        ]
                    },
                    "properties": {
                        "createdDate": 1703518257673,
                        "bearing": 56.264549255371094,
                        "velocity": 5.6056623458862305
                    }
                },
                {
                    "type": "Feature",
                    "geometry": {
                        "type": "Point",
                        "coordinates": [
                            49.2460679,
                            55.7938278
                        ]
                    },
                    "properties": {
                        "createdDate": 1703518262663,
                        "bearing": 256.1566467285156,
                        "velocity": 3.540994167327881
                    }
                },
                {
                    "type": "Feature",
                    "geometry": {
                        "type": "Point",
                        "coordinates": [
                            49.2460679,
                            55.7937912
                        ]
                    },
                    "properties": {
                        "createdDate": 1703518264661,
                        "bearing": 209.87806701660156,
                        "velocity": 2.5167667865753174
                    }
                },
                {
                    "type": "Feature",
                    "geometry": {
                        "type": "Point",
                        "coordinates": [
                            49.2460772,
                            55.7937803
                        ]
                    },
                    "properties": {
                        "createdDate": 1703518265669,
                        "bearing": 193.1800079345703,
                        "velocity": 1.5955955982208252
                    }
                },
                {
                    "type": "Feature",
                    "geometry": {
                        "type": "Point",
                        "coordinates": [
                            49.2460654,
                            55.7937937
                        ]
                    },
                    "properties": {
                        "createdDate": 1703518266660,
                        "bearing": 260.1146545410156,
                        "velocity": 0.4951695203781128
                    }
                },
                {
                    "type": "Feature",
                    "geometry": {
                        "type": "Point",
                        "coordinates": [
                            49.2460486,
                            55.7937985
                        ]
                    },
                    "properties": {
                        "createdDate": 1703518270681,
                        "bearing": 283.0601501464844,
                        "velocity": 0.28936687111854553
                    }
                },
                {
                    "type": "Feature",
                    "geometry": {
                        "type": "Point",
                        "coordinates": [
                            49.2460501,
                            55.793798
                        ]
                    },
                    "properties": {
                        "createdDate": 1703518272676,
                        "bearing": 281.5151062011719,
                        "velocity": 0.20205867290496826
                    }
                },
                {
                    "type": "Feature",
                    "geometry": {
                        "type": "Point",
                        "coordinates": [
                            49.2460432,
                            55.793799
                        ]
                    },
                    "properties": {
                        "createdDate": 1703518273665,
                        "bearing": 282.2598876953125,
                        "velocity": 0.2208535224199295
                    }
                },
                {
                    "type": "Feature",
                    "geometry": {
                        "type": "Point",
                        "coordinates": [
                            49.2460406,
                            55.7937987
                        ]
                    },
                    "properties": {
                        "createdDate": 1703518275665,
                        "bearing": 278.04669189453125,
                        "velocity": 0.18087756633758545
                    }
                },
                {
                    "type": "Feature",
                    "geometry": {
                        "type": "Point",
                        "coordinates": [
                            49.2460347,
                            55.793803
                        ]
                    },
                    "properties": {
                        "createdDate": 1703518277682,
                        "bearing": 299.45562744140625,
                        "velocity": 0.21085943281650543
                    }
                },
                {
                    "type": "Feature",
                    "geometry": {
                        "type": "Point",
                        "coordinates": [
                            49.2460295,
                            55.7938069
                        ]
                    },
                    "properties": {
                        "createdDate": 1703518280672,
                        "bearing": 309.9014892578125,
                        "velocity": 0.18645605444908142
                    }
                },
                {
                    "type": "Feature",
                    "geometry": {
                        "type": "Point",
                        "coordinates": [
                            49.2460275,
                            55.7938117
                        ]
                    },
                    "properties": {
                        "createdDate": 1703518282673,
                        "bearing": 324.7928771972656,
                        "velocity": 0.21133072674274445
                    }
                },
                {
                    "type": "Feature",
                    "geometry": {
                        "type": "Point",
                        "coordinates": [
                            49.2460258,
                            55.7938127
                        ]
                    },
                    "properties": {
                        "createdDate": 1703518283678,
                        "bearing": 323.49981689453125,
                        "velocity": 0.1903470903635025
                    }
                },
                {
                    "type": "Feature",
                    "geometry": {
                        "type": "Point",
                        "coordinates": [
                            49.2460262,
                            55.7938111
                        ]
                    },
                    "properties": {
                        "createdDate": 1703518285677,
                        "bearing": 314.2458801269531,
                        "velocity": 0.10195310413837433
                    }
                },
                {
                    "type": "Feature",
                    "geometry": {
                        "type": "Point",
                        "coordinates": [
                            49.2460281,
                            55.7938081
                        ]
                    },
                    "properties": {
                        "createdDate": 1703518286685,
                        "bearing": 0.0,
                        "velocity": 0.03356069326400757
                    }
                },
                {
                    "type": "Feature",
                    "geometry": {
                        "type": "Point",
                        "coordinates": [
                            49.2460304,
                            55.7938045
                        ]
                    },
                    "properties": {
                        "createdDate": 1703518288687,
                        "bearing": 0.0,
                        "velocity": 0.0912705808877945
                    }
                },
                {
                    "type": "Feature",
                    "geometry": {
                        "type": "Point",
                        "coordinates": [
                            49.2460331,
                            55.7938006
                        ]
                    },
                    "properties": {
                        "createdDate": 1703518289694,
                        "bearing": 165.53887939453125,
                        "velocity": 0.16118863224983215
                    }
                },
                {
                    "type": "Feature",
                    "geometry": {
                        "type": "Point",
                        "coordinates": [
                            49.2460349,
                            55.7937984
                        ]
                    },
                    "properties": {
                        "createdDate": 1703518290702,
                        "bearing": 162.0603485107422,
                        "velocity": 0.17739157378673553
                    }
                },
                {
                    "type": "Feature",
                    "geometry": {
                        "type": "Point",
                        "coordinates": [
                            49.2460381,
                            55.7937974
                        ]
                    },
                    "properties": {
                        "createdDate": 1703518291691,
                        "bearing": 150.97213745117188,
                        "velocity": 0.15770423412322998
                    }
                },
                {
                    "type": "Feature",
                    "geometry": {
                        "type": "Point",
                        "coordinates": [
                            49.2460419,
                            55.7937958
                        ]
                    },
                    "properties": {
                        "createdDate": 1703518293691,
                        "bearing": 143.049072265625,
                        "velocity": 0.18006712198257446
                    }
                },
                {
                    "type": "Feature",
                    "geometry": {
                        "type": "Point",
                        "coordinates": [
                            49.2460464,
                            55.7937934
                        ]
                    },
                    "properties": {
                        "createdDate": 1703518294699,
                        "bearing": 139.4827423095703,
                        "velocity": 0.21977566182613373
                    }
                },
                {
                    "type": "Feature",
                    "geometry": {
                        "type": "Point",
                        "coordinates": [
                            49.2460502,
                            55.7937902
                        ]
                    },
                    "properties": {
                        "createdDate": 1703518295708,
                        "bearing": 141.6785888671875,
                        "velocity": 0.2655404210090637
                    }
                },
                {
                    "type": "Feature",
                    "geometry": {
                        "type": "Point",
                        "coordinates": [
                            49.2460544,
                            55.7937926
                        ]
                    },
                    "properties": {
                        "createdDate": 1703518297707,
                        "bearing": 114.18772888183594,
                        "velocity": 0.1583123803138733
                    }
                },
                {
                    "type": "Feature",
                    "geometry": {
                        "type": "Point",
                        "coordinates": [
                            49.2460553,
                            55.793799
                        ]
                    },
                    "properties": {
                        "createdDate": 1703518298697,
                        "bearing": 53.754817962646484,
                        "velocity": 0.1521141231060028
                    }
                },
                {
                    "type": "Feature",
                    "geometry": {
                        "type": "Point",
                        "coordinates": [
                            49.2460531,
                            55.7938037
                        ]
                    },
                    "properties": {
                        "createdDate": 1703518299706,
                        "bearing": 19.6738224029541,
                        "velocity": 0.18594565987586975
                    }
                },
                {
                    "type": "Feature",
                    "geometry": {
                        "type": "Point",
                        "coordinates": [
                            49.2460474,
                            55.7938083
                        ]
                    },
                    "properties": {
                        "createdDate": 1703518300714,
                        "bearing": 351.8588562011719,
                        "velocity": 0.24971002340316772
                    }
                },
                {
                    "type": "Feature",
                    "geometry": {
                        "type": "Point",
                        "coordinates": [
                            49.2460304,
                            55.7938197
                        ]
                    },
                    "properties": {
                        "createdDate": 1703518305720,
                        "bearing": 328.3346252441406,
                        "velocity": 0.29923221468925476
                    }
                },
                {
                    "type": "Feature",
                    "geometry": {
                        "type": "Point",
                        "coordinates": [
                            49.2460261,
                            55.7938232
                        ]
                    },
                    "properties": {
                        "createdDate": 1703518308711,
                        "bearing": 327.37994384765625,
                        "velocity": 0.23365946114063263
                    }
                },
                {
                    "type": "Feature",
                    "geometry": {
                        "type": "Point",
                        "coordinates": [
                            49.2460258,
                            55.7938232
                        ]
                    },
                    "properties": {
                        "createdDate": 1703518309719,
                        "bearing": 326.2429504394531,
                        "velocity": 0.2042107880115509
                    }
                },
                {
                    "type": "Feature",
                    "geometry": {
                        "type": "Point",
                        "coordinates": [
                            49.2460243,
                            55.7938234
                        ]
                    },
                    "properties": {
                        "createdDate": 1703518310728,
                        "bearing": 322.43829345703125,
                        "velocity": 0.1708776354789734
                    }
                },
                {
                    "type": "Feature",
                    "geometry": {
                        "type": "Point",
                        "coordinates": [
                            49.2460234,
                            55.7938242
                        ]
                    },
                    "properties": {
                        "createdDate": 1703518311738,
                        "bearing": 322.9154052734375,
                        "velocity": 0.15259453654289246
                    }
                },
                {
                    "type": "Feature",
                    "geometry": {
                        "type": "Point",
                        "coordinates": [
                            49.2460234,
                            55.793826
                        ]
                    },
                    "properties": {
                        "createdDate": 1703518312744,
                        "bearing": 333.6366271972656,
                        "velocity": 0.15300072729587555
                    }
                },
                {
                    "type": "Feature",
                    "geometry": {
                        "type": "Point",
                        "coordinates": [
                            49.2460243,
                            55.7938281
                        ]
                    },
                    "properties": {
                        "createdDate": 1703518313744,
                        "bearing": 345.9977722167969,
                        "velocity": 0.17905095219612122
                    }
                },
                {
                    "type": "Feature",
                    "geometry": {
                        "type": "Point",
                        "coordinates": [
                            49.2460261,
                            55.793832
                        ]
                    },
                    "properties": {
                        "createdDate": 1703518314746,
                        "bearing": 358.2995300292969,
                        "velocity": 0.23341451585292816
                    }
                },
                {
                    "type": "Feature",
                    "geometry": {
                        "type": "Point",
                        "coordinates": [
                            49.2460292,
                            55.7938368
                        ]
                    },
                    "properties": {
                        "createdDate": 1703518315738,
                        "bearing": 7.509226322174072,
                        "velocity": 0.27838966250419617
                    }
                },
                {
                    "type": "Feature",
                    "geometry": {
                        "type": "Point",
                        "coordinates": [
                            49.246046,
                            55.7938403
                        ]
                    },
                    "properties": {
                        "createdDate": 1703518316743,
                        "bearing": 39.4787712097168,
                        "velocity": 0.36156854033470154
                    }
                },
                {
                    "type": "Feature",
                    "geometry": {
                        "type": "Point",
                        "coordinates": [
                            49.2460576,
                            55.7938394
                        ]
                    },
                    "properties": {
                        "createdDate": 1703518320744,
                        "bearing": 62.01357650756836,
                        "velocity": 0.23846958577632904
                    }
                },
                {
                    "type": "Feature",
                    "geometry": {
                        "type": "Point",
                        "coordinates": [
                            49.2460656,
                            55.7938351
                        ]
                    },
                    "properties": {
                        "createdDate": 1703518325766,
                        "bearing": 87.30220794677734,
                        "velocity": 0.15456067025661469
                    }
                },
                {
                    "type": "Feature",
                    "geometry": {
                        "type": "Point",
                        "coordinates": [
                            49.2460635,
                            55.7938313
                        ]
                    },
                    "properties": {
                        "createdDate": 1703518332773,
                        "bearing": 0.0,
                        "velocity": 0.060148436576128006
                    }
                },
                {
                    "type": "Feature",
                    "geometry": {
                        "type": "Point",
                        "coordinates": [
                            49.2460608,
                            55.7938278
                        ]
                    },
                    "properties": {
                        "createdDate": 1703518335780,
                        "bearing": 203.39634704589844,
                        "velocity": 0.1265150010585785
                    }
                },
                {
                    "type": "Feature",
                    "geometry": {
                        "type": "Point",
                        "coordinates": [
                            49.2460478,
                            55.7938278
                        ]
                    },
                    "properties": {
                        "createdDate": 1703518340787,
                        "bearing": 266.05950927734375,
                        "velocity": 0.15156441926956177
                    }
                },
                {
                    "type": "Feature",
                    "geometry": {
                        "type": "Point",
                        "coordinates": [
                            49.2460506,
                            55.7938293
                        ]
                    },
                    "properties": {
                        "createdDate": 1703518345792,
                        "bearing": 0.0,
                        "velocity": 0.03644691780209541
                    }
                },
                {
                    "type": "Feature",
                    "geometry": {
                        "type": "Point",
                        "coordinates": [
                            49.2460457,
                            55.7938268
                        ]
                    },
                    "properties": {
                        "createdDate": 1703518350797,
                        "bearing": 0.0,
                        "velocity": 0.07342123985290527
                    }
                },
                {
                    "type": "Feature",
                    "geometry": {
                        "type": "Point",
                        "coordinates": [
                            49.2460444,
                            55.7938263
                        ]
                    },
                    "properties": {
                        "createdDate": 1703518355804,
                        "bearing": 0.0,
                        "velocity": 0.02419358678162098
                    }
                },
                {
                    "type": "Feature",
                    "geometry": {
                        "type": "Point",
                        "coordinates": [
                            49.246051,
                            55.7938268
                        ]
                    },
                    "properties": {
                        "createdDate": 1703518360810,
                        "bearing": 0.0,
                        "velocity": 0.07553211599588394
                    }
                },
                {
                    "type": "Feature",
                    "geometry": {
                        "type": "Point",
                        "coordinates": [
                            49.2460863,
                            55.7938292
                        ]
                    },
                    "properties": {
                        "createdDate": 1703518365804,
                        "bearing": 82.86801147460938,
                        "velocity": 0.40884512662887573
                    }
                },
                {
                    "type": "Feature",
                    "geometry": {
                        "type": "Point",
                        "coordinates": [
                            49.2460791,
                            55.7938283
                        ]
                    },
                    "properties": {
                        "createdDate": 1703518370811,
                        "bearing": 0.0,
                        "velocity": 0.05529734864830971
                    }
                },
                {
                    "type": "Feature",
                    "geometry": {
                        "type": "Point",
                        "coordinates": [
                            49.2460452,
                            55.7938259
                        ]
                    },
                    "properties": {
                        "createdDate": 1703518375829,
                        "bearing": 262.8329772949219,
                        "velocity": 0.3906266391277313
                    }
                },
                {
                    "type": "Feature",
                    "geometry": {
                        "type": "Point",
                        "coordinates": [
                            49.2460723,
                            55.7938316
                        ]
                    },
                    "properties": {
                        "createdDate": 1703518380839,
                        "bearing": 68.50923156738281,
                        "velocity": 0.3085423409938812
                    }
                },
                {
                    "type": "Feature",
                    "geometry": {
                        "type": "Point",
                        "coordinates": [
                            49.2460473,
                            55.7938248
                        ]
                    },
                    "properties": {
                        "createdDate": 1703518385842,
                        "bearing": 244.01516723632812,
                        "velocity": 0.2939596176147461
                    }
                },
                {
                    "type": "Feature",
                    "geometry": {
                        "type": "Point",
                        "coordinates": [
                            49.246073,
                            55.7938331
                        ]
                    },
                    "properties": {
                        "createdDate": 1703518392848,
                        "bearing": 59.84147644042969,
                        "velocity": 0.2437974363565445
                    }
                },
                {
                    "type": "Feature",
                    "geometry": {
                        "type": "Point",
                        "coordinates": [
                            49.2460696,
                            55.7938325
                        ]
                    },
                    "properties": {
                        "createdDate": 1703518395856,
                        "bearing": 0.0,
                        "velocity": 0.03832840546965599
                    }
                },
                {
                    "type": "Feature",
                    "geometry": {
                        "type": "Point",
                        "coordinates": [
                            49.2460443,
                            55.7938257
                        ]
                    },
                    "properties": {
                        "createdDate": 1703518400862,
                        "bearing": 244.4982452392578,
                        "velocity": 0.3193436563014984
                    }
                },
                {
                    "type": "Feature",
                    "geometry": {
                        "type": "Point",
                        "coordinates": [
                            49.2460592,
                            55.7938331
                        ]
                    },
                    "properties": {
                        "createdDate": 1703518405868,
                        "bearing": 46.019744873046875,
                        "velocity": 0.20069894194602966
                    }
                },
                {
                    "type": "Feature",
                    "geometry": {
                        "type": "Point",
                        "coordinates": [
                            49.2460455,
                            55.7938292
                        ]
                    },
                    "properties": {
                        "createdDate": 1703518410878,
                        "bearing": 244.29251098632812,
                        "velocity": 0.16431376338005066
                    }
                },
                {
                    "type": "Feature",
                    "geometry": {
                        "type": "Point",
                        "coordinates": [
                            49.2460552,
                            55.7938357
                        ]
                    },
                    "properties": {
                        "createdDate": 1703518415900,
                        "bearing": 38.002811431884766,
                        "velocity": 0.1631731390953064
                    }
                },
                {
                    "type": "Feature",
                    "geometry": {
                        "type": "Point",
                        "coordinates": [
                            49.2460498,
                            55.7938318
                        ]
                    },
                    "properties": {
                        "createdDate": 1703518420906,
                        "bearing": 0.0,
                        "velocity": 0.0891440138220787
                    }
                },
                {
                    "type": "Feature",
                    "geometry": {
                        "type": "Point",
                        "coordinates": [
                            49.2460561,
                            55.7938295
                        ]
                    },
                    "properties": {
                        "createdDate": 1703518425916,
                        "bearing": 0.0,
                        "velocity": 0.08648109436035156
                    }
                },
                {
                    "type": "Feature",
                    "geometry": {
                        "type": "Point",
                        "coordinates": [
                            49.2460517,
                            55.7938295
                        ]
                    },
                    "properties": {
                        "createdDate": 1703518430919,
                        "bearing": 0.0,
                        "velocity": 0.045632679015398026
                    }
                },
                {
                    "type": "Feature",
                    "geometry": {
                        "type": "Point",
                        "coordinates": [
                            49.2460481,
                            55.7938283
                        ]
                    },
                    "properties": {
                        "createdDate": 1703518435929,
                        "bearing": 0.0,
                        "velocity": 0.05100123956799507
                    }
                },
                {
                    "type": "Feature",
                    "geometry": {
                        "type": "Point",
                        "coordinates": [
                            49.246054,
                            55.7938325
                        ]
                    },
                    "properties": {
                        "createdDate": 1703518440931,
                        "bearing": 37.49431228637695,
                        "velocity": 0.10654355585575104
                    }
                },
                {
                    "type": "Feature",
                    "geometry": {
                        "type": "Point",
                        "coordinates": [
                            49.2460485,
                            55.7938285
                        ]
                    },
                    "properties": {
                        "createdDate": 1703518446947,
                        "bearing": 0.0,
                        "velocity": 0.09466544538736343
                    }
                },
                {
                    "type": "Feature",
                    "geometry": {
                        "type": "Point",
                        "coordinates": [
                            49.2460564,
                            55.7938267
                        ]
                    },
                    "properties": {
                        "createdDate": 1703518452962,
                        "bearing": 0.0,
                        "velocity": 0.0735321193933487
                    }
                },
                {
                    "type": "Feature",
                    "geometry": {
                        "type": "Point",
                        "coordinates": [
                            49.2460376,
                            55.7938212
                        ]
                    },
                    "properties": {
                        "createdDate": 1703518455952,
                        "bearing": 241.5950469970703,
                        "velocity": 0.37108153104782104
                    }
                },
                {
                    "type": "Feature",
                    "geometry": {
                        "type": "Point",
                        "coordinates": [
                            49.24604,
                            55.7938252
                        ]
                    },
                    "properties": {
                        "createdDate": 1703518460960,
                        "bearing": 0.0,
                        "velocity": 0.05922190099954605
                    }
                },
                {
                    "type": "Feature",
                    "geometry": {
                        "type": "Point",
                        "coordinates": [
                            49.2460644,
                            55.7938326
                        ]
                    },
                    "properties": {
                        "createdDate": 1703518465968,
                        "bearing": 60.66328048706055,
                        "velocity": 0.32235783338546753
                    }
                },
                {
                    "type": "Feature",
                    "geometry": {
                        "type": "Point",
                        "coordinates": [
                            49.2460557,
                            55.7938284
                        ]
                    },
                    "properties": {
                        "createdDate": 1703518471979,
                        "bearing": 226.3665771484375,
                        "velocity": 0.10509244352579117
                    }
                },
                {
                    "type": "Feature",
                    "geometry": {
                        "type": "Point",
                        "coordinates": [
                            49.2460482,
                            55.7938271
                        ]
                    },
                    "properties": {
                        "createdDate": 1703518475979,
                        "bearing": 0.0,
                        "velocity": 0.09767426550388336
                    }
                },
                {
                    "type": "Feature",
                    "geometry": {
                        "type": "Point",
                        "coordinates": [
                            49.2460469,
                            55.7938306
                        ]
                    },
                    "properties": {
                        "createdDate": 1703518481001,
                        "bearing": 0.0,
                        "velocity": 0.07118984311819077
                    }
                },
                {
                    "type": "Feature",
                    "geometry": {
                        "type": "Point",
                        "coordinates": [
                            49.2460478,
                            55.7938284
                        ]
                    },
                    "properties": {
                        "createdDate": 1703518485997,
                        "bearing": 0.0,
                        "velocity": 0.04147369787096977
                    }
                },
                {
                    "type": "Feature",
                    "geometry": {
                        "type": "Point",
                        "coordinates": [
                            49.2460439,
                            55.7938302
                        ]
                    },
                    "properties": {
                        "createdDate": 1703518491017,
                        "bearing": 0.0,
                        "velocity": 0.056224457919597626
                    }
                },
                {
                    "type": "Feature",
                    "geometry": {
                        "type": "Point",
                        "coordinates": [
                            49.2460489,
                            55.7938345
                        ]
                    },
                    "properties": {
                        "createdDate": 1703518496020,
                        "bearing": 30.406734466552734,
                        "velocity": 0.10556800663471222
                    }
                },
                {
                    "type": "Feature",
                    "geometry": {
                        "type": "Point",
                        "coordinates": [
                            49.2460509,
                            55.7938327
                        ]
                    },
                    "properties": {
                        "createdDate": 1703518501028,
                        "bearing": 0.0,
                        "velocity": 0.04114397615194321
                    }
                },
                {
                    "type": "Feature",
                    "geometry": {
                        "type": "Point",
                        "coordinates": [
                            49.2460481,
                            55.793835
                        ]
                    },
                    "properties": {
                        "createdDate": 1703518507042,
                        "bearing": 0.0,
                        "velocity": 0.054364658892154694
                    }
                },
                {
                    "type": "Feature",
                    "geometry": {
                        "type": "Point",
                        "coordinates": [
                            49.246047,
                            55.7938271
                        ]
                    },
                    "properties": {
                        "createdDate": 1703518513056,
                        "bearing": 185.437744140625,
                        "velocity": 0.12034191191196442
                    }
                },
                {
                    "type": "Feature",
                    "geometry": {
                        "type": "Point",
                        "coordinates": [
                            49.2460473,
                            55.7938256
                        ]
                    },
                    "properties": {
                        "createdDate": 1703518516047,
                        "bearing": 0.0,
                        "velocity": 0.06246359646320343
                    }
                }
            ]
        }
    },
    {
        "uuid": "1a9b3e44-8d4d-4992-9593-4fe1b1a3e081",
        "videoId": "1703517918355",
        "filePath": "/vs_data/citysoft-dev/video/2023/12/25/5b8b176f019ea18e/1703517330494/1703517918355/1703517918355.mp4",
        "sessionId": "1703517330494",
        "deviceId": "5b8b176f019ea18e",
        "descriptions": {
            "onDevice": "VladTest",
            "onServer": "VladTest"
        },
        "numbers": {
            "onDevice": "VladTest",
            "onServer": "VladTest"
        },
        "processingStatus": "CORRUPTED",
        "operatorId": 1,
        "creationDate": "2023-12-25T15:25:18.355Z",
        "processedDate": "2023-12-25T16:20:10.664Z",
        "homographyId": null,
        "mergedPartsCount": 304,
        "fps": 0,
        "size": 42698367,
        "resolution": null,
        "errorReason": null,
        "errorModule": null,
        "errorMessage": null,
        "geoJSON": {
            "type": "FeatureCollection",
            "features": [
                {
                    "type": "Feature",
                    "geometry": {
                        "type": "Point",
                        "coordinates": [
                            49.2495055,
                            55.7910845
                        ]
                    },
                    "properties": {
                        "createdDate": 1703517918355,
                        "bearing": 329.8983154296875,
                        "velocity": 6.874040603637695
                    }
                },
                {
                    "type": "Feature",
                    "geometry": {
                        "type": "Point",
                        "coordinates": [
                            49.2494537,
                            55.7911392
                        ]
                    },
                    "properties": {
                        "createdDate": 1703517919346,
                        "bearing": 328.27764892578125,
                        "velocity": 6.218581676483154
                    }
                },
                {
                    "type": "Feature",
                    "geometry": {
                        "type": "Point",
                        "coordinates": [
                            49.2494039,
                            55.791183
                        ]
                    },
                    "properties": {
                        "createdDate": 1703517920355,
                        "bearing": 325.37646484375,
                        "velocity": 5.5836076736450195
                    }
                },
                {
                    "type": "Feature",
                    "geometry": {
                        "type": "Point",
                        "coordinates": [
                            49.2493638,
                            55.7912285
                        ]
                    },
                    "properties": {
                        "createdDate": 1703517921362,
                        "bearing": 330.5852355957031,
                        "velocity": 5.69921875
                    }
                },
                {
                    "type": "Feature",
                    "geometry": {
                        "type": "Point",
                        "coordinates": [
                            49.2493254,
                            55.791278
                        ]
                    },
                    "properties": {
                        "createdDate": 1703517922354,
                        "bearing": 329.21453857421875,
                        "velocity": 5.716132640838623
                    }
                },
                {
                    "type": "Feature",
                    "geometry": {
                        "type": "Point",
                        "coordinates": [
                            49.2492806,
                            55.7913206
                        ]
                    },
                    "properties": {
                        "createdDate": 1703517923362,
                        "bearing": 325.3934326171875,
                        "velocity": 5.710542678833008
                    }
                },
                {
                    "type": "Feature",
                    "geometry": {
                        "type": "Point",
                        "coordinates": [
                            49.2492305,
                            55.7913628
                        ]
                    },
                    "properties": {
                        "createdDate": 1703517924355,
                        "bearing": 325.2698974609375,
                        "velocity": 5.726926803588867
                    }
                },
                {
                    "type": "Feature",
                    "geometry": {
                        "type": "Point",
                        "coordinates": [
                            49.2491822,
                            55.7914029
                        ]
                    },
                    "properties": {
                        "createdDate": 1703517925360,
                        "bearing": 325.2523193359375,
                        "velocity": 5.521074295043945
                    }
                },
                {
                    "type": "Feature",
                    "geometry": {
                        "type": "Point",
                        "coordinates": [
                            49.249135,
                            55.7914404
                        ]
                    },
                    "properties": {
                        "createdDate": 1703517926370,
                        "bearing": 324.3489074707031,
                        "velocity": 5.345754623413086
                    }
                },
                {
                    "type": "Feature",
                    "geometry": {
                        "type": "Point",
                        "coordinates": [
                            49.2490961,
                            55.7914752
                        ]
                    },
                    "properties": {
                        "createdDate": 1703517927364,
                        "bearing": 325.44964599609375,
                        "velocity": 4.899221420288086
                    }
                },
                {
                    "type": "Feature",
                    "geometry": {
                        "type": "Point",
                        "coordinates": [
                            49.2490639,
                            55.7915116
                        ]
                    },
                    "properties": {
                        "createdDate": 1703517928368,
                        "bearing": 325.6664733886719,
                        "velocity": 4.651284694671631
                    }
                },
                {
                    "type": "Feature",
                    "geometry": {
                        "type": "Point",
                        "coordinates": [
                            49.2490418,
                            55.7915428
                        ]
                    },
                    "properties": {
                        "createdDate": 1703517929365,
                        "bearing": 327.53955078125,
                        "velocity": 3.949481725692749
                    }
                },
                {
                    "type": "Feature",
                    "geometry": {
                        "type": "Point",
                        "coordinates": [
                            49.249031,
                            55.7915672
                        ]
                    },
                    "properties": {
                        "createdDate": 1703517930369,
                        "bearing": 326.823974609375,
                        "velocity": 2.3659720420837402
                    }
                },
                {
                    "type": "Feature",
                    "geometry": {
                        "type": "Point",
                        "coordinates": [
                            49.2490305,
                            55.7915841
                        ]
                    },
                    "properties": {
                        "createdDate": 1703517931360,
                        "bearing": 330.4071044921875,
                        "velocity": 1.935361623764038
                    }
                },
                {
                    "type": "Feature",
                    "geometry": {
                        "type": "Point",
                        "coordinates": [
                            49.2490241,
                            55.7916035
                        ]
                    },
                    "properties": {
                        "createdDate": 1703517932368,
                        "bearing": 328.978515625,
                        "velocity": 2.6199862957000732
                    }
                },
                {
                    "type": "Feature",
                    "geometry": {
                        "type": "Point",
                        "coordinates": [
                            49.2490101,
                            55.791634
                        ]
                    },
                    "properties": {
                        "createdDate": 1703517933376,
                        "bearing": 336.6162414550781,
                        "velocity": 2.941232442855835
                    }
                },
                {
                    "type": "Feature",
                    "geometry": {
                        "type": "Point",
                        "coordinates": [
                            49.248995,
                            55.7916641
                        ]
                    },
                    "properties": {
                        "createdDate": 1703517934367,
                        "bearing": 334.2757873535156,
                        "velocity": 2.699836254119873
                    }
                },
                {
                    "type": "Feature",
                    "geometry": {
                        "type": "Point",
                        "coordinates": [
                            49.2489777,
                            55.7916839
                        ]
                    },
                    "properties": {
                        "createdDate": 1703517935375,
                        "bearing": 324.3741455078125,
                        "velocity": 2.0107603073120117
                    }
                },
                {
                    "type": "Feature",
                    "geometry": {
                        "type": "Point",
                        "coordinates": [
                            49.2489598,
                            55.7916972
                        ]
                    },
                    "properties": {
                        "createdDate": 1703517936382,
                        "bearing": 323.3171081542969,
                        "velocity": 1.3625177145004272
                    }
                },
                {
                    "type": "Feature",
                    "geometry": {
                        "type": "Point",
                        "coordinates": [
                            49.2489419,
                            55.7917115
                        ]
                    },
                    "properties": {
                        "createdDate": 1703517937372,
                        "bearing": 319.1644287109375,
                        "velocity": 2.117475986480713
                    }
                },
                {
                    "type": "Feature",
                    "geometry": {
                        "type": "Point",
                        "coordinates": [
                            49.2489127,
                            55.7917324
                        ]
                    },
                    "properties": {
                        "createdDate": 1703517938382,
                        "bearing": 318.04095458984375,
                        "velocity": 3.011770486831665
                    }
                },
                {
                    "type": "Feature",
                    "geometry": {
                        "type": "Point",
                        "coordinates": [
                            49.2488777,
                            55.7917496
                        ]
                    },
                    "properties": {
                        "createdDate": 1703517939388,
                        "bearing": 314.31640625,
                        "velocity": 3.3157143592834473
                    }
                },
                {
                    "type": "Feature",
                    "geometry": {
                        "type": "Point",
                        "coordinates": [
                            49.2488376,
                            55.7917716
                        ]
                    },
                    "properties": {
                        "createdDate": 1703517940381,
                        "bearing": 324.19610595703125,
                        "velocity": 4.427911281585693
                    }
                },
                {
                    "type": "Feature",
                    "geometry": {
                        "type": "Point",
                        "coordinates": [
                            49.2487903,
                            55.7918061
                        ]
                    },
                    "properties": {
                        "createdDate": 1703517941389,
                        "bearing": 322.99993896484375,
                        "velocity": 5.22259521484375
                    }
                },
                {
                    "type": "Feature",
                    "geometry": {
                        "type": "Point",
                        "coordinates": [
                            49.248739,
                            55.7918458
                        ]
                    },
                    "properties": {
                        "createdDate": 1703517942382,
                        "bearing": 324.7375183105469,
                        "velocity": 5.584164619445801
                    }
                },
                {
                    "type": "Feature",
                    "geometry": {
                        "type": "Point",
                        "coordinates": [
                            49.2486842,
                            55.7918904
                        ]
                    },
                    "properties": {
                        "createdDate": 1703517943389,
                        "bearing": 323.11944580078125,
                        "velocity": 6.323318958282471
                    }
                },
                {
                    "type": "Feature",
                    "geometry": {
                        "type": "Point",
                        "coordinates": [
                            49.2486272,
                            55.7919187
                        ]
                    },
                    "properties": {
                        "createdDate": 1703517944398,
                        "bearing": 324.61572265625,
                        "velocity": 6.0540337562561035
                    }
                },
                {
                    "type": "Feature",
                    "geometry": {
                        "type": "Point",
                        "coordinates": [
                            49.2485894,
                            55.7919601
                        ]
                    },
                    "properties": {
                        "createdDate": 1703517945389,
                        "bearing": 333.4649658203125,
                        "velocity": 5.704037666320801
                    }
                },
                {
                    "type": "Feature",
                    "geometry": {
                        "type": "Point",
                        "coordinates": [
                            49.2485628,
                            55.7920125
                        ]
                    },
                    "properties": {
                        "createdDate": 1703517946398,
                        "bearing": 336.6781921386719,
                        "velocity": 6.049870491027832
                    }
                },
                {
                    "type": "Feature",
                    "geometry": {
                        "type": "Point",
                        "coordinates": [
                            49.2485438,
                            55.7920607
                        ]
                    },
                    "properties": {
                        "createdDate": 1703517947403,
                        "bearing": 338.8460693359375,
                        "velocity": 5.928400039672852
                    }
                },
                {
                    "type": "Feature",
                    "geometry": {
                        "type": "Point",
                        "coordinates": [
                            49.2485026,
                            55.7921063
                        ]
                    },
                    "properties": {
                        "createdDate": 1703517948399,
                        "bearing": 333.6404113769531,
                        "velocity": 5.899876117706299
                    }
                },
                {
                    "type": "Feature",
                    "geometry": {
                        "type": "Point",
                        "coordinates": [
                            49.2484541,
                            55.792151
                        ]
                    },
                    "properties": {
                        "createdDate": 1703517949402,
                        "bearing": 329.5148620605469,
                        "velocity": 5.869614124298096
                    }
                },
                {
                    "type": "Feature",
                    "geometry": {
                        "type": "Point",
                        "coordinates": [
                            49.2483995,
                            55.7922029
                        ]
                    },
                    "properties": {
                        "createdDate": 1703517950410,
                        "bearing": 331.6188049316406,
                        "velocity": 6.719793319702148
                    }
                },
                {
                    "type": "Feature",
                    "geometry": {
                        "type": "Point",
                        "coordinates": [
                            49.2483509,
                            55.792254
                        ]
                    },
                    "properties": {
                        "createdDate": 1703517951404,
                        "bearing": 332.8812255859375,
                        "velocity": 6.39484167098999
                    }
                },
                {
                    "type": "Feature",
                    "geometry": {
                        "type": "Point",
                        "coordinates": [
                            49.2483034,
                            55.7923088
                        ]
                    },
                    "properties": {
                        "createdDate": 1703517952410,
                        "bearing": 332.98162841796875,
                        "velocity": 6.563343048095703
                    }
                },
                {
                    "type": "Feature",
                    "geometry": {
                        "type": "Point",
                        "coordinates": [
                            49.2482575,
                            55.7923664
                        ]
                    },
                    "properties": {
                        "createdDate": 1703517953407,
                        "bearing": 333.9261169433594,
                        "velocity": 6.6710076332092285
                    }
                },
                {
                    "type": "Feature",
                    "geometry": {
                        "type": "Point",
                        "coordinates": [
                            49.2482114,
                            55.7924295
                        ]
                    },
                    "properties": {
                        "createdDate": 1703517954409,
                        "bearing": 333.98809814453125,
                        "velocity": 7.1308112144470215
                    }
                },
                {
                    "type": "Feature",
                    "geometry": {
                        "type": "Point",
                        "coordinates": [
                            49.2481661,
                            55.7924915
                        ]
                    },
                    "properties": {
                        "createdDate": 1703517955405,
                        "bearing": 332.3321228027344,
                        "velocity": 6.789205551147461
                    }
                },
                {
                    "type": "Feature",
                    "geometry": {
                        "type": "Point",
                        "coordinates": [
                            49.2481187,
                            55.7925511
                        ]
                    },
                    "properties": {
                        "createdDate": 1703517956414,
                        "bearing": 332.99639892578125,
                        "velocity": 6.725211143493652
                    }
                },
                {
                    "type": "Feature",
                    "geometry": {
                        "type": "Point",
                        "coordinates": [
                            49.2480652,
                            55.7926097
                        ]
                    },
                    "properties": {
                        "createdDate": 1703517957416,
                        "bearing": 331.171142578125,
                        "velocity": 7.027792930603027
                    }
                },
                {
                    "type": "Feature",
                    "geometry": {
                        "type": "Point",
                        "coordinates": [
                            49.2480032,
                            55.7926661
                        ]
                    },
                    "properties": {
                        "createdDate": 1703517958407,
                        "bearing": 327.5030212402344,
                        "velocity": 6.9487690925598145
                    }
                },
                {
                    "type": "Feature",
                    "geometry": {
                        "type": "Point",
                        "coordinates": [
                            49.2479459,
                            55.7927352
                        ]
                    },
                    "properties": {
                        "createdDate": 1703517959417,
                        "bearing": 330.7748107910156,
                        "velocity": 7.190607070922852
                    }
                },
                {
                    "type": "Feature",
                    "geometry": {
                        "type": "Point",
                        "coordinates": [
                            49.2478802,
                            55.792801
                        ]
                    },
                    "properties": {
                        "createdDate": 1703517960406,
                        "bearing": 323.88323974609375,
                        "velocity": 7.595381259918213
                    }
                },
                {
                    "type": "Feature",
                    "geometry": {
                        "type": "Point",
                        "coordinates": [
                            49.2478123,
                            55.7928683
                        ]
                    },
                    "properties": {
                        "createdDate": 1703517961415,
                        "bearing": 328.55145263671875,
                        "velocity": 7.378050804138184
                    }
                },
                {
                    "type": "Feature",
                    "geometry": {
                        "type": "Point",
                        "coordinates": [
                            49.2477493,
                            55.7929247
                        ]
                    },
                    "properties": {
                        "createdDate": 1703517962423,
                        "bearing": 329.96844482421875,
                        "velocity": 6.3651251792907715
                    }
                },
                {
                    "type": "Feature",
                    "geometry": {
                        "type": "Point",
                        "coordinates": [
                            49.2476916,
                            55.7929725
                        ]
                    },
                    "properties": {
                        "createdDate": 1703517963417,
                        "bearing": 334.55657958984375,
                        "velocity": 5.966530799865723
                    }
                },
                {
                    "type": "Feature",
                    "geometry": {
                        "type": "Point",
                        "coordinates": [
                            49.2476467,
                            55.7930189
                        ]
                    },
                    "properties": {
                        "createdDate": 1703517964423,
                        "bearing": 333.2610168457031,
                        "velocity": 5.252971649169922
                    }
                },
                {
                    "type": "Feature",
                    "geometry": {
                        "type": "Point",
                        "coordinates": [
                            49.247605,
                            55.793065
                        ]
                    },
                    "properties": {
                        "createdDate": 1703517965430,
                        "bearing": 333.0495300292969,
                        "velocity": 5.14705228805542
                    }
                },
                {
                    "type": "Feature",
                    "geometry": {
                        "type": "Point",
                        "coordinates": [
                            49.2475694,
                            55.7931099
                        ]
                    },
                    "properties": {
                        "createdDate": 1703517966421,
                        "bearing": 334.9698791503906,
                        "velocity": 4.611275672912598
                    }
                },
                {
                    "type": "Feature",
                    "geometry": {
                        "type": "Point",
                        "coordinates": [
                            49.2475406,
                            55.7931503
                        ]
                    },
                    "properties": {
                        "createdDate": 1703517967431,
                        "bearing": 332.3537292480469,
                        "velocity": 4.459042549133301
                    }
                },
                {
                    "type": "Feature",
                    "geometry": {
                        "type": "Point",
                        "coordinates": [
                            49.247514,
                            55.7931923
                        ]
                    },
                    "properties": {
                        "createdDate": 1703517968421,
                        "bearing": 333.9819030761719,
                        "velocity": 4.243897438049316
                    }
                },
                {
                    "type": "Feature",
                    "geometry": {
                        "type": "Point",
                        "coordinates": [
                            49.247487,
                            55.7932265
                        ]
                    },
                    "properties": {
                        "createdDate": 1703517969429,
                        "bearing": 329.8822021484375,
                        "velocity": 3.524209976196289
                    }
                },
                {
                    "type": "Feature",
                    "geometry": {
                        "type": "Point",
                        "coordinates": [
                            49.2474679,
                            55.7932605
                        ]
                    },
                    "properties": {
                        "createdDate": 1703517970437,
                        "bearing": 332.8803405761719,
                        "velocity": 3.440375566482544
                    }
                },
                {
                    "type": "Feature",
                    "geometry": {
                        "type": "Point",
                        "coordinates": [
                            49.2474489,
                            55.7932942
                        ]
                    },
                    "properties": {
                        "createdDate": 1703517971428,
                        "bearing": 330.5431213378906,
                        "velocity": 3.4285659790039062
                    }
                },
                {
                    "type": "Feature",
                    "geometry": {
                        "type": "Point",
                        "coordinates": [
                            49.2474302,
                            55.7933224
                        ]
                    },
                    "properties": {
                        "createdDate": 1703517972437,
                        "bearing": 332.97955322265625,
                        "velocity": 3.013176202774048
                    }
                },
                {
                    "type": "Feature",
                    "geometry": {
                        "type": "Point",
                        "coordinates": [
                            49.2474215,
                            55.7933453
                        ]
                    },
                    "properties": {
                        "createdDate": 1703517973426,
                        "bearing": 336.8982849121094,
                        "velocity": 2.4880759716033936
                    }
                },
                {
                    "type": "Feature",
                    "geometry": {
                        "type": "Point",
                        "coordinates": [
                            49.2474157,
                            55.7933724
                        ]
                    },
                    "properties": {
                        "createdDate": 1703517974439,
                        "bearing": 333.72576904296875,
                        "velocity": 2.5196614265441895
                    }
                },
                {
                    "type": "Feature",
                    "geometry": {
                        "type": "Point",
                        "coordinates": [
                            49.2474077,
                            55.7933965
                        ]
                    },
                    "properties": {
                        "createdDate": 1703517975444,
                        "bearing": 334.4924621582031,
                        "velocity": 2.051234722137451
                    }
                },
                {
                    "type": "Feature",
                    "geometry": {
                        "type": "Point",
                        "coordinates": [
                            49.2473993,
                            55.793418
                        ]
                    },
                    "properties": {
                        "createdDate": 1703517976441,
                        "bearing": 338.8549499511719,
                        "velocity": 1.8789511919021606
                    }
                },
                {
                    "type": "Feature",
                    "geometry": {
                        "type": "Point",
                        "coordinates": [
                            49.2473875,
                            55.7934306
                        ]
                    },
                    "properties": {
                        "createdDate": 1703517977444,
                        "bearing": 356.0165710449219,
                        "velocity": 0.24206215143203735
                    }
                },
                {
                    "type": "Feature",
                    "geometry": {
                        "type": "Point",
                        "coordinates": [
                            49.2473811,
                            55.7934307
                        ]
                    },
                    "properties": {
                        "createdDate": 1703517978451,
                        "bearing": 0.0,
                        "velocity": 0.03959339112043381
                    }
                },
                {
                    "type": "Feature",
                    "geometry": {
                        "type": "Point",
                        "coordinates": [
                            49.2473781,
                            55.7934315
                        ]
                    },
                    "properties": {
                        "createdDate": 1703517979446,
                        "bearing": 0.0,
                        "velocity": 0.005424243398010731
                    }
                },
                {
                    "type": "Feature",
                    "geometry": {
                        "type": "Point",
                        "coordinates": [
                            49.2473771,
                            55.7934317
                        ]
                    },
                    "properties": {
                        "createdDate": 1703517980451,
                        "bearing": 0.0,
                        "velocity": 5.795664619654417E-4
                    }
                },
                {
                    "type": "Feature",
                    "geometry": {
                        "type": "Point",
                        "coordinates": [
                            49.2473768,
                            55.7934317
                        ]
                    },
                    "properties": {
                        "createdDate": 1703517981458,
                        "bearing": 0.0,
                        "velocity": 6.568300887010992E-5
                    }
                },
                {
                    "type": "Feature",
                    "geometry": {
                        "type": "Point",
                        "coordinates": [
                            49.2473767,
                            55.7934317
                        ]
                    },
                    "properties": {
                        "createdDate": 1703517982450,
                        "bearing": 0.0,
                        "velocity": 6.856776508357143E-6
                    }
                },
                {
                    "type": "Feature",
                    "geometry": {
                        "type": "Point",
                        "coordinates": [
                            49.2473468,
                            55.7934347
                        ]
                    },
                    "properties": {
                        "createdDate": 1703517994479,
                        "bearing": 262.6614685058594,
                        "velocity": 0.3270682394504547
                    }
                },
                {
                    "type": "Feature",
                    "geometry": {
                        "type": "Point",
                        "coordinates": [
                            49.2473162,
                            55.7934363
                        ]
                    },
                    "properties": {
                        "createdDate": 1703517995474,
                        "bearing": 267.7400207519531,
                        "velocity": 0.7350159883499146
                    }
                },
                {
                    "type": "Feature",
                    "geometry": {
                        "type": "Point",
                        "coordinates": [
                            49.2472814,
                            55.7934346
                        ]
                    },
                    "properties": {
                        "createdDate": 1703517996477,
                        "bearing": 254.9658660888672,
                        "velocity": 1.2093547582626343
                    }
                },
                {
                    "type": "Feature",
                    "geometry": {
                        "type": "Point",
                        "coordinates": [
                            49.2472406,
                            55.7934243
                        ]
                    },
                    "properties": {
                        "createdDate": 1703517997470,
                        "bearing": 240.02877807617188,
                        "velocity": 1.7746386528015137
                    }
                },
                {
                    "type": "Feature",
                    "geometry": {
                        "type": "Point",
                        "coordinates": [
                            49.2471887,
                            55.7934068
                        ]
                    },
                    "properties": {
                        "createdDate": 1703517998478,
                        "bearing": 236.4480438232422,
                        "velocity": 2.5383522510528564
                    }
                },
                {
                    "type": "Feature",
                    "geometry": {
                        "type": "Point",
                        "coordinates": [
                            49.2471236,
                            55.7933855
                        ]
                    },
                    "properties": {
                        "createdDate": 1703517999470,
                        "bearing": 235.8783721923828,
                        "velocity": 3.3439579010009766
                    }
                },
                {
                    "type": "Feature",
                    "geometry": {
                        "type": "Point",
                        "coordinates": [
                            49.2470511,
                            55.7933622
                        ]
                    },
                    "properties": {
                        "createdDate": 1703518000477,
                        "bearing": 235.58364868164062,
                        "velocity": 3.9734156131744385
                    }
                },
                {
                    "type": "Feature",
                    "geometry": {
                        "type": "Point",
                        "coordinates": [
                            49.2469742,
                            55.7933376
                        ]
                    },
                    "properties": {
                        "createdDate": 1703518001484,
                        "bearing": 236.02586364746094,
                        "velocity": 4.39971923828125
                    }
                },
                {
                    "type": "Feature",
                    "geometry": {
                        "type": "Point",
                        "coordinates": [
                            49.2468944,
                            55.7933104
                        ]
                    },
                    "properties": {
                        "createdDate": 1703518002480,
                        "bearing": 236.12564086914062,
                        "velocity": 4.804082870483398
                    }
                },
                {
                    "type": "Feature",
                    "geometry": {
                        "type": "Point",
                        "coordinates": [
                            49.2468125,
                            55.7932834
                        ]
                    },
                    "properties": {
                        "createdDate": 1703518003472,
                        "bearing": 236.875244140625,
                        "velocity": 5.135968208312988
                    }
                },
                {
                    "type": "Feature",
                    "geometry": {
                        "type": "Point",
                        "coordinates": [
                            49.2467205,
                            55.7932561
                        ]
                    },
                    "properties": {
                        "createdDate": 1703518004491,
                        "bearing": 238.2773895263672,
                        "velocity": 5.453858852386475
                    }
                },
                {
                    "type": "Feature",
                    "geometry": {
                        "type": "Point",
                        "coordinates": [
                            49.2466259,
                            55.7932328
                        ]
                    },
                    "properties": {
                        "createdDate": 1703518005500,
                        "bearing": 241.544677734375,
                        "velocity": 5.639899253845215
                    }
                },
                {
                    "type": "Feature",
                    "geometry": {
                        "type": "Point",
                        "coordinates": [
                            49.2465252,
                            55.7932105
                        ]
                    },
                    "properties": {
                        "createdDate": 1703518006492,
                        "bearing": 243.6067352294922,
                        "velocity": 5.805354595184326
                    }
                },
                {
                    "type": "Feature",
                    "geometry": {
                        "type": "Point",
                        "coordinates": [
                            49.2464239,
                            55.7931936
                        ]
                    },
                    "properties": {
                        "createdDate": 1703518007499,
                        "bearing": 246.3289794921875,
                        "velocity": 5.898522853851318
                    }
                },
                {
                    "type": "Feature",
                    "geometry": {
                        "type": "Point",
                        "coordinates": [
                            49.2463251,
                            55.793176
                        ]
                    },
                    "properties": {
                        "createdDate": 1703518008496,
                        "bearing": 248.4237823486328,
                        "velocity": 5.9513044357299805
                    }
                },
                {
                    "type": "Feature",
                    "geometry": {
                        "type": "Point",
                        "coordinates": [
                            49.2462379,
                            55.7931532
                        ]
                    },
                    "properties": {
                        "createdDate": 1703518009498,
                        "bearing": 246.4234619140625,
                        "velocity": 5.934239864349365
                    }
                },
                {
                    "type": "Feature",
                    "geometry": {
                        "type": "Point",
                        "coordinates": [
                            49.2461502,
                            55.7931307
                        ]
                    },
                    "properties": {
                        "createdDate": 1703518010505,
                        "bearing": 245.6729736328125,
                        "velocity": 5.939643859863281
                    }
                },
                {
                    "type": "Feature",
                    "geometry": {
                        "type": "Point",
                        "coordinates": [
                            49.2460654,
                            55.7931109
                        ]
                    },
                    "properties": {
                        "createdDate": 1703518011498,
                        "bearing": 247.1015625,
                        "velocity": 5.814320087432861
                    }
                },
                {
                    "type": "Feature",
                    "geometry": {
                        "type": "Point",
                        "coordinates": [
                            49.2459935,
                            55.7930991
                        ]
                    },
                    "properties": {
                        "createdDate": 1703518012506,
                        "bearing": 249.59156799316406,
                        "velocity": 5.4376420974731445
                    }
                },
                {
                    "type": "Feature",
                    "geometry": {
                        "type": "Point",
                        "coordinates": [
                            49.2459295,
                            55.7930955
                        ]
                    },
                    "properties": {
                        "createdDate": 1703518013498,
                        "bearing": 252.22808837890625,
                        "velocity": 5.102055549621582
                    }
                },
                {
                    "type": "Feature",
                    "geometry": {
                        "type": "Point",
                        "coordinates": [
                            49.2458679,
                            55.7930948
                        ]
                    },
                    "properties": {
                        "createdDate": 1703518014507,
                        "bearing": 256.0904541015625,
                        "velocity": 4.738828182220459
                    }
                },
                {
                    "type": "Feature",
                    "geometry": {
                        "type": "Point",
                        "coordinates": [
                            49.2458117,
                            55.7930847
                        ]
                    },
                    "properties": {
                        "createdDate": 1703518015513,
                        "bearing": 254.7883758544922,
                        "velocity": 4.421695709228516
                    }
                },
                {
                    "type": "Feature",
                    "geometry": {
                        "type": "Point",
                        "coordinates": [
                            49.2457475,
                            55.7930757
                        ]
                    },
                    "properties": {
                        "createdDate": 1703518016506,
                        "bearing": 254.57492065429688,
                        "velocity": 4.116838455200195
                    }
                },
                {
                    "type": "Feature",
                    "geometry": {
                        "type": "Point",
                        "coordinates": [
                            49.2456773,
                            55.7930664
                        ]
                    },
                    "properties": {
                        "createdDate": 1703518017512,
                        "bearing": 252.28089904785156,
                        "velocity": 4.165397644042969
                    }
                },
                {
                    "type": "Feature",
                    "geometry": {
                        "type": "Point",
                        "coordinates": [
                            49.2455997,
                            55.7930504
                        ]
                    },
                    "properties": {
                        "createdDate": 1703518018519,
                        "bearing": 248.54644775390625,
                        "velocity": 4.3529372215271
                    }
                },
                {
                    "type": "Feature",
                    "geometry": {
                        "type": "Point",
                        "coordinates": [
                            49.2455268,
                            55.793035
                        ]
                    },
                    "properties": {
                        "createdDate": 1703518019512,
                        "bearing": 248.8524169921875,
                        "velocity": 4.2198567390441895
                    }
                },
                {
                    "type": "Feature",
                    "geometry": {
                        "type": "Point",
                        "coordinates": [
                            49.2454632,
                            55.7930232
                        ]
                    },
                    "properties": {
                        "createdDate": 1703518020518,
                        "bearing": 251.12013244628906,
                        "velocity": 3.9961657524108887
                    }
                },
                {
                    "type": "Feature",
                    "geometry": {
                        "type": "Point",
                        "coordinates": [
                            49.2454031,
                            55.7930084
                        ]
                    },
                    "properties": {
                        "createdDate": 1703518021514,
                        "bearing": 248.00991821289062,
                        "velocity": 3.9391050338745117
                    }
                },
                {
                    "type": "Feature",
                    "geometry": {
                        "type": "Point",
                        "coordinates": [
                            49.245353,
                            55.7929914
                        ]
                    },
                    "properties": {
                        "createdDate": 1703518022518,
                        "bearing": 244.468505859375,
                        "velocity": 3.684730052947998
                    }
                },
                {
                    "type": "Feature",
                    "geometry": {
                        "type": "Point",
                        "coordinates": [
                            49.2453152,
                            55.7929759
                        ]
                    },
                    "properties": {
                        "createdDate": 1703518023526,
                        "bearing": 244.22518920898438,
                        "velocity": 3.251598834991455
                    }
                },
                {
                    "type": "Feature",
                    "geometry": {
                        "type": "Point",
                        "coordinates": [
                            49.2452896,
                            55.792968
                        ]
                    },
                    "properties": {
                        "createdDate": 1703518024521,
                        "bearing": 246.6251678466797,
                        "velocity": 1.7457481622695923
                    }
                },
                {
                    "type": "Feature",
                    "geometry": {
                        "type": "Point",
                        "coordinates": [
                            49.2452733,
                            55.7929664
                        ]
                    },
                    "properties": {
                        "createdDate": 1703518025526,
                        "bearing": 246.3193359375,
                        "velocity": 1.441938042640686
                    }
                },
                {
                    "type": "Feature",
                    "geometry": {
                        "type": "Point",
                        "coordinates": [
                            49.2452457,
                            55.7929704
                        ]
                    },
                    "properties": {
                        "createdDate": 1703518026518,
                        "bearing": 316.9669189453125,
                        "velocity": 2.1154844760894775
                    }
                },
                {
                    "type": "Feature",
                    "geometry": {
                        "type": "Point",
                        "coordinates": [
                            49.2452324,
                            55.7929897
                        ]
                    },
                    "properties": {
                        "createdDate": 1703518027527,
                        "bearing": 323.4759521484375,
                        "velocity": 2.855924606323242
                    }
                },
                {
                    "type": "Feature",
                    "geometry": {
                        "type": "Point",
                        "coordinates": [
                            49.2452165,
                            55.7930116
                        ]
                    },
                    "properties": {
                        "createdDate": 1703518028535,
                        "bearing": 327.51220703125,
                        "velocity": 4.005667209625244
                    }
                },
                {
                    "type": "Feature",
                    "geometry": {
                        "type": "Point",
                        "coordinates": [
                            49.2451839,
                            55.7930467
                        ]
                    },
                    "properties": {
                        "createdDate": 1703518029531,
                        "bearing": 326.98681640625,
                        "velocity": 4.827807903289795
                    }
                },
                {
                    "type": "Feature",
                    "geometry": {
                        "type": "Point",
                        "coordinates": [
                            49.2451361,
                            55.7930748
                        ]
                    },
                    "properties": {
                        "createdDate": 1703518030532,
                        "bearing": 329.2798767089844,
                        "velocity": 5.0002546310424805
                    }
                },
                {
                    "type": "Feature",
                    "geometry": {
                        "type": "Point",
                        "coordinates": [
                            49.2450951,
                            55.7931087
                        ]
                    },
                    "properties": {
                        "createdDate": 1703518031542,
                        "bearing": 328.93243408203125,
                        "velocity": 5.2284417152404785
                    }
                },
                {
                    "type": "Feature",
                    "geometry": {
                        "type": "Point",
                        "coordinates": [
                            49.2450354,
                            55.7931342
                        ]
                    },
                    "properties": {
                        "createdDate": 1703518032533,
                        "bearing": 328.692138671875,
                        "velocity": 4.919325351715088
                    }
                },
                {
                    "type": "Feature",
                    "geometry": {
                        "type": "Point",
                        "coordinates": [
                            49.2449642,
                            55.7931501
                        ]
                    },
                    "properties": {
                        "createdDate": 1703518033541,
                        "bearing": 319.8188781738281,
                        "velocity": 4.362066745758057
                    }
                },
                {
                    "type": "Feature",
                    "geometry": {
                        "type": "Point",
                        "coordinates": [
                            49.2449215,
                            55.7931692
                        ]
                    },
                    "properties": {
                        "createdDate": 1703518034534,
                        "bearing": 324.93634033203125,
                        "velocity": 3.4886679649353027
                    }
                },
                {
                    "type": "Feature",
                    "geometry": {
                        "type": "Point",
                        "coordinates": [
                            49.2448878,
                            55.7931877
                        ]
                    },
                    "properties": {
                        "createdDate": 1703518035541,
                        "bearing": 328.4163513183594,
                        "velocity": 2.8409125804901123
                    }
                },
                {
                    "type": "Feature",
                    "geometry": {
                        "type": "Point",
                        "coordinates": [
                            49.2448635,
                            55.7932039
                        ]
                    },
                    "properties": {
                        "createdDate": 1703518036535,
                        "bearing": 327.1281433105469,
                        "velocity": 2.5412631034851074
                    }
                },
                {
                    "type": "Feature",
                    "geometry": {
                        "type": "Point",
                        "coordinates": [
                            49.2448525,
                            55.7932208
                        ]
                    },
                    "properties": {
                        "createdDate": 1703518037541,
                        "bearing": 336.3914489746094,
                        "velocity": 1.9357558488845825
                    }
                },
                {
                    "type": "Feature",
                    "geometry": {
                        "type": "Point",
                        "coordinates": [
                            49.2448471,
                            55.7932319
                        ]
                    },
                    "properties": {
                        "createdDate": 1703518038547,
                        "bearing": 345.32623291015625,
                        "velocity": 1.5770647525787354
                    }
                },
                {
                    "type": "Feature",
                    "geometry": {
                        "type": "Point",
                        "coordinates": [
                            49.2448438,
                            55.7932441
                        ]
                    },
                    "properties": {
                        "createdDate": 1703518039544,
                        "bearing": 0.9952270984649658,
                        "velocity": 1.694801688194275
                    }
                },
                {
                    "type": "Feature",
                    "geometry": {
                        "type": "Point",
                        "coordinates": [
                            49.2448471,
                            55.793251
                        ]
                    },
                    "properties": {
                        "createdDate": 1703518040548,
                        "bearing": 0.002062218263745308,
                        "velocity": 0.15827523171901703
                    }
                },
                {
                    "type": "Feature",
                    "geometry": {
                        "type": "Point",
                        "coordinates": [
                            49.244857,
                            55.793253
                        ]
                    },
                    "properties": {
                        "createdDate": 1703518041554,
                        "bearing": 0.0,
                        "velocity": 0.022310076281428337
                    }
                },
                {
                    "type": "Feature",
                    "geometry": {
                        "type": "Point",
                        "coordinates": [
                            49.2448692,
                            55.7932568
                        ]
                    },
                    "properties": {
                        "createdDate": 1703518042550,
                        "bearing": 0.0,
                        "velocity": 0.00612488342449069
                    }
                },
                {
                    "type": "Feature",
                    "geometry": {
                        "type": "Point",
                        "coordinates": [
                            49.2448731,
                            55.7932579
                        ]
                    },
                    "properties": {
                        "createdDate": 1703518043554,
                        "bearing": 0.0,
                        "velocity": 0.0015759060624986887
                    }
                },
                {
                    "type": "Feature",
                    "geometry": {
                        "type": "Point",
                        "coordinates": [
                            49.2448744,
                            55.7932582
                        ]
                    },
                    "properties": {
                        "createdDate": 1703518044562,
                        "bearing": 0.0,
                        "velocity": 4.625558212865144E-4
                    }
                },
                {
                    "type": "Feature",
                    "geometry": {
                        "type": "Point",
                        "coordinates": [
                            49.2448748,
                            55.7932583
                        ]
                    },
                    "properties": {
                        "createdDate": 1703518045553,
                        "bearing": 0.0,
                        "velocity": 1.3532687444239855E-4
                    }
                },
                {
                    "type": "Feature",
                    "geometry": {
                        "type": "Point",
                        "coordinates": [
                            49.2448749,
                            55.7932583
                        ]
                    },
                    "properties": {
                        "createdDate": 1703518046561,
                        "bearing": 0.0,
                        "velocity": 8.376593177672476E-5
                    }
                },
                {
                    "type": "Feature",
                    "geometry": {
                        "type": "Point",
                        "coordinates": [
                            49.244875,
                            55.7932583
                        ]
                    },
                    "properties": {
                        "createdDate": 1703518047553,
                        "bearing": 0.0,
                        "velocity": 1.4562179785571061E-5
                    }
                },
                {
                    "type": "Feature",
                    "geometry": {
                        "type": "Point",
                        "coordinates": [
                            49.2449609,
                            55.793302
                        ]
                    },
                    "properties": {
                        "createdDate": 1703518052563,
                        "bearing": 1.2971501350402832,
                        "velocity": 0.22669751942157745
                    }
                },
                {
                    "type": "Feature",
                    "geometry": {
                        "type": "Point",
                        "coordinates": [
                            49.2450078,
                            55.793324
                        ]
                    },
                    "properties": {
                        "createdDate": 1703518053567,
                        "bearing": 52.09567642211914,
                        "velocity": 1.614786148071289
                    }
                },
                {
                    "type": "Feature",
                    "geometry": {
                        "type": "Point",
                        "coordinates": [
                            49.2450321,
                            55.7933356
                        ]
                    },
                    "properties": {
                        "createdDate": 1703518054575,
                        "bearing": 63.188720703125,
                        "velocity": 1.822792649269104
                    }
                },
                {
                    "type": "Feature",
                    "geometry": {
                        "type": "Point",
                        "coordinates": [
                            49.2450316,
                            55.7933384
                        ]
                    },
                    "properties": {
                        "createdDate": 1703518055568,
                        "bearing": 68.59578704833984,
                        "velocity": 1.5997802019119263
                    }
                },
                {
                    "type": "Feature",
                    "geometry": {
                        "type": "Point",
                        "coordinates": [
                            49.2450498,
                            55.7933407
                        ]
                    },
                    "properties": {
                        "createdDate": 1703518056575,
                        "bearing": 71.0280532836914,
                        "velocity": 1.4254882335662842
                    }
                },
                {
                    "type": "Feature",
                    "geometry": {
                        "type": "Point",
                        "coordinates": [
                            49.2450817,
                            55.7933449
                        ]
                    },
                    "properties": {
                        "createdDate": 1703518057565,
                        "bearing": 73.74857330322266,
                        "velocity": 1.5960636138916016
                    }
                },
                {
                    "type": "Feature",
                    "geometry": {
                        "type": "Point",
                        "coordinates": [
                            49.2451364,
                            55.7933358
                        ]
                    },
                    "properties": {
                        "createdDate": 1703518058575,
                        "bearing": 90.92522430419922,
                        "velocity": 2.153087615966797
                    }
                },
                {
                    "type": "Feature",
                    "geometry": {
                        "type": "Point",
                        "coordinates": [
                            49.2451962,
                            55.7933173
                        ]
                    },
                    "properties": {
                        "createdDate": 1703518059581,
                        "bearing": 103.64340209960938,
                        "velocity": 2.6923727989196777
                    }
                },
                {
                    "type": "Feature",
                    "geometry": {
                        "type": "Point",
                        "coordinates": [
                            49.2452408,
                            55.7933079
                        ]
                    },
                    "properties": {
                        "createdDate": 1703518060588,
                        "bearing": 104.87612915039062,
                        "velocity": 2.6727187633514404
                    }
                },
                {
                    "type": "Feature",
                    "geometry": {
                        "type": "Point",
                        "coordinates": [
                            49.245281,
                            55.7933018
                        ]
                    },
                    "properties": {
                        "createdDate": 1703518061584,
                        "bearing": 103.88860321044922,
                        "velocity": 2.606109619140625
                    }
                },
                {
                    "type": "Feature",
                    "geometry": {
                        "type": "Point",
                        "coordinates": [
                            49.2453204,
                            55.793299
                        ]
                    },
                    "properties": {
                        "createdDate": 1703518062587,
                        "bearing": 101.693115234375,
                        "velocity": 2.5299596786499023
                    }
                },
                {
                    "type": "Feature",
                    "geometry": {
                        "type": "Point",
                        "coordinates": [
                            49.2453586,
                            55.7932996
                        ]
                    },
                    "properties": {
                        "createdDate": 1703518063581,
                        "bearing": 97.8066635131836,
                        "velocity": 2.47611141204834
                    }
                },
                {
                    "type": "Feature",
                    "geometry": {
                        "type": "Point",
                        "coordinates": [
                            49.2453994,
                            55.7932989
                        ]
                    },
                    "properties": {
                        "createdDate": 1703518064587,
                        "bearing": 96.94542694091797,
                        "velocity": 2.502143383026123
                    }
                },
                {
                    "type": "Feature",
                    "geometry": {
                        "type": "Point",
                        "coordinates": [
                            49.2454326,
                            55.7933055
                        ]
                    },
                    "properties": {
                        "createdDate": 1703518065579,
                        "bearing": 90.30657196044922,
                        "velocity": 2.332136869430542
                    }
                },
                {
                    "type": "Feature",
                    "geometry": {
                        "type": "Point",
                        "coordinates": [
                            49.2458602,
                            55.7933046
                        ]
                    },
                    "properties": {
                        "createdDate": 1703518081606,
                        "bearing": 90.21634674072266,
                        "velocity": 2.0556418895721436
                    }
                },
                {
                    "type": "Feature",
                    "geometry": {
                        "type": "Point",
                        "coordinates": [
                            49.2459582,
                            55.7933047
                        ]
                    },
                    "properties": {
                        "createdDate": 1703518086612,
                        "bearing": 90.13416290283203,
                        "velocity": 1.80905282497406
                    }
                },
                {
                    "type": "Feature",
                    "geometry": {
                        "type": "Point",
                        "coordinates": [
                            49.2429275,
                            55.7886688
                        ]
                    },
                    "properties": {
                        "createdDate": 1703518146640,
                        "bearing": 0.0,
                        "velocity": 0.0
                    }
                },
                {
                    "type": "Feature",
                    "geometry": {
                        "type": "Point",
                        "coordinates": [
                            49.24566,
                            55.7936783
                        ]
                    },
                    "properties": {
                        "createdDate": 1703518160651,
                        "bearing": 359.0,
                        "velocity": 2.5036089420318604
                    }
                },
                {
                    "type": "Feature",
                    "geometry": {
                        "type": "Point",
                        "coordinates": [
                            49.245597,
                            55.793652
                        ]
                    },
                    "properties": {
                        "createdDate": 1703518161659,
                        "bearing": 348.17449951171875,
                        "velocity": 1.5397840738296509
                    }
                },
                {
                    "type": "Feature",
                    "geometry": {
                        "type": "Point",
                        "coordinates": [
                            49.2456357,
                            55.7936694
                        ]
                    },
                    "properties": {
                        "createdDate": 1703518162650,
                        "bearing": 0.7249393463134766,
                        "velocity": 1.0456470251083374
                    }
                },
                {
                    "type": "Feature",
                    "geometry": {
                        "type": "Point",
                        "coordinates": [
                            49.2456496,
                            55.7936325
                        ]
                    },
                    "properties": {
                        "createdDate": 1703518163641,
                        "bearing": 176.3511505126953,
                        "velocity": 0.2913624942302704
                    }
                },
                {
                    "type": "Feature",
                    "geometry": {
                        "type": "Point",
                        "coordinates": [
                            49.245659,
                            55.7936065
                        ]
                    },
                    "properties": {
                        "createdDate": 1703518164650,
                        "bearing": 178.45201110839844,
                        "velocity": 0.6679039001464844
                    }
                },
                {
                    "type": "Feature",
                    "geometry": {
                        "type": "Point",
                        "coordinates": [
                            49.2456635,
                            55.7935956
                        ]
                    },
                    "properties": {
                        "createdDate": 1703518165658,
                        "bearing": 178.86688232421875,
                        "velocity": 0.5556783676147461
                    }
                },
                {
                    "type": "Feature",
                    "geometry": {
                        "type": "Point",
                        "coordinates": [
                            49.2456939,
                            55.7935792
                        ]
                    },
                    "properties": {
                        "createdDate": 1703518166651,
                        "bearing": 158.6641845703125,
                        "velocity": 0.2014549970626831
                    }
                },
                {
                    "type": "Feature",
                    "geometry": {
                        "type": "Point",
                        "coordinates": [
                            49.2457196,
                            55.793562
                        ]
                    },
                    "properties": {
                        "createdDate": 1703518167639,
                        "bearing": 126.31336212158203,
                        "velocity": 0.15332365036010742
                    }
                },
                {
                    "type": "Feature",
                    "geometry": {
                        "type": "Point",
                        "coordinates": [
                            49.2457337,
                            55.7935441
                        ]
                    },
                    "properties": {
                        "createdDate": 1703518168648,
                        "bearing": 138.25286865234375,
                        "velocity": 0.19166092574596405
                    }
                },
                {
                    "type": "Feature",
                    "geometry": {
                        "type": "Point",
                        "coordinates": [
                            49.2457434,
                            55.7935352
                        ]
                    },
                    "properties": {
                        "createdDate": 1703518169656,
                        "bearing": 137.46002197265625,
                        "velocity": 0.1912742257118225
                    }
                },
                {
                    "type": "Feature",
                    "geometry": {
                        "type": "Point",
                        "coordinates": [
                            49.2457525,
                            55.7935405
                        ]
                    },
                    "properties": {
                        "createdDate": 1703518170648,
                        "bearing": 125.82249450683594,
                        "velocity": 0.16052350401878357
                    }
                },
                {
                    "type": "Feature",
                    "geometry": {
                        "type": "Point",
                        "coordinates": [
                            49.2457571,
                            55.7935432
                        ]
                    },
                    "properties": {
                        "createdDate": 1703518171656,
                        "bearing": 118.86246490478516,
                        "velocity": 0.14588360488414764
                    }
                },
                {
                    "type": "Feature",
                    "geometry": {
                        "type": "Point",
                        "coordinates": [
                            49.2457595,
                            55.7935447
                        ]
                    },
                    "properties": {
                        "createdDate": 1703518172647,
                        "bearing": 114.39286804199219,
                        "velocity": 0.1353367120027542
                    }
                },
                {
                    "type": "Feature",
                    "geometry": {
                        "type": "Point",
                        "coordinates": [
                            49.2457607,
                            55.7935455
                        ]
                    },
                    "properties": {
                        "createdDate": 1703518173655,
                        "bearing": 111.36917877197266,
                        "velocity": 0.12628965079784393
                    }
                },
                {
                    "type": "Feature",
                    "geometry": {
                        "type": "Point",
                        "coordinates": [
                            49.2457613,
                            55.7935459
                        ]
                    },
                    "properties": {
                        "createdDate": 1703518174646,
                        "bearing": 109.47593688964844,
                        "velocity": 0.11906559765338898
                    }
                },
                {
                    "type": "Feature",
                    "geometry": {
                        "type": "Point",
                        "coordinates": [
                            49.2457615,
                            55.7935461
                        ]
                    },
                    "properties": {
                        "createdDate": 1703518175639,
                        "bearing": 108.01264190673828,
                        "velocity": 0.11209287494421005
                    }
                },
                {
                    "type": "Feature",
                    "geometry": {
                        "type": "Point",
                        "coordinates": [
                            49.2457602,
                            55.7935461
                        ]
                    },
                    "properties": {
                        "createdDate": 1703518177656,
                        "bearing": 0.0,
                        "velocity": 0.04374280199408531
                    }
                },
                {
                    "type": "Feature",
                    "geometry": {
                        "type": "Point",
                        "coordinates": [
                            49.2457616,
                            55.7935462
                        ]
                    },
                    "properties": {
                        "createdDate": 1703518178644,
                        "bearing": 0.0,
                        "velocity": 0.04103901982307434
                    }
                },
                {
                    "type": "Feature",
                    "geometry": {
                        "type": "Point",
                        "coordinates": [
                            49.2457619,
                            55.7935463
                        ]
                    },
                    "properties": {
                        "createdDate": 1703518179653,
                        "bearing": 0.0,
                        "velocity": 0.02825416810810566
                    }
                },
                {
                    "type": "Feature",
                    "geometry": {
                        "type": "Point",
                        "coordinates": [
                            49.2457622,
                            55.7935462
                        ]
                    },
                    "properties": {
                        "createdDate": 1703518181651,
                        "bearing": 0.0,
                        "velocity": 0.012155669741332531
                    }
                },
                {
                    "type": "Feature",
                    "geometry": {
                        "type": "Point",
                        "coordinates": [
                            49.2457615,
                            55.7935465
                        ]
                    },
                    "properties": {
                        "createdDate": 1703518182660,
                        "bearing": 0.0,
                        "velocity": 0.0046530431136488914
                    }
                },
                {
                    "type": "Feature",
                    "geometry": {
                        "type": "Point",
                        "coordinates": [
                            49.2457668,
                            55.7935502
                        ]
                    },
                    "properties": {
                        "createdDate": 1703518183651,
                        "bearing": 0.0,
                        "velocity": 0.0056390948593616486
                    }
                },
                {
                    "type": "Feature",
                    "geometry": {
                        "type": "Point",
                        "coordinates": [
                            49.2457689,
                            55.7935521
                        ]
                    },
                    "properties": {
                        "createdDate": 1703518184659,
                        "bearing": 0.0,
                        "velocity": 0.0065559642389416695
                    }
                },
                {
                    "type": "Feature",
                    "geometry": {
                        "type": "Point",
                        "coordinates": [
                            49.2457726,
                            55.7935528
                        ]
                    },
                    "properties": {
                        "createdDate": 1703518185649,
                        "bearing": 0.0,
                        "velocity": 0.06899859756231308
                    }
                },
                {
                    "type": "Feature",
                    "geometry": {
                        "type": "Point",
                        "coordinates": [
                            49.2457746,
                            55.7935511
                        ]
                    },
                    "properties": {
                        "createdDate": 1703518186658,
                        "bearing": 0.0,
                        "velocity": 0.04815506935119629
                    }
                },
                {
                    "type": "Feature",
                    "geometry": {
                        "type": "Point",
                        "coordinates": [
                            49.245778,
                            55.7935451
                        ]
                    },
                    "properties": {
                        "createdDate": 1703518187666,
                        "bearing": 0.0,
                        "velocity": 0.08210247755050659
                    }
                },
                {
                    "type": "Feature",
                    "geometry": {
                        "type": "Point",
                        "coordinates": [
                            49.2457933,
                            55.793547
                        ]
                    },
                    "properties": {
                        "createdDate": 1703518188657,
                        "bearing": 135.88323974609375,
                        "velocity": 0.1470041126012802
                    }
                },
                {
                    "type": "Feature",
                    "geometry": {
                        "type": "Point",
                        "coordinates": [
                            49.2458053,
                            55.7935426
                        ]
                    },
                    "properties": {
                        "createdDate": 1703518189665,
                        "bearing": 129.43649291992188,
                        "velocity": 0.2398906648159027
                    }
                },
                {
                    "type": "Feature",
                    "geometry": {
                        "type": "Point",
                        "coordinates": [
                            49.2458119,
                            55.7935341
                        ]
                    },
                    "properties": {
                        "createdDate": 1703518190659,
                        "bearing": 141.78408813476562,
                        "velocity": 0.29876407980918884
                    }
                },
                {
                    "type": "Feature",
                    "geometry": {
                        "type": "Point",
                        "coordinates": [
                            49.2458137,
                            55.7935239
                        ]
                    },
                    "properties": {
                        "createdDate": 1703518191666,
                        "bearing": 152.64366149902344,
                        "velocity": 0.3197486996650696
                    }
                },
                {
                    "type": "Feature",
                    "geometry": {
                        "type": "Point",
                        "coordinates": [
                            49.2458133,
                            55.7935081
                        ]
                    },
                    "properties": {
                        "createdDate": 1703518192673,
                        "bearing": 157.85861206054688,
                        "velocity": 0.4042096436023712
                    }
                },
                {
                    "type": "Feature",
                    "geometry": {
                        "type": "Point",
                        "coordinates": [
                            49.245817,
                            55.7934929
                        ]
                    },
                    "properties": {
                        "createdDate": 1703518193666,
                        "bearing": 152.86553955078125,
                        "velocity": 0.49314019083976746
                    }
                },
                {
                    "type": "Feature",
                    "geometry": {
                        "type": "Point",
                        "coordinates": [
                            49.2458224,
                            55.793486
                        ]
                    },
                    "properties": {
                        "createdDate": 1703518194672,
                        "bearing": 145.6671142578125,
                        "velocity": 0.48191162943840027
                    }
                },
                {
                    "type": "Feature",
                    "geometry": {
                        "type": "Point",
                        "coordinates": [
                            49.2458323,
                            55.7934218
                        ]
                    },
                    "properties": {
                        "createdDate": 1703518195681,
                        "bearing": 152.1212158203125,
                        "velocity": 0.6525318622589111
                    }
                },
                {
                    "type": "Feature",
                    "geometry": {
                        "type": "Point",
                        "coordinates": [
                            49.2458398,
                            55.7933958
                        ]
                    },
                    "properties": {
                        "createdDate": 1703518196672,
                        "bearing": 150.65081787109375,
                        "velocity": 0.7186979055404663
                    }
                },
                {
                    "type": "Feature",
                    "geometry": {
                        "type": "Point",
                        "coordinates": [
                            49.2458538,
                            55.7933593
                        ]
                    },
                    "properties": {
                        "createdDate": 1703518197679,
                        "bearing": 147.53839111328125,
                        "velocity": 0.8240274786949158
                    }
                },
                {
                    "type": "Feature",
                    "geometry": {
                        "type": "Point",
                        "coordinates": [
                            49.2458624,
                            55.7933432
                        ]
                    },
                    "properties": {
                        "createdDate": 1703518198670,
                        "bearing": 148.0771942138672,
                        "velocity": 0.839634120464325
                    }
                },
                {
                    "type": "Feature",
                    "geometry": {
                        "type": "Point",
                        "coordinates": [
                            49.2458711,
                            55.7933293
                        ]
                    },
                    "properties": {
                        "createdDate": 1703518199662,
                        "bearing": 148.4801788330078,
                        "velocity": 0.8523028492927551
                    }
                },
                {
                    "type": "Feature",
                    "geometry": {
                        "type": "Point",
                        "coordinates": [
                            49.2458922,
                            55.7933034
                        ]
                    },
                    "properties": {
                        "createdDate": 1703518202669,
                        "bearing": 148.9111785888672,
                        "velocity": 0.8621636629104614
                    }
                },
                {
                    "type": "Feature",
                    "geometry": {
                        "type": "Point",
                        "coordinates": [
                            49.245953,
                            55.7933489
                        ]
                    },
                    "properties": {
                        "createdDate": 1703518207661,
                        "bearing": 138.3579864501953,
                        "velocity": 0.7207552790641785
                    }
                },
                {
                    "type": "Feature",
                    "geometry": {
                        "type": "Point",
                        "coordinates": [
                            49.2460465,
                            55.7936089
                        ]
                    },
                    "properties": {
                        "createdDate": 1703518212664,
                        "bearing": 14.761248588562012,
                        "velocity": 3.5778775215148926
                    }
                },
                {
                    "type": "Feature",
                    "geometry": {
                        "type": "Point",
                        "coordinates": [
                            49.2460753,
                            55.7937368
                        ]
                    },
                    "properties": {
                        "createdDate": 1703518217673,
                        "bearing": 10.319397926330566,
                        "velocity": 3.1441454887390137
                    }
                }
            ]
        }
    },
    {
        "uuid": "5bc6fe3b-bf5f-4e10-9d58-33e3b7207190",
        "videoId": "1703517617877",
        "filePath": "/vs_data/citysoft-dev/video/2023/12/25/5b8b176f019ea18e/1703517330494/1703517617877/1703517617877.mp4",
        "sessionId": "1703517330494",
        "deviceId": "5b8b176f019ea18e",
        "descriptions": {
            "onDevice": "VladTest",
            "onServer": "VladTest"
        },
        "numbers": {
            "onDevice": "VladTest",
            "onServer": "VladTest"
        },
        "processingStatus": "CORRUPTED",
        "operatorId": 1,
        "creationDate": "2023-12-25T15:20:17.877Z",
        "processedDate": "2023-12-25T17:01:23.263Z",
        "homographyId": null,
        "mergedPartsCount": 300,
        "fps": 0,
        "size": 4527671,
        "resolution": null,
        "errorReason": null,
        "errorModule": null,
        "errorMessage": null,
        "geoJSON": {
            "type": "FeatureCollection",
            "features": [
                {
                    "type": "Feature",
                    "geometry": {
                        "type": "Point",
                        "coordinates": [
                            49.2541769,
                            55.7872202
                        ]
                    },
                    "properties": {
                        "createdDate": 1703517617877,
                        "bearing": 0.0,
                        "velocity": 6.37525285128504E-4
                    }
                },
                {
                    "type": "Feature",
                    "geometry": {
                        "type": "Point",
                        "coordinates": [
                            49.2541768,
                            55.7872201
                        ]
                    },
                    "properties": {
                        "createdDate": 1703517618869,
                        "bearing": 0.0,
                        "velocity": 7.440475201292429E-6
                    }
                },
                {
                    "type": "Feature",
                    "geometry": {
                        "type": "Point",
                        "coordinates": [
                            49.2541767,
                            55.78722
                        ]
                    },
                    "properties": {
                        "createdDate": 1703517619875,
                        "bearing": 0.0,
                        "velocity": 9.297486030845903E-6
                    }
                },
                {
                    "type": "Feature",
                    "geometry": {
                        "type": "Point",
                        "coordinates": [
                            49.2541978,
                            55.7872202
                        ]
                    },
                    "properties": {
                        "createdDate": 1703517634894,
                        "bearing": 160.1677703857422,
                        "velocity": 0.44739747047424316
                    }
                },
                {
                    "type": "Feature",
                    "geometry": {
                        "type": "Point",
                        "coordinates": [
                            49.2542174,
                            55.7872152
                        ]
                    },
                    "properties": {
                        "createdDate": 1703517635903,
                        "bearing": 149.5132293701172,
                        "velocity": 0.7625022530555725
                    }
                },
                {
                    "type": "Feature",
                    "geometry": {
                        "type": "Point",
                        "coordinates": [
                            49.25423,
                            55.78721
                        ]
                    },
                    "properties": {
                        "createdDate": 1703517636895,
                        "bearing": 154.3621826171875,
                        "velocity": 0.38978102803230286
                    }
                },
                {
                    "type": "Feature",
                    "geometry": {
                        "type": "Point",
                        "coordinates": [
                            49.2542364,
                            55.7872082
                        ]
                    },
                    "properties": {
                        "createdDate": 1703517637903,
                        "bearing": 157.40847778320312,
                        "velocity": 0.19060148298740387
                    }
                },
                {
                    "type": "Feature",
                    "geometry": {
                        "type": "Point",
                        "coordinates": [
                            49.2542385,
                            55.7872086
                        ]
                    },
                    "properties": {
                        "createdDate": 1703517638911,
                        "bearing": 0.0,
                        "velocity": 0.06955187767744064
                    }
                },
                {
                    "type": "Feature",
                    "geometry": {
                        "type": "Point",
                        "coordinates": [
                            49.2542393,
                            55.7872091
                        ]
                    },
                    "properties": {
                        "createdDate": 1703517639902,
                        "bearing": 0.0,
                        "velocity": 0.023938696831464767
                    }
                },
                {
                    "type": "Feature",
                    "geometry": {
                        "type": "Point",
                        "coordinates": [
                            49.2542397,
                            55.7872095
                        ]
                    },
                    "properties": {
                        "createdDate": 1703517640909,
                        "bearing": 0.0,
                        "velocity": 0.00684707285836339
                    }
                },
                {
                    "type": "Feature",
                    "geometry": {
                        "type": "Point",
                        "coordinates": [
                            49.2542399,
                            55.7872097
                        ]
                    },
                    "properties": {
                        "createdDate": 1703517641906,
                        "bearing": 0.0,
                        "velocity": 0.0016464643413200974
                    }
                },
                {
                    "type": "Feature",
                    "geometry": {
                        "type": "Point",
                        "coordinates": [
                            49.2542399,
                            55.7872098
                        ]
                    },
                    "properties": {
                        "createdDate": 1703517642909,
                        "bearing": 0.0,
                        "velocity": 5.396319320425391E-4
                    }
                },
                {
                    "type": "Feature",
                    "geometry": {
                        "type": "Point",
                        "coordinates": [
                            49.25424,
                            55.7872099
                        ]
                    },
                    "properties": {
                        "createdDate": 1703517643906,
                        "bearing": 0.0,
                        "velocity": 3.1679237144999206E-4
                    }
                },
                {
                    "type": "Feature",
                    "geometry": {
                        "type": "Point",
                        "coordinates": [
                            49.25424,
                            55.78721
                        ]
                    },
                    "properties": {
                        "createdDate": 1703517644909,
                        "bearing": 0.0,
                        "velocity": 3.404425806365907E-4
                    }
                },
                {
                    "type": "Feature",
                    "geometry": {
                        "type": "Point",
                        "coordinates": [
                            49.2542851,
                            55.7871992
                        ]
                    },
                    "properties": {
                        "createdDate": 1703517666951,
                        "bearing": 148.93258666992188,
                        "velocity": 1.5843722820281982
                    }
                },
                {
                    "type": "Feature",
                    "geometry": {
                        "type": "Point",
                        "coordinates": [
                            49.2543133,
                            55.7871796
                        ]
                    },
                    "properties": {
                        "createdDate": 1703517667959,
                        "bearing": 155.06275939941406,
                        "velocity": 2.270923614501953
                    }
                },
                {
                    "type": "Feature",
                    "geometry": {
                        "type": "Point",
                        "coordinates": [
                            49.2543318,
                            55.7871554
                        ]
                    },
                    "properties": {
                        "createdDate": 1703517668951,
                        "bearing": 161.28672790527344,
                        "velocity": 2.6327197551727295
                    }
                },
                {
                    "type": "Feature",
                    "geometry": {
                        "type": "Point",
                        "coordinates": [
                            49.25435,
                            55.7871308
                        ]
                    },
                    "properties": {
                        "createdDate": 1703517669946,
                        "bearing": 152.74041748046875,
                        "velocity": 2.718881130218506
                    }
                },
                {
                    "type": "Feature",
                    "geometry": {
                        "type": "Point",
                        "coordinates": [
                            49.2543745,
                            55.7871081
                        ]
                    },
                    "properties": {
                        "createdDate": 1703517670966,
                        "bearing": 146.49362182617188,
                        "velocity": 2.9567549228668213
                    }
                },
                {
                    "type": "Feature",
                    "geometry": {
                        "type": "Point",
                        "coordinates": [
                            49.2543966,
                            55.7870817
                        ]
                    },
                    "properties": {
                        "createdDate": 1703517671958,
                        "bearing": 154.3653564453125,
                        "velocity": 2.9502899646759033
                    }
                },
                {
                    "type": "Feature",
                    "geometry": {
                        "type": "Point",
                        "coordinates": [
                            49.2544169,
                            55.7870546
                        ]
                    },
                    "properties": {
                        "createdDate": 1703517672965,
                        "bearing": 152.12652587890625,
                        "velocity": 3.3820605278015137
                    }
                },
                {
                    "type": "Feature",
                    "geometry": {
                        "type": "Point",
                        "coordinates": [
                            49.2544337,
                            55.7870235
                        ]
                    },
                    "properties": {
                        "createdDate": 1703517673958,
                        "bearing": 157.3076934814453,
                        "velocity": 3.556462287902832
                    }
                },
                {
                    "type": "Feature",
                    "geometry": {
                        "type": "Point",
                        "coordinates": [
                            49.2544451,
                            55.7869948
                        ]
                    },
                    "properties": {
                        "createdDate": 1703517674965,
                        "bearing": 159.8510284423828,
                        "velocity": 3.4121201038360596
                    }
                },
                {
                    "type": "Feature",
                    "geometry": {
                        "type": "Point",
                        "coordinates": [
                            49.2544561,
                            55.7869661
                        ]
                    },
                    "properties": {
                        "createdDate": 1703517675956,
                        "bearing": 161.22340393066406,
                        "velocity": 3.4204628467559814
                    }
                },
                {
                    "type": "Feature",
                    "geometry": {
                        "type": "Point",
                        "coordinates": [
                            49.2544679,
                            55.7869388
                        ]
                    },
                    "properties": {
                        "createdDate": 1703517676966,
                        "bearing": 159.06134033203125,
                        "velocity": 3.335029125213623
                    }
                },
                {
                    "type": "Feature",
                    "geometry": {
                        "type": "Point",
                        "coordinates": [
                            49.2544744,
                            55.7869122
                        ]
                    },
                    "properties": {
                        "createdDate": 1703517677960,
                        "bearing": 162.1146697998047,
                        "velocity": 3.2298946380615234
                    }
                },
                {
                    "type": "Feature",
                    "geometry": {
                        "type": "Point",
                        "coordinates": [
                            49.2544743,
                            55.7868847
                        ]
                    },
                    "properties": {
                        "createdDate": 1703517678965,
                        "bearing": 168.3445281982422,
                        "velocity": 3.1757092475891113
                    }
                },
                {
                    "type": "Feature",
                    "geometry": {
                        "type": "Point",
                        "coordinates": [
                            49.2544712,
                            55.7868578
                        ]
                    },
                    "properties": {
                        "createdDate": 1703517679971,
                        "bearing": 172.2689666748047,
                        "velocity": 3.1027748584747314
                    }
                },
                {
                    "type": "Feature",
                    "geometry": {
                        "type": "Point",
                        "coordinates": [
                            49.2544774,
                            55.7868338
                        ]
                    },
                    "properties": {
                        "createdDate": 1703517680966,
                        "bearing": 169.44525146484375,
                        "velocity": 2.990004062652588
                    }
                },
                {
                    "type": "Feature",
                    "geometry": {
                        "type": "Point",
                        "coordinates": [
                            49.254472,
                            55.7868081
                        ]
                    },
                    "properties": {
                        "createdDate": 1703517681971,
                        "bearing": 168.9971466064453,
                        "velocity": 2.9051129817962646
                    }
                },
                {
                    "type": "Feature",
                    "geometry": {
                        "type": "Point",
                        "coordinates": [
                            49.2544706,
                            55.7867881
                        ]
                    },
                    "properties": {
                        "createdDate": 1703517682979,
                        "bearing": 167.58145141601562,
                        "velocity": 2.4636764526367188
                    }
                },
                {
                    "type": "Feature",
                    "geometry": {
                        "type": "Point",
                        "coordinates": [
                            49.2544776,
                            55.7867719
                        ]
                    },
                    "properties": {
                        "createdDate": 1703517683971,
                        "bearing": 166.31491088867188,
                        "velocity": 1.9704971313476562
                    }
                },
                {
                    "type": "Feature",
                    "geometry": {
                        "type": "Point",
                        "coordinates": [
                            49.2544874,
                            55.7867573
                        ]
                    },
                    "properties": {
                        "createdDate": 1703517684977,
                        "bearing": 164.7157745361328,
                        "velocity": 1.7680567502975464
                    }
                },
                {
                    "type": "Feature",
                    "geometry": {
                        "type": "Point",
                        "coordinates": [
                            49.2544938,
                            55.7867524
                        ]
                    },
                    "properties": {
                        "createdDate": 1703517685968,
                        "bearing": 174.4549102783203,
                        "velocity": 1.0142961740493774
                    }
                },
                {
                    "type": "Feature",
                    "geometry": {
                        "type": "Point",
                        "coordinates": [
                            49.2544995,
                            55.7867517
                        ]
                    },
                    "properties": {
                        "createdDate": 1703517686978,
                        "bearing": 177.0613555908203,
                        "velocity": 0.5611431002616882
                    }
                },
                {
                    "type": "Feature",
                    "geometry": {
                        "type": "Point",
                        "coordinates": [
                            49.254503,
                            55.7867534
                        ]
                    },
                    "properties": {
                        "createdDate": 1703517687985,
                        "bearing": 178.1504364013672,
                        "velocity": 0.29271233081817627
                    }
                },
                {
                    "type": "Feature",
                    "geometry": {
                        "type": "Point",
                        "coordinates": [
                            49.2545048,
                            55.786755
                        ]
                    },
                    "properties": {
                        "createdDate": 1703517688978,
                        "bearing": 178.7081298828125,
                        "velocity": 0.14057569205760956
                    }
                },
                {
                    "type": "Feature",
                    "geometry": {
                        "type": "Point",
                        "coordinates": [
                            49.2545057,
                            55.7867562
                        ]
                    },
                    "properties": {
                        "createdDate": 1703517689985,
                        "bearing": 0.0,
                        "velocity": 0.0670040175318718
                    }
                },
                {
                    "type": "Feature",
                    "geometry": {
                        "type": "Point",
                        "coordinates": [
                            49.2545196,
                            55.7867481
                        ]
                    },
                    "properties": {
                        "createdDate": 1703517690992,
                        "bearing": 165.20687866210938,
                        "velocity": 0.18794186413288116
                    }
                },
                {
                    "type": "Feature",
                    "geometry": {
                        "type": "Point",
                        "coordinates": [
                            49.2545437,
                            55.786738
                        ]
                    },
                    "properties": {
                        "createdDate": 1703517691984,
                        "bearing": 120.77230072021484,
                        "velocity": 0.6263135671615601
                    }
                },
                {
                    "type": "Feature",
                    "geometry": {
                        "type": "Point",
                        "coordinates": [
                            49.2545819,
                            55.7867235
                        ]
                    },
                    "properties": {
                        "createdDate": 1703517692993,
                        "bearing": 111.67872619628906,
                        "velocity": 1.1527811288833618
                    }
                },
                {
                    "type": "Feature",
                    "geometry": {
                        "type": "Point",
                        "coordinates": [
                            49.2546206,
                            55.7867127
                        ]
                    },
                    "properties": {
                        "createdDate": 1703517693985,
                        "bearing": 106.36827087402344,
                        "velocity": 1.467372179031372
                    }
                },
                {
                    "type": "Feature",
                    "geometry": {
                        "type": "Point",
                        "coordinates": [
                            49.2546652,
                            55.7867098
                        ]
                    },
                    "properties": {
                        "createdDate": 1703517694991,
                        "bearing": 92.53108215332031,
                        "velocity": 1.916096568107605
                    }
                },
                {
                    "type": "Feature",
                    "geometry": {
                        "type": "Point",
                        "coordinates": [
                            49.2547149,
                            55.786713
                        ]
                    },
                    "properties": {
                        "createdDate": 1703517695998,
                        "bearing": 83.97553253173828,
                        "velocity": 2.342597007751465
                    }
                },
                {
                    "type": "Feature",
                    "geometry": {
                        "type": "Point",
                        "coordinates": [
                            49.2547677,
                            55.7867182
                        ]
                    },
                    "properties": {
                        "createdDate": 1703517696991,
                        "bearing": 80.68342590332031,
                        "velocity": 2.6934728622436523
                    }
                },
                {
                    "type": "Feature",
                    "geometry": {
                        "type": "Point",
                        "coordinates": [
                            49.2548263,
                            55.7867245
                        ]
                    },
                    "properties": {
                        "createdDate": 1703517697998,
                        "bearing": 77.08750915527344,
                        "velocity": 3.160475969314575
                    }
                },
                {
                    "type": "Feature",
                    "geometry": {
                        "type": "Point",
                        "coordinates": [
                            49.254896,
                            55.7867332
                        ]
                    },
                    "properties": {
                        "createdDate": 1703517698993,
                        "bearing": 74.5299072265625,
                        "velocity": 3.762791395187378
                    }
                },
                {
                    "type": "Feature",
                    "geometry": {
                        "type": "Point",
                        "coordinates": [
                            49.2549647,
                            55.7867382
                        ]
                    },
                    "properties": {
                        "createdDate": 1703517700001,
                        "bearing": 77.60076141357422,
                        "velocity": 3.9369776248931885
                    }
                },
                {
                    "type": "Feature",
                    "geometry": {
                        "type": "Point",
                        "coordinates": [
                            49.255028,
                            55.786743
                        ]
                    },
                    "properties": {
                        "createdDate": 1703517701005,
                        "bearing": 76.60432434082031,
                        "velocity": 3.9099724292755127
                    }
                },
                {
                    "type": "Feature",
                    "geometry": {
                        "type": "Point",
                        "coordinates": [
                            49.255087,
                            55.7867497
                        ]
                    },
                    "properties": {
                        "createdDate": 1703517702015,
                        "bearing": 73.56902313232422,
                        "velocity": 3.873844861984253
                    }
                },
                {
                    "type": "Feature",
                    "geometry": {
                        "type": "Point",
                        "coordinates": [
                            49.255146,
                            55.786758
                        ]
                    },
                    "properties": {
                        "createdDate": 1703517703009,
                        "bearing": 74.7330551147461,
                        "velocity": 3.846022844314575
                    }
                },
                {
                    "type": "Feature",
                    "geometry": {
                        "type": "Point",
                        "coordinates": [
                            49.2552052,
                            55.7867661
                        ]
                    },
                    "properties": {
                        "createdDate": 1703517704015,
                        "bearing": 74.88011169433594,
                        "velocity": 3.91512393951416
                    }
                },
                {
                    "type": "Feature",
                    "geometry": {
                        "type": "Point",
                        "coordinates": [
                            49.2552702,
                            55.7867724
                        ]
                    },
                    "properties": {
                        "createdDate": 1703517705007,
                        "bearing": 76.8110122680664,
                        "velocity": 4.072729110717773
                    }
                },
                {
                    "type": "Feature",
                    "geometry": {
                        "type": "Point",
                        "coordinates": [
                            49.25534,
                            55.7867777
                        ]
                    },
                    "properties": {
                        "createdDate": 1703517706013,
                        "bearing": 78.7163314819336,
                        "velocity": 4.266188621520996
                    }
                },
                {
                    "type": "Feature",
                    "geometry": {
                        "type": "Point",
                        "coordinates": [
                            49.2554102,
                            55.7867856
                        ]
                    },
                    "properties": {
                        "createdDate": 1703517707020,
                        "bearing": 77.42164611816406,
                        "velocity": 4.395552158355713
                    }
                },
                {
                    "type": "Feature",
                    "geometry": {
                        "type": "Point",
                        "coordinates": [
                            49.2554893,
                            55.7867972
                        ]
                    },
                    "properties": {
                        "createdDate": 1703517708014,
                        "bearing": 77.35440826416016,
                        "velocity": 4.574662685394287
                    }
                },
                {
                    "type": "Feature",
                    "geometry": {
                        "type": "Point",
                        "coordinates": [
                            49.2555678,
                            55.7868164
                        ]
                    },
                    "properties": {
                        "createdDate": 1703517709020,
                        "bearing": 74.67256164550781,
                        "velocity": 4.7191643714904785
                    }
                },
                {
                    "type": "Feature",
                    "geometry": {
                        "type": "Point",
                        "coordinates": [
                            49.2556423,
                            55.7868427
                        ]
                    },
                    "properties": {
                        "createdDate": 1703517710027,
                        "bearing": 72.1600570678711,
                        "velocity": 4.850881099700928
                    }
                },
                {
                    "type": "Feature",
                    "geometry": {
                        "type": "Point",
                        "coordinates": [
                            49.2557106,
                            55.7868726
                        ]
                    },
                    "properties": {
                        "createdDate": 1703517711019,
                        "bearing": 69.29547119140625,
                        "velocity": 4.816076278686523
                    }
                },
                {
                    "type": "Feature",
                    "geometry": {
                        "type": "Point",
                        "coordinates": [
                            49.2557722,
                            55.7868964
                        ]
                    },
                    "properties": {
                        "createdDate": 1703517712010,
                        "bearing": 67.0889663696289,
                        "velocity": 4.576958656311035
                    }
                },
                {
                    "type": "Feature",
                    "geometry": {
                        "type": "Point",
                        "coordinates": [
                            49.2558271,
                            55.7869157
                        ]
                    },
                    "properties": {
                        "createdDate": 1703517713019,
                        "bearing": 66.92993927001953,
                        "velocity": 4.24053430557251
                    }
                },
                {
                    "type": "Feature",
                    "geometry": {
                        "type": "Point",
                        "coordinates": [
                            49.2558901,
                            55.7869127
                        ]
                    },
                    "properties": {
                        "createdDate": 1703517714026,
                        "bearing": 74.11148071289062,
                        "velocity": 3.9666383266448975
                    }
                },
                {
                    "type": "Feature",
                    "geometry": {
                        "type": "Point",
                        "coordinates": [
                            49.2559447,
                            55.7869072
                        ]
                    },
                    "properties": {
                        "createdDate": 1703517715023,
                        "bearing": 80.44692993164062,
                        "velocity": 3.671664237976074
                    }
                },
                {
                    "type": "Feature",
                    "geometry": {
                        "type": "Point",
                        "coordinates": [
                            49.255984,
                            55.7869048
                        ]
                    },
                    "properties": {
                        "createdDate": 1703517716026,
                        "bearing": 83.45051574707031,
                        "velocity": 3.2026350498199463
                    }
                },
                {
                    "type": "Feature",
                    "geometry": {
                        "type": "Point",
                        "coordinates": [
                            49.2560155,
                            55.7869048
                        ]
                    },
                    "properties": {
                        "createdDate": 1703517717033,
                        "bearing": 83.42796325683594,
                        "velocity": 2.8016610145568848
                    }
                },
                {
                    "type": "Feature",
                    "geometry": {
                        "type": "Point",
                        "coordinates": [
                            49.2560494,
                            55.7868973
                        ]
                    },
                    "properties": {
                        "createdDate": 1703517718026,
                        "bearing": 84.85694122314453,
                        "velocity": 2.7969298362731934
                    }
                },
                {
                    "type": "Feature",
                    "geometry": {
                        "type": "Point",
                        "coordinates": [
                            49.2560939,
                            55.7868909
                        ]
                    },
                    "properties": {
                        "createdDate": 1703517719033,
                        "bearing": 89.22341918945312,
                        "velocity": 2.918745994567871
                    }
                },
                {
                    "type": "Feature",
                    "geometry": {
                        "type": "Point",
                        "coordinates": [
                            49.2561372,
                            55.7868894
                        ]
                    },
                    "properties": {
                        "createdDate": 1703517720040,
                        "bearing": 87.63220977783203,
                        "velocity": 2.864544630050659
                    }
                },
                {
                    "type": "Feature",
                    "geometry": {
                        "type": "Point",
                        "coordinates": [
                            49.2561784,
                            55.7868904
                        ]
                    },
                    "properties": {
                        "createdDate": 1703517721034,
                        "bearing": 86.53899383544922,
                        "velocity": 2.7627112865448
                    }
                },
                {
                    "type": "Feature",
                    "geometry": {
                        "type": "Point",
                        "coordinates": [
                            49.2562217,
                            55.7868919
                        ]
                    },
                    "properties": {
                        "createdDate": 1703517722041,
                        "bearing": 86.10308074951172,
                        "velocity": 2.7149267196655273
                    }
                },
                {
                    "type": "Feature",
                    "geometry": {
                        "type": "Point",
                        "coordinates": [
                            49.2562595,
                            55.7868957
                        ]
                    },
                    "properties": {
                        "createdDate": 1703517723031,
                        "bearing": 82.57091522216797,
                        "velocity": 2.678100824356079
                    }
                },
                {
                    "type": "Feature",
                    "geometry": {
                        "type": "Point",
                        "coordinates": [
                            49.2563003,
                            55.7869118
                        ]
                    },
                    "properties": {
                        "createdDate": 1703517724041,
                        "bearing": 73.90449523925781,
                        "velocity": 2.8593404293060303
                    }
                },
                {
                    "type": "Feature",
                    "geometry": {
                        "type": "Point",
                        "coordinates": [
                            49.2563475,
                            55.7869267
                        ]
                    },
                    "properties": {
                        "createdDate": 1703517725036,
                        "bearing": 71.31029510498047,
                        "velocity": 3.070944309234619
                    }
                },
                {
                    "type": "Feature",
                    "geometry": {
                        "type": "Point",
                        "coordinates": [
                            49.2563939,
                            55.7869426
                        ]
                    },
                    "properties": {
                        "createdDate": 1703517726041,
                        "bearing": 67.5460433959961,
                        "velocity": 3.169969320297241
                    }
                },
                {
                    "type": "Feature",
                    "geometry": {
                        "type": "Point",
                        "coordinates": [
                            49.2564346,
                            55.78696
                        ]
                    },
                    "properties": {
                        "createdDate": 1703517727047,
                        "bearing": 62.26298141479492,
                        "velocity": 3.075792074203491
                    }
                },
                {
                    "type": "Feature",
                    "geometry": {
                        "type": "Point",
                        "coordinates": [
                            49.2564665,
                            55.7869786
                        ]
                    },
                    "properties": {
                        "createdDate": 1703517728041,
                        "bearing": 56.066741943359375,
                        "velocity": 2.8488526344299316
                    }
                },
                {
                    "type": "Feature",
                    "geometry": {
                        "type": "Point",
                        "coordinates": [
                            49.2564977,
                            55.7869974
                        ]
                    },
                    "properties": {
                        "createdDate": 1703517729047,
                        "bearing": 45.95589828491211,
                        "velocity": 2.323993444442749
                    }
                },
                {
                    "type": "Feature",
                    "geometry": {
                        "type": "Point",
                        "coordinates": [
                            49.2565233,
                            55.787022
                        ]
                    },
                    "properties": {
                        "createdDate": 1703517730055,
                        "bearing": 31.03017807006836,
                        "velocity": 2.231837034225464
                    }
                },
                {
                    "type": "Feature",
                    "geometry": {
                        "type": "Point",
                        "coordinates": [
                            49.2565462,
                            55.7870545
                        ]
                    },
                    "properties": {
                        "createdDate": 1703517731050,
                        "bearing": 17.237285614013672,
                        "velocity": 2.4495205879211426
                    }
                },
                {
                    "type": "Feature",
                    "geometry": {
                        "type": "Point",
                        "coordinates": [
                            49.2565602,
                            55.7870891
                        ]
                    },
                    "properties": {
                        "createdDate": 1703517732055,
                        "bearing": 11.631770133972168,
                        "velocity": 2.7893433570861816
                    }
                },
                {
                    "type": "Feature",
                    "geometry": {
                        "type": "Point",
                        "coordinates": [
                            49.2565646,
                            55.7871266
                        ]
                    },
                    "properties": {
                        "createdDate": 1703517733051,
                        "bearing": 7.282232284545898,
                        "velocity": 3.0944042205810547
                    }
                },
                {
                    "type": "Feature",
                    "geometry": {
                        "type": "Point",
                        "coordinates": [
                            49.2565663,
                            55.7871607
                        ]
                    },
                    "properties": {
                        "createdDate": 1703517734053,
                        "bearing": 6.552358627319336,
                        "velocity": 3.2048988342285156
                    }
                },
                {
                    "type": "Feature",
                    "geometry": {
                        "type": "Point",
                        "coordinates": [
                            49.2565569,
                            55.7871968
                        ]
                    },
                    "properties": {
                        "createdDate": 1703517735047,
                        "bearing": 0.7171699404716492,
                        "velocity": 3.290100336074829
                    }
                },
                {
                    "type": "Feature",
                    "geometry": {
                        "type": "Point",
                        "coordinates": [
                            49.2565474,
                            55.7872252
                        ]
                    },
                    "properties": {
                        "createdDate": 1703517736056,
                        "bearing": 356.16302490234375,
                        "velocity": 3.0019779205322266
                    }
                },
                {
                    "type": "Feature",
                    "geometry": {
                        "type": "Point",
                        "coordinates": [
                            49.2565407,
                            55.787247
                        ]
                    },
                    "properties": {
                        "createdDate": 1703517737061,
                        "bearing": 353.65277099609375,
                        "velocity": 2.659074306488037
                    }
                },
                {
                    "type": "Feature",
                    "geometry": {
                        "type": "Point",
                        "coordinates": [
                            49.2565389,
                            55.7872654
                        ]
                    },
                    "properties": {
                        "createdDate": 1703517738068,
                        "bearing": 353.07177734375,
                        "velocity": 2.291961193084717
                    }
                },
                {
                    "type": "Feature",
                    "geometry": {
                        "type": "Point",
                        "coordinates": [
                            49.2565303,
                            55.7872804
                        ]
                    },
                    "properties": {
                        "createdDate": 1703517739060,
                        "bearing": 349.2142333984375,
                        "velocity": 1.6815863847732544
                    }
                },
                {
                    "type": "Feature",
                    "geometry": {
                        "type": "Point",
                        "coordinates": [
                            49.2565029,
                            55.7872885
                        ]
                    },
                    "properties": {
                        "createdDate": 1703517740067,
                        "bearing": 358.9407653808594,
                        "velocity": 0.3112131655216217
                    }
                },
                {
                    "type": "Feature",
                    "geometry": {
                        "type": "Point",
                        "coordinates": [
                            49.2564975,
                            55.7872915
                        ]
                    },
                    "properties": {
                        "createdDate": 1703517741075,
                        "bearing": 0.0,
                        "velocity": 0.06927144527435303
                    }
                },
                {
                    "type": "Feature",
                    "geometry": {
                        "type": "Point",
                        "coordinates": [
                            49.2565015,
                            55.7872918
                        ]
                    },
                    "properties": {
                        "createdDate": 1703517742065,
                        "bearing": 0.0,
                        "velocity": 0.01421829592436552
                    }
                },
                {
                    "type": "Feature",
                    "geometry": {
                        "type": "Point",
                        "coordinates": [
                            49.2565027,
                            55.7872918
                        ]
                    },
                    "properties": {
                        "createdDate": 1703517743057,
                        "bearing": 0.0,
                        "velocity": 0.002320188796147704
                    }
                },
                {
                    "type": "Feature",
                    "geometry": {
                        "type": "Point",
                        "coordinates": [
                            49.2565031,
                            55.7872917
                        ]
                    },
                    "properties": {
                        "createdDate": 1703517744068,
                        "bearing": 0.0,
                        "velocity": 2.447082952130586E-4
                    }
                },
                {
                    "type": "Feature",
                    "geometry": {
                        "type": "Point",
                        "coordinates": [
                            49.2564441,
                            55.7873264
                        ]
                    },
                    "properties": {
                        "createdDate": 1703517745075,
                        "bearing": 340.0627136230469,
                        "velocity": 2.0952565670013428
                    }
                },
                {
                    "type": "Feature",
                    "geometry": {
                        "type": "Point",
                        "coordinates": [
                            49.2563958,
                            55.7873645
                        ]
                    },
                    "properties": {
                        "createdDate": 1703517746067,
                        "bearing": 349.32232666015625,
                        "velocity": 3.132451295852661
                    }
                },
                {
                    "type": "Feature",
                    "geometry": {
                        "type": "Point",
                        "coordinates": [
                            49.2563547,
                            55.7874077
                        ]
                    },
                    "properties": {
                        "createdDate": 1703517747074,
                        "bearing": 346.8686218261719,
                        "velocity": 3.687755584716797
                    }
                },
                {
                    "type": "Feature",
                    "geometry": {
                        "type": "Point",
                        "coordinates": [
                            49.256324,
                            55.7874461
                        ]
                    },
                    "properties": {
                        "createdDate": 1703517748081,
                        "bearing": 350.2111511230469,
                        "velocity": 3.7263283729553223
                    }
                },
                {
                    "type": "Feature",
                    "geometry": {
                        "type": "Point",
                        "coordinates": [
                            49.2562873,
                            55.7874783
                        ]
                    },
                    "properties": {
                        "createdDate": 1703517749074,
                        "bearing": 342.983154296875,
                        "velocity": 3.334054708480835
                    }
                },
                {
                    "type": "Feature",
                    "geometry": {
                        "type": "Point",
                        "coordinates": [
                            49.2562635,
                            55.7875041
                        ]
                    },
                    "properties": {
                        "createdDate": 1703517750081,
                        "bearing": 340.33746337890625,
                        "velocity": 3.0908420085906982
                    }
                },
                {
                    "type": "Feature",
                    "geometry": {
                        "type": "Point",
                        "coordinates": [
                            49.2562432,
                            55.787525
                        ]
                    },
                    "properties": {
                        "createdDate": 1703517751078,
                        "bearing": 336.79864501953125,
                        "velocity": 2.4717984199523926
                    }
                },
                {
                    "type": "Feature",
                    "geometry": {
                        "type": "Point",
                        "coordinates": [
                            49.25622,
                            55.7875364
                        ]
                    },
                    "properties": {
                        "createdDate": 1703517752081,
                        "bearing": 331.0788269042969,
                        "velocity": 1.8210017681121826
                    }
                },
                {
                    "type": "Feature",
                    "geometry": {
                        "type": "Point",
                        "coordinates": [
                            49.2561959,
                            55.787543
                        ]
                    },
                    "properties": {
                        "createdDate": 1703517753088,
                        "bearing": 329.6948547363281,
                        "velocity": 1.4855555295944214
                    }
                },
                {
                    "type": "Feature",
                    "geometry": {
                        "type": "Point",
                        "coordinates": [
                            49.2561731,
                            55.7875488
                        ]
                    },
                    "properties": {
                        "createdDate": 1703517754096,
                        "bearing": 329.4093322753906,
                        "velocity": 1.3267080783843994
                    }
                },
                {
                    "type": "Feature",
                    "geometry": {
                        "type": "Point",
                        "coordinates": [
                            49.2561476,
                            55.7875588
                        ]
                    },
                    "properties": {
                        "createdDate": 1703517755088,
                        "bearing": 332.89227294921875,
                        "velocity": 1.7932125329971313
                    }
                },
                {
                    "type": "Feature",
                    "geometry": {
                        "type": "Point",
                        "coordinates": [
                            49.2561303,
                            55.7875759
                        ]
                    },
                    "properties": {
                        "createdDate": 1703517756095,
                        "bearing": 342.6552429199219,
                        "velocity": 2.179121732711792
                    }
                },
                {
                    "type": "Feature",
                    "geometry": {
                        "type": "Point",
                        "coordinates": [
                            49.2561328,
                            55.7875911
                        ]
                    },
                    "properties": {
                        "createdDate": 1703517757103,
                        "bearing": 335.3489990234375,
                        "velocity": 1.8129942417144775
                    }
                },
                {
                    "type": "Feature",
                    "geometry": {
                        "type": "Point",
                        "coordinates": [
                            49.2561382,
                            55.7876042
                        ]
                    },
                    "properties": {
                        "createdDate": 1703517758095,
                        "bearing": 351.0871276855469,
                        "velocity": 1.953110933303833
                    }
                },
                {
                    "type": "Feature",
                    "geometry": {
                        "type": "Point",
                        "coordinates": [
                            49.2561554,
                            55.7876192
                        ]
                    },
                    "properties": {
                        "createdDate": 1703517759088,
                        "bearing": 22.10440444946289,
                        "velocity": 1.9583793878555298
                    }
                },
                {
                    "type": "Feature",
                    "geometry": {
                        "type": "Point",
                        "coordinates": [
                            49.2561682,
                            55.7876426
                        ]
                    },
                    "properties": {
                        "createdDate": 1703517760094,
                        "bearing": 23.903989791870117,
                        "velocity": 2.6035356521606445
                    }
                },
                {
                    "type": "Feature",
                    "geometry": {
                        "type": "Point",
                        "coordinates": [
                            49.2561658,
                            55.7876784
                        ]
                    },
                    "properties": {
                        "createdDate": 1703517761101,
                        "bearing": 12.107996940612793,
                        "velocity": 3.2772467136383057
                    }
                },
                {
                    "type": "Feature",
                    "geometry": {
                        "type": "Point",
                        "coordinates": [
                            49.2561455,
                            55.7877231
                        ]
                    },
                    "properties": {
                        "createdDate": 1703517762095,
                        "bearing": 359.8572998046875,
                        "velocity": 4.3453168869018555
                    }
                },
                {
                    "type": "Feature",
                    "geometry": {
                        "type": "Point",
                        "coordinates": [
                            49.2561216,
                            55.7877716
                        ]
                    },
                    "properties": {
                        "createdDate": 1703517763101,
                        "bearing": 0.572837769985199,
                        "velocity": 4.763802528381348
                    }
                },
                {
                    "type": "Feature",
                    "geometry": {
                        "type": "Point",
                        "coordinates": [
                            49.2560886,
                            55.7878233
                        ]
                    },
                    "properties": {
                        "createdDate": 1703517764108,
                        "bearing": 353.63470458984375,
                        "velocity": 5.05792236328125
                    }
                },
                {
                    "type": "Feature",
                    "geometry": {
                        "type": "Point",
                        "coordinates": [
                            49.2560416,
                            55.7878833
                        ]
                    },
                    "properties": {
                        "createdDate": 1703517765099,
                        "bearing": 347.2333068847656,
                        "velocity": 5.943484306335449
                    }
                },
                {
                    "type": "Feature",
                    "geometry": {
                        "type": "Point",
                        "coordinates": [
                            49.2559943,
                            55.7879384
                        ]
                    },
                    "properties": {
                        "createdDate": 1703517766108,
                        "bearing": 339.9296569824219,
                        "velocity": 5.568336009979248
                    }
                },
                {
                    "type": "Feature",
                    "geometry": {
                        "type": "Point",
                        "coordinates": [
                            49.2559413,
                            55.7880113
                        ]
                    },
                    "properties": {
                        "createdDate": 1703517767104,
                        "bearing": 340.0352478027344,
                        "velocity": 5.87408971786499
                    }
                },
                {
                    "type": "Feature",
                    "geometry": {
                        "type": "Point",
                        "coordinates": [
                            49.2559006,
                            55.7880636
                        ]
                    },
                    "properties": {
                        "createdDate": 1703517768130,
                        "bearing": 340.2142028808594,
                        "velocity": 4.883186340332031
                    }
                },
                {
                    "type": "Feature",
                    "geometry": {
                        "type": "Point",
                        "coordinates": [
                            49.2558655,
                            55.7881166
                        ]
                    },
                    "properties": {
                        "createdDate": 1703517769116,
                        "bearing": 336.5627136230469,
                        "velocity": 4.781679153442383
                    }
                },
                {
                    "type": "Feature",
                    "geometry": {
                        "type": "Point",
                        "coordinates": [
                            49.2558314,
                            55.7881635
                        ]
                    },
                    "properties": {
                        "createdDate": 1703517770123,
                        "bearing": 334.6402282714844,
                        "velocity": 4.275784969329834
                    }
                },
                {
                    "type": "Feature",
                    "geometry": {
                        "type": "Point",
                        "coordinates": [
                            49.2558138,
                            55.7882068
                        ]
                    },
                    "properties": {
                        "createdDate": 1703517771115,
                        "bearing": 341.35150146484375,
                        "velocity": 4.593329429626465
                    }
                },
                {
                    "type": "Feature",
                    "geometry": {
                        "type": "Point",
                        "coordinates": [
                            49.2557923,
                            55.7882539
                        ]
                    },
                    "properties": {
                        "createdDate": 1703517772105,
                        "bearing": 342.7655029296875,
                        "velocity": 5.2383599281311035
                    }
                },
                {
                    "type": "Feature",
                    "geometry": {
                        "type": "Point",
                        "coordinates": [
                            49.2557691,
                            55.788297
                        ]
                    },
                    "properties": {
                        "createdDate": 1703517773116,
                        "bearing": 337.00909423828125,
                        "velocity": 4.901252269744873
                    }
                },
                {
                    "type": "Feature",
                    "geometry": {
                        "type": "Point",
                        "coordinates": [
                            49.2557518,
                            55.7883408
                        ]
                    },
                    "properties": {
                        "createdDate": 1703517774122,
                        "bearing": 347.48150634765625,
                        "velocity": 5.060967922210693
                    }
                },
                {
                    "type": "Feature",
                    "geometry": {
                        "type": "Point",
                        "coordinates": [
                            49.2556991,
                            55.7883886
                        ]
                    },
                    "properties": {
                        "createdDate": 1703517775115,
                        "bearing": 341.4913635253906,
                        "velocity": 5.185629367828369
                    }
                },
                {
                    "type": "Feature",
                    "geometry": {
                        "type": "Point",
                        "coordinates": [
                            49.2556508,
                            55.7884368
                        ]
                    },
                    "properties": {
                        "createdDate": 1703517776123,
                        "bearing": 341.7633056640625,
                        "velocity": 5.1949920654296875
                    }
                },
                {
                    "type": "Feature",
                    "geometry": {
                        "type": "Point",
                        "coordinates": [
                            49.2556134,
                            55.7884837
                        ]
                    },
                    "properties": {
                        "createdDate": 1703517777129,
                        "bearing": 342.8269348144531,
                        "velocity": 4.752537250518799
                    }
                },
                {
                    "type": "Feature",
                    "geometry": {
                        "type": "Point",
                        "coordinates": [
                            49.2555856,
                            55.7885307
                        ]
                    },
                    "properties": {
                        "createdDate": 1703517778131,
                        "bearing": 343.07733154296875,
                        "velocity": 4.390143871307373
                    }
                },
                {
                    "type": "Feature",
                    "geometry": {
                        "type": "Point",
                        "coordinates": [
                            49.2555639,
                            55.7885829
                        ]
                    },
                    "properties": {
                        "createdDate": 1703517779129,
                        "bearing": 345.69757080078125,
                        "velocity": 4.699216842651367
                    }
                },
                {
                    "type": "Feature",
                    "geometry": {
                        "type": "Point",
                        "coordinates": [
                            49.2555238,
                            55.7886342
                        ]
                    },
                    "properties": {
                        "createdDate": 1703517780120,
                        "bearing": 344.09661865234375,
                        "velocity": 4.765054702758789
                    }
                },
                {
                    "type": "Feature",
                    "geometry": {
                        "type": "Point",
                        "coordinates": [
                            49.255478,
                            55.7886823
                        ]
                    },
                    "properties": {
                        "createdDate": 1703517781128,
                        "bearing": 338.62164306640625,
                        "velocity": 4.881128311157227
                    }
                },
                {
                    "type": "Feature",
                    "geometry": {
                        "type": "Point",
                        "coordinates": [
                            49.2554369,
                            55.788728
                        ]
                    },
                    "properties": {
                        "createdDate": 1703517782136,
                        "bearing": 338.0509033203125,
                        "velocity": 4.805860996246338
                    }
                },
                {
                    "type": "Feature",
                    "geometry": {
                        "type": "Point",
                        "coordinates": [
                            49.2554262,
                            55.7887681
                        ]
                    },
                    "properties": {
                        "createdDate": 1703517783135,
                        "bearing": 340.0394287109375,
                        "velocity": 4.459784507751465
                    }
                },
                {
                    "type": "Feature",
                    "geometry": {
                        "type": "Point",
                        "coordinates": [
                            49.2554279,
                            55.78881
                        ]
                    },
                    "properties": {
                        "createdDate": 1703517784137,
                        "bearing": 349.4242858886719,
                        "velocity": 4.119976997375488
                    }
                },
                {
                    "type": "Feature",
                    "geometry": {
                        "type": "Point",
                        "coordinates": [
                            49.2554234,
                            55.7888477
                        ]
                    },
                    "properties": {
                        "createdDate": 1703517785143,
                        "bearing": 348.1746826171875,
                        "velocity": 4.067328453063965
                    }
                },
                {
                    "type": "Feature",
                    "geometry": {
                        "type": "Point",
                        "coordinates": [
                            49.2554357,
                            55.7888951
                        ]
                    },
                    "properties": {
                        "createdDate": 1703517786137,
                        "bearing": 356.4156799316406,
                        "velocity": 3.599895477294922
                    }
                },
                {
                    "type": "Feature",
                    "geometry": {
                        "type": "Point",
                        "coordinates": [
                            49.2554632,
                            55.7889493
                        ]
                    },
                    "properties": {
                        "createdDate": 1703517787142,
                        "bearing": 1.7429920434951782,
                        "velocity": 3.8624460697174072
                    }
                },
                {
                    "type": "Feature",
                    "geometry": {
                        "type": "Point",
                        "coordinates": [
                            49.2554707,
                            55.7889894
                        ]
                    },
                    "properties": {
                        "createdDate": 1703517788132,
                        "bearing": 356.4550476074219,
                        "velocity": 3.6666347980499268
                    }
                },
                {
                    "type": "Feature",
                    "geometry": {
                        "type": "Point",
                        "coordinates": [
                            49.2554655,
                            55.7890254
                        ]
                    },
                    "properties": {
                        "createdDate": 1703517789143,
                        "bearing": 350.4382629394531,
                        "velocity": 3.6530263423919678
                    }
                },
                {
                    "type": "Feature",
                    "geometry": {
                        "type": "Point",
                        "coordinates": [
                            49.2554502,
                            55.789061
                        ]
                    },
                    "properties": {
                        "createdDate": 1703517790134,
                        "bearing": 343.5357360839844,
                        "velocity": 4.017402172088623
                    }
                },
                {
                    "type": "Feature",
                    "geometry": {
                        "type": "Point",
                        "coordinates": [
                            49.2554281,
                            55.7891003
                        ]
                    },
                    "properties": {
                        "createdDate": 1703517791142,
                        "bearing": 342.9710693359375,
                        "velocity": 4.351075172424316
                    }
                },
                {
                    "type": "Feature",
                    "geometry": {
                        "type": "Point",
                        "coordinates": [
                            49.2554441,
                            55.7891486
                        ]
                    },
                    "properties": {
                        "createdDate": 1703517792150,
                        "bearing": 346.9291076660156,
                        "velocity": 4.426761150360107
                    }
                },
                {
                    "type": "Feature",
                    "geometry": {
                        "type": "Point",
                        "coordinates": [
                            49.2554316,
                            55.7892173
                        ]
                    },
                    "properties": {
                        "createdDate": 1703517793145,
                        "bearing": 343.43157958984375,
                        "velocity": 4.340737342834473
                    }
                },
                {
                    "type": "Feature",
                    "geometry": {
                        "type": "Point",
                        "coordinates": [
                            49.2554082,
                            55.7892607
                        ]
                    },
                    "properties": {
                        "createdDate": 1703517794150,
                        "bearing": 337.5860900878906,
                        "velocity": 4.041955471038818
                    }
                },
                {
                    "type": "Feature",
                    "geometry": {
                        "type": "Point",
                        "coordinates": [
                            49.2553834,
                            55.789297
                        ]
                    },
                    "properties": {
                        "createdDate": 1703517795157,
                        "bearing": 335.2973327636719,
                        "velocity": 3.7936110496520996
                    }
                },
                {
                    "type": "Feature",
                    "geometry": {
                        "type": "Point",
                        "coordinates": [
                            49.2553488,
                            55.7893246
                        ]
                    },
                    "properties": {
                        "createdDate": 1703517796149,
                        "bearing": 323.39788818359375,
                        "velocity": 3.402261972427368
                    }
                },
                {
                    "type": "Feature",
                    "geometry": {
                        "type": "Point",
                        "coordinates": [
                            49.2553096,
                            55.7893437
                        ]
                    },
                    "properties": {
                        "createdDate": 1703517797159,
                        "bearing": 314.2418212890625,
                        "velocity": 3.0755181312561035
                    }
                },
                {
                    "type": "Feature",
                    "geometry": {
                        "type": "Point",
                        "coordinates": [
                            49.2552842,
                            55.7893584
                        ]
                    },
                    "properties": {
                        "createdDate": 1703517798164,
                        "bearing": 306.7115783691406,
                        "velocity": 2.6905055046081543
                    }
                },
                {
                    "type": "Feature",
                    "geometry": {
                        "type": "Point",
                        "coordinates": [
                            49.2552568,
                            55.7893672
                        ]
                    },
                    "properties": {
                        "createdDate": 1703517799159,
                        "bearing": 281.8047180175781,
                        "velocity": 2.321484088897705
                    }
                },
                {
                    "type": "Feature",
                    "geometry": {
                        "type": "Point",
                        "coordinates": [
                            49.2552224,
                            55.7893681
                        ]
                    },
                    "properties": {
                        "createdDate": 1703517800162,
                        "bearing": 274.43731689453125,
                        "velocity": 2.2137391567230225
                    }
                },
                {
                    "type": "Feature",
                    "geometry": {
                        "type": "Point",
                        "coordinates": [
                            49.2552056,
                            55.7893629
                        ]
                    },
                    "properties": {
                        "createdDate": 1703517801155,
                        "bearing": 253.1168212890625,
                        "velocity": 2.0727715492248535
                    }
                },
                {
                    "type": "Feature",
                    "geometry": {
                        "type": "Point",
                        "coordinates": [
                            49.2551745,
                            55.7893511
                        ]
                    },
                    "properties": {
                        "createdDate": 1703517802162,
                        "bearing": 242.37225341796875,
                        "velocity": 2.7504637241363525
                    }
                },
                {
                    "type": "Feature",
                    "geometry": {
                        "type": "Point",
                        "coordinates": [
                            49.2551302,
                            55.7893376
                        ]
                    },
                    "properties": {
                        "createdDate": 1703517803169,
                        "bearing": 246.60533142089844,
                        "velocity": 3.17397141456604
                    }
                },
                {
                    "type": "Feature",
                    "geometry": {
                        "type": "Point",
                        "coordinates": [
                            49.2550778,
                            55.7893254
                        ]
                    },
                    "properties": {
                        "createdDate": 1703517804161,
                        "bearing": 248.85084533691406,
                        "velocity": 3.0310850143432617
                    }
                },
                {
                    "type": "Feature",
                    "geometry": {
                        "type": "Point",
                        "coordinates": [
                            49.255026,
                            55.7893164
                        ]
                    },
                    "properties": {
                        "createdDate": 1703517805170,
                        "bearing": 253.6934356689453,
                        "velocity": 2.937211275100708
                    }
                },
                {
                    "type": "Feature",
                    "geometry": {
                        "type": "Point",
                        "coordinates": [
                            49.2549694,
                            55.789312
                        ]
                    },
                    "properties": {
                        "createdDate": 1703517806177,
                        "bearing": 257.7491149902344,
                        "velocity": 3.267188787460327
                    }
                },
                {
                    "type": "Feature",
                    "geometry": {
                        "type": "Point",
                        "coordinates": [
                            49.2549076,
                            55.7893052
                        ]
                    },
                    "properties": {
                        "createdDate": 1703517807170,
                        "bearing": 252.23199462890625,
                        "velocity": 3.7658777236938477
                    }
                },
                {
                    "type": "Feature",
                    "geometry": {
                        "type": "Point",
                        "coordinates": [
                            49.2548369,
                            55.7892926
                        ]
                    },
                    "properties": {
                        "createdDate": 1703517808177,
                        "bearing": 251.9072265625,
                        "velocity": 4.361371040344238
                    }
                },
                {
                    "type": "Feature",
                    "geometry": {
                        "type": "Point",
                        "coordinates": [
                            49.254757,
                            55.7892802
                        ]
                    },
                    "properties": {
                        "createdDate": 1703517809184,
                        "bearing": 255.68087768554688,
                        "velocity": 4.890700340270996
                    }
                },
                {
                    "type": "Feature",
                    "geometry": {
                        "type": "Point",
                        "coordinates": [
                            49.2546745,
                            55.7892698
                        ]
                    },
                    "properties": {
                        "createdDate": 1703517810176,
                        "bearing": 257.85162353515625,
                        "velocity": 4.873764514923096
                    }
                },
                {
                    "type": "Feature",
                    "geometry": {
                        "type": "Point",
                        "coordinates": [
                            49.2545936,
                            55.7892602
                        ]
                    },
                    "properties": {
                        "createdDate": 1703517811184,
                        "bearing": 257.0306396484375,
                        "velocity": 5.04395055770874
                    }
                },
                {
                    "type": "Feature",
                    "geometry": {
                        "type": "Point",
                        "coordinates": [
                            49.2545067,
                            55.7892534
                        ]
                    },
                    "properties": {
                        "createdDate": 1703517812176,
                        "bearing": 255.12306213378906,
                        "velocity": 5.25087308883667
                    }
                },
                {
                    "type": "Feature",
                    "geometry": {
                        "type": "Point",
                        "coordinates": [
                            49.2544166,
                            55.7892438
                        ]
                    },
                    "properties": {
                        "createdDate": 1703517813183,
                        "bearing": 256.90020751953125,
                        "velocity": 5.279402256011963
                    }
                },
                {
                    "type": "Feature",
                    "geometry": {
                        "type": "Point",
                        "coordinates": [
                            49.2543317,
                            55.7892332
                        ]
                    },
                    "properties": {
                        "createdDate": 1703517814191,
                        "bearing": 254.2260284423828,
                        "velocity": 5.115428447723389
                    }
                },
                {
                    "type": "Feature",
                    "geometry": {
                        "type": "Point",
                        "coordinates": [
                            49.2542485,
                            55.7892224
                        ]
                    },
                    "properties": {
                        "createdDate": 1703517815186,
                        "bearing": 251.27174377441406,
                        "velocity": 4.81113862991333
                    }
                },
                {
                    "type": "Feature",
                    "geometry": {
                        "type": "Point",
                        "coordinates": [
                            49.2541742,
                            55.7892049
                        ]
                    },
                    "properties": {
                        "createdDate": 1703517816191,
                        "bearing": 247.59849548339844,
                        "velocity": 4.911792278289795
                    }
                },
                {
                    "type": "Feature",
                    "geometry": {
                        "type": "Point",
                        "coordinates": [
                            49.2541009,
                            55.7891865
                        ]
                    },
                    "properties": {
                        "createdDate": 1703517817182,
                        "bearing": 247.17762756347656,
                        "velocity": 4.967442035675049
                    }
                },
                {
                    "type": "Feature",
                    "geometry": {
                        "type": "Point",
                        "coordinates": [
                            49.2540244,
                            55.7891696
                        ]
                    },
                    "properties": {
                        "createdDate": 1703517818192,
                        "bearing": 248.21214294433594,
                        "velocity": 4.5398969650268555
                    }
                },
                {
                    "type": "Feature",
                    "geometry": {
                        "type": "Point",
                        "coordinates": [
                            49.2539489,
                            55.7891548
                        ]
                    },
                    "properties": {
                        "createdDate": 1703517819198,
                        "bearing": 250.19827270507812,
                        "velocity": 4.085230350494385
                    }
                },
                {
                    "type": "Feature",
                    "geometry": {
                        "type": "Point",
                        "coordinates": [
                            49.2538893,
                            55.7891434
                        ]
                    },
                    "properties": {
                        "createdDate": 1703517820205,
                        "bearing": 249.81378173828125,
                        "velocity": 3.438863515853882
                    }
                },
                {
                    "type": "Feature",
                    "geometry": {
                        "type": "Point",
                        "coordinates": [
                            49.2538361,
                            55.7891359
                        ]
                    },
                    "properties": {
                        "createdDate": 1703517821198,
                        "bearing": 248.22805786132812,
                        "velocity": 2.729931116104126
                    }
                },
                {
                    "type": "Feature",
                    "geometry": {
                        "type": "Point",
                        "coordinates": [
                            49.2537906,
                            55.7891255
                        ]
                    },
                    "properties": {
                        "createdDate": 1703517822206,
                        "bearing": 239.49838256835938,
                        "velocity": 2.7271125316619873
                    }
                },
                {
                    "type": "Feature",
                    "geometry": {
                        "type": "Point",
                        "coordinates": [
                            49.253737,
                            55.7891144
                        ]
                    },
                    "properties": {
                        "createdDate": 1703517823200,
                        "bearing": 244.21812438964844,
                        "velocity": 2.868846893310547
                    }
                },
                {
                    "type": "Feature",
                    "geometry": {
                        "type": "Point",
                        "coordinates": [
                            49.2536766,
                            55.7891032
                        ]
                    },
                    "properties": {
                        "createdDate": 1703517824205,
                        "bearing": 245.5804901123047,
                        "velocity": 3.10788893699646
                    }
                },
                {
                    "type": "Feature",
                    "geometry": {
                        "type": "Point",
                        "coordinates": [
                            49.2536097,
                            55.7890898
                        ]
                    },
                    "properties": {
                        "createdDate": 1703517825197,
                        "bearing": 244.1464080810547,
                        "velocity": 3.634108781814575
                    }
                },
                {
                    "type": "Feature",
                    "geometry": {
                        "type": "Point",
                        "coordinates": [
                            49.2535404,
                            55.7890734
                        ]
                    },
                    "properties": {
                        "createdDate": 1703517826204,
                        "bearing": 244.0752716064453,
                        "velocity": 3.996178388595581
                    }
                },
                {
                    "type": "Feature",
                    "geometry": {
                        "type": "Point",
                        "coordinates": [
                            49.2534558,
                            55.7890555
                        ]
                    },
                    "properties": {
                        "createdDate": 1703517827212,
                        "bearing": 245.46034240722656,
                        "velocity": 4.206650733947754
                    }
                },
                {
                    "type": "Feature",
                    "geometry": {
                        "type": "Point",
                        "coordinates": [
                            49.2533754,
                            55.7890389
                        ]
                    },
                    "properties": {
                        "createdDate": 1703517828203,
                        "bearing": 246.3866424560547,
                        "velocity": 4.506422519683838
                    }
                },
                {
                    "type": "Feature",
                    "geometry": {
                        "type": "Point",
                        "coordinates": [
                            49.2532973,
                            55.7890236
                        ]
                    },
                    "properties": {
                        "createdDate": 1703517829211,
                        "bearing": 248.85870361328125,
                        "velocity": 4.592073440551758
                    }
                },
                {
                    "type": "Feature",
                    "geometry": {
                        "type": "Point",
                        "coordinates": [
                            49.2532146,
                            55.7890121
                        ]
                    },
                    "properties": {
                        "createdDate": 1703517830205,
                        "bearing": 251.75161743164062,
                        "velocity": 4.729270935058594
                    }
                },
                {
                    "type": "Feature",
                    "geometry": {
                        "type": "Point",
                        "coordinates": [
                            49.253129,
                            55.7890017
                        ]
                    },
                    "properties": {
                        "createdDate": 1703517831210,
                        "bearing": 253.0301055908203,
                        "velocity": 5.140893459320068
                    }
                },
                {
                    "type": "Feature",
                    "geometry": {
                        "type": "Point",
                        "coordinates": [
                            49.2530449,
                            55.7889876
                        ]
                    },
                    "properties": {
                        "createdDate": 1703517832218,
                        "bearing": 250.4932861328125,
                        "velocity": 5.173663139343262
                    }
                },
                {
                    "type": "Feature",
                    "geometry": {
                        "type": "Point",
                        "coordinates": [
                            49.2529644,
                            55.7889714
                        ]
                    },
                    "properties": {
                        "createdDate": 1703517833212,
                        "bearing": 248.2801055908203,
                        "velocity": 5.044821262359619
                    }
                },
                {
                    "type": "Feature",
                    "geometry": {
                        "type": "Point",
                        "coordinates": [
                            49.2528851,
                            55.788955
                        ]
                    },
                    "properties": {
                        "createdDate": 1703517834219,
                        "bearing": 248.39662170410156,
                        "velocity": 4.922970771789551
                    }
                },
                {
                    "type": "Feature",
                    "geometry": {
                        "type": "Point",
                        "coordinates": [
                            49.2528123,
                            55.7889357
                        ]
                    },
                    "properties": {
                        "createdDate": 1703517835225,
                        "bearing": 249.23387145996094,
                        "velocity": 4.803069591522217
                    }
                },
                {
                    "type": "Feature",
                    "geometry": {
                        "type": "Point",
                        "coordinates": [
                            49.252739,
                            55.7889139
                        ]
                    },
                    "properties": {
                        "createdDate": 1703517836218,
                        "bearing": 252.48960876464844,
                        "velocity": 4.623507022857666
                    }
                },
                {
                    "type": "Feature",
                    "geometry": {
                        "type": "Point",
                        "coordinates": [
                            49.252666,
                            55.7888953
                        ]
                    },
                    "properties": {
                        "createdDate": 1703517837225,
                        "bearing": 252.06874084472656,
                        "velocity": 4.509471416473389
                    }
                },
                {
                    "type": "Feature",
                    "geometry": {
                        "type": "Point",
                        "coordinates": [
                            49.2525924,
                            55.7888735
                        ]
                    },
                    "properties": {
                        "createdDate": 1703517838219,
                        "bearing": 248.9446563720703,
                        "velocity": 4.661884784698486
                    }
                },
                {
                    "type": "Feature",
                    "geometry": {
                        "type": "Point",
                        "coordinates": [
                            49.2525169,
                            55.7888525
                        ]
                    },
                    "properties": {
                        "createdDate": 1703517839226,
                        "bearing": 247.2186279296875,
                        "velocity": 4.672484874725342
                    }
                },
                {
                    "type": "Feature",
                    "geometry": {
                        "type": "Point",
                        "coordinates": [
                            49.2524414,
                            55.788834
                        ]
                    },
                    "properties": {
                        "createdDate": 1703517840232,
                        "bearing": 247.0629119873047,
                        "velocity": 4.746514320373535
                    }
                },
                {
                    "type": "Feature",
                    "geometry": {
                        "type": "Point",
                        "coordinates": [
                            49.2523651,
                            55.7888166
                        ]
                    },
                    "properties": {
                        "createdDate": 1703517841224,
                        "bearing": 245.0835723876953,
                        "velocity": 4.861865997314453
                    }
                },
                {
                    "type": "Feature",
                    "geometry": {
                        "type": "Point",
                        "coordinates": [
                            49.2522872,
                            55.7887973
                        ]
                    },
                    "properties": {
                        "createdDate": 1703517842232,
                        "bearing": 245.5856475830078,
                        "velocity": 4.995368480682373
                    }
                },
                {
                    "type": "Feature",
                    "geometry": {
                        "type": "Point",
                        "coordinates": [
                            49.2522104,
                            55.7887762
                        ]
                    },
                    "properties": {
                        "createdDate": 1703517843230,
                        "bearing": 242.37762451171875,
                        "velocity": 5.053947925567627
                    }
                },
                {
                    "type": "Feature",
                    "geometry": {
                        "type": "Point",
                        "coordinates": [
                            49.2521326,
                            55.7887556
                        ]
                    },
                    "properties": {
                        "createdDate": 1703517844232,
                        "bearing": 244.50335693359375,
                        "velocity": 5.059572696685791
                    }
                },
                {
                    "type": "Feature",
                    "geometry": {
                        "type": "Point",
                        "coordinates": [
                            49.2520545,
                            55.7887359
                        ]
                    },
                    "properties": {
                        "createdDate": 1703517845239,
                        "bearing": 245.4658966064453,
                        "velocity": 5.0051984786987305
                    }
                },
                {
                    "type": "Feature",
                    "geometry": {
                        "type": "Point",
                        "coordinates": [
                            49.2519793,
                            55.7887181
                        ]
                    },
                    "properties": {
                        "createdDate": 1703517846231,
                        "bearing": 246.42269897460938,
                        "velocity": 4.82793664932251
                    }
                },
                {
                    "type": "Feature",
                    "geometry": {
                        "type": "Point",
                        "coordinates": [
                            49.2519077,
                            55.7886992
                        ]
                    },
                    "properties": {
                        "createdDate": 1703517847237,
                        "bearing": 244.11158752441406,
                        "velocity": 4.735763072967529
                    }
                },
                {
                    "type": "Feature",
                    "geometry": {
                        "type": "Point",
                        "coordinates": [
                            49.2518459,
                            55.7886807
                        ]
                    },
                    "properties": {
                        "createdDate": 1703517848234,
                        "bearing": 242.9517059326172,
                        "velocity": 4.209589004516602
                    }
                },
                {
                    "type": "Feature",
                    "geometry": {
                        "type": "Point",
                        "coordinates": [
                            49.251794,
                            55.7886663
                        ]
                    },
                    "properties": {
                        "createdDate": 1703517849238,
                        "bearing": 246.2267303466797,
                        "velocity": 3.513411283493042
                    }
                },
                {
                    "type": "Feature",
                    "geometry": {
                        "type": "Point",
                        "coordinates": [
                            49.2517504,
                            55.7886574
                        ]
                    },
                    "properties": {
                        "createdDate": 1703517850245,
                        "bearing": 252.95901489257812,
                        "velocity": 2.8948581218719482
                    }
                },
                {
                    "type": "Feature",
                    "geometry": {
                        "type": "Point",
                        "coordinates": [
                            49.2517125,
                            55.7886492
                        ]
                    },
                    "properties": {
                        "createdDate": 1703517851255,
                        "bearing": 251.8487091064453,
                        "velocity": 2.536052942276001
                    }
                },
                {
                    "type": "Feature",
                    "geometry": {
                        "type": "Point",
                        "coordinates": [
                            49.2516752,
                            55.788641
                        ]
                    },
                    "properties": {
                        "createdDate": 1703517852245,
                        "bearing": 251.2416534423828,
                        "velocity": 2.5622615814208984
                    }
                },
                {
                    "type": "Feature",
                    "geometry": {
                        "type": "Point",
                        "coordinates": [
                            49.2516346,
                            55.7886376
                        ]
                    },
                    "properties": {
                        "createdDate": 1703517853253,
                        "bearing": 259.4585876464844,
                        "velocity": 2.5007107257843018
                    }
                },
                {
                    "type": "Feature",
                    "geometry": {
                        "type": "Point",
                        "coordinates": [
                            49.2515899,
                            55.7886321
                        ]
                    },
                    "properties": {
                        "createdDate": 1703517854247,
                        "bearing": 255.9429931640625,
                        "velocity": 2.61824369430542
                    }
                },
                {
                    "type": "Feature",
                    "geometry": {
                        "type": "Point",
                        "coordinates": [
                            49.2515459,
                            55.7886252
                        ]
                    },
                    "properties": {
                        "createdDate": 1703517855252,
                        "bearing": 258.109619140625,
                        "velocity": 2.678171157836914
                    }
                },
                {
                    "type": "Feature",
                    "geometry": {
                        "type": "Point",
                        "coordinates": [
                            49.2515035,
                            55.788609
                        ]
                    },
                    "properties": {
                        "createdDate": 1703517856246,
                        "bearing": 252.18807983398438,
                        "velocity": 2.730886936187744
                    }
                },
                {
                    "type": "Feature",
                    "geometry": {
                        "type": "Point",
                        "coordinates": [
                            49.2514626,
                            55.7885881
                        ]
                    },
                    "properties": {
                        "createdDate": 1703517857256,
                        "bearing": 252.08106994628906,
                        "velocity": 2.873739719390869
                    }
                },
                {
                    "type": "Feature",
                    "geometry": {
                        "type": "Point",
                        "coordinates": [
                            49.2514185,
                            55.7885735
                        ]
                    },
                    "properties": {
                        "createdDate": 1703517858259,
                        "bearing": 255.92181396484375,
                        "velocity": 2.8277742862701416
                    }
                },
                {
                    "type": "Feature",
                    "geometry": {
                        "type": "Point",
                        "coordinates": [
                            49.2513675,
                            55.7885558
                        ]
                    },
                    "properties": {
                        "createdDate": 1703517859253,
                        "bearing": 261.8643493652344,
                        "velocity": 3.308736562728882
                    }
                },
                {
                    "type": "Feature",
                    "geometry": {
                        "type": "Point",
                        "coordinates": [
                            49.2513083,
                            55.7885491
                        ]
                    },
                    "properties": {
                        "createdDate": 1703517860257,
                        "bearing": 271.77349853515625,
                        "velocity": 3.496774911880493
                    }
                },
                {
                    "type": "Feature",
                    "geometry": {
                        "type": "Point",
                        "coordinates": [
                            49.2512483,
                            55.7885553
                        ]
                    },
                    "properties": {
                        "createdDate": 1703517861255,
                        "bearing": 283.8394470214844,
                        "velocity": 3.565669059753418
                    }
                },
                {
                    "type": "Feature",
                    "geometry": {
                        "type": "Point",
                        "coordinates": [
                            49.2511974,
                            55.7885768
                        ]
                    },
                    "properties": {
                        "createdDate": 1703517862259,
                        "bearing": 301.1252136230469,
                        "velocity": 3.570291757583618
                    }
                },
                {
                    "type": "Feature",
                    "geometry": {
                        "type": "Point",
                        "coordinates": [
                            49.2511648,
                            55.7886085
                        ]
                    },
                    "properties": {
                        "createdDate": 1703517863266,
                        "bearing": 321.2121887207031,
                        "velocity": 3.5050206184387207
                    }
                },
                {
                    "type": "Feature",
                    "geometry": {
                        "type": "Point",
                        "coordinates": [
                            49.2511465,
                            55.7886529
                        ]
                    },
                    "properties": {
                        "createdDate": 1703517864258,
                        "bearing": 337.8289794921875,
                        "velocity": 4.15976619720459
                    }
                },
                {
                    "type": "Feature",
                    "geometry": {
                        "type": "Point",
                        "coordinates": [
                            49.2511276,
                            55.7887039
                        ]
                    },
                    "properties": {
                        "createdDate": 1703517865265,
                        "bearing": 342.38653564453125,
                        "velocity": 4.855116844177246
                    }
                },
                {
                    "type": "Feature",
                    "geometry": {
                        "type": "Point",
                        "coordinates": [
                            49.2511068,
                            55.7887601
                        ]
                    },
                    "properties": {
                        "createdDate": 1703517866275,
                        "bearing": 343.8658752441406,
                        "velocity": 5.450606346130371
                    }
                },
                {
                    "type": "Feature",
                    "geometry": {
                        "type": "Point",
                        "coordinates": [
                            49.2510982,
                            55.7888007
                        ]
                    },
                    "properties": {
                        "createdDate": 1703517867265,
                        "bearing": 348.8347473144531,
                        "velocity": 4.456723690032959
                    }
                },
                {
                    "type": "Feature",
                    "geometry": {
                        "type": "Point",
                        "coordinates": [
                            49.2510953,
                            55.7888374
                        ]
                    },
                    "properties": {
                        "createdDate": 1703517868273,
                        "bearing": 355.64178466796875,
                        "velocity": 3.4283201694488525
                    }
                },
                {
                    "type": "Feature",
                    "geometry": {
                        "type": "Point",
                        "coordinates": [
                            49.2510962,
                            55.788868
                        ]
                    },
                    "properties": {
                        "createdDate": 1703517869283,
                        "bearing": 1.6254503726959229,
                        "velocity": 2.5963399410247803
                    }
                },
                {
                    "type": "Feature",
                    "geometry": {
                        "type": "Point",
                        "coordinates": [
                            49.2511027,
                            55.7888997
                        ]
                    },
                    "properties": {
                        "createdDate": 1703517870273,
                        "bearing": 6.746605396270752,
                        "velocity": 2.512612819671631
                    }
                },
                {
                    "type": "Feature",
                    "geometry": {
                        "type": "Point",
                        "coordinates": [
                            49.2511139,
                            55.788929
                        ]
                    },
                    "properties": {
                        "createdDate": 1703517871282,
                        "bearing": 12.842938423156738,
                        "velocity": 3.0715925693511963
                    }
                },
                {
                    "type": "Feature",
                    "geometry": {
                        "type": "Point",
                        "coordinates": [
                            49.2511273,
                            55.7889588
                        ]
                    },
                    "properties": {
                        "createdDate": 1703517872272,
                        "bearing": 18.772871017456055,
                        "velocity": 3.4494709968566895
                    }
                },
                {
                    "type": "Feature",
                    "geometry": {
                        "type": "Point",
                        "coordinates": [
                            49.2511487,
                            55.7889826
                        ]
                    },
                    "properties": {
                        "createdDate": 1703517873280,
                        "bearing": 25.747520446777344,
                        "velocity": 4.0237202644348145
                    }
                },
                {
                    "type": "Feature",
                    "geometry": {
                        "type": "Point",
                        "coordinates": [
                            49.2511673,
                            55.7890152
                        ]
                    },
                    "properties": {
                        "createdDate": 1703517874276,
                        "bearing": 21.271751403808594,
                        "velocity": 4.332335948944092
                    }
                },
                {
                    "type": "Feature",
                    "geometry": {
                        "type": "Point",
                        "coordinates": [
                            49.2511791,
                            55.7890553
                        ]
                    },
                    "properties": {
                        "createdDate": 1703517875279,
                        "bearing": 10.465615272521973,
                        "velocity": 5.1364240646362305
                    }
                },
                {
                    "type": "Feature",
                    "geometry": {
                        "type": "Point",
                        "coordinates": [
                            49.2511912,
                            55.7891038
                        ]
                    },
                    "properties": {
                        "createdDate": 1703517876286,
                        "bearing": 7.156691074371338,
                        "velocity": 5.252706050872803
                    }
                },
                {
                    "type": "Feature",
                    "geometry": {
                        "type": "Point",
                        "coordinates": [
                            49.2511933,
                            55.7891559
                        ]
                    },
                    "properties": {
                        "createdDate": 1703517877294,
                        "bearing": 351.84503173828125,
                        "velocity": 5.6991095542907715
                    }
                },
                {
                    "type": "Feature",
                    "geometry": {
                        "type": "Point",
                        "coordinates": [
                            49.251167,
                            55.7892067
                        ]
                    },
                    "properties": {
                        "createdDate": 1703517878286,
                        "bearing": 335.9600524902344,
                        "velocity": 5.649169921875
                    }
                },
                {
                    "type": "Feature",
                    "geometry": {
                        "type": "Point",
                        "coordinates": [
                            49.2511215,
                            55.7892533
                        ]
                    },
                    "properties": {
                        "createdDate": 1703517879294,
                        "bearing": 324.6926574707031,
                        "velocity": 5.969856262207031
                    }
                },
                {
                    "type": "Feature",
                    "geometry": {
                        "type": "Point",
                        "coordinates": [
                            49.2510538,
                            55.7892954
                        ]
                    },
                    "properties": {
                        "createdDate": 1703517880290,
                        "bearing": 314.96246337890625,
                        "velocity": 6.247823715209961
                    }
                },
                {
                    "type": "Feature",
                    "geometry": {
                        "type": "Point",
                        "coordinates": [
                            49.2509772,
                            55.7893338
                        ]
                    },
                    "properties": {
                        "createdDate": 1703517881299,
                        "bearing": 310.3954772949219,
                        "velocity": 6.109460353851318
                    }
                },
                {
                    "type": "Feature",
                    "geometry": {
                        "type": "Point",
                        "coordinates": [
                            49.2509047,
                            55.7893744
                        ]
                    },
                    "properties": {
                        "createdDate": 1703517882300,
                        "bearing": 314.60443115234375,
                        "velocity": 6.388246059417725
                    }
                },
                {
                    "type": "Feature",
                    "geometry": {
                        "type": "Point",
                        "coordinates": [
                            49.2508377,
                            55.789421
                        ]
                    },
                    "properties": {
                        "createdDate": 1703517883297,
                        "bearing": 322.21636962890625,
                        "velocity": 6.190532207489014
                    }
                },
                {
                    "type": "Feature",
                    "geometry": {
                        "type": "Point",
                        "coordinates": [
                            49.2507881,
                            55.7894677
                        ]
                    },
                    "properties": {
                        "createdDate": 1703517884300,
                        "bearing": 325.58843994140625,
                        "velocity": 6.247339248657227
                    }
                },
                {
                    "type": "Feature",
                    "geometry": {
                        "type": "Point",
                        "coordinates": [
                            49.2507442,
                            55.7895251
                        ]
                    },
                    "properties": {
                        "createdDate": 1703517885308,
                        "bearing": 334.2765808105469,
                        "velocity": 6.732010364532471
                    }
                },
                {
                    "type": "Feature",
                    "geometry": {
                        "type": "Point",
                        "coordinates": [
                            49.250706,
                            55.7895822
                        ]
                    },
                    "properties": {
                        "createdDate": 1703517886304,
                        "bearing": 331.3650207519531,
                        "velocity": 6.40363883972168
                    }
                },
                {
                    "type": "Feature",
                    "geometry": {
                        "type": "Point",
                        "coordinates": [
                            49.2506709,
                            55.7896413
                        ]
                    },
                    "properties": {
                        "createdDate": 1703517887308,
                        "bearing": 334.80517578125,
                        "velocity": 5.899059772491455
                    }
                },
                {
                    "type": "Feature",
                    "geometry": {
                        "type": "Point",
                        "coordinates": [
                            49.2506372,
                            55.789692
                        ]
                    },
                    "properties": {
                        "createdDate": 1703517888311,
                        "bearing": 335.08892822265625,
                        "velocity": 5.542352199554443
                    }
                },
                {
                    "type": "Feature",
                    "geometry": {
                        "type": "Point",
                        "coordinates": [
                            49.2506163,
                            55.7897355
                        ]
                    },
                    "properties": {
                        "createdDate": 1703517889307,
                        "bearing": 336.9960632324219,
                        "velocity": 5.031461715698242
                    }
                },
                {
                    "type": "Feature",
                    "geometry": {
                        "type": "Point",
                        "coordinates": [
                            49.2505612,
                            55.789828
                        ]
                    },
                    "properties": {
                        "createdDate": 1703517890314,
                        "bearing": 338.6031799316406,
                        "velocity": 5.297759056091309
                    }
                },
                {
                    "type": "Feature",
                    "geometry": {
                        "type": "Point",
                        "coordinates": [
                            49.250489,
                            55.7899413
                        ]
                    },
                    "properties": {
                        "createdDate": 1703517892314,
                        "bearing": 338.8690185546875,
                        "velocity": 6.8618316650390625
                    }
                },
                {
                    "type": "Feature",
                    "geometry": {
                        "type": "Point",
                        "coordinates": [
                            49.2504521,
                            55.7899997
                        ]
                    },
                    "properties": {
                        "createdDate": 1703517893305,
                        "bearing": 338.15069580078125,
                        "velocity": 6.660449028015137
                    }
                },
                {
                    "type": "Feature",
                    "geometry": {
                        "type": "Point",
                        "coordinates": [
                            49.25042,
                            55.7900565
                        ]
                    },
                    "properties": {
                        "createdDate": 1703517894315,
                        "bearing": 339.8415832519531,
                        "velocity": 6.860846996307373
                    }
                },
                {
                    "type": "Feature",
                    "geometry": {
                        "type": "Point",
                        "coordinates": [
                            49.25039,
                            55.7901109
                        ]
                    },
                    "properties": {
                        "createdDate": 1703517895311,
                        "bearing": 337.4437561035156,
                        "velocity": 6.100937366485596
                    }
                },
                {
                    "type": "Feature",
                    "geometry": {
                        "type": "Point",
                        "coordinates": [
                            49.2503648,
                            55.7901615
                        ]
                    },
                    "properties": {
                        "createdDate": 1703517896317,
                        "bearing": 338.08544921875,
                        "velocity": 5.646527290344238
                    }
                },
                {
                    "type": "Feature",
                    "geometry": {
                        "type": "Point",
                        "coordinates": [
                            49.2503477,
                            55.7902049
                        ]
                    },
                    "properties": {
                        "createdDate": 1703517897320,
                        "bearing": 338.9632263183594,
                        "velocity": 5.600991725921631
                    }
                },
                {
                    "type": "Feature",
                    "geometry": {
                        "type": "Point",
                        "coordinates": [
                            49.2502669,
                            55.7903136
                        ]
                    },
                    "properties": {
                        "createdDate": 1703517899321,
                        "bearing": 333.20758056640625,
                        "velocity": 5.750334739685059
                    }
                },
                {
                    "type": "Feature",
                    "geometry": {
                        "type": "Point",
                        "coordinates": [
                            49.2502217,
                            55.7903634
                        ]
                    },
                    "properties": {
                        "createdDate": 1703517900328,
                        "bearing": 332.1490478515625,
                        "velocity": 5.25998067855835
                    }
                },
                {
                    "type": "Feature",
                    "geometry": {
                        "type": "Point",
                        "coordinates": [
                            49.2501831,
                            55.7904084
                        ]
                    },
                    "properties": {
                        "createdDate": 1703517901339,
                        "bearing": 334.0079040527344,
                        "velocity": 4.623912811279297
                    }
                },
                {
                    "type": "Feature",
                    "geometry": {
                        "type": "Point",
                        "coordinates": [
                            49.2501466,
                            55.7904464
                        ]
                    },
                    "properties": {
                        "createdDate": 1703517902327,
                        "bearing": 328.40716552734375,
                        "velocity": 4.56627082824707
                    }
                },
                {
                    "type": "Feature",
                    "geometry": {
                        "type": "Point",
                        "coordinates": [
                            49.2501143,
                            55.7904767
                        ]
                    },
                    "properties": {
                        "createdDate": 1703517903317,
                        "bearing": 327.2716064453125,
                        "velocity": 3.6766247749328613
                    }
                },
                {
                    "type": "Feature",
                    "geometry": {
                        "type": "Point",
                        "coordinates": [
                            49.2500925,
                            55.7905036
                        ]
                    },
                    "properties": {
                        "createdDate": 1703517904327,
                        "bearing": 335.5834045410156,
                        "velocity": 3.2655277252197266
                    }
                },
                {
                    "type": "Feature",
                    "geometry": {
                        "type": "Point",
                        "coordinates": [
                            49.2500714,
                            55.7905301
                        ]
                    },
                    "properties": {
                        "createdDate": 1703517905318,
                        "bearing": 334.1272888183594,
                        "velocity": 3.1190218925476074
                    }
                },
                {
                    "type": "Feature",
                    "geometry": {
                        "type": "Point",
                        "coordinates": [
                            49.2500441,
                            55.7905503
                        ]
                    },
                    "properties": {
                        "createdDate": 1703517906327,
                        "bearing": 327.4530029296875,
                        "velocity": 2.7937002182006836
                    }
                },
                {
                    "type": "Feature",
                    "geometry": {
                        "type": "Point",
                        "coordinates": [
                            49.2500156,
                            55.7905721
                        ]
                    },
                    "properties": {
                        "createdDate": 1703517907334,
                        "bearing": 324.185791015625,
                        "velocity": 3.1232094764709473
                    }
                },
                {
                    "type": "Feature",
                    "geometry": {
                        "type": "Point",
                        "coordinates": [
                            49.249977,
                            55.7906021
                        ]
                    },
                    "properties": {
                        "createdDate": 1703517908325,
                        "bearing": 320.206298828125,
                        "velocity": 4.0906853675842285
                    }
                },
                {
                    "type": "Feature",
                    "geometry": {
                        "type": "Point",
                        "coordinates": [
                            49.2499303,
                            55.7906347
                        ]
                    },
                    "properties": {
                        "createdDate": 1703517909334,
                        "bearing": 317.3607177734375,
                        "velocity": 4.047247886657715
                    }
                },
                {
                    "type": "Feature",
                    "geometry": {
                        "type": "Point",
                        "coordinates": [
                            49.2498853,
                            55.7906689
                        ]
                    },
                    "properties": {
                        "createdDate": 1703517910341,
                        "bearing": 321.51068115234375,
                        "velocity": 4.6275715827941895
                    }
                },
                {
                    "type": "Feature",
                    "geometry": {
                        "type": "Point",
                        "coordinates": [
                            49.2498373,
                            55.7907125
                        ]
                    },
                    "properties": {
                        "createdDate": 1703517911333,
                        "bearing": 324.6302795410156,
                        "velocity": 5.534591197967529
                    }
                },
                {
                    "type": "Feature",
                    "geometry": {
                        "type": "Point",
                        "coordinates": [
                            49.2497839,
                            55.7907616
                        ]
                    },
                    "properties": {
                        "createdDate": 1703517912341,
                        "bearing": 323.2076110839844,
                        "velocity": 5.642996311187744
                    }
                },
                {
                    "type": "Feature",
                    "geometry": {
                        "type": "Point",
                        "coordinates": [
                            49.2497361,
                            55.7908124
                        ]
                    },
                    "properties": {
                        "createdDate": 1703517913348,
                        "bearing": 330.4100036621094,
                        "velocity": 5.502318859100342
                    }
                },
                {
                    "type": "Feature",
                    "geometry": {
                        "type": "Point",
                        "coordinates": [
                            49.2496954,
                            55.7908586
                        ]
                    },
                    "properties": {
                        "createdDate": 1703517914341,
                        "bearing": 328.3048095703125,
                        "velocity": 5.262438774108887
                    }
                },
                {
                    "type": "Feature",
                    "geometry": {
                        "type": "Point",
                        "coordinates": [
                            49.2496583,
                            55.7909068
                        ]
                    },
                    "properties": {
                        "createdDate": 1703517915348,
                        "bearing": 327.09844970703125,
                        "velocity": 5.782960891723633
                    }
                },
                {
                    "type": "Feature",
                    "geometry": {
                        "type": "Point",
                        "coordinates": [
                            49.2496151,
                            55.7909667
                        ]
                    },
                    "properties": {
                        "createdDate": 1703517916340,
                        "bearing": 330.70050048828125,
                        "velocity": 6.578877925872803
                    }
                },
                {
                    "type": "Feature",
                    "geometry": {
                        "type": "Point",
                        "coordinates": [
                            49.2495623,
                            55.7910252
                        ]
                    },
                    "properties": {
                        "createdDate": 1703517917347,
                        "bearing": 328.18963623046875,
                        "velocity": 7.000224590301514
                    }
                }
            ]
        }
    },
    {
        "uuid": "cae4b86c-3f52-4e47-8c61-e2689daa8c83",
        "videoId": "1703517334472",
        "filePath": "/vs_data/citysoft-dev/video/2023/12/25/5b8b176f019ea18e/1703517330494/1703517334472/1703517334472.mp4",
        "sessionId": "1703517330494",
        "deviceId": "5b8b176f019ea18e",
        "descriptions": {
            "onDevice": "VladTest",
            "onServer": "VladTest"
        },
        "numbers": {
            "onDevice": "VladTest",
            "onServer": "VladTest"
        },
        "processingStatus": "NEW",
        "operatorId": null,
        "creationDate": "2023-12-25T15:15:34.472Z",
        "processedDate": null,
        "homographyId": null,
        "mergedPartsCount": 284,
        "fps": 0,
        "size": 7951752,
        "resolution": null,
        "errorReason": null,
        "errorModule": null,
        "errorMessage": null,
        "geoJSON": {
            "type": "FeatureCollection",
            "features": [
                {
                    "type": "Feature",
                    "geometry": {
                        "type": "Point",
                        "coordinates": [
                            49.2458098,
                            55.7927324
                        ]
                    },
                    "properties": {
                        "createdDate": 1703517334472,
                        "bearing": 0.0,
                        "velocity": 0.0
                    }
                },
                {
                    "type": "Feature",
                    "geometry": {
                        "type": "Point",
                        "coordinates": [
                            49.2457325,
                            55.7926806
                        ]
                    },
                    "properties": {
                        "createdDate": 1703517339421,
                        "bearing": 0.0,
                        "velocity": 0.01885118894279003
                    }
                },
                {
                    "type": "Feature",
                    "geometry": {
                        "type": "Point",
                        "coordinates": [
                            49.2457303,
                            55.7927315
                        ]
                    },
                    "properties": {
                        "createdDate": 1703517340415,
                        "bearing": 0.0,
                        "velocity": 0.2700325548648834
                    }
                },
                {
                    "type": "Feature",
                    "geometry": {
                        "type": "Point",
                        "coordinates": [
                            49.2457191,
                            55.792762
                        ]
                    },
                    "properties": {
                        "createdDate": 1703517341421,
                        "bearing": 0.0,
                        "velocity": 0.47876930236816406
                    }
                },
                {
                    "type": "Feature",
                    "geometry": {
                        "type": "Point",
                        "coordinates": [
                            49.2457283,
                            55.7927784
                        ]
                    },
                    "properties": {
                        "createdDate": 1703517342429,
                        "bearing": 5.896538368688198E-6,
                        "velocity": 0.6797166466712952
                    }
                },
                {
                    "type": "Feature",
                    "geometry": {
                        "type": "Point",
                        "coordinates": [
                            49.2456844,
                            55.7928178
                        ]
                    },
                    "properties": {
                        "createdDate": 1703517343436,
                        "bearing": 0.0,
                        "velocity": 0.8097955584526062
                    }
                },
                {
                    "type": "Feature",
                    "geometry": {
                        "type": "Point",
                        "coordinates": [
                            49.2456593,
                            55.7928398
                        ]
                    },
                    "properties": {
                        "createdDate": 1703517344427,
                        "bearing": 0.0,
                        "velocity": 0.6516135334968567
                    }
                },
                {
                    "type": "Feature",
                    "geometry": {
                        "type": "Point",
                        "coordinates": [
                            49.245617,
                            55.7928607
                        ]
                    },
                    "properties": {
                        "createdDate": 1703517345439,
                        "bearing": 0.0,
                        "velocity": 0.39984846115112305
                    }
                },
                {
                    "type": "Feature",
                    "geometry": {
                        "type": "Point",
                        "coordinates": [
                            49.2456023,
                            55.7928759
                        ]
                    },
                    "properties": {
                        "createdDate": 1703517346427,
                        "bearing": 0.0,
                        "velocity": 0.5318081378936768
                    }
                },
                {
                    "type": "Feature",
                    "geometry": {
                        "type": "Point",
                        "coordinates": [
                            49.2456015,
                            55.7928904
                        ]
                    },
                    "properties": {
                        "createdDate": 1703517347435,
                        "bearing": 0.0,
                        "velocity": 0.3894398808479309
                    }
                },
                {
                    "type": "Feature",
                    "geometry": {
                        "type": "Point",
                        "coordinates": [
                            49.2456094,
                            55.7929046
                        ]
                    },
                    "properties": {
                        "createdDate": 1703517348427,
                        "bearing": 2.0355550198972866E-13,
                        "velocity": 0.4467163383960724
                    }
                },
                {
                    "type": "Feature",
                    "geometry": {
                        "type": "Point",
                        "coordinates": [
                            49.2456108,
                            55.7929568
                        ]
                    },
                    "properties": {
                        "createdDate": 1703517349434,
                        "bearing": 0.0,
                        "velocity": 1.0589699745178223
                    }
                },
                {
                    "type": "Feature",
                    "geometry": {
                        "type": "Point",
                        "coordinates": [
                            49.2456349,
                            55.7930041
                        ]
                    },
                    "properties": {
                        "createdDate": 1703517350443,
                        "bearing": 2.544443876515562E-13,
                        "velocity": 1.5100144147872925
                    }
                },
                {
                    "type": "Feature",
                    "geometry": {
                        "type": "Point",
                        "coordinates": [
                            49.2457021,
                            55.7930384
                        ]
                    },
                    "properties": {
                        "createdDate": 1703517351435,
                        "bearing": 5.088887753031124E-13,
                        "velocity": 1.400170087814331
                    }
                },
                {
                    "type": "Feature",
                    "geometry": {
                        "type": "Point",
                        "coordinates": [
                            49.245699,
                            55.7930026
                        ]
                    },
                    "properties": {
                        "createdDate": 1703517353436,
                        "bearing": 0.0,
                        "velocity": 0.02898710034787655
                    }
                },
                {
                    "type": "Feature",
                    "geometry": {
                        "type": "Point",
                        "coordinates": [
                            49.2457073,
                            55.7929988
                        ]
                    },
                    "properties": {
                        "createdDate": 1703517354440,
                        "bearing": 0.0,
                        "velocity": 0.010578578338027
                    }
                },
                {
                    "type": "Feature",
                    "geometry": {
                        "type": "Point",
                        "coordinates": [
                            49.2457255,
                            55.7929997
                        ]
                    },
                    "properties": {
                        "createdDate": 1703517355449,
                        "bearing": 0.0,
                        "velocity": 0.03042321279644966
                    }
                },
                {
                    "type": "Feature",
                    "geometry": {
                        "type": "Point",
                        "coordinates": [
                            49.2458643,
                            55.7930224
                        ]
                    },
                    "properties": {
                        "createdDate": 1703517356440,
                        "bearing": 77.871826171875,
                        "velocity": 0.44183558225631714
                    }
                },
                {
                    "type": "Feature",
                    "geometry": {
                        "type": "Point",
                        "coordinates": [
                            49.2459929,
                            55.793043
                        ]
                    },
                    "properties": {
                        "createdDate": 1703517357448,
                        "bearing": 74.900146484375,
                        "velocity": 2.133915901184082
                    }
                },
                {
                    "type": "Feature",
                    "geometry": {
                        "type": "Point",
                        "coordinates": [
                            49.2461863,
                            55.7930824
                        ]
                    },
                    "properties": {
                        "createdDate": 1703517358456,
                        "bearing": 69.67724609375,
                        "velocity": 3.7884740829467773
                    }
                },
                {
                    "type": "Feature",
                    "geometry": {
                        "type": "Point",
                        "coordinates": [
                            49.2463365,
                            55.7931209
                        ]
                    },
                    "properties": {
                        "createdDate": 1703517359447,
                        "bearing": 63.99478530883789,
                        "velocity": 4.705001354217529
                    }
                },
                {
                    "type": "Feature",
                    "geometry": {
                        "type": "Point",
                        "coordinates": [
                            49.2464629,
                            55.7931574
                        ]
                    },
                    "properties": {
                        "createdDate": 1703517360458,
                        "bearing": 61.23086929321289,
                        "velocity": 5.2303547859191895
                    }
                },
                {
                    "type": "Feature",
                    "geometry": {
                        "type": "Point",
                        "coordinates": [
                            49.2465816,
                            55.7931798
                        ]
                    },
                    "properties": {
                        "createdDate": 1703517361450,
                        "bearing": 63.65644073486328,
                        "velocity": 5.441447734832764
                    }
                },
                {
                    "type": "Feature",
                    "geometry": {
                        "type": "Point",
                        "coordinates": [
                            49.2466823,
                            55.7931899
                        ]
                    },
                    "properties": {
                        "createdDate": 1703517362454,
                        "bearing": 67.77902221679688,
                        "velocity": 5.39290189743042
                    }
                },
                {
                    "type": "Feature",
                    "geometry": {
                        "type": "Point",
                        "coordinates": [
                            49.2467313,
                            55.7931818
                        ]
                    },
                    "properties": {
                        "createdDate": 1703517363462,
                        "bearing": 86.5577621459961,
                        "velocity": 2.5422146320343018
                    }
                },
                {
                    "type": "Feature",
                    "geometry": {
                        "type": "Point",
                        "coordinates": [
                            49.2467654,
                            55.7931813
                        ]
                    },
                    "properties": {
                        "createdDate": 1703517364456,
                        "bearing": 88.6228256225586,
                        "velocity": 1.37129545211792
                    }
                },
                {
                    "type": "Feature",
                    "geometry": {
                        "type": "Point",
                        "coordinates": [
                            49.2468077,
                            55.7931683
                        ]
                    },
                    "properties": {
                        "createdDate": 1703517365502,
                        "bearing": 89.83475494384766,
                        "velocity": 1.3115639686584473
                    }
                },
                {
                    "type": "Feature",
                    "geometry": {
                        "type": "Point",
                        "coordinates": [
                            49.2468324,
                            55.7931587
                        ]
                    },
                    "properties": {
                        "createdDate": 1703517366471,
                        "bearing": 91.42713165283203,
                        "velocity": 1.1689648628234863
                    }
                },
                {
                    "type": "Feature",
                    "geometry": {
                        "type": "Point",
                        "coordinates": [
                            49.2468553,
                            55.7931477
                        ]
                    },
                    "properties": {
                        "createdDate": 1703517367479,
                        "bearing": 93.33271026611328,
                        "velocity": 1.0528151988983154
                    }
                },
                {
                    "type": "Feature",
                    "geometry": {
                        "type": "Point",
                        "coordinates": [
                            49.2468719,
                            55.7931369
                        ]
                    },
                    "properties": {
                        "createdDate": 1703517368488,
                        "bearing": 94.75426483154297,
                        "velocity": 0.8950183987617493
                    }
                },
                {
                    "type": "Feature",
                    "geometry": {
                        "type": "Point",
                        "coordinates": [
                            49.2468914,
                            55.7931294
                        ]
                    },
                    "properties": {
                        "createdDate": 1703517369480,
                        "bearing": 94.30974578857422,
                        "velocity": 0.7987375259399414
                    }
                },
                {
                    "type": "Feature",
                    "geometry": {
                        "type": "Point",
                        "coordinates": [
                            49.2469063,
                            55.793128
                        ]
                    },
                    "properties": {
                        "createdDate": 1703517370487,
                        "bearing": 92.32937622070312,
                        "velocity": 0.6615695357322693
                    }
                },
                {
                    "type": "Feature",
                    "geometry": {
                        "type": "Point",
                        "coordinates": [
                            49.2469252,
                            55.7931295
                        ]
                    },
                    "properties": {
                        "createdDate": 1703517371496,
                        "bearing": 90.51502990722656,
                        "velocity": 0.6031544804573059
                    }
                },
                {
                    "type": "Feature",
                    "geometry": {
                        "type": "Point",
                        "coordinates": [
                            49.2469283,
                            55.7931312
                        ]
                    },
                    "properties": {
                        "createdDate": 1703517372488,
                        "bearing": 89.71114349365234,
                        "velocity": 0.3928076922893524
                    }
                },
                {
                    "type": "Feature",
                    "geometry": {
                        "type": "Point",
                        "coordinates": [
                            49.2469271,
                            55.7931321
                        ]
                    },
                    "properties": {
                        "createdDate": 1703517373495,
                        "bearing": 89.34107208251953,
                        "velocity": 0.23585312068462372
                    }
                },
                {
                    "type": "Feature",
                    "geometry": {
                        "type": "Point",
                        "coordinates": [
                            49.2469125,
                            55.7931387
                        ]
                    },
                    "properties": {
                        "createdDate": 1703517374486,
                        "bearing": 0.0,
                        "velocity": 0.021143853664398193
                    }
                },
                {
                    "type": "Feature",
                    "geometry": {
                        "type": "Point",
                        "coordinates": [
                            49.2469256,
                            55.7931398
                        ]
                    },
                    "properties": {
                        "createdDate": 1703517375494,
                        "bearing": 106.50605773925781,
                        "velocity": 0.45768892765045166
                    }
                },
                {
                    "type": "Feature",
                    "geometry": {
                        "type": "Point",
                        "coordinates": [
                            49.2469403,
                            55.7931429
                        ]
                    },
                    "properties": {
                        "createdDate": 1703517376502,
                        "bearing": 86.95646667480469,
                        "velocity": 0.7506934404373169
                    }
                },
                {
                    "type": "Feature",
                    "geometry": {
                        "type": "Point",
                        "coordinates": [
                            49.2469519,
                            55.7931479
                        ]
                    },
                    "properties": {
                        "createdDate": 1703517377510,
                        "bearing": 88.88052368164062,
                        "velocity": 0.5438235998153687
                    }
                },
                {
                    "type": "Feature",
                    "geometry": {
                        "type": "Point",
                        "coordinates": [
                            49.2469676,
                            55.793152
                        ]
                    },
                    "properties": {
                        "createdDate": 1703517378507,
                        "bearing": 92.5533676147461,
                        "velocity": 0.8233679533004761
                    }
                },
                {
                    "type": "Feature",
                    "geometry": {
                        "type": "Point",
                        "coordinates": [
                            49.2469942,
                            55.7931553
                        ]
                    },
                    "properties": {
                        "createdDate": 1703517379497,
                        "bearing": 96.9416732788086,
                        "velocity": 1.0408352613449097
                    }
                },
                {
                    "type": "Feature",
                    "geometry": {
                        "type": "Point",
                        "coordinates": [
                            49.2470132,
                            55.7931557
                        ]
                    },
                    "properties": {
                        "createdDate": 1703517380507,
                        "bearing": 116.62979125976562,
                        "velocity": 1.0027650594711304
                    }
                },
                {
                    "type": "Feature",
                    "geometry": {
                        "type": "Point",
                        "coordinates": [
                            49.2470394,
                            55.7931519
                        ]
                    },
                    "properties": {
                        "createdDate": 1703517381510,
                        "bearing": 122.9912338256836,
                        "velocity": 1.0934898853302002
                    }
                },
                {
                    "type": "Feature",
                    "geometry": {
                        "type": "Point",
                        "coordinates": [
                            49.2470703,
                            55.7931471
                        ]
                    },
                    "properties": {
                        "createdDate": 1703517382500,
                        "bearing": 122.81640625,
                        "velocity": 1.2035056352615356
                    }
                },
                {
                    "type": "Feature",
                    "geometry": {
                        "type": "Point",
                        "coordinates": [
                            49.2470986,
                            55.7931505
                        ]
                    },
                    "properties": {
                        "createdDate": 1703517383496,
                        "bearing": 113.74613952636719,
                        "velocity": 0.685492217540741
                    }
                },
                {
                    "type": "Feature",
                    "geometry": {
                        "type": "Point",
                        "coordinates": [
                            49.2471279,
                            55.7931541
                        ]
                    },
                    "properties": {
                        "createdDate": 1703517384499,
                        "bearing": 102.67286682128906,
                        "velocity": 0.8842345476150513
                    }
                },
                {
                    "type": "Feature",
                    "geometry": {
                        "type": "Point",
                        "coordinates": [
                            49.2471526,
                            55.7931586
                        ]
                    },
                    "properties": {
                        "createdDate": 1703517385489,
                        "bearing": 100.73877716064453,
                        "velocity": 0.9857518672943115
                    }
                },
                {
                    "type": "Feature",
                    "geometry": {
                        "type": "Point",
                        "coordinates": [
                            49.2471674,
                            55.7931623
                        ]
                    },
                    "properties": {
                        "createdDate": 1703517386498,
                        "bearing": 102.75230407714844,
                        "velocity": 0.9341923594474792
                    }
                },
                {
                    "type": "Feature",
                    "geometry": {
                        "type": "Point",
                        "coordinates": [
                            49.247181,
                            55.7931702
                        ]
                    },
                    "properties": {
                        "createdDate": 1703517388091,
                        "bearing": 86.97366333007812,
                        "velocity": 0.901209831237793
                    }
                },
                {
                    "type": "Feature",
                    "geometry": {
                        "type": "Point",
                        "coordinates": [
                            49.2471927,
                            55.7931823
                        ]
                    },
                    "properties": {
                        "createdDate": 1703517388497,
                        "bearing": 64.51358795166016,
                        "velocity": 0.8980922698974609
                    }
                },
                {
                    "type": "Feature",
                    "geometry": {
                        "type": "Point",
                        "coordinates": [
                            49.2472046,
                            55.7931954
                        ]
                    },
                    "properties": {
                        "createdDate": 1703517389486,
                        "bearing": 53.23451614379883,
                        "velocity": 0.9473105669021606
                    }
                },
                {
                    "type": "Feature",
                    "geometry": {
                        "type": "Point",
                        "coordinates": [
                            49.247217,
                            55.7932083
                        ]
                    },
                    "properties": {
                        "createdDate": 1703517390495,
                        "bearing": 50.92902374267578,
                        "velocity": 0.6716859936714172
                    }
                },
                {
                    "type": "Feature",
                    "geometry": {
                        "type": "Point",
                        "coordinates": [
                            49.247235,
                            55.7932217
                        ]
                    },
                    "properties": {
                        "createdDate": 1703517391503,
                        "bearing": 51.105342864990234,
                        "velocity": 0.45508983731269836
                    }
                },
                {
                    "type": "Feature",
                    "geometry": {
                        "type": "Point",
                        "coordinates": [
                            49.2472528,
                            55.793234
                        ]
                    },
                    "properties": {
                        "createdDate": 1703517392497,
                        "bearing": 51.450111389160156,
                        "velocity": 0.3556334674358368
                    }
                },
                {
                    "type": "Feature",
                    "geometry": {
                        "type": "Point",
                        "coordinates": [
                            49.2472545,
                            55.793259
                        ]
                    },
                    "properties": {
                        "createdDate": 1703517393507,
                        "bearing": 42.40608215332031,
                        "velocity": 0.7631484270095825
                    }
                },
                {
                    "type": "Feature",
                    "geometry": {
                        "type": "Point",
                        "coordinates": [
                            49.2472671,
                            55.7932763
                        ]
                    },
                    "properties": {
                        "createdDate": 1703517394511,
                        "bearing": 45.9032096862793,
                        "velocity": 0.46447136998176575
                    }
                },
                {
                    "type": "Feature",
                    "geometry": {
                        "type": "Point",
                        "coordinates": [
                            49.2472868,
                            55.7932871
                        ]
                    },
                    "properties": {
                        "createdDate": 1703517395520,
                        "bearing": 55.83795166015625,
                        "velocity": 0.31221485137939453
                    }
                },
                {
                    "type": "Feature",
                    "geometry": {
                        "type": "Point",
                        "coordinates": [
                            49.2473146,
                            55.7932858
                        ]
                    },
                    "properties": {
                        "createdDate": 1703517396513,
                        "bearing": 74.8193130493164,
                        "velocity": 0.28564172983169556
                    }
                },
                {
                    "type": "Feature",
                    "geometry": {
                        "type": "Point",
                        "coordinates": [
                            49.2473454,
                            55.7932769
                        ]
                    },
                    "properties": {
                        "createdDate": 1703517397519,
                        "bearing": 91.46516418457031,
                        "velocity": 0.32356545329093933
                    }
                },
                {
                    "type": "Feature",
                    "geometry": {
                        "type": "Point",
                        "coordinates": [
                            49.2473773,
                            55.7932667
                        ]
                    },
                    "properties": {
                        "createdDate": 1703517398510,
                        "bearing": 121.16432189941406,
                        "velocity": 0.8827235102653503
                    }
                },
                {
                    "type": "Feature",
                    "geometry": {
                        "type": "Point",
                        "coordinates": [
                            49.2474141,
                            55.7932488
                        ]
                    },
                    "properties": {
                        "createdDate": 1703517399520,
                        "bearing": 129.9855194091797,
                        "velocity": 1.3832519054412842
                    }
                },
                {
                    "type": "Feature",
                    "geometry": {
                        "type": "Point",
                        "coordinates": [
                            49.2474562,
                            55.7932283
                        ]
                    },
                    "properties": {
                        "createdDate": 1703517400509,
                        "bearing": 132.96917724609375,
                        "velocity": 1.8238699436187744
                    }
                },
                {
                    "type": "Feature",
                    "geometry": {
                        "type": "Point",
                        "coordinates": [
                            49.2474951,
                            55.7932078
                        ]
                    },
                    "properties": {
                        "createdDate": 1703517401520,
                        "bearing": 135.23800659179688,
                        "velocity": 2.1118502616882324
                    }
                },
                {
                    "type": "Feature",
                    "geometry": {
                        "type": "Point",
                        "coordinates": [
                            49.2475258,
                            55.793187
                        ]
                    },
                    "properties": {
                        "createdDate": 1703517402526,
                        "bearing": 139.953125,
                        "velocity": 2.272186279296875
                    }
                },
                {
                    "type": "Feature",
                    "geometry": {
                        "type": "Point",
                        "coordinates": [
                            49.2475535,
                            55.7931666
                        ]
                    },
                    "properties": {
                        "createdDate": 1703517403535,
                        "bearing": 143.1672821044922,
                        "velocity": 2.410337448120117
                    }
                },
                {
                    "type": "Feature",
                    "geometry": {
                        "type": "Point",
                        "coordinates": [
                            49.247584,
                            55.7931385
                        ]
                    },
                    "properties": {
                        "createdDate": 1703517404527,
                        "bearing": 147.08660888671875,
                        "velocity": 2.6601274013519287
                    }
                },
                {
                    "type": "Feature",
                    "geometry": {
                        "type": "Point",
                        "coordinates": [
                            49.2476176,
                            55.7931066
                        ]
                    },
                    "properties": {
                        "createdDate": 1703517405515,
                        "bearing": 147.48825073242188,
                        "velocity": 2.9640402793884277
                    }
                },
                {
                    "type": "Feature",
                    "geometry": {
                        "type": "Point",
                        "coordinates": [
                            49.2476535,
                            55.7930685
                        ]
                    },
                    "properties": {
                        "createdDate": 1703517406529,
                        "bearing": 148.8406982421875,
                        "velocity": 3.304396390914917
                    }
                },
                {
                    "type": "Feature",
                    "geometry": {
                        "type": "Point",
                        "coordinates": [
                            49.2476964,
                            55.793028
                        ]
                    },
                    "properties": {
                        "createdDate": 1703517407534,
                        "bearing": 148.41746520996094,
                        "velocity": 3.6510133743286133
                    }
                },
                {
                    "type": "Feature",
                    "geometry": {
                        "type": "Point",
                        "coordinates": [
                            49.2477461,
                            55.792985
                        ]
                    },
                    "properties": {
                        "createdDate": 1703517408540,
                        "bearing": 147.59796142578125,
                        "velocity": 4.019502639770508
                    }
                },
                {
                    "type": "Feature",
                    "geometry": {
                        "type": "Point",
                        "coordinates": [
                            49.247799,
                            55.7929276
                        ]
                    },
                    "properties": {
                        "createdDate": 1703517409532,
                        "bearing": 150.07472229003906,
                        "velocity": 4.547554016113281
                    }
                },
                {
                    "type": "Feature",
                    "geometry": {
                        "type": "Point",
                        "coordinates": [
                            49.2478456,
                            55.7928622
                        ]
                    },
                    "properties": {
                        "createdDate": 1703517410539,
                        "bearing": 153.61978149414062,
                        "velocity": 5.765282154083252
                    }
                },
                {
                    "type": "Feature",
                    "geometry": {
                        "type": "Point",
                        "coordinates": [
                            49.2479012,
                            55.7927969
                        ]
                    },
                    "properties": {
                        "createdDate": 1703517411530,
                        "bearing": 153.26808166503906,
                        "velocity": 6.707451343536377
                    }
                },
                {
                    "type": "Feature",
                    "geometry": {
                        "type": "Point",
                        "coordinates": [
                            49.247963,
                            55.7927331
                        ]
                    },
                    "properties": {
                        "createdDate": 1703517412539,
                        "bearing": 152.1815948486328,
                        "velocity": 7.250429153442383
                    }
                },
                {
                    "type": "Feature",
                    "geometry": {
                        "type": "Point",
                        "coordinates": [
                            49.2480314,
                            55.7926729
                        ]
                    },
                    "properties": {
                        "createdDate": 1703517413547,
                        "bearing": 149.9745330810547,
                        "velocity": 7.5404582023620605
                    }
                },
                {
                    "type": "Feature",
                    "geometry": {
                        "type": "Point",
                        "coordinates": [
                            49.2480979,
                            55.7926132
                        ]
                    },
                    "properties": {
                        "createdDate": 1703517414556,
                        "bearing": 149.36526489257812,
                        "velocity": 7.705522537231445
                    }
                },
                {
                    "type": "Feature",
                    "geometry": {
                        "type": "Point",
                        "coordinates": [
                            49.2481578,
                            55.7925574
                        ]
                    },
                    "properties": {
                        "createdDate": 1703517415547,
                        "bearing": 148.8810577392578,
                        "velocity": 7.626710414886475
                    }
                },
                {
                    "type": "Feature",
                    "geometry": {
                        "type": "Point",
                        "coordinates": [
                            49.2482179,
                            55.7925043
                        ]
                    },
                    "properties": {
                        "createdDate": 1703517416553,
                        "bearing": 148.1671142578125,
                        "velocity": 7.445939064025879
                    }
                },
                {
                    "type": "Feature",
                    "geometry": {
                        "type": "Point",
                        "coordinates": [
                            49.2482774,
                            55.7924523
                        ]
                    },
                    "properties": {
                        "createdDate": 1703517417546,
                        "bearing": 147.63685607910156,
                        "velocity": 7.38812255859375
                    }
                },
                {
                    "type": "Feature",
                    "geometry": {
                        "type": "Point",
                        "coordinates": [
                            49.2483348,
                            55.7924006
                        ]
                    },
                    "properties": {
                        "createdDate": 1703517418555,
                        "bearing": 148.09951782226562,
                        "velocity": 7.256856918334961
                    }
                },
                {
                    "type": "Feature",
                    "geometry": {
                        "type": "Point",
                        "coordinates": [
                            49.2483972,
                            55.7923468
                        ]
                    },
                    "properties": {
                        "createdDate": 1703517419544,
                        "bearing": 148.25111389160156,
                        "velocity": 7.278683185577393
                    }
                },
                {
                    "type": "Feature",
                    "geometry": {
                        "type": "Point",
                        "coordinates": [
                            49.2484547,
                            55.7922909
                        ]
                    },
                    "properties": {
                        "createdDate": 1703517420536,
                        "bearing": 149.83065795898438,
                        "velocity": 7.251412391662598
                    }
                },
                {
                    "type": "Feature",
                    "geometry": {
                        "type": "Point",
                        "coordinates": [
                            49.2485114,
                            55.792232
                        ]
                    },
                    "properties": {
                        "createdDate": 1703517421545,
                        "bearing": 151.17263793945312,
                        "velocity": 7.278218746185303
                    }
                },
                {
                    "type": "Feature",
                    "geometry": {
                        "type": "Point",
                        "coordinates": [
                            49.2485737,
                            55.792174
                        ]
                    },
                    "properties": {
                        "createdDate": 1703517422553,
                        "bearing": 150.17532348632812,
                        "velocity": 7.327747821807861
                    }
                },
                {
                    "type": "Feature",
                    "geometry": {
                        "type": "Point",
                        "coordinates": [
                            49.2486405,
                            55.792118
                        ]
                    },
                    "properties": {
                        "createdDate": 1703517423560,
                        "bearing": 149.07489013671875,
                        "velocity": 7.320352077484131
                    }
                },
                {
                    "type": "Feature",
                    "geometry": {
                        "type": "Point",
                        "coordinates": [
                            49.2486982,
                            55.7920595
                        ]
                    },
                    "properties": {
                        "createdDate": 1703517424553,
                        "bearing": 150.00384521484375,
                        "velocity": 7.3373942375183105
                    }
                },
                {
                    "type": "Feature",
                    "geometry": {
                        "type": "Point",
                        "coordinates": [
                            49.2487549,
                            55.7920078
                        ]
                    },
                    "properties": {
                        "createdDate": 1703517425561,
                        "bearing": 148.5970001220703,
                        "velocity": 6.934266567230225
                    }
                },
                {
                    "type": "Feature",
                    "geometry": {
                        "type": "Point",
                        "coordinates": [
                            49.2488023,
                            55.7919635
                        ]
                    },
                    "properties": {
                        "createdDate": 1703517426550,
                        "bearing": 149.06634521484375,
                        "velocity": 6.307967185974121
                    }
                },
                {
                    "type": "Feature",
                    "geometry": {
                        "type": "Point",
                        "coordinates": [
                            49.2488442,
                            55.7919249
                        ]
                    },
                    "properties": {
                        "createdDate": 1703517427560,
                        "bearing": 148.88531494140625,
                        "velocity": 5.729394435882568
                    }
                },
                {
                    "type": "Feature",
                    "geometry": {
                        "type": "Point",
                        "coordinates": [
                            49.2488832,
                            55.7918884
                        ]
                    },
                    "properties": {
                        "createdDate": 1703517428567,
                        "bearing": 148.3041229248047,
                        "velocity": 5.40723991394043
                    }
                },
                {
                    "type": "Feature",
                    "geometry": {
                        "type": "Point",
                        "coordinates": [
                            49.2489201,
                            55.7918534
                        ]
                    },
                    "properties": {
                        "createdDate": 1703517429562,
                        "bearing": 147.70242309570312,
                        "velocity": 5.083202838897705
                    }
                },
                {
                    "type": "Feature",
                    "geometry": {
                        "type": "Point",
                        "coordinates": [
                            49.2489503,
                            55.7918244
                        ]
                    },
                    "properties": {
                        "createdDate": 1703517430567,
                        "bearing": 148.26031494140625,
                        "velocity": 4.48244571685791
                    }
                },
                {
                    "type": "Feature",
                    "geometry": {
                        "type": "Point",
                        "coordinates": [
                            49.2489739,
                            55.7918019
                        ]
                    },
                    "properties": {
                        "createdDate": 1703517431575,
                        "bearing": 148.44407653808594,
                        "velocity": 3.772914171218872
                    }
                },
                {
                    "type": "Feature",
                    "geometry": {
                        "type": "Point",
                        "coordinates": [
                            49.2489891,
                            55.7917881
                        ]
                    },
                    "properties": {
                        "createdDate": 1703517432567,
                        "bearing": 147.692626953125,
                        "velocity": 3.012239933013916
                    }
                },
                {
                    "type": "Feature",
                    "geometry": {
                        "type": "Point",
                        "coordinates": [
                            49.2489946,
                            55.7917804
                        ]
                    },
                    "properties": {
                        "createdDate": 1703517433574,
                        "bearing": 147.94798278808594,
                        "velocity": 2.1811723709106445
                    }
                },
                {
                    "type": "Feature",
                    "geometry": {
                        "type": "Point",
                        "coordinates": [
                            49.2489945,
                            55.7917814
                        ]
                    },
                    "properties": {
                        "createdDate": 1703517434569,
                        "bearing": 153.1949005126953,
                        "velocity": 1.0245658159255981
                    }
                },
                {
                    "type": "Feature",
                    "geometry": {
                        "type": "Point",
                        "coordinates": [
                            49.2489921,
                            55.791784
                        ]
                    },
                    "properties": {
                        "createdDate": 1703517435575,
                        "bearing": 156.11228942871094,
                        "velocity": 0.518147349357605
                    }
                },
                {
                    "type": "Feature",
                    "geometry": {
                        "type": "Point",
                        "coordinates": [
                            49.2489881,
                            55.7917899
                        ]
                    },
                    "properties": {
                        "createdDate": 1703517436580,
                        "bearing": 157.2241973876953,
                        "velocity": 0.204868346452713
                    }
                },
                {
                    "type": "Feature",
                    "geometry": {
                        "type": "Point",
                        "coordinates": [
                            49.2489854,
                            55.7917935
                        ]
                    },
                    "properties": {
                        "createdDate": 1703517437575,
                        "bearing": 0.0,
                        "velocity": 0.0751415267586708
                    }
                },
                {
                    "type": "Feature",
                    "geometry": {
                        "type": "Point",
                        "coordinates": [
                            49.2489838,
                            55.7917957
                        ]
                    },
                    "properties": {
                        "createdDate": 1703517438583,
                        "bearing": 0.0,
                        "velocity": 0.01759425178170204
                    }
                },
                {
                    "type": "Feature",
                    "geometry": {
                        "type": "Point",
                        "coordinates": [
                            49.2489828,
                            55.7917969
                        ]
                    },
                    "properties": {
                        "createdDate": 1703517439587,
                        "bearing": 0.0,
                        "velocity": 0.0019229893805459142
                    }
                },
                {
                    "type": "Feature",
                    "geometry": {
                        "type": "Point",
                        "coordinates": [
                            49.2489823,
                            55.7917976
                        ]
                    },
                    "properties": {
                        "createdDate": 1703517440583,
                        "bearing": 0.0,
                        "velocity": 0.00553611246868968
                    }
                },
                {
                    "type": "Feature",
                    "geometry": {
                        "type": "Point",
                        "coordinates": [
                            49.2489894,
                            55.7917896
                        ]
                    },
                    "properties": {
                        "createdDate": 1703517441593,
                        "bearing": 147.87278747558594,
                        "velocity": 0.126189723610878
                    }
                },
                {
                    "type": "Feature",
                    "geometry": {
                        "type": "Point",
                        "coordinates": [
                            49.2490014,
                            55.7917795
                        ]
                    },
                    "properties": {
                        "createdDate": 1703517442578,
                        "bearing": 149.16329956054688,
                        "velocity": 0.2093568742275238
                    }
                },
                {
                    "type": "Feature",
                    "geometry": {
                        "type": "Point",
                        "coordinates": [
                            49.249021,
                            55.7917633
                        ]
                    },
                    "properties": {
                        "createdDate": 1703517443588,
                        "bearing": 138.25360107421875,
                        "velocity": 1.0573012828826904
                    }
                },
                {
                    "type": "Feature",
                    "geometry": {
                        "type": "Point",
                        "coordinates": [
                            49.2490019,
                            55.7917029
                        ]
                    },
                    "properties": {
                        "createdDate": 1703517444595,
                        "bearing": 153.40771484375,
                        "velocity": 2.1301190853118896
                    }
                },
                {
                    "type": "Feature",
                    "geometry": {
                        "type": "Point",
                        "coordinates": [
                            49.2490004,
                            55.7916455
                        ]
                    },
                    "properties": {
                        "createdDate": 1703517445603,
                        "bearing": 153.9868927001953,
                        "velocity": 2.8497886657714844
                    }
                },
                {
                    "type": "Feature",
                    "geometry": {
                        "type": "Point",
                        "coordinates": [
                            49.2490232,
                            55.7915897
                        ]
                    },
                    "properties": {
                        "createdDate": 1703517446595,
                        "bearing": 152.8977508544922,
                        "velocity": 3.3210244178771973
                    }
                },
                {
                    "type": "Feature",
                    "geometry": {
                        "type": "Point",
                        "coordinates": [
                            49.249077,
                            55.7915245
                        ]
                    },
                    "properties": {
                        "createdDate": 1703517448611,
                        "bearing": 151.7115020751953,
                        "velocity": 3.7271080017089844
                    }
                },
                {
                    "type": "Feature",
                    "geometry": {
                        "type": "Point",
                        "coordinates": [
                            49.2491007,
                            55.7914787
                        ]
                    },
                    "properties": {
                        "createdDate": 1703517449600,
                        "bearing": 155.18191528320312,
                        "velocity": 4.095655918121338
                    }
                },
                {
                    "type": "Feature",
                    "geometry": {
                        "type": "Point",
                        "coordinates": [
                            49.249133,
                            55.7914349
                        ]
                    },
                    "properties": {
                        "createdDate": 1703517450591,
                        "bearing": 155.04367065429688,
                        "velocity": 4.3447418212890625
                    }
                },
                {
                    "type": "Feature",
                    "geometry": {
                        "type": "Point",
                        "coordinates": [
                            49.2491863,
                            55.791378
                        ]
                    },
                    "properties": {
                        "createdDate": 1703517451601,
                        "bearing": 151.38038635253906,
                        "velocity": 5.353183269500732
                    }
                },
                {
                    "type": "Feature",
                    "geometry": {
                        "type": "Point",
                        "coordinates": [
                            49.2492429,
                            55.7913206
                        ]
                    },
                    "properties": {
                        "createdDate": 1703517452609,
                        "bearing": 149.05331420898438,
                        "velocity": 6.11117696762085
                    }
                },
                {
                    "type": "Feature",
                    "geometry": {
                        "type": "Point",
                        "coordinates": [
                            49.249305,
                            55.7912598
                        ]
                    },
                    "properties": {
                        "createdDate": 1703517453617,
                        "bearing": 148.418212890625,
                        "velocity": 6.857398509979248
                    }
                },
                {
                    "type": "Feature",
                    "geometry": {
                        "type": "Point",
                        "coordinates": [
                            49.2493572,
                            55.7911889
                        ]
                    },
                    "properties": {
                        "createdDate": 1703517454609,
                        "bearing": 150.4519500732422,
                        "velocity": 7.339009761810303
                    }
                },
                {
                    "type": "Feature",
                    "geometry": {
                        "type": "Point",
                        "coordinates": [
                            49.2494161,
                            55.7911134
                        ]
                    },
                    "properties": {
                        "createdDate": 1703517455603,
                        "bearing": 151.8437957763672,
                        "velocity": 7.938403129577637
                    }
                },
                {
                    "type": "Feature",
                    "geometry": {
                        "type": "Point",
                        "coordinates": [
                            49.249481,
                            55.7910334
                        ]
                    },
                    "properties": {
                        "createdDate": 1703517456608,
                        "bearing": 152.8831024169922,
                        "velocity": 8.681797981262207
                    }
                },
                {
                    "type": "Feature",
                    "geometry": {
                        "type": "Point",
                        "coordinates": [
                            49.2495546,
                            55.7909516
                        ]
                    },
                    "properties": {
                        "createdDate": 1703517457616,
                        "bearing": 152.2568359375,
                        "velocity": 9.175682067871094
                    }
                },
                {
                    "type": "Feature",
                    "geometry": {
                        "type": "Point",
                        "coordinates": [
                            49.2495982,
                            55.7908528
                        ]
                    },
                    "properties": {
                        "createdDate": 1703517458607,
                        "bearing": 154.16712951660156,
                        "velocity": 9.474918365478516
                    }
                },
                {
                    "type": "Feature",
                    "geometry": {
                        "type": "Point",
                        "coordinates": [
                            49.2496592,
                            55.7907648
                        ]
                    },
                    "properties": {
                        "createdDate": 1703517459615,
                        "bearing": 152.86016845703125,
                        "velocity": 9.648691177368164
                    }
                },
                {
                    "type": "Feature",
                    "geometry": {
                        "type": "Point",
                        "coordinates": [
                            49.2497217,
                            55.7906868
                        ]
                    },
                    "properties": {
                        "createdDate": 1703517460623,
                        "bearing": 152.70103454589844,
                        "velocity": 9.391955375671387
                    }
                },
                {
                    "type": "Feature",
                    "geometry": {
                        "type": "Point",
                        "coordinates": [
                            49.249781,
                            55.7906163
                        ]
                    },
                    "properties": {
                        "createdDate": 1703517461616,
                        "bearing": 152.80032348632812,
                        "velocity": 8.958002090454102
                    }
                },
                {
                    "type": "Feature",
                    "geometry": {
                        "type": "Point",
                        "coordinates": [
                            49.2498157,
                            55.7905368
                        ]
                    },
                    "properties": {
                        "createdDate": 1703517462622,
                        "bearing": 154.4302520751953,
                        "velocity": 8.56664752960205
                    }
                },
                {
                    "type": "Feature",
                    "geometry": {
                        "type": "Point",
                        "coordinates": [
                            49.2498546,
                            55.7904717
                        ]
                    },
                    "properties": {
                        "createdDate": 1703517463630,
                        "bearing": 154.5167694091797,
                        "velocity": 7.989469051361084
                    }
                },
                {
                    "type": "Feature",
                    "geometry": {
                        "type": "Point",
                        "coordinates": [
                            49.2498957,
                            55.7904188
                        ]
                    },
                    "properties": {
                        "createdDate": 1703517464621,
                        "bearing": 153.3595733642578,
                        "velocity": 7.235935211181641
                    }
                },
                {
                    "type": "Feature",
                    "geometry": {
                        "type": "Point",
                        "coordinates": [
                            49.2499294,
                            55.7903764
                        ]
                    },
                    "properties": {
                        "createdDate": 1703517465629,
                        "bearing": 154.26406860351562,
                        "velocity": 6.432100772857666
                    }
                },
                {
                    "type": "Feature",
                    "geometry": {
                        "type": "Point",
                        "coordinates": [
                            49.2499574,
                            55.7903462
                        ]
                    },
                    "properties": {
                        "createdDate": 1703517466621,
                        "bearing": 153.1425018310547,
                        "velocity": 5.3260416984558105
                    }
                },
                {
                    "type": "Feature",
                    "geometry": {
                        "type": "Point",
                        "coordinates": [
                            49.2499847,
                            55.790325
                        ]
                    },
                    "properties": {
                        "createdDate": 1703517467628,
                        "bearing": 150.24411010742188,
                        "velocity": 4.290557384490967
                    }
                },
                {
                    "type": "Feature",
                    "geometry": {
                        "type": "Point",
                        "coordinates": [
                            49.2500106,
                            55.7903048
                        ]
                    },
                    "properties": {
                        "createdDate": 1703517468638,
                        "bearing": 148.4377899169922,
                        "velocity": 3.660104751586914
                    }
                },
                {
                    "type": "Feature",
                    "geometry": {
                        "type": "Point",
                        "coordinates": [
                            49.2500128,
                            55.7902614
                        ]
                    },
                    "properties": {
                        "createdDate": 1703517469632,
                        "bearing": 151.8131103515625,
                        "velocity": 3.8944098949432373
                    }
                },
                {
                    "type": "Feature",
                    "geometry": {
                        "type": "Point",
                        "coordinates": [
                            49.2500349,
                            55.7902196
                        ]
                    },
                    "properties": {
                        "createdDate": 1703517470635,
                        "bearing": 151.7168426513672,
                        "velocity": 4.224589824676514
                    }
                },
                {
                    "type": "Feature",
                    "geometry": {
                        "type": "Point",
                        "coordinates": [
                            49.2500691,
                            55.790177
                        ]
                    },
                    "properties": {
                        "createdDate": 1703517471643,
                        "bearing": 150.9468536376953,
                        "velocity": 4.617335796356201
                    }
                },
                {
                    "type": "Feature",
                    "geometry": {
                        "type": "Point",
                        "coordinates": [
                            49.2501075,
                            55.7901298
                        ]
                    },
                    "properties": {
                        "createdDate": 1703517472635,
                        "bearing": 153.23748779296875,
                        "velocity": 5.0015764236450195
                    }
                },
                {
                    "type": "Feature",
                    "geometry": {
                        "type": "Point",
                        "coordinates": [
                            49.2501498,
                            55.7900841
                        ]
                    },
                    "properties": {
                        "createdDate": 1703517473643,
                        "bearing": 152.956298828125,
                        "velocity": 5.291019916534424
                    }
                },
                {
                    "type": "Feature",
                    "geometry": {
                        "type": "Point",
                        "coordinates": [
                            49.2501944,
                            55.7900365
                        ]
                    },
                    "properties": {
                        "createdDate": 1703517474640,
                        "bearing": 152.34609985351562,
                        "velocity": 5.59276819229126
                    }
                },
                {
                    "type": "Feature",
                    "geometry": {
                        "type": "Point",
                        "coordinates": [
                            49.2502385,
                            55.7899833
                        ]
                    },
                    "properties": {
                        "createdDate": 1703517475642,
                        "bearing": 154.7759246826172,
                        "velocity": 6.089712619781494
                    }
                },
                {
                    "type": "Feature",
                    "geometry": {
                        "type": "Point",
                        "coordinates": [
                            49.250283,
                            55.7899193
                        ]
                    },
                    "properties": {
                        "createdDate": 1703517476650,
                        "bearing": 157.1915283203125,
                        "velocity": 6.932821273803711
                    }
                },
                {
                    "type": "Feature",
                    "geometry": {
                        "type": "Point",
                        "coordinates": [
                            49.2503623,
                            55.7898718
                        ]
                    },
                    "properties": {
                        "createdDate": 1703517477645,
                        "bearing": 156.49105834960938,
                        "velocity": 7.697409152984619
                    }
                },
                {
                    "type": "Feature",
                    "geometry": {
                        "type": "Point",
                        "coordinates": [
                            49.2504292,
                            55.7898108
                        ]
                    },
                    "properties": {
                        "createdDate": 1703517478649,
                        "bearing": 157.4203643798828,
                        "velocity": 8.099074363708496
                    }
                },
                {
                    "type": "Feature",
                    "geometry": {
                        "type": "Point",
                        "coordinates": [
                            49.2504878,
                            55.7897352
                        ]
                    },
                    "properties": {
                        "createdDate": 1703517479642,
                        "bearing": 159.10975646972656,
                        "velocity": 8.852416038513184
                    }
                },
                {
                    "type": "Feature",
                    "geometry": {
                        "type": "Point",
                        "coordinates": [
                            49.2505364,
                            55.7896513
                        ]
                    },
                    "properties": {
                        "createdDate": 1703517480649,
                        "bearing": 162.22360229492188,
                        "velocity": 9.337091445922852
                    }
                },
                {
                    "type": "Feature",
                    "geometry": {
                        "type": "Point",
                        "coordinates": [
                            49.250586,
                            55.7895715
                        ]
                    },
                    "properties": {
                        "createdDate": 1703517481658,
                        "bearing": 163.87611389160156,
                        "velocity": 9.470977783203125
                    }
                },
                {
                    "type": "Feature",
                    "geometry": {
                        "type": "Point",
                        "coordinates": [
                            49.2506238,
                            55.7895022
                        ]
                    },
                    "properties": {
                        "createdDate": 1703517482650,
                        "bearing": 166.09429931640625,
                        "velocity": 8.935704231262207
                    }
                },
                {
                    "type": "Feature",
                    "geometry": {
                        "type": "Point",
                        "coordinates": [
                            49.2506439,
                            55.7894436
                        ]
                    },
                    "properties": {
                        "createdDate": 1703517483656,
                        "bearing": 170.5218505859375,
                        "velocity": 8.244468688964844
                    }
                },
                {
                    "type": "Feature",
                    "geometry": {
                        "type": "Point",
                        "coordinates": [
                            49.2506462,
                            55.7893849
                        ]
                    },
                    "properties": {
                        "createdDate": 1703517484651,
                        "bearing": 176.858154296875,
                        "velocity": 7.50744104385376
                    }
                },
                {
                    "type": "Feature",
                    "geometry": {
                        "type": "Point",
                        "coordinates": [
                            49.250629,
                            55.7893313
                        ]
                    },
                    "properties": {
                        "createdDate": 1703517485655,
                        "bearing": 183.56590270996094,
                        "velocity": 6.858942031860352
                    }
                },
                {
                    "type": "Feature",
                    "geometry": {
                        "type": "Point",
                        "coordinates": [
                            49.2505912,
                            55.7892855
                        ]
                    },
                    "properties": {
                        "createdDate": 1703517486648,
                        "bearing": 191.93174743652344,
                        "velocity": 6.395185470581055
                    }
                },
                {
                    "type": "Feature",
                    "geometry": {
                        "type": "Point",
                        "coordinates": [
                            49.2505452,
                            55.789245
                        ]
                    },
                    "properties": {
                        "createdDate": 1703517487655,
                        "bearing": 196.6090850830078,
                        "velocity": 5.924003601074219
                    }
                },
                {
                    "type": "Feature",
                    "geometry": {
                        "type": "Point",
                        "coordinates": [
                            49.2504986,
                            55.7892006
                        ]
                    },
                    "properties": {
                        "createdDate": 1703517488663,
                        "bearing": 198.64865112304688,
                        "velocity": 5.991823673248291
                    }
                },
                {
                    "type": "Feature",
                    "geometry": {
                        "type": "Point",
                        "coordinates": [
                            49.2504671,
                            55.7891508
                        ]
                    },
                    "properties": {
                        "createdDate": 1703517489671,
                        "bearing": 192.09725952148438,
                        "velocity": 5.979074001312256
                    }
                },
                {
                    "type": "Feature",
                    "geometry": {
                        "type": "Point",
                        "coordinates": [
                            49.2504607,
                            55.7890982
                        ]
                    },
                    "properties": {
                        "createdDate": 1703517490663,
                        "bearing": 181.23666381835938,
                        "velocity": 5.848594665527344
                    }
                },
                {
                    "type": "Feature",
                    "geometry": {
                        "type": "Point",
                        "coordinates": [
                            49.2504798,
                            55.7890483
                        ]
                    },
                    "properties": {
                        "createdDate": 1703517491670,
                        "bearing": 169.3896484375,
                        "velocity": 5.616279125213623
                    }
                },
                {
                    "type": "Feature",
                    "geometry": {
                        "type": "Point",
                        "coordinates": [
                            49.250524,
                            55.7890112
                        ]
                    },
                    "properties": {
                        "createdDate": 1703517492662,
                        "bearing": 158.1363983154297,
                        "velocity": 5.448715686798096
                    }
                },
                {
                    "type": "Feature",
                    "geometry": {
                        "type": "Point",
                        "coordinates": [
                            49.2505875,
                            55.7889739
                        ]
                    },
                    "properties": {
                        "createdDate": 1703517493670,
                        "bearing": 144.58262634277344,
                        "velocity": 5.515100002288818
                    }
                },
                {
                    "type": "Feature",
                    "geometry": {
                        "type": "Point",
                        "coordinates": [
                            49.2506566,
                            55.7889539
                        ]
                    },
                    "properties": {
                        "createdDate": 1703517494665,
                        "bearing": 131.61019897460938,
                        "velocity": 5.615871429443359
                    }
                },
                {
                    "type": "Feature",
                    "geometry": {
                        "type": "Point",
                        "coordinates": [
                            49.2507317,
                            55.7889256
                        ]
                    },
                    "properties": {
                        "createdDate": 1703517495669,
                        "bearing": 131.7735595703125,
                        "velocity": 6.017846584320068
                    }
                },
                {
                    "type": "Feature",
                    "geometry": {
                        "type": "Point",
                        "coordinates": [
                            49.2508023,
                            55.7888907
                        ]
                    },
                    "properties": {
                        "createdDate": 1703517496677,
                        "bearing": 134.20704650878906,
                        "velocity": 6.009136199951172
                    }
                },
                {
                    "type": "Feature",
                    "geometry": {
                        "type": "Point",
                        "coordinates": [
                            49.2508533,
                            55.7888455
                        ]
                    },
                    "properties": {
                        "createdDate": 1703517497683,
                        "bearing": 141.32020568847656,
                        "velocity": 6.103181838989258
                    }
                },
                {
                    "type": "Feature",
                    "geometry": {
                        "type": "Point",
                        "coordinates": [
                            49.2508921,
                            55.7887866
                        ]
                    },
                    "properties": {
                        "createdDate": 1703517498676,
                        "bearing": 150.58314514160156,
                        "velocity": 6.380576133728027
                    }
                },
                {
                    "type": "Feature",
                    "geometry": {
                        "type": "Point",
                        "coordinates": [
                            49.2509239,
                            55.7887139
                        ]
                    },
                    "properties": {
                        "createdDate": 1703517499671,
                        "bearing": 156.7899932861328,
                        "velocity": 6.618844509124756
                    }
                },
                {
                    "type": "Feature",
                    "geometry": {
                        "type": "Point",
                        "coordinates": [
                            49.2509529,
                            55.7886445
                        ]
                    },
                    "properties": {
                        "createdDate": 1703517500676,
                        "bearing": 160.84317016601562,
                        "velocity": 6.7805657386779785
                    }
                },
                {
                    "type": "Feature",
                    "geometry": {
                        "type": "Point",
                        "coordinates": [
                            49.2509818,
                            55.788579
                        ]
                    },
                    "properties": {
                        "createdDate": 1703517501683,
                        "bearing": 162.68382263183594,
                        "velocity": 6.874715805053711
                    }
                },
                {
                    "type": "Feature",
                    "geometry": {
                        "type": "Point",
                        "coordinates": [
                            49.2510227,
                            55.7885133
                        ]
                    },
                    "properties": {
                        "createdDate": 1703517502692,
                        "bearing": 163.8761444091797,
                        "velocity": 6.866764068603516
                    }
                },
                {
                    "type": "Feature",
                    "geometry": {
                        "type": "Point",
                        "coordinates": [
                            49.2510703,
                            55.7884541
                        ]
                    },
                    "properties": {
                        "createdDate": 1703517503683,
                        "bearing": 163.83428955078125,
                        "velocity": 6.550817489624023
                    }
                },
                {
                    "type": "Feature",
                    "geometry": {
                        "type": "Point",
                        "coordinates": [
                            49.2511176,
                            55.7884092
                        ]
                    },
                    "properties": {
                        "createdDate": 1703517504691,
                        "bearing": 162.04843139648438,
                        "velocity": 5.751302719116211
                    }
                },
                {
                    "type": "Feature",
                    "geometry": {
                        "type": "Point",
                        "coordinates": [
                            49.2511606,
                            55.7883712
                        ]
                    },
                    "properties": {
                        "createdDate": 1703517505685,
                        "bearing": 161.49899291992188,
                        "velocity": 5.1101765632629395
                    }
                },
                {
                    "type": "Feature",
                    "geometry": {
                        "type": "Point",
                        "coordinates": [
                            49.2512041,
                            55.7883398
                        ]
                    },
                    "properties": {
                        "createdDate": 1703517506689,
                        "bearing": 158.42132568359375,
                        "velocity": 4.245666027069092
                    }
                },
                {
                    "type": "Feature",
                    "geometry": {
                        "type": "Point",
                        "coordinates": [
                            49.2512367,
                            55.7883143
                        ]
                    },
                    "properties": {
                        "createdDate": 1703517507680,
                        "bearing": 159.85440063476562,
                        "velocity": 3.7486414909362793
                    }
                },
                {
                    "type": "Feature",
                    "geometry": {
                        "type": "Point",
                        "coordinates": [
                            49.2512639,
                            55.7882852
                        ]
                    },
                    "properties": {
                        "createdDate": 1703517508690,
                        "bearing": 163.6720428466797,
                        "velocity": 4.185127258300781
                    }
                },
                {
                    "type": "Feature",
                    "geometry": {
                        "type": "Point",
                        "coordinates": [
                            49.2512913,
                            55.7882412
                        ]
                    },
                    "properties": {
                        "createdDate": 1703517509697,
                        "bearing": 164.8395233154297,
                        "velocity": 4.915415287017822
                    }
                },
                {
                    "type": "Feature",
                    "geometry": {
                        "type": "Point",
                        "coordinates": [
                            49.2513151,
                            55.7881903
                        ]
                    },
                    "properties": {
                        "createdDate": 1703517510692,
                        "bearing": 165.88131713867188,
                        "velocity": 5.424635887145996
                    }
                },
                {
                    "type": "Feature",
                    "geometry": {
                        "type": "Point",
                        "coordinates": [
                            49.2513456,
                            55.78812
                        ]
                    },
                    "properties": {
                        "createdDate": 1703517511697,
                        "bearing": 166.924072265625,
                        "velocity": 5.695374011993408
                    }
                },
                {
                    "type": "Feature",
                    "geometry": {
                        "type": "Point",
                        "coordinates": [
                            49.2513817,
                            55.7880618
                        ]
                    },
                    "properties": {
                        "createdDate": 1703517512705,
                        "bearing": 165.14967346191406,
                        "velocity": 5.726090908050537
                    }
                },
                {
                    "type": "Feature",
                    "geometry": {
                        "type": "Point",
                        "coordinates": [
                            49.2514191,
                            55.7880033
                        ]
                    },
                    "properties": {
                        "createdDate": 1703517513695,
                        "bearing": 164.02540588378906,
                        "velocity": 6.126432418823242
                    }
                },
                {
                    "type": "Feature",
                    "geometry": {
                        "type": "Point",
                        "coordinates": [
                            49.2514616,
                            55.7879442
                        ]
                    },
                    "properties": {
                        "createdDate": 1703517514704,
                        "bearing": 163.0343780517578,
                        "velocity": 6.288322925567627
                    }
                },
                {
                    "type": "Feature",
                    "geometry": {
                        "type": "Point",
                        "coordinates": [
                            49.2515064,
                            55.7878865
                        ]
                    },
                    "properties": {
                        "createdDate": 1703517515711,
                        "bearing": 162.973876953125,
                        "velocity": 6.292959213256836
                    }
                },
                {
                    "type": "Feature",
                    "geometry": {
                        "type": "Point",
                        "coordinates": [
                            49.251554,
                            55.7878307
                        ]
                    },
                    "properties": {
                        "createdDate": 1703517516705,
                        "bearing": 159.32704162597656,
                        "velocity": 6.049590110778809
                    }
                },
                {
                    "type": "Feature",
                    "geometry": {
                        "type": "Point",
                        "coordinates": [
                            49.2516022,
                            55.7877776
                        ]
                    },
                    "properties": {
                        "createdDate": 1703517517712,
                        "bearing": 158.07179260253906,
                        "velocity": 6.034387588500977
                    }
                },
                {
                    "type": "Feature",
                    "geometry": {
                        "type": "Point",
                        "coordinates": [
                            49.2516393,
                            55.7877198
                        ]
                    },
                    "properties": {
                        "createdDate": 1703517518719,
                        "bearing": 162.69277954101562,
                        "velocity": 6.240930080413818
                    }
                },
                {
                    "type": "Feature",
                    "geometry": {
                        "type": "Point",
                        "coordinates": [
                            49.2516709,
                            55.7876619
                        ]
                    },
                    "properties": {
                        "createdDate": 1703517519711,
                        "bearing": 160.19131469726562,
                        "velocity": 6.111972332000732
                    }
                },
                {
                    "type": "Feature",
                    "geometry": {
                        "type": "Point",
                        "coordinates": [
                            49.2516965,
                            55.7876043
                        ]
                    },
                    "properties": {
                        "createdDate": 1703517520718,
                        "bearing": 165.6793975830078,
                        "velocity": 5.9860005378723145
                    }
                },
                {
                    "type": "Feature",
                    "geometry": {
                        "type": "Point",
                        "coordinates": [
                            49.2517213,
                            55.7875505
                        ]
                    },
                    "properties": {
                        "createdDate": 1703517521711,
                        "bearing": 163.1488037109375,
                        "velocity": 6.004717826843262
                    }
                },
                {
                    "type": "Feature",
                    "geometry": {
                        "type": "Point",
                        "coordinates": [
                            49.2517486,
                            55.7874961
                        ]
                    },
                    "properties": {
                        "createdDate": 1703517522716,
                        "bearing": 163.9123992919922,
                        "velocity": 6.275972843170166
                    }
                },
                {
                    "type": "Feature",
                    "geometry": {
                        "type": "Point",
                        "coordinates": [
                            49.2517777,
                            55.7874418
                        ]
                    },
                    "properties": {
                        "createdDate": 1703517523711,
                        "bearing": 162.1398468017578,
                        "velocity": 6.217067241668701
                    }
                },
                {
                    "type": "Feature",
                    "geometry": {
                        "type": "Point",
                        "coordinates": [
                            49.251799,
                            55.7873718
                        ]
                    },
                    "properties": {
                        "createdDate": 1703517524721,
                        "bearing": 165.83120727539062,
                        "velocity": 6.2518310546875
                    }
                },
                {
                    "type": "Feature",
                    "geometry": {
                        "type": "Point",
                        "coordinates": [
                            49.251821,
                            55.7873135
                        ]
                    },
                    "properties": {
                        "createdDate": 1703517525725,
                        "bearing": 166.0401153564453,
                        "velocity": 5.982889652252197
                    }
                },
                {
                    "type": "Feature",
                    "geometry": {
                        "type": "Point",
                        "coordinates": [
                            49.2518285,
                            55.7872497
                        ]
                    },
                    "properties": {
                        "createdDate": 1703517526716,
                        "bearing": 170.76321411132812,
                        "velocity": 6.1898088455200195
                    }
                },
                {
                    "type": "Feature",
                    "geometry": {
                        "type": "Point",
                        "coordinates": [
                            49.251839,
                            55.7871902
                        ]
                    },
                    "properties": {
                        "createdDate": 1703517527724,
                        "bearing": 172.8849334716797,
                        "velocity": 6.374258041381836
                    }
                },
                {
                    "type": "Feature",
                    "geometry": {
                        "type": "Point",
                        "coordinates": [
                            49.2518657,
                            55.7871429
                        ]
                    },
                    "properties": {
                        "createdDate": 1703517528733,
                        "bearing": 165.5862579345703,
                        "velocity": 6.005974769592285
                    }
                },
                {
                    "type": "Feature",
                    "geometry": {
                        "type": "Point",
                        "coordinates": [
                            49.2518945,
                            55.7870972
                        ]
                    },
                    "properties": {
                        "createdDate": 1703517529724,
                        "bearing": 165.02288818359375,
                        "velocity": 5.875543594360352
                    }
                },
                {
                    "type": "Feature",
                    "geometry": {
                        "type": "Point",
                        "coordinates": [
                            49.2519232,
                            55.7870464
                        ]
                    },
                    "properties": {
                        "createdDate": 1703517530732,
                        "bearing": 163.99612426757812,
                        "velocity": 6.325937747955322
                    }
                },
                {
                    "type": "Feature",
                    "geometry": {
                        "type": "Point",
                        "coordinates": [
                            49.2519527,
                            55.7869929
                        ]
                    },
                    "properties": {
                        "createdDate": 1703517531727,
                        "bearing": 162.11410522460938,
                        "velocity": 6.363949298858643
                    }
                },
                {
                    "type": "Feature",
                    "geometry": {
                        "type": "Point",
                        "coordinates": [
                            49.2519892,
                            55.7869442
                        ]
                    },
                    "properties": {
                        "createdDate": 1703517532732,
                        "bearing": 165.72952270507812,
                        "velocity": 6.164166450500488
                    }
                },
                {
                    "type": "Feature",
                    "geometry": {
                        "type": "Point",
                        "coordinates": [
                            49.2520227,
                            55.7868959
                        ]
                    },
                    "properties": {
                        "createdDate": 1703517533741,
                        "bearing": 165.01919555664062,
                        "velocity": 6.068088531494141
                    }
                },
                {
                    "type": "Feature",
                    "geometry": {
                        "type": "Point",
                        "coordinates": [
                            49.2520504,
                            55.7868468
                        ]
                    },
                    "properties": {
                        "createdDate": 1703517534733,
                        "bearing": 168.73797607421875,
                        "velocity": 6.122364044189453
                    }
                },
                {
                    "type": "Feature",
                    "geometry": {
                        "type": "Point",
                        "coordinates": [
                            49.2520768,
                            55.7868004
                        ]
                    },
                    "properties": {
                        "createdDate": 1703517535738,
                        "bearing": 165.32220458984375,
                        "velocity": 5.5683441162109375
                    }
                },
                {
                    "type": "Feature",
                    "geometry": {
                        "type": "Point",
                        "coordinates": [
                            49.2520951,
                            55.7867565
                        ]
                    },
                    "properties": {
                        "createdDate": 1703517536735,
                        "bearing": 166.92320251464844,
                        "velocity": 5.278679847717285
                    }
                },
                {
                    "type": "Feature",
                    "geometry": {
                        "type": "Point",
                        "coordinates": [
                            49.2521078,
                            55.7867242
                        ]
                    },
                    "properties": {
                        "createdDate": 1703517537739,
                        "bearing": 167.0511932373047,
                        "velocity": 4.746275424957275
                    }
                },
                {
                    "type": "Feature",
                    "geometry": {
                        "type": "Point",
                        "coordinates": [
                            49.2521179,
                            55.7866842
                        ]
                    },
                    "properties": {
                        "createdDate": 1703517538727,
                        "bearing": 171.7689666748047,
                        "velocity": 5.225174903869629
                    }
                },
                {
                    "type": "Feature",
                    "geometry": {
                        "type": "Point",
                        "coordinates": [
                            49.2521376,
                            55.7866392
                        ]
                    },
                    "properties": {
                        "createdDate": 1703517539738,
                        "bearing": 167.05328369140625,
                        "velocity": 5.247250080108643
                    }
                },
                {
                    "type": "Feature",
                    "geometry": {
                        "type": "Point",
                        "coordinates": [
                            49.2521593,
                            55.7865969
                        ]
                    },
                    "properties": {
                        "createdDate": 1703517540745,
                        "bearing": 167.01956176757812,
                        "velocity": 5.025827884674072
                    }
                },
                {
                    "type": "Feature",
                    "geometry": {
                        "type": "Point",
                        "coordinates": [
                            49.2521877,
                            55.7865533
                        ]
                    },
                    "properties": {
                        "createdDate": 1703517541752,
                        "bearing": 164.380615234375,
                        "velocity": 4.993013381958008
                    }
                },
                {
                    "type": "Feature",
                    "geometry": {
                        "type": "Point",
                        "coordinates": [
                            49.2522163,
                            55.7865133
                        ]
                    },
                    "properties": {
                        "createdDate": 1703517542748,
                        "bearing": 162.68348693847656,
                        "velocity": 4.795448303222656
                    }
                },
                {
                    "type": "Feature",
                    "geometry": {
                        "type": "Point",
                        "coordinates": [
                            49.2522486,
                            55.7864772
                        ]
                    },
                    "properties": {
                        "createdDate": 1703517543752,
                        "bearing": 158.93936157226562,
                        "velocity": 4.601445198059082
                    }
                },
                {
                    "type": "Feature",
                    "geometry": {
                        "type": "Point",
                        "coordinates": [
                            49.2522857,
                            55.7864458
                        ]
                    },
                    "properties": {
                        "createdDate": 1703517544760,
                        "bearing": 152.5581817626953,
                        "velocity": 4.295663356781006
                    }
                },
                {
                    "type": "Feature",
                    "geometry": {
                        "type": "Point",
                        "coordinates": [
                            49.2523251,
                            55.7864167
                        ]
                    },
                    "properties": {
                        "createdDate": 1703517545752,
                        "bearing": 148.7173614501953,
                        "velocity": 4.179544925689697
                    }
                },
                {
                    "type": "Feature",
                    "geometry": {
                        "type": "Point",
                        "coordinates": [
                            49.2523722,
                            55.7863901
                        ]
                    },
                    "properties": {
                        "createdDate": 1703517546759,
                        "bearing": 143.78085327148438,
                        "velocity": 3.987182140350342
                    }
                },
                {
                    "type": "Feature",
                    "geometry": {
                        "type": "Point",
                        "coordinates": [
                            49.2524403,
                            55.7863632
                        ]
                    },
                    "properties": {
                        "createdDate": 1703517547751,
                        "bearing": 133.5662078857422,
                        "velocity": 3.7225561141967773
                    }
                },
                {
                    "type": "Feature",
                    "geometry": {
                        "type": "Point",
                        "coordinates": [
                            49.2524907,
                            55.7863473
                        ]
                    },
                    "properties": {
                        "createdDate": 1703517548758,
                        "bearing": 120.52435302734375,
                        "velocity": 3.2830634117126465
                    }
                },
                {
                    "type": "Feature",
                    "geometry": {
                        "type": "Point",
                        "coordinates": [
                            49.2525412,
                            55.7863445
                        ]
                    },
                    "properties": {
                        "createdDate": 1703517549767,
                        "bearing": 102.13154602050781,
                        "velocity": 3.0804693698883057
                    }
                },
                {
                    "type": "Feature",
                    "geometry": {
                        "type": "Point",
                        "coordinates": [
                            49.2525951,
                            55.7863493
                        ]
                    },
                    "properties": {
                        "createdDate": 1703517550758,
                        "bearing": 90.97755432128906,
                        "velocity": 3.223681926727295
                    }
                },
                {
                    "type": "Feature",
                    "geometry": {
                        "type": "Point",
                        "coordinates": [
                            49.2526586,
                            55.7863588
                        ]
                    },
                    "properties": {
                        "createdDate": 1703517551765,
                        "bearing": 83.43155670166016,
                        "velocity": 3.5751006603240967
                    }
                },
                {
                    "type": "Feature",
                    "geometry": {
                        "type": "Point",
                        "coordinates": [
                            49.2527286,
                            55.7863718
                        ]
                    },
                    "properties": {
                        "createdDate": 1703517552761,
                        "bearing": 79.86859130859375,
                        "velocity": 3.873474359512329
                    }
                },
                {
                    "type": "Feature",
                    "geometry": {
                        "type": "Point",
                        "coordinates": [
                            49.2528007,
                            55.7863822
                        ]
                    },
                    "properties": {
                        "createdDate": 1703517553765,
                        "bearing": 79.95507049560547,
                        "velocity": 4.094944000244141
                    }
                },
                {
                    "type": "Feature",
                    "geometry": {
                        "type": "Point",
                        "coordinates": [
                            49.2528796,
                            55.7863949
                        ]
                    },
                    "properties": {
                        "createdDate": 1703517554773,
                        "bearing": 77.48036193847656,
                        "velocity": 4.436675548553467
                    }
                },
                {
                    "type": "Feature",
                    "geometry": {
                        "type": "Point",
                        "coordinates": [
                            49.2529744,
                            55.7864141
                        ]
                    },
                    "properties": {
                        "createdDate": 1703517555764,
                        "bearing": 74.78108978271484,
                        "velocity": 4.930574893951416
                    }
                },
                {
                    "type": "Feature",
                    "geometry": {
                        "type": "Point",
                        "coordinates": [
                            49.2530631,
                            55.7864341
                        ]
                    },
                    "properties": {
                        "createdDate": 1703517556773,
                        "bearing": 72.9928207397461,
                        "velocity": 5.174084186553955
                    }
                },
                {
                    "type": "Feature",
                    "geometry": {
                        "type": "Point",
                        "coordinates": [
                            49.2531456,
                            55.7864542
                        ]
                    },
                    "properties": {
                        "createdDate": 1703517557766,
                        "bearing": 71.13363647460938,
                        "velocity": 5.209428310394287
                    }
                },
                {
                    "type": "Feature",
                    "geometry": {
                        "type": "Point",
                        "coordinates": [
                            49.2532265,
                            55.7864722
                        ]
                    },
                    "properties": {
                        "createdDate": 1703517558772,
                        "bearing": 70.85971069335938,
                        "velocity": 5.2670369148254395
                    }
                },
                {
                    "type": "Feature",
                    "geometry": {
                        "type": "Point",
                        "coordinates": [
                            49.2533199,
                            55.786492
                        ]
                    },
                    "properties": {
                        "createdDate": 1703517559779,
                        "bearing": 71.49259948730469,
                        "velocity": 5.41506290435791
                    }
                },
                {
                    "type": "Feature",
                    "geometry": {
                        "type": "Point",
                        "coordinates": [
                            49.253404,
                            55.7865138
                        ]
                    },
                    "properties": {
                        "createdDate": 1703517560770,
                        "bearing": 67.7845687866211,
                        "velocity": 5.153665065765381
                    }
                },
                {
                    "type": "Feature",
                    "geometry": {
                        "type": "Point",
                        "coordinates": [
                            49.2534764,
                            55.7865302
                        ]
                    },
                    "properties": {
                        "createdDate": 1703517561780,
                        "bearing": 75.09309387207031,
                        "velocity": 4.77321720123291
                    }
                },
                {
                    "type": "Feature",
                    "geometry": {
                        "type": "Point",
                        "coordinates": [
                            49.2535487,
                            55.7865427
                        ]
                    },
                    "properties": {
                        "createdDate": 1703517562772,
                        "bearing": 74.09934997558594,
                        "velocity": 4.801332473754883
                    }
                },
                {
                    "type": "Feature",
                    "geometry": {
                        "type": "Point",
                        "coordinates": [
                            49.2536233,
                            55.7865548
                        ]
                    },
                    "properties": {
                        "createdDate": 1703517563779,
                        "bearing": 76.6033706665039,
                        "velocity": 4.9000163078308105
                    }
                },
                {
                    "type": "Feature",
                    "geometry": {
                        "type": "Point",
                        "coordinates": [
                            49.2537137,
                            55.7865663
                        ]
                    },
                    "properties": {
                        "createdDate": 1703517564786,
                        "bearing": 75.10908508300781,
                        "velocity": 5.4724602699279785
                    }
                },
                {
                    "type": "Feature",
                    "geometry": {
                        "type": "Point",
                        "coordinates": [
                            49.2538096,
                            55.7865797
                        ]
                    },
                    "properties": {
                        "createdDate": 1703517565780,
                        "bearing": 74.94918823242188,
                        "velocity": 5.945761680603027
                    }
                },
                {
                    "type": "Feature",
                    "geometry": {
                        "type": "Point",
                        "coordinates": [
                            49.2539001,
                            55.786598
                        ]
                    },
                    "properties": {
                        "createdDate": 1703517566787,
                        "bearing": 75.76790618896484,
                        "velocity": 5.994675159454346
                    }
                },
                {
                    "type": "Feature",
                    "geometry": {
                        "type": "Point",
                        "coordinates": [
                            49.2539774,
                            55.7866164
                        ]
                    },
                    "properties": {
                        "createdDate": 1703517567794,
                        "bearing": 72.56912231445312,
                        "velocity": 5.436461448669434
                    }
                },
                {
                    "type": "Feature",
                    "geometry": {
                        "type": "Point",
                        "coordinates": [
                            49.2540477,
                            55.7866387
                        ]
                    },
                    "properties": {
                        "createdDate": 1703517568787,
                        "bearing": 69.3052978515625,
                        "velocity": 5.314521312713623
                    }
                },
                {
                    "type": "Feature",
                    "geometry": {
                        "type": "Point",
                        "coordinates": [
                            49.2541195,
                            55.7866539
                        ]
                    },
                    "properties": {
                        "createdDate": 1703517569793,
                        "bearing": 71.62083435058594,
                        "velocity": 5.0474700927734375
                    }
                },
                {
                    "type": "Feature",
                    "geometry": {
                        "type": "Point",
                        "coordinates": [
                            49.2541856,
                            55.7866645
                        ]
                    },
                    "properties": {
                        "createdDate": 1703517570788,
                        "bearing": 77.18797302246094,
                        "velocity": 4.70395565032959
                    }
                },
                {
                    "type": "Feature",
                    "geometry": {
                        "type": "Point",
                        "coordinates": [
                            49.2542523,
                            55.7866759
                        ]
                    },
                    "properties": {
                        "createdDate": 1703517571794,
                        "bearing": 76.01272583007812,
                        "velocity": 4.82322883605957
                    }
                },
                {
                    "type": "Feature",
                    "geometry": {
                        "type": "Point",
                        "coordinates": [
                            49.2543233,
                            55.7866866
                        ]
                    },
                    "properties": {
                        "createdDate": 1703517572800,
                        "bearing": 75.98685455322266,
                        "velocity": 4.751443386077881
                    }
                },
                {
                    "type": "Feature",
                    "geometry": {
                        "type": "Point",
                        "coordinates": [
                            49.254385,
                            55.7866991
                        ]
                    },
                    "properties": {
                        "createdDate": 1703517573795,
                        "bearing": 71.08485412597656,
                        "velocity": 3.915027141571045
                    }
                },
                {
                    "type": "Feature",
                    "geometry": {
                        "type": "Point",
                        "coordinates": [
                            49.2544398,
                            55.7867113
                        ]
                    },
                    "properties": {
                        "createdDate": 1703517574799,
                        "bearing": 72.78843688964844,
                        "velocity": 3.616875648498535
                    }
                },
                {
                    "type": "Feature",
                    "geometry": {
                        "type": "Point",
                        "coordinates": [
                            49.2544879,
                            55.7867274
                        ]
                    },
                    "properties": {
                        "createdDate": 1703517575807,
                        "bearing": 71.93546295166016,
                        "velocity": 3.4400362968444824
                    }
                },
                {
                    "type": "Feature",
                    "geometry": {
                        "type": "Point",
                        "coordinates": [
                            49.2545361,
                            55.7867426
                        ]
                    },
                    "properties": {
                        "createdDate": 1703517576801,
                        "bearing": 70.99626159667969,
                        "velocity": 3.3313393592834473
                    }
                },
                {
                    "type": "Feature",
                    "geometry": {
                        "type": "Point",
                        "coordinates": [
                            49.2545887,
                            55.7867564
                        ]
                    },
                    "properties": {
                        "createdDate": 1703517577807,
                        "bearing": 72.79230499267578,
                        "velocity": 3.070329427719116
                    }
                },
                {
                    "type": "Feature",
                    "geometry": {
                        "type": "Point",
                        "coordinates": [
                            49.254664,
                            55.7867485
                        ]
                    },
                    "properties": {
                        "createdDate": 1703517578801,
                        "bearing": 71.1769027709961,
                        "velocity": 2.932518720626831
                    }
                },
                {
                    "type": "Feature",
                    "geometry": {
                        "type": "Point",
                        "coordinates": [
                            49.2547258,
                            55.7867368
                        ]
                    },
                    "properties": {
                        "createdDate": 1703517579807,
                        "bearing": 70.44794464111328,
                        "velocity": 2.3769679069519043
                    }
                },
                {
                    "type": "Feature",
                    "geometry": {
                        "type": "Point",
                        "coordinates": [
                            49.2547765,
                            55.7867294
                        ]
                    },
                    "properties": {
                        "createdDate": 1703517580799,
                        "bearing": 68.97754669189453,
                        "velocity": 1.7880779504776
                    }
                },
                {
                    "type": "Feature",
                    "geometry": {
                        "type": "Point",
                        "coordinates": [
                            49.254809,
                            55.7867268
                        ]
                    },
                    "properties": {
                        "createdDate": 1703517581811,
                        "bearing": 68.2659912109375,
                        "velocity": 1.3867988586425781
                    }
                },
                {
                    "type": "Feature",
                    "geometry": {
                        "type": "Point",
                        "coordinates": [
                            49.254831,
                            55.7867329
                        ]
                    },
                    "properties": {
                        "createdDate": 1703517582814,
                        "bearing": 47.55988693237305,
                        "velocity": 1.482971429824829
                    }
                },
                {
                    "type": "Feature",
                    "geometry": {
                        "type": "Point",
                        "coordinates": [
                            49.2548371,
                            55.7867493
                        ]
                    },
                    "properties": {
                        "createdDate": 1703517583809,
                        "bearing": 15.140233993530273,
                        "velocity": 1.8919192552566528
                    }
                },
                {
                    "type": "Feature",
                    "geometry": {
                        "type": "Point",
                        "coordinates": [
                            49.2548267,
                            55.786764
                        ]
                    },
                    "properties": {
                        "createdDate": 1703517584813,
                        "bearing": 345.2586364746094,
                        "velocity": 1.9648224115371704
                    }
                },
                {
                    "type": "Feature",
                    "geometry": {
                        "type": "Point",
                        "coordinates": [
                            49.2548078,
                            55.786778
                        ]
                    },
                    "properties": {
                        "createdDate": 1703517585821,
                        "bearing": 343.70892333984375,
                        "velocity": 2.1536920070648193
                    }
                },
                {
                    "type": "Feature",
                    "geometry": {
                        "type": "Point",
                        "coordinates": [
                            49.2547805,
                            55.7867906
                        ]
                    },
                    "properties": {
                        "createdDate": 1703517586814,
                        "bearing": 335.07354736328125,
                        "velocity": 2.0330307483673096
                    }
                },
                {
                    "type": "Feature",
                    "geometry": {
                        "type": "Point",
                        "coordinates": [
                            49.2547475,
                            55.7868066
                        ]
                    },
                    "properties": {
                        "createdDate": 1703517587821,
                        "bearing": 320.1497497558594,
                        "velocity": 1.929522156715393
                    }
                },
                {
                    "type": "Feature",
                    "geometry": {
                        "type": "Point",
                        "coordinates": [
                            49.2547147,
                            55.7868174
                        ]
                    },
                    "properties": {
                        "createdDate": 1703517588814,
                        "bearing": 305.7042236328125,
                        "velocity": 1.9737714529037476
                    }
                },
                {
                    "type": "Feature",
                    "geometry": {
                        "type": "Point",
                        "coordinates": [
                            49.2546899,
                            55.7868332
                        ]
                    },
                    "properties": {
                        "createdDate": 1703517589820,
                        "bearing": 317.12860107421875,
                        "velocity": 2.0622398853302
                    }
                },
                {
                    "type": "Feature",
                    "geometry": {
                        "type": "Point",
                        "coordinates": [
                            49.2546718,
                            55.7868516
                        ]
                    },
                    "properties": {
                        "createdDate": 1703517590828,
                        "bearing": 324.8121032714844,
                        "velocity": 2.152224540710449
                    }
                },
                {
                    "type": "Feature",
                    "geometry": {
                        "type": "Point",
                        "coordinates": [
                            49.2546316,
                            55.7868694
                        ]
                    },
                    "properties": {
                        "createdDate": 1703517591823,
                        "bearing": 330.8903503417969,
                        "velocity": 2.1632211208343506
                    }
                },
                {
                    "type": "Feature",
                    "geometry": {
                        "type": "Point",
                        "coordinates": [
                            49.2545947,
                            55.7868816
                        ]
                    },
                    "properties": {
                        "createdDate": 1703517592826,
                        "bearing": 321.84429931640625,
                        "velocity": 2.037559986114502
                    }
                },
                {
                    "type": "Feature",
                    "geometry": {
                        "type": "Point",
                        "coordinates": [
                            49.2545603,
                            55.7868939
                        ]
                    },
                    "properties": {
                        "createdDate": 1703517593835,
                        "bearing": 306.6640625,
                        "velocity": 1.9988713264465332
                    }
                },
                {
                    "type": "Feature",
                    "geometry": {
                        "type": "Point",
                        "coordinates": [
                            49.2545314,
                            55.7869025
                        ]
                    },
                    "properties": {
                        "createdDate": 1703517594826,
                        "bearing": 306.4764709472656,
                        "velocity": 1.7754305601119995
                    }
                },
                {
                    "type": "Feature",
                    "geometry": {
                        "type": "Point",
                        "coordinates": [
                            49.2545159,
                            55.7869128
                        ]
                    },
                    "properties": {
                        "createdDate": 1703517595834,
                        "bearing": 307.1470031738281,
                        "velocity": 1.4164209365844727
                    }
                },
                {
                    "type": "Feature",
                    "geometry": {
                        "type": "Point",
                        "coordinates": [
                            49.2544902,
                            55.7869322
                        ]
                    },
                    "properties": {
                        "createdDate": 1703517596829,
                        "bearing": 333.6435546875,
                        "velocity": 1.7650039196014404
                    }
                },
                {
                    "type": "Feature",
                    "geometry": {
                        "type": "Point",
                        "coordinates": [
                            49.2544673,
                            55.7869553
                        ]
                    },
                    "properties": {
                        "createdDate": 1703517597837,
                        "bearing": 334.5258483886719,
                        "velocity": 2.5446112155914307
                    }
                },
                {
                    "type": "Feature",
                    "geometry": {
                        "type": "Point",
                        "coordinates": [
                            49.2544415,
                            55.7869777
                        ]
                    },
                    "properties": {
                        "createdDate": 1703517598841,
                        "bearing": 330.543701171875,
                        "velocity": 2.6729559898376465
                    }
                },
                {
                    "type": "Feature",
                    "geometry": {
                        "type": "Point",
                        "coordinates": [
                            49.2544142,
                            55.7869933
                        ]
                    },
                    "properties": {
                        "createdDate": 1703517599848,
                        "bearing": 322.3621520996094,
                        "velocity": 2.198606491088867
                    }
                },
                {
                    "type": "Feature",
                    "geometry": {
                        "type": "Point",
                        "coordinates": [
                            49.2543847,
                            55.7870037
                        ]
                    },
                    "properties": {
                        "createdDate": 1703517600841,
                        "bearing": 312.28509521484375,
                        "velocity": 2.155783176422119
                    }
                },
                {
                    "type": "Feature",
                    "geometry": {
                        "type": "Point",
                        "coordinates": [
                            49.2543451,
                            55.7870179
                        ]
                    },
                    "properties": {
                        "createdDate": 1703517601848,
                        "bearing": 306.70281982421875,
                        "velocity": 2.8002593517303467
                    }
                },
                {
                    "type": "Feature",
                    "geometry": {
                        "type": "Point",
                        "coordinates": [
                            49.2543086,
                            55.7870358
                        ]
                    },
                    "properties": {
                        "createdDate": 1703517602841,
                        "bearing": 314.5370178222656,
                        "velocity": 2.8965792655944824
                    }
                },
                {
                    "type": "Feature",
                    "geometry": {
                        "type": "Point",
                        "coordinates": [
                            49.2542766,
                            55.7870586
                        ]
                    },
                    "properties": {
                        "createdDate": 1703517603830,
                        "bearing": 325.2779846191406,
                        "velocity": 3.1780200004577637
                    }
                },
                {
                    "type": "Feature",
                    "geometry": {
                        "type": "Point",
                        "coordinates": [
                            49.2542569,
                            55.7870805
                        ]
                    },
                    "properties": {
                        "createdDate": 1703517604843,
                        "bearing": 336.23309326171875,
                        "velocity": 2.8288185596466064
                    }
                },
                {
                    "type": "Feature",
                    "geometry": {
                        "type": "Point",
                        "coordinates": [
                            49.2542446,
                            55.7871073
                        ]
                    },
                    "properties": {
                        "createdDate": 1703517605849,
                        "bearing": 347.6206970214844,
                        "velocity": 3.098411798477173
                    }
                },
                {
                    "type": "Feature",
                    "geometry": {
                        "type": "Point",
                        "coordinates": [
                            49.2542299,
                            55.7871348
                        ]
                    },
                    "properties": {
                        "createdDate": 1703517606856,
                        "bearing": 344.2950744628906,
                        "velocity": 3.065004587173462
                    }
                },
                {
                    "type": "Feature",
                    "geometry": {
                        "type": "Point",
                        "coordinates": [
                            49.2542239,
                            55.7871578
                        ]
                    },
                    "properties": {
                        "createdDate": 1703517607845,
                        "bearing": 353.26654052734375,
                        "velocity": 2.4099442958831787
                    }
                },
                {
                    "type": "Feature",
                    "geometry": {
                        "type": "Point",
                        "coordinates": [
                            49.254214,
                            55.7871832
                        ]
                    },
                    "properties": {
                        "createdDate": 1703517608854,
                        "bearing": 350.51922607421875,
                        "velocity": 1.897912621498108
                    }
                },
                {
                    "type": "Feature",
                    "geometry": {
                        "type": "Point",
                        "coordinates": [
                            49.2542001,
                            55.7872043
                        ]
                    },
                    "properties": {
                        "createdDate": 1703517609862,
                        "bearing": 350.1523742675781,
                        "velocity": 1.612735390663147
                    }
                },
                {
                    "type": "Feature",
                    "geometry": {
                        "type": "Point",
                        "coordinates": [
                            49.2541928,
                            55.7872156
                        ]
                    },
                    "properties": {
                        "createdDate": 1703517610856,
                        "bearing": 358.87152099609375,
                        "velocity": 0.9261633157730103
                    }
                },
                {
                    "type": "Feature",
                    "geometry": {
                        "type": "Point",
                        "coordinates": [
                            49.2541906,
                            55.7872211
                        ]
                    },
                    "properties": {
                        "createdDate": 1703517611862,
                        "bearing": 359.7925720214844,
                        "velocity": 0.5479691624641418
                    }
                },
                {
                    "type": "Feature",
                    "geometry": {
                        "type": "Point",
                        "coordinates": [
                            49.2541842,
                            55.7872221
                        ]
                    },
                    "properties": {
                        "createdDate": 1703517612851,
                        "bearing": 359.89398193359375,
                        "velocity": 0.29480910301208496
                    }
                },
                {
                    "type": "Feature",
                    "geometry": {
                        "type": "Point",
                        "coordinates": [
                            49.2541808,
                            55.7872219
                        ]
                    },
                    "properties": {
                        "createdDate": 1703517613862,
                        "bearing": 359.91644287109375,
                        "velocity": 0.15676379203796387
                    }
                },
                {
                    "type": "Feature",
                    "geometry": {
                        "type": "Point",
                        "coordinates": [
                            49.2541789,
                            55.7872214
                        ]
                    },
                    "properties": {
                        "createdDate": 1703517614869,
                        "bearing": 0.0,
                        "velocity": 0.08027128875255585
                    }
                },
                {
                    "type": "Feature",
                    "geometry": {
                        "type": "Point",
                        "coordinates": [
                            49.2541779,
                            55.7872209
                        ]
                    },
                    "properties": {
                        "createdDate": 1703517615866,
                        "bearing": 0.0,
                        "velocity": 0.04264865070581436
                    }
                },
                {
                    "type": "Feature",
                    "geometry": {
                        "type": "Point",
                        "coordinates": [
                            49.2541773,
                            55.7872205
                        ]
                    },
                    "properties": {
                        "createdDate": 1703517616870,
                        "bearing": 0.0,
                        "velocity": 0.015357362106442451
                    }
                }
            ]
        }
    },
    {
        "uuid": "793bbe1c-8f88-4ece-b06d-e5124ea3fe71",
        "videoId": "1703516097487",
        "filePath": "/vs_data/citysoft-dev/video/2023/12/25/5b8b176f019ea18e/1703514900141/1703516097487/1703516097487.mp4",
        "sessionId": "1703514900141",
        "deviceId": "5b8b176f019ea18e",
        "descriptions": {
            "onDevice": "VladTest",
            "onServer": "VladTest"
        },
        "numbers": {
            "onDevice": "VladTest",
            "onServer": "VladTest"
        },
        "processingStatus": "NEW",
        "operatorId": null,
        "creationDate": "2023-12-25T14:54:57.487Z",
        "processedDate": null,
        "homographyId": null,
        "mergedPartsCount": 300,
        "fps": 0,
        "size": 46998844,
        "resolution": null,
        "errorReason": null,
        "errorModule": null,
        "errorMessage": null,
        "geoJSON": {
            "type": "FeatureCollection",
            "features": [
                {
                    "type": "Feature",
                    "geometry": {
                        "type": "Point",
                        "coordinates": [
                            49.24604,
                            55.7938231
                        ]
                    },
                    "properties": {
                        "createdDate": 1703516097487,
                        "bearing": 228.7855224609375,
                        "velocity": 0.1687546670436859
                    }
                },
                {
                    "type": "Feature",
                    "geometry": {
                        "type": "Point",
                        "coordinates": [
                            49.2460508,
                            55.7938309
                        ]
                    },
                    "properties": {
                        "createdDate": 1703516102495,
                        "bearing": 0.0,
                        "velocity": 0.04486483335494995
                    }
                },
                {
                    "type": "Feature",
                    "geometry": {
                        "type": "Point",
                        "coordinates": [
                            49.2460558,
                            55.7938373
                        ]
                    },
                    "properties": {
                        "createdDate": 1703516107500,
                        "bearing": 23.075204849243164,
                        "velocity": 0.11272978037595749
                    }
                },
                {
                    "type": "Feature",
                    "geometry": {
                        "type": "Point",
                        "coordinates": [
                            49.2460495,
                            55.793833
                        ]
                    },
                    "properties": {
                        "createdDate": 1703516112507,
                        "bearing": 0.0,
                        "velocity": 0.04086850583553314
                    }
                },
                {
                    "type": "Feature",
                    "geometry": {
                        "type": "Point",
                        "coordinates": [
                            49.246046,
                            55.7938313
                        ]
                    },
                    "properties": {
                        "createdDate": 1703516117513,
                        "bearing": 0.0,
                        "velocity": 0.05104944109916687
                    }
                },
                {
                    "type": "Feature",
                    "geometry": {
                        "type": "Point",
                        "coordinates": [
                            49.2460524,
                            55.7938339
                        ]
                    },
                    "properties": {
                        "createdDate": 1703516122520,
                        "bearing": 0.0,
                        "velocity": 0.044536150991916656
                    }
                },
                {
                    "type": "Feature",
                    "geometry": {
                        "type": "Point",
                        "coordinates": [
                            49.2460398,
                            55.793829
                        ]
                    },
                    "properties": {
                        "createdDate": 1703516127525,
                        "bearing": 235.084228515625,
                        "velocity": 0.10412551462650299
                    }
                },
                {
                    "type": "Feature",
                    "geometry": {
                        "type": "Point",
                        "coordinates": [
                            49.246033,
                            55.7938237
                        ]
                    },
                    "properties": {
                        "createdDate": 1703516132533,
                        "bearing": 221.27951049804688,
                        "velocity": 0.12815146148204803
                    }
                },
                {
                    "type": "Feature",
                    "geometry": {
                        "type": "Point",
                        "coordinates": [
                            49.2460523,
                            55.7938304
                        ]
                    },
                    "properties": {
                        "createdDate": 1703516137543,
                        "bearing": 0.0,
                        "velocity": 0.0998527854681015
                    }
                },
                {
                    "type": "Feature",
                    "geometry": {
                        "type": "Point",
                        "coordinates": [
                            49.246057,
                            55.793832
                        ]
                    },
                    "properties": {
                        "createdDate": 1703516142546,
                        "bearing": 0.0,
                        "velocity": 0.08111415803432465
                    }
                },
                {
                    "type": "Feature",
                    "geometry": {
                        "type": "Point",
                        "coordinates": [
                            49.2460404,
                            55.7938231
                        ]
                    },
                    "properties": {
                        "createdDate": 1703516147558,
                        "bearing": 222.99713134765625,
                        "velocity": 0.15360000729560852
                    }
                },
                {
                    "type": "Feature",
                    "geometry": {
                        "type": "Point",
                        "coordinates": [
                            49.2460438,
                            55.7938268
                        ]
                    },
                    "properties": {
                        "createdDate": 1703516152562,
                        "bearing": 0.0,
                        "velocity": 0.015885647386312485
                    }
                },
                {
                    "type": "Feature",
                    "geometry": {
                        "type": "Point",
                        "coordinates": [
                            49.2460461,
                            55.7938277
                        ]
                    },
                    "properties": {
                        "createdDate": 1703516157582,
                        "bearing": 0.0,
                        "velocity": 0.020466869696974754
                    }
                },
                {
                    "type": "Feature",
                    "geometry": {
                        "type": "Point",
                        "coordinates": [
                            49.2460639,
                            55.7938332
                        ]
                    },
                    "properties": {
                        "createdDate": 1703516162588,
                        "bearing": 60.13015365600586,
                        "velocity": 0.16729456186294556
                    }
                },
                {
                    "type": "Feature",
                    "geometry": {
                        "type": "Point",
                        "coordinates": [
                            49.2460649,
                            55.7938309
                        ]
                    },
                    "properties": {
                        "createdDate": 1703516167596,
                        "bearing": 0.0,
                        "velocity": 0.06465400755405426
                    }
                },
                {
                    "type": "Feature",
                    "geometry": {
                        "type": "Point",
                        "coordinates": [
                            49.2460536,
                            55.7938267
                        ]
                    },
                    "properties": {
                        "createdDate": 1703516172602,
                        "bearing": 0.0,
                        "velocity": 0.08769327402114868
                    }
                },
                {
                    "type": "Feature",
                    "geometry": {
                        "type": "Point",
                        "coordinates": [
                            49.2460523,
                            55.7938274
                        ]
                    },
                    "properties": {
                        "createdDate": 1703516177610,
                        "bearing": 0.0,
                        "velocity": 0.03601067140698433
                    }
                },
                {
                    "type": "Feature",
                    "geometry": {
                        "type": "Point",
                        "coordinates": [
                            49.2460494,
                            55.793825
                        ]
                    },
                    "properties": {
                        "createdDate": 1703516182617,
                        "bearing": 0.0,
                        "velocity": 0.051519595086574554
                    }
                },
                {
                    "type": "Feature",
                    "geometry": {
                        "type": "Point",
                        "coordinates": [
                            49.2460474,
                            55.7938234
                        ]
                    },
                    "properties": {
                        "createdDate": 1703516187622,
                        "bearing": 0.0,
                        "velocity": 0.04664967581629753
                    }
                },
                {
                    "type": "Feature",
                    "geometry": {
                        "type": "Point",
                        "coordinates": [
                            49.2460414,
                            55.7938267
                        ]
                    },
                    "properties": {
                        "createdDate": 1703516192629,
                        "bearing": 0.0,
                        "velocity": 0.06550778448581696
                    }
                },
                {
                    "type": "Feature",
                    "geometry": {
                        "type": "Point",
                        "coordinates": [
                            49.2460463,
                            55.7938284
                        ]
                    },
                    "properties": {
                        "createdDate": 1703516197636,
                        "bearing": 0.0,
                        "velocity": 0.040044285356998444
                    }
                },
                {
                    "type": "Feature",
                    "geometry": {
                        "type": "Point",
                        "coordinates": [
                            49.2460549,
                            55.7938296
                        ]
                    },
                    "properties": {
                        "createdDate": 1703516202642,
                        "bearing": 0.0,
                        "velocity": 0.0810338705778122
                    }
                },
                {
                    "type": "Feature",
                    "geometry": {
                        "type": "Point",
                        "coordinates": [
                            49.2460585,
                            55.793828
                        ]
                    },
                    "properties": {
                        "createdDate": 1703516207651,
                        "bearing": 0.0,
                        "velocity": 0.05685596540570259
                    }
                },
                {
                    "type": "Feature",
                    "geometry": {
                        "type": "Point",
                        "coordinates": [
                            49.2460516,
                            55.7938308
                        ]
                    },
                    "properties": {
                        "createdDate": 1703516212658,
                        "bearing": 0.0,
                        "velocity": 0.04802219569683075
                    }
                },
                {
                    "type": "Feature",
                    "geometry": {
                        "type": "Point",
                        "coordinates": [
                            49.2460444,
                            55.793828
                        ]
                    },
                    "properties": {
                        "createdDate": 1703516217667,
                        "bearing": 0.0,
                        "velocity": 0.07322943210601807
                    }
                },
                {
                    "type": "Feature",
                    "geometry": {
                        "type": "Point",
                        "coordinates": [
                            49.2460492,
                            55.7938291
                        ]
                    },
                    "properties": {
                        "createdDate": 1703516222684,
                        "bearing": 0.0,
                        "velocity": 0.012526614591479301
                    }
                },
                {
                    "type": "Feature",
                    "geometry": {
                        "type": "Point",
                        "coordinates": [
                            49.2460575,
                            55.7938303
                        ]
                    },
                    "properties": {
                        "createdDate": 1703516227691,
                        "bearing": 0.0,
                        "velocity": 0.07208897173404694
                    }
                },
                {
                    "type": "Feature",
                    "geometry": {
                        "type": "Point",
                        "coordinates": [
                            49.2460646,
                            55.7938311
                        ]
                    },
                    "properties": {
                        "createdDate": 1703516232699,
                        "bearing": 0.0,
                        "velocity": 0.08318933099508286
                    }
                },
                {
                    "type": "Feature",
                    "geometry": {
                        "type": "Point",
                        "coordinates": [
                            49.2460718,
                            55.7938285
                        ]
                    },
                    "properties": {
                        "createdDate": 1703516237706,
                        "bearing": 0.0,
                        "velocity": 0.0904993787407875
                    }
                },
                {
                    "type": "Feature",
                    "geometry": {
                        "type": "Point",
                        "coordinates": [
                            49.2460818,
                            55.7938295
                        ]
                    },
                    "properties": {
                        "createdDate": 1703516242711,
                        "bearing": 88.67179870605469,
                        "velocity": 0.1096143051981926
                    }
                },
                {
                    "type": "Feature",
                    "geometry": {
                        "type": "Point",
                        "coordinates": [
                            49.2460721,
                            55.79383
                        ]
                    },
                    "properties": {
                        "createdDate": 1703516247720,
                        "bearing": 0.0,
                        "velocity": 0.032219529151916504
                    }
                },
                {
                    "type": "Feature",
                    "geometry": {
                        "type": "Point",
                        "coordinates": [
                            49.2460575,
                            55.7938313
                        ]
                    },
                    "properties": {
                        "createdDate": 1703516252725,
                        "bearing": 279.4860534667969,
                        "velocity": 0.1252027302980423
                    }
                },
                {
                    "type": "Feature",
                    "geometry": {
                        "type": "Point",
                        "coordinates": [
                            49.2460505,
                            55.7938354
                        ]
                    },
                    "properties": {
                        "createdDate": 1703516257731,
                        "bearing": 302.7186279296875,
                        "velocity": 0.11984143406152725
                    }
                },
                {
                    "type": "Feature",
                    "geometry": {
                        "type": "Point",
                        "coordinates": [
                            49.2460505,
                            55.7938327
                        ]
                    },
                    "properties": {
                        "createdDate": 1703516262740,
                        "bearing": 0.0,
                        "velocity": 0.0394374243915081
                    }
                },
                {
                    "type": "Feature",
                    "geometry": {
                        "type": "Point",
                        "coordinates": [
                            49.2460568,
                            55.7938326
                        ]
                    },
                    "properties": {
                        "createdDate": 1703516267761,
                        "bearing": 0.0,
                        "velocity": 0.03544383868575096
                    }
                },
                {
                    "type": "Feature",
                    "geometry": {
                        "type": "Point",
                        "coordinates": [
                            49.2460653,
                            55.7938276
                        ]
                    },
                    "properties": {
                        "createdDate": 1703516272767,
                        "bearing": 132.26853942871094,
                        "velocity": 0.10747570544481277
                    }
                },
                {
                    "type": "Feature",
                    "geometry": {
                        "type": "Point",
                        "coordinates": [
                            49.2460605,
                            55.7938242
                        ]
                    },
                    "properties": {
                        "createdDate": 1703516277774,
                        "bearing": 0.0,
                        "velocity": 0.07398416101932526
                    }
                },
                {
                    "type": "Feature",
                    "geometry": {
                        "type": "Point",
                        "coordinates": [
                            49.246073,
                            55.7938296
                        ]
                    },
                    "properties": {
                        "createdDate": 1703516282780,
                        "bearing": 63.719322204589844,
                        "velocity": 0.10605498403310776
                    }
                },
                {
                    "type": "Feature",
                    "geometry": {
                        "type": "Point",
                        "coordinates": [
                            49.2460773,
                            55.7938288
                        ]
                    },
                    "properties": {
                        "createdDate": 1703516287787,
                        "bearing": 0.0,
                        "velocity": 0.06947998702526093
                    }
                },
                {
                    "type": "Feature",
                    "geometry": {
                        "type": "Point",
                        "coordinates": [
                            49.2460612,
                            55.7938284
                        ]
                    },
                    "properties": {
                        "createdDate": 1703516292795,
                        "bearing": 0.0,
                        "velocity": 0.09624149650335312
                    }
                },
                {
                    "type": "Feature",
                    "geometry": {
                        "type": "Point",
                        "coordinates": [
                            49.246057,
                            55.7938284
                        ]
                    },
                    "properties": {
                        "createdDate": 1703516297801,
                        "bearing": 0.0,
                        "velocity": 0.06952743232250214
                    }
                },
                {
                    "type": "Feature",
                    "geometry": {
                        "type": "Point",
                        "coordinates": [
                            49.2460687,
                            55.793829
                        ]
                    },
                    "properties": {
                        "createdDate": 1703516302807,
                        "bearing": 0.0,
                        "velocity": 0.06126803532242775
                    }
                },
                {
                    "type": "Feature",
                    "geometry": {
                        "type": "Point",
                        "coordinates": [
                            49.2460771,
                            55.7938328
                        ]
                    },
                    "properties": {
                        "createdDate": 1703516307815,
                        "bearing": 58.1492919921875,
                        "velocity": 0.10512508451938629
                    }
                },
                {
                    "type": "Feature",
                    "geometry": {
                        "type": "Point",
                        "coordinates": [
                            49.2460645,
                            55.7938302
                        ]
                    },
                    "properties": {
                        "createdDate": 1703516312823,
                        "bearing": 0.0,
                        "velocity": 0.061296120285987854
                    }
                },
                {
                    "type": "Feature",
                    "geometry": {
                        "type": "Point",
                        "coordinates": [
                            49.246059,
                            55.7938311
                        ]
                    },
                    "properties": {
                        "createdDate": 1703516317828,
                        "bearing": 0.0,
                        "velocity": 0.06544049829244614
                    }
                },
                {
                    "type": "Feature",
                    "geometry": {
                        "type": "Point",
                        "coordinates": [
                            49.246055,
                            55.7938269
                        ]
                    },
                    "properties": {
                        "createdDate": 1703516322833,
                        "bearing": 0.0,
                        "velocity": 0.07642964273691177
                    }
                },
                {
                    "type": "Feature",
                    "geometry": {
                        "type": "Point",
                        "coordinates": [
                            49.2460526,
                            55.7938283
                        ]
                    },
                    "properties": {
                        "createdDate": 1703516327825,
                        "bearing": 0.0,
                        "velocity": 0.040102969855070114
                    }
                },
                {
                    "type": "Feature",
                    "geometry": {
                        "type": "Point",
                        "coordinates": [
                            49.24607,
                            55.7938252
                        ]
                    },
                    "properties": {
                        "createdDate": 1703516332830,
                        "bearing": 109.98250579833984,
                        "velocity": 0.127136692404747
                    }
                },
                {
                    "type": "Feature",
                    "geometry": {
                        "type": "Point",
                        "coordinates": [
                            49.2460733,
                            55.7938275
                        ]
                    },
                    "properties": {
                        "createdDate": 1703516337825,
                        "bearing": 0.0,
                        "velocity": 0.07145754247903824
                    }
                },
                {
                    "type": "Feature",
                    "geometry": {
                        "type": "Point",
                        "coordinates": [
                            49.2460738,
                            55.7938393
                        ]
                    },
                    "properties": {
                        "createdDate": 1703516342828,
                        "bearing": 10.512857437133789,
                        "velocity": 0.1716942936182022
                    }
                },
                {
                    "type": "Feature",
                    "geometry": {
                        "type": "Point",
                        "coordinates": [
                            49.2460625,
                            55.7938343
                        ]
                    },
                    "properties": {
                        "createdDate": 1703516347849,
                        "bearing": 0.0,
                        "velocity": 0.07412750273942947
                    }
                },
                {
                    "type": "Feature",
                    "geometry": {
                        "type": "Point",
                        "coordinates": [
                            49.2460733,
                            55.7938274
                        ]
                    },
                    "properties": {
                        "createdDate": 1703516352857,
                        "bearing": 149.46775817871094,
                        "velocity": 0.11252270638942719
                    }
                },
                {
                    "type": "Feature",
                    "geometry": {
                        "type": "Point",
                        "coordinates": [
                            49.2460835,
                            55.7938297
                        ]
                    },
                    "properties": {
                        "createdDate": 1703516357863,
                        "bearing": 93.19011688232422,
                        "velocity": 0.10045100003480911
                    }
                },
                {
                    "type": "Feature",
                    "geometry": {
                        "type": "Point",
                        "coordinates": [
                            49.2460823,
                            55.7938334
                        ]
                    },
                    "properties": {
                        "createdDate": 1703516362869,
                        "bearing": 0.0,
                        "velocity": 0.05621964484453201
                    }
                },
                {
                    "type": "Feature",
                    "geometry": {
                        "type": "Point",
                        "coordinates": [
                            49.2460761,
                            55.793831
                        ]
                    },
                    "properties": {
                        "createdDate": 1703516367877,
                        "bearing": 0.0,
                        "velocity": 0.03795381262898445
                    }
                },
                {
                    "type": "Feature",
                    "geometry": {
                        "type": "Point",
                        "coordinates": [
                            49.2460578,
                            55.7938277
                        ]
                    },
                    "properties": {
                        "createdDate": 1703516372883,
                        "bearing": 252.2386474609375,
                        "velocity": 0.16042229533195496
                    }
                },
                {
                    "type": "Feature",
                    "geometry": {
                        "type": "Point",
                        "coordinates": [
                            49.2460647,
                            55.7938343
                        ]
                    },
                    "properties": {
                        "createdDate": 1703516377889,
                        "bearing": 0.0,
                        "velocity": 0.06193522736430168
                    }
                },
                {
                    "type": "Feature",
                    "geometry": {
                        "type": "Point",
                        "coordinates": [
                            49.246076,
                            55.7938334
                        ]
                    },
                    "properties": {
                        "createdDate": 1703516382903,
                        "bearing": 0.0,
                        "velocity": 0.07408436387777328
                    }
                },
                {
                    "type": "Feature",
                    "geometry": {
                        "type": "Point",
                        "coordinates": [
                            49.24607,
                            55.7938308
                        ]
                    },
                    "properties": {
                        "createdDate": 1703516387907,
                        "bearing": 0.0,
                        "velocity": 0.03622005879878998
                    }
                },
                {
                    "type": "Feature",
                    "geometry": {
                        "type": "Point",
                        "coordinates": [
                            49.2460874,
                            55.7938308
                        ]
                    },
                    "properties": {
                        "createdDate": 1703516392912,
                        "bearing": 97.58550262451172,
                        "velocity": 0.11044038087129593
                    }
                }
            ]
        }
    },
    {
        "uuid": "f6df7d6f-0765-4b70-8a40-e15e69cff35d",
        "videoId": "1703515796992",
        "filePath": "/vs_data/citysoft-dev/video/2023/12/25/5b8b176f019ea18e/1703514900141/1703515796992/1703515796992.mp4",
        "sessionId": "1703514900141",
        "deviceId": "5b8b176f019ea18e",
        "descriptions": {
            "onDevice": "VladTest",
            "onServer": "VladTest"
        },
        "numbers": {
            "onDevice": "VladTest",
            "onServer": "VladTest"
        },
        "processingStatus": "NEW",
        "operatorId": null,
        "creationDate": "2023-12-25T14:49:56.992Z",
        "processedDate": null,
        "homographyId": null,
        "mergedPartsCount": 300,
        "fps": 0,
        "size": 51795154,
        "resolution": null,
        "errorReason": null,
        "errorModule": null,
        "errorMessage": null,
        "geoJSON": {
            "type": "FeatureCollection",
            "features": [
                {
                    "type": "Feature",
                    "geometry": {
                        "type": "Point",
                        "coordinates": [
                            49.2460374,
                            55.7938202
                        ]
                    },
                    "properties": {
                        "createdDate": 1703515796992,
                        "bearing": 226.48609924316406,
                        "velocity": 0.2166501134634018
                    }
                },
                {
                    "type": "Feature",
                    "geometry": {
                        "type": "Point",
                        "coordinates": [
                            49.2460349,
                            55.79383
                        ]
                    },
                    "properties": {
                        "createdDate": 1703515802001,
                        "bearing": 299.8214111328125,
                        "velocity": 0.1024232804775238
                    }
                },
                {
                    "type": "Feature",
                    "geometry": {
                        "type": "Point",
                        "coordinates": [
                            49.2460556,
                            55.7938278
                        ]
                    },
                    "properties": {
                        "createdDate": 1703515807003,
                        "bearing": 94.72660827636719,
                        "velocity": 0.12767358124256134
                    }
                },
                {
                    "type": "Feature",
                    "geometry": {
                        "type": "Point",
                        "coordinates": [
                            49.246055,
                            55.7938263
                        ]
                    },
                    "properties": {
                        "createdDate": 1703515812028,
                        "bearing": 0.0,
                        "velocity": 0.05038972198963165
                    }
                },
                {
                    "type": "Feature",
                    "geometry": {
                        "type": "Point",
                        "coordinates": [
                            49.2460646,
                            55.7938284
                        ]
                    },
                    "properties": {
                        "createdDate": 1703515817035,
                        "bearing": 0.0,
                        "velocity": 0.09184355288743973
                    }
                },
                {
                    "type": "Feature",
                    "geometry": {
                        "type": "Point",
                        "coordinates": [
                            49.2460582,
                            55.7938312
                        ]
                    },
                    "properties": {
                        "createdDate": 1703515822041,
                        "bearing": 0.0,
                        "velocity": 0.048119451850652695
                    }
                },
                {
                    "type": "Feature",
                    "geometry": {
                        "type": "Point",
                        "coordinates": [
                            49.2460397,
                            55.7938262
                        ]
                    },
                    "properties": {
                        "createdDate": 1703515827048,
                        "bearing": 250.776123046875,
                        "velocity": 0.15967726707458496
                    }
                },
                {
                    "type": "Feature",
                    "geometry": {
                        "type": "Point",
                        "coordinates": [
                            49.2460533,
                            55.7938256
                        ]
                    },
                    "properties": {
                        "createdDate": 1703515832054,
                        "bearing": 0.0,
                        "velocity": 0.039683930575847626
                    }
                },
                {
                    "type": "Feature",
                    "geometry": {
                        "type": "Point",
                        "coordinates": [
                            49.2460589,
                            55.7938288
                        ]
                    },
                    "properties": {
                        "createdDate": 1703515837062,
                        "bearing": 0.0,
                        "velocity": 0.06215478479862213
                    }
                },
                {
                    "type": "Feature",
                    "geometry": {
                        "type": "Point",
                        "coordinates": [
                            49.246061,
                            55.7938291
                        ]
                    },
                    "properties": {
                        "createdDate": 1703515842068,
                        "bearing": 0.0,
                        "velocity": 0.038954686373472214
                    }
                },
                {
                    "type": "Feature",
                    "geometry": {
                        "type": "Point",
                        "coordinates": [
                            49.2460531,
                            55.7938205
                        ]
                    },
                    "properties": {
                        "createdDate": 1703515847074,
                        "bearing": 202.9548797607422,
                        "velocity": 0.12393046915531158
                    }
                },
                {
                    "type": "Feature",
                    "geometry": {
                        "type": "Point",
                        "coordinates": [
                            49.2460554,
                            55.7938273
                        ]
                    },
                    "properties": {
                        "createdDate": 1703515852080,
                        "bearing": 0.0,
                        "velocity": 0.031425658613443375
                    }
                },
                {
                    "type": "Feature",
                    "geometry": {
                        "type": "Point",
                        "coordinates": [
                            49.2460586,
                            55.7938274
                        ]
                    },
                    "properties": {
                        "createdDate": 1703515857088,
                        "bearing": 0.0,
                        "velocity": 0.026042988523840904
                    }
                },
                {
                    "type": "Feature",
                    "geometry": {
                        "type": "Point",
                        "coordinates": [
                            49.2460632,
                            55.7938287
                        ]
                    },
                    "properties": {
                        "createdDate": 1703515862093,
                        "bearing": 0.0,
                        "velocity": 0.05053693428635597
                    }
                },
                {
                    "type": "Feature",
                    "geometry": {
                        "type": "Point",
                        "coordinates": [
                            49.2460459,
                            55.7938216
                        ]
                    },
                    "properties": {
                        "createdDate": 1703515867118,
                        "bearing": 232.78274536132812,
                        "velocity": 0.1503830850124359
                    }
                },
                {
                    "type": "Feature",
                    "geometry": {
                        "type": "Point",
                        "coordinates": [
                            49.2460547,
                            55.7938265
                        ]
                    },
                    "properties": {
                        "createdDate": 1703515872113,
                        "bearing": 0.0,
                        "velocity": 0.018595358356833458
                    }
                },
                {
                    "type": "Feature",
                    "geometry": {
                        "type": "Point",
                        "coordinates": [
                            49.2460554,
                            55.7938265
                        ]
                    },
                    "properties": {
                        "createdDate": 1703515877117,
                        "bearing": 0.0,
                        "velocity": 0.010287418030202389
                    }
                },
                {
                    "type": "Feature",
                    "geometry": {
                        "type": "Point",
                        "coordinates": [
                            49.2460614,
                            55.7938279
                        ]
                    },
                    "properties": {
                        "createdDate": 1703515882122,
                        "bearing": 0.0,
                        "velocity": 0.054826509207487106
                    }
                },
                {
                    "type": "Feature",
                    "geometry": {
                        "type": "Point",
                        "coordinates": [
                            49.2460692,
                            55.7938275
                        ]
                    },
                    "properties": {
                        "createdDate": 1703515887143,
                        "bearing": 0.0,
                        "velocity": 0.07914161682128906
                    }
                },
                {
                    "type": "Feature",
                    "geometry": {
                        "type": "Point",
                        "coordinates": [
                            49.2460615,
                            55.7938273
                        ]
                    },
                    "properties": {
                        "createdDate": 1703515892151,
                        "bearing": 0.0,
                        "velocity": 0.03155476227402687
                    }
                },
                {
                    "type": "Feature",
                    "geometry": {
                        "type": "Point",
                        "coordinates": [
                            49.2460568,
                            55.7938341
                        ]
                    },
                    "properties": {
                        "createdDate": 1703515897157,
                        "bearing": 332.6490173339844,
                        "velocity": 0.10419896245002747
                    }
                },
                {
                    "type": "Feature",
                    "geometry": {
                        "type": "Point",
                        "coordinates": [
                            49.2460526,
                            55.793831
                        ]
                    },
                    "properties": {
                        "createdDate": 1703515902164,
                        "bearing": 0.0,
                        "velocity": 0.05202377587556839
                    }
                },
                {
                    "type": "Feature",
                    "geometry": {
                        "type": "Point",
                        "coordinates": [
                            49.2460574,
                            55.7938265
                        ]
                    },
                    "properties": {
                        "createdDate": 1703515907171,
                        "bearing": 0.0,
                        "velocity": 0.06758668273687363
                    }
                },
                {
                    "type": "Feature",
                    "geometry": {
                        "type": "Point",
                        "coordinates": [
                            49.2460526,
                            55.7938254
                        ]
                    },
                    "properties": {
                        "createdDate": 1703515912180,
                        "bearing": 0.0,
                        "velocity": 0.05143732577562332
                    }
                },
                {
                    "type": "Feature",
                    "geometry": {
                        "type": "Point",
                        "coordinates": [
                            49.2460503,
                            55.7938257
                        ]
                    },
                    "properties": {
                        "createdDate": 1703515917185,
                        "bearing": 0.0,
                        "velocity": 0.030110208317637444
                    }
                },
                {
                    "type": "Feature",
                    "geometry": {
                        "type": "Point",
                        "coordinates": [
                            49.2460517,
                            55.7938284
                        ]
                    },
                    "properties": {
                        "createdDate": 1703515922188,
                        "bearing": 0.0,
                        "velocity": 0.033038441091775894
                    }
                },
                {
                    "type": "Feature",
                    "geometry": {
                        "type": "Point",
                        "coordinates": [
                            49.2460582,
                            55.7938313
                        ]
                    },
                    "properties": {
                        "createdDate": 1703515927196,
                        "bearing": 0.0,
                        "velocity": 0.07291597872972488
                    }
                },
                {
                    "type": "Feature",
                    "geometry": {
                        "type": "Point",
                        "coordinates": [
                            49.2460556,
                            55.7938324
                        ]
                    },
                    "properties": {
                        "createdDate": 1703515932204,
                        "bearing": 0.0,
                        "velocity": 0.035297296941280365
                    }
                },
                {
                    "type": "Feature",
                    "geometry": {
                        "type": "Point",
                        "coordinates": [
                            49.2460555,
                            55.7938283
                        ]
                    },
                    "properties": {
                        "createdDate": 1703515937213,
                        "bearing": 0.0,
                        "velocity": 0.04347730427980423
                    }
                },
                {
                    "type": "Feature",
                    "geometry": {
                        "type": "Point",
                        "coordinates": [
                            49.2460555,
                            55.7938263
                        ]
                    },
                    "properties": {
                        "createdDate": 1703515942232,
                        "bearing": 0.0,
                        "velocity": 0.044192470610141754
                    }
                },
                {
                    "type": "Feature",
                    "geometry": {
                        "type": "Point",
                        "coordinates": [
                            49.2460532,
                            55.7938263
                        ]
                    },
                    "properties": {
                        "createdDate": 1703515947239,
                        "bearing": 0.0,
                        "velocity": 0.024204028770327568
                    }
                },
                {
                    "type": "Feature",
                    "geometry": {
                        "type": "Point",
                        "coordinates": [
                            49.2460815,
                            55.7938284
                        ]
                    },
                    "properties": {
                        "createdDate": 1703515952246,
                        "bearing": 84.02444458007812,
                        "velocity": 0.2138717621564865
                    }
                },
                {
                    "type": "Feature",
                    "geometry": {
                        "type": "Point",
                        "coordinates": [
                            49.2460762,
                            55.7938357
                        ]
                    },
                    "properties": {
                        "createdDate": 1703515957254,
                        "bearing": 20.89348030090332,
                        "velocity": 0.11634348332881927
                    }
                },
                {
                    "type": "Feature",
                    "geometry": {
                        "type": "Point",
                        "coordinates": [
                            49.2460592,
                            55.7938337
                        ]
                    },
                    "properties": {
                        "createdDate": 1703515962260,
                        "bearing": 276.9002380371094,
                        "velocity": 0.11687222123146057
                    }
                },
                {
                    "type": "Feature",
                    "geometry": {
                        "type": "Point",
                        "coordinates": [
                            49.2460546,
                            55.7938329
                        ]
                    },
                    "properties": {
                        "createdDate": 1703515967269,
                        "bearing": 0.0,
                        "velocity": 0.08017166703939438
                    }
                },
                {
                    "type": "Feature",
                    "geometry": {
                        "type": "Point",
                        "coordinates": [
                            49.2460616,
                            55.7938311
                        ]
                    },
                    "properties": {
                        "createdDate": 1703515972274,
                        "bearing": 0.0,
                        "velocity": 0.03450022265315056
                    }
                },
                {
                    "type": "Feature",
                    "geometry": {
                        "type": "Point",
                        "coordinates": [
                            49.2460579,
                            55.7938278
                        ]
                    },
                    "properties": {
                        "createdDate": 1703515977277,
                        "bearing": 0.0,
                        "velocity": 0.05931764841079712
                    }
                },
                {
                    "type": "Feature",
                    "geometry": {
                        "type": "Point",
                        "coordinates": [
                            49.2460561,
                            55.7938276
                        ]
                    },
                    "properties": {
                        "createdDate": 1703515982284,
                        "bearing": 0.0,
                        "velocity": 0.03270728141069412
                    }
                },
                {
                    "type": "Feature",
                    "geometry": {
                        "type": "Point",
                        "coordinates": [
                            49.2460739,
                            55.7938327
                        ]
                    },
                    "properties": {
                        "createdDate": 1703515987296,
                        "bearing": 64.60982513427734,
                        "velocity": 0.14223022758960724
                    }
                },
                {
                    "type": "Feature",
                    "geometry": {
                        "type": "Point",
                        "coordinates": [
                            49.2460641,
                            55.7938318
                        ]
                    },
                    "properties": {
                        "createdDate": 1703515992317,
                        "bearing": 0.0,
                        "velocity": 0.02903045527637005
                    }
                },
                {
                    "type": "Feature",
                    "geometry": {
                        "type": "Point",
                        "coordinates": [
                            49.2460606,
                            55.7938297
                        ]
                    },
                    "properties": {
                        "createdDate": 1703515997322,
                        "bearing": 0.0,
                        "velocity": 0.04626794531941414
                    }
                },
                {
                    "type": "Feature",
                    "geometry": {
                        "type": "Point",
                        "coordinates": [
                            49.2460661,
                            55.793834
                        ]
                    },
                    "properties": {
                        "createdDate": 1703516002329,
                        "bearing": 0.0,
                        "velocity": 0.05680868774652481
                    }
                },
                {
                    "type": "Feature",
                    "geometry": {
                        "type": "Point",
                        "coordinates": [
                            49.2460678,
                            55.7938306
                        ]
                    },
                    "properties": {
                        "createdDate": 1703516007337,
                        "bearing": 0.0,
                        "velocity": 0.03708570823073387
                    }
                },
                {
                    "type": "Feature",
                    "geometry": {
                        "type": "Point",
                        "coordinates": [
                            49.2460671,
                            55.7938288
                        ]
                    },
                    "properties": {
                        "createdDate": 1703516012341,
                        "bearing": 0.0,
                        "velocity": 0.035193972289562225
                    }
                },
                {
                    "type": "Feature",
                    "geometry": {
                        "type": "Point",
                        "coordinates": [
                            49.24607,
                            55.7938287
                        ]
                    },
                    "properties": {
                        "createdDate": 1703516017349,
                        "bearing": 0.0,
                        "velocity": 0.02822135016322136
                    }
                },
                {
                    "type": "Feature",
                    "geometry": {
                        "type": "Point",
                        "coordinates": [
                            49.2460711,
                            55.7938275
                        ]
                    },
                    "properties": {
                        "createdDate": 1703516022355,
                        "bearing": 0.0,
                        "velocity": 0.02925502508878708
                    }
                },
                {
                    "type": "Feature",
                    "geometry": {
                        "type": "Point",
                        "coordinates": [
                            49.2460581,
                            55.7938271
                        ]
                    },
                    "properties": {
                        "createdDate": 1703516027363,
                        "bearing": 0.0,
                        "velocity": 0.09394928067922592
                    }
                },
                {
                    "type": "Feature",
                    "geometry": {
                        "type": "Point",
                        "coordinates": [
                            49.2460463,
                            55.7938285
                        ]
                    },
                    "properties": {
                        "createdDate": 1703516032369,
                        "bearing": 276.6058044433594,
                        "velocity": 0.12583917379379272
                    }
                },
                {
                    "type": "Feature",
                    "geometry": {
                        "type": "Point",
                        "coordinates": [
                            49.2460463,
                            55.793831
                        ]
                    },
                    "properties": {
                        "createdDate": 1703516037377,
                        "bearing": 0.0,
                        "velocity": 0.06233515217900276
                    }
                },
                {
                    "type": "Feature",
                    "geometry": {
                        "type": "Point",
                        "coordinates": [
                            49.2460383,
                            55.793828
                        ]
                    },
                    "properties": {
                        "createdDate": 1703516042380,
                        "bearing": 0.0,
                        "velocity": 0.08226481825113297
                    }
                },
                {
                    "type": "Feature",
                    "geometry": {
                        "type": "Point",
                        "coordinates": [
                            49.2460539,
                            55.793835
                        ]
                    },
                    "properties": {
                        "createdDate": 1703516047392,
                        "bearing": 46.366390228271484,
                        "velocity": 0.13001680374145508
                    }
                },
                {
                    "type": "Feature",
                    "geometry": {
                        "type": "Point",
                        "coordinates": [
                            49.2460808,
                            55.7938403
                        ]
                    },
                    "properties": {
                        "createdDate": 1703516052411,
                        "bearing": 66.52127075195312,
                        "velocity": 0.27133065462112427
                    }
                },
                {
                    "type": "Feature",
                    "geometry": {
                        "type": "Point",
                        "coordinates": [
                            49.246055,
                            55.7938323
                        ]
                    },
                    "properties": {
                        "createdDate": 1703516057418,
                        "bearing": 235.73623657226562,
                        "velocity": 0.10874195396900177
                    }
                },
                {
                    "type": "Feature",
                    "geometry": {
                        "type": "Point",
                        "coordinates": [
                            49.2460571,
                            55.7938319
                        ]
                    },
                    "properties": {
                        "createdDate": 1703516062424,
                        "bearing": 0.0,
                        "velocity": 0.0329069085419178
                    }
                },
                {
                    "type": "Feature",
                    "geometry": {
                        "type": "Point",
                        "coordinates": [
                            49.2460441,
                            55.7938248
                        ]
                    },
                    "properties": {
                        "createdDate": 1703516067432,
                        "bearing": 224.675537109375,
                        "velocity": 0.15189267694950104
                    }
                },
                {
                    "type": "Feature",
                    "geometry": {
                        "type": "Point",
                        "coordinates": [
                            49.2460479,
                            55.7938283
                        ]
                    },
                    "properties": {
                        "createdDate": 1703516072438,
                        "bearing": 0.0,
                        "velocity": 0.013067827560007572
                    }
                },
                {
                    "type": "Feature",
                    "geometry": {
                        "type": "Point",
                        "coordinates": [
                            49.2460615,
                            55.7938352
                        ]
                    },
                    "properties": {
                        "createdDate": 1703516077444,
                        "bearing": 46.24715805053711,
                        "velocity": 0.1410861313343048
                    }
                },
                {
                    "type": "Feature",
                    "geometry": {
                        "type": "Point",
                        "coordinates": [
                            49.2460634,
                            55.7938342
                        ]
                    },
                    "properties": {
                        "createdDate": 1703516082450,
                        "bearing": 0.0,
                        "velocity": 0.05821051821112633
                    }
                },
                {
                    "type": "Feature",
                    "geometry": {
                        "type": "Point",
                        "coordinates": [
                            49.2460535,
                            55.7938315
                        ]
                    },
                    "properties": {
                        "createdDate": 1703516087461,
                        "bearing": 0.0,
                        "velocity": 0.0638207197189331
                    }
                },
                {
                    "type": "Feature",
                    "geometry": {
                        "type": "Point",
                        "coordinates": [
                            49.2460566,
                            55.7938305
                        ]
                    },
                    "properties": {
                        "createdDate": 1703516092466,
                        "bearing": 0.0,
                        "velocity": 0.024627171456813812
                    }
                }
            ]
        }
    },
    {
        "uuid": "e68a5676-9a64-4081-89ab-ff2f28899b01",
        "videoId": "1703515496512",
        "filePath": "/vs_data/citysoft-dev/video/2023/12/25/5b8b176f019ea18e/1703514900141/1703515496512/1703515496512.mp4",
        "sessionId": "1703514900141",
        "deviceId": "5b8b176f019ea18e",
        "descriptions": {
            "onDevice": "VladTest",
            "onServer": "VladTest"
        },
        "numbers": {
            "onDevice": "VladTest",
            "onServer": "VladTest"
        },
        "processingStatus": "NEW",
        "operatorId": null,
        "creationDate": "2023-12-25T14:44:56.512Z",
        "processedDate": null,
        "homographyId": null,
        "mergedPartsCount": 300,
        "fps": 0,
        "size": 61543907,
        "resolution": null,
        "errorReason": null,
        "errorModule": null,
        "errorMessage": null,
        "geoJSON": {
            "type": "FeatureCollection",
            "features": [
                {
                    "type": "Feature",
                    "geometry": {
                        "type": "Point",
                        "coordinates": [
                            49.246082,
                            55.7938291
                        ]
                    },
                    "properties": {
                        "createdDate": 1703515496512,
                        "bearing": 0.0,
                        "velocity": 0.02895045280456543
                    }
                },
                {
                    "type": "Feature",
                    "geometry": {
                        "type": "Point",
                        "coordinates": [
                            49.2460735,
                            55.7938262
                        ]
                    },
                    "properties": {
                        "createdDate": 1703515501521,
                        "bearing": 0.0,
                        "velocity": 0.06458155065774918
                    }
                },
                {
                    "type": "Feature",
                    "geometry": {
                        "type": "Point",
                        "coordinates": [
                            49.2460792,
                            55.7938447
                        ]
                    },
                    "properties": {
                        "createdDate": 1703515506541,
                        "bearing": 5.252308368682861,
                        "velocity": 0.23714005947113037
                    }
                },
                {
                    "type": "Feature",
                    "geometry": {
                        "type": "Point",
                        "coordinates": [
                            49.2460717,
                            55.7938415
                        ]
                    },
                    "properties": {
                        "createdDate": 1703515511531,
                        "bearing": 0.0,
                        "velocity": 0.06941656768321991
                    }
                },
                {
                    "type": "Feature",
                    "geometry": {
                        "type": "Point",
                        "coordinates": [
                            49.246082,
                            55.7938322
                        ]
                    },
                    "properties": {
                        "createdDate": 1703515516555,
                        "bearing": 150.97732543945312,
                        "velocity": 0.12375710904598236
                    }
                },
                {
                    "type": "Feature",
                    "geometry": {
                        "type": "Point",
                        "coordinates": [
                            49.2460763,
                            55.7938316
                        ]
                    },
                    "properties": {
                        "createdDate": 1703515521562,
                        "bearing": 0.0,
                        "velocity": 0.05427156016230583
                    }
                },
                {
                    "type": "Feature",
                    "geometry": {
                        "type": "Point",
                        "coordinates": [
                            49.2460663,
                            55.7938351
                        ]
                    },
                    "properties": {
                        "createdDate": 1703515526554,
                        "bearing": 0.0,
                        "velocity": 0.08716586232185364
                    }
                },
                {
                    "type": "Feature",
                    "geometry": {
                        "type": "Point",
                        "coordinates": [
                            49.2460733,
                            55.793835
                        ]
                    },
                    "properties": {
                        "createdDate": 1703515531562,
                        "bearing": 0.0,
                        "velocity": 0.024132616817951202
                    }
                },
                {
                    "type": "Feature",
                    "geometry": {
                        "type": "Point",
                        "coordinates": [
                            49.2460674,
                            55.7938331
                        ]
                    },
                    "properties": {
                        "createdDate": 1703515536582,
                        "bearing": 0.0,
                        "velocity": 0.04237339645624161
                    }
                },
                {
                    "type": "Feature",
                    "geometry": {
                        "type": "Point",
                        "coordinates": [
                            49.2460559,
                            55.793837
                        ]
                    },
                    "properties": {
                        "createdDate": 1703515541589,
                        "bearing": 293.5076599121094,
                        "velocity": 0.11142343282699585
                    }
                },
                {
                    "type": "Feature",
                    "geometry": {
                        "type": "Point",
                        "coordinates": [
                            49.2460701,
                            55.7938283
                        ]
                    },
                    "properties": {
                        "createdDate": 1703515546595,
                        "bearing": 145.54310607910156,
                        "velocity": 0.1242690160870552
                    }
                },
                {
                    "type": "Feature",
                    "geometry": {
                        "type": "Point",
                        "coordinates": [
                            49.2460755,
                            55.7938261
                        ]
                    },
                    "properties": {
                        "createdDate": 1703515551603,
                        "bearing": 0.0,
                        "velocity": 0.09758978337049484
                    }
                },
                {
                    "type": "Feature",
                    "geometry": {
                        "type": "Point",
                        "coordinates": [
                            49.2460754,
                            55.7938328
                        ]
                    },
                    "properties": {
                        "createdDate": 1703515556609,
                        "bearing": 0.0,
                        "velocity": 0.07060376554727554
                    }
                },
                {
                    "type": "Feature",
                    "geometry": {
                        "type": "Point",
                        "coordinates": [
                            49.2460718,
                            55.7938309
                        ]
                    },
                    "properties": {
                        "createdDate": 1703515561616,
                        "bearing": 0.0,
                        "velocity": 0.018472569063305855
                    }
                },
                {
                    "type": "Feature",
                    "geometry": {
                        "type": "Point",
                        "coordinates": [
                            49.2460625,
                            55.7938311
                        ]
                    },
                    "properties": {
                        "createdDate": 1703515566625,
                        "bearing": 0.0,
                        "velocity": 0.08021903783082962
                    }
                },
                {
                    "type": "Feature",
                    "geometry": {
                        "type": "Point",
                        "coordinates": [
                            49.2460487,
                            55.7938285
                        ]
                    },
                    "properties": {
                        "createdDate": 1703515571644,
                        "bearing": 255.4097900390625,
                        "velocity": 0.14154747128486633
                    }
                },
                {
                    "type": "Feature",
                    "geometry": {
                        "type": "Point",
                        "coordinates": [
                            49.2460381,
                            55.7938271
                        ]
                    },
                    "properties": {
                        "createdDate": 1703515576638,
                        "bearing": 256.62506103515625,
                        "velocity": 0.1373642086982727
                    }
                },
                {
                    "type": "Feature",
                    "geometry": {
                        "type": "Point",
                        "coordinates": [
                            49.2460354,
                            55.7938284
                        ]
                    },
                    "properties": {
                        "createdDate": 1703515581657,
                        "bearing": 0.0,
                        "velocity": 0.07151323556900024
                    }
                },
                {
                    "type": "Feature",
                    "geometry": {
                        "type": "Point",
                        "coordinates": [
                            49.2460224,
                            55.7938223
                        ]
                    },
                    "properties": {
                        "createdDate": 1703515586650,
                        "bearing": 237.12510681152344,
                        "velocity": 0.15176071226596832
                    }
                },
                {
                    "type": "Feature",
                    "geometry": {
                        "type": "Point",
                        "coordinates": [
                            49.2460304,
                            55.793822
                        ]
                    },
                    "properties": {
                        "createdDate": 1703515591670,
                        "bearing": 0.0,
                        "velocity": 0.04193240776658058
                    }
                },
                {
                    "type": "Feature",
                    "geometry": {
                        "type": "Point",
                        "coordinates": [
                            49.246043,
                            55.7938247
                        ]
                    },
                    "properties": {
                        "createdDate": 1703515596677,
                        "bearing": 0.0,
                        "velocity": 0.07823214679956436
                    }
                },
                {
                    "type": "Feature",
                    "geometry": {
                        "type": "Point",
                        "coordinates": [
                            49.2460551,
                            55.7938257
                        ]
                    },
                    "properties": {
                        "createdDate": 1703515601684,
                        "bearing": 82.0893325805664,
                        "velocity": 0.12297631055116653
                    }
                },
                {
                    "type": "Feature",
                    "geometry": {
                        "type": "Point",
                        "coordinates": [
                            49.2460459,
                            55.7938251
                        ]
                    },
                    "properties": {
                        "createdDate": 1703515606693,
                        "bearing": 0.0,
                        "velocity": 0.025770902633666992
                    }
                },
                {
                    "type": "Feature",
                    "geometry": {
                        "type": "Point",
                        "coordinates": [
                            49.2460485,
                            55.793824
                        ]
                    },
                    "properties": {
                        "createdDate": 1703515611697,
                        "bearing": 0.0,
                        "velocity": 0.01824907772243023
                    }
                },
                {
                    "type": "Feature",
                    "geometry": {
                        "type": "Point",
                        "coordinates": [
                            49.2460492,
                            55.7938252
                        ]
                    },
                    "properties": {
                        "createdDate": 1703515616705,
                        "bearing": 0.0,
                        "velocity": 0.014090110547840595
                    }
                },
                {
                    "type": "Feature",
                    "geometry": {
                        "type": "Point",
                        "coordinates": [
                            49.2460511,
                            55.7938282
                        ]
                    },
                    "properties": {
                        "createdDate": 1703515621710,
                        "bearing": 0.0,
                        "velocity": 0.04866596311330795
                    }
                },
                {
                    "type": "Feature",
                    "geometry": {
                        "type": "Point",
                        "coordinates": [
                            49.2460601,
                            55.7938262
                        ]
                    },
                    "properties": {
                        "createdDate": 1703515626718,
                        "bearing": 0.0,
                        "velocity": 0.07731030136346817
                    }
                },
                {
                    "type": "Feature",
                    "geometry": {
                        "type": "Point",
                        "coordinates": [
                            49.2460584,
                            55.7938288
                        ]
                    },
                    "properties": {
                        "createdDate": 1703515631740,
                        "bearing": 0.0,
                        "velocity": 0.03578415885567665
                    }
                },
                {
                    "type": "Feature",
                    "geometry": {
                        "type": "Point",
                        "coordinates": [
                            49.246061,
                            55.7938274
                        ]
                    },
                    "properties": {
                        "createdDate": 1703515636748,
                        "bearing": 0.0,
                        "velocity": 0.02697363682091236
                    }
                },
                {
                    "type": "Feature",
                    "geometry": {
                        "type": "Point",
                        "coordinates": [
                            49.2460595,
                            55.7938245
                        ]
                    },
                    "properties": {
                        "createdDate": 1703515641753,
                        "bearing": 0.0,
                        "velocity": 0.04096914827823639
                    }
                },
                {
                    "type": "Feature",
                    "geometry": {
                        "type": "Point",
                        "coordinates": [
                            49.2460442,
                            55.7938235
                        ]
                    },
                    "properties": {
                        "createdDate": 1703515646760,
                        "bearing": 255.76611328125,
                        "velocity": 0.12173650413751602
                    }
                },
                {
                    "type": "Feature",
                    "geometry": {
                        "type": "Point",
                        "coordinates": [
                            49.2460474,
                            55.7938272
                        ]
                    },
                    "properties": {
                        "createdDate": 1703515651767,
                        "bearing": 0.0,
                        "velocity": 0.04419645667076111
                    }
                },
                {
                    "type": "Feature",
                    "geometry": {
                        "type": "Point",
                        "coordinates": [
                            49.246058,
                            55.7938299
                        ]
                    },
                    "properties": {
                        "createdDate": 1703515656773,
                        "bearing": 0.0,
                        "velocity": 0.08678115159273148
                    }
                },
                {
                    "type": "Feature",
                    "geometry": {
                        "type": "Point",
                        "coordinates": [
                            49.2460548,
                            55.7938279
                        ]
                    },
                    "properties": {
                        "createdDate": 1703515661781,
                        "bearing": 0.0,
                        "velocity": 0.010348901152610779
                    }
                },
                {
                    "type": "Feature",
                    "geometry": {
                        "type": "Point",
                        "coordinates": [
                            49.2460584,
                            55.793828
                        ]
                    },
                    "properties": {
                        "createdDate": 1703515666786,
                        "bearing": 0.0,
                        "velocity": 0.028204133734107018
                    }
                },
                {
                    "type": "Feature",
                    "geometry": {
                        "type": "Point",
                        "coordinates": [
                            49.2460589,
                            55.7938267
                        ]
                    },
                    "properties": {
                        "createdDate": 1703515671794,
                        "bearing": 0.0,
                        "velocity": 0.02366877906024456
                    }
                },
                {
                    "type": "Feature",
                    "geometry": {
                        "type": "Point",
                        "coordinates": [
                            49.2460414,
                            55.7938225
                        ]
                    },
                    "properties": {
                        "createdDate": 1703515676802,
                        "bearing": 243.74942016601562,
                        "velocity": 0.14518003165721893
                    }
                },
                {
                    "type": "Feature",
                    "geometry": {
                        "type": "Point",
                        "coordinates": [
                            49.2460709,
                            55.7938311
                        ]
                    },
                    "properties": {
                        "createdDate": 1703515681811,
                        "bearing": 62.342185974121094,
                        "velocity": 0.15660712122917175
                    }
                },
                {
                    "type": "Feature",
                    "geometry": {
                        "type": "Point",
                        "coordinates": [
                            49.2460765,
                            55.7938344
                        ]
                    },
                    "properties": {
                        "createdDate": 1703515686830,
                        "bearing": 53.046749114990234,
                        "velocity": 0.12083219736814499
                    }
                },
                {
                    "type": "Feature",
                    "geometry": {
                        "type": "Point",
                        "coordinates": [
                            49.2460782,
                            55.7938335
                        ]
                    },
                    "properties": {
                        "createdDate": 1703515691836,
                        "bearing": 0.0,
                        "velocity": 0.05133642628788948
                    }
                },
                {
                    "type": "Feature",
                    "geometry": {
                        "type": "Point",
                        "coordinates": [
                            49.2460698,
                            55.7938322
                        ]
                    },
                    "properties": {
                        "createdDate": 1703515696842,
                        "bearing": 0.0,
                        "velocity": 0.04817298799753189
                    }
                },
                {
                    "type": "Feature",
                    "geometry": {
                        "type": "Point",
                        "coordinates": [
                            49.2460641,
                            55.7938319
                        ]
                    },
                    "properties": {
                        "createdDate": 1703515701849,
                        "bearing": 0.0,
                        "velocity": 0.062233664095401764
                    }
                },
                {
                    "type": "Feature",
                    "geometry": {
                        "type": "Point",
                        "coordinates": [
                            49.2460469,
                            55.7938281
                        ]
                    },
                    "properties": {
                        "createdDate": 1703515706856,
                        "bearing": 250.4375762939453,
                        "velocity": 0.16609850525856018
                    }
                },
                {
                    "type": "Feature",
                    "geometry": {
                        "type": "Point",
                        "coordinates": [
                            49.2460513,
                            55.7938275
                        ]
                    },
                    "properties": {
                        "createdDate": 1703515711862,
                        "bearing": 0.0,
                        "velocity": 0.037789810448884964
                    }
                },
                {
                    "type": "Feature",
                    "geometry": {
                        "type": "Point",
                        "coordinates": [
                            49.2460401,
                            55.7938265
                        ]
                    },
                    "properties": {
                        "createdDate": 1703515716870,
                        "bearing": 0.0,
                        "velocity": 0.09787336736917496
                    }
                },
                {
                    "type": "Feature",
                    "geometry": {
                        "type": "Point",
                        "coordinates": [
                            49.2460428,
                            55.7938257
                        ]
                    },
                    "properties": {
                        "createdDate": 1703515721876,
                        "bearing": 0.0,
                        "velocity": 0.03339216113090515
                    }
                },
                {
                    "type": "Feature",
                    "geometry": {
                        "type": "Point",
                        "coordinates": [
                            49.2460653,
                            55.7938269
                        ]
                    },
                    "properties": {
                        "createdDate": 1703515726883,
                        "bearing": 87.43790435791016,
                        "velocity": 0.16087524592876434
                    }
                },
                {
                    "type": "Feature",
                    "geometry": {
                        "type": "Point",
                        "coordinates": [
                            49.2460526,
                            55.7938252
                        ]
                    },
                    "properties": {
                        "createdDate": 1703515731890,
                        "bearing": 0.0,
                        "velocity": 0.04038845747709274
                    }
                },
                {
                    "type": "Feature",
                    "geometry": {
                        "type": "Point",
                        "coordinates": [
                            49.2460591,
                            55.7938292
                        ]
                    },
                    "properties": {
                        "createdDate": 1703515736895,
                        "bearing": 0.0,
                        "velocity": 0.04686553031206131
                    }
                },
                {
                    "type": "Feature",
                    "geometry": {
                        "type": "Point",
                        "coordinates": [
                            49.2460515,
                            55.793821
                        ]
                    },
                    "properties": {
                        "createdDate": 1703515741905,
                        "bearing": 206.0641632080078,
                        "velocity": 0.1081218495965004
                    }
                },
                {
                    "type": "Feature",
                    "geometry": {
                        "type": "Point",
                        "coordinates": [
                            49.2460579,
                            55.7938252
                        ]
                    },
                    "properties": {
                        "createdDate": 1703515746912,
                        "bearing": 0.0,
                        "velocity": 0.019911080598831177
                    }
                },
                {
                    "type": "Feature",
                    "geometry": {
                        "type": "Point",
                        "coordinates": [
                            49.246067,
                            55.7938295
                        ]
                    },
                    "properties": {
                        "createdDate": 1703515751933,
                        "bearing": 0.0,
                        "velocity": 0.09915415197610855
                    }
                },
                {
                    "type": "Feature",
                    "geometry": {
                        "type": "Point",
                        "coordinates": [
                            49.2460607,
                            55.7938331
                        ]
                    },
                    "properties": {
                        "createdDate": 1703515756938,
                        "bearing": 0.0,
                        "velocity": 0.0755273625254631
                    }
                },
                {
                    "type": "Feature",
                    "geometry": {
                        "type": "Point",
                        "coordinates": [
                            49.2460681,
                            55.7938285
                        ]
                    },
                    "properties": {
                        "createdDate": 1703515761945,
                        "bearing": 0.0,
                        "velocity": 0.06193775683641434
                    }
                },
                {
                    "type": "Feature",
                    "geometry": {
                        "type": "Point",
                        "coordinates": [
                            49.2460656,
                            55.793831
                        ]
                    },
                    "properties": {
                        "createdDate": 1703515766951,
                        "bearing": 0.0,
                        "velocity": 0.02103319764137268
                    }
                },
                {
                    "type": "Feature",
                    "geometry": {
                        "type": "Point",
                        "coordinates": [
                            49.2460626,
                            55.7938302
                        ]
                    },
                    "properties": {
                        "createdDate": 1703515771958,
                        "bearing": 0.0,
                        "velocity": 0.02413829229772091
                    }
                },
                {
                    "type": "Feature",
                    "geometry": {
                        "type": "Point",
                        "coordinates": [
                            49.2460495,
                            55.7938295
                        ]
                    },
                    "properties": {
                        "createdDate": 1703515776965,
                        "bearing": 264.4757385253906,
                        "velocity": 0.11163567751646042
                    }
                },
                {
                    "type": "Feature",
                    "geometry": {
                        "type": "Point",
                        "coordinates": [
                            49.2460451,
                            55.7938288
                        ]
                    },
                    "properties": {
                        "createdDate": 1703515781972,
                        "bearing": 0.0,
                        "velocity": 0.07735911011695862
                    }
                },
                {
                    "type": "Feature",
                    "geometry": {
                        "type": "Point",
                        "coordinates": [
                            49.2460562,
                            55.7938331
                        ]
                    },
                    "properties": {
                        "createdDate": 1703515786978,
                        "bearing": 0.0,
                        "velocity": 0.08031637221574783
                    }
                },
                {
                    "type": "Feature",
                    "geometry": {
                        "type": "Point",
                        "coordinates": [
                            49.2460603,
                            55.7938306
                        ]
                    },
                    "properties": {
                        "createdDate": 1703515791985,
                        "bearing": 0.0,
                        "velocity": 0.05574536696076393
                    }
                }
            ]
        }
    },
    {
        "uuid": "47a997d8-7ddc-48b6-8d7d-6ce06b2adbf5",
        "videoId": "1703515192021",
        "filePath": "/vs_data/citysoft-dev/video/2023/12/25/5b8b176f019ea18e/1703514900141/1703515192021/1703515192021.mp4",
        "sessionId": "1703514900141",
        "deviceId": "5b8b176f019ea18e",
        "descriptions": {
            "onDevice": "VladTest",
            "onServer": "VladTest"
        },
        "numbers": {
            "onDevice": "VladTest",
            "onServer": "VladTest"
        },
        "processingStatus": "NEW",
        "operatorId": null,
        "creationDate": "2023-12-25T14:39:52.021Z",
        "processedDate": null,
        "homographyId": null,
        "mergedPartsCount": 304,
        "fps": 0,
        "size": 59272404,
        "resolution": null,
        "errorReason": null,
        "errorModule": null,
        "errorMessage": null,
        "geoJSON": {
            "type": "FeatureCollection",
            "features": [
                {
                    "type": "Feature",
                    "geometry": {
                        "type": "Point",
                        "coordinates": [
                            49.2453905,
                            55.793244
                        ]
                    },
                    "properties": {
                        "createdDate": 1703515192021,
                        "bearing": 180.0,
                        "velocity": 0.49994710087776184
                    }
                },
                {
                    "type": "Feature",
                    "geometry": {
                        "type": "Point",
                        "coordinates": [
                            49.2453437,
                            55.7932403
                        ]
                    },
                    "properties": {
                        "createdDate": 1703515193026,
                        "bearing": 180.0000762939453,
                        "velocity": 0.3459998667240143
                    }
                },
                {
                    "type": "Feature",
                    "geometry": {
                        "type": "Point",
                        "coordinates": [
                            49.2453249,
                            55.7932456
                        ]
                    },
                    "properties": {
                        "createdDate": 1703515194034,
                        "bearing": 180.0,
                        "velocity": 0.14957460761070251
                    }
                },
                {
                    "type": "Feature",
                    "geometry": {
                        "type": "Point",
                        "coordinates": [
                            49.2453175,
                            55.793253
                        ]
                    },
                    "properties": {
                        "createdDate": 1703515195027,
                        "bearing": 0.0,
                        "velocity": 0.006473859306424856
                    }
                },
                {
                    "type": "Feature",
                    "geometry": {
                        "type": "Point",
                        "coordinates": [
                            49.2453167,
                            55.7932611
                        ]
                    },
                    "properties": {
                        "createdDate": 1703515196036,
                        "bearing": 0.0,
                        "velocity": 0.09041991084814072
                    }
                },
                {
                    "type": "Feature",
                    "geometry": {
                        "type": "Point",
                        "coordinates": [
                            49.2453263,
                            55.7932709
                        ]
                    },
                    "properties": {
                        "createdDate": 1703515197029,
                        "bearing": 9.970148040494564E-10,
                        "velocity": 0.17042434215545654
                    }
                },
                {
                    "type": "Feature",
                    "geometry": {
                        "type": "Point",
                        "coordinates": [
                            49.2453382,
                            55.7932817
                        ]
                    },
                    "properties": {
                        "createdDate": 1703515198035,
                        "bearing": 9.43988665014217E-10,
                        "velocity": 0.2322547435760498
                    }
                },
                {
                    "type": "Feature",
                    "geometry": {
                        "type": "Point",
                        "coordinates": [
                            49.2453515,
                            55.7932943
                        ]
                    },
                    "properties": {
                        "createdDate": 1703515199041,
                        "bearing": 7.233344478940751E-10,
                        "velocity": 0.2922056317329407
                    }
                },
                {
                    "type": "Feature",
                    "geometry": {
                        "type": "Point",
                        "coordinates": [
                            49.2453584,
                            55.7933002
                        ]
                    },
                    "properties": {
                        "createdDate": 1703515200032,
                        "bearing": 4.680758558528453E-10,
                        "velocity": 0.251471608877182
                    }
                },
                {
                    "type": "Feature",
                    "geometry": {
                        "type": "Point",
                        "coordinates": [
                            49.2453605,
                            55.793301
                        ]
                    },
                    "properties": {
                        "createdDate": 1703515201040,
                        "bearing": 2.5317214991105175E-10,
                        "velocity": 0.16677451133728027
                    }
                },
                {
                    "type": "Feature",
                    "geometry": {
                        "type": "Point",
                        "coordinates": [
                            49.2453567,
                            55.7933006
                        ]
                    },
                    "properties": {
                        "createdDate": 1703515202048,
                        "bearing": 0.0,
                        "velocity": 0.09901370853185654
                    }
                },
                {
                    "type": "Feature",
                    "geometry": {
                        "type": "Point",
                        "coordinates": [
                            49.2453489,
                            55.7932988
                        ]
                    },
                    "properties": {
                        "createdDate": 1703515203039,
                        "bearing": 0.0,
                        "velocity": 0.04078194126486778
                    }
                },
                {
                    "type": "Feature",
                    "geometry": {
                        "type": "Point",
                        "coordinates": [
                            49.2453414,
                            55.7932968
                        ]
                    },
                    "properties": {
                        "createdDate": 1703515204047,
                        "bearing": 0.0,
                        "velocity": 0.002597046783193946
                    }
                },
                {
                    "type": "Feature",
                    "geometry": {
                        "type": "Point",
                        "coordinates": [
                            49.2453343,
                            55.7932955
                        ]
                    },
                    "properties": {
                        "createdDate": 1703515205040,
                        "bearing": 0.0,
                        "velocity": 0.014518204145133495
                    }
                },
                {
                    "type": "Feature",
                    "geometry": {
                        "type": "Point",
                        "coordinates": [
                            49.2453279,
                            55.793294
                        ]
                    },
                    "properties": {
                        "createdDate": 1703515206047,
                        "bearing": 0.0,
                        "velocity": 0.027302410453557968
                    }
                },
                {
                    "type": "Feature",
                    "geometry": {
                        "type": "Point",
                        "coordinates": [
                            49.2453189,
                            55.7932917
                        ]
                    },
                    "properties": {
                        "createdDate": 1703515207054,
                        "bearing": 0.0,
                        "velocity": 0.045010603964328766
                    }
                },
                {
                    "type": "Feature",
                    "geometry": {
                        "type": "Point",
                        "coordinates": [
                            49.2453062,
                            55.7932915
                        ]
                    },
                    "properties": {
                        "createdDate": 1703515208046,
                        "bearing": 0.0,
                        "velocity": 0.03129700571298599
                    }
                },
                {
                    "type": "Feature",
                    "geometry": {
                        "type": "Point",
                        "coordinates": [
                            49.2452913,
                            55.7932934
                        ]
                    },
                    "properties": {
                        "createdDate": 1703515209054,
                        "bearing": 0.0,
                        "velocity": 0.003029758110642433
                    }
                },
                {
                    "type": "Feature",
                    "geometry": {
                        "type": "Point",
                        "coordinates": [
                            49.2452778,
                            55.7932959
                        ]
                    },
                    "properties": {
                        "createdDate": 1703515210050,
                        "bearing": 0.0,
                        "velocity": 0.034034211188554764
                    }
                },
                {
                    "type": "Feature",
                    "geometry": {
                        "type": "Point",
                        "coordinates": [
                            49.2452648,
                            55.7932983
                        ]
                    },
                    "properties": {
                        "createdDate": 1703515211054,
                        "bearing": 0.0,
                        "velocity": 0.051329825073480606
                    }
                },
                {
                    "type": "Feature",
                    "geometry": {
                        "type": "Point",
                        "coordinates": [
                            49.245252,
                            55.793301
                        ]
                    },
                    "properties": {
                        "createdDate": 1703515212047,
                        "bearing": 0.0,
                        "velocity": 0.06749280542135239
                    }
                },
                {
                    "type": "Feature",
                    "geometry": {
                        "type": "Point",
                        "coordinates": [
                            49.2452384,
                            55.793304
                        ]
                    },
                    "properties": {
                        "createdDate": 1703515213055,
                        "bearing": 0.0,
                        "velocity": 0.08146775513887405
                    }
                },
                {
                    "type": "Feature",
                    "geometry": {
                        "type": "Point",
                        "coordinates": [
                            49.24605,
                            55.7938293
                        ]
                    },
                    "properties": {
                        "createdDate": 1703515230073,
                        "bearing": 0.0,
                        "velocity": 0.0
                    }
                },
                {
                    "type": "Feature",
                    "geometry": {
                        "type": "Point",
                        "coordinates": [
                            49.2461192,
                            55.7938534
                        ]
                    },
                    "properties": {
                        "createdDate": 1703515235096,
                        "bearing": 58.2625617980957,
                        "velocity": 0.7834421992301941
                    }
                },
                {
                    "type": "Feature",
                    "geometry": {
                        "type": "Point",
                        "coordinates": [
                            49.2460683,
                            55.793833
                        ]
                    },
                    "properties": {
                        "createdDate": 1703515240101,
                        "bearing": 231.60923767089844,
                        "velocity": 0.29727238416671753
                    }
                },
                {
                    "type": "Feature",
                    "geometry": {
                        "type": "Point",
                        "coordinates": [
                            49.246069,
                            55.7938371
                        ]
                    },
                    "properties": {
                        "createdDate": 1703515245109,
                        "bearing": 251.25416564941406,
                        "velocity": 0.10666049271821976
                    }
                },
                {
                    "type": "Feature",
                    "geometry": {
                        "type": "Point",
                        "coordinates": [
                            49.246059,
                            55.7938333
                        ]
                    },
                    "properties": {
                        "createdDate": 1703515250117,
                        "bearing": 240.31846618652344,
                        "velocity": 0.1322914958000183
                    }
                },
                {
                    "type": "Feature",
                    "geometry": {
                        "type": "Point",
                        "coordinates": [
                            49.2460514,
                            55.7938313
                        ]
                    },
                    "properties": {
                        "createdDate": 1703515255119,
                        "bearing": 243.1188201904297,
                        "velocity": 0.1141061931848526
                    }
                },
                {
                    "type": "Feature",
                    "geometry": {
                        "type": "Point",
                        "coordinates": [
                            49.2460588,
                            55.7938239
                        ]
                    },
                    "properties": {
                        "createdDate": 1703515260129,
                        "bearing": 172.3095245361328,
                        "velocity": 0.12342947721481323
                    }
                },
                {
                    "type": "Feature",
                    "geometry": {
                        "type": "Point",
                        "coordinates": [
                            49.2460541,
                            55.7938256
                        ]
                    },
                    "properties": {
                        "createdDate": 1703515265138,
                        "bearing": 0.0,
                        "velocity": 0.03743002563714981
                    }
                },
                {
                    "type": "Feature",
                    "geometry": {
                        "type": "Point",
                        "coordinates": [
                            49.2460552,
                            55.793826
                        ]
                    },
                    "properties": {
                        "createdDate": 1703515270156,
                        "bearing": 0.0,
                        "velocity": 0.0026855217292904854
                    }
                },
                {
                    "type": "Feature",
                    "geometry": {
                        "type": "Point",
                        "coordinates": [
                            49.2460525,
                            55.7938295
                        ]
                    },
                    "properties": {
                        "createdDate": 1703515275164,
                        "bearing": 0.0,
                        "velocity": 0.05309230089187622
                    }
                },
                {
                    "type": "Feature",
                    "geometry": {
                        "type": "Point",
                        "coordinates": [
                            49.2460541,
                            55.7938297
                        ]
                    },
                    "properties": {
                        "createdDate": 1703515280170,
                        "bearing": 0.0,
                        "velocity": 0.02058439329266548
                    }
                },
                {
                    "type": "Feature",
                    "geometry": {
                        "type": "Point",
                        "coordinates": [
                            49.2460395,
                            55.7938233
                        ]
                    },
                    "properties": {
                        "createdDate": 1703515285177,
                        "bearing": 234.13816833496094,
                        "velocity": 0.1365693211555481
                    }
                },
                {
                    "type": "Feature",
                    "geometry": {
                        "type": "Point",
                        "coordinates": [
                            49.2460536,
                            55.7938271
                        ]
                    },
                    "properties": {
                        "createdDate": 1703515290183,
                        "bearing": 0.0,
                        "velocity": 0.06972026079893112
                    }
                },
                {
                    "type": "Feature",
                    "geometry": {
                        "type": "Point",
                        "coordinates": [
                            49.246062,
                            55.7938245
                        ]
                    },
                    "properties": {
                        "createdDate": 1703515295191,
                        "bearing": 0.0,
                        "velocity": 0.09447275102138519
                    }
                },
                {
                    "type": "Feature",
                    "geometry": {
                        "type": "Point",
                        "coordinates": [
                            49.2460606,
                            55.793832
                        ]
                    },
                    "properties": {
                        "createdDate": 1703515300197,
                        "bearing": 0.0,
                        "velocity": 0.09565424174070358
                    }
                },
                {
                    "type": "Feature",
                    "geometry": {
                        "type": "Point",
                        "coordinates": [
                            49.2460613,
                            55.7938272
                        ]
                    },
                    "properties": {
                        "createdDate": 1703515306212,
                        "bearing": 0.0,
                        "velocity": 0.020210567861795425
                    }
                },
                {
                    "type": "Feature",
                    "geometry": {
                        "type": "Point",
                        "coordinates": [
                            49.2460581,
                            55.7938276
                        ]
                    },
                    "properties": {
                        "createdDate": 1703515311218,
                        "bearing": 0.0,
                        "velocity": 0.0188443660736084
                    }
                },
                {
                    "type": "Feature",
                    "geometry": {
                        "type": "Point",
                        "coordinates": [
                            49.2460527,
                            55.793827
                        ]
                    },
                    "properties": {
                        "createdDate": 1703515315217,
                        "bearing": 0.0,
                        "velocity": 0.04975000023841858
                    }
                },
                {
                    "type": "Feature",
                    "geometry": {
                        "type": "Point",
                        "coordinates": [
                            49.2460399,
                            55.7938253
                        ]
                    },
                    "properties": {
                        "createdDate": 1703515320223,
                        "bearing": 257.2688293457031,
                        "velocity": 0.1214752346277237
                    }
                },
                {
                    "type": "Feature",
                    "geometry": {
                        "type": "Point",
                        "coordinates": [
                            49.2460578,
                            55.7938248
                        ]
                    },
                    "properties": {
                        "createdDate": 1703515325229,
                        "bearing": 0.0,
                        "velocity": 0.06889466196298599
                    }
                },
                {
                    "type": "Feature",
                    "geometry": {
                        "type": "Point",
                        "coordinates": [
                            49.2460674,
                            55.7938303
                        ]
                    },
                    "properties": {
                        "createdDate": 1703515330253,
                        "bearing": 56.85346984863281,
                        "velocity": 0.116324283182621
                    }
                },
                {
                    "type": "Feature",
                    "geometry": {
                        "type": "Point",
                        "coordinates": [
                            49.2460623,
                            55.7938319
                        ]
                    },
                    "properties": {
                        "createdDate": 1703515335259,
                        "bearing": 0.0,
                        "velocity": 0.04605711251497269
                    }
                },
                {
                    "type": "Feature",
                    "geometry": {
                        "type": "Point",
                        "coordinates": [
                            49.2460566,
                            55.7938278
                        ]
                    },
                    "properties": {
                        "createdDate": 1703515340266,
                        "bearing": 0.0,
                        "velocity": 0.06073358282446861
                    }
                },
                {
                    "type": "Feature",
                    "geometry": {
                        "type": "Point",
                        "coordinates": [
                            49.2460608,
                            55.7938279
                        ]
                    },
                    "properties": {
                        "createdDate": 1703515345258,
                        "bearing": 0.0,
                        "velocity": 0.021015342324972153
                    }
                },
                {
                    "type": "Feature",
                    "geometry": {
                        "type": "Point",
                        "coordinates": [
                            49.2460752,
                            55.7938249
                        ]
                    },
                    "properties": {
                        "createdDate": 1703515350281,
                        "bearing": 111.8990478515625,
                        "velocity": 0.12555499374866486
                    }
                },
                {
                    "type": "Feature",
                    "geometry": {
                        "type": "Point",
                        "coordinates": [
                            49.2460618,
                            55.7938325
                        ]
                    },
                    "properties": {
                        "createdDate": 1703515355286,
                        "bearing": 325.9159851074219,
                        "velocity": 0.10481143742799759
                    }
                },
                {
                    "type": "Feature",
                    "geometry": {
                        "type": "Point",
                        "coordinates": [
                            49.2460542,
                            55.7938275
                        ]
                    },
                    "properties": {
                        "createdDate": 1703515360293,
                        "bearing": 0.0,
                        "velocity": 0.08928487449884415
                    }
                },
                {
                    "type": "Feature",
                    "geometry": {
                        "type": "Point",
                        "coordinates": [
                            49.2460558,
                            55.7938292
                        ]
                    },
                    "properties": {
                        "createdDate": 1703515365300,
                        "bearing": 0.0,
                        "velocity": 0.021207455545663834
                    }
                },
                {
                    "type": "Feature",
                    "geometry": {
                        "type": "Point",
                        "coordinates": [
                            49.2460556,
                            55.7938309
                        ]
                    },
                    "properties": {
                        "createdDate": 1703515370313,
                        "bearing": 0.0,
                        "velocity": 0.02818462811410427
                    }
                },
                {
                    "type": "Feature",
                    "geometry": {
                        "type": "Point",
                        "coordinates": [
                            49.2460593,
                            55.7938243
                        ]
                    },
                    "properties": {
                        "createdDate": 1703515376321,
                        "bearing": 0.0,
                        "velocity": 0.08391231298446655
                    }
                },
                {
                    "type": "Feature",
                    "geometry": {
                        "type": "Point",
                        "coordinates": [
                            49.2460701,
                            55.7938303
                        ]
                    },
                    "properties": {
                        "createdDate": 1703515380318,
                        "bearing": 61.867218017578125,
                        "velocity": 0.10792110115289688
                    }
                },
                {
                    "type": "Feature",
                    "geometry": {
                        "type": "Point",
                        "coordinates": [
                            49.2460702,
                            55.7938309
                        ]
                    },
                    "properties": {
                        "createdDate": 1703515385342,
                        "bearing": 0.0,
                        "velocity": 0.04433499276638031
                    }
                },
                {
                    "type": "Feature",
                    "geometry": {
                        "type": "Point",
                        "coordinates": [
                            49.2460662,
                            55.7938279
                        ]
                    },
                    "properties": {
                        "createdDate": 1703515390350,
                        "bearing": 0.0,
                        "velocity": 0.03683735057711601
                    }
                },
                {
                    "type": "Feature",
                    "geometry": {
                        "type": "Point",
                        "coordinates": [
                            49.2460662,
                            55.7938278
                        ]
                    },
                    "properties": {
                        "createdDate": 1703515395356,
                        "bearing": 0.0,
                        "velocity": 0.015495567582547665
                    }
                },
                {
                    "type": "Feature",
                    "geometry": {
                        "type": "Point",
                        "coordinates": [
                            49.2460782,
                            55.7938288
                        ]
                    },
                    "properties": {
                        "createdDate": 1703515400362,
                        "bearing": 0.0,
                        "velocity": 0.08932691812515259
                    }
                },
                {
                    "type": "Feature",
                    "geometry": {
                        "type": "Point",
                        "coordinates": [
                            49.2460686,
                            55.7938208
                        ]
                    },
                    "properties": {
                        "createdDate": 1703515405370,
                        "bearing": 200.716796875,
                        "velocity": 0.11668764054775238
                    }
                },
                {
                    "type": "Feature",
                    "geometry": {
                        "type": "Point",
                        "coordinates": [
                            49.2460586,
                            55.7938309
                        ]
                    },
                    "properties": {
                        "createdDate": 1703515411384,
                        "bearing": 310.1794128417969,
                        "velocity": 0.11222611367702484
                    }
                },
                {
                    "type": "Feature",
                    "geometry": {
                        "type": "Point",
                        "coordinates": [
                            49.2460597,
                            55.7938306
                        ]
                    },
                    "properties": {
                        "createdDate": 1703515415382,
                        "bearing": 0.0,
                        "velocity": 0.03489425405859947
                    }
                },
                {
                    "type": "Feature",
                    "geometry": {
                        "type": "Point",
                        "coordinates": [
                            49.2460619,
                            55.7938343
                        ]
                    },
                    "properties": {
                        "createdDate": 1703515421397,
                        "bearing": 0.0,
                        "velocity": 0.06104182079434395
                    }
                },
                {
                    "type": "Feature",
                    "geometry": {
                        "type": "Point",
                        "coordinates": [
                            49.2460723,
                            55.7938287
                        ]
                    },
                    "properties": {
                        "createdDate": 1703515425411,
                        "bearing": 0.0,
                        "velocity": 0.09756610542535782
                    }
                },
                {
                    "type": "Feature",
                    "geometry": {
                        "type": "Point",
                        "coordinates": [
                            49.2460691,
                            55.7938294
                        ]
                    },
                    "properties": {
                        "createdDate": 1703515430406,
                        "bearing": 0.0,
                        "velocity": 0.013536103069782257
                    }
                },
                {
                    "type": "Feature",
                    "geometry": {
                        "type": "Point",
                        "coordinates": [
                            49.2460688,
                            55.7938276
                        ]
                    },
                    "properties": {
                        "createdDate": 1703515436417,
                        "bearing": 0.0,
                        "velocity": 0.028756294399499893
                    }
                },
                {
                    "type": "Feature",
                    "geometry": {
                        "type": "Point",
                        "coordinates": [
                            49.2460804,
                            55.7938291
                        ]
                    },
                    "properties": {
                        "createdDate": 1703515441424,
                        "bearing": 0.0,
                        "velocity": 0.08921894431114197
                    }
                },
                {
                    "type": "Feature",
                    "geometry": {
                        "type": "Point",
                        "coordinates": [
                            49.2460665,
                            55.7938364
                        ]
                    },
                    "properties": {
                        "createdDate": 1703515446433,
                        "bearing": 324.220703125,
                        "velocity": 0.1320340931415558
                    }
                },
                {
                    "type": "Feature",
                    "geometry": {
                        "type": "Point",
                        "coordinates": [
                            49.2460719,
                            55.7938326
                        ]
                    },
                    "properties": {
                        "createdDate": 1703515451439,
                        "bearing": 0.0,
                        "velocity": 0.0034610603470355272
                    }
                },
                {
                    "type": "Feature",
                    "geometry": {
                        "type": "Point",
                        "coordinates": [
                            49.2460706,
                            55.7938332
                        ]
                    },
                    "properties": {
                        "createdDate": 1703515456446,
                        "bearing": 0.0,
                        "velocity": 0.009439344517886639
                    }
                },
                {
                    "type": "Feature",
                    "geometry": {
                        "type": "Point",
                        "coordinates": [
                            49.2460802,
                            55.7938301
                        ]
                    },
                    "properties": {
                        "createdDate": 1703515461453,
                        "bearing": 0.0,
                        "velocity": 0.08537568151950836
                    }
                },
                {
                    "type": "Feature",
                    "geometry": {
                        "type": "Point",
                        "coordinates": [
                            49.2460767,
                            55.7938349
                        ]
                    },
                    "properties": {
                        "createdDate": 1703515466473,
                        "bearing": 0.0,
                        "velocity": 0.05265991389751434
                    }
                },
                {
                    "type": "Feature",
                    "geometry": {
                        "type": "Point",
                        "coordinates": [
                            49.2460828,
                            55.793835
                        ]
                    },
                    "properties": {
                        "createdDate": 1703515471479,
                        "bearing": 0.0,
                        "velocity": 0.05207138881087303
                    }
                },
                {
                    "type": "Feature",
                    "geometry": {
                        "type": "Point",
                        "coordinates": [
                            49.2460716,
                            55.7938336
                        ]
                    },
                    "properties": {
                        "createdDate": 1703515476487,
                        "bearing": 0.0,
                        "velocity": 0.06846852600574493
                    }
                },
                {
                    "type": "Feature",
                    "geometry": {
                        "type": "Point",
                        "coordinates": [
                            49.2460669,
                            55.7938283
                        ]
                    },
                    "properties": {
                        "createdDate": 1703515481493,
                        "bearing": 0.0,
                        "velocity": 0.09912528842687607
                    }
                },
                {
                    "type": "Feature",
                    "geometry": {
                        "type": "Point",
                        "coordinates": [
                            49.2460739,
                            55.7938265
                        ]
                    },
                    "properties": {
                        "createdDate": 1703515486500,
                        "bearing": 0.0,
                        "velocity": 0.0623747818171978
                    }
                },
                {
                    "type": "Feature",
                    "geometry": {
                        "type": "Point",
                        "coordinates": [
                            49.2460826,
                            55.7938282
                        ]
                    },
                    "properties": {
                        "createdDate": 1703515491511,
                        "bearing": 0.0,
                        "velocity": 0.07846198976039886
                    }
                }
            ]
        }
    },
    {
        "uuid": "49883550-9c1f-4e1e-875a-5c1152e75c90",
        "videoId": "1703514908649",
        "filePath": "/vs_data/citysoft-dev/video/2023/12/25/5b8b176f019ea18e/1703514900141/1703514908649/1703514908649.mp4",
        "sessionId": "1703514900141",
        "deviceId": "5b8b176f019ea18e",
        "descriptions": {
            "onDevice": "VladTest",
            "onServer": "VladTest"
        },
        "numbers": {
            "onDevice": "VladTest",
            "onServer": "VladTest"
        },
        "processingStatus": "NEW",
        "operatorId": null,
        "creationDate": "2023-12-25T14:35:08.649Z",
        "processedDate": null,
        "homographyId": null,
        "mergedPartsCount": 203,
        "fps": 0,
        "size": 37880675,
        "resolution": null,
        "errorReason": null,
        "errorModule": null,
        "errorMessage": null,
        "geoJSON": {
            "type": "FeatureCollection",
            "features": [
                {
                    "type": "Feature",
                    "geometry": {
                        "type": "Point",
                        "coordinates": [
                            49.2460347,
                            55.7938156
                        ]
                    },
                    "properties": {
                        "createdDate": 1703514908649,
                        "bearing": 234.2604522705078,
                        "velocity": 0.17380809783935547
                    }
                },
                {
                    "type": "Feature",
                    "geometry": {
                        "type": "Point",
                        "coordinates": [
                            49.246023,
                            55.7938158
                        ]
                    },
                    "properties": {
                        "createdDate": 1703514914571,
                        "bearing": 254.82778930664062,
                        "velocity": 0.14874345064163208
                    }
                },
                {
                    "type": "Feature",
                    "geometry": {
                        "type": "Point",
                        "coordinates": [
                            49.2460582,
                            55.7938277
                        ]
                    },
                    "properties": {
                        "createdDate": 1703514919583,
                        "bearing": 54.20270538330078,
                        "velocity": 0.22366513311862946
                    }
                },
                {
                    "type": "Feature",
                    "geometry": {
                        "type": "Point",
                        "coordinates": [
                            49.2460585,
                            55.7938299
                        ]
                    },
                    "properties": {
                        "createdDate": 1703514924603,
                        "bearing": 41.55644607543945,
                        "velocity": 0.10399293154478073
                    }
                },
                {
                    "type": "Feature",
                    "geometry": {
                        "type": "Point",
                        "coordinates": [
                            49.246071,
                            55.7938285
                        ]
                    },
                    "properties": {
                        "createdDate": 1703514929607,
                        "bearing": 85.43085479736328,
                        "velocity": 0.12330109626054764
                    }
                },
                {
                    "type": "Feature",
                    "geometry": {
                        "type": "Point",
                        "coordinates": [
                            49.2460638,
                            55.7938302
                        ]
                    },
                    "properties": {
                        "createdDate": 1703514934615,
                        "bearing": 0.0,
                        "velocity": 0.029562976211309433
                    }
                },
                {
                    "type": "Feature",
                    "geometry": {
                        "type": "Point",
                        "coordinates": [
                            49.2460652,
                            55.7938305
                        ]
                    },
                    "properties": {
                        "createdDate": 1703514939623,
                        "bearing": 0.0,
                        "velocity": 0.016282273456454277
                    }
                },
                {
                    "type": "Feature",
                    "geometry": {
                        "type": "Point",
                        "coordinates": [
                            49.2460608,
                            55.7938288
                        ]
                    },
                    "properties": {
                        "createdDate": 1703514944629,
                        "bearing": 0.0,
                        "velocity": 0.036715924739837646
                    }
                },
                {
                    "type": "Feature",
                    "geometry": {
                        "type": "Point",
                        "coordinates": [
                            49.2460454,
                            55.7938232
                        ]
                    },
                    "properties": {
                        "createdDate": 1703514949637,
                        "bearing": 237.13331604003906,
                        "velocity": 0.15513451397418976
                    }
                },
                {
                    "type": "Feature",
                    "geometry": {
                        "type": "Point",
                        "coordinates": [
                            49.2460574,
                            55.7938311
                        ]
                    },
                    "properties": {
                        "createdDate": 1703514954643,
                        "bearing": 0.0,
                        "velocity": 0.059309110045433044
                    }
                },
                {
                    "type": "Feature",
                    "geometry": {
                        "type": "Point",
                        "coordinates": [
                            49.2460585,
                            55.7938323
                        ]
                    },
                    "properties": {
                        "createdDate": 1703514959649,
                        "bearing": 0.0,
                        "velocity": 0.04161496087908745
                    }
                },
                {
                    "type": "Feature",
                    "geometry": {
                        "type": "Point",
                        "coordinates": [
                            49.2460608,
                            55.7938315
                        ]
                    },
                    "properties": {
                        "createdDate": 1703514964656,
                        "bearing": 0.0,
                        "velocity": 0.024053357541561127
                    }
                },
                {
                    "type": "Feature",
                    "geometry": {
                        "type": "Point",
                        "coordinates": [
                            49.2460529,
                            55.7938287
                        ]
                    },
                    "properties": {
                        "createdDate": 1703514969679,
                        "bearing": 0.0,
                        "velocity": 0.06493782252073288
                    }
                },
                {
                    "type": "Feature",
                    "geometry": {
                        "type": "Point",
                        "coordinates": [
                            49.2460532,
                            55.7938313
                        ]
                    },
                    "properties": {
                        "createdDate": 1703514974669,
                        "bearing": 0.0,
                        "velocity": 0.027126988396048546
                    }
                },
                {
                    "type": "Feature",
                    "geometry": {
                        "type": "Point",
                        "coordinates": [
                            49.2460496,
                            55.7938277
                        ]
                    },
                    "properties": {
                        "createdDate": 1703514979692,
                        "bearing": 0.0,
                        "velocity": 0.055123575031757355
                    }
                },
                {
                    "type": "Feature",
                    "geometry": {
                        "type": "Point",
                        "coordinates": [
                            49.2460571,
                            55.7938283
                        ]
                    },
                    "properties": {
                        "createdDate": 1703514984698,
                        "bearing": 0.0,
                        "velocity": 0.04565718024969101
                    }
                },
                {
                    "type": "Feature",
                    "geometry": {
                        "type": "Point",
                        "coordinates": [
                            49.2460431,
                            55.7938223
                        ]
                    },
                    "properties": {
                        "createdDate": 1703514989703,
                        "bearing": 227.35780334472656,
                        "velocity": 0.1251966506242752
                    }
                },
                {
                    "type": "Feature",
                    "geometry": {
                        "type": "Point",
                        "coordinates": [
                            49.2460513,
                            55.7938268
                        ]
                    },
                    "properties": {
                        "createdDate": 1703514994711,
                        "bearing": 0.0,
                        "velocity": 0.02134549804031849
                    }
                },
                {
                    "type": "Feature",
                    "geometry": {
                        "type": "Point",
                        "coordinates": [
                            49.2460497,
                            55.7938265
                        ]
                    },
                    "properties": {
                        "createdDate": 1703514999718,
                        "bearing": 0.0,
                        "velocity": 0.0072407531552016735
                    }
                },
                {
                    "type": "Feature",
                    "geometry": {
                        "type": "Point",
                        "coordinates": [
                            49.24604,
                            55.7938232
                        ]
                    },
                    "properties": {
                        "createdDate": 1703515004726,
                        "bearing": 0.0,
                        "velocity": 0.09101081639528275
                    }
                },
                {
                    "type": "Feature",
                    "geometry": {
                        "type": "Point",
                        "coordinates": [
                            49.2460343,
                            55.7938181
                        ]
                    },
                    "properties": {
                        "createdDate": 1703515009733,
                        "bearing": 222.2281951904297,
                        "velocity": 0.1109100952744484
                    }
                },
                {
                    "type": "Feature",
                    "geometry": {
                        "type": "Point",
                        "coordinates": [
                            49.2460518,
                            55.7938272
                        ]
                    },
                    "properties": {
                        "createdDate": 1703515014739,
                        "bearing": 49.52742004394531,
                        "velocity": 0.10380832850933075
                    }
                },
                {
                    "type": "Feature",
                    "geometry": {
                        "type": "Point",
                        "coordinates": [
                            49.246056,
                            55.7938285
                        ]
                    },
                    "properties": {
                        "createdDate": 1703515018754,
                        "bearing": 0.0,
                        "velocity": 0.07661604136228561
                    }
                },
                {
                    "type": "Feature",
                    "geometry": {
                        "type": "Point",
                        "coordinates": [
                            49.2460592,
                            55.7938269
                        ]
                    },
                    "properties": {
                        "createdDate": 1703515024752,
                        "bearing": 0.0,
                        "velocity": 0.04816200211644173
                    }
                },
                {
                    "type": "Feature",
                    "geometry": {
                        "type": "Point",
                        "coordinates": [
                            49.2460609,
                            55.7938311
                        ]
                    },
                    "properties": {
                        "createdDate": 1703515029761,
                        "bearing": 0.0,
                        "velocity": 0.06357062608003616
                    }
                },
                {
                    "type": "Feature",
                    "geometry": {
                        "type": "Point",
                        "coordinates": [
                            49.2460605,
                            55.7938293
                        ]
                    },
                    "properties": {
                        "createdDate": 1703515034781,
                        "bearing": 0.0,
                        "velocity": 0.00903957337141037
                    }
                },
                {
                    "type": "Feature",
                    "geometry": {
                        "type": "Point",
                        "coordinates": [
                            49.2460485,
                            55.7938261
                        ]
                    },
                    "properties": {
                        "createdDate": 1703515039787,
                        "bearing": 242.99383544921875,
                        "velocity": 0.10123009979724884
                    }
                },
                {
                    "type": "Feature",
                    "geometry": {
                        "type": "Point",
                        "coordinates": [
                            49.2460506,
                            55.793827
                        ]
                    },
                    "properties": {
                        "createdDate": 1703515044795,
                        "bearing": 0.0,
                        "velocity": 0.01929955743253231
                    }
                },
                {
                    "type": "Feature",
                    "geometry": {
                        "type": "Point",
                        "coordinates": [
                            49.2460509,
                            55.7938261
                        ]
                    },
                    "properties": {
                        "createdDate": 1703515049782,
                        "bearing": 0.0,
                        "velocity": 0.01493817288428545
                    }
                },
                {
                    "type": "Feature",
                    "geometry": {
                        "type": "Point",
                        "coordinates": [
                            49.24605,
                            55.793828
                        ]
                    },
                    "properties": {
                        "createdDate": 1703515054808,
                        "bearing": 0.0,
                        "velocity": 0.02267010137438774
                    }
                },
                {
                    "type": "Feature",
                    "geometry": {
                        "type": "Point",
                        "coordinates": [
                            49.2460444,
                            55.793825
                        ]
                    },
                    "properties": {
                        "createdDate": 1703515059814,
                        "bearing": 0.0,
                        "velocity": 0.05692519620060921
                    }
                },
                {
                    "type": "Feature",
                    "geometry": {
                        "type": "Point",
                        "coordinates": [
                            49.2460396,
                            55.793822
                        ]
                    },
                    "properties": {
                        "createdDate": 1703515064821,
                        "bearing": 0.0,
                        "velocity": 0.0775306299328804
                    }
                },
                {
                    "type": "Feature",
                    "geometry": {
                        "type": "Point",
                        "coordinates": [
                            49.2459843,
                            55.7938131
                        ]
                    },
                    "properties": {
                        "createdDate": 1703515066821,
                        "bearing": 180.0006103515625,
                        "velocity": 0.1122584342956543
                    }
                },
                {
                    "type": "Feature",
                    "geometry": {
                        "type": "Point",
                        "coordinates": [
                            49.2459721,
                            55.7938129
                        ]
                    },
                    "properties": {
                        "createdDate": 1703515067829,
                        "bearing": 0.0,
                        "velocity": 0.06781605631113052
                    }
                },
                {
                    "type": "Feature",
                    "geometry": {
                        "type": "Point",
                        "coordinates": [
                            49.2459637,
                            55.7938137
                        ]
                    },
                    "properties": {
                        "createdDate": 1703515068819,
                        "bearing": 0.0,
                        "velocity": 0.029933586716651917
                    }
                },
                {
                    "type": "Feature",
                    "geometry": {
                        "type": "Point",
                        "coordinates": [
                            49.2459636,
                            55.7938135
                        ]
                    },
                    "properties": {
                        "createdDate": 1703515069829,
                        "bearing": 0.0,
                        "velocity": 0.029638921841979027
                    }
                },
                {
                    "type": "Feature",
                    "geometry": {
                        "type": "Point",
                        "coordinates": [
                            49.2459479,
                            55.7938162
                        ]
                    },
                    "properties": {
                        "createdDate": 1703515070835,
                        "bearing": 0.0,
                        "velocity": 0.025190945714712143
                    }
                },
                {
                    "type": "Feature",
                    "geometry": {
                        "type": "Point",
                        "coordinates": [
                            49.2459345,
                            55.7938173
                        ]
                    },
                    "properties": {
                        "createdDate": 1703515071829,
                        "bearing": 0.0,
                        "velocity": 0.031749263405799866
                    }
                },
                {
                    "type": "Feature",
                    "geometry": {
                        "type": "Point",
                        "coordinates": [
                            49.2459206,
                            55.7938186
                        ]
                    },
                    "properties": {
                        "createdDate": 1703515072838,
                        "bearing": 0.0,
                        "velocity": 0.039423633366823196
                    }
                },
                {
                    "type": "Feature",
                    "geometry": {
                        "type": "Point",
                        "coordinates": [
                            49.2459054,
                            55.7938194
                        ]
                    },
                    "properties": {
                        "createdDate": 1703515073842,
                        "bearing": 0.0,
                        "velocity": 0.03509906306862831
                    }
                },
                {
                    "type": "Feature",
                    "geometry": {
                        "type": "Point",
                        "coordinates": [
                            49.2458917,
                            55.7938183
                        ]
                    },
                    "properties": {
                        "createdDate": 1703515074837,
                        "bearing": 0.0,
                        "velocity": 0.00752260023728013
                    }
                },
                {
                    "type": "Feature",
                    "geometry": {
                        "type": "Point",
                        "coordinates": [
                            49.2458795,
                            55.793814
                        ]
                    },
                    "properties": {
                        "createdDate": 1703515075841,
                        "bearing": 0.0,
                        "velocity": 0.05470842495560646
                    }
                },
                {
                    "type": "Feature",
                    "geometry": {
                        "type": "Point",
                        "coordinates": [
                            49.2457952,
                            55.7938042
                        ]
                    },
                    "properties": {
                        "createdDate": 1703515076836,
                        "bearing": 180.0,
                        "velocity": 0.16930486261844635
                    }
                },
                {
                    "type": "Feature",
                    "geometry": {
                        "type": "Point",
                        "coordinates": [
                            49.2457297,
                            55.7937962
                        ]
                    },
                    "properties": {
                        "createdDate": 1703515077843,
                        "bearing": 180.0,
                        "velocity": 0.2175493687391281
                    }
                },
                {
                    "type": "Feature",
                    "geometry": {
                        "type": "Point",
                        "coordinates": [
                            49.2456755,
                            55.7937899
                        ]
                    },
                    "properties": {
                        "createdDate": 1703515078849,
                        "bearing": 180.0,
                        "velocity": 0.2236909419298172
                    }
                },
                {
                    "type": "Feature",
                    "geometry": {
                        "type": "Point",
                        "coordinates": [
                            49.2456293,
                            55.7937842
                        ]
                    },
                    "properties": {
                        "createdDate": 1703515079838,
                        "bearing": 180.0,
                        "velocity": 0.22408410906791687
                    }
                },
                {
                    "type": "Feature",
                    "geometry": {
                        "type": "Point",
                        "coordinates": [
                            49.2455889,
                            55.7937789
                        ]
                    },
                    "properties": {
                        "createdDate": 1703515080848,
                        "bearing": 180.0,
                        "velocity": 0.2196715921163559
                    }
                },
                {
                    "type": "Feature",
                    "geometry": {
                        "type": "Point",
                        "coordinates": [
                            49.2455531,
                            55.7937737
                        ]
                    },
                    "properties": {
                        "createdDate": 1703515081846,
                        "bearing": 180.0,
                        "velocity": 0.21385756134986877
                    }
                },
                {
                    "type": "Feature",
                    "geometry": {
                        "type": "Point",
                        "coordinates": [
                            49.2455206,
                            55.7937694
                        ]
                    },
                    "properties": {
                        "createdDate": 1703515082849,
                        "bearing": 180.0,
                        "velocity": 0.19846156239509583
                    }
                },
                {
                    "type": "Feature",
                    "geometry": {
                        "type": "Point",
                        "coordinates": [
                            49.2454893,
                            55.7937648
                        ]
                    },
                    "properties": {
                        "createdDate": 1703515083856,
                        "bearing": 180.0,
                        "velocity": 0.19446004927158356
                    }
                },
                {
                    "type": "Feature",
                    "geometry": {
                        "type": "Point",
                        "coordinates": [
                            49.2454625,
                            55.7937567
                        ]
                    },
                    "properties": {
                        "createdDate": 1703515084848,
                        "bearing": 180.0,
                        "velocity": 0.23861320316791534
                    }
                },
                {
                    "type": "Feature",
                    "geometry": {
                        "type": "Point",
                        "coordinates": [
                            49.24544,
                            55.7937469
                        ]
                    },
                    "properties": {
                        "createdDate": 1703515085855,
                        "bearing": 180.0,
                        "velocity": 0.28916114568710327
                    }
                },
                {
                    "type": "Feature",
                    "geometry": {
                        "type": "Point",
                        "coordinates": [
                            49.2454398,
                            55.7937441
                        ]
                    },
                    "properties": {
                        "createdDate": 1703515086862,
                        "bearing": 180.0,
                        "velocity": 0.2911711633205414
                    }
                },
                {
                    "type": "Feature",
                    "geometry": {
                        "type": "Point",
                        "coordinates": [
                            49.2454043,
                            55.793724
                        ]
                    },
                    "properties": {
                        "createdDate": 1703515087855,
                        "bearing": 180.00001525878906,
                        "velocity": 0.4638999104499817
                    }
                },
                {
                    "type": "Feature",
                    "geometry": {
                        "type": "Point",
                        "coordinates": [
                            49.2453742,
                            55.7937102
                        ]
                    },
                    "properties": {
                        "createdDate": 1703515088863,
                        "bearing": 180.0,
                        "velocity": 0.47364938259124756
                    }
                },
                {
                    "type": "Feature",
                    "geometry": {
                        "type": "Point",
                        "coordinates": [
                            49.2453445,
                            55.7936979
                        ]
                    },
                    "properties": {
                        "createdDate": 1703515089859,
                        "bearing": 180.0,
                        "velocity": 0.46206924319267273
                    }
                },
                {
                    "type": "Feature",
                    "geometry": {
                        "type": "Point",
                        "coordinates": [
                            49.2453148,
                            55.7936867
                        ]
                    },
                    "properties": {
                        "createdDate": 1703515090863,
                        "bearing": 180.0,
                        "velocity": 0.439822256565094
                    }
                },
                {
                    "type": "Feature",
                    "geometry": {
                        "type": "Point",
                        "coordinates": [
                            49.2452875,
                            55.7936783
                        ]
                    },
                    "properties": {
                        "createdDate": 1703515091869,
                        "bearing": 180.0,
                        "velocity": 0.39138826727867126
                    }
                },
                {
                    "type": "Feature",
                    "geometry": {
                        "type": "Point",
                        "coordinates": [
                            49.2452599,
                            55.7936695
                        ]
                    },
                    "properties": {
                        "createdDate": 1703515092863,
                        "bearing": 180.0,
                        "velocity": 0.35849839448928833
                    }
                },
                {
                    "type": "Feature",
                    "geometry": {
                        "type": "Point",
                        "coordinates": [
                            49.2452333,
                            55.793659
                        ]
                    },
                    "properties": {
                        "createdDate": 1703515093869,
                        "bearing": 180.0,
                        "velocity": 0.3593257665634155
                    }
                },
                {
                    "type": "Feature",
                    "geometry": {
                        "type": "Point",
                        "coordinates": [
                            49.2452076,
                            55.7936481
                        ]
                    },
                    "properties": {
                        "createdDate": 1703515094865,
                        "bearing": 180.0,
                        "velocity": 0.36363568902015686
                    }
                },
                {
                    "type": "Feature",
                    "geometry": {
                        "type": "Point",
                        "coordinates": [
                            49.2451875,
                            55.7936355
                        ]
                    },
                    "properties": {
                        "createdDate": 1703515095871,
                        "bearing": 180.0,
                        "velocity": 0.38726261258125305
                    }
                },
                {
                    "type": "Feature",
                    "geometry": {
                        "type": "Point",
                        "coordinates": [
                            49.2451767,
                            55.7936218
                        ]
                    },
                    "properties": {
                        "createdDate": 1703515096876,
                        "bearing": 180.0,
                        "velocity": 0.4276655316352844
                    }
                },
                {
                    "type": "Feature",
                    "geometry": {
                        "type": "Point",
                        "coordinates": [
                            49.2451767,
                            55.7936078
                        ]
                    },
                    "properties": {
                        "createdDate": 1703515097871,
                        "bearing": 180.0,
                        "velocity": 0.4601241946220398
                    }
                },
                {
                    "type": "Feature",
                    "geometry": {
                        "type": "Point",
                        "coordinates": [
                            49.245183,
                            55.7935937
                        ]
                    },
                    "properties": {
                        "createdDate": 1703515098876,
                        "bearing": 180.0,
                        "velocity": 0.4785259962081909
                    }
                },
                {
                    "type": "Feature",
                    "geometry": {
                        "type": "Point",
                        "coordinates": [
                            49.2451937,
                            55.7935805
                        ]
                    },
                    "properties": {
                        "createdDate": 1703515099884,
                        "bearing": 180.0,
                        "velocity": 0.4787828326225281
                    }
                },
                {
                    "type": "Feature",
                    "geometry": {
                        "type": "Point",
                        "coordinates": [
                            49.2452035,
                            55.7935681
                        ]
                    },
                    "properties": {
                        "createdDate": 1703515100880,
                        "bearing": 180.0,
                        "velocity": 0.46903884410858154
                    }
                },
                {
                    "type": "Feature",
                    "geometry": {
                        "type": "Point",
                        "coordinates": [
                            49.2452097,
                            55.7935553
                        ]
                    },
                    "properties": {
                        "createdDate": 1703515101883,
                        "bearing": 180.0,
                        "velocity": 0.46675413846969604
                    }
                },
                {
                    "type": "Feature",
                    "geometry": {
                        "type": "Point",
                        "coordinates": [
                            49.2452156,
                            55.7935428
                        ]
                    },
                    "properties": {
                        "createdDate": 1703515102878,
                        "bearing": 180.0,
                        "velocity": 0.45932406187057495
                    }
                },
                {
                    "type": "Feature",
                    "geometry": {
                        "type": "Point",
                        "coordinates": [
                            49.2452206,
                            55.7935296
                        ]
                    },
                    "properties": {
                        "createdDate": 1703515103881,
                        "bearing": 180.0,
                        "velocity": 0.4654710292816162
                    }
                },
                {
                    "type": "Feature",
                    "geometry": {
                        "type": "Point",
                        "coordinates": [
                            49.2452235,
                            55.7935169
                        ]
                    },
                    "properties": {
                        "createdDate": 1703515104890,
                        "bearing": 180.0,
                        "velocity": 0.46144744753837585
                    }
                },
                {
                    "type": "Feature",
                    "geometry": {
                        "type": "Point",
                        "coordinates": [
                            49.2452265,
                            55.7935041
                        ]
                    },
                    "properties": {
                        "createdDate": 1703515105885,
                        "bearing": 180.0,
                        "velocity": 0.46033596992492676
                    }
                },
                {
                    "type": "Feature",
                    "geometry": {
                        "type": "Point",
                        "coordinates": [
                            49.2452265,
                            55.7934999
                        ]
                    },
                    "properties": {
                        "createdDate": 1703515106892,
                        "bearing": 180.0,
                        "velocity": 0.4626205563545227
                    }
                },
                {
                    "type": "Feature",
                    "geometry": {
                        "type": "Point",
                        "coordinates": [
                            49.2452228,
                            55.7934765
                        ]
                    },
                    "properties": {
                        "createdDate": 1703515107897,
                        "bearing": 180.0,
                        "velocity": 0.6006645560264587
                    }
                },
                {
                    "type": "Feature",
                    "geometry": {
                        "type": "Point",
                        "coordinates": [
                            49.2452186,
                            55.7934583
                        ]
                    },
                    "properties": {
                        "createdDate": 1703515108891,
                        "bearing": 180.0,
                        "velocity": 0.6132141351699829
                    }
                },
                {
                    "type": "Feature",
                    "geometry": {
                        "type": "Point",
                        "coordinates": [
                            49.245218,
                            55.7934467
                        ]
                    },
                    "properties": {
                        "createdDate": 1703515109894,
                        "bearing": 180.0,
                        "velocity": 0.538519024848938
                    }
                }
            ]
        }
    },
    {
        "uuid": "d873e1a3-15cb-4112-97b2-4f5122d7ab00",
        "videoId": "1703514078325",
        "filePath": "/vs_data/citysoft-dev/video/2023/12/25/5b8b176f019ea18e/1703513788320/1703514078325/1703514078325.mp4",
        "sessionId": "1703513788320",
        "deviceId": "5b8b176f019ea18e",
        "descriptions": {
            "onDevice": "VladTest",
            "onServer": "VladTest"
        },
        "numbers": {
            "onDevice": "VladTest",
            "onServer": "VladTest"
        },
        "processingStatus": "NEW",
        "operatorId": null,
        "creationDate": "2023-12-25T14:21:18.325Z",
        "processedDate": null,
        "homographyId": null,
        "mergedPartsCount": 300,
        "fps": 0,
        "size": 43822269,
        "resolution": null,
        "errorReason": null,
        "errorModule": null,
        "errorMessage": null,
        "geoJSON": {
            "type": "FeatureCollection",
            "features": [
                {
                    "type": "Feature",
                    "geometry": {
                        "type": "Point",
                        "coordinates": [
                            49.2460556,
                            55.7938309
                        ]
                    },
                    "properties": {
                        "createdDate": 1703514078325,
                        "bearing": 0.0,
                        "velocity": 0.05683985352516174
                    }
                },
                {
                    "type": "Feature",
                    "geometry": {
                        "type": "Point",
                        "coordinates": [
                            49.2460768,
                            55.7938307
                        ]
                    },
                    "properties": {
                        "createdDate": 1703514083330,
                        "bearing": 87.38630676269531,
                        "velocity": 0.18186891078948975
                    }
                },
                {
                    "type": "Feature",
                    "geometry": {
                        "type": "Point",
                        "coordinates": [
                            49.2460653,
                            55.7938282
                        ]
                    },
                    "properties": {
                        "createdDate": 1703514088337,
                        "bearing": 0.0,
                        "velocity": 0.03513328358530998
                    }
                },
                {
                    "type": "Feature",
                    "geometry": {
                        "type": "Point",
                        "coordinates": [
                            49.2460559,
                            55.7938275
                        ]
                    },
                    "properties": {
                        "createdDate": 1703514093345,
                        "bearing": 0.0,
                        "velocity": 0.08159585297107697
                    }
                },
                {
                    "type": "Feature",
                    "geometry": {
                        "type": "Point",
                        "coordinates": [
                            49.2460615,
                            55.7938274
                        ]
                    },
                    "properties": {
                        "createdDate": 1703514098351,
                        "bearing": 0.0,
                        "velocity": 0.015487916767597198
                    }
                },
                {
                    "type": "Feature",
                    "geometry": {
                        "type": "Point",
                        "coordinates": [
                            49.2460374,
                            55.7938232
                        ]
                    },
                    "properties": {
                        "createdDate": 1703514103373,
                        "bearing": 251.49717712402344,
                        "velocity": 0.19326409697532654
                    }
                },
                {
                    "type": "Feature",
                    "geometry": {
                        "type": "Point",
                        "coordinates": [
                            49.2460465,
                            55.7938262
                        ]
                    },
                    "properties": {
                        "createdDate": 1703514108380,
                        "bearing": 0.0,
                        "velocity": 0.061212148517370224
                    }
                },
                {
                    "type": "Feature",
                    "geometry": {
                        "type": "Point",
                        "coordinates": [
                            49.2460305,
                            55.7938191
                        ]
                    },
                    "properties": {
                        "createdDate": 1703514113386,
                        "bearing": 235.6508331298828,
                        "velocity": 0.12795548141002655
                    }
                },
                {
                    "type": "Feature",
                    "geometry": {
                        "type": "Point",
                        "coordinates": [
                            49.2460519,
                            55.7938283
                        ]
                    },
                    "properties": {
                        "createdDate": 1703514118377,
                        "bearing": 51.2636833190918,
                        "velocity": 0.1266699880361557
                    }
                },
                {
                    "type": "Feature",
                    "geometry": {
                        "type": "Point",
                        "coordinates": [
                            49.2460533,
                            55.7938312
                        ]
                    },
                    "properties": {
                        "createdDate": 1703514123399,
                        "bearing": 0.0,
                        "velocity": 0.08504639565944672
                    }
                },
                {
                    "type": "Feature",
                    "geometry": {
                        "type": "Point",
                        "coordinates": [
                            49.2460524,
                            55.793831
                        ]
                    },
                    "properties": {
                        "createdDate": 1703514128406,
                        "bearing": 0.0,
                        "velocity": 0.024325454607605934
                    }
                },
                {
                    "type": "Feature",
                    "geometry": {
                        "type": "Point",
                        "coordinates": [
                            49.2460619,
                            55.7938358
                        ]
                    },
                    "properties": {
                        "createdDate": 1703514133414,
                        "bearing": 45.87345886230469,
                        "velocity": 0.10849805176258087
                    }
                },
                {
                    "type": "Feature",
                    "geometry": {
                        "type": "Point",
                        "coordinates": [
                            49.2460785,
                            55.7938421
                        ]
                    },
                    "properties": {
                        "createdDate": 1703514138419,
                        "bearing": 53.95903396606445,
                        "velocity": 0.1981985867023468
                    }
                },
                {
                    "type": "Feature",
                    "geometry": {
                        "type": "Point",
                        "coordinates": [
                            49.246058,
                            55.7938319
                        ]
                    },
                    "properties": {
                        "createdDate": 1703514143427,
                        "bearing": 225.78968811035156,
                        "velocity": 0.13880367577075958
                    }
                },
                {
                    "type": "Feature",
                    "geometry": {
                        "type": "Point",
                        "coordinates": [
                            49.2460511,
                            55.7938302
                        ]
                    },
                    "properties": {
                        "createdDate": 1703514148434,
                        "bearing": 236.3453369140625,
                        "velocity": 0.10997037589550018
                    }
                },
                {
                    "type": "Feature",
                    "geometry": {
                        "type": "Point",
                        "coordinates": [
                            49.2460357,
                            55.7938233
                        ]
                    },
                    "properties": {
                        "createdDate": 1703514153438,
                        "bearing": 232.43319702148438,
                        "velocity": 0.19443365931510925
                    }
                },
                {
                    "type": "Feature",
                    "geometry": {
                        "type": "Point",
                        "coordinates": [
                            49.2460504,
                            55.7938299
                        ]
                    },
                    "properties": {
                        "createdDate": 1703514158445,
                        "bearing": 0.0,
                        "velocity": 0.040474120527505875
                    }
                },
                {
                    "type": "Feature",
                    "geometry": {
                        "type": "Point",
                        "coordinates": [
                            49.2460537,
                            55.7938312
                        ]
                    },
                    "properties": {
                        "createdDate": 1703514163468,
                        "bearing": 0.0,
                        "velocity": 0.0463804192841053
                    }
                },
                {
                    "type": "Feature",
                    "geometry": {
                        "type": "Point",
                        "coordinates": [
                            49.2460564,
                            55.7938316
                        ]
                    },
                    "properties": {
                        "createdDate": 1703514168457,
                        "bearing": 0.0,
                        "velocity": 0.038401152938604355
                    }
                },
                {
                    "type": "Feature",
                    "geometry": {
                        "type": "Point",
                        "coordinates": [
                            49.2460425,
                            55.7938254
                        ]
                    },
                    "properties": {
                        "createdDate": 1703514173482,
                        "bearing": 229.73385620117188,
                        "velocity": 0.12310373038053513
                    }
                },
                {
                    "type": "Feature",
                    "geometry": {
                        "type": "Point",
                        "coordinates": [
                            49.2460603,
                            55.7938293
                        ]
                    },
                    "properties": {
                        "createdDate": 1703514178489,
                        "bearing": 0.0,
                        "velocity": 0.07833821326494217
                    }
                },
                {
                    "type": "Feature",
                    "geometry": {
                        "type": "Point",
                        "coordinates": [
                            49.2460584,
                            55.7938324
                        ]
                    },
                    "properties": {
                        "createdDate": 1703514183495,
                        "bearing": 0.0,
                        "velocity": 0.04872727021574974
                    }
                },
                {
                    "type": "Feature",
                    "geometry": {
                        "type": "Point",
                        "coordinates": [
                            49.2460429,
                            55.7938251
                        ]
                    },
                    "properties": {
                        "createdDate": 1703514188502,
                        "bearing": 234.19970703125,
                        "velocity": 0.14365249872207642
                    }
                },
                {
                    "type": "Feature",
                    "geometry": {
                        "type": "Point",
                        "coordinates": [
                            49.2460556,
                            55.7938328
                        ]
                    },
                    "properties": {
                        "createdDate": 1703514193509,
                        "bearing": 0.0,
                        "velocity": 0.06486216932535172
                    }
                },
                {
                    "type": "Feature",
                    "geometry": {
                        "type": "Point",
                        "coordinates": [
                            49.2460537,
                            55.7938329
                        ]
                    },
                    "properties": {
                        "createdDate": 1703514198520,
                        "bearing": 0.0,
                        "velocity": 0.021582497283816338
                    }
                },
                {
                    "type": "Feature",
                    "geometry": {
                        "type": "Point",
                        "coordinates": [
                            49.2460574,
                            55.7938299
                        ]
                    },
                    "properties": {
                        "createdDate": 1703514203522,
                        "bearing": 0.0,
                        "velocity": 0.04443228244781494
                    }
                },
                {
                    "type": "Feature",
                    "geometry": {
                        "type": "Point",
                        "coordinates": [
                            49.246055,
                            55.7938353
                        ]
                    },
                    "properties": {
                        "createdDate": 1703514208538,
                        "bearing": 0.0,
                        "velocity": 0.06276264041662216
                    }
                },
                {
                    "type": "Feature",
                    "geometry": {
                        "type": "Point",
                        "coordinates": [
                            49.246041,
                            55.7938253
                        ]
                    },
                    "properties": {
                        "createdDate": 1703514213534,
                        "bearing": 223.79307556152344,
                        "velocity": 0.16657674312591553
                    }
                },
                {
                    "type": "Feature",
                    "geometry": {
                        "type": "Point",
                        "coordinates": [
                            49.2460325,
                            55.7938211
                        ]
                    },
                    "properties": {
                        "createdDate": 1703514218545,
                        "bearing": 226.3634033203125,
                        "velocity": 0.1515597552061081
                    }
                },
                {
                    "type": "Feature",
                    "geometry": {
                        "type": "Point",
                        "coordinates": [
                            49.2460227,
                            55.7938169
                        ]
                    },
                    "properties": {
                        "createdDate": 1703514223548,
                        "bearing": 229.6940155029297,
                        "velocity": 0.15227118134498596
                    }
                },
                {
                    "type": "Feature",
                    "geometry": {
                        "type": "Point",
                        "coordinates": [
                            49.2460216,
                            55.793813
                        ]
                    },
                    "properties": {
                        "createdDate": 1703514228559,
                        "bearing": 213.85638427734375,
                        "velocity": 0.11129056662321091
                    }
                },
                {
                    "type": "Feature",
                    "geometry": {
                        "type": "Point",
                        "coordinates": [
                            49.2460483,
                            55.7938256
                        ]
                    },
                    "properties": {
                        "createdDate": 1703514233577,
                        "bearing": 54.748390197753906,
                        "velocity": 0.17845633625984192
                    }
                },
                {
                    "type": "Feature",
                    "geometry": {
                        "type": "Point",
                        "coordinates": [
                            49.2460487,
                            55.7938299
                        ]
                    },
                    "properties": {
                        "createdDate": 1703514238584,
                        "bearing": 30.827224731445312,
                        "velocity": 0.11476937681436539
                    }
                },
                {
                    "type": "Feature",
                    "geometry": {
                        "type": "Point",
                        "coordinates": [
                            49.2460708,
                            55.7938336
                        ]
                    },
                    "properties": {
                        "createdDate": 1703514243592,
                        "bearing": 65.64775085449219,
                        "velocity": 0.21413548290729523
                    }
                },
                {
                    "type": "Feature",
                    "geometry": {
                        "type": "Point",
                        "coordinates": [
                            49.2460478,
                            55.7938314
                        ]
                    },
                    "properties": {
                        "createdDate": 1703514248598,
                        "bearing": 271.5620422363281,
                        "velocity": 0.10206114500761032
                    }
                },
                {
                    "type": "Feature",
                    "geometry": {
                        "type": "Point",
                        "coordinates": [
                            49.2460452,
                            55.793829
                        ]
                    },
                    "properties": {
                        "createdDate": 1703514253605,
                        "bearing": 0.0,
                        "velocity": 0.06734489649534225
                    }
                },
                {
                    "type": "Feature",
                    "geometry": {
                        "type": "Point",
                        "coordinates": [
                            49.2460307,
                            55.7938222
                        ]
                    },
                    "properties": {
                        "createdDate": 1703514258614,
                        "bearing": 231.69053649902344,
                        "velocity": 0.17286448180675507
                    }
                },
                {
                    "type": "Feature",
                    "geometry": {
                        "type": "Point",
                        "coordinates": [
                            49.2460338,
                            55.7938265
                        ]
                    },
                    "properties": {
                        "createdDate": 1703514263620,
                        "bearing": 0.0,
                        "velocity": 0.04057588428258896
                    }
                },
                {
                    "type": "Feature",
                    "geometry": {
                        "type": "Point",
                        "coordinates": [
                            49.2460474,
                            55.7938281
                        ]
                    },
                    "properties": {
                        "createdDate": 1703514268631,
                        "bearing": 0.0,
                        "velocity": 0.09463411569595337
                    }
                },
                {
                    "type": "Feature",
                    "geometry": {
                        "type": "Point",
                        "coordinates": [
                            49.2460463,
                            55.7938293
                        ]
                    },
                    "properties": {
                        "createdDate": 1703514273628,
                        "bearing": 0.0,
                        "velocity": 0.036578062921762466
                    }
                },
                {
                    "type": "Feature",
                    "geometry": {
                        "type": "Point",
                        "coordinates": [
                            49.2460525,
                            55.7938299
                        ]
                    },
                    "properties": {
                        "createdDate": 1703514278640,
                        "bearing": 0.0,
                        "velocity": 0.06021387130022049
                    }
                },
                {
                    "type": "Feature",
                    "geometry": {
                        "type": "Point",
                        "coordinates": [
                            49.2460428,
                            55.793828
                        ]
                    },
                    "properties": {
                        "createdDate": 1703514283644,
                        "bearing": 0.0,
                        "velocity": 0.057362280786037445
                    }
                },
                {
                    "type": "Feature",
                    "geometry": {
                        "type": "Point",
                        "coordinates": [
                            49.246042,
                            55.7938261
                        ]
                    },
                    "properties": {
                        "createdDate": 1703514288667,
                        "bearing": 0.0,
                        "velocity": 0.04228532686829567
                    }
                },
                {
                    "type": "Feature",
                    "geometry": {
                        "type": "Point",
                        "coordinates": [
                            49.2460398,
                            55.7938237
                        ]
                    },
                    "properties": {
                        "createdDate": 1703514293674,
                        "bearing": 0.0,
                        "velocity": 0.05283338949084282
                    }
                },
                {
                    "type": "Feature",
                    "geometry": {
                        "type": "Point",
                        "coordinates": [
                            49.2460345,
                            55.7938264
                        ]
                    },
                    "properties": {
                        "createdDate": 1703514298681,
                        "bearing": 0.0,
                        "velocity": 0.05491216480731964
                    }
                },
                {
                    "type": "Feature",
                    "geometry": {
                        "type": "Point",
                        "coordinates": [
                            49.2460493,
                            55.7938276
                        ]
                    },
                    "properties": {
                        "createdDate": 1703514303688,
                        "bearing": 0.0,
                        "velocity": 0.09694647789001465
                    }
                },
                {
                    "type": "Feature",
                    "geometry": {
                        "type": "Point",
                        "coordinates": [
                            49.2460385,
                            55.7938298
                        ]
                    },
                    "properties": {
                        "createdDate": 1703514308696,
                        "bearing": 0.0,
                        "velocity": 0.060550007969141006
                    }
                },
                {
                    "type": "Feature",
                    "geometry": {
                        "type": "Point",
                        "coordinates": [
                            49.2460391,
                            55.793831
                        ]
                    },
                    "properties": {
                        "createdDate": 1703514313701,
                        "bearing": 0.0,
                        "velocity": 0.0331013947725296
                    }
                },
                {
                    "type": "Feature",
                    "geometry": {
                        "type": "Point",
                        "coordinates": [
                            49.246044,
                            55.7938328
                        ]
                    },
                    "properties": {
                        "createdDate": 1703514318709,
                        "bearing": 0.0,
                        "velocity": 0.049781136214733124
                    }
                },
                {
                    "type": "Feature",
                    "geometry": {
                        "type": "Point",
                        "coordinates": [
                            49.2460592,
                            55.7938315
                        ]
                    },
                    "properties": {
                        "createdDate": 1703514323714,
                        "bearing": 91.54182434082031,
                        "velocity": 0.1268588751554489
                    }
                },
                {
                    "type": "Feature",
                    "geometry": {
                        "type": "Point",
                        "coordinates": [
                            49.246047,
                            55.7938318
                        ]
                    },
                    "properties": {
                        "createdDate": 1703514328735,
                        "bearing": 0.0,
                        "velocity": 0.047214098274707794
                    }
                },
                {
                    "type": "Feature",
                    "geometry": {
                        "type": "Point",
                        "coordinates": [
                            49.2460485,
                            55.79383
                        ]
                    },
                    "properties": {
                        "createdDate": 1703514333728,
                        "bearing": 0.0,
                        "velocity": 0.023987066000699997
                    }
                },
                {
                    "type": "Feature",
                    "geometry": {
                        "type": "Point",
                        "coordinates": [
                            49.2460506,
                            55.7938268
                        ]
                    },
                    "properties": {
                        "createdDate": 1703514338751,
                        "bearing": 0.0,
                        "velocity": 0.056162431836128235
                    }
                },
                {
                    "type": "Feature",
                    "geometry": {
                        "type": "Point",
                        "coordinates": [
                            49.2460469,
                            55.7938254
                        ]
                    },
                    "properties": {
                        "createdDate": 1703514343757,
                        "bearing": 0.0,
                        "velocity": 0.046244487166404724
                    }
                },
                {
                    "type": "Feature",
                    "geometry": {
                        "type": "Point",
                        "coordinates": [
                            49.246052,
                            55.7938286
                        ]
                    },
                    "properties": {
                        "createdDate": 1703514348762,
                        "bearing": 0.0,
                        "velocity": 0.04248925298452377
                    }
                },
                {
                    "type": "Feature",
                    "geometry": {
                        "type": "Point",
                        "coordinates": [
                            49.2460499,
                            55.7938282
                        ]
                    },
                    "properties": {
                        "createdDate": 1703514353770,
                        "bearing": 0.0,
                        "velocity": 0.007322727236896753
                    }
                },
                {
                    "type": "Feature",
                    "geometry": {
                        "type": "Point",
                        "coordinates": [
                            49.2460373,
                            55.7938266
                        ]
                    },
                    "properties": {
                        "createdDate": 1703514358775,
                        "bearing": 258.5700988769531,
                        "velocity": 0.10515400022268295
                    }
                },
                {
                    "type": "Feature",
                    "geometry": {
                        "type": "Point",
                        "coordinates": [
                            49.2460643,
                            55.7938262
                        ]
                    },
                    "properties": {
                        "createdDate": 1703514363782,
                        "bearing": 93.98745727539062,
                        "velocity": 0.17891283333301544
                    }
                },
                {
                    "type": "Feature",
                    "geometry": {
                        "type": "Point",
                        "coordinates": [
                            49.2460435,
                            55.7938283
                        ]
                    },
                    "properties": {
                        "createdDate": 1703514368793,
                        "bearing": 0.0,
                        "velocity": 0.09629077464342117
                    }
                },
                {
                    "type": "Feature",
                    "geometry": {
                        "type": "Point",
                        "coordinates": [
                            49.246042,
                            55.7938307
                        ]
                    },
                    "properties": {
                        "createdDate": 1703514373796,
                        "bearing": 0.0,
                        "velocity": 0.0634261965751648
                    }
                }
            ]
        }
    }
]
]]></system-out>
  </testcase>
  <testcase name="postSave" classname="API.APITest" time="2.266">
    <system-out><![CDATA[Request method:	POST
Request URI:	https://devcs.avtodoria.ru/terminal/api/rest/homography/save
Proxy:			<none>
Request params:	<none>
Query params:	<none>
Form params:	<none>
Path params:	<none>
Headers:		Accept=*/*
				Content-Type=application/json
Cookies:		<none>
Multiparts:		<none>
Body:
{
    "creationDate": "2023-12-25T19:48:30.596+03:00",
    "operatorId": 1,
    "inputMatrix": {
        "points": [
            {
                "x": 50,
                "y": 50
            },
            {
                "x": 100,
                "y": 50
            },
            {
                "y": 100
            },
            {
                "x": 150,
                "y": 100
            }
        ],
        "matrixWidth": 2,
        "matrixHeight": 2,
        "cellWidth": 3.5,
        "cellHeight": 3
    },
    "shift": {
        "horizontalShift": 3,
        "verticalShift": 186,
        "multiplicationFactor": 0.6
    },
    "matrix": {
        "matrix": [
            [
                -3.8500000000000028,
                -7.970000000000006,
                488.00000000000017
            ],
            [
                0,
                -19.34000000000002,
                731.0000000000008
            ],
            [
                0,
                -0.040000000000000036,
                1
            ]
        ],
        "scale": 0.016666666666666666,
        "sceneCenter": {
            "x": 200.25,
            "y": 483.375
        }
    },
    "videoId": "9af53a0c-30ad-476b-b117-ce3de0f49ced ",
    "videoFrameTimestamp": 0,
    "sourceHomographyId": 870
}
HTTP/1.1 200 
Server: nginx
Date: Mon, 25 Dec 2023 17:13:46 GMT
Content-Type: application/json
Transfer-Encoding: chunked
Connection: keep-alive
Vary: Origin
Vary: Access-Control-Request-Method
Vary: Access-Control-Request-Headers
Strict-Transport-Security: max-age=15768000; includeSubDomains; preload;
X-Content-Type-Options: nosniff
X-Frame-Options: SAMEORIGIN
X-XSS-Protection: 1; mode=block
X-Robots-Tag: none
X-Download-Options: noopen
X-Permitted-Cross-Domain-Policies: none
Content-Encoding: gzip

{
    "uuid": "9af53a0c-30ad-476b-b117-ce3de0f49ced",
    "videoId": "1698048522452",
    "filePath": "/vs_data/citysoft-dev/video/2023/10/23/4a2d9136a036e9be/1698047634773/1698048522452/1698048522452.mp4",
    "sessionId": "1698047634773",
    "deviceId": "4a2d9136a036e9be",
    "descriptions": {
        "onDevice": "test",
        "onServer": "test"
    },
    "numbers": {
        "onDevice": "test",
        "onServer": "test"
    },
    "processingStatus": "ML_PROCESSING",
    "operatorId": 1,
    "creationDate": "2023-10-23T08:08:42.452Z",
    "processedDate": "2023-12-25T17:13:46.09Z",
    "homographyId": 871,
    "mergedPartsCount": 301,
    "fps": 0,
    "size": 75108160,
    "resolution": null,
    "errorReason": null,
    "errorModule": null,
    "errorMessage": null,
    "geoJSON": {
        "type": "FeatureCollection",
        "features": [
            {
                "type": "Feature",
                "geometry": {
                    "type": "Point",
                    "coordinates": [
                        49.2460799,
                        55.7938296
                    ]
                },
                "properties": {
                    "createdDate": 1698048522452,
                    "bearing": 273.203125,
                    "velocity": 0.16223590075969696
                }
            },
            {
                "type": "Feature",
                "geometry": {
                    "type": "Point",
                    "coordinates": [
                        49.2460965,
                        55.7938282
                    ]
                },
                "properties": {
                    "createdDate": 1698048526444,
                    "bearing": 0.0,
                    "velocity": 0.04672722890973091
                }
            },
            {
                "type": "Feature",
                "geometry": {
                    "type": "Point",
                    "coordinates": [
                        49.2461063,
                        55.7938343
                    ]
                },
                "properties": {
                    "createdDate": 1698048532441,
                    "bearing": 51.38030242919922,
                    "velocity": 0.11367540061473846
                }
            },
            {
                "type": "Feature",
                "geometry": {
                    "type": "Point",
                    "coordinates": [
                        49.2461117,
                        55.7938355
                    ]
                },
                "properties": {
                    "createdDate": 1698048537434,
                    "bearing": 0.0,
                    "velocity": 0.08796358108520508
                }
            },
            {
                "type": "Feature",
                "geometry": {
                    "type": "Point",
                    "coordinates": [
                        49.24611,
                        55.7938375
                    ]
                },
                "properties": {
                    "createdDate": 1698048542437,
                    "bearing": 0.0,
                    "velocity": 0.04982861503958702
                }
            },
            {
                "type": "Feature",
                "geometry": {
                    "type": "Point",
                    "coordinates": [
                        49.2461051,
                        55.7938315
                    ]
                },
                "properties": {
                    "createdDate": 1698048547423,
                    "bearing": 0.0,
                    "velocity": 0.052667245268821716
                }
            },
            {
                "type": "Feature",
                "geometry": {
                    "type": "Point",
                    "coordinates": [
                        49.2461036,
                        55.793831
                    ]
                },
                "properties": {
                    "createdDate": 1698048552418,
                    "bearing": 0.0,
                    "velocity": 0.033916208893060684
                }
            },
            {
                "type": "Feature",
                "geometry": {
                    "type": "Point",
                    "coordinates": [
                        49.2461073,
                        55.7938209
                    ]
                },
                "properties": {
                    "createdDate": 1698048557420,
                    "bearing": 172.81961059570312,
                    "velocity": 0.1394558995962143
                }
            },
            {
                "type": "Feature",
                "geometry": {
                    "type": "Point",
                    "coordinates": [
                        49.2461097,
                        55.7938317
                    ]
                },
                "properties": {
                    "createdDate": 1698048562401,
                    "bearing": 0.0,
                    "velocity": 0.07502864301204681
                }
            },
            {
                "type": "Feature",
                "geometry": {
                    "type": "Point",
                    "coordinates": [
                        49.246093,
                        55.7938344
                    ]
                },
                "properties": {
                    "createdDate": 1698048567404,
                    "bearing": 303.32012939453125,
                    "velocity": 0.11747034639120102
                }
            },
            {
                "type": "Feature",
                "geometry": {
                    "type": "Point",
                    "coordinates": [
                        49.246116,
                        55.793838
                    ]
                },
                "properties": {
                    "createdDate": 1698048572386,
                    "bearing": 56.45940017700195,
                    "velocity": 0.13078942894935608
                }
            },
            {
                "type": "Feature",
                "geometry": {
                    "type": "Point",
                    "coordinates": [
                        49.246113,
                        55.7938225
                    ]
                },
                "properties": {
                    "createdDate": 1698048577382,
                    "bearing": 167.72129821777344,
                    "velocity": 0.15517926216125488
                }
            },
            {
                "type": "Feature",
                "geometry": {
                    "type": "Point",
                    "coordinates": [
                        49.2460994,
                        55.7938231
                    ]
                },
                "properties": {
                    "createdDate": 1698048582378,
                    "bearing": 236.09011840820312,
                    "velocity": 0.10009226948022842
                }
            },
            {
                "type": "Feature",
                "geometry": {
                    "type": "Point",
                    "coordinates": [
                        49.2460941,
                        55.7938163
                    ]
                },
                "properties": {
                    "createdDate": 1698048587367,
                    "bearing": 215.29505920410156,
                    "velocity": 0.1308392435312271
                }
            },
            {
                "type": "Feature",
                "geometry": {
                    "type": "Point",
                    "coordinates": [
                        49.2461044,
                        55.793816
                    ]
                },
                "properties": {
                    "createdDate": 1698048592353,
                    "bearing": 0.0,
                    "velocity": 0.06286729127168655
                }
            },
            {
                "type": "Feature",
                "geometry": {
                    "type": "Point",
                    "coordinates": [
                        49.2461131,
                        55.7938176
                    ]
                },
                "properties": {
                    "createdDate": 1698048597356,
                    "bearing": 0.0,
                    "velocity": 0.07612301409244537
                }
            },
            {
                "type": "Feature",
                "geometry": {
                    "type": "Point",
                    "coordinates": [
                        49.2461124,
                        55.7938248
                    ]
                },
                "properties": {
                    "createdDate": 1698048602348,
                    "bearing": 0.0,
                    "velocity": 0.09788021445274353
                }
            },
            {
                "type": "Feature",
                "geometry": {
                    "type": "Point",
                    "coordinates": [
                        49.2461,
                        55.7938327
                    ]
                },
                "properties": {
                    "createdDate": 1698048607345,
                    "bearing": 330.7674865722656,
                    "velocity": 0.1622002124786377
                }
            },
            {
                "type": "Feature",
                "geometry": {
                    "type": "Point",
                    "coordinates": [
                        49.246108,
                        55.7938354
                    ]
                },
                "properties": {
                    "createdDate": 1698048612342,
                    "bearing": 0.0,
                    "velocity": 0.09886223822832108
                }
            },
            {
                "type": "Feature",
                "geometry": {
                    "type": "Point",
                    "coordinates": [
                        49.2460951,
                        55.793837
                    ]
                },
                "properties": {
                    "createdDate": 1698048617315,
                    "bearing": 309.1436462402344,
                    "velocity": 0.10086661577224731
                }
            },
            {
                "type": "Feature",
                "geometry": {
                    "type": "Point",
                    "coordinates": [
                        49.2461028,
                        55.7938372
                    ]
                },
                "properties": {
                    "createdDate": 1698048622329,
                    "bearing": 0.0,
                    "velocity": 0.035536784678697586
                }
            },
            {
                "type": "Feature",
                "geometry": {
                    "type": "Point",
                    "coordinates": [
                        49.2461103,
                        55.7938378
                    ]
                },
                "properties": {
                    "createdDate": 1698048628314,
                    "bearing": 0.0,
                    "velocity": 0.06194216385483742
                }
            },
            {
                "type": "Feature",
                "geometry": {
                    "type": "Point",
                    "coordinates": [
                        49.2461166,
                        55.7938254
                    ]
                },
                "properties": {
                    "createdDate": 1698048632316,
                    "bearing": 155.5874481201172,
                    "velocity": 0.17033587396144867
                }
            },
            {
                "type": "Feature",
                "geometry": {
                    "type": "Point",
                    "coordinates": [
                        49.2461095,
                        55.7938316
                    ]
                },
                "properties": {
                    "createdDate": 1698048637308,
                    "bearing": 0.0,
                    "velocity": 0.01802697405219078
                }
            },
            {
                "type": "Feature",
                "geometry": {
                    "type": "Point",
                    "coordinates": [
                        49.2461094,
                        55.79382
                    ]
                },
                "properties": {
                    "createdDate": 1698048642303,
                    "bearing": 183.06544494628906,
                    "velocity": 0.1474013775587082
                }
            },
            {
                "type": "Feature",
                "geometry": {
                    "type": "Point",
                    "coordinates": [
                        49.24609,
                        55.7938233
                    ]
                },
                "properties": {
                    "createdDate": 1698048647275,
                    "bearing": 262.7044677734375,
                    "velocity": 0.14452601969242096
                }
            },
            {
                "type": "Feature",
                "geometry": {
                    "type": "Point",
                    "coordinates": [
                        49.2460958,
                        55.7938335
                    ]
                },
                "properties": {
                    "createdDate": 1698048652287,
                    "bearing": 345.32867431640625,
                    "velocity": 0.11373268067836761
                }
            },
            {
                "type": "Feature",
                "geometry": {
                    "type": "Point",
                    "coordinates": [
                        49.2461063,
                        55.793835
                    ]
                },
                "properties": {
                    "createdDate": 1698048657284,
                    "bearing": 0.0,
                    "velocity": 0.08920066803693771
                }
            },
            {
                "type": "Feature",
                "geometry": {
                    "type": "Point",
                    "coordinates": [
                        49.2460989,
                        55.7938317
                    ]
                },
                "properties": {
                    "createdDate": 1698048662263,
                    "bearing": 0.0,
                    "velocity": 0.025011727586388588
                }
            },
            {
                "type": "Feature",
                "geometry": {
                    "type": "Point",
                    "coordinates": [
                        49.246107,
                        55.7938291
                    ]
                },
                "properties": {
                    "createdDate": 1698048668253,
                    "bearing": 0.0,
                    "velocity": 0.057482585310935974
                }
            },
            {
                "type": "Feature",
                "geometry": {
                    "type": "Point",
                    "coordinates": [
                        49.2460957,
                        55.7938327
                    ]
                },
                "properties": {
                    "createdDate": 1698048672246,
                    "bearing": 0.0,
                    "velocity": 0.06746074557304382
                }
            },
            {
                "type": "Feature",
                "geometry": {
                    "type": "Point",
                    "coordinates": [
                        49.2461053,
                        55.7938316
                    ]
                },
                "properties": {
                    "createdDate": 1698048678240,
                    "bearing": 0.0,
                    "velocity": 0.03826809301972389
                }
            },
            {
                "type": "Feature",
                "geometry": {
                    "type": "Point",
                    "coordinates": [
                        49.2461025,
                        55.7938345
                    ]
                },
                "properties": {
                    "createdDate": 1698048683234,
                    "bearing": 0.0,
                    "velocity": 0.035704780369997025
                }
            },
            {
                "type": "Feature",
                "geometry": {
                    "type": "Point",
                    "coordinates": [
                        49.2461052,
                        55.7938296
                    ]
                },
                "properties": {
                    "createdDate": 1698048687227,
                    "bearing": 0.0,
                    "velocity": 0.04876156151294708
                }
            },
            {
                "type": "Feature",
                "geometry": {
                    "type": "Point",
                    "coordinates": [
                        49.246092,
                        55.7938285
                    ]
                },
                "properties": {
                    "createdDate": 1698048692223,
                    "bearing": 0.0,
                    "velocity": 0.09156914055347443
                }
            },
            {
                "type": "Feature",
                "geometry": {
                    "type": "Point",
                    "coordinates": [
                        49.246106,
                        55.7938334
                    ]
                },
                "properties": {
                    "createdDate": 1698048697241,
                    "bearing": 0.0,
                    "velocity": 0.061378296464681625
                }
            },
            {
                "type": "Feature",
                "geometry": {
                    "type": "Point",
                    "coordinates": [
                        49.2461109,
                        55.7938346
                    ]
                },
                "properties": {
                    "createdDate": 1698048702224,
                    "bearing": 0.0,
                    "velocity": 0.06309080123901367
                }
            },
            {
                "type": "Feature",
                "geometry": {
                    "type": "Point",
                    "coordinates": [
                        49.246114,
                        55.7938244
                    ]
                },
                "properties": {
                    "createdDate": 1698048707219,
                    "bearing": 156.9778289794922,
                    "velocity": 0.1165686771273613
                }
            },
            {
                "type": "Feature",
                "geometry": {
                    "type": "Point",
                    "coordinates": [
                        49.2461178,
                        55.7938214
                    ]
                },
                "properties": {
                    "createdDate": 1698048712205,
                    "bearing": 0.0,
                    "velocity": 0.09634603559970856
                }
            },
            {
                "type": "Feature",
                "geometry": {
                    "type": "Point",
                    "coordinates": [
                        49.2461155,
                        55.7938178
                    ]
                },
                "properties": {
                    "createdDate": 1698048717204,
                    "bearing": 0.0,
                    "velocity": 0.08201871812343597
                }
            },
            {
                "type": "Feature",
                "geometry": {
                    "type": "Point",
                    "coordinates": [
                        49.2461148,
                        55.7938183
                    ]
                },
                "properties": {
                    "createdDate": 1698048722194,
                    "bearing": 0.0,
                    "velocity": 0.027544714510440826
                }
            },
            {
                "type": "Feature",
                "geometry": {
                    "type": "Point",
                    "coordinates": [
                        49.2461109,
                        55.7938238
                    ]
                },
                "properties": {
                    "createdDate": 1698048727181,
                    "bearing": 0.0,
                    "velocity": 0.06547467410564423
                }
            },
            {
                "type": "Feature",
                "geometry": {
                    "type": "Point",
                    "coordinates": [
                        49.2460999,
                        55.7938223
                    ]
                },
                "properties": {
                    "createdDate": 1698048733180,
                    "bearing": 0.0,
                    "velocity": 0.0922008752822876
                }
            },
            {
                "type": "Feature",
                "geometry": {
                    "type": "Point",
                    "coordinates": [
                        49.246104,
                        55.7938227
                    ]
                },
                "properties": {
                    "createdDate": 1698048738186,
                    "bearing": 0.0,
                    "velocity": 0.012490750290453434
                }
            },
            {
                "type": "Feature",
                "geometry": {
                    "type": "Point",
                    "coordinates": [
                        49.246103,
                        55.7938226
                    ]
                },
                "properties": {
                    "createdDate": 1698048742160,
                    "bearing": 0.0,
                    "velocity": 0.011864430271089077
                }
            },
            {
                "type": "Feature",
                "geometry": {
                    "type": "Point",
                    "coordinates": [
                        49.2461066,
                        55.7938197
                    ]
                },
                "properties": {
                    "createdDate": 1698048748168,
                    "bearing": 0.0,
                    "velocity": 0.04148080199956894
                }
            },
            {
                "type": "Feature",
                "geometry": {
                    "type": "Point",
                    "coordinates": [
                        49.2461011,
                        55.7938352
                    ]
                },
                "properties": {
                    "createdDate": 1698048753155,
                    "bearing": 350.4965515136719,
                    "velocity": 0.18406042456626892
                }
            },
            {
                "type": "Feature",
                "geometry": {
                    "type": "Point",
                    "coordinates": [
                        49.2461114,
                        55.7938254
                    ]
                },
                "properties": {
                    "createdDate": 1698048758153,
                    "bearing": 0.0,
                    "velocity": 0.07566065341234207
                }
            },
            {
                "type": "Feature",
                "geometry": {
                    "type": "Point",
                    "coordinates": [
                        49.2461106,
                        55.7938216
                    ]
                },
                "properties": {
                    "createdDate": 1698048762134,
                    "bearing": 0.0,
                    "velocity": 0.07123053073883057
                }
            },
            {
                "type": "Feature",
                "geometry": {
                    "type": "Point",
                    "coordinates": [
                        49.2461109,
                        55.7938268
                    ]
                },
                "properties": {
                    "createdDate": 1698048768141,
                    "bearing": 0.0,
                    "velocity": 0.039574701339006424
                }
            },
            {
                "type": "Feature",
                "geometry": {
                    "type": "Point",
                    "coordinates": [
                        49.2461155,
                        55.7938208
                    ]
                },
                "properties": {
                    "createdDate": 1698048773124,
                    "bearing": 0.0,
                    "velocity": 0.07257743924856186
                }
            },
            {
                "type": "Feature",
                "geometry": {
                    "type": "Point",
                    "coordinates": [
                        49.2461118,
                        55.7938311
                    ]
                },
                "properties": {
                    "createdDate": 1698048778136,
                    "bearing": 0.0,
                    "velocity": 0.09696679562330246
                }
            },
            {
                "type": "Feature",
                "geometry": {
                    "type": "Point",
                    "coordinates": [
                        49.2461071,
                        55.7938363
                    ]
                },
                "properties": {
                    "createdDate": 1698048783127,
                    "bearing": 341.9266357421875,
                    "velocity": 0.11130469292402267
                }
            },
            {
                "type": "Feature",
                "geometry": {
                    "type": "Point",
                    "coordinates": [
                        49.2461001,
                        55.7938309
                    ]
                },
                "properties": {
                    "createdDate": 1698048788124,
                    "bearing": 0.0,
                    "velocity": 0.06248928979039192
                }
            },
            {
                "type": "Feature",
                "geometry": {
                    "type": "Point",
                    "coordinates": [
                        49.2461072,
                        55.7938302
                    ]
                },
                "properties": {
                    "createdDate": 1698048793107,
                    "bearing": 0.0,
                    "velocity": 0.02380977012217045
                }
            },
            {
                "type": "Feature",
                "geometry": {
                    "type": "Point",
                    "coordinates": [
                        49.2461099,
                        55.7938222
                    ]
                },
                "properties": {
                    "createdDate": 1698048798100,
                    "bearing": 165.74627685546875,
                    "velocity": 0.11631353944540024
                }
            },
            {
                "type": "Feature",
                "geometry": {
                    "type": "Point",
                    "coordinates": [
                        49.2461148,
                        55.7938357
                    ]
                },
                "properties": {
                    "createdDate": 1698048803088,
                    "bearing": 20.136295318603516,
                    "velocity": 0.13949602842330933
                }
            },
            {
                "type": "Feature",
                "geometry": {
                    "type": "Point",
                    "coordinates": [
                        49.2461179,
                        55.7938261
                    ]
                },
                "properties": {
                    "createdDate": 1698048808086,
                    "bearing": 0.0,
                    "velocity": 0.0821862742304802
                }
            },
            {
                "type": "Feature",
                "geometry": {
                    "type": "Point",
                    "coordinates": [
                        49.2461044,
                        55.7938342
                    ]
                },
                "properties": {
                    "createdDate": 1698048813084,
                    "bearing": 0.0,
                    "velocity": 0.09950993955135345
                }
            },
            {
                "type": "Feature",
                "geometry": {
                    "type": "Point",
                    "coordinates": [
                        49.2461058,
                        55.7938218
                    ]
                },
                "properties": {
                    "createdDate": 1698048818068,
                    "bearing": 190.1726837158203,
                    "velocity": 0.12507817149162292
                }
            }
        ]
    }
}
]]></system-out>
  </testcase>
  <testcase name="postAllCheckPageSizeNegative" classname="API.APITest" time="2.728">
    <system-out><![CDATA[Request method:	POST
Request URI:	https://devcs.avtodoria.ru/terminal/api/rest/preprocessing/video/all
Proxy:			<none>
Request params:	<none>
Query params:	<none>
Form params:	<none>
Path params:	<none>
Headers:		Accept=*/*
				Content-Type=application/json
Cookies:		<none>
Multiparts:		<none>
Body:
{
    "contractIds": [
        
    ],
    "dateFrom": "2023-11-25T00:00:00.000+03:00",
    "dateTo": "2023-12-25T19:48:30.596+03:00",
    "deviceIds": [
        
    ],
    "operatorId": null,
    "pageNumber": 0,
    "pageSize": null,
    "processingStatuses": [
        
    ],
    "sessionId": null,
    "sortOrder": "DESC"
}
HTTP/1.1 500 
Server: nginx
Date: Mon, 25 Dec 2023 17:13:49 GMT
Content-Type: application/json
Transfer-Encoding: chunked
Connection: keep-alive
Vary: Origin
Vary: Access-Control-Request-Method
Vary: Access-Control-Request-Headers

{
    "cause": null,
    "stackTrace": [
        {
            "methodName": "handleGenericException",
            "fileName": "ExceptionHandler.kt",
            "lineNumber": 30,
            "className": "ru.avtodoria.citysoft.terminal.general.util.exception.ExceptionHandler",
            "nativeMethod": false
        },
        {
            "methodName": "invoke",
            "fileName": null,
            "lineNumber": -1,
            "className": "sun.reflect.GeneratedMethodAccessor483",
            "nativeMethod": false
        },
        {
            "methodName": "invoke",
            "fileName": "DelegatingMethodAccessorImpl.java",
            "lineNumber": 43,
            "className": "sun.reflect.DelegatingMethodAccessorImpl",
            "nativeMethod": false
        },
        {
            "methodName": "invoke",
            "fileName": "Method.java",
            "lineNumber": 498,
            "className": "java.lang.reflect.Method",
            "nativeMethod": false
        },
        {
            "methodName": "doInvoke",
            "fileName": "InvocableHandlerMethod.java",
            "lineNumber": 205,
            "className": "org.springframework.web.method.support.InvocableHandlerMethod",
            "nativeMethod": false
        },
        {
            "methodName": "invokeForRequest",
            "fileName": "InvocableHandlerMethod.java",
            "lineNumber": 150,
            "className": "org.springframework.web.method.support.InvocableHandlerMethod",
            "nativeMethod": false
        },
        {
            "methodName": "invokeAndHandle",
            "fileName": "ServletInvocableHandlerMethod.java",
            "lineNumber": 117,
            "className": "org.springframework.web.servlet.mvc.method.annotation.ServletInvocableHandlerMethod",
            "nativeMethod": false
        },
        {
            "methodName": "doResolveHandlerMethodException",
            "fileName": "ExceptionHandlerExceptionResolver.java",
            "lineNumber": 428,
            "className": "org.springframework.web.servlet.mvc.method.annotation.ExceptionHandlerExceptionResolver",
            "nativeMethod": false
        },
        {
            "methodName": "doResolveException",
            "fileName": "AbstractHandlerMethodExceptionResolver.java",
            "lineNumber": 75,
            "className": "org.springframework.web.servlet.handler.AbstractHandlerMethodExceptionResolver",
            "nativeMethod": false
        },
        {
            "methodName": "resolveException",
            "fileName": "AbstractHandlerExceptionResolver.java",
            "lineNumber": 142,
            "className": "org.springframework.web.servlet.handler.AbstractHandlerExceptionResolver",
            "nativeMethod": false
        },
        {
            "methodName": "resolveException",
            "fileName": "HandlerExceptionResolverComposite.java",
            "lineNumber": 80,
            "className": "org.springframework.web.servlet.handler.HandlerExceptionResolverComposite",
            "nativeMethod": false
        },
        {
            "methodName": "processHandlerException",
            "fileName": "DispatcherServlet.java",
            "lineNumber": 1327,
            "className": "org.springframework.web.servlet.DispatcherServlet",
            "nativeMethod": false
        },
        {
            "methodName": "processDispatchResult",
            "fileName": "DispatcherServlet.java",
            "lineNumber": 1138,
            "className": "org.springframework.web.servlet.DispatcherServlet",
            "nativeMethod": false
        },
        {
            "methodName": "doDispatch",
            "fileName": "DispatcherServlet.java",
            "lineNumber": 1084,
            "className": "org.springframework.web.servlet.DispatcherServlet",
            "nativeMethod": false
        },
        {
            "methodName": "doService",
            "fileName": "DispatcherServlet.java",
            "lineNumber": 963,
            "className": "org.springframework.web.servlet.DispatcherServlet",
            "nativeMethod": false
        },
        {
            "methodName": "processRequest",
            "fileName": "FrameworkServlet.java",
            "lineNumber": 1006,
            "className": "org.springframework.web.servlet.FrameworkServlet",
            "nativeMethod": false
        },
        {
            "methodName": "doPost",
            "fileName": "FrameworkServlet.java",
            "lineNumber": 909,
            "className": "org.springframework.web.servlet.FrameworkServlet",
            "nativeMethod": false
        },
        {
            "methodName": "service",
            "fileName": "HttpServlet.java",
            "lineNumber": 517,
            "className": "javax.servlet.http.HttpServlet",
            "nativeMethod": false
        },
        {
            "methodName": "service",
            "fileName": "FrameworkServlet.java",
            "lineNumber": 883,
            "className": "org.springframework.web.servlet.FrameworkServlet",
            "nativeMethod": false
        },
        {
            "methodName": "service",
            "fileName": "HttpServlet.java",
            "lineNumber": 584,
            "className": "javax.servlet.http.HttpServlet",
            "nativeMethod": false
        },
        {
            "methodName": "internalDoFilter",
            "fileName": "ApplicationFilterChain.java",
            "lineNumber": 227,
            "className": "org.apache.catalina.core.ApplicationFilterChain",
            "nativeMethod": false
        },
        {
            "methodName": "doFilter",
            "fileName": "ApplicationFilterChain.java",
            "lineNumber": 162,
            "className": "org.apache.catalina.core.ApplicationFilterChain",
            "nativeMethod": false
        },
        {
            "methodName": "doFilterInternal",
            "fileName": "CorsFilter.java",
            "lineNumber": 91,
            "className": "org.springframework.web.filter.CorsFilter",
            "nativeMethod": false
        },
        {
            "methodName": "doFilter",
            "fileName": "OncePerRequestFilter.java",
            "lineNumber": 119,
            "className": "org.springframework.web.filter.OncePerRequestFilter",
            "nativeMethod": false
        },
        {
            "methodName": "internalDoFilter",
            "fileName": "ApplicationFilterChain.java",
            "lineNumber": 189,
            "className": "org.apache.catalina.core.ApplicationFilterChain",
            "nativeMethod": false
        },
        {
            "methodName": "doFilter",
            "fileName": "ApplicationFilterChain.java",
            "lineNumber": 162,
            "className": "org.apache.catalina.core.ApplicationFilterChain",
            "nativeMethod": false
        },
        {
            "methodName": "doFilterInternal",
            "fileName": "RequestContextFilter.java",
            "lineNumber": 100,
            "className": "org.springframework.web.filter.RequestContextFilter",
            "nativeMethod": false
        },
        {
            "methodName": "doFilter",
            "fileName": "OncePerRequestFilter.java",
            "lineNumber": 119,
            "className": "org.springframework.web.filter.OncePerRequestFilter",
            "nativeMethod": false
        },
        {
            "methodName": "internalDoFilter",
            "fileName": "ApplicationFilterChain.java",
            "lineNumber": 189,
            "className": "org.apache.catalina.core.ApplicationFilterChain",
            "nativeMethod": false
        },
        {
            "methodName": "doFilter",
            "fileName": "ApplicationFilterChain.java",
            "lineNumber": 162,
            "className": "org.apache.catalina.core.ApplicationFilterChain",
            "nativeMethod": false
        },
        {
            "methodName": "doFilterInternal",
            "fileName": "FormContentFilter.java",
            "lineNumber": 93,
            "className": "org.springframework.web.filter.FormContentFilter",
            "nativeMethod": false
        },
        {
            "methodName": "doFilter",
            "fileName": "OncePerRequestFilter.java",
            "lineNumber": 119,
            "className": "org.springframework.web.filter.OncePerRequestFilter",
            "nativeMethod": false
        },
        {
            "methodName": "internalDoFilter",
            "fileName": "ApplicationFilterChain.java",
            "lineNumber": 189,
            "className": "org.apache.catalina.core.ApplicationFilterChain",
            "nativeMethod": false
        },
        {
            "methodName": "doFilter",
            "fileName": "ApplicationFilterChain.java",
            "lineNumber": 162,
            "className": "org.apache.catalina.core.ApplicationFilterChain",
            "nativeMethod": false
        },
        {
            "methodName": "doFilterInternal",
            "fileName": "WebMvcMetricsFilter.java",
            "lineNumber": 96,
            "className": "org.springframework.boot.actuate.metrics.web.servlet.WebMvcMetricsFilter",
            "nativeMethod": false
        },
        {
            "methodName": "doFilter",
            "fileName": "OncePerRequestFilter.java",
            "lineNumber": 119,
            "className": "org.springframework.web.filter.OncePerRequestFilter",
            "nativeMethod": false
        },
        {
            "methodName": "internalDoFilter",
            "fileName": "ApplicationFilterChain.java",
            "lineNumber": 189,
            "className": "org.apache.catalina.core.ApplicationFilterChain",
            "nativeMethod": false
        },
        {
            "methodName": "doFilter",
            "fileName": "ApplicationFilterChain.java",
            "lineNumber": 162,
            "className": "org.apache.catalina.core.ApplicationFilterChain",
            "nativeMethod": false
        },
        {
            "methodName": "doFilterInternal",
            "fileName": "CharacterEncodingFilter.java",
            "lineNumber": 201,
            "className": "org.springframework.web.filter.CharacterEncodingFilter",
            "nativeMethod": false
        },
        {
            "methodName": "doFilter",
            "fileName": "OncePerRequestFilter.java",
            "lineNumber": 119,
            "className": "org.springframework.web.filter.OncePerRequestFilter",
            "nativeMethod": false
        },
        {
            "methodName": "internalDoFilter",
            "fileName": "ApplicationFilterChain.java",
            "lineNumber": 189,
            "className": "org.apache.catalina.core.ApplicationFilterChain",
            "nativeMethod": false
        },
        {
            "methodName": "doFilter",
            "fileName": "ApplicationFilterChain.java",
            "lineNumber": 162,
            "className": "org.apache.catalina.core.ApplicationFilterChain",
            "nativeMethod": false
        },
        {
            "methodName": "invoke",
            "fileName": "StandardWrapperValve.java",
            "lineNumber": 197,
            "className": "org.apache.catalina.core.StandardWrapperValve",
            "nativeMethod": false
        },
        {
            "methodName": "invoke",
            "fileName": "StandardContextValve.java",
            "lineNumber": 97,
            "className": "org.apache.catalina.core.StandardContextValve",
            "nativeMethod": false
        },
        {
            "methodName": "invoke",
            "fileName": "AuthenticatorBase.java",
            "lineNumber": 540,
            "className": "org.apache.catalina.authenticator.AuthenticatorBase",
            "nativeMethod": false
        },
        {
            "methodName": "invoke",
            "fileName": "StandardHostValve.java",
            "lineNumber": 135,
            "className": "org.apache.catalina.core.StandardHostValve",
            "nativeMethod": false
        },
        {
            "methodName": "invoke",
            "fileName": "ErrorReportValve.java",
            "lineNumber": 92,
            "className": "org.apache.catalina.valves.ErrorReportValve",
            "nativeMethod": false
        },
        {
            "methodName": "invoke",
            "fileName": "StandardEngineValve.java",
            "lineNumber": 78,
            "className": "org.apache.catalina.core.StandardEngineValve",
            "nativeMethod": false
        },
        {
            "methodName": "service",
            "fileName": "CoyoteAdapter.java",
            "lineNumber": 357,
            "className": "org.apache.catalina.connector.CoyoteAdapter",
            "nativeMethod": false
        },
        {
            "methodName": "service",
            "fileName": "Http11Processor.java",
            "lineNumber": 382,
            "className": "org.apache.coyote.http11.Http11Processor",
            "nativeMethod": false
        },
        {
            "methodName": "process",
            "fileName": "AbstractProcessorLight.java",
            "lineNumber": 65,
            "className": "org.apache.coyote.AbstractProcessorLight",
            "nativeMethod": false
        },
        {
            "methodName": "process",
            "fileName": "AbstractProtocol.java",
            "lineNumber": 895,
            "className": "org.apache.coyote.AbstractProtocol$ConnectionHandler",
            "nativeMethod": false
        },
        {
            "methodName": "doRun",
            "fileName": "NioEndpoint.java",
            "lineNumber": 1722,
            "className": "org.apache.tomcat.util.net.NioEndpoint$SocketProcessor",
            "nativeMethod": false
        },
        {
            "methodName": "run",
            "fileName": "SocketProcessorBase.java",
            "lineNumber": 49,
            "className": "org.apache.tomcat.util.net.SocketProcessorBase",
            "nativeMethod": false
        },
        {
            "methodName": "runWorker",
            "fileName": "ThreadPoolExecutor.java",
            "lineNumber": 1191,
            "className": "org.apache.tomcat.util.threads.ThreadPoolExecutor",
            "nativeMethod": false
        },
        {
            "methodName": "run",
            "fileName": "ThreadPoolExecutor.java",
            "lineNumber": 659,
            "className": "org.apache.tomcat.util.threads.ThreadPoolExecutor$Worker",
            "nativeMethod": false
        },
        {
            "methodName": "run",
            "fileName": "TaskThread.java",
            "lineNumber": 61,
            "className": "org.apache.tomcat.util.threads.TaskThread$WrappingRunnable",
            "nativeMethod": false
        },
        {
            "methodName": "run",
            "fileName": "Thread.java",
            "lineNumber": 750,
            "className": "java.lang.Thread",
            "nativeMethod": false
        }
    ],
    "message": "Page size must not be less than one!",
    "localizedMessage": "Page size must not be less than one!",
    "suppressed": [
        
    ]
}
]]></system-out>
  </testcase>
</testsuite>