<?xml version="1.0" encoding="UTF-8"?>
<testsuite xmlns:xsi="http://www.w3.org/2001/XMLSchema-instance" xsi:noNamespaceSchemaLocation="https://maven.apache.org/surefire/maven-surefire-plugin/xsd/surefire-test-report-3.0.xsd" version="3.0" name="Frontend.ProcessingQueueCheckFieldsTest" time="25.116" tests="1" errors="0" skipped="0" failures="1">
  <properties>
    <property name="java.specification.version" value="21"/>
    <property name="webdriver.chrome.driver" value="/Users/ghghost/.cache/selenium/chromedriver/mac-arm64/120.0.6099.109/chromedriver"/>
    <property name="sun.jnu.encoding" value="UTF-8"/>
    <property name="java.class.path" value="/Users/ghghost/IdeaProjects/citysoft_terminal_selenium/target/test-classes:/Users/ghghost/IdeaProjects/citysoft_terminal_selenium/target/classes:/Users/ghghost/.m2/repository/org/junit/jupiter/junit-jupiter/5.6.2/junit-jupiter-5.6.2.jar:/Users/ghghost/.m2/repository/org/junit/jupiter/junit-jupiter-api/5.6.2/junit-jupiter-api-5.6.2.jar:/Users/ghghost/.m2/repository/org/opentest4j/opentest4j/1.2.0/opentest4j-1.2.0.jar:/Users/ghghost/.m2/repository/org/junit/jupiter/junit-jupiter-params/5.6.2/junit-jupiter-params-5.6.2.jar:/Users/ghghost/.m2/repository/org/junit/jupiter/junit-jupiter-engine/5.6.2/junit-jupiter-engine-5.6.2.jar:/Users/ghghost/.m2/repository/joda-time/joda-time/2.12.5/joda-time-2.12.5.jar:/Users/ghghost/.m2/repository/org/seleniumhq/selenium/selenium-java/3.141.59/selenium-java-3.141.59.jar:/Users/ghghost/.m2/repository/org/seleniumhq/selenium/selenium-api/3.141.59/selenium-api-3.141.59.jar:/Users/ghghost/.m2/repository/org/seleniumhq/selenium/selenium-chrome-driver/3.141.59/selenium-chrome-driver-3.141.59.jar:/Users/ghghost/.m2/repository/org/seleniumhq/selenium/selenium-edge-driver/3.141.59/selenium-edge-driver-3.141.59.jar:/Users/ghghost/.m2/repository/org/seleniumhq/selenium/selenium-firefox-driver/3.141.59/selenium-firefox-driver-3.141.59.jar:/Users/ghghost/.m2/repository/org/seleniumhq/selenium/selenium-ie-driver/3.141.59/selenium-ie-driver-3.141.59.jar:/Users/ghghost/.m2/repository/org/seleniumhq/selenium/selenium-remote-driver/3.141.59/selenium-remote-driver-3.141.59.jar:/Users/ghghost/.m2/repository/org/seleniumhq/selenium/selenium-safari-driver/3.141.59/selenium-safari-driver-3.141.59.jar:/Users/ghghost/.m2/repository/org/seleniumhq/selenium/selenium-support/3.141.59/selenium-support-3.141.59.jar:/Users/ghghost/.m2/repository/net/bytebuddy/byte-buddy/1.8.15/byte-buddy-1.8.15.jar:/Users/ghghost/.m2/repository/org/apache/commons/commons-exec/1.3/commons-exec-1.3.jar:/Users/ghghost/.m2/repository/com/google/guava/guava/25.0-jre/guava-25.0-jre.jar:/Users/ghghost/.m2/repository/org/checkerframework/checker-compat-qual/2.0.0/checker-compat-qual-2.0.0.jar:/Users/ghghost/.m2/repository/com/google/errorprone/error_prone_annotations/2.1.3/error_prone_annotations-2.1.3.jar:/Users/ghghost/.m2/repository/com/google/j2objc/j2objc-annotations/1.1/j2objc-annotations-1.1.jar:/Users/ghghost/.m2/repository/org/codehaus/mojo/animal-sniffer-annotations/1.14/animal-sniffer-annotations-1.14.jar:/Users/ghghost/.m2/repository/com/squareup/okhttp3/okhttp/3.11.0/okhttp-3.11.0.jar:/Users/ghghost/.m2/repository/com/squareup/okio/okio/1.14.0/okio-1.14.0.jar:/Users/ghghost/.m2/repository/org/apache/logging/log4j/log4j-core/2.18.0/log4j-core-2.18.0.jar:/Users/ghghost/.m2/repository/org/apache/logging/log4j/log4j-api/2.18.0/log4j-api-2.18.0.jar:/Users/ghghost/.m2/repository/org/apache/logging/log4j/log4j-slf4j-impl/2.18.0/log4j-slf4j-impl-2.18.0.jar:/Users/ghghost/.m2/repository/org/slf4j/slf4j-api/1.7.25/slf4j-api-1.7.25.jar:/Users/ghghost/.m2/repository/io/github/bonigarcia/webdrivermanager/5.5.3/webdrivermanager-5.5.3.jar:/Users/ghghost/.m2/repository/com/google/code/gson/gson/2.10.1/gson-2.10.1.jar:/Users/ghghost/.m2/repository/com/github/docker-java/docker-java/3.3.3/docker-java-3.3.3.jar:/Users/ghghost/.m2/repository/com/github/docker-java/docker-java-core/3.3.3/docker-java-core-3.3.3.jar:/Users/ghghost/.m2/repository/com/github/docker-java/docker-java-api/3.3.3/docker-java-api-3.3.3.jar:/Users/ghghost/.m2/repository/com/fasterxml/jackson/core/jackson-annotations/2.10.3/jackson-annotations-2.10.3.jar:/Users/ghghost/.m2/repository/org/apache/commons/commons-compress/1.21/commons-compress-1.21.jar:/Users/ghghost/.m2/repository/com/fasterxml/jackson/core/jackson-databind/2.10.3/jackson-databind-2.10.3.jar:/Users/ghghost/.m2/repository/com/fasterxml/jackson/core/jackson-core/2.10.3/jackson-core-2.10.3.jar:/Users/ghghost/.m2/repository/org/bouncycastle/bcpkix-jdk18on/1.75/bcpkix-jdk18on-1.75.jar:/Users/ghghost/.m2/repository/org/bouncycastle/bcprov-jdk18on/1.75/bcprov-jdk18on-1.75.jar:/Users/ghghost/.m2/repository/org/bouncycastle/bcutil-jdk18on/1.75/bcutil-jdk18on-1.75.jar:/Users/ghghost/.m2/repository/org/slf4j/jcl-over-slf4j/1.7.30/jcl-over-slf4j-1.7.30.jar:/Users/ghghost/.m2/repository/com/github/docker-java/docker-java-transport-httpclient5/3.3.3/docker-java-transport-httpclient5-3.3.3.jar:/Users/ghghost/.m2/repository/com/github/docker-java/docker-java-transport/3.3.3/docker-java-transport-3.3.3.jar:/Users/ghghost/.m2/repository/net/java/dev/jna/jna/5.12.1/jna-5.12.1.jar:/Users/ghghost/.m2/repository/org/brotli/dec/0.1.2/dec-0.1.2.jar:/Users/ghghost/.m2/repository/org/apache/commons/commons-lang3/3.13.0/commons-lang3-3.13.0.jar:/Users/ghghost/.m2/repository/org/apache/httpcomponents/client5/httpclient5/5.2.1/httpclient5-5.2.1.jar:/Users/ghghost/.m2/repository/org/apache/httpcomponents/core5/httpcore5/5.2/httpcore5-5.2.jar:/Users/ghghost/.m2/repository/org/apache/httpcomponents/core5/httpcore5-h2/5.2/httpcore5-h2-5.2.jar:/Users/ghghost/.m2/repository/org/junit/vintage/junit-vintage-engine/5.7.2/junit-vintage-engine-5.7.2.jar:/Users/ghghost/.m2/repository/org/apiguardian/apiguardian-api/1.1.0/apiguardian-api-1.1.0.jar:/Users/ghghost/.m2/repository/org/junit/platform/junit-platform-engine/1.7.2/junit-platform-engine-1.7.2.jar:/Users/ghghost/.m2/repository/junit/junit/4.13/junit-4.13.jar:/Users/ghghost/.m2/repository/org/hamcrest/hamcrest-core/1.3/hamcrest-core-1.3.jar:/Users/ghghost/.m2/repository/io/qameta/allure/allure-junit5/2.17.0/allure-junit5-2.17.0.jar:/Users/ghghost/.m2/repository/io/qameta/allure/allure-junit-platform/2.17.0/allure-junit-platform-2.17.0.jar:/Users/ghghost/.m2/repository/io/qameta/allure/allure-test-filter/2.17.0/allure-test-filter-2.17.0.jar:/Users/ghghost/.m2/repository/org/junit/platform/junit-platform-launcher/1.8.2/junit-platform-launcher-1.8.2.jar:/Users/ghghost/.m2/repository/io/qameta/allure/allure-java-commons/2.17.0/allure-java-commons-2.17.0.jar:/Users/ghghost/.m2/repository/io/qameta/allure/allure-model/2.17.0/allure-model-2.17.0.jar:/Users/ghghost/.m2/repository/io/qameta/allure/allure-rest-assured/2.17.0/allure-rest-assured-2.17.0.jar:/Users/ghghost/.m2/repository/io/qameta/allure/allure-attachments/2.17.0/allure-attachments-2.17.0.jar:/Users/ghghost/.m2/repository/org/freemarker/freemarker/2.3.31/freemarker-2.3.31.jar:/Users/ghghost/.m2/repository/io/rest-assured/rest-assured/5.1.0/rest-assured-5.1.0.jar:/Users/ghghost/.m2/repository/org/apache/groovy/groovy/4.0.1/groovy-4.0.1.jar:/Users/ghghost/.m2/repository/org/apache/groovy/groovy-xml/4.0.1/groovy-xml-4.0.1.jar:/Users/ghghost/.m2/repository/org/apache/httpcomponents/httpclient/4.5.13/httpclient-4.5.13.jar:/Users/ghghost/.m2/repository/org/apache/httpcomponents/httpcore/4.4.13/httpcore-4.4.13.jar:/Users/ghghost/.m2/repository/commons-logging/commons-logging/1.2/commons-logging-1.2.jar:/Users/ghghost/.m2/repository/commons-codec/commons-codec/1.11/commons-codec-1.11.jar:/Users/ghghost/.m2/repository/org/apache/httpcomponents/httpmime/4.5.13/httpmime-4.5.13.jar:/Users/ghghost/.m2/repository/org/ccil/cowan/tagsoup/tagsoup/1.2.1/tagsoup-1.2.1.jar:/Users/ghghost/.m2/repository/io/rest-assured/json-path/5.1.0/json-path-5.1.0.jar:/Users/ghghost/.m2/repository/org/apache/groovy/groovy-json/4.0.1/groovy-json-4.0.1.jar:/Users/ghghost/.m2/repository/io/rest-assured/rest-assured-common/5.1.0/rest-assured-common-5.1.0.jar:/Users/ghghost/.m2/repository/io/rest-assured/xml-path/5.1.0/xml-path-5.1.0.jar:/Users/ghghost/.m2/repository/org/apache/maven/maven-plugin-api/3.6.3/maven-plugin-api-3.6.3.jar:/Users/ghghost/.m2/repository/org/apache/maven/maven-model/3.6.3/maven-model-3.6.3.jar:/Users/ghghost/.m2/repository/org/apache/maven/maven-artifact/3.6.3/maven-artifact-3.6.3.jar:/Users/ghghost/.m2/repository/org/eclipse/sisu/org.eclipse.sisu.plexus/0.3.4/org.eclipse.sisu.plexus-0.3.4.jar:/Users/ghghost/.m2/repository/javax/enterprise/cdi-api/1.0/cdi-api-1.0.jar:/Users/ghghost/.m2/repository/javax/annotation/jsr250-api/1.0/jsr250-api-1.0.jar:/Users/ghghost/.m2/repository/javax/inject/javax.inject/1/javax.inject-1.jar:/Users/ghghost/.m2/repository/org/eclipse/sisu/org.eclipse.sisu.inject/0.3.4/org.eclipse.sisu.inject-0.3.4.jar:/Users/ghghost/.m2/repository/org/codehaus/plexus/plexus-component-annotations/1.5.5/plexus-component-annotations-1.5.5.jar:/Users/ghghost/.m2/repository/org/codehaus/plexus/plexus-utils/3.2.1/plexus-utils-3.2.1.jar:/Users/ghghost/.m2/repository/org/codehaus/plexus/plexus-classworlds/2.6.0/plexus-classworlds-2.6.0.jar:/Users/ghghost/.m2/repository/org/json/json/20220924/json-20220924.jar:/Users/ghghost/.m2/repository/org/junit/platform/junit-platform-commons/1.8.0-M1/junit-platform-commons-1.8.0-M1.jar:/Users/ghghost/.m2/repository/org/slf4j/slf4j-simple/1.7.30/slf4j-simple-1.7.30.jar:/Users/ghghost/.m2/repository/org/postgresql/postgresql/42.2.18/postgresql-42.2.18.jar:/Users/ghghost/.m2/repository/org/checkerframework/checker-qual/3.5.0/checker-qual-3.5.0.jar:/Users/ghghost/.m2/repository/com/github/javafaker/javafaker/0.15/javafaker-0.15.jar:/Users/ghghost/.m2/repository/org/yaml/snakeyaml/1.20/snakeyaml-1.20-android.jar:/Users/ghghost/.m2/repository/com/github/mifmif/generex/1.0.2/generex-1.0.2.jar:/Users/ghghost/.m2/repository/dk/brics/automaton/automaton/1.11-8/automaton-1.11-8.jar:/Users/ghghost/.m2/repository/commons-io/commons-io/2.6/commons-io-2.6.jar:/Users/ghghost/.m2/repository/org/testng/testng/7.5/testng-7.5.jar:/Users/ghghost/.m2/repository/com/google/code/findbugs/jsr305/3.0.1/jsr305-3.0.1.jar:/Users/ghghost/.m2/repository/com/beust/jcommander/1.78/jcommander-1.78.jar:/Users/ghghost/.m2/repository/org/webjars/jquery/3.5.1/jquery-3.5.1.jar:/Users/ghghost/.m2/repository/org/assertj/assertj-core/3.19.0/assertj-core-3.19.0.jar:/Users/ghghost/.m2/repository/xerces/xercesImpl/2.8.1/xercesImpl-2.8.1.jar:/Users/ghghost/.m2/repository/xml-apis/xml-apis/1.3.03/xml-apis-1.3.03.jar:/Users/ghghost/.m2/repository/org/hamcrest/hamcrest/2.2/hamcrest-2.2.jar:/Users/ghghost/.m2/repository/org/seleniumhq/selenium/selenium-devtools/4.0.0-rc-1/selenium-devtools-4.0.0-rc-1.jar:/Users/ghghost/.m2/repository/com/google/auto/service/auto-service-annotations/1.0/auto-service-annotations-1.0.jar:/Users/ghghost/.m2/repository/com/google/auto/service/auto-service/1.0/auto-service-1.0.jar:/Users/ghghost/.m2/repository/com/google/auto/auto-common/1.0/auto-common-1.0.jar:/Users/ghghost/.m2/repository/org/seleniumhq/selenium/selenium-json/4.0.0-rc-1/selenium-json-4.0.0-rc-1.jar:/Users/ghghost/.m2/repository/org/projectlombok/lombok/1.18.30/lombok-1.18.30.jar:/Users/ghghost/.m2/repository/org/awaitility/awaitility/4.2.0/awaitility-4.2.0.jar:/Users/ghghost/.m2/repository/com/codeborne/selenide/7.0.2/selenide-7.0.2.jar:/Users/ghghost/.m2/repository/com/codeborne/selenide-core/7.0.2/selenide-core-7.0.2.jar:/Users/ghghost/.m2/repository/org/seleniumhq/selenium/selenium-opera-driver/4.4.0/selenium-opera-driver-4.4.0.jar:/Users/ghghost/.m2/repository/ru/qatools/commons/properties/2.0.RC6/properties-2.0.RC6.jar:/Users/ghghost/.m2/repository/ru/yandex/qatools/allure/allure-junit-adaptor/1.5.2/allure-junit-adaptor-1.5.2.jar:/Users/ghghost/.m2/repository/ru/yandex/qatools/allure/allure-java-aspects/1.5.2/allure-java-aspects-1.5.2.jar:/Users/ghghost/.m2/repository/ru/yandex/qatools/allure/allure-java-adaptor-api/1.5.2/allure-java-adaptor-api-1.5.2.jar:/Users/ghghost/.m2/repository/ru/yandex/qatools/allure/allure-java-annotations/1.5.2/allure-java-annotations-1.5.2.jar:/Users/ghghost/.m2/repository/ru/yandex/qatools/allure/allure-model/1.5.2/allure-model-1.5.2.jar:/Users/ghghost/.m2/repository/org/jvnet/jaxb2_commons/jaxb2-basics-runtime/0.9.3/jaxb2-basics-runtime-0.9.3.jar:/Users/ghghost/.m2/repository/org/apache/tika/tika-core/1.7/tika-core-1.7.jar:/Users/ghghost/.m2/repository/org/aspectj/aspectjrt/1.8.3/aspectjrt-1.8.3.jar:"/>
    <property name="java.vm.vendor" value="Homebrew"/>
    <property name="sun.arch.data.model" value="64"/>
    <property name="java.vendor.url" value="https://github.com/Homebrew/homebrew-core/issues"/>
    <property name="user.timezone" value="Europe/Moscow"/>
    <property name="os.name" value="Mac OS X"/>
    <property name="java.vm.specification.version" value="21"/>
    <property name="sun.java.launcher" value="SUN_STANDARD"/>
    <property name="user.country" value="BR"/>
    <property name="sun.boot.library.path" value="/opt/homebrew/Cellar/openjdk/21/libexec/openjdk.jdk/Contents/Home/lib"/>
    <property name="sun.java.command" value="/Users/ghghost/IdeaProjects/citysoft_terminal_selenium/target/surefire/surefirebooter2785691986039153566.jar /Users/ghghost/IdeaProjects/citysoft_terminal_selenium/target/surefire 2023-12-25T19-48-28_549-jvmRun1 surefire12304013557259905328tmp surefire_018351745172992396475tmp"/>
    <property name="http.nonProxyHosts" value="local|*.local|169.254/16|*.169.254/16"/>
    <property name="jdk.debug" value="release"/>
    <property name="surefire.test.class.path" value="/Users/ghghost/IdeaProjects/citysoft_terminal_selenium/target/test-classes:/Users/ghghost/IdeaProjects/citysoft_terminal_selenium/target/classes:/Users/ghghost/.m2/repository/org/junit/jupiter/junit-jupiter/5.6.2/junit-jupiter-5.6.2.jar:/Users/ghghost/.m2/repository/org/junit/jupiter/junit-jupiter-api/5.6.2/junit-jupiter-api-5.6.2.jar:/Users/ghghost/.m2/repository/org/opentest4j/opentest4j/1.2.0/opentest4j-1.2.0.jar:/Users/ghghost/.m2/repository/org/junit/jupiter/junit-jupiter-params/5.6.2/junit-jupiter-params-5.6.2.jar:/Users/ghghost/.m2/repository/org/junit/jupiter/junit-jupiter-engine/5.6.2/junit-jupiter-engine-5.6.2.jar:/Users/ghghost/.m2/repository/joda-time/joda-time/2.12.5/joda-time-2.12.5.jar:/Users/ghghost/.m2/repository/org/seleniumhq/selenium/selenium-java/3.141.59/selenium-java-3.141.59.jar:/Users/ghghost/.m2/repository/org/seleniumhq/selenium/selenium-api/3.141.59/selenium-api-3.141.59.jar:/Users/ghghost/.m2/repository/org/seleniumhq/selenium/selenium-chrome-driver/3.141.59/selenium-chrome-driver-3.141.59.jar:/Users/ghghost/.m2/repository/org/seleniumhq/selenium/selenium-edge-driver/3.141.59/selenium-edge-driver-3.141.59.jar:/Users/ghghost/.m2/repository/org/seleniumhq/selenium/selenium-firefox-driver/3.141.59/selenium-firefox-driver-3.141.59.jar:/Users/ghghost/.m2/repository/org/seleniumhq/selenium/selenium-ie-driver/3.141.59/selenium-ie-driver-3.141.59.jar:/Users/ghghost/.m2/repository/org/seleniumhq/selenium/selenium-remote-driver/3.141.59/selenium-remote-driver-3.141.59.jar:/Users/ghghost/.m2/repository/org/seleniumhq/selenium/selenium-safari-driver/3.141.59/selenium-safari-driver-3.141.59.jar:/Users/ghghost/.m2/repository/org/seleniumhq/selenium/selenium-support/3.141.59/selenium-support-3.141.59.jar:/Users/ghghost/.m2/repository/net/bytebuddy/byte-buddy/1.8.15/byte-buddy-1.8.15.jar:/Users/ghghost/.m2/repository/org/apache/commons/commons-exec/1.3/commons-exec-1.3.jar:/Users/ghghost/.m2/repository/com/google/guava/guava/25.0-jre/guava-25.0-jre.jar:/Users/ghghost/.m2/repository/org/checkerframework/checker-compat-qual/2.0.0/checker-compat-qual-2.0.0.jar:/Users/ghghost/.m2/repository/com/google/errorprone/error_prone_annotations/2.1.3/error_prone_annotations-2.1.3.jar:/Users/ghghost/.m2/repository/com/google/j2objc/j2objc-annotations/1.1/j2objc-annotations-1.1.jar:/Users/ghghost/.m2/repository/org/codehaus/mojo/animal-sniffer-annotations/1.14/animal-sniffer-annotations-1.14.jar:/Users/ghghost/.m2/repository/com/squareup/okhttp3/okhttp/3.11.0/okhttp-3.11.0.jar:/Users/ghghost/.m2/repository/com/squareup/okio/okio/1.14.0/okio-1.14.0.jar:/Users/ghghost/.m2/repository/org/apache/logging/log4j/log4j-core/2.18.0/log4j-core-2.18.0.jar:/Users/ghghost/.m2/repository/org/apache/logging/log4j/log4j-api/2.18.0/log4j-api-2.18.0.jar:/Users/ghghost/.m2/repository/org/apache/logging/log4j/log4j-slf4j-impl/2.18.0/log4j-slf4j-impl-2.18.0.jar:/Users/ghghost/.m2/repository/org/slf4j/slf4j-api/1.7.25/slf4j-api-1.7.25.jar:/Users/ghghost/.m2/repository/io/github/bonigarcia/webdrivermanager/5.5.3/webdrivermanager-5.5.3.jar:/Users/ghghost/.m2/repository/com/google/code/gson/gson/2.10.1/gson-2.10.1.jar:/Users/ghghost/.m2/repository/com/github/docker-java/docker-java/3.3.3/docker-java-3.3.3.jar:/Users/ghghost/.m2/repository/com/github/docker-java/docker-java-core/3.3.3/docker-java-core-3.3.3.jar:/Users/ghghost/.m2/repository/com/github/docker-java/docker-java-api/3.3.3/docker-java-api-3.3.3.jar:/Users/ghghost/.m2/repository/com/fasterxml/jackson/core/jackson-annotations/2.10.3/jackson-annotations-2.10.3.jar:/Users/ghghost/.m2/repository/org/apache/commons/commons-compress/1.21/commons-compress-1.21.jar:/Users/ghghost/.m2/repository/com/fasterxml/jackson/core/jackson-databind/2.10.3/jackson-databind-2.10.3.jar:/Users/ghghost/.m2/repository/com/fasterxml/jackson/core/jackson-core/2.10.3/jackson-core-2.10.3.jar:/Users/ghghost/.m2/repository/org/bouncycastle/bcpkix-jdk18on/1.75/bcpkix-jdk18on-1.75.jar:/Users/ghghost/.m2/repository/org/bouncycastle/bcprov-jdk18on/1.75/bcprov-jdk18on-1.75.jar:/Users/ghghost/.m2/repository/org/bouncycastle/bcutil-jdk18on/1.75/bcutil-jdk18on-1.75.jar:/Users/ghghost/.m2/repository/org/slf4j/jcl-over-slf4j/1.7.30/jcl-over-slf4j-1.7.30.jar:/Users/ghghost/.m2/repository/com/github/docker-java/docker-java-transport-httpclient5/3.3.3/docker-java-transport-httpclient5-3.3.3.jar:/Users/ghghost/.m2/repository/com/github/docker-java/docker-java-transport/3.3.3/docker-java-transport-3.3.3.jar:/Users/ghghost/.m2/repository/net/java/dev/jna/jna/5.12.1/jna-5.12.1.jar:/Users/ghghost/.m2/repository/org/brotli/dec/0.1.2/dec-0.1.2.jar:/Users/ghghost/.m2/repository/org/apache/commons/commons-lang3/3.13.0/commons-lang3-3.13.0.jar:/Users/ghghost/.m2/repository/org/apache/httpcomponents/client5/httpclient5/5.2.1/httpclient5-5.2.1.jar:/Users/ghghost/.m2/repository/org/apache/httpcomponents/core5/httpcore5/5.2/httpcore5-5.2.jar:/Users/ghghost/.m2/repository/org/apache/httpcomponents/core5/httpcore5-h2/5.2/httpcore5-h2-5.2.jar:/Users/ghghost/.m2/repository/org/junit/vintage/junit-vintage-engine/5.7.2/junit-vintage-engine-5.7.2.jar:/Users/ghghost/.m2/repository/org/apiguardian/apiguardian-api/1.1.0/apiguardian-api-1.1.0.jar:/Users/ghghost/.m2/repository/org/junit/platform/junit-platform-engine/1.7.2/junit-platform-engine-1.7.2.jar:/Users/ghghost/.m2/repository/junit/junit/4.13/junit-4.13.jar:/Users/ghghost/.m2/repository/org/hamcrest/hamcrest-core/1.3/hamcrest-core-1.3.jar:/Users/ghghost/.m2/repository/io/qameta/allure/allure-junit5/2.17.0/allure-junit5-2.17.0.jar:/Users/ghghost/.m2/repository/io/qameta/allure/allure-junit-platform/2.17.0/allure-junit-platform-2.17.0.jar:/Users/ghghost/.m2/repository/io/qameta/allure/allure-test-filter/2.17.0/allure-test-filter-2.17.0.jar:/Users/ghghost/.m2/repository/org/junit/platform/junit-platform-launcher/1.8.2/junit-platform-launcher-1.8.2.jar:/Users/ghghost/.m2/repository/io/qameta/allure/allure-java-commons/2.17.0/allure-java-commons-2.17.0.jar:/Users/ghghost/.m2/repository/io/qameta/allure/allure-model/2.17.0/allure-model-2.17.0.jar:/Users/ghghost/.m2/repository/io/qameta/allure/allure-rest-assured/2.17.0/allure-rest-assured-2.17.0.jar:/Users/ghghost/.m2/repository/io/qameta/allure/allure-attachments/2.17.0/allure-attachments-2.17.0.jar:/Users/ghghost/.m2/repository/org/freemarker/freemarker/2.3.31/freemarker-2.3.31.jar:/Users/ghghost/.m2/repository/io/rest-assured/rest-assured/5.1.0/rest-assured-5.1.0.jar:/Users/ghghost/.m2/repository/org/apache/groovy/groovy/4.0.1/groovy-4.0.1.jar:/Users/ghghost/.m2/repository/org/apache/groovy/groovy-xml/4.0.1/groovy-xml-4.0.1.jar:/Users/ghghost/.m2/repository/org/apache/httpcomponents/httpclient/4.5.13/httpclient-4.5.13.jar:/Users/ghghost/.m2/repository/org/apache/httpcomponents/httpcore/4.4.13/httpcore-4.4.13.jar:/Users/ghghost/.m2/repository/commons-logging/commons-logging/1.2/commons-logging-1.2.jar:/Users/ghghost/.m2/repository/commons-codec/commons-codec/1.11/commons-codec-1.11.jar:/Users/ghghost/.m2/repository/org/apache/httpcomponents/httpmime/4.5.13/httpmime-4.5.13.jar:/Users/ghghost/.m2/repository/org/ccil/cowan/tagsoup/tagsoup/1.2.1/tagsoup-1.2.1.jar:/Users/ghghost/.m2/repository/io/rest-assured/json-path/5.1.0/json-path-5.1.0.jar:/Users/ghghost/.m2/repository/org/apache/groovy/groovy-json/4.0.1/groovy-json-4.0.1.jar:/Users/ghghost/.m2/repository/io/rest-assured/rest-assured-common/5.1.0/rest-assured-common-5.1.0.jar:/Users/ghghost/.m2/repository/io/rest-assured/xml-path/5.1.0/xml-path-5.1.0.jar:/Users/ghghost/.m2/repository/org/apache/maven/maven-plugin-api/3.6.3/maven-plugin-api-3.6.3.jar:/Users/ghghost/.m2/repository/org/apache/maven/maven-model/3.6.3/maven-model-3.6.3.jar:/Users/ghghost/.m2/repository/org/apache/maven/maven-artifact/3.6.3/maven-artifact-3.6.3.jar:/Users/ghghost/.m2/repository/org/eclipse/sisu/org.eclipse.sisu.plexus/0.3.4/org.eclipse.sisu.plexus-0.3.4.jar:/Users/ghghost/.m2/repository/javax/enterprise/cdi-api/1.0/cdi-api-1.0.jar:/Users/ghghost/.m2/repository/javax/annotation/jsr250-api/1.0/jsr250-api-1.0.jar:/Users/ghghost/.m2/repository/javax/inject/javax.inject/1/javax.inject-1.jar:/Users/ghghost/.m2/repository/org/eclipse/sisu/org.eclipse.sisu.inject/0.3.4/org.eclipse.sisu.inject-0.3.4.jar:/Users/ghghost/.m2/repository/org/codehaus/plexus/plexus-component-annotations/1.5.5/plexus-component-annotations-1.5.5.jar:/Users/ghghost/.m2/repository/org/codehaus/plexus/plexus-utils/3.2.1/plexus-utils-3.2.1.jar:/Users/ghghost/.m2/repository/org/codehaus/plexus/plexus-classworlds/2.6.0/plexus-classworlds-2.6.0.jar:/Users/ghghost/.m2/repository/org/json/json/20220924/json-20220924.jar:/Users/ghghost/.m2/repository/org/junit/platform/junit-platform-commons/1.8.0-M1/junit-platform-commons-1.8.0-M1.jar:/Users/ghghost/.m2/repository/org/slf4j/slf4j-simple/1.7.30/slf4j-simple-1.7.30.jar:/Users/ghghost/.m2/repository/org/postgresql/postgresql/42.2.18/postgresql-42.2.18.jar:/Users/ghghost/.m2/repository/org/checkerframework/checker-qual/3.5.0/checker-qual-3.5.0.jar:/Users/ghghost/.m2/repository/com/github/javafaker/javafaker/0.15/javafaker-0.15.jar:/Users/ghghost/.m2/repository/org/yaml/snakeyaml/1.20/snakeyaml-1.20-android.jar:/Users/ghghost/.m2/repository/com/github/mifmif/generex/1.0.2/generex-1.0.2.jar:/Users/ghghost/.m2/repository/dk/brics/automaton/automaton/1.11-8/automaton-1.11-8.jar:/Users/ghghost/.m2/repository/commons-io/commons-io/2.6/commons-io-2.6.jar:/Users/ghghost/.m2/repository/org/testng/testng/7.5/testng-7.5.jar:/Users/ghghost/.m2/repository/com/google/code/findbugs/jsr305/3.0.1/jsr305-3.0.1.jar:/Users/ghghost/.m2/repository/com/beust/jcommander/1.78/jcommander-1.78.jar:/Users/ghghost/.m2/repository/org/webjars/jquery/3.5.1/jquery-3.5.1.jar:/Users/ghghost/.m2/repository/org/assertj/assertj-core/3.19.0/assertj-core-3.19.0.jar:/Users/ghghost/.m2/repository/xerces/xercesImpl/2.8.1/xercesImpl-2.8.1.jar:/Users/ghghost/.m2/repository/xml-apis/xml-apis/1.3.03/xml-apis-1.3.03.jar:/Users/ghghost/.m2/repository/org/hamcrest/hamcrest/2.2/hamcrest-2.2.jar:/Users/ghghost/.m2/repository/org/seleniumhq/selenium/selenium-devtools/4.0.0-rc-1/selenium-devtools-4.0.0-rc-1.jar:/Users/ghghost/.m2/repository/com/google/auto/service/auto-service-annotations/1.0/auto-service-annotations-1.0.jar:/Users/ghghost/.m2/repository/com/google/auto/service/auto-service/1.0/auto-service-1.0.jar:/Users/ghghost/.m2/repository/com/google/auto/auto-common/1.0/auto-common-1.0.jar:/Users/ghghost/.m2/repository/org/seleniumhq/selenium/selenium-json/4.0.0-rc-1/selenium-json-4.0.0-rc-1.jar:/Users/ghghost/.m2/repository/org/projectlombok/lombok/1.18.30/lombok-1.18.30.jar:/Users/ghghost/.m2/repository/org/awaitility/awaitility/4.2.0/awaitility-4.2.0.jar:/Users/ghghost/.m2/repository/com/codeborne/selenide/7.0.2/selenide-7.0.2.jar:/Users/ghghost/.m2/repository/com/codeborne/selenide-core/7.0.2/selenide-core-7.0.2.jar:/Users/ghghost/.m2/repository/org/seleniumhq/selenium/selenium-opera-driver/4.4.0/selenium-opera-driver-4.4.0.jar:/Users/ghghost/.m2/repository/ru/qatools/commons/properties/2.0.RC6/properties-2.0.RC6.jar:/Users/ghghost/.m2/repository/ru/yandex/qatools/allure/allure-junit-adaptor/1.5.2/allure-junit-adaptor-1.5.2.jar:/Users/ghghost/.m2/repository/ru/yandex/qatools/allure/allure-java-aspects/1.5.2/allure-java-aspects-1.5.2.jar:/Users/ghghost/.m2/repository/ru/yandex/qatools/allure/allure-java-adaptor-api/1.5.2/allure-java-adaptor-api-1.5.2.jar:/Users/ghghost/.m2/repository/ru/yandex/qatools/allure/allure-java-annotations/1.5.2/allure-java-annotations-1.5.2.jar:/Users/ghghost/.m2/repository/ru/yandex/qatools/allure/allure-model/1.5.2/allure-model-1.5.2.jar:/Users/ghghost/.m2/repository/org/jvnet/jaxb2_commons/jaxb2-basics-runtime/0.9.3/jaxb2-basics-runtime-0.9.3.jar:/Users/ghghost/.m2/repository/org/apache/tika/tika-core/1.7/tika-core-1.7.jar:/Users/ghghost/.m2/repository/org/aspectj/aspectjrt/1.8.3/aspectjrt-1.8.3.jar:"/>
    <property name="sun.cpu.endian" value="little"/>
    <property name="user.home" value="/Users/ghghost"/>
    <property name="user.language" value="ru"/>
    <property name="java.specification.vendor" value="Oracle Corporation"/>
    <property name="java.version.date" value="2023-09-19"/>
    <property name="java.home" value="/opt/homebrew/Cellar/openjdk/21/libexec/openjdk.jdk/Contents/Home"/>
    <property name="file.separator" value="/"/>
    <property name="basedir" value="/Users/ghghost/IdeaProjects/citysoft_terminal_selenium"/>
    <property name="java.vm.compressedOopsMode" value="Zero based"/>
    <property name="line.separator" value="&#10;"/>
    <property name="java.vm.specification.vendor" value="Oracle Corporation"/>
    <property name="java.specification.name" value="Java Platform API Specification"/>
    <property name="apple.awt.application.name" value="ForkedBooter"/>
    <property name="surefire.real.class.path" value="/Users/ghghost/IdeaProjects/citysoft_terminal_selenium/target/surefire/surefirebooter2785691986039153566.jar"/>
    <property name="sun.management.compiler" value="HotSpot 64-Bit Tiered Compilers"/>
    <property name="ftp.nonProxyHosts" value="local|*.local|169.254/16|*.169.254/16"/>
    <property name="java.runtime.version" value="21"/>
    <property name="user.name" value="ghghost"/>
    <property name="stdout.encoding" value="UTF-8"/>
    <property name="path.separator" value=":"/>
    <property name="os.version" value="12.5.1"/>
    <property name="java.runtime.name" value="OpenJDK Runtime Environment"/>
    <property name="file.encoding" value="UTF-8"/>
    <property name="browser" value="Chrome,Firefox"/>
    <property name="java.vm.name" value="OpenJDK 64-Bit Server VM"/>
    <property name="java.vendor.version" value="Homebrew"/>
    <property name="localRepository" value="/Users/ghghost/.m2/repository"/>
    <property name="java.vendor.url.bug" value="https://github.com/Homebrew/homebrew-core/issues"/>
    <property name="java.io.tmpdir" value="/var/folders/8y/k_db0glj2fbbsqh4yh2s4h_c0000gn/T/"/>
    <property name="java.version" value="21"/>
    <property name="user.dir" value="/Users/ghghost/IdeaProjects/citysoft_terminal_selenium"/>
    <property name="os.arch" value="aarch64"/>
    <property name="java.vm.specification.name" value="Java Virtual Machine Specification"/>
    <property name="native.encoding" value="UTF-8"/>
    <property name="java.library.path" value="/Users/ghghost/Library/Java/Extensions:/Library/Java/Extensions:/Network/Library/Java/Extensions:/System/Library/Java/Extensions:/usr/lib/java:."/>
    <property name="java.vm.info" value="mixed mode, sharing"/>
    <property name="stderr.encoding" value="UTF-8"/>
    <property name="java.vendor" value="Homebrew"/>
    <property name="java.vm.version" value="21"/>
    <property name="sun.io.unicode.encoding" value="UnicodeBig"/>
    <property name="socksNonProxyHosts" value="local|*.local|169.254/16|*.169.254/16"/>
    <property name="java.class.version" value="65.0"/>
  </properties>
  <testcase name="setVideoAsInvalidTest" classname="Frontend.ProcessingQueueCheckFieldsTest" time="25.111">
    <failure type="org.opentest4j.AssertionFailedError"><![CDATA[org.opentest4j.AssertionFailedError: Statuses is equals ==> expected: <Испорчено> but was: <Новые>
	at Frontend.ProcessingQueueCheckFieldsTest.setVideoAsInvalidTest(ProcessingQueueCheckFieldsTest.java:70)
]]></failure>
    <system-out><![CDATA[2023-12-25 20:00:28 INFO  WebDriverManager - Using chromedriver 120.0.6099.109 (resolved driver for Chrome 120)
2023-12-25 20:00:28 INFO  WebDriverManager - Exporting webdriver.chrome.driver as /Users/ghghost/.cache/selenium/chromedriver/mac-arm64/120.0.6099.109/chromedriver
]]></system-out>
    <system-err><![CDATA[Starting ChromeDriver 120.0.6099.109 (3419140ab665596f21b385ce136419fde0924272-refs/branch-heads/6099@{#1483}) on port 31308
Only local connections are allowed.
Please see https://chromedriver.chromium.org/security-considerations for suggestions on keeping ChromeDriver safe.
ChromeDriver was started successfully.
дек. 25, 2023 8:00:29 PM org.openqa.selenium.remote.ProtocolHandshake createSession
INFO: Detected dialect: W3C
]]></system-err>
  </testcase>
</testsuite>